['adamschmidt19', 202554353, 'impression', '7', 240734001L, datetime.datetime(2013, 5, 21, 6, 30, 37), 0.00550519972276478, False, 'time']
['adamschmidt19', 202554353, 'impression', '3', 240742653L, datetime.datetime(2013, 5, 21, 6, 30, 37), 0.136389286209809, False, 'time']
['adamschmidt19', 202554353, 'impression', '8', 240733485L, datetime.datetime(2013, 5, 21, 6, 30, 37), 0.0172578076483045, False, 'time']
['adamschmidt19', 202554353, 'impression', '4', 240742478L, datetime.datetime(2013, 5, 21, 6, 30, 37), 0.0593836917610242, False, 'time']
['adamschmidt19', 202554353, 'impression', '5', 240737613L, datetime.datetime(2013, 5, 21, 6, 30, 37), 0.0177157548477191, False, 'time']
['adamschmidt19', 202554353, 'impression', '1', 240875531L, datetime.datetime(2013, 5, 21, 6, 30, 37), 0.0707753875674871, False, 'time']
['adamschmidt19', 202554353, 'impression', '2', 240760363L, datetime.datetime(2013, 5, 21, 6, 30, 37), 0.0104416603465397, False, 'time']
['adamschmidt19', 202554353, 'impression', '6', 240734957L, datetime.datetime(2013, 5, 21, 6, 30, 37), 0.0104116504368744, False, 'time']
['adamschmidt19', 202554353, 'expand_tile', '1', 240875531L, datetime.datetime(2013, 5, 21, 6, 30, 49), 0.0707753875674871, False, 'time']
['adamschmidt19', 202554353, 'collapse_tile', '1', 240875531L, datetime.datetime(2013, 5, 21, 6, 31, 46), 0.0707753875674871, False, 'time']
['adamschmidt19', 202554353, 'expand_tile', '2', 240760363L, datetime.datetime(2013, 5, 21, 6, 31, 51), 0.0104416603465397, False, 'time']
['adamschmidt19', 202554353, 'impression', '2', 240760363L, datetime.datetime(2013, 5, 21, 6, 32, 39), 0.0104416603465397, False, 'time']
['adamschmidt19', 202554353, 'expand_tile', '2', 240760363L, datetime.datetime(2013, 5, 21, 6, 32, 50), 0.0104416603465397, False, 'time']
['adamschmidt19', 202554353, 'impression', '4', 240742478L, datetime.datetime(2013, 5, 21, 6, 32, 50), 0.0593836917610242, False, 'time']
['adamschmidt19', 202554353, 'expand_tile', '3', 240742653L, datetime.datetime(2013, 5, 21, 6, 33, 1), 0.136389286209809, False, 'time']
['adamschmidt19', 202554353, 'collapse_tile', '3', 240742653L, datetime.datetime(2013, 5, 21, 6, 33, 12), 0.136389286209809, False, 'time']
['adamschmidt19', 202554353, 'expand_tile', '4', 240742478L, datetime.datetime(2013, 5, 21, 6, 33, 20), 0.0593836917610242, False, 'time']
['adamschmidt19', 202554353, 'expand_tile', '5', 240737613L, datetime.datetime(2013, 5, 21, 6, 33, 33), 0.0177157548477191, False, 'time']
['adamschmidt19', 202554353, 'expand_tile', '5', 240737613L, datetime.datetime(2013, 5, 21, 6, 34, 10), 0.0177157548477191, False, 'time']
['adamschmidt19', 202554353, 'shortlist', '5', 240737613L, datetime.datetime(2013, 5, 21, 6, 34, 10), 0.0177157548477191, False, 'time']
['adamschmidt19', 202554353, 'impression', '6', 240734957L, datetime.datetime(2013, 5, 21, 6, 34, 15), 0.0104116504368744, False, 'time']
['adamschmidt19', 202554353, 'expand_tile', '6', 240734957L, datetime.datetime(2013, 5, 21, 6, 34, 17), 0.0104116504368744, False, 'time']
['adamschmidt19', 202554353, 'impression', '6', 240734957L, datetime.datetime(2013, 5, 21, 6, 34, 23), 0.0104116504368744, False, 'time']
['adamschmidt19', 202554353, 'impression', '6', 240734957L, datetime.datetime(2013, 5, 21, 6, 34, 24), 0.0104116504368744, False, 'time']
['adamschmidt19', 202554353, 'expand_tile', '6', 240734957L, datetime.datetime(2013, 5, 21, 6, 34, 24), 0.0104116504368744, False, 'time']
['adamschmidt19', 202554353, 'impression', '7', 240734001L, datetime.datetime(2013, 5, 21, 6, 34, 30), 0.00550519972276478, False, 'time']
['adamschmidt19', 202554353, 'expand_tile', '7', 240734001L, datetime.datetime(2013, 5, 21, 6, 34, 33), 0.00550519972276478, False, 'time']
['adamschmidt19', 202554353, 'impression', '7', 240734001L, datetime.datetime(2013, 5, 21, 6, 34, 37), 0.00550519972276478, False, 'time']
['adamschmidt19', 202554353, 'impression', '7', 240734001L, datetime.datetime(2013, 5, 21, 6, 34, 39), 0.00550519972276478, False, 'time']
['adamschmidt19', 202554353, 'expand_tile', '7', 240734001L, datetime.datetime(2013, 5, 21, 6, 34, 40), 0.00550519972276478, False, 'time']
['adamschmidt19', 202554353, 'expand_tile', '8', 240733485L, datetime.datetime(2013, 5, 21, 6, 34, 42), 0.0172578076483045, False, 'time']
['adamschmidt19', 202554353, 'collapse_tile', '8', 240733485L, datetime.datetime(2013, 5, 21, 6, 34, 57), 0.0172578076483045, False, 'time']
['adamschmidt19', 202554353, 'expand_tile', '8', 240733485L, datetime.datetime(2013, 5, 21, 6, 34, 58), 0.0172578076483045, False, 'time']
['adamschmidt19', 202554353, 'collapse_tile', '8', 240733485L, datetime.datetime(2013, 5, 21, 6, 35, 7), 0.0172578076483045, False, 'time']
['adamschmidt19', 202554353, 'expand_tile', '8', 240733485L, datetime.datetime(2013, 5, 21, 6, 35, 8), 0.0172578076483045, False, 'time']
['adamschmidt19', 202554353, 'impression', '8', 240733485L, datetime.datetime(2013, 5, 21, 6, 35, 16), 0.0172578076483045, False, 'time']
['adamschmidt19', 202554353, 'impression', '8', 240733485L, datetime.datetime(2013, 5, 21, 6, 35, 17), 0.0172578076483045, False, 'time']
['adamschmidt19', 202554353, 'expand_tile', '8', 240733485L, datetime.datetime(2013, 5, 21, 6, 35, 18), 0.0172578076483045, False, 'time']
['adamschmidt19', 202554353, 'impression', '1', 240875531L, datetime.datetime(2013, 5, 21, 6, 35, 26), 0.0707753875674871, False, 'time']

['adamschmidt19', 202554353, 'impression', '3', 240742478L, datetime.datetime(2013, 5, 22, 2, 28, 37), 0.0593836917610242, False, 'time']
['adamschmidt19', 202554353, 'impression', '4', 240737613L, datetime.datetime(2013, 5, 22, 2, 28, 37), 0.0177157548477191, False, 'time']
['adamschmidt19', 202554353, 'impression', '1', 240875531L, datetime.datetime(2013, 5, 22, 2, 28, 37), 0.0707753875674871, False, 'time']
['adamschmidt19', 202554353, 'impression', '2', 240742653L, datetime.datetime(2013, 5, 22, 2, 28, 37), 0.136389286209809, False, 'time']
['adamschmidt19', 202554353, 'expand_tile', '1', 240875531L, datetime.datetime(2013, 5, 22, 2, 28, 46), 0.0707753875674871, False, 'time']
['adamschmidt19', 202554353, 'expand_tile', '2', 240742653L, datetime.datetime(2013, 5, 22, 2, 29, 6), 0.136389286209809, False, 'time']
['adamschmidt19', 202554353, 'expand_tile', '4', 240737613L, datetime.datetime(2013, 5, 22, 2, 29, 37), 0.0177157548477191, False, 'time']
['adamschmidt19', 202554353, 'expand_tile', '3', 240742478L, datetime.datetime(2013, 5, 22, 2, 31), 0.0593836917610242, False, 'time']

['adamschmidt19', 202554353, 'collapse_tile', '1', 240875531L, datetime.datetime(2013, 5, 22, 3, 37, 34), 0.0707753875674871, False, 'time']
['adamschmidt19', 202554353, 'expand_tile', '1', 240875531L, datetime.datetime(2013, 5, 22, 3, 37, 37), 0.0707753875674871, False, 'time']
['adamschmidt19', 202554353, 'collapse_tile', '1', 240875531L, datetime.datetime(2013, 5, 22, 3, 37, 46), 0.0707753875674871, False, 'time']
['adamschmidt19', 202554353, 'collapse_tile', '3', 240742478L, datetime.datetime(2013, 5, 22, 3, 37, 49), 0.0593836917610242, False, 'time']
['adamschmidt19', 202554353, 'collapse_tile', '4', 240737613L, datetime.datetime(2013, 5, 22, 3, 37, 52), 0.0177157548477191, False, 'time']
['adamschmidt19', 202554353, 'expand_tile', '4', 240737613L, datetime.datetime(2013, 5, 22, 3, 37, 53), 0.0177157548477191, False, 'time']
['adamschmidt19', 202554353, 'impression', '4', 240737613L, datetime.datetime(2013, 5, 22, 3, 38, 37), 0.0177157548477191, False, 'time']
['adamschmidt19', 202554353, 'send_message', '4', 240737613L, datetime.datetime(2013, 5, 22, 3, 38, 49), 0.0177157548477191, False, 'time']

