['aerialent', 202555023, 'impression', '5', 240764321L, datetime.datetime(2013, 5, 20, 7, 6, 29), 0.00904887131596049, False, 'time']
['aerialent', 202555023, 'impression', '18', 240749782L, datetime.datetime(2013, 5, 20, 7, 6, 29), 0.0147888849146084, False, 'time']
['aerialent', 202555023, 'impression', '2', 240770560L, datetime.datetime(2013, 5, 20, 7, 6, 29), 0.0155691279229491, False, 'time']
['aerialent', 202555023, 'impression', '11', 240753762L, datetime.datetime(2013, 5, 20, 7, 6, 29), 0.0121763728204223, False, 'time']
['aerialent', 202555023, 'impression', '13', 240752626L, datetime.datetime(2013, 5, 20, 7, 6, 29), 0.0137045427974586, False, 'time']
['aerialent', 202555023, 'impression', '14', 240752394L, datetime.datetime(2013, 5, 20, 7, 6, 29), 0.0275313714380657, False, 'time']
['aerialent', 202555023, 'impression', '8', 240761539L, datetime.datetime(2013, 5, 20, 7, 6, 29), 0.0228390214839054, False, 'time']
['aerialent', 202555023, 'impression', '7', 240762198L, datetime.datetime(2013, 5, 20, 7, 6, 29), 0.0130398814954308, False, 'time']
['aerialent', 202555023, 'impression', '17', 240750127L, datetime.datetime(2013, 5, 20, 7, 6, 29), 0.0262289922618216, False, 'time']
['aerialent', 202555023, 'impression', '15', 240752257L, datetime.datetime(2013, 5, 20, 7, 6, 29), 0.0379896662960747, False, 'time']
['aerialent', 202555023, 'impression', '1', 240777480L, datetime.datetime(2013, 5, 20, 7, 6, 29), 0.0091533353433565, False, 'time']
['aerialent', 202555023, 'impression', '4', 240767099L, datetime.datetime(2013, 5, 20, 7, 6, 29), 0.0194523247654754, False, 'time']
['aerialent', 202555023, 'impression', '16', 240751604L, datetime.datetime(2013, 5, 20, 7, 6, 29), 0.125609620473011, False, 'time']
['aerialent', 202555023, 'impression', '19', 240749476L, datetime.datetime(2013, 5, 20, 7, 6, 29), 0.0726396944263241, False, 'time']
['aerialent', 202555023, 'impression', '3', 240767639L, datetime.datetime(2013, 5, 20, 7, 6, 29), 0.223791630307351, False, 'time']
['aerialent', 202555023, 'impression', '20', 240749420L, datetime.datetime(2013, 5, 20, 7, 6, 29), 0.0278609040617936, False, 'time']
['aerialent', 202555023, 'impression', '6', 240763684L, datetime.datetime(2013, 5, 20, 7, 6, 29), 0.0103101222618391, False, 'time']
['aerialent', 202555023, 'impression', '9', 240754979L, datetime.datetime(2013, 5, 20, 7, 6, 29), 0.0169658898098533, False, 'time']
['aerialent', 202555023, 'impression', '10', 240754553L, datetime.datetime(2013, 5, 20, 7, 6, 29), 0.070400163927136, False, 'time']
['aerialent', 202555023, 'impression', '12', 240753473L, datetime.datetime(2013, 5, 20, 7, 6, 29), 0.0124205097181478, False, 'time']

['aerialent', 202555023, 'impression', '13', 240754979L, datetime.datetime(2013, 5, 25, 17, 44, 44), 0.0169658898098533, False, 'time']
['aerialent', 202555023, 'impression', '14', 240754553L, datetime.datetime(2013, 5, 25, 17, 44, 44), 0.070400163927136, False, 'time']
['aerialent', 202555023, 'impression', '15', 240753473L, datetime.datetime(2013, 5, 25, 17, 44, 44), 0.0124205097181478, False, 'time']
['aerialent', 202555023, 'impression', '8', 240767099L, datetime.datetime(2013, 5, 25, 17, 44, 44), 0.0194523247654754, False, 'time']
['aerialent', 202555023, 'impression', '6', 240777480L, datetime.datetime(2013, 5, 25, 17, 44, 44), 0.0091533353433565, False, 'time']
['aerialent', 202555023, 'impression', '18', 240752257L, datetime.datetime(2013, 5, 25, 17, 44, 44), 0.0379896662960747, False, 'time']
['aerialent', 202555023, 'impression', '17', 240752394L, datetime.datetime(2013, 5, 25, 17, 44, 44), 0.0275313714380657, False, 'time']
['aerialent', 202555023, 'impression', '5', 240867485L, datetime.datetime(2013, 5, 25, 17, 44, 44), 0.186990905645806, False, 'time']
['aerialent', 202555023, 'impression', '16', 240752626L, datetime.datetime(2013, 5, 25, 17, 44, 44), 0.0137045427974586, False, 'time']
['aerialent', 202555023, 'impression', '1', 241252061L, datetime.datetime(2013, 5, 25, 17, 44, 44), 0.0135990063438476, False, 'time']
['aerialent', 202555023, 'impression', '3', 240938922L, datetime.datetime(2013, 5, 25, 17, 44, 44), 0.0346863461660194, False, 'time']
['aerialent', 202555023, 'impression', '9', 240764321L, datetime.datetime(2013, 5, 25, 17, 44, 44), 0.00904887131596049, False, 'time']
['aerialent', 202555023, 'impression', '19', 240749782L, datetime.datetime(2013, 5, 25, 17, 44, 44), 0.0147888849146084, False, 'time']
['aerialent', 202555023, 'impression', '4', 240873780L, datetime.datetime(2013, 5, 25, 17, 44, 44), 0.0269859893466651, False, 'time']
['aerialent', 202555023, 'impression', '12', 240761539L, datetime.datetime(2013, 5, 25, 17, 44, 44), 0.0228390214839054, False, 'time']
['aerialent', 202555023, 'impression', '11', 240762198L, datetime.datetime(2013, 5, 25, 17, 44, 44), 0.0130398814954308, False, 'time']
['aerialent', 202555023, 'impression', '2', 241179550L, datetime.datetime(2013, 5, 25, 17, 44, 44), 0.0333430559012904, False, 'time']
['aerialent', 202555023, 'impression', '7', 240767639L, datetime.datetime(2013, 5, 25, 17, 44, 44), 0.223791630307351, False, 'time']
['aerialent', 202555023, 'impression', '10', 240763684L, datetime.datetime(2013, 5, 25, 17, 44, 44), 0.0103101222618391, False, 'time']
['aerialent', 202555023, 'impression', '20', 240749476L, datetime.datetime(2013, 5, 25, 17, 44, 44), 0.0726396944263241, False, 'time']
['aerialent', 202555023, 'expand_tile', '1', 241252061L, datetime.datetime(2013, 5, 25, 17, 45, 1), 0.0135990063438476, False, 'time']
['aerialent', 202555023, 'view_full_application', '1', 241252061L, datetime.datetime(2013, 5, 25, 17, 45, 5), 0.0135990063438476, False, 'time']
['aerialent', 202555023, 'impression', '13', 240754979L, datetime.datetime(2013, 5, 25, 17, 45, 45), 0.0169658898098533, False, 'time']
['aerialent', 202555023, 'impression', '14', 240754553L, datetime.datetime(2013, 5, 25, 17, 45, 45), 0.070400163927136, False, 'time']
['aerialent', 202555023, 'impression', '6', 240777480L, datetime.datetime(2013, 5, 25, 17, 45, 45), 0.0091533353433565, False, 'time']
['aerialent', 202555023, 'impression', '18', 240752257L, datetime.datetime(2013, 5, 25, 17, 45, 45), 0.0379896662960747, False, 'time']
['aerialent', 202555023, 'impression', '8', 240767099L, datetime.datetime(2013, 5, 25, 17, 45, 45), 0.0194523247654754, False, 'time']
['aerialent', 202555023, 'impression', '3', 240938922L, datetime.datetime(2013, 5, 25, 17, 45, 45), 0.0346863461660194, False, 'time']
['aerialent', 202555023, 'impression', '19', 240749782L, datetime.datetime(2013, 5, 25, 17, 45, 45), 0.0147888849146084, False, 'time']
['aerialent', 202555023, 'impression', '9', 240764321L, datetime.datetime(2013, 5, 25, 17, 45, 45), 0.00904887131596049, False, 'time']
['aerialent', 202555023, 'impression', '20', 240749476L, datetime.datetime(2013, 5, 25, 17, 45, 45), 0.0726396944263241, False, 'time']
['aerialent', 202555023, 'impression', '10', 240763684L, datetime.datetime(2013, 5, 25, 17, 45, 45), 0.0103101222618391, False, 'time']
['aerialent', 202555023, 'impression', '7', 240767639L, datetime.datetime(2013, 5, 25, 17, 45, 45), 0.223791630307351, False, 'time']
['aerialent', 202555023, 'impression', '2', 241179550L, datetime.datetime(2013, 5, 25, 17, 45, 45), 0.0333430559012904, False, 'time']
['aerialent', 202555023, 'impression', '11', 240762198L, datetime.datetime(2013, 5, 25, 17, 45, 45), 0.0130398814954308, False, 'time']
['aerialent', 202555023, 'impression', '4', 240873780L, datetime.datetime(2013, 5, 25, 17, 45, 45), 0.0269859893466651, False, 'time']
['aerialent', 202555023, 'impression', '12', 240761539L, datetime.datetime(2013, 5, 25, 17, 45, 45), 0.0228390214839054, False, 'time']
['aerialent', 202555023, 'impression', '15', 240753473L, datetime.datetime(2013, 5, 25, 17, 45, 45), 0.0124205097181478, False, 'time']
['aerialent', 202555023, 'impression', '16', 240752626L, datetime.datetime(2013, 5, 25, 17, 45, 45), 0.0137045427974586, False, 'time']
['aerialent', 202555023, 'impression', '5', 240867485L, datetime.datetime(2013, 5, 25, 17, 45, 45), 0.186990905645806, False, 'time']
['aerialent', 202555023, 'impression', '17', 240752394L, datetime.datetime(2013, 5, 25, 17, 45, 45), 0.0275313714380657, False, 'time']
['aerialent', 202555023, 'impression', '1', 241252061L, datetime.datetime(2013, 5, 25, 17, 45, 45), 0.0135990063438476, False, 'time']
['aerialent', 202555023, 'impression', '1', 241252061L, datetime.datetime(2013, 5, 25, 17, 45, 48), 0.0135990063438476, False, 'time']
['aerialent', 202555023, 'impression', '2', 241179550L, datetime.datetime(2013, 5, 25, 17, 45, 53), 0.0333430559012904, False, 'time']
['aerialent', 202555023, 'expand_tile', '2', 241179550L, datetime.datetime(2013, 5, 25, 17, 45, 57), 0.0333430559012904, False, 'time']
['aerialent', 202555023, 'view_full_application', '2', 241179550L, datetime.datetime(2013, 5, 25, 17, 46), 0.0333430559012904, False, 'time']
['aerialent', 202555023, 'impression', '3', 240873780L, datetime.datetime(2013, 5, 25, 17, 48, 19), 0.0269859893466651, False, 'time']
['aerialent', 202555023, 'impression', '10', 240762198L, datetime.datetime(2013, 5, 25, 17, 48, 19), 0.0130398814954308, False, 'time']
['aerialent', 202555023, 'impression', '11', 240761539L, datetime.datetime(2013, 5, 25, 17, 48, 19), 0.0228390214839054, False, 'time']
['aerialent', 202555023, 'impression', '18', 240749782L, datetime.datetime(2013, 5, 25, 17, 48, 19), 0.0147888849146084, False, 'time']
['aerialent', 202555023, 'impression', '8', 240764321L, datetime.datetime(2013, 5, 25, 17, 48, 19), 0.00904887131596049, False, 'time']
['aerialent', 202555023, 'impression', '2', 240938922L, datetime.datetime(2013, 5, 25, 17, 48, 19), 0.0346863461660194, False, 'time']
['aerialent', 202555023, 'impression', '14', 240753473L, datetime.datetime(2013, 5, 25, 17, 48, 19), 0.0124205097181478, False, 'time']
['aerialent', 202555023, 'impression', '13', 240754553L, datetime.datetime(2013, 5, 25, 17, 48, 19), 0.070400163927136, False, 'time']
['aerialent', 202555023, 'impression', '12', 240754979L, datetime.datetime(2013, 5, 25, 17, 48, 19), 0.0169658898098533, False, 'time']
['aerialent', 202555023, 'impression', '7', 240767099L, datetime.datetime(2013, 5, 25, 17, 48, 19), 0.0194523247654754, False, 'time']
['aerialent', 202555023, 'impression', '5', 240777480L, datetime.datetime(2013, 5, 25, 17, 48, 19), 0.0091533353433565, False, 'time']
['aerialent', 202555023, 'impression', '17', 240752257L, datetime.datetime(2013, 5, 25, 17, 48, 19), 0.0379896662960747, False, 'time']
['aerialent', 202555023, 'impression', '1', 241179550L, datetime.datetime(2013, 5, 25, 17, 48, 19), 0.0333430559012904, False, 'time']
['aerialent', 202555023, 'impression', '9', 240763684L, datetime.datetime(2013, 5, 25, 17, 48, 19), 0.0103101222618391, False, 'time']
['aerialent', 202555023, 'impression', '19', 240749476L, datetime.datetime(2013, 5, 25, 17, 48, 19), 0.0726396944263241, False, 'time']
['aerialent', 202555023, 'impression', '20', 240749420L, datetime.datetime(2013, 5, 25, 17, 48, 19), 0.0278609040617936, False, 'time']
['aerialent', 202555023, 'impression', '6', 240767639L, datetime.datetime(2013, 5, 25, 17, 48, 19), 0.223791630307351, False, 'time']
['aerialent', 202555023, 'impression', '15', 240752626L, datetime.datetime(2013, 5, 25, 17, 48, 19), 0.0137045427974586, False, 'time']
['aerialent', 202555023, 'impression', '16', 240752394L, datetime.datetime(2013, 5, 25, 17, 48, 19), 0.0275313714380657, False, 'time']
['aerialent', 202555023, 'impression', '4', 240867485L, datetime.datetime(2013, 5, 25, 17, 48, 19), 0.186990905645806, False, 'time']
['aerialent', 202555023, 'view_full_application_via_name', '2', 240938922L, datetime.datetime(2013, 5, 25, 17, 48, 25), 0.0346863461660194, False, 'time']
['aerialent', 202555023, 'impression', '13', 240754553L, datetime.datetime(2013, 5, 25, 17, 51, 20), 0.070400163927136, False, 'time']
['aerialent', 202555023, 'impression', '12', 240754979L, datetime.datetime(2013, 5, 25, 17, 51, 20), 0.0169658898098533, False, 'time']
['aerialent', 202555023, 'impression', '1', 241179550L, datetime.datetime(2013, 5, 25, 17, 51, 20), 0.0333430559012904, False, 'time']
['aerialent', 202555023, 'impression', '11', 240761539L, datetime.datetime(2013, 5, 25, 17, 51, 20), 0.0228390214839054, False, 'time']
['aerialent', 202555023, 'impression', '10', 240762198L, datetime.datetime(2013, 5, 25, 17, 51, 20), 0.0130398814954308, False, 'time']
['aerialent', 202555023, 'impression', '3', 240873780L, datetime.datetime(2013, 5, 25, 17, 51, 20), 0.0269859893466651, False, 'time']
['aerialent', 202555023, 'impression', '14', 240753473L, datetime.datetime(2013, 5, 25, 17, 51, 20), 0.0124205097181478, False, 'time']
['aerialent', 202555023, 'impression', '18', 240749782L, datetime.datetime(2013, 5, 25, 17, 51, 20), 0.0147888849146084, False, 'time']
['aerialent', 202555023, 'impression', '2', 240938922L, datetime.datetime(2013, 5, 25, 17, 51, 20), 0.0346863461660194, False, 'time']
['aerialent', 202555023, 'impression', '8', 240764321L, datetime.datetime(2013, 5, 25, 17, 51, 20), 0.00904887131596049, False, 'time']
['aerialent', 202555023, 'impression', '16', 240752394L, datetime.datetime(2013, 5, 25, 17, 51, 20), 0.0275313714380657, False, 'time']
['aerialent', 202555023, 'impression', '15', 240752626L, datetime.datetime(2013, 5, 25, 17, 51, 20), 0.0137045427974586, False, 'time']
['aerialent', 202555023, 'impression', '4', 240867485L, datetime.datetime(2013, 5, 25, 17, 51, 20), 0.186990905645806, False, 'time']
['aerialent', 202555023, 'impression', '19', 240749476L, datetime.datetime(2013, 5, 25, 17, 51, 20), 0.0726396944263241, False, 'time']
['aerialent', 202555023, 'impression', '20', 240749420L, datetime.datetime(2013, 5, 25, 17, 51, 20), 0.0278609040617936, False, 'time']
['aerialent', 202555023, 'impression', '6', 240767639L, datetime.datetime(2013, 5, 25, 17, 51, 20), 0.223791630307351, False, 'time']
['aerialent', 202555023, 'impression', '9', 240763684L, datetime.datetime(2013, 5, 25, 17, 51, 20), 0.0103101222618391, False, 'time']
['aerialent', 202555023, 'impression', '7', 240767099L, datetime.datetime(2013, 5, 25, 17, 51, 20), 0.0194523247654754, False, 'time']
['aerialent', 202555023, 'impression', '5', 240777480L, datetime.datetime(2013, 5, 25, 17, 51, 20), 0.0091533353433565, False, 'time']
['aerialent', 202555023, 'impression', '17', 240752257L, datetime.datetime(2013, 5, 25, 17, 51, 20), 0.0379896662960747, False, 'time']
['aerialent', 202555023, 'impression', '8', 240764321L, datetime.datetime(2013, 5, 25, 17, 51, 43), 0.00904887131596049, False, 'time']
['aerialent', 202555023, 'impression', '2', 240938922L, datetime.datetime(2013, 5, 25, 17, 51, 43), 0.0346863461660194, False, 'time']
['aerialent', 202555023, 'impression', '18', 240749782L, datetime.datetime(2013, 5, 25, 17, 51, 43), 0.0147888849146084, False, 'time']
['aerialent', 202555023, 'impression', '16', 240752394L, datetime.datetime(2013, 5, 25, 17, 51, 43), 0.0275313714380657, False, 'time']
['aerialent', 202555023, 'impression', '15', 240752626L, datetime.datetime(2013, 5, 25, 17, 51, 43), 0.0137045427974586, False, 'time']
['aerialent', 202555023, 'impression', '4', 240867485L, datetime.datetime(2013, 5, 25, 17, 51, 43), 0.186990905645806, False, 'time']
['aerialent', 202555023, 'impression', '3', 240873780L, datetime.datetime(2013, 5, 25, 17, 51, 43), 0.0269859893466651, False, 'time']
['aerialent', 202555023, 'impression', '10', 240762198L, datetime.datetime(2013, 5, 25, 17, 51, 43), 0.0130398814954308, False, 'time']
['aerialent', 202555023, 'impression', '11', 240761539L, datetime.datetime(2013, 5, 25, 17, 51, 43), 0.0228390214839054, False, 'time']
['aerialent', 202555023, 'impression', '13', 240754553L, datetime.datetime(2013, 5, 25, 17, 51, 43), 0.070400163927136, False, 'time']
['aerialent', 202555023, 'impression', '12', 240754979L, datetime.datetime(2013, 5, 25, 17, 51, 43), 0.0169658898098533, False, 'time']
['aerialent', 202555023, 'impression', '6', 240767639L, datetime.datetime(2013, 5, 25, 17, 51, 43), 0.223791630307351, False, 'time']
['aerialent', 202555023, 'impression', '20', 240749420L, datetime.datetime(2013, 5, 25, 17, 51, 43), 0.0278609040617936, False, 'time']
['aerialent', 202555023, 'impression', '19', 240749476L, datetime.datetime(2013, 5, 25, 17, 51, 43), 0.0726396944263241, False, 'time']
['aerialent', 202555023, 'impression', '9', 240763684L, datetime.datetime(2013, 5, 25, 17, 51, 43), 0.0103101222618391, False, 'time']
['aerialent', 202555023, 'impression', '14', 240753473L, datetime.datetime(2013, 5, 25, 17, 51, 43), 0.0124205097181478, False, 'time']
['aerialent', 202555023, 'impression', '1', 241179550L, datetime.datetime(2013, 5, 25, 17, 51, 43), 0.0333430559012904, False, 'time']
['aerialent', 202555023, 'impression', '17', 240752257L, datetime.datetime(2013, 5, 25, 17, 51, 43), 0.0379896662960747, False, 'time']
['aerialent', 202555023, 'impression', '5', 240777480L, datetime.datetime(2013, 5, 25, 17, 51, 43), 0.0091533353433565, False, 'time']
['aerialent', 202555023, 'impression', '7', 240767099L, datetime.datetime(2013, 5, 25, 17, 51, 43), 0.0194523247654754, False, 'time']
['aerialent', 202555023, 'impression', '11', 240761539L, datetime.datetime(2013, 5, 25, 17, 52, 22), 0.0228390214839054, False, 'time']
['aerialent', 202555023, 'impression', '10', 240762198L, datetime.datetime(2013, 5, 25, 17, 52, 22), 0.0130398814954308, False, 'time']
['aerialent', 202555023, 'impression', '3', 240873780L, datetime.datetime(2013, 5, 25, 17, 52, 22), 0.0269859893466651, False, 'time']
['aerialent', 202555023, 'impression', '18', 240749782L, datetime.datetime(2013, 5, 25, 17, 52, 22), 0.0147888849146084, False, 'time']
['aerialent', 202555023, 'impression', '8', 240764321L, datetime.datetime(2013, 5, 25, 17, 52, 22), 0.00904887131596049, False, 'time']
['aerialent', 202555023, 'impression', '2', 240938922L, datetime.datetime(2013, 5, 25, 17, 52, 22), 0.0346863461660194, False, 'time']
['aerialent', 202555023, 'impression', '7', 240767099L, datetime.datetime(2013, 5, 25, 17, 52, 22), 0.0194523247654754, False, 'time']
['aerialent', 202555023, 'impression', '17', 240752257L, datetime.datetime(2013, 5, 25, 17, 52, 22), 0.0379896662960747, False, 'time']
['aerialent', 202555023, 'impression', '5', 240777480L, datetime.datetime(2013, 5, 25, 17, 52, 22), 0.0091533353433565, False, 'time']
['aerialent', 202555023, 'impression', '15', 240752626L, datetime.datetime(2013, 5, 25, 17, 52, 22), 0.0137045427974586, False, 'time']
['aerialent', 202555023, 'impression', '4', 240867485L, datetime.datetime(2013, 5, 25, 17, 52, 22), 0.186990905645806, False, 'time']
['aerialent', 202555023, 'impression', '16', 240752394L, datetime.datetime(2013, 5, 25, 17, 52, 22), 0.0275313714380657, False, 'time']
['aerialent', 202555023, 'impression', '1', 241179550L, datetime.datetime(2013, 5, 25, 17, 52, 22), 0.0333430559012904, False, 'time']
['aerialent', 202555023, 'impression', '12', 240754979L, datetime.datetime(2013, 5, 25, 17, 52, 22), 0.0169658898098533, False, 'time']
['aerialent', 202555023, 'impression', '13', 240754553L, datetime.datetime(2013, 5, 25, 17, 52, 22), 0.070400163927136, False, 'time']
['aerialent', 202555023, 'impression', '14', 240753473L, datetime.datetime(2013, 5, 25, 17, 52, 22), 0.0124205097181478, False, 'time']
['aerialent', 202555023, 'impression', '20', 240749420L, datetime.datetime(2013, 5, 25, 17, 52, 22), 0.0278609040617936, False, 'time']
['aerialent', 202555023, 'impression', '9', 240763684L, datetime.datetime(2013, 5, 25, 17, 52, 22), 0.0103101222618391, False, 'time']
['aerialent', 202555023, 'impression', '6', 240767639L, datetime.datetime(2013, 5, 25, 17, 52, 22), 0.223791630307351, False, 'time']
['aerialent', 202555023, 'impression', '19', 240749476L, datetime.datetime(2013, 5, 25, 17, 52, 22), 0.0726396944263241, False, 'time']
['aerialent', 202555023, 'shortlist', '2', 240938922L, datetime.datetime(2013, 5, 25, 17, 52, 30), 0.0346863461660194, False, 'time']
['aerialent', 202555023, 'expand_tile', '2', 240938922L, datetime.datetime(2013, 5, 25, 17, 52, 33), 0.0346863461660194, False, 'time']
['aerialent', 202555023, 'view_full_application', '2', 240938922L, datetime.datetime(2013, 5, 25, 17, 52, 40), 0.0346863461660194, False, 'time']
['aerialent', 202555023, 'impression', '8', 240764321L, datetime.datetime(2013, 5, 25, 17, 53, 27), 0.00904887131596049, False, 'time']
['aerialent', 202555023, 'impression', '18', 240749782L, datetime.datetime(2013, 5, 25, 17, 53, 27), 0.0147888849146084, False, 'time']
['aerialent', 202555023, 'impression', '2', 240938922L, datetime.datetime(2013, 5, 25, 17, 53, 27), 0.0346863461660194, False, 'time']
['aerialent', 202555023, 'impression', '15', 240752626L, datetime.datetime(2013, 5, 25, 17, 53, 27), 0.0137045427974586, False, 'time']
['aerialent', 202555023, 'impression', '4', 240867485L, datetime.datetime(2013, 5, 25, 17, 53, 27), 0.186990905645806, False, 'time']
['aerialent', 202555023, 'impression', '16', 240752394L, datetime.datetime(2013, 5, 25, 17, 53, 27), 0.0275313714380657, False, 'time']
['aerialent', 202555023, 'impression', '17', 240752257L, datetime.datetime(2013, 5, 25, 17, 53, 27), 0.0379896662960747, False, 'time']
['aerialent', 202555023, 'impression', '5', 240777480L, datetime.datetime(2013, 5, 25, 17, 53, 27), 0.0091533353433565, False, 'time']
['aerialent', 202555023, 'impression', '7', 240767099L, datetime.datetime(2013, 5, 25, 17, 53, 27), 0.0194523247654754, False, 'time']
['aerialent', 202555023, 'impression', '14', 240753473L, datetime.datetime(2013, 5, 25, 17, 53, 27), 0.0124205097181478, False, 'time']
['aerialent', 202555023, 'impression', '12', 240754979L, datetime.datetime(2013, 5, 25, 17, 53, 27), 0.0169658898098533, False, 'time']
['aerialent', 202555023, 'impression', '13', 240754553L, datetime.datetime(2013, 5, 25, 17, 53, 27), 0.070400163927136, False, 'time']
['aerialent', 202555023, 'impression', '1', 241179550L, datetime.datetime(2013, 5, 25, 17, 53, 27), 0.0333430559012904, False, 'time']
['aerialent', 202555023, 'impression', '3', 240873780L, datetime.datetime(2013, 5, 25, 17, 53, 27), 0.0269859893466651, False, 'time']
['aerialent', 202555023, 'impression', '11', 240761539L, datetime.datetime(2013, 5, 25, 17, 53, 27), 0.0228390214839054, False, 'time']
['aerialent', 202555023, 'impression', '10', 240762198L, datetime.datetime(2013, 5, 25, 17, 53, 27), 0.0130398814954308, False, 'time']
['aerialent', 202555023, 'impression', '19', 240749476L, datetime.datetime(2013, 5, 25, 17, 53, 27), 0.0726396944263241, False, 'time']
['aerialent', 202555023, 'impression', '20', 240749420L, datetime.datetime(2013, 5, 25, 17, 53, 27), 0.0278609040617936, False, 'time']
['aerialent', 202555023, 'impression', '6', 240767639L, datetime.datetime(2013, 5, 25, 17, 53, 27), 0.223791630307351, False, 'time']
['aerialent', 202555023, 'impression', '9', 240763684L, datetime.datetime(2013, 5, 25, 17, 53, 27), 0.0103101222618391, False, 'time']
['aerialent', 202555023, 'expand_tile', '3', 240873780L, datetime.datetime(2013, 5, 25, 17, 53, 31), 0.0269859893466651, False, 'time']
['aerialent', 202555023, 'view_full_application', '3', 240873780L, datetime.datetime(2013, 5, 25, 17, 53, 37), 0.0269859893466651, False, 'time']
['aerialent', 202555023, 'impression', '1', 241179550L, datetime.datetime(2013, 5, 25, 17, 54, 24), 0.0333430559012904, False, 'time']
['aerialent', 202555023, 'impression', '14', 240753473L, datetime.datetime(2013, 5, 25, 17, 54, 24), 0.0124205097181478, False, 'time']
['aerialent', 202555023, 'impression', '15', 240752626L, datetime.datetime(2013, 5, 25, 17, 54, 24), 0.0137045427974586, False, 'time']
['aerialent', 202555023, 'impression', '4', 240867485L, datetime.datetime(2013, 5, 25, 17, 54, 24), 0.186990905645806, False, 'time']
['aerialent', 202555023, 'impression', '16', 240752394L, datetime.datetime(2013, 5, 25, 17, 54, 24), 0.0275313714380657, False, 'time']
['aerialent', 202555023, 'impression', '17', 240752257L, datetime.datetime(2013, 5, 25, 17, 54, 24), 0.0379896662960747, False, 'time']
['aerialent', 202555023, 'impression', '7', 240767099L, datetime.datetime(2013, 5, 25, 17, 54, 24), 0.0194523247654754, False, 'time']
['aerialent', 202555023, 'impression', '5', 240777480L, datetime.datetime(2013, 5, 25, 17, 54, 24), 0.0091533353433565, False, 'time']
['aerialent', 202555023, 'impression', '12', 240754979L, datetime.datetime(2013, 5, 25, 17, 54, 24), 0.0169658898098533, False, 'time']
['aerialent', 202555023, 'impression', '13', 240754553L, datetime.datetime(2013, 5, 25, 17, 54, 24), 0.070400163927136, False, 'time']
['aerialent', 202555023, 'impression', '20', 240749420L, datetime.datetime(2013, 5, 25, 17, 54, 24), 0.0278609040617936, False, 'time']
['aerialent', 202555023, 'impression', '19', 240749476L, datetime.datetime(2013, 5, 25, 17, 54, 24), 0.0726396944263241, False, 'time']
['aerialent', 202555023, 'impression', '9', 240763684L, datetime.datetime(2013, 5, 25, 17, 54, 24), 0.0103101222618391, False, 'time']
['aerialent', 202555023, 'impression', '6', 240767639L, datetime.datetime(2013, 5, 25, 17, 54, 24), 0.223791630307351, False, 'time']
['aerialent', 202555023, 'impression', '8', 240764321L, datetime.datetime(2013, 5, 25, 17, 54, 24), 0.00904887131596049, False, 'time']
['aerialent', 202555023, 'impression', '18', 240749782L, datetime.datetime(2013, 5, 25, 17, 54, 24), 0.0147888849146084, False, 'time']
['aerialent', 202555023, 'impression', '2', 240938922L, datetime.datetime(2013, 5, 25, 17, 54, 24), 0.0346863461660194, False, 'time']
['aerialent', 202555023, 'impression', '11', 240761539L, datetime.datetime(2013, 5, 25, 17, 54, 24), 0.0228390214839054, False, 'time']
['aerialent', 202555023, 'impression', '10', 240762198L, datetime.datetime(2013, 5, 25, 17, 54, 24), 0.0130398814954308, False, 'time']
['aerialent', 202555023, 'impression', '3', 240873780L, datetime.datetime(2013, 5, 25, 17, 54, 24), 0.0269859893466651, False, 'time']
['aerialent', 202555023, 'expand_tile', '4', 240867485L, datetime.datetime(2013, 5, 25, 17, 54, 28), 0.186990905645806, False, 'time']
['aerialent', 202555023, 'expand_tile', '5', 240777480L, datetime.datetime(2013, 5, 25, 17, 54, 34), 0.0091533353433565, False, 'time']
['aerialent', 202555023, 'view_full_application', '5', 240777480L, datetime.datetime(2013, 5, 25, 17, 54, 36), 0.0091533353433565, False, 'time']
['aerialent', 202555023, 'impression', '3', 240873780L, datetime.datetime(2013, 5, 25, 17, 55, 23), 0.0269859893466651, False, 'time']
['aerialent', 202555023, 'impression', '10', 240762198L, datetime.datetime(2013, 5, 25, 17, 55, 23), 0.0130398814954308, False, 'time']
['aerialent', 202555023, 'impression', '11', 240761539L, datetime.datetime(2013, 5, 25, 17, 55, 23), 0.0228390214839054, False, 'time']
['aerialent', 202555023, 'impression', '1', 241179550L, datetime.datetime(2013, 5, 25, 17, 55, 23), 0.0333430559012904, False, 'time']
['aerialent', 202555023, 'impression', '19', 240749476L, datetime.datetime(2013, 5, 25, 17, 55, 23), 0.0726396944263241, False, 'time']
['aerialent', 202555023, 'impression', '9', 240763684L, datetime.datetime(2013, 5, 25, 17, 55, 23), 0.0103101222618391, False, 'time']
['aerialent', 202555023, 'impression', '20', 240749420L, datetime.datetime(2013, 5, 25, 17, 55, 23), 0.0278609040617936, False, 'time']
['aerialent', 202555023, 'impression', '6', 240767639L, datetime.datetime(2013, 5, 25, 17, 55, 23), 0.223791630307351, False, 'time']
['aerialent', 202555023, 'impression', '4', 240867485L, datetime.datetime(2013, 5, 25, 17, 55, 23), 0.186990905645806, False, 'time']
['aerialent', 202555023, 'impression', '16', 240752394L, datetime.datetime(2013, 5, 25, 17, 55, 23), 0.0275313714380657, False, 'time']
['aerialent', 202555023, 'impression', '15', 240752626L, datetime.datetime(2013, 5, 25, 17, 55, 23), 0.0137045427974586, False, 'time']
['aerialent', 202555023, 'impression', '2', 240938922L, datetime.datetime(2013, 5, 25, 17, 55, 23), 0.0346863461660194, False, 'time']
['aerialent', 202555023, 'impression', '18', 240749782L, datetime.datetime(2013, 5, 25, 17, 55, 23), 0.0147888849146084, False, 'time']
['aerialent', 202555023, 'impression', '8', 240764321L, datetime.datetime(2013, 5, 25, 17, 55, 23), 0.00904887131596049, False, 'time']
['aerialent', 202555023, 'impression', '14', 240753473L, datetime.datetime(2013, 5, 25, 17, 55, 23), 0.0124205097181478, False, 'time']
['aerialent', 202555023, 'impression', '7', 240767099L, datetime.datetime(2013, 5, 25, 17, 55, 23), 0.0194523247654754, False, 'time']
['aerialent', 202555023, 'impression', '5', 240777480L, datetime.datetime(2013, 5, 25, 17, 55, 23), 0.0091533353433565, False, 'time']
['aerialent', 202555023, 'impression', '17', 240752257L, datetime.datetime(2013, 5, 25, 17, 55, 23), 0.0379896662960747, False, 'time']
['aerialent', 202555023, 'impression', '13', 240754553L, datetime.datetime(2013, 5, 25, 17, 55, 23), 0.070400163927136, False, 'time']
['aerialent', 202555023, 'impression', '12', 240754979L, datetime.datetime(2013, 5, 25, 17, 55, 23), 0.0169658898098533, False, 'time']
['aerialent', 202555023, 'expand_tile', '4', 240867485L, datetime.datetime(2013, 5, 25, 17, 55, 32), 0.186990905645806, False, 'time']
['aerialent', 202555023, 'view_full_application', '4', 240867485L, datetime.datetime(2013, 5, 25, 17, 55, 35), 0.186990905645806, False, 'time']
['aerialent', 202555023, 'impression', '14', 240753473L, datetime.datetime(2013, 5, 25, 18, 1, 21), 0.0124205097181478, False, 'time']
['aerialent', 202555023, 'impression', '6', 240767639L, datetime.datetime(2013, 5, 25, 18, 1, 21), 0.223791630307351, False, 'time']
['aerialent', 202555023, 'impression', '9', 240763684L, datetime.datetime(2013, 5, 25, 18, 1, 21), 0.0103101222618391, False, 'time']
['aerialent', 202555023, 'impression', '20', 240749420L, datetime.datetime(2013, 5, 25, 18, 1, 21), 0.0278609040617936, False, 'time']
['aerialent', 202555023, 'impression', '19', 240749476L, datetime.datetime(2013, 5, 25, 18, 1, 21), 0.0726396944263241, False, 'time']
['aerialent', 202555023, 'impression', '18', 240749782L, datetime.datetime(2013, 5, 25, 18, 1, 21), 0.0147888849146084, False, 'time']
['aerialent', 202555023, 'impression', '8', 240764321L, datetime.datetime(2013, 5, 25, 18, 1, 21), 0.00904887131596049, False, 'time']
['aerialent', 202555023, 'impression', '2', 240938922L, datetime.datetime(2013, 5, 25, 18, 1, 21), 0.0346863461660194, False, 'time']
['aerialent', 202555023, 'impression', '15', 240752626L, datetime.datetime(2013, 5, 25, 18, 1, 21), 0.0137045427974586, False, 'time']
['aerialent', 202555023, 'impression', '16', 240752394L, datetime.datetime(2013, 5, 25, 18, 1, 21), 0.0275313714380657, False, 'time']
['aerialent', 202555023, 'impression', '4', 240867485L, datetime.datetime(2013, 5, 25, 18, 1, 21), 0.186990905645806, False, 'time']
['aerialent', 202555023, 'impression', '10', 240762198L, datetime.datetime(2013, 5, 25, 18, 1, 21), 0.0130398814954308, False, 'time']
['aerialent', 202555023, 'impression', '3', 240873780L, datetime.datetime(2013, 5, 25, 18, 1, 21), 0.0269859893466651, False, 'time']
['aerialent', 202555023, 'impression', '11', 240761539L, datetime.datetime(2013, 5, 25, 18, 1, 21), 0.0228390214839054, False, 'time']
['aerialent', 202555023, 'impression', '1', 241179550L, datetime.datetime(2013, 5, 25, 18, 1, 21), 0.0333430559012904, False, 'time']
['aerialent', 202555023, 'impression', '12', 240754979L, datetime.datetime(2013, 5, 25, 18, 1, 21), 0.0169658898098533, False, 'time']
['aerialent', 202555023, 'impression', '13', 240754553L, datetime.datetime(2013, 5, 25, 18, 1, 21), 0.070400163927136, False, 'time']
['aerialent', 202555023, 'impression', '17', 240752257L, datetime.datetime(2013, 5, 25, 18, 1, 21), 0.0379896662960747, False, 'time']
['aerialent', 202555023, 'impression', '7', 240767099L, datetime.datetime(2013, 5, 25, 18, 1, 21), 0.0194523247654754, False, 'time']
['aerialent', 202555023, 'impression', '5', 240777480L, datetime.datetime(2013, 5, 25, 18, 1, 21), 0.0091533353433565, False, 'time']
['aerialent', 202555023, 'expand_tile', '6', 240767639L, datetime.datetime(2013, 5, 25, 18, 1, 27), 0.223791630307351, False, 'time']
['aerialent', 202555023, 'view_full_application', '6', 240767639L, datetime.datetime(2013, 5, 25, 18, 1, 32), 0.223791630307351, False, 'time']
['aerialent', 202555023, 'impression', '9', 240763684L, datetime.datetime(2013, 5, 25, 18, 2, 10), 0.0103101222618391, False, 'time']
['aerialent', 202555023, 'impression', '20', 240749420L, datetime.datetime(2013, 5, 25, 18, 2, 10), 0.0278609040617936, False, 'time']
['aerialent', 202555023, 'impression', '19', 240749476L, datetime.datetime(2013, 5, 25, 18, 2, 10), 0.0726396944263241, False, 'time']
['aerialent', 202555023, 'impression', '6', 240767639L, datetime.datetime(2013, 5, 25, 18, 2, 10), 0.223791630307351, False, 'time']
['aerialent', 202555023, 'impression', '15', 240752626L, datetime.datetime(2013, 5, 25, 18, 2, 10), 0.0137045427974586, False, 'time']
['aerialent', 202555023, 'impression', '16', 240752394L, datetime.datetime(2013, 5, 25, 18, 2, 10), 0.0275313714380657, False, 'time']
['aerialent', 202555023, 'impression', '4', 240867485L, datetime.datetime(2013, 5, 25, 18, 2, 10), 0.186990905645806, False, 'time']
['aerialent', 202555023, 'impression', '17', 240752257L, datetime.datetime(2013, 5, 25, 18, 2, 10), 0.0379896662960747, False, 'time']
['aerialent', 202555023, 'impression', '7', 240767099L, datetime.datetime(2013, 5, 25, 18, 2, 10), 0.0194523247654754, False, 'time']
['aerialent', 202555023, 'impression', '5', 240777480L, datetime.datetime(2013, 5, 25, 18, 2, 10), 0.0091533353433565, False, 'time']
['aerialent', 202555023, 'impression', '1', 241179550L, datetime.datetime(2013, 5, 25, 18, 2, 10), 0.0333430559012904, False, 'time']
['aerialent', 202555023, 'impression', '12', 240754979L, datetime.datetime(2013, 5, 25, 18, 2, 10), 0.0169658898098533, False, 'time']
['aerialent', 202555023, 'impression', '13', 240754553L, datetime.datetime(2013, 5, 25, 18, 2, 10), 0.070400163927136, False, 'time']
['aerialent', 202555023, 'impression', '8', 240764321L, datetime.datetime(2013, 5, 25, 18, 2, 10), 0.00904887131596049, False, 'time']
['aerialent', 202555023, 'impression', '18', 240749782L, datetime.datetime(2013, 5, 25, 18, 2, 10), 0.0147888849146084, False, 'time']
['aerialent', 202555023, 'impression', '2', 240938922L, datetime.datetime(2013, 5, 25, 18, 2, 10), 0.0346863461660194, False, 'time']
['aerialent', 202555023, 'impression', '14', 240753473L, datetime.datetime(2013, 5, 25, 18, 2, 10), 0.0124205097181478, False, 'time']
['aerialent', 202555023, 'impression', '10', 240762198L, datetime.datetime(2013, 5, 25, 18, 2, 10), 0.0130398814954308, False, 'time']
['aerialent', 202555023, 'impression', '11', 240761539L, datetime.datetime(2013, 5, 25, 18, 2, 10), 0.0228390214839054, False, 'time']
['aerialent', 202555023, 'impression', '3', 240873780L, datetime.datetime(2013, 5, 25, 18, 2, 10), 0.0269859893466651, False, 'time']
['aerialent', 202555023, 'expand_tile', '6', 240767639L, datetime.datetime(2013, 5, 25, 18, 2, 14), 0.223791630307351, False, 'time']
['aerialent', 202555023, 'view_full_application', '6', 240767639L, datetime.datetime(2013, 5, 25, 18, 2, 16), 0.223791630307351, False, 'time']
['aerialent', 202555023, 'impression', '15', 240752626L, datetime.datetime(2013, 5, 25, 18, 3, 6), 0.0137045427974586, False, 'time']
['aerialent', 202555023, 'impression', '4', 240867485L, datetime.datetime(2013, 5, 25, 18, 3, 6), 0.186990905645806, False, 'time']
['aerialent', 202555023, 'impression', '16', 240752394L, datetime.datetime(2013, 5, 25, 18, 3, 6), 0.0275313714380657, False, 'time']
['aerialent', 202555023, 'impression', '3', 240873780L, datetime.datetime(2013, 5, 25, 18, 3, 6), 0.0269859893466651, False, 'time']
['aerialent', 202555023, 'impression', '11', 240761539L, datetime.datetime(2013, 5, 25, 18, 3, 6), 0.0228390214839054, False, 'time']
['aerialent', 202555023, 'impression', '10', 240762198L, datetime.datetime(2013, 5, 25, 18, 3, 6), 0.0130398814954308, False, 'time']
['aerialent', 202555023, 'impression', '5', 240777480L, datetime.datetime(2013, 5, 25, 18, 3, 6), 0.0091533353433565, False, 'time']
['aerialent', 202555023, 'impression', '17', 240752257L, datetime.datetime(2013, 5, 25, 18, 3, 6), 0.0379896662960747, False, 'time']
['aerialent', 202555023, 'impression', '7', 240767099L, datetime.datetime(2013, 5, 25, 18, 3, 6), 0.0194523247654754, False, 'time']
['aerialent', 202555023, 'impression', '18', 240749782L, datetime.datetime(2013, 5, 25, 18, 3, 6), 0.0147888849146084, False, 'time']
['aerialent', 202555023, 'impression', '2', 240938922L, datetime.datetime(2013, 5, 25, 18, 3, 6), 0.0346863461660194, False, 'time']
['aerialent', 202555023, 'impression', '8', 240764321L, datetime.datetime(2013, 5, 25, 18, 3, 6), 0.00904887131596049, False, 'time']
['aerialent', 202555023, 'impression', '1', 241179550L, datetime.datetime(2013, 5, 25, 18, 3, 6), 0.0333430559012904, False, 'time']
['aerialent', 202555023, 'impression', '6', 240767639L, datetime.datetime(2013, 5, 25, 18, 3, 6), 0.223791630307351, False, 'time']
['aerialent', 202555023, 'impression', '9', 240763684L, datetime.datetime(2013, 5, 25, 18, 3, 6), 0.0103101222618391, False, 'time']
['aerialent', 202555023, 'impression', '19', 240749476L, datetime.datetime(2013, 5, 25, 18, 3, 6), 0.0726396944263241, False, 'time']
['aerialent', 202555023, 'impression', '20', 240749420L, datetime.datetime(2013, 5, 25, 18, 3, 6), 0.0278609040617936, False, 'time']
['aerialent', 202555023, 'impression', '14', 240753473L, datetime.datetime(2013, 5, 25, 18, 3, 6), 0.0124205097181478, False, 'time']
['aerialent', 202555023, 'impression', '13', 240754553L, datetime.datetime(2013, 5, 25, 18, 3, 6), 0.070400163927136, False, 'time']
['aerialent', 202555023, 'impression', '12', 240754979L, datetime.datetime(2013, 5, 25, 18, 3, 6), 0.0169658898098533, False, 'time']
['aerialent', 202555023, 'view_full_application_via_name', '7', 240767099L, datetime.datetime(2013, 5, 25, 18, 3, 13), 0.0194523247654754, False, 'time']
['aerialent', 202555023, 'impression', '9', 240763684L, datetime.datetime(2013, 5, 25, 18, 3, 54), 0.0103101222618391, False, 'time']
['aerialent', 202555023, 'impression', '6', 240767639L, datetime.datetime(2013, 5, 25, 18, 3, 54), 0.223791630307351, False, 'time']
['aerialent', 202555023, 'impression', '19', 240749476L, datetime.datetime(2013, 5, 25, 18, 3, 54), 0.0726396944263241, False, 'time']
['aerialent', 202555023, 'impression', '20', 240749420L, datetime.datetime(2013, 5, 25, 18, 3, 54), 0.0278609040617936, False, 'time']
['aerialent', 202555023, 'impression', '12', 240754979L, datetime.datetime(2013, 5, 25, 18, 3, 54), 0.0169658898098533, False, 'time']
['aerialent', 202555023, 'impression', '13', 240754553L, datetime.datetime(2013, 5, 25, 18, 3, 54), 0.070400163927136, False, 'time']
['aerialent', 202555023, 'impression', '5', 240777480L, datetime.datetime(2013, 5, 25, 18, 3, 54), 0.0091533353433565, False, 'time']
['aerialent', 202555023, 'impression', '7', 240767099L, datetime.datetime(2013, 5, 25, 18, 3, 54), 0.0194523247654754, False, 'time']
['aerialent', 202555023, 'impression', '17', 240752257L, datetime.datetime(2013, 5, 25, 18, 3, 54), 0.0379896662960747, False, 'time']
['aerialent', 202555023, 'impression', '8', 240764321L, datetime.datetime(2013, 5, 25, 18, 3, 54), 0.00904887131596049, False, 'time']
['aerialent', 202555023, 'impression', '2', 240938922L, datetime.datetime(2013, 5, 25, 18, 3, 54), 0.0346863461660194, False, 'time']
['aerialent', 202555023, 'impression', '18', 240749782L, datetime.datetime(2013, 5, 25, 18, 3, 54), 0.0147888849146084, False, 'time']
['aerialent', 202555023, 'impression', '14', 240753473L, datetime.datetime(2013, 5, 25, 18, 3, 54), 0.0124205097181478, False, 'time']
['aerialent', 202555023, 'impression', '15', 240752626L, datetime.datetime(2013, 5, 25, 18, 3, 54), 0.0137045427974586, False, 'time']
['aerialent', 202555023, 'impression', '16', 240752394L, datetime.datetime(2013, 5, 25, 18, 3, 54), 0.0275313714380657, False, 'time']
['aerialent', 202555023, 'impression', '4', 240867485L, datetime.datetime(2013, 5, 25, 18, 3, 54), 0.186990905645806, False, 'time']
['aerialent', 202555023, 'impression', '1', 241179550L, datetime.datetime(2013, 5, 25, 18, 3, 54), 0.0333430559012904, False, 'time']
['aerialent', 202555023, 'impression', '3', 240873780L, datetime.datetime(2013, 5, 25, 18, 3, 54), 0.0269859893466651, False, 'time']
['aerialent', 202555023, 'impression', '10', 240762198L, datetime.datetime(2013, 5, 25, 18, 3, 54), 0.0130398814954308, False, 'time']
['aerialent', 202555023, 'impression', '11', 240761539L, datetime.datetime(2013, 5, 25, 18, 3, 54), 0.0228390214839054, False, 'time']
['aerialent', 202555023, 'expand_tile', '8', 240764321L, datetime.datetime(2013, 5, 25, 18, 4), 0.00904887131596049, False, 'time']
['aerialent', 202555023, 'view_full_application', '8', 240764321L, datetime.datetime(2013, 5, 25, 18, 4, 4), 0.00904887131596049, False, 'time']
['aerialent', 202555023, 'impression', '1', 241179550L, datetime.datetime(2013, 5, 25, 18, 4, 31), 0.0333430559012904, False, 'time']
['aerialent', 202555023, 'impression', '6', 240767639L, datetime.datetime(2013, 5, 25, 18, 4, 31), 0.223791630307351, False, 'time']
['aerialent', 202555023, 'impression', '20', 240749420L, datetime.datetime(2013, 5, 25, 18, 4, 31), 0.0278609040617936, False, 'time']
['aerialent', 202555023, 'impression', '19', 240749476L, datetime.datetime(2013, 5, 25, 18, 4, 31), 0.0726396944263241, False, 'time']
['aerialent', 202555023, 'impression', '9', 240763684L, datetime.datetime(2013, 5, 25, 18, 4, 31), 0.0103101222618391, False, 'time']
['aerialent', 202555023, 'impression', '13', 240754553L, datetime.datetime(2013, 5, 25, 18, 4, 31), 0.070400163927136, False, 'time']
['aerialent', 202555023, 'impression', '12', 240754979L, datetime.datetime(2013, 5, 25, 18, 4, 31), 0.0169658898098533, False, 'time']
['aerialent', 202555023, 'impression', '11', 240761539L, datetime.datetime(2013, 5, 25, 18, 4, 31), 0.0228390214839054, False, 'time']
['aerialent', 202555023, 'impression', '10', 240762198L, datetime.datetime(2013, 5, 25, 18, 4, 31), 0.0130398814954308, False, 'time']
['aerialent', 202555023, 'impression', '3', 240873780L, datetime.datetime(2013, 5, 25, 18, 4, 31), 0.0269859893466651, False, 'time']
['aerialent', 202555023, 'impression', '17', 240752257L, datetime.datetime(2013, 5, 25, 18, 4, 31), 0.0379896662960747, False, 'time']
['aerialent', 202555023, 'impression', '5', 240777480L, datetime.datetime(2013, 5, 25, 18, 4, 31), 0.0091533353433565, False, 'time']
['aerialent', 202555023, 'impression', '7', 240767099L, datetime.datetime(2013, 5, 25, 18, 4, 31), 0.0194523247654754, False, 'time']
['aerialent', 202555023, 'impression', '18', 240749782L, datetime.datetime(2013, 5, 25, 18, 4, 31), 0.0147888849146084, False, 'time']
['aerialent', 202555023, 'impression', '2', 240938922L, datetime.datetime(2013, 5, 25, 18, 4, 31), 0.0346863461660194, False, 'time']
['aerialent', 202555023, 'impression', '8', 240764321L, datetime.datetime(2013, 5, 25, 18, 4, 31), 0.00904887131596049, False, 'time']
['aerialent', 202555023, 'impression', '15', 240752626L, datetime.datetime(2013, 5, 25, 18, 4, 31), 0.0137045427974586, False, 'time']
['aerialent', 202555023, 'impression', '4', 240867485L, datetime.datetime(2013, 5, 25, 18, 4, 31), 0.186990905645806, False, 'time']
['aerialent', 202555023, 'impression', '16', 240752394L, datetime.datetime(2013, 5, 25, 18, 4, 31), 0.0275313714380657, False, 'time']
['aerialent', 202555023, 'impression', '14', 240753473L, datetime.datetime(2013, 5, 25, 18, 4, 31), 0.0124205097181478, False, 'time']
['aerialent', 202555023, 'view_full_application_via_name', '9', 240763684L, datetime.datetime(2013, 5, 25, 18, 4, 41), 0.0103101222618391, False, 'time']
['aerialent', 202555023, 'impression', '2', 240938922L, datetime.datetime(2013, 5, 25, 18, 7, 48), 0.0346863461660194, False, 'time']
['aerialent', 202555023, 'impression', '8', 240764321L, datetime.datetime(2013, 5, 25, 18, 7, 48), 0.00904887131596049, False, 'time']
['aerialent', 202555023, 'impression', '18', 240749782L, datetime.datetime(2013, 5, 25, 18, 7, 48), 0.0147888849146084, False, 'time']
['aerialent', 202555023, 'impression', '1', 241179550L, datetime.datetime(2013, 5, 25, 18, 7, 48), 0.0333430559012904, False, 'time']
['aerialent', 202555023, 'impression', '10', 240762198L, datetime.datetime(2013, 5, 25, 18, 7, 48), 0.0130398814954308, False, 'time']
['aerialent', 202555023, 'impression', '3', 240873780L, datetime.datetime(2013, 5, 25, 18, 7, 48), 0.0269859893466651, False, 'time']
['aerialent', 202555023, 'impression', '11', 240761539L, datetime.datetime(2013, 5, 25, 18, 7, 48), 0.0228390214839054, False, 'time']
['aerialent', 202555023, 'impression', '4', 240867485L, datetime.datetime(2013, 5, 25, 18, 7, 48), 0.186990905645806, False, 'time']
['aerialent', 202555023, 'impression', '16', 240752394L, datetime.datetime(2013, 5, 25, 18, 7, 48), 0.0275313714380657, False, 'time']
['aerialent', 202555023, 'impression', '15', 240752626L, datetime.datetime(2013, 5, 25, 18, 7, 48), 0.0137045427974586, False, 'time']
['aerialent', 202555023, 'impression', '7', 240767099L, datetime.datetime(2013, 5, 25, 18, 7, 48), 0.0194523247654754, False, 'time']
['aerialent', 202555023, 'impression', '5', 240777480L, datetime.datetime(2013, 5, 25, 18, 7, 48), 0.0091533353433565, False, 'time']
['aerialent', 202555023, 'impression', '17', 240752257L, datetime.datetime(2013, 5, 25, 18, 7, 48), 0.0379896662960747, False, 'time']
['aerialent', 202555023, 'impression', '20', 240749420L, datetime.datetime(2013, 5, 25, 18, 7, 48), 0.0278609040617936, False, 'time']
['aerialent', 202555023, 'impression', '9', 240763684L, datetime.datetime(2013, 5, 25, 18, 7, 48), 0.0103101222618391, False, 'time']
['aerialent', 202555023, 'impression', '6', 240767639L, datetime.datetime(2013, 5, 25, 18, 7, 48), 0.223791630307351, False, 'time']
['aerialent', 202555023, 'impression', '19', 240749476L, datetime.datetime(2013, 5, 25, 18, 7, 48), 0.0726396944263241, False, 'time']
['aerialent', 202555023, 'impression', '12', 240754979L, datetime.datetime(2013, 5, 25, 18, 7, 48), 0.0169658898098533, False, 'time']
['aerialent', 202555023, 'impression', '13', 240754553L, datetime.datetime(2013, 5, 25, 18, 7, 48), 0.070400163927136, False, 'time']
['aerialent', 202555023, 'impression', '14', 240753473L, datetime.datetime(2013, 5, 25, 18, 7, 48), 0.0124205097181478, False, 'time']
['aerialent', 202555023, 'expand_tile', '10', 240762198L, datetime.datetime(2013, 5, 25, 18, 7, 59), 0.0130398814954308, False, 'time']
['aerialent', 202555023, 'view_full_application', '10', 240762198L, datetime.datetime(2013, 5, 25, 18, 8, 3), 0.0130398814954308, False, 'time']
['aerialent', 202555023, 'impression', '14', 240753473L, datetime.datetime(2013, 5, 25, 18, 9, 28), 0.0124205097181478, False, 'time']
['aerialent', 202555023, 'impression', '17', 240752257L, datetime.datetime(2013, 5, 25, 18, 9, 28), 0.0379896662960747, False, 'time']
['aerialent', 202555023, 'impression', '7', 240767099L, datetime.datetime(2013, 5, 25, 18, 9, 28), 0.0194523247654754, False, 'time']
['aerialent', 202555023, 'impression', '5', 240777480L, datetime.datetime(2013, 5, 25, 18, 9, 28), 0.0091533353433565, False, 'time']
['aerialent', 202555023, 'impression', '18', 240749782L, datetime.datetime(2013, 5, 25, 18, 9, 28), 0.0147888849146084, False, 'time']
['aerialent', 202555023, 'impression', '8', 240764321L, datetime.datetime(2013, 5, 25, 18, 9, 28), 0.00904887131596049, False, 'time']
['aerialent', 202555023, 'impression', '2', 240938922L, datetime.datetime(2013, 5, 25, 18, 9, 28), 0.0346863461660194, False, 'time']
['aerialent', 202555023, 'impression', '1', 241179550L, datetime.datetime(2013, 5, 25, 18, 9, 28), 0.0333430559012904, False, 'time']
['aerialent', 202555023, 'impression', '20', 240749420L, datetime.datetime(2013, 5, 25, 18, 9, 28), 0.0278609040617936, False, 'time']
['aerialent', 202555023, 'impression', '6', 240767639L, datetime.datetime(2013, 5, 25, 18, 9, 28), 0.223791630307351, False, 'time']
['aerialent', 202555023, 'impression', '19', 240749476L, datetime.datetime(2013, 5, 25, 18, 9, 28), 0.0726396944263241, False, 'time']
['aerialent', 202555023, 'impression', '9', 240763684L, datetime.datetime(2013, 5, 25, 18, 9, 28), 0.0103101222618391, False, 'time']
['aerialent', 202555023, 'impression', '15', 240752626L, datetime.datetime(2013, 5, 25, 18, 9, 28), 0.0137045427974586, False, 'time']
['aerialent', 202555023, 'impression', '16', 240752394L, datetime.datetime(2013, 5, 25, 18, 9, 28), 0.0275313714380657, False, 'time']
['aerialent', 202555023, 'impression', '4', 240867485L, datetime.datetime(2013, 5, 25, 18, 9, 28), 0.186990905645806, False, 'time']
['aerialent', 202555023, 'impression', '3', 240873780L, datetime.datetime(2013, 5, 25, 18, 9, 28), 0.0269859893466651, False, 'time']
['aerialent', 202555023, 'impression', '10', 240762198L, datetime.datetime(2013, 5, 25, 18, 9, 28), 0.0130398814954308, False, 'time']
['aerialent', 202555023, 'impression', '11', 240761539L, datetime.datetime(2013, 5, 25, 18, 9, 28), 0.0228390214839054, False, 'time']
['aerialent', 202555023, 'impression', '12', 240754979L, datetime.datetime(2013, 5, 25, 18, 9, 28), 0.0169658898098533, False, 'time']
['aerialent', 202555023, 'impression', '13', 240754553L, datetime.datetime(2013, 5, 25, 18, 9, 28), 0.070400163927136, False, 'time']
['aerialent', 202555023, 'view_full_application_via_name', '11', 240761539L, datetime.datetime(2013, 5, 25, 18, 9, 38), 0.0228390214839054, False, 'time']
['aerialent', 202555023, 'impression', '10', 240762198L, datetime.datetime(2013, 5, 25, 18, 10, 52), 0.0130398814954308, False, 'time']
['aerialent', 202555023, 'impression', '3', 240873780L, datetime.datetime(2013, 5, 25, 18, 10, 52), 0.0269859893466651, False, 'time']
['aerialent', 202555023, 'impression', '11', 240761539L, datetime.datetime(2013, 5, 25, 18, 10, 52), 0.0228390214839054, False, 'time']
['aerialent', 202555023, 'impression', '15', 240752626L, datetime.datetime(2013, 5, 25, 18, 10, 52), 0.0137045427974586, False, 'time']
['aerialent', 202555023, 'impression', '16', 240752394L, datetime.datetime(2013, 5, 25, 18, 10, 52), 0.0275313714380657, False, 'time']
['aerialent', 202555023, 'impression', '4', 240867485L, datetime.datetime(2013, 5, 25, 18, 10, 52), 0.186990905645806, False, 'time']
['aerialent', 202555023, 'impression', '1', 241179550L, datetime.datetime(2013, 5, 25, 18, 10, 52), 0.0333430559012904, False, 'time']
['aerialent', 202555023, 'impression', '12', 240754979L, datetime.datetime(2013, 5, 25, 18, 10, 52), 0.0169658898098533, False, 'time']
['aerialent', 202555023, 'impression', '13', 240754553L, datetime.datetime(2013, 5, 25, 18, 10, 52), 0.070400163927136, False, 'time']
['aerialent', 202555023, 'impression', '8', 240764321L, datetime.datetime(2013, 5, 25, 18, 10, 52), 0.00904887131596049, False, 'time']
['aerialent', 202555023, 'impression', '2', 240938922L, datetime.datetime(2013, 5, 25, 18, 10, 52), 0.0346863461660194, False, 'time']
['aerialent', 202555023, 'impression', '18', 240749782L, datetime.datetime(2013, 5, 25, 18, 10, 52), 0.0147888849146084, False, 'time']
['aerialent', 202555023, 'impression', '14', 240753473L, datetime.datetime(2013, 5, 25, 18, 10, 52), 0.0124205097181478, False, 'time']
['aerialent', 202555023, 'impression', '5', 240777480L, datetime.datetime(2013, 5, 25, 18, 10, 52), 0.0091533353433565, False, 'time']
['aerialent', 202555023, 'impression', '7', 240767099L, datetime.datetime(2013, 5, 25, 18, 10, 52), 0.0194523247654754, False, 'time']
['aerialent', 202555023, 'impression', '17', 240752257L, datetime.datetime(2013, 5, 25, 18, 10, 52), 0.0379896662960747, False, 'time']
['aerialent', 202555023, 'impression', '9', 240763684L, datetime.datetime(2013, 5, 25, 18, 10, 52), 0.0103101222618391, False, 'time']
['aerialent', 202555023, 'impression', '19', 240749476L, datetime.datetime(2013, 5, 25, 18, 10, 52), 0.0726396944263241, False, 'time']
['aerialent', 202555023, 'impression', '6', 240767639L, datetime.datetime(2013, 5, 25, 18, 10, 52), 0.223791630307351, False, 'time']
['aerialent', 202555023, 'impression', '20', 240749420L, datetime.datetime(2013, 5, 25, 18, 10, 52), 0.0278609040617936, False, 'time']
['aerialent', 202555023, 'view_full_application_via_name', '11', 240761539L, datetime.datetime(2013, 5, 25, 18, 10, 56), 0.0228390214839054, False, 'time']
['aerialent', 202555023, 'impression', '18', 240749782L, datetime.datetime(2013, 5, 25, 18, 11, 56), 0.0147888849146084, False, 'time']
['aerialent', 202555023, 'impression', '8', 240764321L, datetime.datetime(2013, 5, 25, 18, 11, 56), 0.00904887131596049, False, 'time']
['aerialent', 202555023, 'impression', '2', 240938922L, datetime.datetime(2013, 5, 25, 18, 11, 56), 0.0346863461660194, False, 'time']
['aerialent', 202555023, 'impression', '12', 240754979L, datetime.datetime(2013, 5, 25, 18, 11, 56), 0.0169658898098533, False, 'time']
['aerialent', 202555023, 'impression', '13', 240754553L, datetime.datetime(2013, 5, 25, 18, 11, 56), 0.070400163927136, False, 'time']
['aerialent', 202555023, 'impression', '20', 240749420L, datetime.datetime(2013, 5, 25, 18, 11, 56), 0.0278609040617936, False, 'time']
['aerialent', 202555023, 'impression', '19', 240749476L, datetime.datetime(2013, 5, 25, 18, 11, 56), 0.0726396944263241, False, 'time']
['aerialent', 202555023, 'impression', '9', 240763684L, datetime.datetime(2013, 5, 25, 18, 11, 56), 0.0103101222618391, False, 'time']
['aerialent', 202555023, 'impression', '6', 240767639L, datetime.datetime(2013, 5, 25, 18, 11, 56), 0.223791630307351, False, 'time']
['aerialent', 202555023, 'impression', '10', 240762198L, datetime.datetime(2013, 5, 25, 18, 11, 56), 0.0130398814954308, False, 'time']
['aerialent', 202555023, 'impression', '3', 240873780L, datetime.datetime(2013, 5, 25, 18, 11, 56), 0.0269859893466651, False, 'time']
['aerialent', 202555023, 'impression', '11', 240761539L, datetime.datetime(2013, 5, 25, 18, 11, 56), 0.0228390214839054, False, 'time']
['aerialent', 202555023, 'impression', '16', 240752394L, datetime.datetime(2013, 5, 25, 18, 11, 56), 0.0275313714380657, False, 'time']
['aerialent', 202555023, 'impression', '15', 240752626L, datetime.datetime(2013, 5, 25, 18, 11, 56), 0.0137045427974586, False, 'time']
['aerialent', 202555023, 'impression', '4', 240867485L, datetime.datetime(2013, 5, 25, 18, 11, 56), 0.186990905645806, False, 'time']
['aerialent', 202555023, 'impression', '1', 241179550L, datetime.datetime(2013, 5, 25, 18, 11, 56), 0.0333430559012904, False, 'time']
['aerialent', 202555023, 'impression', '14', 240753473L, datetime.datetime(2013, 5, 25, 18, 11, 56), 0.0124205097181478, False, 'time']
['aerialent', 202555023, 'impression', '17', 240752257L, datetime.datetime(2013, 5, 25, 18, 11, 56), 0.0379896662960747, False, 'time']
['aerialent', 202555023, 'impression', '5', 240777480L, datetime.datetime(2013, 5, 25, 18, 11, 56), 0.0091533353433565, False, 'time']
['aerialent', 202555023, 'impression', '7', 240767099L, datetime.datetime(2013, 5, 25, 18, 11, 56), 0.0194523247654754, False, 'time']
['aerialent', 202555023, 'expand_tile', '12', 240754979L, datetime.datetime(2013, 5, 25, 18, 12, 5), 0.0169658898098533, False, 'time']
['aerialent', 202555023, 'view_full_application', '12', 240754979L, datetime.datetime(2013, 5, 25, 18, 12, 11), 0.0169658898098533, False, 'time']
['aerialent', 202555023, 'impression', '11', 240761539L, datetime.datetime(2013, 5, 25, 18, 12, 54), 0.0228390214839054, False, 'time']
['aerialent', 202555023, 'impression', '10', 240762198L, datetime.datetime(2013, 5, 25, 18, 12, 54), 0.0130398814954308, False, 'time']
['aerialent', 202555023, 'impression', '3', 240873780L, datetime.datetime(2013, 5, 25, 18, 12, 54), 0.0269859893466651, False, 'time']
['aerialent', 202555023, 'impression', '14', 240753473L, datetime.datetime(2013, 5, 25, 18, 12, 54), 0.0124205097181478, False, 'time']
['aerialent', 202555023, 'impression', '7', 240767099L, datetime.datetime(2013, 5, 25, 18, 12, 54), 0.0194523247654754, False, 'time']
['aerialent', 202555023, 'impression', '17', 240752257L, datetime.datetime(2013, 5, 25, 18, 12, 54), 0.0379896662960747, False, 'time']
['aerialent', 202555023, 'impression', '5', 240777480L, datetime.datetime(2013, 5, 25, 18, 12, 54), 0.0091533353433565, False, 'time']
['aerialent', 202555023, 'impression', '13', 240754553L, datetime.datetime(2013, 5, 25, 18, 12, 54), 0.070400163927136, False, 'time']
['aerialent', 202555023, 'impression', '12', 240754979L, datetime.datetime(2013, 5, 25, 18, 12, 54), 0.0169658898098533, False, 'time']
['aerialent', 202555023, 'impression', '20', 240749420L, datetime.datetime(2013, 5, 25, 18, 12, 54), 0.0278609040617936, False, 'time']
['aerialent', 202555023, 'impression', '6', 240767639L, datetime.datetime(2013, 5, 25, 18, 12, 54), 0.223791630307351, False, 'time']
['aerialent', 202555023, 'impression', '19', 240749476L, datetime.datetime(2013, 5, 25, 18, 12, 54), 0.0726396944263241, False, 'time']
['aerialent', 202555023, 'impression', '9', 240763684L, datetime.datetime(2013, 5, 25, 18, 12, 54), 0.0103101222618391, False, 'time']
['aerialent', 202555023, 'impression', '2', 240938922L, datetime.datetime(2013, 5, 25, 18, 12, 54), 0.0346863461660194, False, 'time']
['aerialent', 202555023, 'impression', '8', 240764321L, datetime.datetime(2013, 5, 25, 18, 12, 54), 0.00904887131596049, False, 'time']
['aerialent', 202555023, 'impression', '18', 240749782L, datetime.datetime(2013, 5, 25, 18, 12, 54), 0.0147888849146084, False, 'time']
['aerialent', 202555023, 'impression', '4', 240867485L, datetime.datetime(2013, 5, 25, 18, 12, 54), 0.186990905645806, False, 'time']
['aerialent', 202555023, 'impression', '16', 240752394L, datetime.datetime(2013, 5, 25, 18, 12, 54), 0.0275313714380657, False, 'time']
['aerialent', 202555023, 'impression', '15', 240752626L, datetime.datetime(2013, 5, 25, 18, 12, 54), 0.0137045427974586, False, 'time']
['aerialent', 202555023, 'impression', '1', 241179550L, datetime.datetime(2013, 5, 25, 18, 12, 54), 0.0333430559012904, False, 'time']
['aerialent', 202555023, 'expand_tile', '13', 240754553L, datetime.datetime(2013, 5, 25, 18, 13, 9), 0.070400163927136, False, 'time']
['aerialent', 202555023, 'view_full_application', '13', 240754553L, datetime.datetime(2013, 5, 25, 18, 13, 11), 0.070400163927136, False, 'time']
['aerialent', 202555023, 'impression', '17', 240752257L, datetime.datetime(2013, 5, 25, 18, 15, 22), 0.0379896662960747, False, 'time']
['aerialent', 202555023, 'impression', '5', 240777480L, datetime.datetime(2013, 5, 25, 18, 15, 22), 0.0091533353433565, False, 'time']
['aerialent', 202555023, 'impression', '7', 240767099L, datetime.datetime(2013, 5, 25, 18, 15, 22), 0.0194523247654754, False, 'time']
['aerialent', 202555023, 'impression', '16', 240752394L, datetime.datetime(2013, 5, 25, 18, 15, 22), 0.0275313714380657, False, 'time']
['aerialent', 202555023, 'impression', '15', 240752626L, datetime.datetime(2013, 5, 25, 18, 15, 22), 0.0137045427974586, False, 'time']
['aerialent', 202555023, 'impression', '4', 240867485L, datetime.datetime(2013, 5, 25, 18, 15, 22), 0.186990905645806, False, 'time']
['aerialent', 202555023, 'impression', '19', 240749476L, datetime.datetime(2013, 5, 25, 18, 15, 22), 0.0726396944263241, False, 'time']
['aerialent', 202555023, 'impression', '9', 240763684L, datetime.datetime(2013, 5, 25, 18, 15, 22), 0.0103101222618391, False, 'time']
['aerialent', 202555023, 'impression', '6', 240767639L, datetime.datetime(2013, 5, 25, 18, 15, 22), 0.223791630307351, False, 'time']
['aerialent', 202555023, 'impression', '20', 240749420L, datetime.datetime(2013, 5, 25, 18, 15, 22), 0.0278609040617936, False, 'time']
['aerialent', 202555023, 'impression', '2', 240938922L, datetime.datetime(2013, 5, 25, 18, 15, 22), 0.0346863461660194, False, 'time']
['aerialent', 202555023, 'impression', '8', 240764321L, datetime.datetime(2013, 5, 25, 18, 15, 22), 0.00904887131596049, False, 'time']
['aerialent', 202555023, 'impression', '18', 240749782L, datetime.datetime(2013, 5, 25, 18, 15, 22), 0.0147888849146084, False, 'time']
['aerialent', 202555023, 'impression', '14', 240753473L, datetime.datetime(2013, 5, 25, 18, 15, 22), 0.0124205097181478, False, 'time']
['aerialent', 202555023, 'impression', '12', 240754979L, datetime.datetime(2013, 5, 25, 18, 15, 22), 0.0169658898098533, False, 'time']
['aerialent', 202555023, 'impression', '13', 240754553L, datetime.datetime(2013, 5, 25, 18, 15, 22), 0.070400163927136, False, 'time']
['aerialent', 202555023, 'impression', '1', 241179550L, datetime.datetime(2013, 5, 25, 18, 15, 22), 0.0333430559012904, False, 'time']
['aerialent', 202555023, 'impression', '3', 240873780L, datetime.datetime(2013, 5, 25, 18, 15, 22), 0.0269859893466651, False, 'time']
['aerialent', 202555023, 'impression', '10', 240762198L, datetime.datetime(2013, 5, 25, 18, 15, 22), 0.0130398814954308, False, 'time']
['aerialent', 202555023, 'impression', '11', 240761539L, datetime.datetime(2013, 5, 25, 18, 15, 22), 0.0228390214839054, False, 'time']

['aerialent', 202555023, 'impression', '14', 240753473L, datetime.datetime(2013, 5, 25, 21, 48, 27), 0.0124205097181478, False, 'time']
['aerialent', 202555023, 'impression', '9', 240763684L, datetime.datetime(2013, 5, 25, 21, 48, 27), 0.0103101222618391, False, 'time']
['aerialent', 202555023, 'impression', '6', 240767639L, datetime.datetime(2013, 5, 25, 21, 48, 27), 0.223791630307351, False, 'time']
['aerialent', 202555023, 'impression', '20', 240749420L, datetime.datetime(2013, 5, 25, 21, 48, 27), 0.0278609040617936, False, 'time']
['aerialent', 202555023, 'impression', '19', 240749476L, datetime.datetime(2013, 5, 25, 21, 48, 27), 0.0726396944263241, False, 'time']
['aerialent', 202555023, 'impression', '13', 240754553L, datetime.datetime(2013, 5, 25, 21, 48, 27), 0.070400163927136, False, 'time']
['aerialent', 202555023, 'impression', '12', 240754979L, datetime.datetime(2013, 5, 25, 21, 48, 27), 0.0169658898098533, False, 'time']
['aerialent', 202555023, 'impression', '11', 240761539L, datetime.datetime(2013, 5, 25, 21, 48, 27), 0.0228390214839054, False, 'time']
['aerialent', 202555023, 'impression', '3', 240873780L, datetime.datetime(2013, 5, 25, 21, 48, 27), 0.0269859893466651, False, 'time']
['aerialent', 202555023, 'impression', '10', 240762198L, datetime.datetime(2013, 5, 25, 21, 48, 27), 0.0130398814954308, False, 'time']
['aerialent', 202555023, 'impression', '1', 241179550L, datetime.datetime(2013, 5, 25, 21, 48, 27), 0.0333430559012904, False, 'time']
['aerialent', 202555023, 'impression', '5', 240777480L, datetime.datetime(2013, 5, 25, 21, 48, 27), 0.0091533353433565, False, 'time']
['aerialent', 202555023, 'impression', '17', 240752257L, datetime.datetime(2013, 5, 25, 21, 48, 27), 0.0379896662960747, False, 'time']
['aerialent', 202555023, 'impression', '7', 240767099L, datetime.datetime(2013, 5, 25, 21, 48, 27), 0.0194523247654754, False, 'time']
['aerialent', 202555023, 'impression', '16', 240752394L, datetime.datetime(2013, 5, 25, 21, 48, 27), 0.0275313714380657, False, 'time']
['aerialent', 202555023, 'impression', '4', 240867485L, datetime.datetime(2013, 5, 25, 21, 48, 27), 0.186990905645806, False, 'time']
['aerialent', 202555023, 'impression', '15', 240752626L, datetime.datetime(2013, 5, 25, 21, 48, 27), 0.0137045427974586, False, 'time']
['aerialent', 202555023, 'impression', '2', 240938922L, datetime.datetime(2013, 5, 25, 21, 48, 27), 0.0346863461660194, False, 'time']
['aerialent', 202555023, 'impression', '18', 240749782L, datetime.datetime(2013, 5, 25, 21, 48, 27), 0.0147888849146084, False, 'time']
['aerialent', 202555023, 'impression', '8', 240764321L, datetime.datetime(2013, 5, 25, 21, 48, 27), 0.00904887131596049, False, 'time']
['aerialent', 202555023, 'expand_tile', '13', 240754553L, datetime.datetime(2013, 5, 25, 21, 48, 39), 0.070400163927136, False, 'time']
['aerialent', 202555023, 'view_full_application', '13', 240754553L, datetime.datetime(2013, 5, 25, 21, 48, 42), 0.070400163927136, False, 'time']
['aerialent', 202555023, 'impression', '19', 240749476L, datetime.datetime(2013, 5, 25, 21, 49, 31), 0.0726396944263241, False, 'time']
['aerialent', 202555023, 'impression', '20', 240749420L, datetime.datetime(2013, 5, 25, 21, 49, 31), 0.0278609040617936, False, 'time']
['aerialent', 202555023, 'impression', '6', 240767639L, datetime.datetime(2013, 5, 25, 21, 49, 31), 0.223791630307351, False, 'time']
['aerialent', 202555023, 'impression', '9', 240763684L, datetime.datetime(2013, 5, 25, 21, 49, 31), 0.0103101222618391, False, 'time']
['aerialent', 202555023, 'impression', '15', 240752626L, datetime.datetime(2013, 5, 25, 21, 49, 31), 0.0137045427974586, False, 'time']
['aerialent', 202555023, 'impression', '16', 240752394L, datetime.datetime(2013, 5, 25, 21, 49, 31), 0.0275313714380657, False, 'time']
['aerialent', 202555023, 'impression', '4', 240867485L, datetime.datetime(2013, 5, 25, 21, 49, 31), 0.186990905645806, False, 'time']
['aerialent', 202555023, 'impression', '8', 240764321L, datetime.datetime(2013, 5, 25, 21, 49, 31), 0.00904887131596049, False, 'time']
['aerialent', 202555023, 'impression', '2', 240938922L, datetime.datetime(2013, 5, 25, 21, 49, 31), 0.0346863461660194, False, 'time']
['aerialent', 202555023, 'impression', '18', 240749782L, datetime.datetime(2013, 5, 25, 21, 49, 31), 0.0147888849146084, False, 'time']
['aerialent', 202555023, 'impression', '1', 241179550L, datetime.datetime(2013, 5, 25, 21, 49, 31), 0.0333430559012904, False, 'time']
['aerialent', 202555023, 'impression', '13', 240754553L, datetime.datetime(2013, 5, 25, 21, 49, 31), 0.070400163927136, False, 'time']
['aerialent', 202555023, 'impression', '12', 240754979L, datetime.datetime(2013, 5, 25, 21, 49, 31), 0.0169658898098533, False, 'time']
['aerialent', 202555023, 'impression', '14', 240753473L, datetime.datetime(2013, 5, 25, 21, 49, 31), 0.0124205097181478, False, 'time']
['aerialent', 202555023, 'impression', '17', 240752257L, datetime.datetime(2013, 5, 25, 21, 49, 31), 0.0379896662960747, False, 'time']
['aerialent', 202555023, 'impression', '5', 240777480L, datetime.datetime(2013, 5, 25, 21, 49, 31), 0.0091533353433565, False, 'time']
['aerialent', 202555023, 'impression', '7', 240767099L, datetime.datetime(2013, 5, 25, 21, 49, 31), 0.0194523247654754, False, 'time']
['aerialent', 202555023, 'impression', '10', 240762198L, datetime.datetime(2013, 5, 25, 21, 49, 31), 0.0130398814954308, False, 'time']
['aerialent', 202555023, 'impression', '3', 240873780L, datetime.datetime(2013, 5, 25, 21, 49, 31), 0.0269859893466651, False, 'time']
['aerialent', 202555023, 'impression', '11', 240761539L, datetime.datetime(2013, 5, 25, 21, 49, 31), 0.0228390214839054, False, 'time']
['aerialent', 202555023, 'expand_tile', '14', 240753473L, datetime.datetime(2013, 5, 25, 21, 49, 36), 0.0124205097181478, False, 'time']
['aerialent', 202555023, 'view_full_application', '14', 240753473L, datetime.datetime(2013, 5, 25, 21, 49, 38), 0.0124205097181478, False, 'time']
['aerialent', 202555023, 'impression', '1', 241179550L, datetime.datetime(2013, 5, 25, 21, 51, 57), 0.0333430559012904, False, 'time']
['aerialent', 202555023, 'impression', '12', 240754979L, datetime.datetime(2013, 5, 25, 21, 51, 57), 0.0169658898098533, False, 'time']
['aerialent', 202555023, 'impression', '13', 240754553L, datetime.datetime(2013, 5, 25, 21, 51, 57), 0.070400163927136, False, 'time']
['aerialent', 202555023, 'impression', '9', 240763684L, datetime.datetime(2013, 5, 25, 21, 51, 57), 0.0103101222618391, False, 'time']
['aerialent', 202555023, 'impression', '19', 240749476L, datetime.datetime(2013, 5, 25, 21, 51, 57), 0.0726396944263241, False, 'time']
['aerialent', 202555023, 'impression', '20', 240749420L, datetime.datetime(2013, 5, 25, 21, 51, 57), 0.0278609040617936, False, 'time']
['aerialent', 202555023, 'impression', '6', 240767639L, datetime.datetime(2013, 5, 25, 21, 51, 57), 0.223791630307351, False, 'time']
['aerialent', 202555023, 'impression', '4', 240867485L, datetime.datetime(2013, 5, 25, 21, 51, 57), 0.186990905645806, False, 'time']
['aerialent', 202555023, 'impression', '16', 240752394L, datetime.datetime(2013, 5, 25, 21, 51, 57), 0.0275313714380657, False, 'time']
['aerialent', 202555023, 'impression', '15', 240752626L, datetime.datetime(2013, 5, 25, 21, 51, 57), 0.0137045427974586, False, 'time']
['aerialent', 202555023, 'impression', '14', 240753473L, datetime.datetime(2013, 5, 25, 21, 51, 57), 0.0124205097181478, False, 'time']
['aerialent', 202555023, 'impression', '17', 240752257L, datetime.datetime(2013, 5, 25, 21, 51, 57), 0.0379896662960747, False, 'time']
['aerialent', 202555023, 'impression', '5', 240777480L, datetime.datetime(2013, 5, 25, 21, 51, 57), 0.0091533353433565, False, 'time']
['aerialent', 202555023, 'impression', '7', 240767099L, datetime.datetime(2013, 5, 25, 21, 51, 57), 0.0194523247654754, False, 'time']
['aerialent', 202555023, 'impression', '3', 240873780L, datetime.datetime(2013, 5, 25, 21, 51, 57), 0.0269859893466651, False, 'time']
['aerialent', 202555023, 'impression', '11', 240761539L, datetime.datetime(2013, 5, 25, 21, 51, 57), 0.0228390214839054, False, 'time']
['aerialent', 202555023, 'impression', '10', 240762198L, datetime.datetime(2013, 5, 25, 21, 51, 57), 0.0130398814954308, False, 'time']
['aerialent', 202555023, 'impression', '8', 240764321L, datetime.datetime(2013, 5, 25, 21, 51, 57), 0.00904887131596049, False, 'time']
['aerialent', 202555023, 'impression', '2', 240938922L, datetime.datetime(2013, 5, 25, 21, 51, 57), 0.0346863461660194, False, 'time']
['aerialent', 202555023, 'impression', '18', 240749782L, datetime.datetime(2013, 5, 25, 21, 51, 57), 0.0147888849146084, False, 'time']
['aerialent', 202555023, 'view_full_application_via_name', '15', 240752626L, datetime.datetime(2013, 5, 25, 21, 52, 8), 0.0137045427974586, False, 'time']
['aerialent', 202555023, 'impression', '15', 240752626L, datetime.datetime(2013, 5, 25, 21, 53, 5), 0.0137045427974586, False, 'time']
['aerialent', 202555023, 'impression', '4', 240867485L, datetime.datetime(2013, 5, 25, 21, 53, 5), 0.186990905645806, False, 'time']
['aerialent', 202555023, 'impression', '16', 240752394L, datetime.datetime(2013, 5, 25, 21, 53, 5), 0.0275313714380657, False, 'time']
['aerialent', 202555023, 'impression', '10', 240762198L, datetime.datetime(2013, 5, 25, 21, 53, 5), 0.0130398814954308, False, 'time']
['aerialent', 202555023, 'impression', '3', 240873780L, datetime.datetime(2013, 5, 25, 21, 53, 5), 0.0269859893466651, False, 'time']
['aerialent', 202555023, 'impression', '11', 240761539L, datetime.datetime(2013, 5, 25, 21, 53, 5), 0.0228390214839054, False, 'time']
['aerialent', 202555023, 'impression', '8', 240764321L, datetime.datetime(2013, 5, 25, 21, 53, 5), 0.00904887131596049, False, 'time']
['aerialent', 202555023, 'impression', '2', 240938922L, datetime.datetime(2013, 5, 25, 21, 53, 5), 0.0346863461660194, False, 'time']
['aerialent', 202555023, 'impression', '18', 240749782L, datetime.datetime(2013, 5, 25, 21, 53, 5), 0.0147888849146084, False, 'time']
['aerialent', 202555023, 'impression', '9', 240763684L, datetime.datetime(2013, 5, 25, 21, 53, 5), 0.0103101222618391, False, 'time']
['aerialent', 202555023, 'impression', '19', 240749476L, datetime.datetime(2013, 5, 25, 21, 53, 5), 0.0726396944263241, False, 'time']
['aerialent', 202555023, 'impression', '6', 240767639L, datetime.datetime(2013, 5, 25, 21, 53, 5), 0.223791630307351, False, 'time']
['aerialent', 202555023, 'impression', '20', 240749420L, datetime.datetime(2013, 5, 25, 21, 53, 5), 0.0278609040617936, False, 'time']
['aerialent', 202555023, 'impression', '17', 240752257L, datetime.datetime(2013, 5, 25, 21, 53, 5), 0.0379896662960747, False, 'time']
['aerialent', 202555023, 'impression', '7', 240767099L, datetime.datetime(2013, 5, 25, 21, 53, 5), 0.0194523247654754, False, 'time']
['aerialent', 202555023, 'impression', '5', 240777480L, datetime.datetime(2013, 5, 25, 21, 53, 5), 0.0091533353433565, False, 'time']
['aerialent', 202555023, 'impression', '14', 240753473L, datetime.datetime(2013, 5, 25, 21, 53, 5), 0.0124205097181478, False, 'time']
['aerialent', 202555023, 'impression', '13', 240754553L, datetime.datetime(2013, 5, 25, 21, 53, 5), 0.070400163927136, False, 'time']
['aerialent', 202555023, 'impression', '12', 240754979L, datetime.datetime(2013, 5, 25, 21, 53, 5), 0.0169658898098533, False, 'time']
['aerialent', 202555023, 'impression', '1', 241179550L, datetime.datetime(2013, 5, 25, 21, 53, 5), 0.0333430559012904, False, 'time']
['aerialent', 202555023, 'expand_tile', '16', 240752394L, datetime.datetime(2013, 5, 25, 21, 53, 10), 0.0275313714380657, False, 'time']
['aerialent', 202555023, 'view_full_application', '16', 240752394L, datetime.datetime(2013, 5, 25, 21, 53, 12), 0.0275313714380657, False, 'time']
['aerialent', 202555023, 'impression', '13', 240754553L, datetime.datetime(2013, 5, 25, 21, 57, 41), 0.070400163927136, False, 'time']
['aerialent', 202555023, 'impression', '12', 240754979L, datetime.datetime(2013, 5, 25, 21, 57, 41), 0.0169658898098533, False, 'time']
['aerialent', 202555023, 'impression', '10', 240762198L, datetime.datetime(2013, 5, 25, 21, 57, 41), 0.0130398814954308, False, 'time']
['aerialent', 202555023, 'impression', '11', 240761539L, datetime.datetime(2013, 5, 25, 21, 57, 41), 0.0228390214839054, False, 'time']
['aerialent', 202555023, 'impression', '3', 240873780L, datetime.datetime(2013, 5, 25, 21, 57, 41), 0.0269859893466651, False, 'time']
['aerialent', 202555023, 'impression', '19', 240749476L, datetime.datetime(2013, 5, 25, 21, 57, 41), 0.0726396944263241, False, 'time']
['aerialent', 202555023, 'impression', '6', 240767639L, datetime.datetime(2013, 5, 25, 21, 57, 41), 0.223791630307351, False, 'time']
['aerialent', 202555023, 'impression', '9', 240763684L, datetime.datetime(2013, 5, 25, 21, 57, 41), 0.0103101222618391, False, 'time']
['aerialent', 202555023, 'impression', '20', 240749420L, datetime.datetime(2013, 5, 25, 21, 57, 41), 0.0278609040617936, False, 'time']
['aerialent', 202555023, 'impression', '17', 240752257L, datetime.datetime(2013, 5, 25, 21, 57, 41), 0.0379896662960747, False, 'time']
['aerialent', 202555023, 'impression', '7', 240767099L, datetime.datetime(2013, 5, 25, 21, 57, 41), 0.0194523247654754, False, 'time']
['aerialent', 202555023, 'impression', '5', 240777480L, datetime.datetime(2013, 5, 25, 21, 57, 41), 0.0091533353433565, False, 'time']
['aerialent', 202555023, 'impression', '14', 240753473L, datetime.datetime(2013, 5, 25, 21, 57, 41), 0.0124205097181478, False, 'time']
['aerialent', 202555023, 'impression', '15', 240752626L, datetime.datetime(2013, 5, 25, 21, 57, 41), 0.0137045427974586, False, 'time']
['aerialent', 202555023, 'impression', '4', 240867485L, datetime.datetime(2013, 5, 25, 21, 57, 41), 0.186990905645806, False, 'time']
['aerialent', 202555023, 'impression', '16', 240752394L, datetime.datetime(2013, 5, 25, 21, 57, 41), 0.0275313714380657, False, 'time']
['aerialent', 202555023, 'impression', '1', 241179550L, datetime.datetime(2013, 5, 25, 21, 57, 41), 0.0333430559012904, False, 'time']
['aerialent', 202555023, 'impression', '2', 240938922L, datetime.datetime(2013, 5, 25, 21, 57, 41), 0.0346863461660194, False, 'time']
['aerialent', 202555023, 'impression', '8', 240764321L, datetime.datetime(2013, 5, 25, 21, 57, 41), 0.00904887131596049, False, 'time']
['aerialent', 202555023, 'impression', '18', 240749782L, datetime.datetime(2013, 5, 25, 21, 57, 41), 0.0147888849146084, False, 'time']
['aerialent', 202555023, 'expand_tile', '17', 240752257L, datetime.datetime(2013, 5, 25, 21, 57, 56), 0.0379896662960747, False, 'time']
['aerialent', 202555023, 'view_full_application', '17', 240752257L, datetime.datetime(2013, 5, 25, 21, 57, 58), 0.0379896662960747, False, 'time']
['aerialent', 202555023, 'impression', '18', 240749782L, datetime.datetime(2013, 5, 25, 22, 8, 46), 0.0147888849146084, False, 'time']
['aerialent', 202555023, 'impression', '8', 240764321L, datetime.datetime(2013, 5, 25, 22, 8, 46), 0.00904887131596049, False, 'time']
['aerialent', 202555023, 'impression', '2', 240938922L, datetime.datetime(2013, 5, 25, 22, 8, 46), 0.0346863461660194, False, 'time']
['aerialent', 202555023, 'impression', '3', 240873780L, datetime.datetime(2013, 5, 25, 22, 8, 46), 0.0269859893466651, False, 'time']
['aerialent', 202555023, 'impression', '10', 240762198L, datetime.datetime(2013, 5, 25, 22, 8, 46), 0.0130398814954308, False, 'time']
['aerialent', 202555023, 'impression', '11', 240761539L, datetime.datetime(2013, 5, 25, 22, 8, 46), 0.0228390214839054, False, 'time']
['aerialent', 202555023, 'impression', '14', 240753473L, datetime.datetime(2013, 5, 25, 22, 8, 46), 0.0124205097181478, False, 'time']
['aerialent', 202555023, 'impression', '16', 240752394L, datetime.datetime(2013, 5, 25, 22, 8, 46), 0.0275313714380657, False, 'time']
['aerialent', 202555023, 'impression', '4', 240867485L, datetime.datetime(2013, 5, 25, 22, 8, 46), 0.186990905645806, False, 'time']
['aerialent', 202555023, 'impression', '15', 240752626L, datetime.datetime(2013, 5, 25, 22, 8, 46), 0.0137045427974586, False, 'time']
['aerialent', 202555023, 'impression', '12', 240754979L, datetime.datetime(2013, 5, 25, 22, 8, 46), 0.0169658898098533, False, 'time']
['aerialent', 202555023, 'impression', '13', 240754553L, datetime.datetime(2013, 5, 25, 22, 8, 46), 0.070400163927136, False, 'time']
['aerialent', 202555023, 'impression', '5', 240777480L, datetime.datetime(2013, 5, 25, 22, 8, 46), 0.0091533353433565, False, 'time']
['aerialent', 202555023, 'impression', '17', 240752257L, datetime.datetime(2013, 5, 25, 22, 8, 46), 0.0379896662960747, False, 'time']
['aerialent', 202555023, 'impression', '7', 240767099L, datetime.datetime(2013, 5, 25, 22, 8, 46), 0.0194523247654754, False, 'time']
['aerialent', 202555023, 'impression', '9', 240763684L, datetime.datetime(2013, 5, 25, 22, 8, 46), 0.0103101222618391, False, 'time']
['aerialent', 202555023, 'impression', '20', 240749420L, datetime.datetime(2013, 5, 25, 22, 8, 46), 0.0278609040617936, False, 'time']
['aerialent', 202555023, 'impression', '19', 240749476L, datetime.datetime(2013, 5, 25, 22, 8, 46), 0.0726396944263241, False, 'time']
['aerialent', 202555023, 'impression', '6', 240767639L, datetime.datetime(2013, 5, 25, 22, 8, 46), 0.223791630307351, False, 'time']
['aerialent', 202555023, 'impression', '1', 241179550L, datetime.datetime(2013, 5, 25, 22, 8, 46), 0.0333430559012904, False, 'time']
['aerialent', 202555023, 'expand_tile', '18', 240749782L, datetime.datetime(2013, 5, 25, 22, 8, 52), 0.0147888849146084, False, 'time']
['aerialent', 202555023, 'view_full_application', '18', 240749782L, datetime.datetime(2013, 5, 25, 22, 9), 0.0147888849146084, False, 'time']
['aerialent', 202555023, 'impression', '1', 241179550L, datetime.datetime(2013, 5, 25, 22, 11, 31), 0.0333430559012904, False, 'time']
['aerialent', 202555023, 'impression', '12', 240754979L, datetime.datetime(2013, 5, 25, 22, 11, 31), 0.0169658898098533, False, 'time']
['aerialent', 202555023, 'impression', '13', 240754553L, datetime.datetime(2013, 5, 25, 22, 11, 31), 0.070400163927136, False, 'time']
['aerialent', 202555023, 'impression', '16', 240752394L, datetime.datetime(2013, 5, 25, 22, 11, 31), 0.0275313714380657, False, 'time']
['aerialent', 202555023, 'impression', '15', 240752626L, datetime.datetime(2013, 5, 25, 22, 11, 31), 0.0137045427974586, False, 'time']
['aerialent', 202555023, 'impression', '4', 240867485L, datetime.datetime(2013, 5, 25, 22, 11, 31), 0.186990905645806, False, 'time']
['aerialent', 202555023, 'impression', '3', 240873780L, datetime.datetime(2013, 5, 25, 22, 11, 31), 0.0269859893466651, False, 'time']
['aerialent', 202555023, 'impression', '11', 240761539L, datetime.datetime(2013, 5, 25, 22, 11, 31), 0.0228390214839054, False, 'time']
['aerialent', 202555023, 'impression', '10', 240762198L, datetime.datetime(2013, 5, 25, 22, 11, 31), 0.0130398814954308, False, 'time']
['aerialent', 202555023, 'impression', '18', 240749782L, datetime.datetime(2013, 5, 25, 22, 11, 31), 0.0147888849146084, False, 'time']
['aerialent', 202555023, 'impression', '2', 240938922L, datetime.datetime(2013, 5, 25, 22, 11, 31), 0.0346863461660194, False, 'time']
['aerialent', 202555023, 'impression', '8', 240764321L, datetime.datetime(2013, 5, 25, 22, 11, 31), 0.00904887131596049, False, 'time']
['aerialent', 202555023, 'impression', '6', 240767639L, datetime.datetime(2013, 5, 25, 22, 11, 31), 0.223791630307351, False, 'time']
['aerialent', 202555023, 'impression', '9', 240763684L, datetime.datetime(2013, 5, 25, 22, 11, 31), 0.0103101222618391, False, 'time']
['aerialent', 202555023, 'impression', '19', 240749476L, datetime.datetime(2013, 5, 25, 22, 11, 31), 0.0726396944263241, False, 'time']
['aerialent', 202555023, 'impression', '20', 240749420L, datetime.datetime(2013, 5, 25, 22, 11, 31), 0.0278609040617936, False, 'time']
['aerialent', 202555023, 'impression', '17', 240752257L, datetime.datetime(2013, 5, 25, 22, 11, 31), 0.0379896662960747, False, 'time']
['aerialent', 202555023, 'impression', '5', 240777480L, datetime.datetime(2013, 5, 25, 22, 11, 31), 0.0091533353433565, False, 'time']
['aerialent', 202555023, 'impression', '7', 240767099L, datetime.datetime(2013, 5, 25, 22, 11, 31), 0.0194523247654754, False, 'time']
['aerialent', 202555023, 'impression', '14', 240753473L, datetime.datetime(2013, 5, 25, 22, 11, 31), 0.0124205097181478, False, 'time']
['aerialent', 202555023, 'impression', '18', 240749782L, datetime.datetime(2013, 5, 25, 22, 11, 35), 0.0147888849146084, False, 'time']
['aerialent', 202555023, 'impression', '17', 240752257L, datetime.datetime(2013, 5, 25, 22, 11, 36), 0.0379896662960747, False, 'time']
['aerialent', 202555023, 'expand_tile', '19', 240749476L, datetime.datetime(2013, 5, 25, 22, 11, 38), 0.0726396944263241, False, 'time']
['aerialent', 202555023, 'view_full_application', '19', 240749476L, datetime.datetime(2013, 5, 25, 22, 11, 41), 0.0726396944263241, False, 'time']
['aerialent', 202555023, 'impression', '12', 240754979L, datetime.datetime(2013, 5, 25, 22, 15, 8), 0.0169658898098533, False, 'time']
['aerialent', 202555023, 'impression', '13', 240754553L, datetime.datetime(2013, 5, 25, 22, 15, 8), 0.070400163927136, False, 'time']
['aerialent', 202555023, 'impression', '15', 240752626L, datetime.datetime(2013, 5, 25, 22, 15, 8), 0.0137045427974586, False, 'time']
['aerialent', 202555023, 'impression', '20', 240749185L, datetime.datetime(2013, 5, 25, 22, 15, 8), 0.0599345921624204, False, 'time']
['aerialent', 202555023, 'impression', '4', 240867485L, datetime.datetime(2013, 5, 25, 22, 15, 8), 0.186990905645806, False, 'time']
['aerialent', 202555023, 'impression', '16', 240752394L, datetime.datetime(2013, 5, 25, 22, 15, 8), 0.0275313714380657, False, 'time']
['aerialent', 202555023, 'impression', '17', 240752257L, datetime.datetime(2013, 5, 25, 22, 15, 8), 0.0379896662960747, False, 'time']
['aerialent', 202555023, 'impression', '5', 240777480L, datetime.datetime(2013, 5, 25, 22, 15, 8), 0.0091533353433565, False, 'time']
['aerialent', 202555023, 'impression', '7', 240767099L, datetime.datetime(2013, 5, 25, 22, 15, 8), 0.0194523247654754, False, 'time']
['aerialent', 202555023, 'impression', '14', 240753473L, datetime.datetime(2013, 5, 25, 22, 15, 8), 0.0124205097181478, False, 'time']
['aerialent', 202555023, 'impression', '1', 241179550L, datetime.datetime(2013, 5, 25, 22, 15, 8), 0.0333430559012904, False, 'time']
['aerialent', 202555023, 'impression', '10', 240762198L, datetime.datetime(2013, 5, 25, 22, 15, 8), 0.0130398814954308, False, 'time']
['aerialent', 202555023, 'impression', '3', 240873780L, datetime.datetime(2013, 5, 25, 22, 15, 8), 0.0269859893466651, False, 'time']
['aerialent', 202555023, 'impression', '11', 240761539L, datetime.datetime(2013, 5, 25, 22, 15, 8), 0.0228390214839054, False, 'time']
['aerialent', 202555023, 'impression', '9', 240763684L, datetime.datetime(2013, 5, 25, 22, 15, 8), 0.0103101222618391, False, 'time']
['aerialent', 202555023, 'impression', '6', 240767639L, datetime.datetime(2013, 5, 25, 22, 15, 8), 0.223791630307351, False, 'time']
['aerialent', 202555023, 'impression', '19', 240749420L, datetime.datetime(2013, 5, 25, 22, 15, 8), 0.0278609040617936, False, 'time']
['aerialent', 202555023, 'impression', '18', 240749476L, datetime.datetime(2013, 5, 25, 22, 15, 8), 0.0726396944263241, False, 'time']
['aerialent', 202555023, 'impression', '8', 240764321L, datetime.datetime(2013, 5, 25, 22, 15, 8), 0.00904887131596049, False, 'time']
['aerialent', 202555023, 'impression', '2', 240938922L, datetime.datetime(2013, 5, 25, 22, 15, 8), 0.0346863461660194, False, 'time']
['aerialent', 202555023, 'expand_tile', '19', 240749420L, datetime.datetime(2013, 5, 25, 22, 15, 14), 0.0278609040617936, False, 'time']
['aerialent', 202555023, 'view_full_application', '19', 240749420L, datetime.datetime(2013, 5, 25, 22, 15, 16), 0.0278609040617936, False, 'time']
['aerialent', 202555023, 'impression', '1', 241179550L, datetime.datetime(2013, 5, 25, 22, 17, 32), 0.0333430559012904, False, 'time']
['aerialent', 202555023, 'impression', '8', 240764321L, datetime.datetime(2013, 5, 25, 22, 17, 32), 0.00904887131596049, False, 'time']
['aerialent', 202555023, 'impression', '2', 240938922L, datetime.datetime(2013, 5, 25, 22, 17, 32), 0.0346863461660194, False, 'time']
['aerialent', 202555023, 'impression', '4', 240867485L, datetime.datetime(2013, 5, 25, 22, 17, 32), 0.186990905645806, False, 'time']
['aerialent', 202555023, 'impression', '15', 240752626L, datetime.datetime(2013, 5, 25, 22, 17, 32), 0.0137045427974586, False, 'time']
['aerialent', 202555023, 'impression', '16', 240752394L, datetime.datetime(2013, 5, 25, 22, 17, 32), 0.0275313714380657, False, 'time']
['aerialent', 202555023, 'impression', '20', 240749185L, datetime.datetime(2013, 5, 25, 22, 17, 32), 0.0599345921624204, False, 'time']
['aerialent', 202555023, 'impression', '19', 240749420L, datetime.datetime(2013, 5, 25, 22, 17, 32), 0.0278609040617936, False, 'time']
['aerialent', 202555023, 'impression', '6', 240767639L, datetime.datetime(2013, 5, 25, 22, 17, 32), 0.223791630307351, False, 'time']
['aerialent', 202555023, 'impression', '9', 240763684L, datetime.datetime(2013, 5, 25, 22, 17, 32), 0.0103101222618391, False, 'time']
['aerialent', 202555023, 'impression', '18', 240749476L, datetime.datetime(2013, 5, 25, 22, 17, 32), 0.0726396944263241, False, 'time']
['aerialent', 202555023, 'impression', '14', 240753473L, datetime.datetime(2013, 5, 25, 22, 17, 32), 0.0124205097181478, False, 'time']
['aerialent', 202555023, 'impression', '7', 240767099L, datetime.datetime(2013, 5, 25, 22, 17, 32), 0.0194523247654754, False, 'time']
['aerialent', 202555023, 'impression', '17', 240752257L, datetime.datetime(2013, 5, 25, 22, 17, 32), 0.0379896662960747, False, 'time']
['aerialent', 202555023, 'impression', '5', 240777480L, datetime.datetime(2013, 5, 25, 22, 17, 32), 0.0091533353433565, False, 'time']
['aerialent', 202555023, 'impression', '10', 240762198L, datetime.datetime(2013, 5, 25, 22, 17, 32), 0.0130398814954308, False, 'time']
['aerialent', 202555023, 'impression', '11', 240761539L, datetime.datetime(2013, 5, 25, 22, 17, 32), 0.0228390214839054, False, 'time']
['aerialent', 202555023, 'impression', '3', 240873780L, datetime.datetime(2013, 5, 25, 22, 17, 32), 0.0269859893466651, False, 'time']
['aerialent', 202555023, 'impression', '13', 240754553L, datetime.datetime(2013, 5, 25, 22, 17, 32), 0.070400163927136, False, 'time']
['aerialent', 202555023, 'impression', '12', 240754979L, datetime.datetime(2013, 5, 25, 22, 17, 32), 0.0169658898098533, False, 'time']
['aerialent', 202555023, 'expand_tile', '20', 240749185L, datetime.datetime(2013, 5, 25, 22, 17, 35), 0.0599345921624204, False, 'time']
['aerialent', 202555023, 'view_full_application', '20', 240749185L, datetime.datetime(2013, 5, 25, 22, 17, 39), 0.0599345921624204, False, 'time']
['aerialent', 202555023, 'impression', '16', 240752394L, datetime.datetime(2013, 5, 25, 22, 18, 37), 0.0275313714380657, False, 'time']
['aerialent', 202555023, 'impression', '20', 240749185L, datetime.datetime(2013, 5, 25, 22, 18, 37), 0.0599345921624204, False, 'time']
['aerialent', 202555023, 'impression', '15', 240752626L, datetime.datetime(2013, 5, 25, 22, 18, 37), 0.0137045427974586, False, 'time']
['aerialent', 202555023, 'impression', '4', 240867485L, datetime.datetime(2013, 5, 25, 22, 18, 37), 0.186990905645806, False, 'time']
['aerialent', 202555023, 'impression', '7', 240767099L, datetime.datetime(2013, 5, 25, 22, 18, 37), 0.0194523247654754, False, 'time']
['aerialent', 202555023, 'impression', '5', 240777480L, datetime.datetime(2013, 5, 25, 22, 18, 37), 0.0091533353433565, False, 'time']
['aerialent', 202555023, 'impression', '17', 240752257L, datetime.datetime(2013, 5, 25, 22, 18, 37), 0.0379896662960747, False, 'time']
['aerialent', 202555023, 'impression', '13', 240754553L, datetime.datetime(2013, 5, 25, 22, 18, 37), 0.070400163927136, False, 'time']
['aerialent', 202555023, 'impression', '12', 240754979L, datetime.datetime(2013, 5, 25, 22, 18, 37), 0.0169658898098533, False, 'time']
['aerialent', 202555023, 'impression', '18', 240749476L, datetime.datetime(2013, 5, 25, 22, 18, 37), 0.0726396944263241, False, 'time']
['aerialent', 202555023, 'impression', '6', 240767639L, datetime.datetime(2013, 5, 25, 22, 18, 37), 0.223791630307351, False, 'time']
['aerialent', 202555023, 'impression', '19', 240749420L, datetime.datetime(2013, 5, 25, 22, 18, 37), 0.0278609040617936, False, 'time']
['aerialent', 202555023, 'impression', '9', 240763684L, datetime.datetime(2013, 5, 25, 22, 18, 37), 0.0103101222618391, False, 'time']
['aerialent', 202555023, 'impression', '11', 240761539L, datetime.datetime(2013, 5, 25, 22, 18, 37), 0.0228390214839054, False, 'time']
['aerialent', 202555023, 'impression', '3', 240873780L, datetime.datetime(2013, 5, 25, 22, 18, 37), 0.0269859893466651, False, 'time']
['aerialent', 202555023, 'impression', '10', 240762198L, datetime.datetime(2013, 5, 25, 22, 18, 37), 0.0130398814954308, False, 'time']
['aerialent', 202555023, 'impression', '2', 240938922L, datetime.datetime(2013, 5, 25, 22, 18, 37), 0.0346863461660194, False, 'time']
['aerialent', 202555023, 'impression', '8', 240764321L, datetime.datetime(2013, 5, 25, 22, 18, 37), 0.00904887131596049, False, 'time']
['aerialent', 202555023, 'impression', '1', 241179550L, datetime.datetime(2013, 5, 25, 22, 18, 37), 0.0333430559012904, False, 'time']
['aerialent', 202555023, 'impression', '14', 240753473L, datetime.datetime(2013, 5, 25, 22, 18, 37), 0.0124205097181478, False, 'time']

['aerialent', 202555023, 'impression', '10', 240763684L, datetime.datetime(2013, 5, 29, 1, 32, 31), 0.0103101222618391, False, 'time']
['aerialent', 202555023, 'impression', '18', 240749476L, datetime.datetime(2013, 5, 29, 1, 32, 31), 0.0726396944263241, False, 'time']
['aerialent', 202555023, 'impression', '7', 240767639L, datetime.datetime(2013, 5, 29, 1, 32, 31), 0.223791630307351, False, 'time']
['aerialent', 202555023, 'impression', '19', 240749420L, datetime.datetime(2013, 5, 29, 1, 32, 31), 0.0278609040617936, False, 'time']
['aerialent', 202555023, 'impression', '8', 240767099L, datetime.datetime(2013, 5, 29, 1, 32, 31), 0.0194523247654754, False, 'time']
['aerialent', 202555023, 'impression', '17', 240752257L, datetime.datetime(2013, 5, 29, 1, 32, 31), 0.0379896662960747, False, 'time']
['aerialent', 202555023, 'impression', '6', 240777480L, datetime.datetime(2013, 5, 29, 1, 32, 31), 0.0091533353433565, False, 'time']
['aerialent', 202555023, 'impression', '3', 240938922L, datetime.datetime(2013, 5, 29, 1, 32, 31), 0.0346863461660194, False, 'time']
['aerialent', 202555023, 'impression', '9', 240764321L, datetime.datetime(2013, 5, 29, 1, 32, 31), 0.00904887131596049, False, 'time']
['aerialent', 202555023, 'impression', '1', 241309116L, datetime.datetime(2013, 5, 29, 1, 32, 31), 0.0115221761736557, False, 'time']
['aerialent', 202555023, 'impression', '13', 240754979L, datetime.datetime(2013, 5, 29, 1, 32, 31), 0.0169658898098533, False, 'time']
['aerialent', 202555023, 'impression', '16', 240752394L, datetime.datetime(2013, 5, 29, 1, 32, 31), 0.0275313714380657, False, 'time']
['aerialent', 202555023, 'impression', '5', 240867485L, datetime.datetime(2013, 5, 29, 1, 32, 31), 0.186990905645806, False, 'time']
['aerialent', 202555023, 'impression', '15', 240752626L, datetime.datetime(2013, 5, 29, 1, 32, 31), 0.0137045427974586, False, 'time']
['aerialent', 202555023, 'impression', '20', 240749185L, datetime.datetime(2013, 5, 29, 1, 32, 31), 0.0599345921624204, False, 'time']
['aerialent', 202555023, 'impression', '14', 240753473L, datetime.datetime(2013, 5, 29, 1, 32, 31), 0.0124205097181478, False, 'time']
['aerialent', 202555023, 'impression', '11', 240762198L, datetime.datetime(2013, 5, 29, 1, 32, 31), 0.0130398814954308, False, 'time']
['aerialent', 202555023, 'impression', '4', 240873780L, datetime.datetime(2013, 5, 29, 1, 32, 31), 0.0269859893466651, False, 'time']
['aerialent', 202555023, 'impression', '12', 240761539L, datetime.datetime(2013, 5, 29, 1, 32, 31), 0.0228390214839054, False, 'time']
['aerialent', 202555023, 'impression', '2', 241179550L, datetime.datetime(2013, 5, 29, 1, 32, 31), 0.0333430559012904, False, 'time']

