['ally_c', 202559141, 'impression', '2', 240839991L, datetime.datetime(2013, 5, 20, 15, 6, 30), 0.256781791175126, False, 'best']
['ally_c', 202559141, 'impression', '6', 240840127L, datetime.datetime(2013, 5, 20, 15, 6, 30), 0.109129057125316, False, 'best']
['ally_c', 202559141, 'impression', '4', 240839957L, datetime.datetime(2013, 5, 20, 15, 6, 30), 0.123131730590874, False, 'best']
['ally_c', 202559141, 'impression', '7', 240839905L, datetime.datetime(2013, 5, 20, 15, 6, 30), 0.102245478092525, False, 'best']
['ally_c', 202559141, 'impression', '3', 240840265L, datetime.datetime(2013, 5, 20, 15, 6, 30), 0.208253193223736, False, 'best']
['ally_c', 202559141, 'impression', '5', 240840260L, datetime.datetime(2013, 5, 20, 15, 6, 30), 0.117707644445566, False, 'best']
['ally_c', 202559141, 'impression', '1', 240839993L, datetime.datetime(2013, 5, 20, 15, 6, 30), 0.293823247927987, False, 'best']
['ally_c', 202559141, 'shortlist', '1', 240839993L, datetime.datetime(2013, 5, 20, 15, 8, 8), 0.293823247927987, False, 'best']
['ally_c', 202559141, 'hide', '2', 240839991L, datetime.datetime(2013, 5, 20, 15, 8, 15), 0.256781791175126, False, 'best']
['ally_c', 202559141, 'hide', '3', 240840265L, datetime.datetime(2013, 5, 20, 15, 8, 18), 0.208253193223736, False, 'best']
['ally_c', 202559141, 'hide', '4', 240839957L, datetime.datetime(2013, 5, 20, 15, 8, 20), 0.123131730590874, False, 'best']
['ally_c', 202559141, 'hide', '5', 240840260L, datetime.datetime(2013, 5, 20, 15, 8, 22), 0.117707644445566, False, 'best']
['ally_c', 202559141, 'hide', '6', 240840127L, datetime.datetime(2013, 5, 20, 15, 8, 27), 0.109129057125316, False, 'best']
['ally_c', 202559141, 'hide', '7', 240839905L, datetime.datetime(2013, 5, 20, 15, 8, 29), 0.102245478092525, False, 'best']
['ally_c', 202559141, 'view_full_application_via_name', '1', 240839993L, datetime.datetime(2013, 5, 20, 15, 8, 31), 0.293823247927987, False, 'best']
['ally_c', 202559141, 'view_full_application_via_name', '1', 240839993L, datetime.datetime(2013, 5, 20, 15, 8, 35), 0.293823247927987, False, 'best']
['ally_c', 202559141, 'impression', '1', 240839993L, datetime.datetime(2013, 5, 20, 15, 14, 11), 0.293823247927987, False, 'best']

['ally_c', 202559141, 'impression', '18', 240841818L, datetime.datetime(2013, 5, 20, 15, 56, 9), 0.206330963038122, False, 'best']
['ally_c', 202559141, 'impression', '17', 240842264L, datetime.datetime(2013, 5, 20, 15, 56, 9), 0.209190401799797, False, 'best']
['ally_c', 202559141, 'impression', '3', 240841209L, datetime.datetime(2013, 5, 20, 15, 56, 9), 0.402662731760667, False, 'best']
['ally_c', 202559141, 'impression', '10', 240842377L, datetime.datetime(2013, 5, 20, 15, 56, 9), 0.262896978467539, False, 'best']
['ally_c', 202559141, 'impression', '1', 240841064L, datetime.datetime(2013, 5, 20, 15, 56, 9), 0.457418517989134, False, 'best']
['ally_c', 202559141, 'impression', '12', 240844324L, datetime.datetime(2013, 5, 20, 15, 56, 9), 0.247274262309436, False, 'best']
['ally_c', 202559141, 'impression', '5', 240839993L, datetime.datetime(2013, 5, 20, 15, 56, 9), 0.293823247927987, False, 'best']
['ally_c', 202559141, 'impression', '6', 240841876L, datetime.datetime(2013, 5, 20, 15, 56, 9), 0.273437862067521, False, 'best']
['ally_c', 202559141, 'impression', '19', 240841322L, datetime.datetime(2013, 5, 20, 15, 56, 9), 0.198974936433291, False, 'best']
['ally_c', 202559141, 'impression', '20', 240843062L, datetime.datetime(2013, 5, 20, 15, 56, 9), 0.176246849051696, False, 'best']
['ally_c', 202559141, 'impression', '7', 240840990L, datetime.datetime(2013, 5, 20, 15, 56, 9), 0.272319738955328, False, 'best']
['ally_c', 202559141, 'impression', '4', 240841678L, datetime.datetime(2013, 5, 20, 15, 56, 9), 0.373157342811379, False, 'best']
['ally_c', 202559141, 'impression', '13', 240841217L, datetime.datetime(2013, 5, 20, 15, 56, 9), 0.24657694318014, False, 'best']
['ally_c', 202559141, 'impression', '14', 240840346L, datetime.datetime(2013, 5, 20, 15, 56, 9), 0.246288867308674, False, 'best']
['ally_c', 202559141, 'impression', '8', 240840948L, datetime.datetime(2013, 5, 20, 15, 56, 9), 0.267509967172085, False, 'best']
['ally_c', 202559141, 'impression', '16', 240840362L, datetime.datetime(2013, 5, 20, 15, 56, 9), 0.213851354492407, False, 'best']
['ally_c', 202559141, 'impression', '11', 240841864L, datetime.datetime(2013, 5, 20, 15, 56, 9), 0.260900511695804, False, 'best']
['ally_c', 202559141, 'impression', '2', 240841122L, datetime.datetime(2013, 5, 20, 15, 56, 9), 0.411554934827996, False, 'best']
['ally_c', 202559141, 'impression', '15', 240840765L, datetime.datetime(2013, 5, 20, 15, 56, 9), 0.220964443840479, False, 'best']
['ally_c', 202559141, 'impression', '9', 240843427L, datetime.datetime(2013, 5, 20, 15, 56, 9), 0.265251857678111, False, 'best']
['ally_c', 202559141, 'shortlist', '2', 240841122L, datetime.datetime(2013, 5, 20, 15, 56, 18), 0.411554934827996, False, 'best']
['ally_c', 202559141, 'expand_tile', '1', 240841064L, datetime.datetime(2013, 5, 20, 15, 56, 34), 0.457418517989134, False, 'best']
['ally_c', 202559141, 'view_full_application', '1', 240841064L, datetime.datetime(2013, 5, 20, 15, 56, 36), 0.457418517989134, False, 'best']
['ally_c', 202559141, 'impression', '17', 240842264L, datetime.datetime(2013, 5, 20, 15, 57, 18), 0.209190401799797, False, 'best']
['ally_c', 202559141, 'impression', '3', 240841209L, datetime.datetime(2013, 5, 20, 15, 57, 18), 0.402662731760667, False, 'best']
['ally_c', 202559141, 'impression', '18', 240841818L, datetime.datetime(2013, 5, 20, 15, 57, 18), 0.206330963038122, False, 'best']
['ally_c', 202559141, 'impression', '19', 240841322L, datetime.datetime(2013, 5, 20, 15, 57, 18), 0.198974936433291, False, 'best']
['ally_c', 202559141, 'impression', '6', 240841876L, datetime.datetime(2013, 5, 20, 15, 57, 18), 0.273437862067521, False, 'best']
['ally_c', 202559141, 'impression', '14', 240840346L, datetime.datetime(2013, 5, 20, 15, 57, 18), 0.246288867308674, False, 'best']
['ally_c', 202559141, 'impression', '16', 240840362L, datetime.datetime(2013, 5, 20, 15, 57, 18), 0.213851354492407, False, 'best']
['ally_c', 202559141, 'impression', '11', 240841864L, datetime.datetime(2013, 5, 20, 15, 57, 18), 0.260900511695804, False, 'best']
['ally_c', 202559141, 'impression', '8', 240840948L, datetime.datetime(2013, 5, 20, 15, 57, 18), 0.267509967172085, False, 'best']
['ally_c', 202559141, 'impression', '12', 240844324L, datetime.datetime(2013, 5, 20, 15, 57, 18), 0.247274262309436, False, 'best']
['ally_c', 202559141, 'impression', '5', 240839993L, datetime.datetime(2013, 5, 20, 15, 57, 18), 0.293823247927987, False, 'best']
['ally_c', 202559141, 'impression', '2', 240841122L, datetime.datetime(2013, 5, 20, 15, 57, 18), 0.411554934827996, False, 'best']
['ally_c', 202559141, 'impression', '9', 240843427L, datetime.datetime(2013, 5, 20, 15, 57, 18), 0.265251857678111, False, 'best']
['ally_c', 202559141, 'impression', '15', 240840765L, datetime.datetime(2013, 5, 20, 15, 57, 18), 0.220964443840479, False, 'best']
['ally_c', 202559141, 'impression', '7', 240840990L, datetime.datetime(2013, 5, 20, 15, 57, 18), 0.272319738955328, False, 'best']
['ally_c', 202559141, 'impression', '20', 240843062L, datetime.datetime(2013, 5, 20, 15, 57, 18), 0.176246849051696, False, 'best']
['ally_c', 202559141, 'impression', '4', 240841678L, datetime.datetime(2013, 5, 20, 15, 57, 18), 0.373157342811379, False, 'best']
['ally_c', 202559141, 'impression', '13', 240841217L, datetime.datetime(2013, 5, 20, 15, 57, 18), 0.24657694318014, False, 'best']
['ally_c', 202559141, 'impression', '10', 240842377L, datetime.datetime(2013, 5, 20, 15, 57, 18), 0.262896978467539, False, 'best']
['ally_c', 202559141, 'impression', '1', 240841064L, datetime.datetime(2013, 5, 20, 15, 57, 18), 0.457418517989134, False, 'best']
['ally_c', 202559141, 'hide', '1', 240841064L, datetime.datetime(2013, 5, 20, 15, 58, 19), 0.457418517989134, False, 'best']
['ally_c', 202559141, 'view_full_application_via_name', '3', 240841209L, datetime.datetime(2013, 5, 20, 15, 58, 23), 0.402662731760667, False, 'best']
['ally_c', 202559141, 'impression', '10', 240841864L, datetime.datetime(2013, 5, 20, 16, 1, 5), 0.260900511695804, False, 'best']
['ally_c', 202559141, 'impression', '15', 240840362L, datetime.datetime(2013, 5, 20, 16, 1, 5), 0.213851354492407, False, 'best']
['ally_c', 202559141, 'impression', '13', 240840346L, datetime.datetime(2013, 5, 20, 16, 1, 5), 0.246288867308674, False, 'best']
['ally_c', 202559141, 'impression', '7', 240840948L, datetime.datetime(2013, 5, 20, 16, 1, 5), 0.267509967172085, False, 'best']
['ally_c', 202559141, 'impression', '5', 240841876L, datetime.datetime(2013, 5, 20, 16, 1, 5), 0.273437862067521, False, 'best']
['ally_c', 202559141, 'impression', '18', 240841322L, datetime.datetime(2013, 5, 20, 16, 1, 5), 0.198974936433291, False, 'best']
['ally_c', 202559141, 'impression', '9', 240842377L, datetime.datetime(2013, 5, 20, 16, 1, 5), 0.262896978467539, False, 'best']
['ally_c', 202559141, 'impression', '4', 240839993L, datetime.datetime(2013, 5, 20, 16, 1, 5), 0.293823247927987, False, 'best']
['ally_c', 202559141, 'impression', '11', 240844324L, datetime.datetime(2013, 5, 20, 16, 1, 5), 0.247274262309436, False, 'best']
['ally_c', 202559141, 'impression', '6', 240840990L, datetime.datetime(2013, 5, 20, 16, 1, 5), 0.272319738955328, False, 'best']
['ally_c', 202559141, 'impression', '19', 240843062L, datetime.datetime(2013, 5, 20, 16, 1, 5), 0.176246849051696, False, 'best']
['ally_c', 202559141, 'impression', '17', 240841818L, datetime.datetime(2013, 5, 20, 16, 1, 5), 0.206330963038122, False, 'best']
['ally_c', 202559141, 'impression', '16', 240842264L, datetime.datetime(2013, 5, 20, 16, 1, 5), 0.209190401799797, False, 'best']
['ally_c', 202559141, 'impression', '2', 240841209L, datetime.datetime(2013, 5, 20, 16, 1, 5), 0.402662731760667, False, 'best']
['ally_c', 202559141, 'impression', '8', 240843427L, datetime.datetime(2013, 5, 20, 16, 1, 5), 0.265251857678111, False, 'best']
['ally_c', 202559141, 'impression', '1', 240841122L, datetime.datetime(2013, 5, 20, 16, 1, 5), 0.411554934827996, False, 'best']
['ally_c', 202559141, 'impression', '14', 240840765L, datetime.datetime(2013, 5, 20, 16, 1, 5), 0.220964443840479, False, 'best']
['ally_c', 202559141, 'impression', '3', 240841678L, datetime.datetime(2013, 5, 20, 16, 1, 5), 0.373157342811379, False, 'best']
['ally_c', 202559141, 'impression', '20', 240842301L, datetime.datetime(2013, 5, 20, 16, 1, 5), 0.170504326127014, False, 'best']
['ally_c', 202559141, 'impression', '12', 240841217L, datetime.datetime(2013, 5, 20, 16, 1, 5), 0.24657694318014, False, 'best']
['ally_c', 202559141, 'shortlist', '2', 240841209L, datetime.datetime(2013, 5, 20, 16, 1, 9), 0.402662731760667, False, 'best']
['ally_c', 202559141, 'hide', '3', 240841678L, datetime.datetime(2013, 5, 20, 16, 1, 12), 0.373157342811379, False, 'best']
['ally_c', 202559141, 'hide', '5', 240841876L, datetime.datetime(2013, 5, 20, 16, 1, 17), 0.273437862067521, False, 'best']
['ally_c', 202559141, 'hide', '6', 240840990L, datetime.datetime(2013, 5, 20, 16, 1, 20), 0.272319738955328, False, 'best']
['ally_c', 202559141, 'view_full_application_via_name', '10', 240841864L, datetime.datetime(2013, 5, 20, 16, 1, 36), 0.260900511695804, False, 'best']
['ally_c', 202559141, 'impression', '9', 240841217L, datetime.datetime(2013, 5, 20, 16, 2, 31), 0.24657694318014, False, 'best']
['ally_c', 202559141, 'impression', '17', 240842301L, datetime.datetime(2013, 5, 20, 16, 2, 31), 0.170504326127014, False, 'best']
['ally_c', 202559141, 'impression', '18', 240840456L, datetime.datetime(2013, 5, 20, 16, 2, 31), 0.159370321957699, False, 'best']
['ally_c', 202559141, 'impression', '16', 240843062L, datetime.datetime(2013, 5, 20, 16, 2, 31), 0.176246849051696, False, 'best']
['ally_c', 202559141, 'impression', '5', 240843427L, datetime.datetime(2013, 5, 20, 16, 2, 31), 0.265251857678111, False, 'best']
['ally_c', 202559141, 'impression', '1', 240841122L, datetime.datetime(2013, 5, 20, 16, 2, 31), 0.411554934827996, False, 'best']
['ally_c', 202559141, 'impression', '11', 240840765L, datetime.datetime(2013, 5, 20, 16, 2, 31), 0.220964443840479, False, 'best']
['ally_c', 202559141, 'impression', '12', 240840362L, datetime.datetime(2013, 5, 20, 16, 2, 31), 0.213851354492407, False, 'best']
['ally_c', 202559141, 'impression', '7', 240841864L, datetime.datetime(2013, 5, 20, 16, 2, 31), 0.260900511695804, False, 'best']
['ally_c', 202559141, 'impression', '10', 240840346L, datetime.datetime(2013, 5, 20, 16, 2, 31), 0.246288867308674, False, 'best']
['ally_c', 202559141, 'impression', '4', 240840948L, datetime.datetime(2013, 5, 20, 16, 2, 31), 0.267509967172085, False, 'best']
['ally_c', 202559141, 'impression', '3', 240839993L, datetime.datetime(2013, 5, 20, 16, 2, 31), 0.293823247927987, False, 'best']
['ally_c', 202559141, 'impression', '8', 240844324L, datetime.datetime(2013, 5, 20, 16, 2, 31), 0.247274262309436, False, 'best']
['ally_c', 202559141, 'impression', '13', 240842264L, datetime.datetime(2013, 5, 20, 16, 2, 31), 0.209190401799797, False, 'best']
['ally_c', 202559141, 'impression', '2', 240841209L, datetime.datetime(2013, 5, 20, 16, 2, 31), 0.402662731760667, False, 'best']
['ally_c', 202559141, 'impression', '14', 240841818L, datetime.datetime(2013, 5, 20, 16, 2, 31), 0.206330963038122, False, 'best']
['ally_c', 202559141, 'impression', '6', 240842377L, datetime.datetime(2013, 5, 20, 16, 2, 31), 0.262896978467539, False, 'best']
['ally_c', 202559141, 'impression', '20', 240844255L, datetime.datetime(2013, 5, 20, 16, 2, 31), 0.13183372526193, False, 'best']
['ally_c', 202559141, 'impression', '15', 240841322L, datetime.datetime(2013, 5, 20, 16, 2, 31), 0.198974936433291, False, 'best']
['ally_c', 202559141, 'impression', '19', 240843011L, datetime.datetime(2013, 5, 20, 16, 2, 31), 0.140169445919911, False, 'best']
['ally_c', 202559141, 'hide', '4', 240840948L, datetime.datetime(2013, 5, 20, 16, 2, 41), 0.267509967172085, False, 'best']
['ally_c', 202559141, 'hide', '6', 240842377L, datetime.datetime(2013, 5, 20, 16, 2, 44), 0.262896978467539, False, 'best']
['ally_c', 202559141, 'hide', '7', 240841864L, datetime.datetime(2013, 5, 20, 16, 2, 45), 0.260900511695804, False, 'best']
['ally_c', 202559141, 'hide', '12', 240840362L, datetime.datetime(2013, 5, 20, 16, 3, 26), 0.213851354492407, False, 'best']
['ally_c', 202559141, 'hide', '13', 240842264L, datetime.datetime(2013, 5, 20, 16, 3, 27), 0.209190401799797, False, 'best']
['ally_c', 202559141, 'hide', '14', 240841818L, datetime.datetime(2013, 5, 20, 16, 3, 30), 0.206330963038122, False, 'best']
['ally_c', 202559141, 'hide', '15', 240841322L, datetime.datetime(2013, 5, 20, 16, 3, 31), 0.198974936433291, False, 'best']
['ally_c', 202559141, 'hide', '16', 240843062L, datetime.datetime(2013, 5, 20, 16, 3, 36), 0.176246849051696, False, 'best']
['ally_c', 202559141, 'hide', '17', 240842301L, datetime.datetime(2013, 5, 20, 16, 3, 38), 0.170504326127014, False, 'best']
['ally_c', 202559141, 'hide', '18', 240840456L, datetime.datetime(2013, 5, 20, 16, 3, 39), 0.159370321957699, False, 'best']
['ally_c', 202559141, 'hide', '19', 240843011L, datetime.datetime(2013, 5, 20, 16, 3, 44), 0.140169445919911, False, 'best']
['ally_c', 202559141, 'hide', '20', 240844255L, datetime.datetime(2013, 5, 20, 16, 3, 52), 0.13183372526193, False, 'best']
['ally_c', 202559141, 'hide', '21', 240842144L, datetime.datetime(2013, 5, 20, 16, 3, 54), 0.130893921297451, False, 'best']
['ally_c', 202559141, 'hide', '22', 240840892L, datetime.datetime(2013, 5, 20, 16, 3, 55), 0.127891283927087, False, 'best']
['ally_c', 202559141, 'hide', '23', 240843234L, datetime.datetime(2013, 5, 20, 16, 3, 56), 0.1265363451609, False, 'best']
['ally_c', 202559141, 'hide', '24', 240842982L, datetime.datetime(2013, 5, 20, 16, 4, 2), 0.121662039884429, False, 'best']
['ally_c', 202559141, 'hide', '31', 240843781L, datetime.datetime(2013, 5, 20, 16, 4, 13), 0.0703019841337947, False, 'best']
['ally_c', 202559141, 'hide', '30', 240841253L, datetime.datetime(2013, 5, 20, 16, 4, 15), 0.0783451576962438, False, 'best']
['ally_c', 202559141, 'hide', '29', 240841661L, datetime.datetime(2013, 5, 20, 16, 4, 16), 0.0849150070763321, False, 'best']
['ally_c', 202559141, 'hide', '28', 240840369L, datetime.datetime(2013, 5, 20, 16, 4, 18), 0.085886121512942, False, 'best']
['ally_c', 202559141, 'hide', '27', 240842655L, datetime.datetime(2013, 5, 20, 16, 4, 19), 0.101151158942759, False, 'best']
['ally_c', 202559141, 'hide', '8', 240844324L, datetime.datetime(2013, 5, 20, 16, 9, 33), 0.247274262309436, False, 'best']
['ally_c', 202559141, 'hide', '5', 240843427L, datetime.datetime(2013, 5, 20, 16, 9, 35), 0.265251857678111, False, 'best']
['ally_c', 202559141, 'hide', '9', 240841217L, datetime.datetime(2013, 5, 20, 16, 9, 36), 0.24657694318014, False, 'best']
['ally_c', 202559141, 'hide', '10', 240840346L, datetime.datetime(2013, 5, 20, 16, 9, 37), 0.246288867308674, False, 'best']
['ally_c', 202559141, 'hide', '11', 240840765L, datetime.datetime(2013, 5, 20, 16, 9, 38), 0.220964443840479, False, 'best']
['ally_c', 202559141, 'hide', '25', 240840819L, datetime.datetime(2013, 5, 20, 16, 9, 42), 0.12035609875682, False, 'best']
['ally_c', 202559141, 'hide', '26', 240843334L, datetime.datetime(2013, 5, 20, 16, 9, 43), 0.10715329057362, False, 'best']

['ally_c', 202559141, 'impression', '19', 240865898L, datetime.datetime(2013, 5, 21, 0, 28, 45), 0.197709357160471, False, 'best']
['ally_c', 202559141, 'impression', '20', 240851211L, datetime.datetime(2013, 5, 21, 0, 28, 45), 0.195737798142538, False, 'best']
['ally_c', 202559141, 'impression', '1', 240857786L, datetime.datetime(2013, 5, 21, 0, 28, 45), 0.968251693701099, False, 'best']
['ally_c', 202559141, 'impression', '8', 240860043L, datetime.datetime(2013, 5, 21, 0, 28, 45), 0.326003332273078, False, 'best']
['ally_c', 202559141, 'impression', '3', 240845643L, datetime.datetime(2013, 5, 21, 0, 28, 45), 0.428544453469284, False, 'best']
['ally_c', 202559141, 'impression', '11', 240852102L, datetime.datetime(2013, 5, 21, 0, 28, 45), 0.298962298365227, False, 'best']
['ally_c', 202559141, 'impression', '18', 240846821L, datetime.datetime(2013, 5, 21, 0, 28, 45), 0.198488398197125, False, 'best']
['ally_c', 202559141, 'impression', '15', 240851156L, datetime.datetime(2013, 5, 21, 0, 28, 45), 0.233711268840892, False, 'best']
['ally_c', 202559141, 'impression', '5', 240841122L, datetime.datetime(2013, 5, 21, 0, 28, 45), 0.411554934827996, False, 'best']
['ally_c', 202559141, 'impression', '9', 240874944L, datetime.datetime(2013, 5, 21, 0, 28, 45), 0.325681967254637, False, 'best']
['ally_c', 202559141, 'impression', '6', 240841209L, datetime.datetime(2013, 5, 21, 0, 28, 45), 0.402662731760667, False, 'best']
['ally_c', 202559141, 'impression', '4', 240853878L, datetime.datetime(2013, 5, 21, 0, 28, 45), 0.42638205584679, False, 'best']
['ally_c', 202559141, 'impression', '17', 240857896L, datetime.datetime(2013, 5, 21, 0, 28, 45), 0.207913207076781, False, 'best']
['ally_c', 202559141, 'impression', '12', 240839993L, datetime.datetime(2013, 5, 21, 0, 28, 45), 0.293823247927987, False, 'best']
['ally_c', 202559141, 'impression', '14', 240847022L, datetime.datetime(2013, 5, 21, 0, 28, 45), 0.246615597250139, False, 'best']
['ally_c', 202559141, 'impression', '10', 240845994L, datetime.datetime(2013, 5, 21, 0, 28, 45), 0.323068615608153, False, 'best']
['ally_c', 202559141, 'impression', '16', 240845623L, datetime.datetime(2013, 5, 21, 0, 28, 45), 0.21278740526232, False, 'best']
['ally_c', 202559141, 'impression', '7', 240846237L, datetime.datetime(2013, 5, 21, 0, 28, 45), 0.334362810929603, False, 'best']
['ally_c', 202559141, 'impression', '13', 240874802L, datetime.datetime(2013, 5, 21, 0, 28, 45), 0.270912531687254, False, 'best']
['ally_c', 202559141, 'impression', '2', 240845580L, datetime.datetime(2013, 5, 21, 0, 28, 45), 0.494761300917376, True, 'best']
['ally_c', 202559141, 'hide', '1', 240857786L, datetime.datetime(2013, 5, 21, 0, 28, 53), 0.968251693701099, False, 'best']
['ally_c', 202559141, 'hide', '3', 240845643L, datetime.datetime(2013, 5, 21, 0, 29, 8), 0.428544453469284, False, 'best']
['ally_c', 202559141, 'hide', '4', 240853878L, datetime.datetime(2013, 5, 21, 0, 29, 11), 0.42638205584679, False, 'best']
['ally_c', 202559141, 'hide', '8', 240860043L, datetime.datetime(2013, 5, 21, 0, 29, 31), 0.326003332273078, False, 'best']
['ally_c', 202559141, 'hide', '9', 240874944L, datetime.datetime(2013, 5, 21, 0, 29, 32), 0.325681967254637, False, 'best']
['ally_c', 202559141, 'hide', '11', 240852102L, datetime.datetime(2013, 5, 21, 0, 30, 4), 0.298962298365227, False, 'best']
['ally_c', 202559141, 'hide', '13', 240874802L, datetime.datetime(2013, 5, 21, 0, 30, 6), 0.270912531687254, False, 'best']
['ally_c', 202559141, 'hide', '14', 240847022L, datetime.datetime(2013, 5, 21, 0, 30, 7), 0.246615597250139, False, 'best']
['ally_c', 202559141, 'hide', '15', 240851156L, datetime.datetime(2013, 5, 21, 0, 30, 8), 0.233711268840892, False, 'best']
['ally_c', 202559141, 'hide', '16', 240845623L, datetime.datetime(2013, 5, 21, 0, 30, 9), 0.21278740526232, False, 'best']
['ally_c', 202559141, 'hide', '17', 240857896L, datetime.datetime(2013, 5, 21, 0, 30, 9), 0.207913207076781, False, 'best']
['ally_c', 202559141, 'hide', '18', 240846821L, datetime.datetime(2013, 5, 21, 0, 30, 10), 0.198488398197125, False, 'best']
['ally_c', 202559141, 'hide', '19', 240865898L, datetime.datetime(2013, 5, 21, 0, 30, 11), 0.197709357160471, False, 'best']
['ally_c', 202559141, 'hide', '20', 240851211L, datetime.datetime(2013, 5, 21, 0, 30, 12), 0.195737798142538, False, 'best']
['ally_c', 202559141, 'hide', '21', 240853530L, datetime.datetime(2013, 5, 21, 0, 30, 15), 0.19228312605196, False, 'best']
['ally_c', 202559141, 'hide', '22', 240856329L, datetime.datetime(2013, 5, 21, 0, 30, 16), 0.173422383575733, False, 'best']
['ally_c', 202559141, 'hide', '23', 240849567L, datetime.datetime(2013, 5, 21, 0, 30, 18), 0.169529004979453, False, 'best']
['ally_c', 202559141, 'hide', '24', 240844995L, datetime.datetime(2013, 5, 21, 0, 30, 22), 0.16736171554064, False, 'best']
['ally_c', 202559141, 'hide', '25', 240847238L, datetime.datetime(2013, 5, 21, 0, 30, 23), 0.150958771120001, False, 'best']
['ally_c', 202559141, 'hide', '26', 240866980L, datetime.datetime(2013, 5, 21, 0, 30, 24), 0.126977712617618, False, 'best']
['ally_c', 202559141, 'hide', '27', 240844897L, datetime.datetime(2013, 5, 21, 0, 30, 25), 0.11119967326062, False, 'best']
['ally_c', 202559141, 'hide', '28', 240846370L, datetime.datetime(2013, 5, 21, 0, 30, 27), 0.109734562908815, False, 'best']
['ally_c', 202559141, 'hide', '29', 240853234L, datetime.datetime(2013, 5, 21, 0, 30, 28), 0.108052269670657, False, 'best']
['ally_c', 202559141, 'hide', '30', 240845712L, datetime.datetime(2013, 5, 21, 0, 30, 31), 0.0727836886274719, False, 'best']
['ally_c', 202559141, 'hide', '31', 240849841L, datetime.datetime(2013, 5, 21, 0, 30, 32), 0.0709418805200411, False, 'best']
['ally_c', 202559141, 'hide', '32', 240843072L, datetime.datetime(2013, 5, 21, 0, 30, 34), 0.0490074915948664, False, 'best']

['ally_c', 202559141, 'impression', '4', 240877661L, datetime.datetime(2013, 5, 21, 2, 2, 5), 0.395381996907265, False, 'best']
['ally_c', 202559141, 'impression', '9', 240848219L, datetime.datetime(2013, 5, 21, 2, 2, 5), 0.195265153597284, False, 'best']
['ally_c', 202559141, 'impression', '2', 240841122L, datetime.datetime(2013, 5, 21, 2, 2, 5), 0.411554934827996, False, 'best']
['ally_c', 202559141, 'impression', '6', 240845994L, datetime.datetime(2013, 5, 21, 2, 2, 5), 0.323068615608153, False, 'best']
['ally_c', 202559141, 'impression', '12', 240846584L, datetime.datetime(2013, 5, 21, 2, 2, 5), 0.0209439125312962, False, 'best']
['ally_c', 202559141, 'impression', '11', 240841085L, datetime.datetime(2013, 5, 21, 2, 2, 5), 0.118210744437084, False, 'best']
['ally_c', 202559141, 'impression', '7', 240879012L, datetime.datetime(2013, 5, 21, 2, 2, 5), 0.318929453138562, False, 'best']
['ally_c', 202559141, 'impression', '8', 240839993L, datetime.datetime(2013, 5, 21, 2, 2, 5), 0.293823247927987, False, 'best']
['ally_c', 202559141, 'impression', '10', 240849835L, datetime.datetime(2013, 5, 21, 2, 2, 5), 0.176347412995585, False, 'best']
['ally_c', 202559141, 'impression', '5', 240860043L, datetime.datetime(2013, 5, 21, 2, 2, 5), 0.326003332273078, False, 'best']
['ally_c', 202559141, 'impression', '1', 240845580L, datetime.datetime(2013, 5, 21, 2, 2, 5), 0.494761300917376, True, 'best']
['ally_c', 202559141, 'impression', '3', 240841209L, datetime.datetime(2013, 5, 21, 2, 2, 5), 0.402662731760667, False, 'best']
['ally_c', 202559141, 'impression', '13', 240848911L, datetime.datetime(2013, 5, 21, 2, 2, 5), 0.0209362142677853, False, 'best']
['ally_c', 202559141, 'hide', '4', 240877661L, datetime.datetime(2013, 5, 21, 2, 2, 19), 0.395381996907265, False, 'best']
['ally_c', 202559141, 'hide', '5', 240860043L, datetime.datetime(2013, 5, 21, 2, 2, 20), 0.326003332273078, False, 'best']
['ally_c', 202559141, 'hide', '7', 240879012L, datetime.datetime(2013, 5, 21, 2, 2, 23), 0.318929453138562, False, 'best']
['ally_c', 202559141, 'hide', '9', 240848219L, datetime.datetime(2013, 5, 21, 2, 2, 25), 0.195265153597284, False, 'best']
['ally_c', 202559141, 'hide', '10', 240849835L, datetime.datetime(2013, 5, 21, 2, 2, 27), 0.176347412995585, False, 'best']
['ally_c', 202559141, 'hide', '11', 240841085L, datetime.datetime(2013, 5, 21, 2, 2, 28), 0.118210744437084, False, 'best']
['ally_c', 202559141, 'hide', '12', 240846584L, datetime.datetime(2013, 5, 21, 2, 2, 29), 0.0209439125312962, False, 'best']
['ally_c', 202559141, 'hide', '13', 240848911L, datetime.datetime(2013, 5, 21, 2, 2, 31), 0.0209362142677853, False, 'best']

['ally_c', 202559141, 'impression', '3', 240841209L, datetime.datetime(2013, 5, 21, 3, 26, 53), 0.402662731760667, False, 'best']
['ally_c', 202559141, 'impression', '1', 240845580L, datetime.datetime(2013, 5, 21, 3, 26, 53), 0.494761300917376, True, 'best']
['ally_c', 202559141, 'impression', '4', 240845994L, datetime.datetime(2013, 5, 21, 3, 26, 53), 0.323068615608153, False, 'best']
['ally_c', 202559141, 'impression', '2', 240841122L, datetime.datetime(2013, 5, 21, 3, 26, 53), 0.411554934827996, False, 'best']
['ally_c', 202559141, 'impression', '5', 240839993L, datetime.datetime(2013, 5, 21, 3, 26, 53), 0.293823247927987, False, 'best']
['ally_c', 202559141, 'impression', '4', 240845994L, datetime.datetime(2013, 5, 21, 3, 27, 1), 0.323068615608153, False, 'best']
['ally_c', 202559141, 'impression', '5', 240839993L, datetime.datetime(2013, 5, 21, 3, 27, 1), 0.293823247927987, False, 'best']
['ally_c', 202559141, 'impression', '1', 240845580L, datetime.datetime(2013, 5, 21, 3, 27, 1), 0.494761300917376, True, 'best']
['ally_c', 202559141, 'impression', '3', 240841209L, datetime.datetime(2013, 5, 21, 3, 27, 1), 0.402662731760667, False, 'best']
['ally_c', 202559141, 'impression', '2', 240841122L, datetime.datetime(2013, 5, 21, 3, 27, 1), 0.411554934827996, False, 'best']
['ally_c', 202559141, 'impression', '2', 240841122L, datetime.datetime(2013, 5, 21, 3, 27, 5), 0.411554934827996, False, 'best']
['ally_c', 202559141, 'impression', '3', 240841209L, datetime.datetime(2013, 5, 21, 3, 27, 5), 0.402662731760667, False, 'best']
['ally_c', 202559141, 'impression', '4', 240845994L, datetime.datetime(2013, 5, 21, 3, 27, 5), 0.323068615608153, False, 'best']
['ally_c', 202559141, 'impression', '1', 240845580L, datetime.datetime(2013, 5, 21, 3, 27, 5), 0.494761300917376, True, 'best']
['ally_c', 202559141, 'impression', '5', 240839993L, datetime.datetime(2013, 5, 21, 3, 27, 5), 0.293823247927987, False, 'best']

['ally_c', 202559141, 'impression', '3', 240845994L, datetime.datetime(2013, 5, 21, 5, 33, 36), 0.323068615608153, False, 'best']
['ally_c', 202559141, 'impression', '2', 240841122L, datetime.datetime(2013, 5, 21, 5, 33, 36), 0.411554934827996, False, 'best']
['ally_c', 202559141, 'impression', '5', 240839993L, datetime.datetime(2013, 5, 21, 5, 33, 36), 0.293823247927987, False, 'best']
['ally_c', 202559141, 'impression', '1', 240845580L, datetime.datetime(2013, 5, 21, 5, 33, 36), 0.494761300917376, True, 'best']
['ally_c', 202559141, 'impression', '4', 240885568L, datetime.datetime(2013, 5, 21, 5, 33, 36), 0.322552584262635, False, 'best']
['ally_c', 202559141, 'impression', '6', 240890696L, datetime.datetime(2013, 5, 21, 5, 33, 36), 0.167503882778863, False, 'best']
['ally_c', 202559141, 'hide', '4', 240885568L, datetime.datetime(2013, 5, 21, 5, 33, 46), 0.322552584262635, False, 'best']
['ally_c', 202559141, 'view_full_application_via_name', '6', 240890696L, datetime.datetime(2013, 5, 21, 5, 33, 49), 0.167503882778863, False, 'best']
['ally_c', 202559141, 'impression', '3', 240845994L, datetime.datetime(2013, 5, 21, 5, 34, 43), 0.323068615608153, False, 'best']
['ally_c', 202559141, 'impression', '4', 240839993L, datetime.datetime(2013, 5, 21, 5, 34, 43), 0.293823247927987, False, 'best']
['ally_c', 202559141, 'impression', '2', 240841122L, datetime.datetime(2013, 5, 21, 5, 34, 43), 0.411554934827996, False, 'best']
['ally_c', 202559141, 'impression', '1', 240845580L, datetime.datetime(2013, 5, 21, 5, 34, 43), 0.494761300917376, True, 'best']
['ally_c', 202559141, 'impression', '5', 240890696L, datetime.datetime(2013, 5, 21, 5, 34, 43), 0.167503882778863, False, 'best']
['ally_c', 202559141, 'view_full_application_via_name', '1', 240845580L, datetime.datetime(2013, 5, 21, 5, 35, 37), 0.494761300917376, True, 'best']
['ally_c', 202559141, 'impression', '3', 240845994L, datetime.datetime(2013, 5, 21, 5, 36, 8), 0.323068615608153, False, 'best']
['ally_c', 202559141, 'impression', '1', 240845580L, datetime.datetime(2013, 5, 21, 5, 36, 8), 0.494761300917376, True, 'best']
['ally_c', 202559141, 'impression', '5', 240890696L, datetime.datetime(2013, 5, 21, 5, 36, 8), 0.167503882778863, False, 'best']
['ally_c', 202559141, 'impression', '2', 240841122L, datetime.datetime(2013, 5, 21, 5, 36, 8), 0.411554934827996, False, 'best']
['ally_c', 202559141, 'impression', '4', 240839993L, datetime.datetime(2013, 5, 21, 5, 36, 8), 0.293823247927987, False, 'best']

['ally_c', 202559141, 'impression', '2', 240909677L, datetime.datetime(2013, 5, 21, 10, 58, 7), 0.450189286422969, False, 'best']
['ally_c', 202559141, 'impression', '4', 240845994L, datetime.datetime(2013, 5, 21, 10, 58, 7), 0.323068615608153, False, 'best']
['ally_c', 202559141, 'impression', '5', 240839993L, datetime.datetime(2013, 5, 21, 10, 58, 7), 0.293823247927987, False, 'best']
['ally_c', 202559141, 'impression', '6', 240890696L, datetime.datetime(2013, 5, 21, 10, 58, 7), 0.167503882778863, False, 'best']
['ally_c', 202559141, 'impression', '1', 240845580L, datetime.datetime(2013, 5, 21, 10, 58, 7), 0.494761300917376, True, 'best']
['ally_c', 202559141, 'impression', '3', 240841122L, datetime.datetime(2013, 5, 21, 10, 58, 7), 0.411554934827996, False, 'best']
['ally_c', 202559141, 'view_full_application_via_name', '2', 240909677L, datetime.datetime(2013, 5, 21, 10, 58, 19), 0.450189286422969, False, 'best']
['ally_c', 202559141, 'impression', '3', 240841122L, datetime.datetime(2013, 5, 21, 10, 58, 26), 0.411554934827996, False, 'best']
['ally_c', 202559141, 'impression', '2', 240909677L, datetime.datetime(2013, 5, 21, 10, 58, 26), 0.450189286422969, False, 'best']
['ally_c', 202559141, 'impression', '4', 240845994L, datetime.datetime(2013, 5, 21, 10, 58, 26), 0.323068615608153, False, 'best']
['ally_c', 202559141, 'impression', '6', 240890696L, datetime.datetime(2013, 5, 21, 10, 58, 26), 0.167503882778863, False, 'best']
['ally_c', 202559141, 'impression', '5', 240839993L, datetime.datetime(2013, 5, 21, 10, 58, 26), 0.293823247927987, False, 'best']
['ally_c', 202559141, 'impression', '1', 240845580L, datetime.datetime(2013, 5, 21, 10, 58, 26), 0.494761300917376, True, 'best']
['ally_c', 202559141, 'view_full_application_via_name', '3', 240841122L, datetime.datetime(2013, 5, 21, 10, 58, 29), 0.411554934827996, False, 'best']
['ally_c', 202559141, 'impression', '1', 240845580L, datetime.datetime(2013, 5, 21, 11, 0, 46), 0.494761300917376, True, 'best']
['ally_c', 202559141, 'impression', '6', 240890696L, datetime.datetime(2013, 5, 21, 11, 0, 46), 0.167503882778863, False, 'best']
['ally_c', 202559141, 'impression', '5', 240839993L, datetime.datetime(2013, 5, 21, 11, 0, 46), 0.293823247927987, False, 'best']
['ally_c', 202559141, 'impression', '3', 240841122L, datetime.datetime(2013, 5, 21, 11, 0, 46), 0.411554934827996, False, 'best']
['ally_c', 202559141, 'impression', '4', 240845994L, datetime.datetime(2013, 5, 21, 11, 0, 46), 0.323068615608153, False, 'best']
['ally_c', 202559141, 'impression', '2', 240909677L, datetime.datetime(2013, 5, 21, 11, 0, 46), 0.450189286422969, False, 'best']
['ally_c', 202559141, 'view_full_application_via_name', '4', 240845994L, datetime.datetime(2013, 5, 21, 11, 0, 52), 0.323068615608153, False, 'best']
['ally_c', 202559141, 'impression', '5', 240839993L, datetime.datetime(2013, 5, 21, 11, 2, 8), 0.293823247927987, False, 'best']
['ally_c', 202559141, 'impression', '6', 240890696L, datetime.datetime(2013, 5, 21, 11, 2, 8), 0.167503882778863, False, 'best']
['ally_c', 202559141, 'impression', '1', 240845580L, datetime.datetime(2013, 5, 21, 11, 2, 8), 0.494761300917376, True, 'best']
['ally_c', 202559141, 'impression', '3', 240841122L, datetime.datetime(2013, 5, 21, 11, 2, 8), 0.411554934827996, False, 'best']
['ally_c', 202559141, 'impression', '2', 240909677L, datetime.datetime(2013, 5, 21, 11, 2, 8), 0.450189286422969, False, 'best']
['ally_c', 202559141, 'impression', '4', 240845994L, datetime.datetime(2013, 5, 21, 11, 2, 8), 0.323068615608153, False, 'best']
['ally_c', 202559141, 'view_full_application_via_name', '5', 240839993L, datetime.datetime(2013, 5, 21, 11, 2, 12), 0.293823247927987, False, 'best']
['ally_c', 202559141, 'impression', '5', 240839993L, datetime.datetime(2013, 5, 21, 11, 3, 43), 0.293823247927987, False, 'best']
['ally_c', 202559141, 'impression', '3', 240841122L, datetime.datetime(2013, 5, 21, 11, 3, 43), 0.411554934827996, False, 'best']
['ally_c', 202559141, 'impression', '6', 240890696L, datetime.datetime(2013, 5, 21, 11, 3, 43), 0.167503882778863, False, 'best']
['ally_c', 202559141, 'impression', '1', 240845580L, datetime.datetime(2013, 5, 21, 11, 3, 43), 0.494761300917376, True, 'best']
['ally_c', 202559141, 'impression', '2', 240909677L, datetime.datetime(2013, 5, 21, 11, 3, 43), 0.450189286422969, False, 'best']
['ally_c', 202559141, 'impression', '4', 240845994L, datetime.datetime(2013, 5, 21, 11, 3, 43), 0.323068615608153, False, 'best']
['ally_c', 202559141, 'view_full_application_via_name', '1', 240845580L, datetime.datetime(2013, 5, 21, 11, 22, 33), 0.494761300917376, True, 'best']

['ally_c', 202559141, 'impression', '9', 240926872L, datetime.datetime(2013, 5, 22, 5, 2, 39), 0.023200865374107, False, 'best']
['ally_c', 202559141, 'impression', '8', 240890696L, datetime.datetime(2013, 5, 22, 5, 2, 39), 0.167503882778863, False, 'best']
['ally_c', 202559141, 'impression', '4', 240841122L, datetime.datetime(2013, 5, 22, 5, 2, 39), 0.411554934827996, False, 'best']
['ally_c', 202559141, 'impression', '6', 240845994L, datetime.datetime(2013, 5, 22, 5, 2, 39), 0.323068615608153, False, 'best']
['ally_c', 202559141, 'impression', '2', 240909677L, datetime.datetime(2013, 5, 22, 5, 2, 39), 0.450189286422969, False, 'best']
['ally_c', 202559141, 'impression', '3', 240937832L, datetime.datetime(2013, 5, 22, 5, 2, 39), 0.427688479549345, False, 'best']
['ally_c', 202559141, 'impression', '5', 240920167L, datetime.datetime(2013, 5, 22, 5, 2, 39), 0.369044347810756, False, 'best']
['ally_c', 202559141, 'impression', '1', 240961371L, datetime.datetime(2013, 5, 22, 5, 2, 39), 0.452286244014186, False, 'best']
['ally_c', 202559141, 'impression', '7', 240839993L, datetime.datetime(2013, 5, 22, 5, 2, 39), 0.293823247927987, False, 'best']

['ally_c', 202559141, 'impression', '4', 240841122L, datetime.datetime(2013, 5, 23, 11, 26, 46), 0.411554934827996, False, 'best']
['ally_c', 202559141, 'impression', '7', 240839993L, datetime.datetime(2013, 5, 23, 11, 26, 46), 0.293823247927987, False, 'best']
['ally_c', 202559141, 'impression', '5', 240920167L, datetime.datetime(2013, 5, 23, 11, 26, 46), 0.369044347810756, False, 'best']
['ally_c', 202559141, 'impression', '3', 240937832L, datetime.datetime(2013, 5, 23, 11, 26, 46), 0.427688479549345, False, 'best']
['ally_c', 202559141, 'impression', '2', 240909677L, datetime.datetime(2013, 5, 23, 11, 26, 46), 0.450189286422969, False, 'best']
['ally_c', 202559141, 'impression', '6', 240845994L, datetime.datetime(2013, 5, 23, 11, 26, 46), 0.323068615608153, False, 'best']
['ally_c', 202559141, 'impression', '9', 241083793L, datetime.datetime(2013, 5, 23, 11, 26, 46), 0.0852161652028422, False, 'best']
['ally_c', 202559141, 'impression', '10', 240926872L, datetime.datetime(2013, 5, 23, 11, 26, 46), 0.023200865374107, False, 'best']
['ally_c', 202559141, 'impression', '1', 240961371L, datetime.datetime(2013, 5, 23, 11, 26, 46), 0.452286244014186, False, 'best']
['ally_c', 202559141, 'impression', '8', 240890696L, datetime.datetime(2013, 5, 23, 11, 26, 46), 0.167503882778863, False, 'best']

