['alok_dhir', 202577792, 'impression', '1', 241209977L, datetime.datetime(2013, 5, 24, 16, 57, 4), 0.0184591217056727, False, 'time']
['alok_dhir', 202577792, 'expand_tile', '1', 241209977L, datetime.datetime(2013, 5, 24, 16, 57, 20), 0.0184591217056727, False, 'time']

['alok_dhir', 202577792, 'impression', '4', 241307899L, datetime.datetime(2013, 5, 28, 17, 41, 7), 0.0103002197120985, True, 'time']
['alok_dhir', 202577792, 'impression', '1', 241500849L, datetime.datetime(2013, 5, 28, 17, 41, 7), 0.0316780791957237, False, 'time']
['alok_dhir', 202577792, 'impression', '2', 241368531L, datetime.datetime(2013, 5, 28, 17, 41, 7), 0.018257483312, False, 'time']
['alok_dhir', 202577792, 'impression', '5', 241210757L, datetime.datetime(2013, 5, 28, 17, 41, 7), 0.0143606632912392, False, 'time']
['alok_dhir', 202577792, 'impression', '3', 241329490L, datetime.datetime(2013, 5, 28, 17, 41, 7), 0.00905094739036055, False, 'time']
['alok_dhir', 202577792, 'impression', '6', 241209977L, datetime.datetime(2013, 5, 28, 17, 41, 7), 0.0184591217056727, False, 'time']
['alok_dhir', 202577792, 'shortlist', '6', 241209977L, datetime.datetime(2013, 5, 28, 17, 41, 13), 0.0184591217056727, False, 'time']
['alok_dhir', 202577792, 'impression', '5', 241210757L, datetime.datetime(2013, 5, 28, 17, 41, 16), 0.0143606632912392, False, 'time']
['alok_dhir', 202577792, 'impression', '5', 241210757L, datetime.datetime(2013, 5, 28, 17, 41, 17), 0.0143606632912392, False, 'time']
['alok_dhir', 202577792, 'expand_tile', '4', 241307899L, datetime.datetime(2013, 5, 28, 17, 41, 22), 0.0103002197120985, True, 'time']
['alok_dhir', 202577792, 'collapse_tile', '4', 241307899L, datetime.datetime(2013, 5, 28, 17, 41, 40), 0.0103002197120985, True, 'time']
['alok_dhir', 202577792, 'expand_tile', '4', 241307899L, datetime.datetime(2013, 5, 28, 17, 41, 41), 0.0103002197120985, True, 'time']
['alok_dhir', 202577792, 'expand_tile', '4', 241307899L, datetime.datetime(2013, 5, 28, 17, 41, 43), 0.0103002197120985, True, 'time']
['alok_dhir', 202577792, 'shortlist', '4', 241307899L, datetime.datetime(2013, 5, 28, 17, 41, 43), 0.0103002197120985, True, 'time']
['alok_dhir', 202577792, 'view_full_application', '4', 241307899L, datetime.datetime(2013, 5, 28, 17, 41, 45), 0.0103002197120985, True, 'time']
['alok_dhir', 202577792, 'impression', '4', 241307899L, datetime.datetime(2013, 5, 28, 17, 43, 11), 0.0103002197120985, True, 'time']
['alok_dhir', 202577792, 'impression', '2', 241368531L, datetime.datetime(2013, 5, 28, 17, 43, 11), 0.018257483312, False, 'time']
['alok_dhir', 202577792, 'impression', '1', 241500849L, datetime.datetime(2013, 5, 28, 17, 43, 11), 0.0316780791957237, False, 'time']
['alok_dhir', 202577792, 'impression', '5', 241209977L, datetime.datetime(2013, 5, 28, 17, 43, 11), 0.0184591217056727, False, 'time']
['alok_dhir', 202577792, 'impression', '3', 241329490L, datetime.datetime(2013, 5, 28, 17, 43, 11), 0.00905094739036055, False, 'time']
['alok_dhir', 202577792, 'expand_tile', '3', 241329490L, datetime.datetime(2013, 5, 28, 17, 43, 13), 0.00905094739036055, False, 'time']
['alok_dhir', 202577792, 'expand_tile', '1', 241500849L, datetime.datetime(2013, 5, 28, 17, 43, 28), 0.0316780791957237, False, 'time']
['alok_dhir', 202577792, 'expand_tile', '2', 241368531L, datetime.datetime(2013, 5, 28, 17, 55, 10), 0.018257483312, False, 'time']
['alok_dhir', 202577792, 'expand_tile', '4', 241307899L, datetime.datetime(2013, 5, 28, 17, 55, 45), 0.0103002197120985, True, 'time']

