['astinjohn', 202547340, 'impression', '2', 240577177L, datetime.datetime(2013, 5, 16, 21, 46, 14), 0.472354777223159, False, 'time']
['astinjohn', 202547340, 'impression', '1', 240577505L, datetime.datetime(2013, 5, 16, 21, 46, 14), 0.763737799399894, False, 'time']
['astinjohn', 202547340, 'impression', '2', 240577733L, datetime.datetime(2013, 5, 16, 21, 57, 49), 0.430469719871364, False, 'time']
['astinjohn', 202547340, 'impression', '3', 240577505L, datetime.datetime(2013, 5, 16, 21, 57, 49), 0.763737799399894, False, 'time']
['astinjohn', 202547340, 'impression', '1', 240577776L, datetime.datetime(2013, 5, 16, 21, 57, 49), 0.524052185944705, False, 'time']
['astinjohn', 202547340, 'impression', '4', 240577177L, datetime.datetime(2013, 5, 16, 21, 57, 49), 0.472354777223159, False, 'time']
['astinjohn', 202547340, 'view_full_application_via_name', '1', 240577776L, datetime.datetime(2013, 5, 16, 21, 57, 54), 0.524052185944705, False, 'time']
['astinjohn', 202547340, 'view_full_application_via_name', '3', 240577505L, datetime.datetime(2013, 5, 16, 21, 58, 2), 0.763737799399894, False, 'time']

['astinjohn', 202547340, 'impression', '7', 240577733L, datetime.datetime(2013, 5, 17, 8, 26, 41), 0.430469719871364, False, 'time']
['astinjohn', 202547340, 'impression', '4', 240581292L, datetime.datetime(2013, 5, 17, 8, 26, 41), 0.310934098487183, False, 'time']
['astinjohn', 202547340, 'impression', '1', 240608635L, datetime.datetime(2013, 5, 17, 8, 26, 41), 0.53105428514468, False, 'time']
['astinjohn', 202547340, 'impression', '5', 240580749L, datetime.datetime(2013, 5, 17, 8, 26, 41), 0.607916719653443, False, 'time']
['astinjohn', 202547340, 'impression', '3', 240585599L, datetime.datetime(2013, 5, 17, 8, 26, 41), 0.583289335856411, False, 'time']
['astinjohn', 202547340, 'impression', '8', 240577177L, datetime.datetime(2013, 5, 17, 8, 26, 41), 0.472354777223159, False, 'time']
['astinjohn', 202547340, 'impression', '6', 240577776L, datetime.datetime(2013, 5, 17, 8, 26, 41), 0.524052185944705, False, 'time']
['astinjohn', 202547340, 'impression', '2', 240590519L, datetime.datetime(2013, 5, 17, 8, 26, 41), 0.697405160404904, False, 'time']
['astinjohn', 202547340, 'view_full_application_via_name', '1', 240608635L, datetime.datetime(2013, 5, 17, 8, 26, 49), 0.53105428514468, False, 'time']
['astinjohn', 202547340, 'impression', '3', 240585599L, datetime.datetime(2013, 5, 17, 8, 27, 55), 0.583289335856411, False, 'time']
['astinjohn', 202547340, 'impression', '8', 240577177L, datetime.datetime(2013, 5, 17, 8, 27, 55), 0.472354777223159, False, 'time']
['astinjohn', 202547340, 'impression', '4', 240581292L, datetime.datetime(2013, 5, 17, 8, 27, 55), 0.310934098487183, False, 'time']
['astinjohn', 202547340, 'impression', '5', 240580749L, datetime.datetime(2013, 5, 17, 8, 27, 55), 0.607916719653443, False, 'time']
['astinjohn', 202547340, 'impression', '1', 240608635L, datetime.datetime(2013, 5, 17, 8, 27, 55), 0.53105428514468, False, 'time']
['astinjohn', 202547340, 'impression', '7', 240577733L, datetime.datetime(2013, 5, 17, 8, 27, 55), 0.430469719871364, False, 'time']
['astinjohn', 202547340, 'impression', '6', 240577776L, datetime.datetime(2013, 5, 17, 8, 27, 55), 0.524052185944705, False, 'time']
['astinjohn', 202547340, 'impression', '2', 240590519L, datetime.datetime(2013, 5, 17, 8, 27, 55), 0.697405160404904, False, 'time']
['astinjohn', 202547340, 'view_full_application_via_name', '3', 240585599L, datetime.datetime(2013, 5, 17, 8, 28, 11), 0.583289335856411, False, 'time']
['astinjohn', 202547340, 'impression', '6', 240577776L, datetime.datetime(2013, 5, 17, 8, 29), 0.524052185944705, False, 'time']
['astinjohn', 202547340, 'impression', '2', 240590519L, datetime.datetime(2013, 5, 17, 8, 29), 0.697405160404904, False, 'time']
['astinjohn', 202547340, 'impression', '7', 240577733L, datetime.datetime(2013, 5, 17, 8, 29), 0.430469719871364, False, 'time']
['astinjohn', 202547340, 'impression', '1', 240608635L, datetime.datetime(2013, 5, 17, 8, 29), 0.53105428514468, False, 'time']
['astinjohn', 202547340, 'impression', '5', 240580749L, datetime.datetime(2013, 5, 17, 8, 29), 0.607916719653443, False, 'time']
['astinjohn', 202547340, 'impression', '4', 240581292L, datetime.datetime(2013, 5, 17, 8, 29), 0.310934098487183, False, 'time']
['astinjohn', 202547340, 'impression', '3', 240585599L, datetime.datetime(2013, 5, 17, 8, 29), 0.583289335856411, False, 'time']
['astinjohn', 202547340, 'impression', '8', 240577177L, datetime.datetime(2013, 5, 17, 8, 29), 0.472354777223159, False, 'time']
['astinjohn', 202547340, 'view_full_application_via_name', '7', 240577733L, datetime.datetime(2013, 5, 17, 8, 29, 20), 0.430469719871364, False, 'time']
['astinjohn', 202547340, 'impression', '7', 240577733L, datetime.datetime(2013, 5, 17, 8, 31, 33), 0.430469719871364, False, 'time']
['astinjohn', 202547340, 'impression', '5', 240580749L, datetime.datetime(2013, 5, 17, 8, 31, 33), 0.607916719653443, False, 'time']
['astinjohn', 202547340, 'impression', '1', 240608635L, datetime.datetime(2013, 5, 17, 8, 31, 33), 0.53105428514468, False, 'time']
['astinjohn', 202547340, 'impression', '8', 240577177L, datetime.datetime(2013, 5, 17, 8, 31, 33), 0.472354777223159, False, 'time']
['astinjohn', 202547340, 'impression', '3', 240585599L, datetime.datetime(2013, 5, 17, 8, 31, 33), 0.583289335856411, False, 'time']
['astinjohn', 202547340, 'impression', '6', 240577776L, datetime.datetime(2013, 5, 17, 8, 31, 33), 0.524052185944705, False, 'time']
['astinjohn', 202547340, 'impression', '2', 240590519L, datetime.datetime(2013, 5, 17, 8, 31, 33), 0.697405160404904, False, 'time']
['astinjohn', 202547340, 'impression', '4', 240581292L, datetime.datetime(2013, 5, 17, 8, 31, 33), 0.310934098487183, False, 'time']

