['bbex', 202538506, 'impression', '6', 240397773L, datetime.datetime(2013, 5, 14, 22, 6, 9), 0.0563850953278321, False, 'time']
['bbex', 202538506, 'impression', '4', 240397896L, datetime.datetime(2013, 5, 14, 22, 6, 9), 0.155335392328996, False, 'time']
['bbex', 202538506, 'impression', '7', 240397706L, datetime.datetime(2013, 5, 14, 22, 6, 9), 0.186161171736109, False, 'time']
['bbex', 202538506, 'impression', '3', 240397919L, datetime.datetime(2013, 5, 14, 22, 6, 9), 0.147290245990883, False, 'time']
['bbex', 202538506, 'impression', '5', 240397785L, datetime.datetime(2013, 5, 14, 22, 6, 9), 0.408368657091385, False, 'time']
['bbex', 202538506, 'impression', '9', 240397665L, datetime.datetime(2013, 5, 14, 22, 6, 9), 0.704527132012998, False, 'time']
['bbex', 202538506, 'impression', '1', 240397950L, datetime.datetime(2013, 5, 14, 22, 6, 9), 0.168500871699472, False, 'time']
['bbex', 202538506, 'impression', '2', 240397941L, datetime.datetime(2013, 5, 14, 22, 6, 9), 0.16574339931539, False, 'time']
['bbex', 202538506, 'impression', '8', 240397700L, datetime.datetime(2013, 5, 14, 22, 6, 9), 0.331968979797678, False, 'time']
['bbex', 202538506, 'view_full_application_via_name', '1', 240397950L, datetime.datetime(2013, 5, 14, 22, 6, 33), 0.168500871699472, False, 'time']
['bbex', 202538506, 'impression', '7', 240397706L, datetime.datetime(2013, 5, 14, 22, 7, 39), 0.186161171736109, False, 'time']
['bbex', 202538506, 'impression', '8', 240397700L, datetime.datetime(2013, 5, 14, 22, 7, 39), 0.331968979797678, False, 'time']
['bbex', 202538506, 'impression', '3', 240397919L, datetime.datetime(2013, 5, 14, 22, 7, 39), 0.147290245990883, False, 'time']
['bbex', 202538506, 'impression', '9', 240397665L, datetime.datetime(2013, 5, 14, 22, 7, 39), 0.704527132012998, False, 'time']
['bbex', 202538506, 'impression', '5', 240397785L, datetime.datetime(2013, 5, 14, 22, 7, 39), 0.408368657091385, False, 'time']
['bbex', 202538506, 'impression', '1', 240397950L, datetime.datetime(2013, 5, 14, 22, 7, 39), 0.168500871699472, False, 'time']
['bbex', 202538506, 'impression', '4', 240397896L, datetime.datetime(2013, 5, 14, 22, 7, 39), 0.155335392328996, False, 'time']
['bbex', 202538506, 'impression', '6', 240397773L, datetime.datetime(2013, 5, 14, 22, 7, 39), 0.0563850953278321, False, 'time']
['bbex', 202538506, 'impression', '2', 240397941L, datetime.datetime(2013, 5, 14, 22, 7, 39), 0.16574339931539, False, 'time']
['bbex', 202538506, 'expand_tile', '3', 240397919L, datetime.datetime(2013, 5, 14, 22, 8, 2), 0.147290245990883, False, 'time']
['bbex', 202538506, 'view_full_application_via_name', '3', 240397919L, datetime.datetime(2013, 5, 14, 22, 8, 22), 0.147290245990883, False, 'time']

['bbex', 202538506, 'impression', '14', 240424915L, datetime.datetime(2013, 5, 22, 21, 17, 44), 0.153140136013242, False, 'time']
['bbex', 202538506, 'impression', '13', 240428397L, datetime.datetime(2013, 5, 22, 21, 17, 44), 0.503654866652448, False, 'time']
['bbex', 202538506, 'impression', '2', 240775323L, datetime.datetime(2013, 5, 22, 21, 17, 44), 0.729918754231609, False, 'time']
['bbex', 202538506, 'impression', '20', 240408638L, datetime.datetime(2013, 5, 22, 21, 17, 44), 0.154370170248457, False, 'time']
['bbex', 202538506, 'impression', '5', 240514731L, datetime.datetime(2013, 5, 22, 21, 17, 44), 0.154560737507746, False, 'time']
['bbex', 202538506, 'impression', '18', 240412230L, datetime.datetime(2013, 5, 22, 21, 17, 44), 0.147843733939828, False, 'time']
['bbex', 202538506, 'impression', '11', 240430921L, datetime.datetime(2013, 5, 22, 21, 17, 44), 0.137993706472889, False, 'time']
['bbex', 202538506, 'impression', '8', 240458969L, datetime.datetime(2013, 5, 22, 21, 17, 44), 0.485280966994876, False, 'time']
['bbex', 202538506, 'impression', '9', 240444440L, datetime.datetime(2013, 5, 22, 21, 17, 44), 0.348927847997454, False, 'time']
['bbex', 202538506, 'impression', '7', 240460475L, datetime.datetime(2013, 5, 22, 21, 17, 44), 0.0768136881804639, False, 'time']
['bbex', 202538506, 'impression', '10', 240441269L, datetime.datetime(2013, 5, 22, 21, 17, 44), 0.276709233485331, False, 'time']
['bbex', 202538506, 'impression', '17', 240413357L, datetime.datetime(2013, 5, 22, 21, 17, 44), 0.236856348629424, False, 'time']
['bbex', 202538506, 'impression', '1', 240976827L, datetime.datetime(2013, 5, 22, 21, 17, 44), 0.721858254194297, False, 'time']
['bbex', 202538506, 'impression', '3', 240749027L, datetime.datetime(2013, 5, 22, 21, 17, 44), 0.115465630084321, False, 'time']
['bbex', 202538506, 'impression', '6', 240490485L, datetime.datetime(2013, 5, 22, 21, 17, 44), 0.597693224240043, False, 'time']
['bbex', 202538506, 'impression', '16', 240413721L, datetime.datetime(2013, 5, 22, 21, 17, 44), 0.135500493886745, False, 'time']
['bbex', 202538506, 'impression', '4', 240628842L, datetime.datetime(2013, 5, 22, 21, 17, 44), 0.170877315236939, False, 'time']
['bbex', 202538506, 'impression', '12', 240430490L, datetime.datetime(2013, 5, 22, 21, 17, 44), 0.181357247600518, False, 'time']
['bbex', 202538506, 'impression', '15', 240423551L, datetime.datetime(2013, 5, 22, 21, 17, 44), 0.222494874093423, False, 'time']
['bbex', 202538506, 'impression', '19', 240411208L, datetime.datetime(2013, 5, 22, 21, 17, 44), 0.318276025308968, False, 'time']
['bbex', 202538506, 'shortlist', '1', 240976827L, datetime.datetime(2013, 5, 22, 21, 17, 48), 0.721858254194297, False, 'time']
['bbex', 202538506, 'view_full_application_via_name', '2', 240775323L, datetime.datetime(2013, 5, 22, 21, 18, 8), 0.729918754231609, False, 'time']
['bbex', 202538506, 'view_full_application_via_name', '2', 240775323L, datetime.datetime(2013, 5, 22, 21, 18, 9), 0.729918754231609, False, 'time']
['bbex', 202538506, 'impression', '17', 240413357L, datetime.datetime(2013, 5, 22, 21, 34, 41), 0.236856348629424, False, 'time']
['bbex', 202538506, 'impression', '1', 240976827L, datetime.datetime(2013, 5, 22, 21, 34, 41), 0.721858254194297, False, 'time']
['bbex', 202538506, 'impression', '19', 240411208L, datetime.datetime(2013, 5, 22, 21, 34, 41), 0.318276025308968, False, 'time']
['bbex', 202538506, 'impression', '8', 240458969L, datetime.datetime(2013, 5, 22, 21, 34, 41), 0.485280966994876, False, 'time']
['bbex', 202538506, 'impression', '7', 240460475L, datetime.datetime(2013, 5, 22, 21, 34, 41), 0.0768136881804639, False, 'time']
['bbex', 202538506, 'impression', '10', 240441269L, datetime.datetime(2013, 5, 22, 21, 34, 41), 0.276709233485331, False, 'time']
['bbex', 202538506, 'impression', '9', 240444440L, datetime.datetime(2013, 5, 22, 21, 34, 41), 0.348927847997454, False, 'time']
['bbex', 202538506, 'impression', '16', 240413721L, datetime.datetime(2013, 5, 22, 21, 34, 41), 0.135500493886745, False, 'time']
['bbex', 202538506, 'impression', '4', 240628842L, datetime.datetime(2013, 5, 22, 21, 34, 41), 0.170877315236939, False, 'time']
['bbex', 202538506, 'impression', '6', 240490485L, datetime.datetime(2013, 5, 22, 21, 34, 41), 0.597693224240043, False, 'time']
['bbex', 202538506, 'impression', '3', 240749027L, datetime.datetime(2013, 5, 22, 21, 34, 41), 0.115465630084321, False, 'time']
['bbex', 202538506, 'impression', '5', 240514731L, datetime.datetime(2013, 5, 22, 21, 34, 41), 0.154560737507746, False, 'time']
['bbex', 202538506, 'impression', '11', 240430921L, datetime.datetime(2013, 5, 22, 21, 34, 41), 0.137993706472889, False, 'time']
['bbex', 202538506, 'impression', '18', 240412230L, datetime.datetime(2013, 5, 22, 21, 34, 41), 0.147843733939828, False, 'time']
['bbex', 202538506, 'impression', '12', 240430490L, datetime.datetime(2013, 5, 22, 21, 34, 41), 0.181357247600518, False, 'time']
['bbex', 202538506, 'impression', '15', 240423551L, datetime.datetime(2013, 5, 22, 21, 34, 41), 0.222494874093423, False, 'time']
['bbex', 202538506, 'impression', '2', 240775323L, datetime.datetime(2013, 5, 22, 21, 34, 41), 0.729918754231609, False, 'time']
['bbex', 202538506, 'impression', '14', 240424915L, datetime.datetime(2013, 5, 22, 21, 34, 41), 0.153140136013242, False, 'time']
['bbex', 202538506, 'impression', '13', 240428397L, datetime.datetime(2013, 5, 22, 21, 34, 41), 0.503654866652448, False, 'time']
['bbex', 202538506, 'impression', '20', 240408638L, datetime.datetime(2013, 5, 22, 21, 34, 41), 0.154370170248457, False, 'time']
['bbex', 202538506, 'expand_tile', '2', 240775323L, datetime.datetime(2013, 5, 22, 21, 35, 26), 0.729918754231609, False, 'time']
['bbex', 202538506, 'view_full_application', '2', 240775323L, datetime.datetime(2013, 5, 22, 21, 35, 33), 0.729918754231609, False, 'time']
['bbex', 202538506, 'view_full_application', '2', 240775323L, datetime.datetime(2013, 5, 22, 21, 35, 44), 0.729918754231609, False, 'time']
['bbex', 202538506, 'view_full_application', '2', 240775323L, datetime.datetime(2013, 5, 22, 21, 35, 46), 0.729918754231609, False, 'time']
['bbex', 202538506, 'impression', '9', 240444440L, datetime.datetime(2013, 5, 22, 21, 36, 10), 0.348927847997454, False, 'time']
['bbex', 202538506, 'impression', '8', 240458969L, datetime.datetime(2013, 5, 22, 21, 36, 10), 0.485280966994876, False, 'time']
['bbex', 202538506, 'impression', '10', 240441269L, datetime.datetime(2013, 5, 22, 21, 36, 10), 0.276709233485331, False, 'time']
['bbex', 202538506, 'impression', '7', 240460475L, datetime.datetime(2013, 5, 22, 21, 36, 10), 0.0768136881804639, False, 'time']
['bbex', 202538506, 'impression', '19', 240411208L, datetime.datetime(2013, 5, 22, 21, 36, 10), 0.318276025308968, False, 'time']
['bbex', 202538506, 'impression', '20', 240408638L, datetime.datetime(2013, 5, 22, 21, 36, 10), 0.154370170248457, False, 'time']
['bbex', 202538506, 'impression', '13', 240428397L, datetime.datetime(2013, 5, 22, 21, 36, 10), 0.503654866652448, False, 'time']
['bbex', 202538506, 'impression', '2', 240775323L, datetime.datetime(2013, 5, 22, 21, 36, 10), 0.729918754231609, False, 'time']
['bbex', 202538506, 'impression', '14', 240424915L, datetime.datetime(2013, 5, 22, 21, 36, 10), 0.153140136013242, False, 'time']
['bbex', 202538506, 'impression', '11', 240430921L, datetime.datetime(2013, 5, 22, 21, 36, 10), 0.137993706472889, False, 'time']
['bbex', 202538506, 'impression', '18', 240412230L, datetime.datetime(2013, 5, 22, 21, 36, 10), 0.147843733939828, False, 'time']
['bbex', 202538506, 'impression', '5', 240514731L, datetime.datetime(2013, 5, 22, 21, 36, 10), 0.154560737507746, False, 'time']
['bbex', 202538506, 'impression', '4', 240628842L, datetime.datetime(2013, 5, 22, 21, 36, 10), 0.170877315236939, False, 'time']
['bbex', 202538506, 'impression', '16', 240413721L, datetime.datetime(2013, 5, 22, 21, 36, 10), 0.135500493886745, False, 'time']
['bbex', 202538506, 'impression', '3', 240749027L, datetime.datetime(2013, 5, 22, 21, 36, 10), 0.115465630084321, False, 'time']
['bbex', 202538506, 'impression', '6', 240490485L, datetime.datetime(2013, 5, 22, 21, 36, 10), 0.597693224240043, False, 'time']
['bbex', 202538506, 'impression', '12', 240430490L, datetime.datetime(2013, 5, 22, 21, 36, 10), 0.181357247600518, False, 'time']
['bbex', 202538506, 'impression', '15', 240423551L, datetime.datetime(2013, 5, 22, 21, 36, 10), 0.222494874093423, False, 'time']
['bbex', 202538506, 'impression', '17', 240413357L, datetime.datetime(2013, 5, 22, 21, 36, 10), 0.236856348629424, False, 'time']
['bbex', 202538506, 'impression', '1', 240976827L, datetime.datetime(2013, 5, 22, 21, 36, 10), 0.721858254194297, False, 'time']
['bbex', 202538506, 'view_full_application_via_name', '3', 240749027L, datetime.datetime(2013, 5, 22, 21, 36, 22), 0.115465630084321, False, 'time']
['bbex', 202538506, 'impression', '6', 240490485L, datetime.datetime(2013, 5, 22, 21, 40, 14), 0.597693224240043, False, 'time']
['bbex', 202538506, 'impression', '4', 240628842L, datetime.datetime(2013, 5, 22, 21, 40, 14), 0.170877315236939, False, 'time']
['bbex', 202538506, 'impression', '3', 240749027L, datetime.datetime(2013, 5, 22, 21, 40, 14), 0.115465630084321, False, 'time']
['bbex', 202538506, 'impression', '16', 240413721L, datetime.datetime(2013, 5, 22, 21, 40, 14), 0.135500493886745, False, 'time']
['bbex', 202538506, 'impression', '11', 240430921L, datetime.datetime(2013, 5, 22, 21, 40, 14), 0.137993706472889, False, 'time']
['bbex', 202538506, 'impression', '18', 240412230L, datetime.datetime(2013, 5, 22, 21, 40, 14), 0.147843733939828, False, 'time']
['bbex', 202538506, 'impression', '5', 240514731L, datetime.datetime(2013, 5, 22, 21, 40, 14), 0.154560737507746, False, 'time']
['bbex', 202538506, 'impression', '19', 240411208L, datetime.datetime(2013, 5, 22, 21, 40, 14), 0.318276025308968, False, 'time']
['bbex', 202538506, 'impression', '1', 240976827L, datetime.datetime(2013, 5, 22, 21, 40, 14), 0.721858254194297, False, 'time']
['bbex', 202538506, 'impression', '17', 240413357L, datetime.datetime(2013, 5, 22, 21, 40, 14), 0.236856348629424, False, 'time']
['bbex', 202538506, 'impression', '2', 240775323L, datetime.datetime(2013, 5, 22, 21, 40, 14), 0.729918754231609, False, 'time']
['bbex', 202538506, 'impression', '14', 240424915L, datetime.datetime(2013, 5, 22, 21, 40, 14), 0.153140136013242, False, 'time']
['bbex', 202538506, 'impression', '13', 240428397L, datetime.datetime(2013, 5, 22, 21, 40, 14), 0.503654866652448, False, 'time']
['bbex', 202538506, 'impression', '20', 240408638L, datetime.datetime(2013, 5, 22, 21, 40, 14), 0.154370170248457, False, 'time']
['bbex', 202538506, 'impression', '9', 240444440L, datetime.datetime(2013, 5, 22, 21, 40, 14), 0.348927847997454, False, 'time']
['bbex', 202538506, 'impression', '7', 240460475L, datetime.datetime(2013, 5, 22, 21, 40, 14), 0.0768136881804639, False, 'time']
['bbex', 202538506, 'impression', '8', 240458969L, datetime.datetime(2013, 5, 22, 21, 40, 14), 0.485280966994876, False, 'time']
['bbex', 202538506, 'impression', '10', 240441269L, datetime.datetime(2013, 5, 22, 21, 40, 14), 0.276709233485331, False, 'time']
['bbex', 202538506, 'impression', '15', 240423551L, datetime.datetime(2013, 5, 22, 21, 40, 14), 0.222494874093423, False, 'time']
['bbex', 202538506, 'impression', '12', 240430490L, datetime.datetime(2013, 5, 22, 21, 40, 14), 0.181357247600518, False, 'time']
['bbex', 202538506, 'hide', '3', 240749027L, datetime.datetime(2013, 5, 22, 21, 40, 22), 0.115465630084321, False, 'time']
['bbex', 202538506, 'hide', '4', 240628842L, datetime.datetime(2013, 5, 22, 21, 40, 28), 0.170877315236939, False, 'time']
['bbex', 202538506, 'hide', '5', 240514731L, datetime.datetime(2013, 5, 22, 21, 40, 30), 0.154560737507746, False, 'time']
['bbex', 202538506, 'view_full_application_via_name', '6', 240490485L, datetime.datetime(2013, 5, 22, 21, 40, 41), 0.597693224240043, False, 'time']
['bbex', 202538506, 'impression', '19', 240402132L, datetime.datetime(2013, 5, 22, 21, 45, 52), 0.295770681944491, False, 'time']
['bbex', 202538506, 'impression', '16', 240411208L, datetime.datetime(2013, 5, 22, 21, 45, 52), 0.318276025308968, False, 'time']
['bbex', 202538506, 'impression', '7', 240441269L, datetime.datetime(2013, 5, 22, 21, 45, 52), 0.276709233485331, False, 'time']
['bbex', 202538506, 'impression', '5', 240458969L, datetime.datetime(2013, 5, 22, 21, 45, 52), 0.485280966994876, False, 'time']
['bbex', 202538506, 'impression', '6', 240444440L, datetime.datetime(2013, 5, 22, 21, 45, 52), 0.348927847997454, False, 'time']
['bbex', 202538506, 'impression', '4', 240460475L, datetime.datetime(2013, 5, 22, 21, 45, 52), 0.0768136881804639, False, 'time']
['bbex', 202538506, 'impression', '3', 240490485L, datetime.datetime(2013, 5, 22, 21, 45, 52), 0.597693224240043, False, 'time']
['bbex', 202538506, 'impression', '13', 240413721L, datetime.datetime(2013, 5, 22, 21, 45, 52), 0.135500493886745, False, 'time']
['bbex', 202538506, 'impression', '14', 240413357L, datetime.datetime(2013, 5, 22, 21, 45, 52), 0.236856348629424, False, 'time']
['bbex', 202538506, 'impression', '1', 240976827L, datetime.datetime(2013, 5, 22, 21, 45, 52), 0.721858254194297, False, 'time']
['bbex', 202538506, 'impression', '12', 240423551L, datetime.datetime(2013, 5, 22, 21, 45, 52), 0.222494874093423, False, 'time']
['bbex', 202538506, 'impression', '9', 240430490L, datetime.datetime(2013, 5, 22, 21, 45, 52), 0.181357247600518, False, 'time']
['bbex', 202538506, 'impression', '20', 240401356L, datetime.datetime(2013, 5, 22, 21, 45, 52), 0.415273316738874, False, 'time']
['bbex', 202538506, 'impression', '15', 240412230L, datetime.datetime(2013, 5, 22, 21, 45, 52), 0.147843733939828, False, 'time']
['bbex', 202538506, 'impression', '8', 240430921L, datetime.datetime(2013, 5, 22, 21, 45, 52), 0.137993706472889, False, 'time']
['bbex', 202538506, 'impression', '11', 240424915L, datetime.datetime(2013, 5, 22, 21, 45, 52), 0.153140136013242, False, 'time']
['bbex', 202538506, 'impression', '10', 240428397L, datetime.datetime(2013, 5, 22, 21, 45, 52), 0.503654866652448, False, 'time']
['bbex', 202538506, 'impression', '18', 240405455L, datetime.datetime(2013, 5, 22, 21, 45, 52), 0.260144684674066, False, 'time']
['bbex', 202538506, 'impression', '2', 240775323L, datetime.datetime(2013, 5, 22, 21, 45, 52), 0.729918754231609, False, 'time']
['bbex', 202538506, 'impression', '17', 240408638L, datetime.datetime(2013, 5, 22, 21, 45, 52), 0.154370170248457, False, 'time']
['bbex', 202538506, 'shortlist', '3', 240490485L, datetime.datetime(2013, 5, 22, 21, 45, 59), 0.597693224240043, False, 'time']
['bbex', 202538506, 'hide', '2', 240775323L, datetime.datetime(2013, 5, 22, 21, 46, 1), 0.729918754231609, False, 'time']
['bbex', 202538506, 'hide', '4', 240460475L, datetime.datetime(2013, 5, 22, 21, 46, 7), 0.0768136881804639, False, 'time']
['bbex', 202538506, 'hide', '5', 240458969L, datetime.datetime(2013, 5, 22, 21, 46, 10), 0.485280966994876, False, 'time']
['bbex', 202538506, 'hide', '6', 240444440L, datetime.datetime(2013, 5, 22, 21, 46, 28), 0.348927847997454, False, 'time']
['bbex', 202538506, 'hide', '7', 240441269L, datetime.datetime(2013, 5, 22, 21, 46, 37), 0.276709233485331, False, 'time']
['bbex', 202538506, 'hide', '8', 240430921L, datetime.datetime(2013, 5, 22, 21, 46, 54), 0.137993706472889, False, 'time']
['bbex', 202538506, 'view_full_application_via_name', '9', 240430490L, datetime.datetime(2013, 5, 22, 21, 47, 16), 0.181357247600518, False, 'time']
['bbex', 202538506, 'impression', '17', 240400289L, datetime.datetime(2013, 5, 22, 21, 51, 35), 0.179604972832194, False, 'time']
['bbex', 202538506, 'impression', '9', 240412230L, datetime.datetime(2013, 5, 22, 21, 51, 35), 0.147843733939828, False, 'time']
['bbex', 202538506, 'impression', '18', 240398731L, datetime.datetime(2013, 5, 22, 21, 51, 35), 0.185175021911531, False, 'time']
['bbex', 202538506, 'impression', '8', 240413357L, datetime.datetime(2013, 5, 22, 21, 51, 35), 0.236856348629424, False, 'time']
['bbex', 202538506, 'impression', '1', 240976827L, datetime.datetime(2013, 5, 22, 21, 51, 35), 0.721858254194297, False, 'time']
['bbex', 202538506, 'impression', '15', 240400929L, datetime.datetime(2013, 5, 22, 21, 51, 35), 0.188522971359735, False, 'time']
['bbex', 202538506, 'impression', '5', 240424915L, datetime.datetime(2013, 5, 22, 21, 51, 35), 0.153140136013242, False, 'time']
['bbex', 202538506, 'impression', '11', 240408638L, datetime.datetime(2013, 5, 22, 21, 51, 35), 0.154370170248457, False, 'time']
['bbex', 202538506, 'impression', '19', 240398267L, datetime.datetime(2013, 5, 22, 21, 51, 35), 0.0786278755788649, False, 'time']
['bbex', 202538506, 'impression', '12', 240405455L, datetime.datetime(2013, 5, 22, 21, 51, 35), 0.260144684674066, False, 'time']
['bbex', 202538506, 'impression', '4', 240428397L, datetime.datetime(2013, 5, 22, 21, 51, 35), 0.503654866652448, False, 'time']
['bbex', 202538506, 'impression', '20', 240398248L, datetime.datetime(2013, 5, 22, 21, 51, 35), 0.174846534653056, False, 'time']
['bbex', 202538506, 'impression', '3', 240430490L, datetime.datetime(2013, 5, 22, 21, 51, 35), 0.181357247600518, False, 'time']
['bbex', 202538506, 'impression', '14', 240401356L, datetime.datetime(2013, 5, 22, 21, 51, 35), 0.415273316738874, False, 'time']
['bbex', 202538506, 'impression', '16', 240400529L, datetime.datetime(2013, 5, 22, 21, 51, 35), 0.259457602181397, False, 'time']
['bbex', 202538506, 'impression', '6', 240423551L, datetime.datetime(2013, 5, 22, 21, 51, 35), 0.222494874093423, False, 'time']
['bbex', 202538506, 'impression', '10', 240411208L, datetime.datetime(2013, 5, 22, 21, 51, 35), 0.318276025308968, False, 'time']
['bbex', 202538506, 'impression', '13', 240402132L, datetime.datetime(2013, 5, 22, 21, 51, 35), 0.295770681944491, False, 'time']
['bbex', 202538506, 'impression', '2', 240490485L, datetime.datetime(2013, 5, 22, 21, 51, 35), 0.597693224240043, False, 'time']
['bbex', 202538506, 'impression', '7', 240413721L, datetime.datetime(2013, 5, 22, 21, 51, 35), 0.135500493886745, False, 'time']
['bbex', 202538506, 'hide', '3', 240430490L, datetime.datetime(2013, 5, 22, 21, 51, 44), 0.181357247600518, False, 'time']
['bbex', 202538506, 'hide', '4', 240428397L, datetime.datetime(2013, 5, 22, 21, 51, 51), 0.503654866652448, False, 'time']
['bbex', 202538506, 'view_full_application_via_name', '5', 240424915L, datetime.datetime(2013, 5, 22, 21, 52, 2), 0.153140136013242, False, 'time']
['bbex', 202538506, 'impression', '8', 240411208L, datetime.datetime(2013, 5, 22, 22, 11, 11), 0.318276025308968, False, 'time']
['bbex', 202538506, 'impression', '11', 240402132L, datetime.datetime(2013, 5, 22, 22, 11, 11), 0.295770681944491, False, 'time']
['bbex', 202538506, 'impression', '1', 240976827L, datetime.datetime(2013, 5, 22, 22, 11, 11), 0.721858254194297, False, 'time']
['bbex', 202538506, 'impression', '6', 240413357L, datetime.datetime(2013, 5, 22, 22, 11, 11), 0.236856348629424, False, 'time']
['bbex', 202538506, 'impression', '2', 240490485L, datetime.datetime(2013, 5, 22, 22, 11, 11), 0.597693224240043, False, 'time']
['bbex', 202538506, 'impression', '5', 240413721L, datetime.datetime(2013, 5, 22, 22, 11, 11), 0.135500493886745, False, 'time']
['bbex', 202538506, 'impression', '16', 240398731L, datetime.datetime(2013, 5, 22, 22, 11, 11), 0.185175021911531, False, 'time']
['bbex', 202538506, 'impression', '15', 240400289L, datetime.datetime(2013, 5, 22, 22, 11, 11), 0.179604972832194, False, 'time']
['bbex', 202538506, 'impression', '7', 240412230L, datetime.datetime(2013, 5, 22, 22, 11, 11), 0.147843733939828, False, 'time']
['bbex', 202538506, 'impression', '10', 240405455L, datetime.datetime(2013, 5, 22, 22, 11, 11), 0.260144684674066, False, 'time']
['bbex', 202538506, 'impression', '9', 240408638L, datetime.datetime(2013, 5, 22, 22, 11, 11), 0.154370170248457, False, 'time']
['bbex', 202538506, 'impression', '17', 240398267L, datetime.datetime(2013, 5, 22, 22, 11, 11), 0.0786278755788649, False, 'time']
['bbex', 202538506, 'impression', '3', 240424915L, datetime.datetime(2013, 5, 22, 22, 11, 11), 0.153140136013242, False, 'time']
['bbex', 202538506, 'impression', '19', 240398219L, datetime.datetime(2013, 5, 22, 22, 11, 11), 0.284309150668029, False, 'time']
['bbex', 202538506, 'impression', '13', 240400929L, datetime.datetime(2013, 5, 22, 22, 11, 11), 0.188522971359735, False, 'time']
['bbex', 202538506, 'impression', '20', 240397941L, datetime.datetime(2013, 5, 22, 22, 11, 11), 0.16574339931539, False, 'time']
['bbex', 202538506, 'impression', '14', 240400529L, datetime.datetime(2013, 5, 22, 22, 11, 11), 0.259457602181397, False, 'time']
['bbex', 202538506, 'impression', '4', 240423551L, datetime.datetime(2013, 5, 22, 22, 11, 11), 0.222494874093423, False, 'time']
['bbex', 202538506, 'impression', '18', 240398248L, datetime.datetime(2013, 5, 22, 22, 11, 11), 0.174846534653056, False, 'time']
['bbex', 202538506, 'impression', '12', 240401356L, datetime.datetime(2013, 5, 22, 22, 11, 11), 0.415273316738874, False, 'time']
['bbex', 202538506, 'hide', '3', 240424915L, datetime.datetime(2013, 5, 22, 22, 11, 19), 0.153140136013242, False, 'time']
['bbex', 202538506, 'view_full_application_via_name', '4', 240423551L, datetime.datetime(2013, 5, 22, 22, 11, 25), 0.222494874093423, False, 'time']
['bbex', 202538506, 'view_full_application_via_name', '4', 240423551L, datetime.datetime(2013, 5, 22, 22, 11, 31), 0.222494874093423, False, 'time']
['bbex', 202538506, 'view_full_application_via_name', '4', 240423551L, datetime.datetime(2013, 5, 22, 22, 11, 34), 0.222494874093423, False, 'time']
['bbex', 202538506, 'view_full_application_via_name', '4', 240423551L, datetime.datetime(2013, 5, 22, 22, 11, 36), 0.222494874093423, False, 'time']
['bbex', 202538506, 'impression', '11', 240401356L, datetime.datetime(2013, 5, 22, 22, 19, 30), 0.415273316738874, False, 'time']
['bbex', 202538506, 'impression', '13', 240400529L, datetime.datetime(2013, 5, 22, 22, 19, 30), 0.259457602181397, False, 'time']
['bbex', 202538506, 'impression', '3', 240423551L, datetime.datetime(2013, 5, 22, 22, 19, 30), 0.222494874093423, False, 'time']
['bbex', 202538506, 'impression', '17', 240398248L, datetime.datetime(2013, 5, 22, 22, 19, 30), 0.174846534653056, False, 'time']
['bbex', 202538506, 'impression', '9', 240405455L, datetime.datetime(2013, 5, 22, 22, 19, 30), 0.260144684674066, False, 'time']
['bbex', 202538506, 'impression', '20', 240397896L, datetime.datetime(2013, 5, 22, 22, 19, 30), 0.155335392328996, False, 'time']
['bbex', 202538506, 'impression', '8', 240408638L, datetime.datetime(2013, 5, 22, 22, 19, 30), 0.154370170248457, False, 'time']
['bbex', 202538506, 'impression', '16', 240398267L, datetime.datetime(2013, 5, 22, 22, 19, 30), 0.0786278755788649, False, 'time']
['bbex', 202538506, 'impression', '18', 240398219L, datetime.datetime(2013, 5, 22, 22, 19, 30), 0.284309150668029, False, 'time']
['bbex', 202538506, 'impression', '5', 240413357L, datetime.datetime(2013, 5, 22, 22, 19, 30), 0.236856348629424, False, 'time']
['bbex', 202538506, 'impression', '1', 240976827L, datetime.datetime(2013, 5, 22, 22, 19, 30), 0.721858254194297, False, 'time']
['bbex', 202538506, 'impression', '19', 240397941L, datetime.datetime(2013, 5, 22, 22, 19, 30), 0.16574339931539, False, 'time']
['bbex', 202538506, 'impression', '12', 240400929L, datetime.datetime(2013, 5, 22, 22, 19, 30), 0.188522971359735, False, 'time']
['bbex', 202538506, 'impression', '10', 240402132L, datetime.datetime(2013, 5, 22, 22, 19, 30), 0.295770681944491, False, 'time']
['bbex', 202538506, 'impression', '7', 240411208L, datetime.datetime(2013, 5, 22, 22, 19, 30), 0.318276025308968, False, 'time']
['bbex', 202538506, 'impression', '6', 240412230L, datetime.datetime(2013, 5, 22, 22, 19, 30), 0.147843733939828, False, 'time']
['bbex', 202538506, 'impression', '14', 240400289L, datetime.datetime(2013, 5, 22, 22, 19, 30), 0.179604972832194, False, 'time']
['bbex', 202538506, 'impression', '15', 240398731L, datetime.datetime(2013, 5, 22, 22, 19, 30), 0.185175021911531, False, 'time']
['bbex', 202538506, 'impression', '2', 240490485L, datetime.datetime(2013, 5, 22, 22, 19, 30), 0.597693224240043, False, 'time']
['bbex', 202538506, 'impression', '4', 240413721L, datetime.datetime(2013, 5, 22, 22, 19, 30), 0.135500493886745, False, 'time']
['bbex', 202538506, 'hide', '3', 240423551L, datetime.datetime(2013, 5, 22, 22, 19, 40), 0.222494874093423, False, 'time']
['bbex', 202538506, 'hide', '4', 240413721L, datetime.datetime(2013, 5, 22, 22, 19, 53), 0.135500493886745, False, 'time']
['bbex', 202538506, 'view_full_application_via_name', '5', 240413357L, datetime.datetime(2013, 5, 22, 22, 20, 4), 0.236856348629424, False, 'time']
['bbex', 202538506, 'impression', '2', 240490485L, datetime.datetime(2013, 5, 22, 22, 21, 58), 0.597693224240043, False, 'time']
['bbex', 202538506, 'impression', '1', 240976827L, datetime.datetime(2013, 5, 22, 22, 21, 58), 0.721858254194297, False, 'time']
['bbex', 202538506, 'impression', '3', 240413357L, datetime.datetime(2013, 5, 22, 22, 21, 58), 0.236856348629424, False, 'time']
['bbex', 202538506, 'impression', '12', 240400289L, datetime.datetime(2013, 5, 22, 22, 21, 58), 0.179604972832194, False, 'time']
['bbex', 202538506, 'impression', '13', 240398731L, datetime.datetime(2013, 5, 22, 22, 21, 58), 0.185175021911531, False, 'time']
['bbex', 202538506, 'impression', '4', 240412230L, datetime.datetime(2013, 5, 22, 22, 21, 58), 0.147843733939828, False, 'time']
['bbex', 202538506, 'impression', '20', 240397665L, datetime.datetime(2013, 5, 22, 22, 21, 58), 0.704527132012998, False, 'time']
['bbex', 202538506, 'impression', '5', 240411208L, datetime.datetime(2013, 5, 22, 22, 21, 58), 0.318276025308968, False, 'time']
['bbex', 202538506, 'impression', '8', 240402132L, datetime.datetime(2013, 5, 22, 22, 21, 58), 0.295770681944491, False, 'time']
['bbex', 202538506, 'impression', '11', 240400529L, datetime.datetime(2013, 5, 22, 22, 21, 58), 0.259457602181397, False, 'time']
['bbex', 202538506, 'impression', '9', 240401356L, datetime.datetime(2013, 5, 22, 22, 21, 58), 0.415273316738874, False, 'time']
['bbex', 202538506, 'impression', '19', 240397706L, datetime.datetime(2013, 5, 22, 22, 21, 58), 0.186161171736109, False, 'time']
['bbex', 202538506, 'impression', '15', 240398248L, datetime.datetime(2013, 5, 22, 22, 21, 58), 0.174846534653056, False, 'time']
['bbex', 202538506, 'impression', '17', 240397941L, datetime.datetime(2013, 5, 22, 22, 21, 58), 0.16574339931539, False, 'time']
['bbex', 202538506, 'impression', '10', 240400929L, datetime.datetime(2013, 5, 22, 22, 21, 58), 0.188522971359735, False, 'time']
['bbex', 202538506, 'impression', '18', 240397896L, datetime.datetime(2013, 5, 22, 22, 21, 58), 0.155335392328996, False, 'time']
['bbex', 202538506, 'impression', '16', 240398219L, datetime.datetime(2013, 5, 22, 22, 21, 58), 0.284309150668029, False, 'time']
['bbex', 202538506, 'impression', '14', 240398267L, datetime.datetime(2013, 5, 22, 22, 21, 58), 0.0786278755788649, False, 'time']
['bbex', 202538506, 'impression', '6', 240408638L, datetime.datetime(2013, 5, 22, 22, 21, 58), 0.154370170248457, False, 'time']
['bbex', 202538506, 'impression', '7', 240405455L, datetime.datetime(2013, 5, 22, 22, 21, 58), 0.260144684674066, False, 'time']
['bbex', 202538506, 'shortlist', '3', 240413357L, datetime.datetime(2013, 5, 22, 22, 22, 2), 0.236856348629424, False, 'time']
['bbex', 202538506, 'view_full_application_via_name', '4', 240412230L, datetime.datetime(2013, 5, 22, 22, 22, 10), 0.147843733939828, False, 'time']
['bbex', 202538506, 'impression', '17', 240397941L, datetime.datetime(2013, 5, 22, 22, 23, 22), 0.16574339931539, False, 'time']
['bbex', 202538506, 'impression', '10', 240400929L, datetime.datetime(2013, 5, 22, 22, 23, 22), 0.188522971359735, False, 'time']
['bbex', 202538506, 'impression', '14', 240398267L, datetime.datetime(2013, 5, 22, 22, 23, 22), 0.0786278755788649, False, 'time']
['bbex', 202538506, 'impression', '16', 240398219L, datetime.datetime(2013, 5, 22, 22, 23, 22), 0.284309150668029, False, 'time']
['bbex', 202538506, 'impression', '6', 240408638L, datetime.datetime(2013, 5, 22, 22, 23, 22), 0.154370170248457, False, 'time']
['bbex', 202538506, 'impression', '18', 240397896L, datetime.datetime(2013, 5, 22, 22, 23, 22), 0.155335392328996, False, 'time']
['bbex', 202538506, 'impression', '7', 240405455L, datetime.datetime(2013, 5, 22, 22, 23, 22), 0.260144684674066, False, 'time']
['bbex', 202538506, 'impression', '9', 240401356L, datetime.datetime(2013, 5, 22, 22, 23, 22), 0.415273316738874, False, 'time']
['bbex', 202538506, 'impression', '19', 240397706L, datetime.datetime(2013, 5, 22, 22, 23, 22), 0.186161171736109, False, 'time']
['bbex', 202538506, 'impression', '11', 240400529L, datetime.datetime(2013, 5, 22, 22, 23, 22), 0.259457602181397, False, 'time']
['bbex', 202538506, 'impression', '15', 240398248L, datetime.datetime(2013, 5, 22, 22, 23, 22), 0.174846534653056, False, 'time']
['bbex', 202538506, 'impression', '12', 240400289L, datetime.datetime(2013, 5, 22, 22, 23, 22), 0.179604972832194, False, 'time']
['bbex', 202538506, 'impression', '4', 240412230L, datetime.datetime(2013, 5, 22, 22, 23, 22), 0.147843733939828, False, 'time']
['bbex', 202538506, 'impression', '13', 240398731L, datetime.datetime(2013, 5, 22, 22, 23, 22), 0.185175021911531, False, 'time']
['bbex', 202538506, 'impression', '2', 240490485L, datetime.datetime(2013, 5, 22, 22, 23, 22), 0.597693224240043, False, 'time']
['bbex', 202538506, 'impression', '3', 240413357L, datetime.datetime(2013, 5, 22, 22, 23, 22), 0.236856348629424, False, 'time']
['bbex', 202538506, 'impression', '1', 240976827L, datetime.datetime(2013, 5, 22, 22, 23, 22), 0.721858254194297, False, 'time']
['bbex', 202538506, 'impression', '5', 240411208L, datetime.datetime(2013, 5, 22, 22, 23, 22), 0.318276025308968, False, 'time']
['bbex', 202538506, 'impression', '8', 240402132L, datetime.datetime(2013, 5, 22, 22, 23, 22), 0.295770681944491, False, 'time']
['bbex', 202538506, 'impression', '20', 240397665L, datetime.datetime(2013, 5, 22, 22, 23, 22), 0.704527132012998, False, 'time']
['bbex', 202538506, 'hide', '4', 240412230L, datetime.datetime(2013, 5, 22, 22, 23, 26), 0.147843733939828, False, 'time']
['bbex', 202538506, 'view_full_application_via_name', '5', 240411208L, datetime.datetime(2013, 5, 22, 22, 23, 37), 0.318276025308968, False, 'time']
['bbex', 202538506, 'impression', '3', 240413357L, datetime.datetime(2013, 5, 22, 22, 25, 43), 0.236856348629424, False, 'time']
['bbex', 202538506, 'impression', '1', 240976827L, datetime.datetime(2013, 5, 22, 22, 25, 43), 0.721858254194297, False, 'time']
['bbex', 202538506, 'impression', '17', 240397896L, datetime.datetime(2013, 5, 22, 22, 25, 43), 0.155335392328996, False, 'time']
['bbex', 202538506, 'impression', '6', 240405455L, datetime.datetime(2013, 5, 22, 22, 25, 43), 0.260144684674066, False, 'time']
['bbex', 202538506, 'impression', '5', 240408638L, datetime.datetime(2013, 5, 22, 22, 25, 43), 0.154370170248457, False, 'time']
['bbex', 202538506, 'impression', '15', 240398219L, datetime.datetime(2013, 5, 22, 22, 25, 43), 0.284309150668029, False, 'time']
['bbex', 202538506, 'impression', '13', 240398267L, datetime.datetime(2013, 5, 22, 22, 25, 43), 0.0786278755788649, False, 'time']
['bbex', 202538506, 'impression', '12', 240398731L, datetime.datetime(2013, 5, 22, 22, 25, 43), 0.185175021911531, False, 'time']
['bbex', 202538506, 'impression', '11', 240400289L, datetime.datetime(2013, 5, 22, 22, 25, 43), 0.179604972832194, False, 'time']
['bbex', 202538506, 'impression', '19', 240397665L, datetime.datetime(2013, 5, 22, 22, 25, 43), 0.704527132012998, False, 'time']
['bbex', 202538506, 'impression', '7', 240402132L, datetime.datetime(2013, 5, 22, 22, 25, 43), 0.295770681944491, False, 'time']
['bbex', 202538506, 'impression', '4', 240411208L, datetime.datetime(2013, 5, 22, 22, 25, 43), 0.318276025308968, False, 'time']
['bbex', 202538506, 'impression', '8', 240401356L, datetime.datetime(2013, 5, 22, 22, 25, 43), 0.415273316738874, False, 'time']
['bbex', 202538506, 'impression', '10', 240400529L, datetime.datetime(2013, 5, 22, 22, 25, 43), 0.259457602181397, False, 'time']
['bbex', 202538506, 'impression', '14', 240398248L, datetime.datetime(2013, 5, 22, 22, 25, 43), 0.174846534653056, False, 'time']
['bbex', 202538506, 'impression', '18', 240397706L, datetime.datetime(2013, 5, 22, 22, 25, 43), 0.186161171736109, False, 'time']
['bbex', 202538506, 'impression', '9', 240400929L, datetime.datetime(2013, 5, 22, 22, 25, 43), 0.188522971359735, False, 'time']
['bbex', 202538506, 'impression', '16', 240397941L, datetime.datetime(2013, 5, 22, 22, 25, 43), 0.16574339931539, False, 'time']
['bbex', 202538506, 'impression', '2', 240490485L, datetime.datetime(2013, 5, 22, 22, 25, 43), 0.597693224240043, False, 'time']
['bbex', 202538506, 'shortlist', '4', 240411208L, datetime.datetime(2013, 5, 22, 22, 26), 0.318276025308968, False, 'time']
['bbex', 202538506, 'hide', '5', 240408638L, datetime.datetime(2013, 5, 22, 22, 26, 13), 0.154370170248457, False, 'time']
['bbex', 202538506, 'hide', '6', 240405455L, datetime.datetime(2013, 5, 22, 22, 26, 24), 0.260144684674066, False, 'time']
['bbex', 202538506, 'view_full_application_via_name', '7', 240402132L, datetime.datetime(2013, 5, 22, 22, 26, 38), 0.295770681944491, False, 'time']
['bbex', 202538506, 'impression', '12', 240398248L, datetime.datetime(2013, 5, 22, 22, 31, 25), 0.174846534653056, False, 'time']
['bbex', 202538506, 'impression', '6', 240401356L, datetime.datetime(2013, 5, 22, 22, 31, 25), 0.415273316738874, False, 'time']
['bbex', 202538506, 'impression', '8', 240400529L, datetime.datetime(2013, 5, 22, 22, 31, 25), 0.259457602181397, False, 'time']
['bbex', 202538506, 'impression', '16', 240397706L, datetime.datetime(2013, 5, 22, 22, 31, 25), 0.186161171736109, False, 'time']
['bbex', 202538506, 'impression', '3', 240413357L, datetime.datetime(2013, 5, 22, 22, 31, 25), 0.236856348629424, False, 'time']
['bbex', 202538506, 'impression', '1', 240976827L, datetime.datetime(2013, 5, 22, 22, 31, 25), 0.721858254194297, False, 'time']
['bbex', 202538506, 'impression', '2', 240490485L, datetime.datetime(2013, 5, 22, 22, 31, 25), 0.597693224240043, False, 'time']
['bbex', 202538506, 'impression', '14', 240397941L, datetime.datetime(2013, 5, 22, 22, 31, 25), 0.16574339931539, False, 'time']
['bbex', 202538506, 'impression', '7', 240400929L, datetime.datetime(2013, 5, 22, 22, 31, 25), 0.188522971359735, False, 'time']
['bbex', 202538506, 'impression', '9', 240400289L, datetime.datetime(2013, 5, 22, 22, 31, 25), 0.179604972832194, False, 'time']
['bbex', 202538506, 'impression', '10', 240398731L, datetime.datetime(2013, 5, 22, 22, 31, 25), 0.185175021911531, False, 'time']
['bbex', 202538506, 'impression', '4', 240411208L, datetime.datetime(2013, 5, 22, 22, 31, 25), 0.318276025308968, False, 'time']
['bbex', 202538506, 'impression', '5', 240402132L, datetime.datetime(2013, 5, 22, 22, 31, 25), 0.295770681944491, False, 'time']
['bbex', 202538506, 'impression', '17', 240397665L, datetime.datetime(2013, 5, 22, 22, 31, 25), 0.704527132012998, False, 'time']
['bbex', 202538506, 'impression', '15', 240397896L, datetime.datetime(2013, 5, 22, 22, 31, 25), 0.155335392328996, False, 'time']
['bbex', 202538506, 'impression', '11', 240398267L, datetime.datetime(2013, 5, 22, 22, 31, 25), 0.0786278755788649, False, 'time']
['bbex', 202538506, 'impression', '13', 240398219L, datetime.datetime(2013, 5, 22, 22, 31, 25), 0.284309150668029, False, 'time']
['bbex', 202538506, 'hide', '4', 240411208L, datetime.datetime(2013, 5, 22, 22, 31, 33), 0.318276025308968, False, 'time']
['bbex', 202538506, 'shortlist', '5', 240402132L, datetime.datetime(2013, 5, 22, 22, 31, 34), 0.295770681944491, False, 'time']
['bbex', 202538506, 'hide', '6', 240401356L, datetime.datetime(2013, 5, 22, 22, 31, 53), 0.415273316738874, False, 'time']
['bbex', 202538506, 'hide', '7', 240400929L, datetime.datetime(2013, 5, 22, 22, 31, 55), 0.188522971359735, False, 'time']
['bbex', 202538506, 'view_full_application_via_name', '8', 240400529L, datetime.datetime(2013, 5, 22, 22, 32, 5), 0.259457602181397, False, 'time']
['bbex', 202538506, 'view_full_application_via_name', '8', 240400529L, datetime.datetime(2013, 5, 22, 22, 32, 11), 0.259457602181397, False, 'time']
['bbex', 202538506, 'view_full_application_via_name', '8', 240400529L, datetime.datetime(2013, 5, 22, 22, 32, 12), 0.259457602181397, False, 'time']
['bbex', 202538506, 'impression', '3', 240413357L, datetime.datetime(2013, 5, 22, 22, 36, 50), 0.236856348629424, False, 'time']
['bbex', 202538506, 'impression', '1', 240976827L, datetime.datetime(2013, 5, 22, 22, 36, 50), 0.721858254194297, False, 'time']
['bbex', 202538506, 'impression', '7', 240398731L, datetime.datetime(2013, 5, 22, 22, 36, 50), 0.185175021911531, False, 'time']
['bbex', 202538506, 'impression', '6', 240400289L, datetime.datetime(2013, 5, 22, 22, 36, 50), 0.179604972832194, False, 'time']
['bbex', 202538506, 'impression', '12', 240397896L, datetime.datetime(2013, 5, 22, 22, 36, 50), 0.155335392328996, False, 'time']
['bbex', 202538506, 'impression', '10', 240398219L, datetime.datetime(2013, 5, 22, 22, 36, 50), 0.284309150668029, False, 'time']
['bbex', 202538506, 'impression', '8', 240398267L, datetime.datetime(2013, 5, 22, 22, 36, 50), 0.0786278755788649, False, 'time']
['bbex', 202538506, 'impression', '2', 240490485L, datetime.datetime(2013, 5, 22, 22, 36, 50), 0.597693224240043, False, 'time']
['bbex', 202538506, 'impression', '14', 240397665L, datetime.datetime(2013, 5, 22, 22, 36, 50), 0.704527132012998, False, 'time']
['bbex', 202538506, 'impression', '4', 240402132L, datetime.datetime(2013, 5, 22, 22, 36, 50), 0.295770681944491, False, 'time']
['bbex', 202538506, 'impression', '11', 240397941L, datetime.datetime(2013, 5, 22, 22, 36, 50), 0.16574339931539, False, 'time']
['bbex', 202538506, 'impression', '13', 240397706L, datetime.datetime(2013, 5, 22, 22, 36, 50), 0.186161171736109, False, 'time']
['bbex', 202538506, 'impression', '9', 240398248L, datetime.datetime(2013, 5, 22, 22, 36, 50), 0.174846534653056, False, 'time']
['bbex', 202538506, 'impression', '5', 240400529L, datetime.datetime(2013, 5, 22, 22, 36, 50), 0.259457602181397, False, 'time']
['bbex', 202538506, 'view_full_application_via_name', '6', 240400289L, datetime.datetime(2013, 5, 22, 22, 37, 7), 0.179604972832194, False, 'time']
['bbex', 202538506, 'impression', '6', 240400289L, datetime.datetime(2013, 5, 22, 22, 39, 10), 0.179604972832194, False, 'time']
['bbex', 202538506, 'impression', '7', 240398731L, datetime.datetime(2013, 5, 22, 22, 39, 10), 0.185175021911531, False, 'time']
['bbex', 202538506, 'impression', '2', 240490485L, datetime.datetime(2013, 5, 22, 22, 39, 10), 0.597693224240043, False, 'time']
['bbex', 202538506, 'impression', '3', 240413357L, datetime.datetime(2013, 5, 22, 22, 39, 10), 0.236856348629424, False, 'time']
['bbex', 202538506, 'impression', '1', 240976827L, datetime.datetime(2013, 5, 22, 22, 39, 10), 0.721858254194297, False, 'time']
['bbex', 202538506, 'impression', '4', 240402132L, datetime.datetime(2013, 5, 22, 22, 39, 10), 0.295770681944491, False, 'time']
['bbex', 202538506, 'impression', '14', 240397665L, datetime.datetime(2013, 5, 22, 22, 39, 10), 0.704527132012998, False, 'time']
['bbex', 202538506, 'impression', '12', 240397896L, datetime.datetime(2013, 5, 22, 22, 39, 10), 0.155335392328996, False, 'time']
['bbex', 202538506, 'impression', '10', 240398219L, datetime.datetime(2013, 5, 22, 22, 39, 10), 0.284309150668029, False, 'time']
['bbex', 202538506, 'impression', '8', 240398267L, datetime.datetime(2013, 5, 22, 22, 39, 10), 0.0786278755788649, False, 'time']
['bbex', 202538506, 'impression', '11', 240397941L, datetime.datetime(2013, 5, 22, 22, 39, 10), 0.16574339931539, False, 'time']
['bbex', 202538506, 'impression', '5', 240400529L, datetime.datetime(2013, 5, 22, 22, 39, 10), 0.259457602181397, False, 'time']
['bbex', 202538506, 'impression', '9', 240398248L, datetime.datetime(2013, 5, 22, 22, 39, 10), 0.174846534653056, False, 'time']
['bbex', 202538506, 'impression', '13', 240397706L, datetime.datetime(2013, 5, 22, 22, 39, 10), 0.186161171736109, False, 'time']
['bbex', 202538506, 'hide', '6', 240400289L, datetime.datetime(2013, 5, 22, 22, 39, 16), 0.179604972832194, False, 'time']
['bbex', 202538506, 'view_full_application_via_name', '7', 240398731L, datetime.datetime(2013, 5, 22, 22, 39, 34), 0.185175021911531, False, 'time']
['bbex', 202538506, 'impression', '13', 240397665L, datetime.datetime(2013, 5, 22, 23, 1, 28), 0.704527132012998, False, 'time']
['bbex', 202538506, 'impression', '4', 240402132L, datetime.datetime(2013, 5, 22, 23, 1, 28), 0.295770681944491, False, 'time']
['bbex', 202538506, 'impression', '10', 240397941L, datetime.datetime(2013, 5, 22, 23, 1, 28), 0.16574339931539, False, 'time']
['bbex', 202538506, 'impression', '8', 240398248L, datetime.datetime(2013, 5, 22, 23, 1, 28), 0.174846534653056, False, 'time']
['bbex', 202538506, 'impression', '5', 240400529L, datetime.datetime(2013, 5, 22, 23, 1, 28), 0.259457602181397, False, 'time']
['bbex', 202538506, 'impression', '12', 240397706L, datetime.datetime(2013, 5, 22, 23, 1, 28), 0.186161171736109, False, 'time']
['bbex', 202538506, 'impression', '7', 240398267L, datetime.datetime(2013, 5, 22, 23, 1, 28), 0.0786278755788649, False, 'time']
['bbex', 202538506, 'impression', '11', 240397896L, datetime.datetime(2013, 5, 22, 23, 1, 28), 0.155335392328996, False, 'time']
['bbex', 202538506, 'impression', '9', 240398219L, datetime.datetime(2013, 5, 22, 23, 1, 28), 0.284309150668029, False, 'time']
['bbex', 202538506, 'impression', '2', 240490485L, datetime.datetime(2013, 5, 22, 23, 1, 28), 0.597693224240043, False, 'time']
['bbex', 202538506, 'impression', '6', 240398731L, datetime.datetime(2013, 5, 22, 23, 1, 28), 0.185175021911531, False, 'time']
['bbex', 202538506, 'impression', '1', 240976827L, datetime.datetime(2013, 5, 22, 23, 1, 28), 0.721858254194297, False, 'time']
['bbex', 202538506, 'impression', '3', 240413357L, datetime.datetime(2013, 5, 22, 23, 1, 28), 0.236856348629424, False, 'time']
['bbex', 202538506, 'hide', '6', 240398731L, datetime.datetime(2013, 5, 22, 23, 1, 34), 0.185175021911531, False, 'time']
['bbex', 202538506, 'view_full_application_via_name', '8', 240398248L, datetime.datetime(2013, 5, 22, 23, 1, 55), 0.174846534653056, False, 'time']
['bbex', 202538506, 'impression', '4', 240402132L, datetime.datetime(2013, 5, 22, 23, 17, 32), 0.295770681944491, False, 'time']
['bbex', 202538506, 'impression', '12', 240397665L, datetime.datetime(2013, 5, 22, 23, 17, 32), 0.704527132012998, False, 'time']
['bbex', 202538506, 'impression', '2', 240490485L, datetime.datetime(2013, 5, 22, 23, 17, 32), 0.597693224240043, False, 'time']
['bbex', 202538506, 'impression', '9', 240397941L, datetime.datetime(2013, 5, 22, 23, 17, 32), 0.16574339931539, False, 'time']
['bbex', 202538506, 'impression', '5', 240400529L, datetime.datetime(2013, 5, 22, 23, 17, 32), 0.259457602181397, False, 'time']
['bbex', 202538506, 'impression', '7', 240398248L, datetime.datetime(2013, 5, 22, 23, 17, 32), 0.174846534653056, False, 'time']
['bbex', 202538506, 'impression', '11', 240397706L, datetime.datetime(2013, 5, 22, 23, 17, 32), 0.186161171736109, False, 'time']
['bbex', 202538506, 'impression', '1', 240976827L, datetime.datetime(2013, 5, 22, 23, 17, 32), 0.721858254194297, False, 'time']
['bbex', 202538506, 'impression', '3', 240413357L, datetime.datetime(2013, 5, 22, 23, 17, 32), 0.236856348629424, False, 'time']
['bbex', 202538506, 'impression', '10', 240397896L, datetime.datetime(2013, 5, 22, 23, 17, 32), 0.155335392328996, False, 'time']
['bbex', 202538506, 'impression', '6', 240398267L, datetime.datetime(2013, 5, 22, 23, 17, 32), 0.0786278755788649, False, 'time']
['bbex', 202538506, 'impression', '8', 240398219L, datetime.datetime(2013, 5, 22, 23, 17, 32), 0.284309150668029, False, 'time']
['bbex', 202538506, 'hide', '6', 240398267L, datetime.datetime(2013, 5, 22, 23, 17, 39), 0.0786278755788649, False, 'time']
['bbex', 202538506, 'hide', '5', 240400529L, datetime.datetime(2013, 5, 22, 23, 17, 42), 0.259457602181397, False, 'time']
['bbex', 202538506, 'hide', '7', 240398248L, datetime.datetime(2013, 5, 22, 23, 17, 46), 0.174846534653056, False, 'time']
['bbex', 202538506, 'expand_tile', '8', 240398219L, datetime.datetime(2013, 5, 22, 23, 18, 1), 0.284309150668029, False, 'time']
['bbex', 202538506, 'view_full_application_via_name', '8', 240398219L, datetime.datetime(2013, 5, 22, 23, 18, 7), 0.284309150668029, False, 'time']
['bbex', 202538506, 'impression', '9', 240397665L, datetime.datetime(2013, 5, 22, 23, 20, 12), 0.704527132012998, False, 'time']
['bbex', 202538506, 'impression', '4', 240402132L, datetime.datetime(2013, 5, 22, 23, 20, 12), 0.295770681944491, False, 'time']
['bbex', 202538506, 'impression', '8', 240397706L, datetime.datetime(2013, 5, 22, 23, 20, 12), 0.186161171736109, False, 'time']
['bbex', 202538506, 'impression', '3', 240413357L, datetime.datetime(2013, 5, 22, 23, 20, 12), 0.236856348629424, False, 'time']
['bbex', 202538506, 'impression', '1', 240976827L, datetime.datetime(2013, 5, 22, 23, 20, 12), 0.721858254194297, False, 'time']
['bbex', 202538506, 'impression', '5', 240398219L, datetime.datetime(2013, 5, 22, 23, 20, 12), 0.284309150668029, False, 'time']
['bbex', 202538506, 'impression', '7', 240397896L, datetime.datetime(2013, 5, 22, 23, 20, 12), 0.155335392328996, False, 'time']
['bbex', 202538506, 'impression', '2', 240490485L, datetime.datetime(2013, 5, 22, 23, 20, 12), 0.597693224240043, False, 'time']
['bbex', 202538506, 'impression', '6', 240397941L, datetime.datetime(2013, 5, 22, 23, 20, 12), 0.16574339931539, False, 'time']
['bbex', 202538506, 'hide', '5', 240398219L, datetime.datetime(2013, 5, 22, 23, 21, 1), 0.284309150668029, False, 'time']
['bbex', 202538506, 'hide', '6', 240397941L, datetime.datetime(2013, 5, 22, 23, 21, 17), 0.16574339931539, False, 'time']
['bbex', 202538506, 'view_full_application_via_name', '7', 240397896L, datetime.datetime(2013, 5, 22, 23, 21, 21), 0.155335392328996, False, 'time']
['bbex', 202538506, 'impression', '1', 240976827L, datetime.datetime(2013, 5, 22, 23, 23, 40), 0.721858254194297, False, 'time']
['bbex', 202538506, 'impression', '3', 240413357L, datetime.datetime(2013, 5, 22, 23, 23, 40), 0.236856348629424, False, 'time']
['bbex', 202538506, 'impression', '2', 240490485L, datetime.datetime(2013, 5, 22, 23, 23, 40), 0.597693224240043, False, 'time']
['bbex', 202538506, 'impression', '6', 240397706L, datetime.datetime(2013, 5, 22, 23, 23, 40), 0.186161171736109, False, 'time']
['bbex', 202538506, 'impression', '5', 240397896L, datetime.datetime(2013, 5, 22, 23, 23, 40), 0.155335392328996, False, 'time']
['bbex', 202538506, 'impression', '7', 240397665L, datetime.datetime(2013, 5, 22, 23, 23, 40), 0.704527132012998, False, 'time']
['bbex', 202538506, 'impression', '4', 240402132L, datetime.datetime(2013, 5, 22, 23, 23, 40), 0.295770681944491, False, 'time']
['bbex', 202538506, 'hide', '5', 240397896L, datetime.datetime(2013, 5, 22, 23, 23, 43), 0.155335392328996, False, 'time']
['bbex', 202538506, 'hide', '6', 240397706L, datetime.datetime(2013, 5, 22, 23, 23, 45), 0.186161171736109, False, 'time']
['bbex', 202538506, 'hide', '7', 240397665L, datetime.datetime(2013, 5, 22, 23, 23, 54), 0.704527132012998, False, 'time']
['bbex', 202538506, 'view_full_application_via_name', '1', 240976827L, datetime.datetime(2013, 5, 22, 23, 24, 9), 0.721858254194297, False, 'time']
['bbex', 202538506, 'impression', '4', 240402132L, datetime.datetime(2013, 5, 22, 23, 30, 47), 0.295770681944491, False, 'time']
['bbex', 202538506, 'impression', '2', 240490485L, datetime.datetime(2013, 5, 22, 23, 30, 47), 0.597693224240043, False, 'time']
['bbex', 202538506, 'impression', '3', 240413357L, datetime.datetime(2013, 5, 22, 23, 30, 47), 0.236856348629424, False, 'time']
['bbex', 202538506, 'impression', '1', 240976827L, datetime.datetime(2013, 5, 22, 23, 30, 47), 0.721858254194297, False, 'time']
['bbex', 202538506, 'view_full_application_via_name', '3', 240413357L, datetime.datetime(2013, 5, 22, 23, 30, 57), 0.236856348629424, False, 'time']
['bbex', 202538506, 'impression', '3', 240413357L, datetime.datetime(2013, 5, 22, 23, 31, 22), 0.236856348629424, False, 'time']
['bbex', 202538506, 'impression', '1', 240976827L, datetime.datetime(2013, 5, 22, 23, 31, 22), 0.721858254194297, False, 'time']
['bbex', 202538506, 'impression', '4', 240402132L, datetime.datetime(2013, 5, 22, 23, 31, 22), 0.295770681944491, False, 'time']
['bbex', 202538506, 'impression', '2', 240490485L, datetime.datetime(2013, 5, 22, 23, 31, 22), 0.597693224240043, False, 'time']
['bbex', 202538506, 'view_full_application_via_name', '4', 240402132L, datetime.datetime(2013, 5, 22, 23, 31, 27), 0.295770681944491, False, 'time']

