['bleenash', 202550921, 'impression', '9', 240653608L, datetime.datetime(2013, 5, 17, 19, 54, 51), 0.0107420142283227, False, 'best']
['bleenash', 202550921, 'impression', '5', 240654306L, datetime.datetime(2013, 5, 17, 19, 54, 51), 0.0246324320764972, False, 'best']
['bleenash', 202550921, 'impression', '6', 240653279L, datetime.datetime(2013, 5, 17, 19, 54, 51), 0.0167567723024306, False, 'best']
['bleenash', 202550921, 'impression', '7', 240654395L, datetime.datetime(2013, 5, 17, 19, 54, 51), 0.0134339123115677, False, 'best']
['bleenash', 202550921, 'impression', '8', 240654475L, datetime.datetime(2013, 5, 17, 19, 54, 51), 0.0128936354804313, False, 'best']
['bleenash', 202550921, 'impression', '11', 240653753L, datetime.datetime(2013, 5, 17, 19, 54, 51), 0.00123639751204796, False, 'best']
['bleenash', 202550921, 'impression', '10', 240654533L, datetime.datetime(2013, 5, 17, 19, 54, 51), 0.00930072930063218, False, 'best']
['bleenash', 202550921, 'impression', '1', 240654626L, datetime.datetime(2013, 5, 17, 19, 54, 51), 0.065990302293439, False, 'best']
['bleenash', 202550921, 'impression', '3', 240654360L, datetime.datetime(2013, 5, 17, 19, 54, 51), 0.0383442175612329, False, 'best']
['bleenash', 202550921, 'impression', '2', 240654986L, datetime.datetime(2013, 5, 17, 19, 54, 51), 0.0406590344831962, False, 'best']
['bleenash', 202550921, 'impression', '4', 240653404L, datetime.datetime(2013, 5, 17, 19, 54, 51), 0.038049078913134, False, 'best']
['bleenash', 202550921, 'view_full_application_via_name', '8', 240654475L, datetime.datetime(2013, 5, 17, 19, 56, 7), 0.0128936354804313, False, 'best']

['bleenash', 202550921, 'impression', '17', 240653753L, datetime.datetime(2013, 5, 18, 3, 23, 11), 0.00123639751204796, False, 'best']
['bleenash', 202550921, 'impression', '11', 240660949L, datetime.datetime(2013, 5, 18, 3, 23, 11), 0.0159970857065861, False, 'best']
['bleenash', 202550921, 'impression', '18', 240657664L, datetime.datetime(2013, 5, 18, 3, 23, 11), 0.0199073913002426, False, 'best']
['bleenash', 202550921, 'impression', '9', 240654306L, datetime.datetime(2013, 5, 18, 3, 23, 11), 0.0246324320764972, False, 'best']
['bleenash', 202550921, 'impression', '3', 240661563L, datetime.datetime(2013, 5, 18, 3, 23, 11), 0.0869985068831841, False, 'best']
['bleenash', 202550921, 'impression', '15', 240653608L, datetime.datetime(2013, 5, 18, 3, 23, 11), 0.0107420142283227, False, 'best']
['bleenash', 202550921, 'impression', '10', 240653279L, datetime.datetime(2013, 5, 18, 3, 23, 11), 0.0167567723024306, False, 'best']
['bleenash', 202550921, 'impression', '6', 240662429L, datetime.datetime(2013, 5, 18, 3, 23, 11), 0.0386495776098423, False, 'best']
['bleenash', 202550921, 'impression', '8', 240653404L, datetime.datetime(2013, 5, 18, 3, 23, 11), 0.038049078913134, False, 'best']
['bleenash', 202550921, 'impression', '7', 240654360L, datetime.datetime(2013, 5, 18, 3, 23, 11), 0.0383442175612329, False, 'best']
['bleenash', 202550921, 'impression', '5', 240654986L, datetime.datetime(2013, 5, 18, 3, 23, 11), 0.0406590344831962, False, 'best']
['bleenash', 202550921, 'impression', '12', 240656536L, datetime.datetime(2013, 5, 18, 3, 23, 11), 0.0154741781099588, False, 'best']
['bleenash', 202550921, 'impression', '2', 240665352L, datetime.datetime(2013, 5, 18, 3, 23, 11), 0.0882530809354386, True, 'best']
['bleenash', 202550921, 'impression', '16', 240654533L, datetime.datetime(2013, 5, 18, 3, 23, 11), 0.00930072930063218, False, 'best']
['bleenash', 202550921, 'impression', '4', 240654626L, datetime.datetime(2013, 5, 18, 3, 23, 11), 0.065990302293439, False, 'best']
['bleenash', 202550921, 'impression', '14', 240654475L, datetime.datetime(2013, 5, 18, 3, 23, 11), 0.0128936354804313, False, 'best']
['bleenash', 202550921, 'impression', '13', 240654395L, datetime.datetime(2013, 5, 18, 3, 23, 11), 0.0134339123115677, False, 'best']
['bleenash', 202550921, 'impression', '1', 240662713L, datetime.datetime(2013, 5, 18, 3, 23, 11), 0.0903552802318925, False, 'best']

['bleenash', 202550921, 'impression', '4', 240724720L, datetime.datetime(2013, 5, 20, 23, 53, 1), 0.0553114024135328, False, 'best']
['bleenash', 202550921, 'impression', '3', 240661563L, datetime.datetime(2013, 5, 20, 23, 53, 1), 0.0869985068831841, False, 'best']
['bleenash', 202550921, 'impression', '15', 240682416L, datetime.datetime(2013, 5, 20, 23, 53, 1), 0.0236153243152054, False, 'best']
['bleenash', 202550921, 'impression', '13', 240724759L, datetime.datetime(2013, 5, 20, 23, 53, 1), 0.0288027330424887, False, 'best']
['bleenash', 202550921, 'impression', '14', 240669931L, datetime.datetime(2013, 5, 20, 23, 53, 1), 0.0279071587224129, False, 'best']
['bleenash', 202550921, 'impression', '7', 240702896L, datetime.datetime(2013, 5, 20, 23, 53, 1), 0.0424371453258238, False, 'best']
['bleenash', 202550921, 'impression', '16', 240698482L, datetime.datetime(2013, 5, 20, 23, 53, 1), 0.0204090448372813, False, 'best']
['bleenash', 202550921, 'impression', '5', 240723075L, datetime.datetime(2013, 5, 20, 23, 53, 1), 0.0491470534863425, False, 'best']
['bleenash', 202550921, 'impression', '18', 240653279L, datetime.datetime(2013, 5, 20, 23, 53, 1), 0.0167567723024306, False, 'best']
['bleenash', 202550921, 'impression', '9', 240702078L, datetime.datetime(2013, 5, 20, 23, 53, 1), 0.0390510995474882, False, 'best']
['bleenash', 202550921, 'impression', '11', 240662429L, datetime.datetime(2013, 5, 20, 23, 53, 1), 0.0386495776098423, False, 'best']
['bleenash', 202550921, 'impression', '10', 240723844L, datetime.datetime(2013, 5, 20, 23, 53, 1), 0.03874429161078, False, 'best']
['bleenash', 202550921, 'impression', '20', 240656536L, datetime.datetime(2013, 5, 20, 23, 53, 1), 0.0154741781099588, False, 'best']
['bleenash', 202550921, 'impression', '6', 240713913L, datetime.datetime(2013, 5, 20, 23, 53, 1), 0.0461625879118598, False, 'best']
['bleenash', 202550921, 'impression', '8', 240654986L, datetime.datetime(2013, 5, 20, 23, 53, 1), 0.0406590344831962, False, 'best']
['bleenash', 202550921, 'impression', '12', 240653404L, datetime.datetime(2013, 5, 20, 23, 53, 1), 0.038049078913134, False, 'best']
['bleenash', 202550921, 'impression', '19', 240660949L, datetime.datetime(2013, 5, 20, 23, 53, 1), 0.0159970857065861, False, 'best']
['bleenash', 202550921, 'impression', '17', 240677820L, datetime.datetime(2013, 5, 20, 23, 53, 1), 0.017061645195559, False, 'best']
['bleenash', 202550921, 'impression', '1', 240662713L, datetime.datetime(2013, 5, 20, 23, 53, 1), 0.0903552802318925, False, 'best']
['bleenash', 202550921, 'impression', '2', 240665352L, datetime.datetime(2013, 5, 20, 23, 53, 1), 0.0882530809354386, True, 'best']
['bleenash', 202550921, 'impression', '15', 240682416L, datetime.datetime(2013, 5, 20, 23, 54, 20), 0.0236153243152054, False, 'best']
['bleenash', 202550921, 'impression', '3', 240661563L, datetime.datetime(2013, 5, 20, 23, 54, 20), 0.0869985068831841, False, 'best']
['bleenash', 202550921, 'impression', '7', 240702896L, datetime.datetime(2013, 5, 20, 23, 54, 20), 0.0424371453258238, False, 'best']
['bleenash', 202550921, 'impression', '14', 240669931L, datetime.datetime(2013, 5, 20, 23, 54, 20), 0.0279071587224129, False, 'best']
['bleenash', 202550921, 'impression', '13', 240724759L, datetime.datetime(2013, 5, 20, 23, 54, 20), 0.0288027330424887, False, 'best']
['bleenash', 202550921, 'impression', '5', 240723075L, datetime.datetime(2013, 5, 20, 23, 54, 20), 0.0491470534863425, False, 'best']
['bleenash', 202550921, 'impression', '16', 240698482L, datetime.datetime(2013, 5, 20, 23, 54, 20), 0.0204090448372813, False, 'best']
['bleenash', 202550921, 'impression', '18', 240653279L, datetime.datetime(2013, 5, 20, 23, 54, 20), 0.0167567723024306, False, 'best']
['bleenash', 202550921, 'impression', '4', 240724720L, datetime.datetime(2013, 5, 20, 23, 54, 20), 0.0553114024135328, False, 'best']
['bleenash', 202550921, 'impression', '2', 240665352L, datetime.datetime(2013, 5, 20, 23, 54, 20), 0.0882530809354386, True, 'best']
['bleenash', 202550921, 'impression', '10', 240723844L, datetime.datetime(2013, 5, 20, 23, 54, 20), 0.03874429161078, False, 'best']
['bleenash', 202550921, 'impression', '9', 240702078L, datetime.datetime(2013, 5, 20, 23, 54, 20), 0.0390510995474882, False, 'best']
['bleenash', 202550921, 'impression', '11', 240662429L, datetime.datetime(2013, 5, 20, 23, 54, 20), 0.0386495776098423, False, 'best']
['bleenash', 202550921, 'impression', '19', 240660949L, datetime.datetime(2013, 5, 20, 23, 54, 20), 0.0159970857065861, False, 'best']
['bleenash', 202550921, 'impression', '1', 240662713L, datetime.datetime(2013, 5, 20, 23, 54, 20), 0.0903552802318925, False, 'best']
['bleenash', 202550921, 'impression', '17', 240677820L, datetime.datetime(2013, 5, 20, 23, 54, 20), 0.017061645195559, False, 'best']
['bleenash', 202550921, 'impression', '20', 240656536L, datetime.datetime(2013, 5, 20, 23, 54, 20), 0.0154741781099588, False, 'best']
['bleenash', 202550921, 'impression', '6', 240713913L, datetime.datetime(2013, 5, 20, 23, 54, 20), 0.0461625879118598, False, 'best']
['bleenash', 202550921, 'impression', '8', 240654986L, datetime.datetime(2013, 5, 20, 23, 54, 20), 0.0406590344831962, False, 'best']
['bleenash', 202550921, 'impression', '12', 240653404L, datetime.datetime(2013, 5, 20, 23, 54, 20), 0.038049078913134, False, 'best']
['bleenash', 202550921, 'impression', '4', 240724720L, datetime.datetime(2013, 5, 20, 23, 54, 35), 0.0553114024135328, False, 'best']
['bleenash', 202550921, 'impression', '2', 240665352L, datetime.datetime(2013, 5, 20, 23, 54, 35), 0.0882530809354386, True, 'best']
['bleenash', 202550921, 'impression', '4', 240724720L, datetime.datetime(2013, 5, 20, 23, 54, 36), 0.0553114024135328, False, 'best']
['bleenash', 202550921, 'view_full_application_via_name', '2', 240665352L, datetime.datetime(2013, 5, 20, 23, 55, 1), 0.0882530809354386, True, 'best']

['bleenash', 202550921, 'impression', '3', 240661563L, datetime.datetime(2013, 5, 21, 4, 17, 44), 0.0869985068831841, False, 'best']
['bleenash', 202550921, 'impression', '14', 240669931L, datetime.datetime(2013, 5, 21, 4, 17, 44), 0.0279071587224129, False, 'best']
['bleenash', 202550921, 'impression', '7', 240702896L, datetime.datetime(2013, 5, 21, 4, 17, 44), 0.0424371453258238, False, 'best']
['bleenash', 202550921, 'impression', '13', 240724759L, datetime.datetime(2013, 5, 21, 4, 17, 44), 0.0288027330424887, False, 'best']
['bleenash', 202550921, 'impression', '15', 240682416L, datetime.datetime(2013, 5, 21, 4, 17, 44), 0.0236153243152054, False, 'best']
['bleenash', 202550921, 'impression', '19', 240660949L, datetime.datetime(2013, 5, 21, 4, 17, 44), 0.0159970857065861, False, 'best']
['bleenash', 202550921, 'impression', '4', 240724720L, datetime.datetime(2013, 5, 21, 4, 17, 44), 0.0553114024135328, False, 'best']
['bleenash', 202550921, 'impression', '1', 240662713L, datetime.datetime(2013, 5, 21, 4, 17, 44), 0.0903552802318925, False, 'best']
['bleenash', 202550921, 'impression', '17', 240677820L, datetime.datetime(2013, 5, 21, 4, 17, 44), 0.017061645195559, False, 'best']
['bleenash', 202550921, 'impression', '6', 240713913L, datetime.datetime(2013, 5, 21, 4, 17, 44), 0.0461625879118598, False, 'best']
['bleenash', 202550921, 'impression', '12', 240653404L, datetime.datetime(2013, 5, 21, 4, 17, 44), 0.038049078913134, False, 'best']
['bleenash', 202550921, 'impression', '20', 240656536L, datetime.datetime(2013, 5, 21, 4, 17, 44), 0.0154741781099588, False, 'best']
['bleenash', 202550921, 'impression', '8', 240654986L, datetime.datetime(2013, 5, 21, 4, 17, 44), 0.0406590344831962, False, 'best']
['bleenash', 202550921, 'impression', '10', 240723844L, datetime.datetime(2013, 5, 21, 4, 17, 44), 0.03874429161078, False, 'best']
['bleenash', 202550921, 'impression', '11', 240662429L, datetime.datetime(2013, 5, 21, 4, 17, 44), 0.0386495776098423, False, 'best']
['bleenash', 202550921, 'impression', '9', 240702078L, datetime.datetime(2013, 5, 21, 4, 17, 44), 0.0390510995474882, False, 'best']
['bleenash', 202550921, 'impression', '5', 240723075L, datetime.datetime(2013, 5, 21, 4, 17, 44), 0.0491470534863425, False, 'best']
['bleenash', 202550921, 'impression', '18', 240653279L, datetime.datetime(2013, 5, 21, 4, 17, 44), 0.0167567723024306, False, 'best']
['bleenash', 202550921, 'impression', '16', 240698482L, datetime.datetime(2013, 5, 21, 4, 17, 44), 0.0204090448372813, False, 'best']
['bleenash', 202550921, 'impression', '2', 240665352L, datetime.datetime(2013, 5, 21, 4, 17, 44), 0.0882530809354386, True, 'best']
['bleenash', 202550921, 'view_full_application_via_name', '2', 240665352L, datetime.datetime(2013, 5, 21, 4, 17, 48), 0.0882530809354386, True, 'best']
['bleenash', 202550921, 'impression', '19', 240660949L, datetime.datetime(2013, 5, 21, 4, 25, 3), 0.0159970857065861, False, 'best']
['bleenash', 202550921, 'impression', '11', 240662429L, datetime.datetime(2013, 5, 21, 4, 25, 3), 0.0386495776098423, False, 'best']
['bleenash', 202550921, 'impression', '9', 240702078L, datetime.datetime(2013, 5, 21, 4, 25, 3), 0.0390510995474882, False, 'best']
['bleenash', 202550921, 'impression', '10', 240723844L, datetime.datetime(2013, 5, 21, 4, 25, 3), 0.03874429161078, False, 'best']
['bleenash', 202550921, 'impression', '7', 240702896L, datetime.datetime(2013, 5, 21, 4, 25, 3), 0.0424371453258238, False, 'best']
['bleenash', 202550921, 'impression', '14', 240669931L, datetime.datetime(2013, 5, 21, 4, 25, 3), 0.0279071587224129, False, 'best']
['bleenash', 202550921, 'impression', '13', 240724759L, datetime.datetime(2013, 5, 21, 4, 25, 3), 0.0288027330424887, False, 'best']
['bleenash', 202550921, 'impression', '15', 240682416L, datetime.datetime(2013, 5, 21, 4, 25, 3), 0.0236153243152054, False, 'best']
['bleenash', 202550921, 'impression', '3', 240661563L, datetime.datetime(2013, 5, 21, 4, 25, 3), 0.0869985068831841, False, 'best']
['bleenash', 202550921, 'impression', '4', 240724720L, datetime.datetime(2013, 5, 21, 4, 25, 3), 0.0553114024135328, False, 'best']
['bleenash', 202550921, 'impression', '1', 240662713L, datetime.datetime(2013, 5, 21, 4, 25, 3), 0.0903552802318925, False, 'best']
['bleenash', 202550921, 'impression', '17', 240677820L, datetime.datetime(2013, 5, 21, 4, 25, 3), 0.017061645195559, False, 'best']
['bleenash', 202550921, 'impression', '2', 240665352L, datetime.datetime(2013, 5, 21, 4, 25, 3), 0.0882530809354386, True, 'best']
['bleenash', 202550921, 'impression', '12', 240653404L, datetime.datetime(2013, 5, 21, 4, 25, 3), 0.038049078913134, False, 'best']
['bleenash', 202550921, 'impression', '20', 240656536L, datetime.datetime(2013, 5, 21, 4, 25, 3), 0.0154741781099588, False, 'best']
['bleenash', 202550921, 'impression', '8', 240654986L, datetime.datetime(2013, 5, 21, 4, 25, 3), 0.0406590344831962, False, 'best']
['bleenash', 202550921, 'impression', '6', 240713913L, datetime.datetime(2013, 5, 21, 4, 25, 3), 0.0461625879118598, False, 'best']
['bleenash', 202550921, 'impression', '16', 240698482L, datetime.datetime(2013, 5, 21, 4, 25, 3), 0.0204090448372813, False, 'best']
['bleenash', 202550921, 'impression', '5', 240723075L, datetime.datetime(2013, 5, 21, 4, 25, 3), 0.0491470534863425, False, 'best']
['bleenash', 202550921, 'impression', '18', 240653279L, datetime.datetime(2013, 5, 21, 4, 25, 3), 0.0167567723024306, False, 'best']
['bleenash', 202550921, 'impression', '17', 240677820L, datetime.datetime(2013, 5, 21, 4, 25, 47), 0.017061645195559, False, 'best']
['bleenash', 202550921, 'impression', '1', 240662713L, datetime.datetime(2013, 5, 21, 4, 25, 47), 0.0903552802318925, False, 'best']
['bleenash', 202550921, 'impression', '2', 240665352L, datetime.datetime(2013, 5, 21, 4, 25, 47), 0.0882530809354386, True, 'best']
['bleenash', 202550921, 'impression', '10', 240723844L, datetime.datetime(2013, 5, 21, 4, 25, 47), 0.03874429161078, False, 'best']
['bleenash', 202550921, 'impression', '9', 240702078L, datetime.datetime(2013, 5, 21, 4, 25, 47), 0.0390510995474882, False, 'best']
['bleenash', 202550921, 'impression', '11', 240662429L, datetime.datetime(2013, 5, 21, 4, 25, 47), 0.0386495776098423, False, 'best']
['bleenash', 202550921, 'impression', '18', 240653279L, datetime.datetime(2013, 5, 21, 4, 25, 47), 0.0167567723024306, False, 'best']
['bleenash', 202550921, 'impression', '5', 240723075L, datetime.datetime(2013, 5, 21, 4, 25, 47), 0.0491470534863425, False, 'best']
['bleenash', 202550921, 'impression', '16', 240698482L, datetime.datetime(2013, 5, 21, 4, 25, 47), 0.0204090448372813, False, 'best']
['bleenash', 202550921, 'impression', '8', 240654986L, datetime.datetime(2013, 5, 21, 4, 25, 47), 0.0406590344831962, False, 'best']
['bleenash', 202550921, 'impression', '12', 240653404L, datetime.datetime(2013, 5, 21, 4, 25, 47), 0.038049078913134, False, 'best']
['bleenash', 202550921, 'impression', '20', 240656536L, datetime.datetime(2013, 5, 21, 4, 25, 47), 0.0154741781099588, False, 'best']
['bleenash', 202550921, 'impression', '6', 240713913L, datetime.datetime(2013, 5, 21, 4, 25, 47), 0.0461625879118598, False, 'best']
['bleenash', 202550921, 'impression', '4', 240724720L, datetime.datetime(2013, 5, 21, 4, 25, 47), 0.0553114024135328, False, 'best']
['bleenash', 202550921, 'impression', '15', 240682416L, datetime.datetime(2013, 5, 21, 4, 25, 47), 0.0236153243152054, False, 'best']
['bleenash', 202550921, 'impression', '14', 240669931L, datetime.datetime(2013, 5, 21, 4, 25, 47), 0.0279071587224129, False, 'best']
['bleenash', 202550921, 'impression', '3', 240661563L, datetime.datetime(2013, 5, 21, 4, 25, 47), 0.0869985068831841, False, 'best']
['bleenash', 202550921, 'impression', '7', 240702896L, datetime.datetime(2013, 5, 21, 4, 25, 47), 0.0424371453258238, False, 'best']
['bleenash', 202550921, 'impression', '13', 240724759L, datetime.datetime(2013, 5, 21, 4, 25, 47), 0.0288027330424887, False, 'best']
['bleenash', 202550921, 'impression', '19', 240660949L, datetime.datetime(2013, 5, 21, 4, 25, 47), 0.0159970857065861, False, 'best']
['bleenash', 202550921, 'view_full_application_via_name', '2', 240665352L, datetime.datetime(2013, 5, 21, 4, 25, 49), 0.0882530809354386, True, 'best']

