['brajendu', 202585698, 'impression', '3', 241391613L, datetime.datetime(2013, 5, 27, 15, 26), 0.0818759706171288, False, 'best']
['brajendu', 202585698, 'impression', '2', 241409453L, datetime.datetime(2013, 5, 27, 15, 26), 0.0973608374823838, True, 'best']
['brajendu', 202585698, 'impression', '1', 241395550L, datetime.datetime(2013, 5, 27, 15, 26), 0.190591348318689, False, 'best']
['brajendu', 202585698, 'view_full_application_via_name', '2', 241409453L, datetime.datetime(2013, 5, 27, 15, 26, 38), 0.0973608374823838, True, 'best']
['brajendu', 202585698, 'impression', '2', 241409453L, datetime.datetime(2013, 5, 27, 15, 27, 41), 0.0973608374823838, True, 'best']
['brajendu', 202585698, 'impression', '3', 241391613L, datetime.datetime(2013, 5, 27, 15, 27, 41), 0.0818759706171288, False, 'best']
['brajendu', 202585698, 'impression', '1', 241395550L, datetime.datetime(2013, 5, 27, 15, 27, 41), 0.190591348318689, False, 'best']
['brajendu', 202585698, 'impression', '2', 241409453L, datetime.datetime(2013, 5, 27, 15, 36, 21), 0.0973608374823838, True, 'best']
['brajendu', 202585698, 'impression', '3', 241391613L, datetime.datetime(2013, 5, 27, 15, 36, 21), 0.0818759706171288, False, 'best']
['brajendu', 202585698, 'impression', '1', 241395550L, datetime.datetime(2013, 5, 27, 15, 36, 21), 0.190591348318689, False, 'best']
['brajendu', 202585698, 'view_full_application_via_name', '1', 241395550L, datetime.datetime(2013, 5, 27, 15, 37, 9), 0.190591348318689, False, 'best']
['brajendu', 202585698, 'impression', '2', 241409453L, datetime.datetime(2013, 5, 27, 15, 37, 9), 0.0973608374823838, True, 'best']
['brajendu', 202585698, 'impression', '3', 241391613L, datetime.datetime(2013, 5, 27, 15, 37, 11), 0.0818759706171288, False, 'best']
['brajendu', 202585698, 'impression', '3', 241391613L, datetime.datetime(2013, 5, 27, 15, 43, 53), 0.0818759706171288, False, 'best']
['brajendu', 202585698, 'impression', '1', 241395550L, datetime.datetime(2013, 5, 27, 15, 43, 53), 0.190591348318689, False, 'best']
['brajendu', 202585698, 'impression', '2', 241409453L, datetime.datetime(2013, 5, 27, 15, 43, 53), 0.0973608374823838, True, 'best']
['brajendu', 202585698, 'impression', '1', 241395550L, datetime.datetime(2013, 5, 27, 15, 44, 15), 0.190591348318689, False, 'best']
['brajendu', 202585698, 'impression', '2', 241409453L, datetime.datetime(2013, 5, 27, 15, 44, 15), 0.0973608374823838, True, 'best']
['brajendu', 202585698, 'impression', '3', 241391613L, datetime.datetime(2013, 5, 27, 15, 44, 15), 0.0818759706171288, False, 'best']
['brajendu', 202585698, 'impression', '3', 241391613L, datetime.datetime(2013, 5, 27, 15, 44, 24), 0.0818759706171288, False, 'best']
['brajendu', 202585698, 'impression', '3', 241391613L, datetime.datetime(2013, 5, 27, 15, 44, 25), 0.0818759706171288, False, 'best']
['brajendu', 202585698, 'view_full_application_via_name', '1', 241395550L, datetime.datetime(2013, 5, 27, 15, 48, 59), 0.190591348318689, False, 'best']

['brajendu', 202585698, 'impression', '2', 241409453L, datetime.datetime(2013, 5, 28, 7, 53, 49), 0.0973608374823838, True, 'best']
['brajendu', 202585698, 'impression', '3', 241391613L, datetime.datetime(2013, 5, 28, 7, 53, 49), 0.0818759706171288, False, 'best']
['brajendu', 202585698, 'impression', '1', 241395550L, datetime.datetime(2013, 5, 28, 7, 53, 49), 0.190591348318689, False, 'best']
['brajendu', 202585698, 'impression', '4', 241428012L, datetime.datetime(2013, 5, 28, 7, 53, 49), 0.0333642269690085, False, 'best']
['brajendu', 202585698, 'impression', '3', 241391613L, datetime.datetime(2013, 5, 28, 7, 53, 53), 0.0818759706171288, False, 'best']
['brajendu', 202585698, 'impression', '4', 241428012L, datetime.datetime(2013, 5, 28, 7, 53, 53), 0.0333642269690085, False, 'best']
['brajendu', 202585698, 'impression', '2', 241409453L, datetime.datetime(2013, 5, 28, 7, 53, 53), 0.0973608374823838, True, 'best']
['brajendu', 202585698, 'impression', '1', 241395550L, datetime.datetime(2013, 5, 28, 7, 53, 53), 0.190591348318689, False, 'best']

