['bxquisit', 202588465, 'impression', '2', 241450891L, datetime.datetime(2013, 5, 28, 4, 33, 39), 0.0275240191615458, False, 'best']
['bxquisit', 202588465, 'impression', '1', 241450957L, datetime.datetime(2013, 5, 28, 4, 33, 39), 0.0495236630749243, False, 'best']
['bxquisit', 202588465, 'impression', '4', 241450856L, datetime.datetime(2013, 5, 28, 4, 33, 39), 0.0253419650644231, False, 'best']
['bxquisit', 202588465, 'impression', '3', 241451019L, datetime.datetime(2013, 5, 28, 4, 33, 39), 0.0262270871302959, False, 'best']

['bxquisit', 202588465, 'impression', '16', 241451019L, datetime.datetime(2013, 5, 28, 16, 19, 4), 0.0262270871302959, False, 'best']
['bxquisit', 202588465, 'impression', '10', 241451661L, datetime.datetime(2013, 5, 28, 16, 19, 4), 0.0354385989293278, False, 'best']
['bxquisit', 202588465, 'impression', '9', 241472844L, datetime.datetime(2013, 5, 28, 16, 19, 4), 0.0411201316053973, False, 'best']
['bxquisit', 202588465, 'impression', '18', 241451636L, datetime.datetime(2013, 5, 28, 16, 19, 4), 0.022446279442702, False, 'best']
['bxquisit', 202588465, 'impression', '14', 241450891L, datetime.datetime(2013, 5, 28, 16, 19, 4), 0.0275240191615458, False, 'best']
['bxquisit', 202588465, 'impression', '4', 241450957L, datetime.datetime(2013, 5, 28, 16, 19, 4), 0.0495236630749243, False, 'best']
['bxquisit', 202588465, 'impression', '6', 241499658L, datetime.datetime(2013, 5, 28, 16, 19, 4), 0.0468291539265504, False, 'best']
['bxquisit', 202588465, 'impression', '2', 241464409L, datetime.datetime(2013, 5, 28, 16, 19, 4), 0.0756790288102179, False, 'best']
['bxquisit', 202588465, 'impression', '7', 241453595L, datetime.datetime(2013, 5, 28, 16, 19, 4), 0.0460352236880006, False, 'best']
['bxquisit', 202588465, 'impression', '15', 241453546L, datetime.datetime(2013, 5, 28, 16, 19, 4), 0.0266496305283739, False, 'best']
['bxquisit', 202588465, 'impression', '1', 241473958L, datetime.datetime(2013, 5, 28, 16, 19, 4), 0.107642539575644, False, 'best']
['bxquisit', 202588465, 'impression', '3', 241467601L, datetime.datetime(2013, 5, 28, 16, 19, 4), 0.0548902029158021, False, 'best']
['bxquisit', 202588465, 'impression', '12', 241457040L, datetime.datetime(2013, 5, 28, 16, 19, 4), 0.0316612521155231, False, 'best']
['bxquisit', 202588465, 'impression', '17', 241450856L, datetime.datetime(2013, 5, 28, 16, 19, 4), 0.0253419650644231, False, 'best']
['bxquisit', 202588465, 'impression', '5', 241491888L, datetime.datetime(2013, 5, 28, 16, 19, 4), 0.0478294112939075, False, 'best']
['bxquisit', 202588465, 'impression', '8', 241464254L, datetime.datetime(2013, 5, 28, 16, 19, 4), 0.0432045297300651, False, 'best']
['bxquisit', 202588465, 'impression', '13', 241488496L, datetime.datetime(2013, 5, 28, 16, 19, 4), 0.0282542895558187, False, 'best']
['bxquisit', 202588465, 'impression', '11', 241475997L, datetime.datetime(2013, 5, 28, 16, 19, 4), 0.0335852574835905, False, 'best']
['bxquisit', 202588465, 'impression', '7', 241453595L, datetime.datetime(2013, 5, 28, 16, 45, 23), 0.0460352236880006, False, 'best']
['bxquisit', 202588465, 'impression', '4', 241450957L, datetime.datetime(2013, 5, 28, 16, 46), 0.0495236630749243, False, 'best']
['bxquisit', 202588465, 'impression', '6', 241499658L, datetime.datetime(2013, 5, 28, 16, 46), 0.0468291539265504, False, 'best']
['bxquisit', 202588465, 'impression', '13', 241457040L, datetime.datetime(2013, 5, 28, 16, 46), 0.0316612521155231, False, 'best']
['bxquisit', 202588465, 'impression', '5', 241491888L, datetime.datetime(2013, 5, 28, 16, 46), 0.0478294112939075, False, 'best']
['bxquisit', 202588465, 'impression', '3', 241467601L, datetime.datetime(2013, 5, 28, 16, 46), 0.0548902029158021, False, 'best']
['bxquisit', 202588465, 'impression', '1', 241473958L, datetime.datetime(2013, 5, 28, 16, 46), 0.107642539575644, False, 'best']
['bxquisit', 202588465, 'impression', '18', 241450856L, datetime.datetime(2013, 5, 28, 16, 46), 0.0253419650644231, False, 'best']
['bxquisit', 202588465, 'impression', '12', 241475997L, datetime.datetime(2013, 5, 28, 16, 46), 0.0335852574835905, False, 'best']
['bxquisit', 202588465, 'impression', '14', 241488496L, datetime.datetime(2013, 5, 28, 16, 46), 0.0282542895558187, False, 'best']
['bxquisit', 202588465, 'impression', '9', 241464254L, datetime.datetime(2013, 5, 28, 16, 46), 0.0432045297300651, False, 'best']
['bxquisit', 202588465, 'impression', '7', 241453595L, datetime.datetime(2013, 5, 28, 16, 46), 0.0460352236880006, False, 'best']
['bxquisit', 202588465, 'impression', '8', 241504655L, datetime.datetime(2013, 5, 28, 16, 46), 0.044129524922139, False, 'best']
['bxquisit', 202588465, 'impression', '2', 241464409L, datetime.datetime(2013, 5, 28, 16, 46), 0.0756790288102179, False, 'best']
['bxquisit', 202588465, 'impression', '16', 241453546L, datetime.datetime(2013, 5, 28, 16, 46), 0.0266496305283739, False, 'best']
['bxquisit', 202588465, 'impression', '11', 241451661L, datetime.datetime(2013, 5, 28, 16, 46), 0.0354385989293278, False, 'best']
['bxquisit', 202588465, 'impression', '17', 241451019L, datetime.datetime(2013, 5, 28, 16, 46), 0.0262270871302959, False, 'best']
['bxquisit', 202588465, 'impression', '10', 241472844L, datetime.datetime(2013, 5, 28, 16, 46), 0.0411201316053973, False, 'best']
['bxquisit', 202588465, 'impression', '15', 241450891L, datetime.datetime(2013, 5, 28, 16, 46), 0.0275240191615458, False, 'best']
['bxquisit', 202588465, 'impression', '19', 241451636L, datetime.datetime(2013, 5, 28, 16, 46), 0.022446279442702, False, 'best']

['bxquisit', 202588465, 'impression', '20', 241451019L, datetime.datetime(2013, 5, 29, 13, 56, 18), 0.0262270871302959, False, 'best']
['bxquisit', 202588465, 'impression', '14', 241451661L, datetime.datetime(2013, 5, 29, 13, 56, 18), 0.0354385989293278, False, 'best']
['bxquisit', 202588465, 'impression', '13', 241472844L, datetime.datetime(2013, 5, 29, 13, 56, 18), 0.0411201316053973, False, 'best']
['bxquisit', 202588465, 'impression', '13', 241472844L, datetime.datetime(2013, 5, 29, 13, 56, 18), 0.0411201316053973, False, 'best']
['bxquisit', 202588465, 'impression', '14', 241451661L, datetime.datetime(2013, 5, 29, 13, 56, 18), 0.0354385989293278, False, 'best']
['bxquisit', 202588465, 'impression', '20', 241451019L, datetime.datetime(2013, 5, 29, 13, 56, 18), 0.0262270871302959, False, 'best']
['bxquisit', 202588465, 'impression', '9', 241499658L, datetime.datetime(2013, 5, 29, 13, 56, 18), 0.0468291539265504, False, 'best']
['bxquisit', 202588465, 'impression', '18', 241556408L, datetime.datetime(2013, 5, 29, 13, 56, 18), 0.0280720396996958, False, 'best']
['bxquisit', 202588465, 'impression', '7', 241450957L, datetime.datetime(2013, 5, 29, 13, 56, 18), 0.0495236630749243, False, 'best']
['bxquisit', 202588465, 'impression', '7', 241450957L, datetime.datetime(2013, 5, 29, 13, 56, 18), 0.0495236630749243, False, 'best']
['bxquisit', 202588465, 'impression', '18', 241556408L, datetime.datetime(2013, 5, 29, 13, 56, 18), 0.0280720396996958, False, 'best']
['bxquisit', 202588465, 'impression', '9', 241499658L, datetime.datetime(2013, 5, 29, 13, 56, 18), 0.0468291539265504, False, 'best']
['bxquisit', 202588465, 'impression', '5', 241538549L, datetime.datetime(2013, 5, 29, 13, 56, 18), 0.0636959977860116, False, 'best']
['bxquisit', 202588465, 'impression', '3', 241541975L, datetime.datetime(2013, 5, 29, 13, 56, 18), 0.0846768534334512, False, 'best']
['bxquisit', 202588465, 'impression', '3', 241541975L, datetime.datetime(2013, 5, 29, 13, 56, 18), 0.0846768534334512, False, 'best']
['bxquisit', 202588465, 'impression', '12', 241464254L, datetime.datetime(2013, 5, 29, 13, 56, 18), 0.0432045297300651, False, 'best']
['bxquisit', 202588465, 'impression', '12', 241464254L, datetime.datetime(2013, 5, 29, 13, 56, 18), 0.0432045297300651, False, 'best']
['bxquisit', 202588465, 'impression', '5', 241538549L, datetime.datetime(2013, 5, 29, 13, 56, 18), 0.0636959977860116, False, 'best']
['bxquisit', 202588465, 'impression', '6', 241467601L, datetime.datetime(2013, 5, 29, 13, 56, 18), 0.0548902029158021, False, 'best']
['bxquisit', 202588465, 'impression', '1', 241473958L, datetime.datetime(2013, 5, 29, 13, 56, 18), 0.107642539575644, False, 'best']
['bxquisit', 202588465, 'impression', '1', 241473958L, datetime.datetime(2013, 5, 29, 13, 56, 18), 0.107642539575644, False, 'best']
['bxquisit', 202588465, 'impression', '8', 241491888L, datetime.datetime(2013, 5, 29, 13, 56, 18), 0.0478294112939075, False, 'best']
['bxquisit', 202588465, 'impression', '8', 241491888L, datetime.datetime(2013, 5, 29, 13, 56, 18), 0.0478294112939075, False, 'best']
['bxquisit', 202588465, 'impression', '16', 241457040L, datetime.datetime(2013, 5, 29, 13, 56, 18), 0.0316612521155231, False, 'best']
['bxquisit', 202588465, 'impression', '16', 241457040L, datetime.datetime(2013, 5, 29, 13, 56, 18), 0.0316612521155231, False, 'best']
['bxquisit', 202588465, 'impression', '6', 241467601L, datetime.datetime(2013, 5, 29, 13, 56, 18), 0.0548902029158021, False, 'best']
['bxquisit', 202588465, 'impression', '4', 241464409L, datetime.datetime(2013, 5, 29, 13, 56, 18), 0.0756790288102179, False, 'best']
['bxquisit', 202588465, 'impression', '19', 241453546L, datetime.datetime(2013, 5, 29, 13, 56, 18), 0.0266496305283739, False, 'best']
['bxquisit', 202588465, 'impression', '11', 241504655L, datetime.datetime(2013, 5, 29, 13, 56, 18), 0.044129524922139, False, 'best']
['bxquisit', 202588465, 'impression', '19', 241453546L, datetime.datetime(2013, 5, 29, 13, 56, 18), 0.0266496305283739, False, 'best']
['bxquisit', 202588465, 'impression', '11', 241504655L, datetime.datetime(2013, 5, 29, 13, 56, 18), 0.044129524922139, False, 'best']
['bxquisit', 202588465, 'impression', '10', 241453595L, datetime.datetime(2013, 5, 29, 13, 56, 18), 0.0460352236880006, False, 'best']
['bxquisit', 202588465, 'impression', '10', 241453595L, datetime.datetime(2013, 5, 29, 13, 56, 18), 0.0460352236880006, False, 'best']
['bxquisit', 202588465, 'impression', '4', 241464409L, datetime.datetime(2013, 5, 29, 13, 56, 18), 0.0756790288102179, False, 'best']
['bxquisit', 202588465, 'impression', '15', 241475997L, datetime.datetime(2013, 5, 29, 13, 56, 18), 0.0335852574835905, False, 'best']
['bxquisit', 202588465, 'impression', '15', 241475997L, datetime.datetime(2013, 5, 29, 13, 56, 18), 0.0335852574835905, False, 'best']
['bxquisit', 202588465, 'impression', '17', 241488496L, datetime.datetime(2013, 5, 29, 13, 56, 18), 0.0282542895558187, False, 'best']
['bxquisit', 202588465, 'impression', '17', 241488496L, datetime.datetime(2013, 5, 29, 13, 56, 18), 0.0282542895558187, False, 'best']
['bxquisit', 202588465, 'impression', '2', 241522542L, datetime.datetime(2013, 5, 29, 13, 56, 18), 0.100309293518367, False, 'best']
['bxquisit', 202588465, 'impression', '2', 241522542L, datetime.datetime(2013, 5, 29, 13, 56, 18), 0.100309293518367, False, 'best']

['bxquisit', 202588465, 'impression', '8', 241450957L, datetime.datetime(2013, 5, 29, 23, 50, 33), 0.0495236630749243, False, 'best']
['bxquisit', 202588465, 'impression', '19', 241556408L, datetime.datetime(2013, 5, 29, 23, 50, 33), 0.0280720396996958, False, 'best']
['bxquisit', 202588465, 'impression', '10', 241499658L, datetime.datetime(2013, 5, 29, 23, 50, 33), 0.0468291539265504, False, 'best']
['bxquisit', 202588465, 'impression', '3', 241522542L, datetime.datetime(2013, 5, 29, 23, 50, 33), 0.100309293518367, False, 'best']
['bxquisit', 202588465, 'impression', '18', 241488496L, datetime.datetime(2013, 5, 29, 23, 50, 33), 0.0282542895558187, False, 'best']
['bxquisit', 202588465, 'impression', '16', 241475997L, datetime.datetime(2013, 5, 29, 23, 50, 33), 0.0335852574835905, False, 'best']
['bxquisit', 202588465, 'impression', '13', 241464254L, datetime.datetime(2013, 5, 29, 23, 50, 33), 0.0432045297300651, False, 'best']
['bxquisit', 202588465, 'impression', '4', 241541975L, datetime.datetime(2013, 5, 29, 23, 50, 33), 0.0846768534334512, False, 'best']
['bxquisit', 202588465, 'impression', '6', 241538549L, datetime.datetime(2013, 5, 29, 23, 50, 33), 0.0636959977860116, False, 'best']
['bxquisit', 202588465, 'impression', '1', 241473958L, datetime.datetime(2013, 5, 29, 23, 50, 33), 0.107642539575644, False, 'best']
['bxquisit', 202588465, 'impression', '17', 241457040L, datetime.datetime(2013, 5, 29, 23, 50, 33), 0.0316612521155231, False, 'best']
['bxquisit', 202588465, 'impression', '7', 241467601L, datetime.datetime(2013, 5, 29, 23, 50, 33), 0.0548902029158021, False, 'best']
['bxquisit', 202588465, 'impression', '2', 241598832L, datetime.datetime(2013, 5, 29, 23, 50, 33), 0.103405948806132, False, 'best']
['bxquisit', 202588465, 'impression', '9', 241491888L, datetime.datetime(2013, 5, 29, 23, 50, 33), 0.0478294112939075, False, 'best']
['bxquisit', 202588465, 'impression', '15', 241451661L, datetime.datetime(2013, 5, 29, 23, 50, 33), 0.0354385989293278, False, 'best']
['bxquisit', 202588465, 'impression', '14', 241472844L, datetime.datetime(2013, 5, 29, 23, 50, 33), 0.0411201316053973, False, 'best']
['bxquisit', 202588465, 'impression', '12', 241504655L, datetime.datetime(2013, 5, 29, 23, 50, 33), 0.044129524922139, False, 'best']
['bxquisit', 202588465, 'impression', '11', 241453595L, datetime.datetime(2013, 5, 29, 23, 50, 33), 0.0460352236880006, False, 'best']
['bxquisit', 202588465, 'impression', '20', 241453546L, datetime.datetime(2013, 5, 29, 23, 50, 33), 0.0266496305283739, False, 'best']
['bxquisit', 202588465, 'impression', '5', 241464409L, datetime.datetime(2013, 5, 29, 23, 50, 33), 0.0756790288102179, False, 'best']
['bxquisit', 202588465, 'impression', '12', 241504655L, datetime.datetime(2013, 5, 29, 23, 50, 34), 0.044129524922139, False, 'best']
['bxquisit', 202588465, 'impression', '11', 241453595L, datetime.datetime(2013, 5, 29, 23, 50, 34), 0.0460352236880006, False, 'best']
['bxquisit', 202588465, 'impression', '20', 241453546L, datetime.datetime(2013, 5, 29, 23, 50, 34), 0.0266496305283739, False, 'best']
['bxquisit', 202588465, 'impression', '5', 241464409L, datetime.datetime(2013, 5, 29, 23, 50, 34), 0.0756790288102179, False, 'best']
['bxquisit', 202588465, 'impression', '14', 241472844L, datetime.datetime(2013, 5, 29, 23, 50, 34), 0.0411201316053973, False, 'best']
['bxquisit', 202588465, 'impression', '15', 241451661L, datetime.datetime(2013, 5, 29, 23, 50, 34), 0.0354385989293278, False, 'best']
['bxquisit', 202588465, 'impression', '2', 241598832L, datetime.datetime(2013, 5, 29, 23, 50, 34), 0.103405948806132, False, 'best']
['bxquisit', 202588465, 'impression', '7', 241467601L, datetime.datetime(2013, 5, 29, 23, 50, 34), 0.0548902029158021, False, 'best']
['bxquisit', 202588465, 'impression', '17', 241457040L, datetime.datetime(2013, 5, 29, 23, 50, 34), 0.0316612521155231, False, 'best']
['bxquisit', 202588465, 'impression', '1', 241473958L, datetime.datetime(2013, 5, 29, 23, 50, 34), 0.107642539575644, False, 'best']
['bxquisit', 202588465, 'impression', '9', 241491888L, datetime.datetime(2013, 5, 29, 23, 50, 34), 0.0478294112939075, False, 'best']
['bxquisit', 202588465, 'impression', '8', 241450957L, datetime.datetime(2013, 5, 29, 23, 50, 34), 0.0495236630749243, False, 'best']
['bxquisit', 202588465, 'impression', '19', 241556408L, datetime.datetime(2013, 5, 29, 23, 50, 34), 0.0280720396996958, False, 'best']
['bxquisit', 202588465, 'impression', '10', 241499658L, datetime.datetime(2013, 5, 29, 23, 50, 34), 0.0468291539265504, False, 'best']
['bxquisit', 202588465, 'impression', '13', 241464254L, datetime.datetime(2013, 5, 29, 23, 50, 34), 0.0432045297300651, False, 'best']
['bxquisit', 202588465, 'impression', '4', 241541975L, datetime.datetime(2013, 5, 29, 23, 50, 34), 0.0846768534334512, False, 'best']
['bxquisit', 202588465, 'impression', '6', 241538549L, datetime.datetime(2013, 5, 29, 23, 50, 34), 0.0636959977860116, False, 'best']
['bxquisit', 202588465, 'impression', '3', 241522542L, datetime.datetime(2013, 5, 29, 23, 50, 34), 0.100309293518367, False, 'best']
['bxquisit', 202588465, 'impression', '18', 241488496L, datetime.datetime(2013, 5, 29, 23, 50, 34), 0.0282542895558187, False, 'best']
['bxquisit', 202588465, 'impression', '16', 241475997L, datetime.datetime(2013, 5, 29, 23, 50, 34), 0.0335852574835905, False, 'best']

