['cdharders', 202581943, 'impression', '2', 241302368L, datetime.datetime(2013, 5, 26, 2, 32, 34), 0.216930480122518, False, 'best']
['cdharders', 202581943, 'impression', '12', 241302235L, datetime.datetime(2013, 5, 26, 2, 32, 34), 0.0675400597948685, False, 'best']
['cdharders', 202581943, 'impression', '10', 241303590L, datetime.datetime(2013, 5, 26, 2, 32, 34), 0.0833790519311551, False, 'best']
['cdharders', 202581943, 'impression', '14', 241302691L, datetime.datetime(2013, 5, 26, 2, 32, 34), 0.0603193219598756, False, 'best']
['cdharders', 202581943, 'impression', '5', 241303362L, datetime.datetime(2013, 5, 26, 2, 32, 34), 0.141560851052031, False, 'best']
['cdharders', 202581943, 'impression', '16', 241302876L, datetime.datetime(2013, 5, 26, 2, 32, 34), 0.0287989750047344, False, 'best']
['cdharders', 202581943, 'impression', '3', 241302396L, datetime.datetime(2013, 5, 26, 2, 32, 34), 0.173734057504677, False, 'best']
['cdharders', 202581943, 'impression', '19', 241302549L, datetime.datetime(2013, 5, 26, 2, 32, 34), 0.0218307954238426, False, 'best']
['cdharders', 202581943, 'impression', '13', 241303601L, datetime.datetime(2013, 5, 26, 2, 32, 34), 0.0614427603177447, False, 'best']
['cdharders', 202581943, 'impression', '18', 241302801L, datetime.datetime(2013, 5, 26, 2, 32, 34), 0.0239178756946759, False, 'best']
['cdharders', 202581943, 'impression', '8', 241302606L, datetime.datetime(2013, 5, 26, 2, 32, 34), 0.0883051591975438, False, 'best']
['cdharders', 202581943, 'impression', '9', 241302188L, datetime.datetime(2013, 5, 26, 2, 32, 34), 0.0880908671902226, False, 'best']
['cdharders', 202581943, 'impression', '20', 241302487L, datetime.datetime(2013, 5, 26, 2, 32, 34), 0.0216409584172342, False, 'best']
['cdharders', 202581943, 'impression', '1', 241302572L, datetime.datetime(2013, 5, 26, 2, 32, 34), 0.330644614282234, False, 'best']
['cdharders', 202581943, 'impression', '15', 241302405L, datetime.datetime(2013, 5, 26, 2, 32, 34), 0.0565940020621611, False, 'best']
['cdharders', 202581943, 'impression', '17', 241302381L, datetime.datetime(2013, 5, 26, 2, 32, 34), 0.0269244044007887, False, 'best']
['cdharders', 202581943, 'impression', '7', 241302250L, datetime.datetime(2013, 5, 26, 2, 32, 34), 0.101924346938957, False, 'best']
['cdharders', 202581943, 'impression', '11', 241302481L, datetime.datetime(2013, 5, 26, 2, 32, 34), 0.0801325192672139, False, 'best']
['cdharders', 202581943, 'impression', '4', 241302449L, datetime.datetime(2013, 5, 26, 2, 32, 34), 0.147709400129144, False, 'best']
['cdharders', 202581943, 'impression', '6', 241302206L, datetime.datetime(2013, 5, 26, 2, 32, 34), 0.106017319694908, False, 'best']
['cdharders', 202581943, 'expand_tile', '20', 241302487L, datetime.datetime(2013, 5, 26, 2, 33, 21), 0.0216409584172342, False, 'best']
['cdharders', 202581943, 'collapse_tile', '20', 241302487L, datetime.datetime(2013, 5, 26, 2, 33, 38), 0.0216409584172342, False, 'best']
['cdharders', 202581943, 'view_full_application_via_name', '20', 241302487L, datetime.datetime(2013, 5, 26, 2, 33, 41), 0.0216409584172342, False, 'best']
['cdharders', 202581943, 'impression', '16', 241302876L, datetime.datetime(2013, 5, 26, 2, 34, 36), 0.0287989750047344, False, 'best']
['cdharders', 202581943, 'impression', '14', 241302691L, datetime.datetime(2013, 5, 26, 2, 34, 36), 0.0603193219598756, False, 'best']
['cdharders', 202581943, 'impression', '5', 241303362L, datetime.datetime(2013, 5, 26, 2, 34, 36), 0.141560851052031, False, 'best']
['cdharders', 202581943, 'impression', '20', 241302487L, datetime.datetime(2013, 5, 26, 2, 34, 36), 0.0216409584172342, False, 'best']
['cdharders', 202581943, 'impression', '9', 241302188L, datetime.datetime(2013, 5, 26, 2, 34, 36), 0.0880908671902226, False, 'best']
['cdharders', 202581943, 'impression', '15', 241302405L, datetime.datetime(2013, 5, 26, 2, 34, 36), 0.0565940020621611, False, 'best']
['cdharders', 202581943, 'impression', '17', 241302381L, datetime.datetime(2013, 5, 26, 2, 34, 36), 0.0269244044007887, False, 'best']
['cdharders', 202581943, 'impression', '1', 241302572L, datetime.datetime(2013, 5, 26, 2, 34, 36), 0.330644614282234, False, 'best']
['cdharders', 202581943, 'impression', '7', 241302250L, datetime.datetime(2013, 5, 26, 2, 34, 36), 0.101924346938957, False, 'best']
['cdharders', 202581943, 'impression', '2', 241302368L, datetime.datetime(2013, 5, 26, 2, 34, 36), 0.216930480122518, False, 'best']
['cdharders', 202581943, 'impression', '12', 241302235L, datetime.datetime(2013, 5, 26, 2, 34, 36), 0.0675400597948685, False, 'best']
['cdharders', 202581943, 'impression', '10', 241303590L, datetime.datetime(2013, 5, 26, 2, 34, 36), 0.0833790519311551, False, 'best']
['cdharders', 202581943, 'impression', '19', 241302549L, datetime.datetime(2013, 5, 26, 2, 34, 36), 0.0218307954238426, False, 'best']
['cdharders', 202581943, 'impression', '3', 241302396L, datetime.datetime(2013, 5, 26, 2, 34, 36), 0.173734057504677, False, 'best']
['cdharders', 202581943, 'impression', '6', 241302206L, datetime.datetime(2013, 5, 26, 2, 34, 36), 0.106017319694908, False, 'best']
['cdharders', 202581943, 'impression', '11', 241302481L, datetime.datetime(2013, 5, 26, 2, 34, 36), 0.0801325192672139, False, 'best']
['cdharders', 202581943, 'impression', '4', 241302449L, datetime.datetime(2013, 5, 26, 2, 34, 36), 0.147709400129144, False, 'best']
['cdharders', 202581943, 'impression', '13', 241303601L, datetime.datetime(2013, 5, 26, 2, 34, 36), 0.0614427603177447, False, 'best']
['cdharders', 202581943, 'impression', '8', 241302606L, datetime.datetime(2013, 5, 26, 2, 34, 36), 0.0883051591975438, False, 'best']
['cdharders', 202581943, 'impression', '18', 241302801L, datetime.datetime(2013, 5, 26, 2, 34, 36), 0.0239178756946759, False, 'best']
['cdharders', 202581943, 'impression', '20', 241302487L, datetime.datetime(2013, 5, 26, 2, 34, 52), 0.0216409584172342, False, 'best']
['cdharders', 202581943, 'impression', '21', 241303557L, datetime.datetime(2013, 5, 26, 2, 35, 4), 0.0204620387544069, False, 'best']
['cdharders', 202581943, 'impression', '21', 241303557L, datetime.datetime(2013, 5, 26, 2, 35, 5), 0.0204620387544069, False, 'best']
['cdharders', 202581943, 'impression', '21', 241303557L, datetime.datetime(2013, 5, 26, 2, 35, 5), 0.0204620387544069, False, 'best']
['cdharders', 202581943, 'impression', '22', 241302693L, datetime.datetime(2013, 5, 26, 2, 35, 12), 0.0200398698420798, False, 'best']
['cdharders', 202581943, 'impression', '22', 241302693L, datetime.datetime(2013, 5, 26, 2, 35, 13), 0.0200398698420798, False, 'best']
['cdharders', 202581943, 'impression', '22', 241302693L, datetime.datetime(2013, 5, 26, 2, 35, 14), 0.0200398698420798, False, 'best']
['cdharders', 202581943, 'impression', '23', 241302769L, datetime.datetime(2013, 5, 26, 2, 35, 15), 0.0186399010990956, False, 'best']
['cdharders', 202581943, 'expand_tile', '23', 241302769L, datetime.datetime(2013, 5, 26, 2, 35, 36), 0.0186399010990956, False, 'best']
['cdharders', 202581943, 'impression', '23', 241302769L, datetime.datetime(2013, 5, 26, 2, 35, 42), 0.0186399010990956, False, 'best']
['cdharders', 202581943, 'impression', '23', 241302769L, datetime.datetime(2013, 5, 26, 2, 35, 45), 0.0186399010990956, False, 'best']
['cdharders', 202581943, 'expand_tile', '23', 241302769L, datetime.datetime(2013, 5, 26, 2, 35, 45), 0.0186399010990956, False, 'best']
['cdharders', 202581943, 'impression', '19', 241302549L, datetime.datetime(2013, 5, 26, 2, 35, 45), 0.0218307954238426, False, 'best']
['cdharders', 202581943, 'impression', '24', 241302736L, datetime.datetime(2013, 5, 26, 2, 36, 1), 0.0178990864603789, False, 'best']
['cdharders', 202581943, 'impression', '24', 241302736L, datetime.datetime(2013, 5, 26, 2, 36, 2), 0.0178990864603789, False, 'best']
['cdharders', 202581943, 'impression', '25', 241302510L, datetime.datetime(2013, 5, 26, 2, 36, 2), 0.0131199224356374, False, 'best']
['cdharders', 202581943, 'impression', '25', 241302510L, datetime.datetime(2013, 5, 26, 2, 36, 6), 0.0131199224356374, False, 'best']
['cdharders', 202581943, 'impression', '25', 241302510L, datetime.datetime(2013, 5, 26, 2, 36, 8), 0.0131199224356374, False, 'best']
['cdharders', 202581943, 'impression', '26', 241302467L, datetime.datetime(2013, 5, 26, 2, 36, 8), 0.00951792246546866, False, 'best']
['cdharders', 202581943, 'impression', '26', 241302467L, datetime.datetime(2013, 5, 26, 2, 36, 11), 0.00951792246546866, False, 'best']
['cdharders', 202581943, 'impression', '26', 241302467L, datetime.datetime(2013, 5, 26, 2, 36, 11), 0.00951792246546866, False, 'best']
['cdharders', 202581943, 'impression', '27', 241302645L, datetime.datetime(2013, 5, 26, 2, 36, 12), 0.0087216195605103, False, 'best']
['cdharders', 202581943, 'impression', '27', 241302645L, datetime.datetime(2013, 5, 26, 2, 36, 13), 0.0087216195605103, False, 'best']
['cdharders', 202581943, 'impression', '27', 241302645L, datetime.datetime(2013, 5, 26, 2, 36, 13), 0.0087216195605103, False, 'best']
['cdharders', 202581943, 'impression', '19', 241302549L, datetime.datetime(2013, 5, 26, 2, 36, 16), 0.0218307954238426, False, 'best']
['cdharders', 202581943, 'impression', '18', 241302801L, datetime.datetime(2013, 5, 26, 2, 36, 17), 0.0239178756946759, False, 'best']
['cdharders', 202581943, 'impression', '18', 241302801L, datetime.datetime(2013, 5, 26, 2, 36, 18), 0.0239178756946759, False, 'best']
['cdharders', 202581943, 'impression', '17', 241302381L, datetime.datetime(2013, 5, 26, 2, 36, 21), 0.0269244044007887, False, 'best']
['cdharders', 202581943, 'impression', '16', 241302876L, datetime.datetime(2013, 5, 26, 2, 36, 23), 0.0287989750047344, False, 'best']
['cdharders', 202581943, 'impression', '15', 241302405L, datetime.datetime(2013, 5, 26, 2, 36, 25), 0.0565940020621611, False, 'best']
['cdharders', 202581943, 'impression', '13', 241303601L, datetime.datetime(2013, 5, 26, 2, 36, 29), 0.0614427603177447, False, 'best']
['cdharders', 202581943, 'impression', '13', 241303601L, datetime.datetime(2013, 5, 26, 2, 36, 33), 0.0614427603177447, False, 'best']
['cdharders', 202581943, 'impression', '14', 241302691L, datetime.datetime(2013, 5, 26, 2, 36, 33), 0.0603193219598756, False, 'best']
['cdharders', 202581943, 'impression', '12', 241302235L, datetime.datetime(2013, 5, 26, 2, 36, 34), 0.0675400597948685, False, 'best']
['cdharders', 202581943, 'impression', '9', 241302188L, datetime.datetime(2013, 5, 26, 2, 36, 42), 0.0880908671902226, False, 'best']
['cdharders', 202581943, 'expand_tile', '9', 241302188L, datetime.datetime(2013, 5, 26, 2, 36, 53), 0.0880908671902226, False, 'best']
['cdharders', 202581943, 'impression', '9', 241302188L, datetime.datetime(2013, 5, 26, 2, 36, 58), 0.0880908671902226, False, 'best']
['cdharders', 202581943, 'impression', '9', 241302188L, datetime.datetime(2013, 5, 26, 2, 36, 59), 0.0880908671902226, False, 'best']
['cdharders', 202581943, 'impression', '9', 241302188L, datetime.datetime(2013, 5, 26, 2, 37, 1), 0.0880908671902226, False, 'best']
['cdharders', 202581943, 'expand_tile', '9', 241302188L, datetime.datetime(2013, 5, 26, 2, 37, 1), 0.0880908671902226, False, 'best']
['cdharders', 202581943, 'impression', '10', 241303590L, datetime.datetime(2013, 5, 26, 2, 37, 1), 0.0833790519311551, False, 'best']
['cdharders', 202581943, 'expand_tile', '6', 241302206L, datetime.datetime(2013, 5, 26, 2, 37, 27), 0.106017319694908, False, 'best']
['cdharders', 202581943, 'view_full_application_via_name', '6', 241302206L, datetime.datetime(2013, 5, 26, 2, 37, 59), 0.106017319694908, False, 'best']
['cdharders', 202581943, 'impression', '9', 241302481L, datetime.datetime(2013, 5, 26, 2, 39, 9), 0.0801325192672139, False, 'best']
['cdharders', 202581943, 'impression', '4', 241302449L, datetime.datetime(2013, 5, 26, 2, 39, 9), 0.147709400129144, False, 'best']
['cdharders', 202581943, 'impression', '1', 241302572L, datetime.datetime(2013, 5, 26, 2, 39, 9), 0.330644614282234, False, 'best']
['cdharders', 202581943, 'impression', '12', 241302405L, datetime.datetime(2013, 5, 26, 2, 39, 9), 0.0565940020621611, False, 'best']
['cdharders', 202581943, 'impression', '6', 241302250L, datetime.datetime(2013, 5, 26, 2, 39, 9), 0.101924346938957, False, 'best']
['cdharders', 202581943, 'impression', '7', 241302606L, datetime.datetime(2013, 5, 26, 2, 39, 9), 0.0883051591975438, False, 'best']
['cdharders', 202581943, 'impression', '5', 241303362L, datetime.datetime(2013, 5, 26, 2, 39, 9), 0.141560851052031, False, 'best']
['cdharders', 202581943, 'impression', '11', 241302691L, datetime.datetime(2013, 5, 26, 2, 39, 9), 0.0603193219598756, False, 'best']
['cdharders', 202581943, 'impression', '13', 241302510L, datetime.datetime(2013, 5, 26, 2, 39, 9), 0.0131199224356374, False, 'best']
['cdharders', 202581943, 'impression', '3', 241302396L, datetime.datetime(2013, 5, 26, 2, 39, 9), 0.173734057504677, False, 'best']
['cdharders', 202581943, 'impression', '14', 241302444L, datetime.datetime(2013, 5, 26, 2, 39, 9), 0.00487954318042955, False, 'best']
['cdharders', 202581943, 'impression', '8', 241303590L, datetime.datetime(2013, 5, 26, 2, 39, 9), 0.0833790519311551, False, 'best']
['cdharders', 202581943, 'impression', '2', 241302368L, datetime.datetime(2013, 5, 26, 2, 39, 9), 0.216930480122518, False, 'best']
['cdharders', 202581943, 'impression', '10', 241302235L, datetime.datetime(2013, 5, 26, 2, 39, 9), 0.0675400597948685, False, 'best']
['cdharders', 202581943, 'expand_tile', '1', 241302572L, datetime.datetime(2013, 5, 26, 2, 39, 19), 0.330644614282234, False, 'best']
['cdharders', 202581943, 'collapse_tile', '1', 241302572L, datetime.datetime(2013, 5, 26, 2, 39, 57), 0.330644614282234, False, 'best']
['cdharders', 202581943, 'view_full_application_via_name', '1', 241302572L, datetime.datetime(2013, 5, 26, 2, 39, 59), 0.330644614282234, False, 'best']
['cdharders', 202581943, 'impression', '9', 241303590L, datetime.datetime(2013, 5, 26, 2, 45, 52), 0.0833790519311551, False, 'best']
['cdharders', 202581943, 'impression', '11', 241302235L, datetime.datetime(2013, 5, 26, 2, 45, 52), 0.0675400597948685, False, 'best']
['cdharders', 202581943, 'impression', '2', 241302368L, datetime.datetime(2013, 5, 26, 2, 45, 52), 0.216930480122518, False, 'best']
['cdharders', 202581943, 'impression', '7', 241302250L, datetime.datetime(2013, 5, 26, 2, 45, 52), 0.101924346938957, False, 'best']
['cdharders', 202581943, 'impression', '13', 241302405L, datetime.datetime(2013, 5, 26, 2, 45, 52), 0.0565940020621611, False, 'best']
['cdharders', 202581943, 'impression', '1', 241302572L, datetime.datetime(2013, 5, 26, 2, 45, 52), 0.330644614282234, False, 'best']
['cdharders', 202581943, 'impression', '10', 241302481L, datetime.datetime(2013, 5, 26, 2, 45, 52), 0.0801325192672139, False, 'best']
['cdharders', 202581943, 'impression', '4', 241302449L, datetime.datetime(2013, 5, 26, 2, 45, 52), 0.147709400129144, False, 'best']
['cdharders', 202581943, 'impression', '3', 241302396L, datetime.datetime(2013, 5, 26, 2, 45, 52), 0.173734057504677, False, 'best']
['cdharders', 202581943, 'impression', '15', 241302444L, datetime.datetime(2013, 5, 26, 2, 45, 52), 0.00487954318042955, False, 'best']
['cdharders', 202581943, 'impression', '6', 241303941L, datetime.datetime(2013, 5, 26, 2, 45, 52), 0.134823221274191, False, 'best']
['cdharders', 202581943, 'impression', '8', 241302606L, datetime.datetime(2013, 5, 26, 2, 45, 52), 0.0883051591975438, False, 'best']
['cdharders', 202581943, 'impression', '14', 241302510L, datetime.datetime(2013, 5, 26, 2, 45, 52), 0.0131199224356374, False, 'best']
['cdharders', 202581943, 'impression', '12', 241302691L, datetime.datetime(2013, 5, 26, 2, 45, 52), 0.0603193219598756, False, 'best']
['cdharders', 202581943, 'impression', '5', 241303362L, datetime.datetime(2013, 5, 26, 2, 45, 52), 0.141560851052031, False, 'best']
['cdharders', 202581943, 'impression', '1', 241302572L, datetime.datetime(2013, 5, 26, 2, 45, 55), 0.330644614282234, False, 'best']
['cdharders', 202581943, 'shortlist', '1', 241302572L, datetime.datetime(2013, 5, 26, 2, 46, 4), 0.330644614282234, False, 'best']
['cdharders', 202581943, 'expand_tile', '2', 241302368L, datetime.datetime(2013, 5, 26, 2, 46, 9), 0.216930480122518, False, 'best']
['cdharders', 202581943, 'view_full_application_via_name', '2', 241302368L, datetime.datetime(2013, 5, 26, 2, 46, 23), 0.216930480122518, False, 'best']
['cdharders', 202581943, 'impression', '5', 241303941L, datetime.datetime(2013, 5, 26, 2, 51), 0.134823221274191, False, 'best']
['cdharders', 202581943, 'impression', '2', 241302396L, datetime.datetime(2013, 5, 26, 2, 51), 0.173734057504677, False, 'best']
['cdharders', 202581943, 'impression', '14', 241302444L, datetime.datetime(2013, 5, 26, 2, 51), 0.00487954318042955, False, 'best']
['cdharders', 202581943, 'impression', '7', 241302606L, datetime.datetime(2013, 5, 26, 2, 51), 0.0883051591975438, False, 'best']
['cdharders', 202581943, 'impression', '1', 241302572L, datetime.datetime(2013, 5, 26, 2, 51), 0.330644614282234, False, 'best']
['cdharders', 202581943, 'impression', '6', 241302250L, datetime.datetime(2013, 5, 26, 2, 51), 0.101924346938957, False, 'best']
['cdharders', 202581943, 'impression', '12', 241302405L, datetime.datetime(2013, 5, 26, 2, 51), 0.0565940020621611, False, 'best']
['cdharders', 202581943, 'impression', '13', 241302510L, datetime.datetime(2013, 5, 26, 2, 51), 0.0131199224356374, False, 'best']
['cdharders', 202581943, 'impression', '4', 241303362L, datetime.datetime(2013, 5, 26, 2, 51), 0.141560851052031, False, 'best']
['cdharders', 202581943, 'impression', '11', 241302691L, datetime.datetime(2013, 5, 26, 2, 51), 0.0603193219598756, False, 'best']
['cdharders', 202581943, 'impression', '3', 241302449L, datetime.datetime(2013, 5, 26, 2, 51), 0.147709400129144, False, 'best']
['cdharders', 202581943, 'impression', '9', 241302481L, datetime.datetime(2013, 5, 26, 2, 51), 0.0801325192672139, False, 'best']
['cdharders', 202581943, 'impression', '10', 241302235L, datetime.datetime(2013, 5, 26, 2, 51), 0.0675400597948685, False, 'best']
['cdharders', 202581943, 'impression', '8', 241303590L, datetime.datetime(2013, 5, 26, 2, 51), 0.0833790519311551, False, 'best']
['cdharders', 202581943, 'expand_tile', '14', 241302444L, datetime.datetime(2013, 5, 26, 2, 51, 15), 0.00487954318042955, False, 'best']
['cdharders', 202581943, 'impression', '14', 241302444L, datetime.datetime(2013, 5, 26, 2, 51, 30), 0.00487954318042955, False, 'best']
['cdharders', 202581943, 'impression', '14', 241302444L, datetime.datetime(2013, 5, 26, 2, 51, 31), 0.00487954318042955, False, 'best']
['cdharders', 202581943, 'expand_tile', '14', 241302444L, datetime.datetime(2013, 5, 26, 2, 51, 32), 0.00487954318042955, False, 'best']
['cdharders', 202581943, 'impression', '12', 241302405L, datetime.datetime(2013, 5, 26, 2, 51, 32), 0.0565940020621611, False, 'best']
['cdharders', 202581943, 'impression', '13', 241302510L, datetime.datetime(2013, 5, 26, 2, 51, 34), 0.0131199224356374, False, 'best']
['cdharders', 202581943, 'impression', '12', 241302405L, datetime.datetime(2013, 5, 26, 2, 51, 37), 0.0565940020621611, False, 'best']
['cdharders', 202581943, 'expand_tile', '12', 241302405L, datetime.datetime(2013, 5, 26, 2, 51, 51), 0.0565940020621611, False, 'best']
['cdharders', 202581943, 'view_full_application_via_name', '12', 241302405L, datetime.datetime(2013, 5, 26, 2, 52, 38), 0.0565940020621611, False, 'best']
['cdharders', 202581943, 'impression', '8', 241302606L, datetime.datetime(2013, 5, 26, 2, 55, 54), 0.0883051591975438, False, 'best']
['cdharders', 202581943, 'impression', '3', 241302449L, datetime.datetime(2013, 5, 26, 2, 55, 54), 0.147709400129144, False, 'best']
['cdharders', 202581943, 'impression', '10', 241302481L, datetime.datetime(2013, 5, 26, 2, 55, 54), 0.0801325192672139, False, 'best']
['cdharders', 202581943, 'impression', '5', 241303941L, datetime.datetime(2013, 5, 26, 2, 55, 54), 0.134823221274191, False, 'best']
['cdharders', 202581943, 'impression', '2', 241302396L, datetime.datetime(2013, 5, 26, 2, 55, 54), 0.173734057504677, False, 'best']
['cdharders', 202581943, 'impression', '6', 241304292L, datetime.datetime(2013, 5, 26, 2, 55, 54), 0.129939978583571, False, 'best']
['cdharders', 202581943, 'impression', '11', 241302235L, datetime.datetime(2013, 5, 26, 2, 55, 54), 0.0675400597948685, False, 'best']
['cdharders', 202581943, 'impression', '9', 241303590L, datetime.datetime(2013, 5, 26, 2, 55, 54), 0.0833790519311551, False, 'best']
['cdharders', 202581943, 'impression', '12', 241302691L, datetime.datetime(2013, 5, 26, 2, 55, 54), 0.0603193219598756, False, 'best']
['cdharders', 202581943, 'impression', '4', 241303362L, datetime.datetime(2013, 5, 26, 2, 55, 54), 0.141560851052031, False, 'best']
['cdharders', 202581943, 'impression', '1', 241302572L, datetime.datetime(2013, 5, 26, 2, 55, 54), 0.330644614282234, False, 'best']
['cdharders', 202581943, 'impression', '13', 241302405L, datetime.datetime(2013, 5, 26, 2, 55, 54), 0.0565940020621611, False, 'best']
['cdharders', 202581943, 'impression', '7', 241302250L, datetime.datetime(2013, 5, 26, 2, 55, 54), 0.101924346938957, False, 'best']
['cdharders', 202581943, 'impression', '5', 241303941L, datetime.datetime(2013, 5, 26, 2, 56, 6), 0.134823221274191, False, 'best']

['cdharders', 202581943, 'impression', '2', 241305284L, datetime.datetime(2013, 5, 29, 13, 28, 46), 0.218505881331315, False, 'best']
['cdharders', 202581943, 'impression', '10', 241316181L, datetime.datetime(2013, 5, 29, 13, 28, 46), 0.0963261076718358, False, 'best']
['cdharders', 202581943, 'impression', '20', 241362743L, datetime.datetime(2013, 5, 29, 13, 28, 46), 0.0627171961295028, False, 'best']
['cdharders', 202581943, 'impression', '11', 241306479L, datetime.datetime(2013, 5, 29, 13, 28, 46), 0.0918358823082304, False, 'best']
['cdharders', 202581943, 'impression', '19', 241302235L, datetime.datetime(2013, 5, 29, 13, 28, 46), 0.0675400597948685, False, 'best']
['cdharders', 202581943, 'impression', '14', 241303590L, datetime.datetime(2013, 5, 29, 13, 28, 46), 0.0833790519311551, False, 'best']
['cdharders', 202581943, 'impression', '5', 241304292L, datetime.datetime(2013, 5, 29, 13, 28, 46), 0.129939978583571, False, 'best']
['cdharders', 202581943, 'impression', '9', 241304740L, datetime.datetime(2013, 5, 29, 13, 28, 46), 0.100301495888347, False, 'best']
['cdharders', 202581943, 'impression', '12', 241302606L, datetime.datetime(2013, 5, 29, 13, 28, 46), 0.0883051591975438, False, 'best']
['cdharders', 202581943, 'impression', '6', 241308088L, datetime.datetime(2013, 5, 29, 13, 28, 46), 0.128043107894928, False, 'best']
['cdharders', 202581943, 'impression', '1', 241302572L, datetime.datetime(2013, 5, 29, 13, 28, 46), 0.330644614282234, False, 'best']
['cdharders', 202581943, 'impression', '18', 241308602L, datetime.datetime(2013, 5, 29, 13, 28, 46), 0.0734321183446204, False, 'best']
['cdharders', 202581943, 'impression', '4', 241303362L, datetime.datetime(2013, 5, 29, 13, 28, 46), 0.141560851052031, False, 'best']
['cdharders', 202581943, 'impression', '8', 241307362L, datetime.datetime(2013, 5, 29, 13, 28, 46), 0.118404723624478, False, 'best']
['cdharders', 202581943, 'impression', '16', 241318239L, datetime.datetime(2013, 5, 29, 13, 28, 46), 0.0790637545421809, False, 'best']
['cdharders', 202581943, 'impression', '13', 241316617L, datetime.datetime(2013, 5, 29, 13, 28, 46), 0.0847335624996192, False, 'best']
['cdharders', 202581943, 'impression', '17', 241304958L, datetime.datetime(2013, 5, 29, 13, 28, 46), 0.0736450694080626, False, 'best']
['cdharders', 202581943, 'impression', '15', 241302481L, datetime.datetime(2013, 5, 29, 13, 28, 46), 0.0801325192672139, False, 'best']
['cdharders', 202581943, 'impression', '7', 241304691L, datetime.datetime(2013, 5, 29, 13, 28, 46), 0.127675830780658, False, 'best']
['cdharders', 202581943, 'impression', '3', 241302449L, datetime.datetime(2013, 5, 29, 13, 28, 46), 0.147709400129144, False, 'best']
['cdharders', 202581943, 'expand_tile', '20', 241362743L, datetime.datetime(2013, 5, 29, 13, 28, 52), 0.0627171961295028, False, 'best']
['cdharders', 202581943, 'impression', '20', 241362743L, datetime.datetime(2013, 5, 29, 13, 29, 36), 0.0627171961295028, False, 'best']
['cdharders', 202581943, 'impression', '20', 241362743L, datetime.datetime(2013, 5, 29, 13, 29, 37), 0.0627171961295028, False, 'best']
['cdharders', 202581943, 'expand_tile', '20', 241362743L, datetime.datetime(2013, 5, 29, 13, 29, 37), 0.0627171961295028, False, 'best']
['cdharders', 202581943, 'impression', '19', 241302235L, datetime.datetime(2013, 5, 29, 13, 29, 37), 0.0675400597948685, False, 'best']
['cdharders', 202581943, 'expand_tile', '17', 241304958L, datetime.datetime(2013, 5, 29, 13, 29, 43), 0.0736450694080626, False, 'best']
['cdharders', 202581943, 'expand_tile', '17', 241304958L, datetime.datetime(2013, 5, 29, 13, 29, 56), 0.0736450694080626, False, 'best']
['cdharders', 202581943, 'impression', '17', 241304958L, datetime.datetime(2013, 5, 29, 13, 29, 57), 0.0736450694080626, False, 'best']
['cdharders', 202581943, 'expand_tile', '17', 241304958L, datetime.datetime(2013, 5, 29, 13, 29, 58), 0.0736450694080626, False, 'best']
['cdharders', 202581943, 'impression', '17', 241304958L, datetime.datetime(2013, 5, 29, 13, 29, 58), 0.0736450694080626, False, 'best']
['cdharders', 202581943, 'impression', '18', 241308602L, datetime.datetime(2013, 5, 29, 13, 29, 58), 0.0734321183446204, False, 'best']
['cdharders', 202581943, 'expand_tile', '16', 241318239L, datetime.datetime(2013, 5, 29, 13, 30), 0.0790637545421809, False, 'best']
['cdharders', 202581943, 'impression', '12', 241302606L, datetime.datetime(2013, 5, 29, 13, 33, 40), 0.0883051591975438, False, 'best']
['cdharders', 202581943, 'impression', '10', 241316181L, datetime.datetime(2013, 5, 29, 13, 33, 40), 0.0963261076718358, False, 'best']
['cdharders', 202581943, 'impression', '2', 241305284L, datetime.datetime(2013, 5, 29, 13, 33, 40), 0.218505881331315, False, 'best']
['cdharders', 202581943, 'impression', '11', 241306479L, datetime.datetime(2013, 5, 29, 13, 33, 40), 0.0918358823082304, False, 'best']
['cdharders', 202581943, 'impression', '5', 241304292L, datetime.datetime(2013, 5, 29, 13, 33, 40), 0.129939978583571, False, 'best']
['cdharders', 202581943, 'impression', '18', 241302235L, datetime.datetime(2013, 5, 29, 13, 33, 40), 0.0675400597948685, False, 'best']
['cdharders', 202581943, 'impression', '14', 241303590L, datetime.datetime(2013, 5, 29, 13, 33, 40), 0.0833790519311551, False, 'best']
['cdharders', 202581943, 'impression', '15', 241302481L, datetime.datetime(2013, 5, 29, 13, 33, 40), 0.0801325192672139, False, 'best']
['cdharders', 202581943, 'impression', '3', 241302449L, datetime.datetime(2013, 5, 29, 13, 33, 40), 0.147709400129144, False, 'best']
['cdharders', 202581943, 'impression', '7', 241304691L, datetime.datetime(2013, 5, 29, 13, 33, 40), 0.127675830780658, False, 'best']
['cdharders', 202581943, 'impression', '17', 241308602L, datetime.datetime(2013, 5, 29, 13, 33, 40), 0.0734321183446204, False, 'best']
['cdharders', 202581943, 'impression', '6', 241308088L, datetime.datetime(2013, 5, 29, 13, 33, 40), 0.128043107894928, False, 'best']
['cdharders', 202581943, 'impression', '1', 241302572L, datetime.datetime(2013, 5, 29, 13, 33, 40), 0.330644614282234, False, 'best']
['cdharders', 202581943, 'impression', '16', 241318239L, datetime.datetime(2013, 5, 29, 13, 33, 40), 0.0790637545421809, False, 'best']
['cdharders', 202581943, 'impression', '13', 241316617L, datetime.datetime(2013, 5, 29, 13, 33, 40), 0.0847335624996192, False, 'best']
['cdharders', 202581943, 'impression', '4', 241303362L, datetime.datetime(2013, 5, 29, 13, 33, 40), 0.141560851052031, False, 'best']
['cdharders', 202581943, 'impression', '19', 241302691L, datetime.datetime(2013, 5, 29, 13, 33, 40), 0.0603193219598756, False, 'best']
['cdharders', 202581943, 'impression', '8', 241307362L, datetime.datetime(2013, 5, 29, 13, 33, 40), 0.118404723624478, False, 'best']
['cdharders', 202581943, 'impression', '20', 241308127L, datetime.datetime(2013, 5, 29, 13, 33, 40), 0.0577468358780802, False, 'best']
['cdharders', 202581943, 'impression', '9', 241304740L, datetime.datetime(2013, 5, 29, 13, 33, 40), 0.100301495888347, False, 'best']
['cdharders', 202581943, 'impression', '1', 241302572L, datetime.datetime(2013, 5, 29, 13, 33, 43), 0.330644614282234, False, 'best']
['cdharders', 202581943, 'impression', '1', 241302572L, datetime.datetime(2013, 5, 29, 13, 33, 49), 0.330644614282234, False, 'best']
['cdharders', 202581943, 'impression', '1', 241302572L, datetime.datetime(2013, 5, 29, 13, 33, 50), 0.330644614282234, False, 'best']
['cdharders', 202581943, 'impression', '2', 241305284L, datetime.datetime(2013, 5, 29, 13, 33, 51), 0.218505881331315, False, 'best']
['cdharders', 202581943, 'expand_tile', '2', 241305284L, datetime.datetime(2013, 5, 29, 13, 33, 54), 0.218505881331315, False, 'best']
['cdharders', 202581943, 'view_full_application', '2', 241305284L, datetime.datetime(2013, 5, 29, 13, 34, 9), 0.218505881331315, False, 'best']
['cdharders', 202581943, 'impression', '9', 241304740L, datetime.datetime(2013, 5, 29, 13, 34, 21), 0.100301495888347, False, 'best']
['cdharders', 202581943, 'impression', '17', 241308602L, datetime.datetime(2013, 5, 29, 13, 34, 21), 0.0734321183446204, False, 'best']
['cdharders', 202581943, 'impression', '1', 241302572L, datetime.datetime(2013, 5, 29, 13, 34, 21), 0.330644614282234, False, 'best']
['cdharders', 202581943, 'impression', '6', 241308088L, datetime.datetime(2013, 5, 29, 13, 34, 21), 0.128043107894928, False, 'best']
['cdharders', 202581943, 'impression', '4', 241303362L, datetime.datetime(2013, 5, 29, 13, 34, 21), 0.141560851052031, False, 'best']
['cdharders', 202581943, 'impression', '8', 241307362L, datetime.datetime(2013, 5, 29, 13, 34, 21), 0.118404723624478, False, 'best']
['cdharders', 202581943, 'impression', '20', 241308127L, datetime.datetime(2013, 5, 29, 13, 34, 21), 0.0577468358780802, False, 'best']
['cdharders', 202581943, 'impression', '16', 241318239L, datetime.datetime(2013, 5, 29, 13, 34, 21), 0.0790637545421809, False, 'best']
['cdharders', 202581943, 'impression', '13', 241316617L, datetime.datetime(2013, 5, 29, 13, 34, 21), 0.0847335624996192, False, 'best']
['cdharders', 202581943, 'impression', '19', 241302691L, datetime.datetime(2013, 5, 29, 13, 34, 21), 0.0603193219598756, False, 'best']
['cdharders', 202581943, 'impression', '15', 241302481L, datetime.datetime(2013, 5, 29, 13, 34, 21), 0.0801325192672139, False, 'best']
['cdharders', 202581943, 'impression', '7', 241304691L, datetime.datetime(2013, 5, 29, 13, 34, 21), 0.127675830780658, False, 'best']
['cdharders', 202581943, 'impression', '3', 241302449L, datetime.datetime(2013, 5, 29, 13, 34, 21), 0.147709400129144, False, 'best']
['cdharders', 202581943, 'impression', '10', 241316181L, datetime.datetime(2013, 5, 29, 13, 34, 21), 0.0963261076718358, False, 'best']
['cdharders', 202581943, 'impression', '2', 241305284L, datetime.datetime(2013, 5, 29, 13, 34, 21), 0.218505881331315, False, 'best']
['cdharders', 202581943, 'impression', '14', 241303590L, datetime.datetime(2013, 5, 29, 13, 34, 21), 0.0833790519311551, False, 'best']
['cdharders', 202581943, 'impression', '18', 241302235L, datetime.datetime(2013, 5, 29, 13, 34, 21), 0.0675400597948685, False, 'best']
['cdharders', 202581943, 'impression', '11', 241306479L, datetime.datetime(2013, 5, 29, 13, 34, 21), 0.0918358823082304, False, 'best']
['cdharders', 202581943, 'impression', '5', 241304292L, datetime.datetime(2013, 5, 29, 13, 34, 21), 0.129939978583571, False, 'best']
['cdharders', 202581943, 'impression', '12', 241302606L, datetime.datetime(2013, 5, 29, 13, 34, 21), 0.0883051591975438, False, 'best']
['cdharders', 202581943, 'impression', '2', 241305284L, datetime.datetime(2013, 5, 29, 13, 34, 23), 0.218505881331315, False, 'best']
['cdharders', 202581943, 'impression', '2', 241305284L, datetime.datetime(2013, 5, 29, 13, 34, 24), 0.218505881331315, False, 'best']
['cdharders', 202581943, 'impression', '3', 241302449L, datetime.datetime(2013, 5, 29, 13, 34, 24), 0.147709400129144, False, 'best']
['cdharders', 202581943, 'impression', '1', 241302572L, datetime.datetime(2013, 5, 29, 13, 34, 25), 0.330644614282234, False, 'best']
['cdharders', 202581943, 'expand_tile', '1', 241302572L, datetime.datetime(2013, 5, 29, 13, 34, 29), 0.330644614282234, False, 'best']
['cdharders', 202581943, 'impression', '1', 241302572L, datetime.datetime(2013, 5, 29, 13, 35, 57), 0.330644614282234, False, 'best']
['cdharders', 202581943, 'shortlist', '1', 241302572L, datetime.datetime(2013, 5, 29, 13, 35, 58), 0.330644614282234, False, 'best']
['cdharders', 202581943, 'expand_tile', '1', 241302572L, datetime.datetime(2013, 5, 29, 13, 35, 58), 0.330644614282234, False, 'best']
['cdharders', 202581943, 'expand_tile', '3', 241302449L, datetime.datetime(2013, 5, 29, 13, 36), 0.147709400129144, False, 'best']
['cdharders', 202581943, 'impression', '3', 241302449L, datetime.datetime(2013, 5, 29, 13, 36, 10), 0.147709400129144, False, 'best']
['cdharders', 202581943, 'impression', '3', 241302449L, datetime.datetime(2013, 5, 29, 13, 36, 10), 0.147709400129144, False, 'best']
['cdharders', 202581943, 'impression', '3', 241302449L, datetime.datetime(2013, 5, 29, 13, 36, 20), 0.147709400129144, False, 'best']
['cdharders', 202581943, 'impression', '3', 241302449L, datetime.datetime(2013, 5, 29, 13, 36, 20), 0.147709400129144, False, 'best']
['cdharders', 202581943, 'expand_tile', '3', 241302449L, datetime.datetime(2013, 5, 29, 13, 36, 21), 0.147709400129144, False, 'best']
['cdharders', 202581943, 'impression', '4', 241303362L, datetime.datetime(2013, 5, 29, 13, 36, 22), 0.141560851052031, False, 'best']
['cdharders', 202581943, 'impression', '4', 241303362L, datetime.datetime(2013, 5, 29, 13, 36, 26), 0.141560851052031, False, 'best']
['cdharders', 202581943, 'impression', '4', 241303362L, datetime.datetime(2013, 5, 29, 13, 36, 27), 0.141560851052031, False, 'best']
['cdharders', 202581943, 'impression', '5', 241304292L, datetime.datetime(2013, 5, 29, 13, 36, 28), 0.129939978583571, False, 'best']
['cdharders', 202581943, 'expand_tile', '5', 241304292L, datetime.datetime(2013, 5, 29, 13, 36, 30), 0.129939978583571, False, 'best']
['cdharders', 202581943, 'impression', '5', 241304292L, datetime.datetime(2013, 5, 29, 13, 36, 37), 0.129939978583571, False, 'best']
['cdharders', 202581943, 'impression', '5', 241304292L, datetime.datetime(2013, 5, 29, 13, 36, 38), 0.129939978583571, False, 'best']
['cdharders', 202581943, 'impression', '5', 241304292L, datetime.datetime(2013, 5, 29, 13, 36, 38), 0.129939978583571, False, 'best']
['cdharders', 202581943, 'expand_tile', '5', 241304292L, datetime.datetime(2013, 5, 29, 13, 36, 39), 0.129939978583571, False, 'best']
['cdharders', 202581943, 'expand_tile', '6', 241308088L, datetime.datetime(2013, 5, 29, 13, 36, 40), 0.128043107894928, False, 'best']
['cdharders', 202581943, 'collapse_tile', '6', 241308088L, datetime.datetime(2013, 5, 29, 13, 36, 44), 0.128043107894928, False, 'best']
['cdharders', 202581943, 'expand_tile', '6', 241308088L, datetime.datetime(2013, 5, 29, 13, 36, 47), 0.128043107894928, False, 'best']
['cdharders', 202581943, 'impression', '6', 241308088L, datetime.datetime(2013, 5, 29, 13, 36, 56), 0.128043107894928, False, 'best']
['cdharders', 202581943, 'send_message', '6', 241308088L, datetime.datetime(2013, 5, 29, 13, 37, 8), 0.128043107894928, False, 'best']
['cdharders', 202581943, 'impression', '6', 241308088L, datetime.datetime(2013, 5, 29, 13, 38, 33), 0.128043107894928, False, 'best']
['cdharders', 202581943, 'impression', '6', 241308088L, datetime.datetime(2013, 5, 29, 13, 38, 34), 0.128043107894928, False, 'best']
['cdharders', 202581943, 'collapse_tile', '6', 241308088L, datetime.datetime(2013, 5, 29, 13, 38, 35), 0.128043107894928, False, 'best']
['cdharders', 202581943, 'expand_tile', '6', 241308088L, datetime.datetime(2013, 5, 29, 13, 38, 36), 0.128043107894928, False, 'best']
['cdharders', 202581943, 'send_message', '6', 241308088L, datetime.datetime(2013, 5, 29, 13, 38, 39), 0.128043107894928, False, 'best']
['cdharders', 202581943, 'expand_tile', '6', 241308088L, datetime.datetime(2013, 5, 29, 13, 39, 28), 0.128043107894928, False, 'best']
['cdharders', 202581943, 'impression', '16', 241318239L, datetime.datetime(2013, 5, 29, 13, 39, 39), 0.0790637545421809, False, 'best']
['cdharders', 202581943, 'impression', '16', 241318239L, datetime.datetime(2013, 5, 29, 13, 39, 42), 0.0790637545421809, False, 'best']
['cdharders', 202581943, 'impression', '16', 241318239L, datetime.datetime(2013, 5, 29, 13, 39, 42), 0.0790637545421809, False, 'best']
['cdharders', 202581943, 'expand_tile', '16', 241318239L, datetime.datetime(2013, 5, 29, 13, 39, 42), 0.0790637545421809, False, 'best']
['cdharders', 202581943, 'impression', '18', 241308602L, datetime.datetime(2013, 5, 29, 13, 39, 43), 0.0734321183446204, False, 'best']
['cdharders', 202581943, 'expand_tile', '15', 241302481L, datetime.datetime(2013, 5, 29, 13, 39, 46), 0.0801325192672139, False, 'best']
['cdharders', 202581943, 'expand_tile', '14', 241303590L, datetime.datetime(2013, 5, 29, 13, 40, 10), 0.0833790519311551, False, 'best']
['cdharders', 202581943, 'expand_tile', '14', 241303590L, datetime.datetime(2013, 5, 29, 13, 40, 36), 0.0833790519311551, False, 'best']
['cdharders', 202581943, 'collapse_tile', '14', 241303590L, datetime.datetime(2013, 5, 29, 13, 40, 36), 0.0833790519311551, False, 'best']
['cdharders', 202581943, 'impression', '14', 241303590L, datetime.datetime(2013, 5, 29, 13, 40, 42), 0.0833790519311551, False, 'best']
['cdharders', 202581943, 'collapse_tile', '14', 241303590L, datetime.datetime(2013, 5, 29, 13, 40, 43), 0.0833790519311551, False, 'best']
['cdharders', 202581943, 'expand_tile', '14', 241303590L, datetime.datetime(2013, 5, 29, 13, 40, 45), 0.0833790519311551, False, 'best']
['cdharders', 202581943, 'impression', '14', 241303590L, datetime.datetime(2013, 5, 29, 13, 41, 24), 0.0833790519311551, False, 'best']
['cdharders', 202581943, 'expand_tile', '14', 241303590L, datetime.datetime(2013, 5, 29, 13, 41, 25), 0.0833790519311551, False, 'best']
['cdharders', 202581943, 'impression', '14', 241303590L, datetime.datetime(2013, 5, 29, 13, 41, 25), 0.0833790519311551, False, 'best']
['cdharders', 202581943, 'impression', '15', 241302481L, datetime.datetime(2013, 5, 29, 13, 41, 25), 0.0801325192672139, False, 'best']
['cdharders', 202581943, 'impression', '15', 241302481L, datetime.datetime(2013, 5, 29, 13, 41, 42), 0.0801325192672139, False, 'best']
['cdharders', 202581943, 'expand_tile', '15', 241302481L, datetime.datetime(2013, 5, 29, 13, 41, 43), 0.0801325192672139, False, 'best']
['cdharders', 202581943, 'impression', '11', 241306479L, datetime.datetime(2013, 5, 29, 13, 41, 45), 0.0918358823082304, False, 'best']
['cdharders', 202581943, 'expand_tile', '13', 241316617L, datetime.datetime(2013, 5, 29, 13, 41, 50), 0.0847335624996192, False, 'best']
['cdharders', 202581943, 'view_full_application', '13', 241316617L, datetime.datetime(2013, 5, 29, 13, 42, 11), 0.0847335624996192, False, 'best']
['cdharders', 202581943, 'impression', '13', 241302405L, datetime.datetime(2013, 5, 29, 13, 42, 48), 0.0565940020621611, False, 'best']
['cdharders', 202581943, 'impression', '9', 241308602L, datetime.datetime(2013, 5, 29, 13, 42, 48), 0.0734321183446204, False, 'best']
['cdharders', 202581943, 'impression', '1', 241308088L, datetime.datetime(2013, 5, 29, 13, 42, 48), 0.128043107894928, False, 'best']
['cdharders', 202581943, 'impression', '6', 241306479L, datetime.datetime(2013, 5, 29, 13, 42, 48), 0.0918358823082304, False, 'best']
['cdharders', 202581943, 'impression', '10', 241302235L, datetime.datetime(2013, 5, 29, 13, 42, 48), 0.0675400597948685, False, 'best']
['cdharders', 202581943, 'impression', '12', 241308127L, datetime.datetime(2013, 5, 29, 13, 42, 48), 0.0577468358780802, False, 'best']
['cdharders', 202581943, 'impression', '17', 241335424L, datetime.datetime(2013, 5, 29, 13, 42, 48), 0.0359148622638198, False, 'best']
['cdharders', 202581943, 'impression', '14', 241312071L, datetime.datetime(2013, 5, 29, 13, 42, 48), 0.0555666299822865, False, 'best']
['cdharders', 202581943, 'impression', '3', 241307362L, datetime.datetime(2013, 5, 29, 13, 42, 48), 0.118404723624478, False, 'best']
['cdharders', 202581943, 'impression', '11', 241302691L, datetime.datetime(2013, 5, 29, 13, 42, 48), 0.0603193219598756, False, 'best']
['cdharders', 202581943, 'impression', '8', 241316617L, datetime.datetime(2013, 5, 29, 13, 42, 48), 0.0847335624996192, False, 'best']
['cdharders', 202581943, 'impression', '20', 241312651L, datetime.datetime(2013, 5, 29, 13, 42, 48), 0.0289420229090273, False, 'best']
['cdharders', 202581943, 'impression', '5', 241316181L, datetime.datetime(2013, 5, 29, 13, 42, 48), 0.0963261076718358, False, 'best']
['cdharders', 202581943, 'impression', '19', 241310416L, datetime.datetime(2013, 5, 29, 13, 42, 48), 0.0323765516994435, False, 'best']
['cdharders', 202581943, 'impression', '16', 241307293L, datetime.datetime(2013, 5, 29, 13, 42, 48), 0.0471751769572272, False, 'best']
['cdharders', 202581943, 'impression', '2', 241304691L, datetime.datetime(2013, 5, 29, 13, 42, 48), 0.127675830780658, False, 'best']
['cdharders', 202581943, 'impression', '4', 241304740L, datetime.datetime(2013, 5, 29, 13, 42, 48), 0.100301495888347, False, 'best']
['cdharders', 202581943, 'impression', '7', 241302606L, datetime.datetime(2013, 5, 29, 13, 42, 48), 0.0883051591975438, False, 'best']
['cdharders', 202581943, 'impression', '15', 241313435L, datetime.datetime(2013, 5, 29, 13, 42, 48), 0.0521242503817727, False, 'best']
['cdharders', 202581943, 'impression', '18', 241304805L, datetime.datetime(2013, 5, 29, 13, 42, 48), 0.0331156465037301, False, 'best']
['cdharders', 202581943, 'impression', '8', 241316617L, datetime.datetime(2013, 5, 29, 13, 42, 53), 0.0847335624996192, False, 'best']
['cdharders', 202581943, 'impression', '8', 241316617L, datetime.datetime(2013, 5, 29, 13, 42, 53), 0.0847335624996192, False, 'best']
['cdharders', 202581943, 'expand_tile', '3', 241307362L, datetime.datetime(2013, 5, 29, 13, 43, 5), 0.118404723624478, False, 'best']
['cdharders', 202581943, 'impression', '3', 241307362L, datetime.datetime(2013, 5, 29, 13, 43, 19), 0.118404723624478, False, 'best']
['cdharders', 202581943, 'impression', '3', 241307362L, datetime.datetime(2013, 5, 29, 13, 43, 19), 0.118404723624478, False, 'best']
['cdharders', 202581943, 'expand_tile', '3', 241307362L, datetime.datetime(2013, 5, 29, 13, 43, 20), 0.118404723624478, False, 'best']

