['chicagod95', 202592185, 'impression', '2', 241541143L, datetime.datetime(2013, 5, 29, 14, 45, 34), 0.123406637878266, False, 'best']
['chicagod95', 202592185, 'impression', '3', 241582488L, datetime.datetime(2013, 5, 29, 14, 45, 34), 0.0668632959072402, False, 'best']
['chicagod95', 202592185, 'impression', '1', 241533507L, datetime.datetime(2013, 5, 29, 14, 45, 34), 0.14771898555847, True, 'best']
['chicagod95', 202592185, 'impression', '4', 241572399L, datetime.datetime(2013, 5, 29, 14, 45, 34), 0.0637925170103919, False, 'best']
['chicagod95', 202592185, 'expand_tile', '4', 241572399L, datetime.datetime(2013, 5, 29, 14, 45, 56), 0.0637925170103919, False, 'best']

['chicagod95', 202592185, 'impression', '4', 241572399L, datetime.datetime(2013, 5, 29, 17, 9, 10), 0.0637925170103919, False, 'best']
['chicagod95', 202592185, 'impression', '2', 241541143L, datetime.datetime(2013, 5, 29, 17, 9, 10), 0.123406637878266, False, 'best']
['chicagod95', 202592185, 'impression', '3', 241582488L, datetime.datetime(2013, 5, 29, 17, 9, 10), 0.0668632959072402, False, 'best']
['chicagod95', 202592185, 'impression', '1', 241533507L, datetime.datetime(2013, 5, 29, 17, 9, 10), 0.14771898555847, True, 'best']
['chicagod95', 202592185, 'view_full_application_via_message', '1', 241533507L, datetime.datetime(2013, 5, 29, 17, 9, 25), 0.14771898555847, True, 'best']
['chicagod95', 202592185, 'impression', '2', 241541143L, datetime.datetime(2013, 5, 29, 17, 11, 18), 0.123406637878266, False, 'best']
['chicagod95', 202592185, 'impression', '4', 241572399L, datetime.datetime(2013, 5, 29, 17, 11, 18), 0.0637925170103919, False, 'best']
['chicagod95', 202592185, 'impression', '3', 241582488L, datetime.datetime(2013, 5, 29, 17, 11, 18), 0.0668632959072402, False, 'best']
['chicagod95', 202592185, 'impression', '1', 241533507L, datetime.datetime(2013, 5, 29, 17, 11, 18), 0.14771898555847, True, 'best']
['chicagod95', 202592185, 'impression', '3', 241582488L, datetime.datetime(2013, 5, 29, 17, 11, 38), 0.0668632959072402, False, 'best']
['chicagod95', 202592185, 'impression', '4', 241572399L, datetime.datetime(2013, 5, 29, 17, 11, 38), 0.0637925170103919, False, 'best']
['chicagod95', 202592185, 'impression', '2', 241541143L, datetime.datetime(2013, 5, 29, 17, 11, 38), 0.123406637878266, False, 'best']
['chicagod95', 202592185, 'impression', '1', 241533507L, datetime.datetime(2013, 5, 29, 17, 11, 38), 0.14771898555847, True, 'best']
['chicagod95', 202592185, 'expand_tile', '3', 241582488L, datetime.datetime(2013, 5, 29, 17, 11, 51), 0.0668632959072402, False, 'best']
['chicagod95', 202592185, 'expand_tile', '2', 241541143L, datetime.datetime(2013, 5, 29, 17, 12, 9), 0.123406637878266, False, 'best']

['chicagod95', 202592185, 'impression', '4', 241572399L, datetime.datetime(2013, 5, 29, 17, 54, 42), 0.0637925170103919, False, 'best']
['chicagod95', 202592185, 'impression', '2', 241541143L, datetime.datetime(2013, 5, 29, 17, 54, 42), 0.123406637878266, False, 'best']
['chicagod95', 202592185, 'impression', '1', 241533507L, datetime.datetime(2013, 5, 29, 17, 54, 42), 0.14771898555847, True, 'best']
['chicagod95', 202592185, 'impression', '3', 241582488L, datetime.datetime(2013, 5, 29, 17, 54, 42), 0.0668632959072402, False, 'best']
['chicagod95', 202592185, 'expand_tile', '1', 241533507L, datetime.datetime(2013, 5, 29, 17, 54, 46), 0.14771898555847, True, 'best']
['chicagod95', 202592185, 'expand_tile', '2', 241541143L, datetime.datetime(2013, 5, 29, 17, 54, 57), 0.123406637878266, False, 'best']
['chicagod95', 202592185, 'send_message', '2', 241541143L, datetime.datetime(2013, 5, 29, 17, 56, 55), 0.123406637878266, False, 'best']
['chicagod95', 202592185, 'expand_tile', '3', 241582488L, datetime.datetime(2013, 5, 29, 17, 59, 11), 0.0668632959072402, False, 'best']
['chicagod95', 202592185, 'view_full_application', '3', 241582488L, datetime.datetime(2013, 5, 29, 17, 59, 14), 0.0668632959072402, False, 'best']
['chicagod95', 202592185, 'impression', '2', 241541143L, datetime.datetime(2013, 5, 29, 17, 59, 27), 0.123406637878266, False, 'best']
['chicagod95', 202592185, 'impression', '4', 241572399L, datetime.datetime(2013, 5, 29, 17, 59, 27), 0.0637925170103919, False, 'best']
['chicagod95', 202592185, 'impression', '1', 241533507L, datetime.datetime(2013, 5, 29, 17, 59, 27), 0.14771898555847, True, 'best']
['chicagod95', 202592185, 'impression', '3', 241582488L, datetime.datetime(2013, 5, 29, 17, 59, 27), 0.0668632959072402, False, 'best']
['chicagod95', 202592185, 'view_full_application_via_message', '1', 241533507L, datetime.datetime(2013, 5, 29, 17, 59, 37), 0.14771898555847, True, 'best']
['chicagod95', 202592185, 'impression', '1', 241533507L, datetime.datetime(2013, 5, 29, 17, 59, 59), 0.14771898555847, True, 'best']
['chicagod95', 202592185, 'impression', '2', 241541143L, datetime.datetime(2013, 5, 29, 17, 59, 59), 0.123406637878266, False, 'best']
['chicagod95', 202592185, 'impression', '3', 241582488L, datetime.datetime(2013, 5, 29, 17, 59, 59), 0.0668632959072402, False, 'best']
['chicagod95', 202592185, 'impression', '4', 241572399L, datetime.datetime(2013, 5, 29, 17, 59, 59), 0.0637925170103919, False, 'best']
['chicagod95', 202592185, 'impression', '2', 241541143L, datetime.datetime(2013, 5, 29, 18, 0, 2), 0.123406637878266, False, 'best']
['chicagod95', 202592185, 'expand_tile', '2', 241541143L, datetime.datetime(2013, 5, 29, 18, 0, 11), 0.123406637878266, False, 'best']
['chicagod95', 202592185, 'collapse_tile', '2', 241541143L, datetime.datetime(2013, 5, 29, 18, 0, 14), 0.123406637878266, False, 'best']
['chicagod95', 202592185, 'impression', '4', 241572399L, datetime.datetime(2013, 5, 29, 18, 6, 4), 0.0637925170103919, False, 'best']
['chicagod95', 202592185, 'impression', '3', 241582488L, datetime.datetime(2013, 5, 29, 18, 6, 4), 0.0668632959072402, False, 'best']
['chicagod95', 202592185, 'impression', '2', 241541143L, datetime.datetime(2013, 5, 29, 18, 6, 4), 0.123406637878266, False, 'best']
['chicagod95', 202592185, 'impression', '1', 241533507L, datetime.datetime(2013, 5, 29, 18, 6, 4), 0.14771898555847, True, 'best']
['chicagod95', 202592185, 'impression', '1', 241533507L, datetime.datetime(2013, 5, 29, 18, 6, 10), 0.14771898555847, True, 'best']
['chicagod95', 202592185, 'impression', '2', 241541143L, datetime.datetime(2013, 5, 29, 18, 6, 10), 0.123406637878266, False, 'best']
['chicagod95', 202592185, 'impression', '3', 241582488L, datetime.datetime(2013, 5, 29, 18, 6, 10), 0.0668632959072402, False, 'best']
['chicagod95', 202592185, 'impression', '4', 241572399L, datetime.datetime(2013, 5, 29, 18, 6, 10), 0.0637925170103919, False, 'best']

