['cj-lemky', 202588266, 'impression', '6', 241447316L, datetime.datetime(2013, 5, 29, 0, 56, 13), 0.240669420714189, False, 'time']
['cj-lemky', 202588266, 'impression', '4', 241461415L, datetime.datetime(2013, 5, 29, 0, 56, 13), 0.105970114314131, False, 'time']
['cj-lemky', 202588266, 'impression', '3', 241462215L, datetime.datetime(2013, 5, 29, 0, 56, 13), 0.148713220320514, False, 'time']
['cj-lemky', 202588266, 'impression', '5', 241448161L, datetime.datetime(2013, 5, 29, 0, 56, 13), 0.25587338983511, False, 'time']
['cj-lemky', 202588266, 'impression', '7', 241446503L, datetime.datetime(2013, 5, 29, 0, 56, 13), 0.144151242428943, False, 'time']
['cj-lemky', 202588266, 'impression', '1', 241493173L, datetime.datetime(2013, 5, 29, 0, 56, 13), 0.25773554625842, False, 'time']
['cj-lemky', 202588266, 'impression', '2', 241462277L, datetime.datetime(2013, 5, 29, 0, 56, 13), 0.109205039713783, True, 'time']
['cj-lemky', 202588266, 'view_full_application_via_name', '5', 241448161L, datetime.datetime(2013, 5, 29, 0, 56, 52), 0.25587338983511, False, 'time']
['cj-lemky', 202588266, 'impression', '6', 241447316L, datetime.datetime(2013, 5, 29, 1, 0, 12), 0.240669420714189, False, 'time']
['cj-lemky', 202588266, 'impression', '4', 241461415L, datetime.datetime(2013, 5, 29, 1, 0, 12), 0.105970114314131, False, 'time']
['cj-lemky', 202588266, 'impression', '2', 241462277L, datetime.datetime(2013, 5, 29, 1, 0, 12), 0.109205039713783, True, 'time']
['cj-lemky', 202588266, 'impression', '1', 241493173L, datetime.datetime(2013, 5, 29, 1, 0, 12), 0.25773554625842, False, 'time']
['cj-lemky', 202588266, 'impression', '7', 241446503L, datetime.datetime(2013, 5, 29, 1, 0, 12), 0.144151242428943, False, 'time']
['cj-lemky', 202588266, 'impression', '5', 241448161L, datetime.datetime(2013, 5, 29, 1, 0, 12), 0.25587338983511, False, 'time']
['cj-lemky', 202588266, 'impression', '3', 241462215L, datetime.datetime(2013, 5, 29, 1, 0, 12), 0.148713220320514, False, 'time']
['cj-lemky', 202588266, 'view_full_application_via_name', '1', 241493173L, datetime.datetime(2013, 5, 29, 1, 0, 20), 0.25773554625842, False, 'time']
['cj-lemky', 202588266, 'impression', '1', 241493173L, datetime.datetime(2013, 5, 29, 1, 4, 20), 0.25773554625842, False, 'time']
['cj-lemky', 202588266, 'impression', '2', 241462277L, datetime.datetime(2013, 5, 29, 1, 4, 20), 0.109205039713783, True, 'time']
['cj-lemky', 202588266, 'impression', '3', 241462215L, datetime.datetime(2013, 5, 29, 1, 4, 20), 0.148713220320514, False, 'time']
['cj-lemky', 202588266, 'impression', '7', 241446503L, datetime.datetime(2013, 5, 29, 1, 4, 20), 0.144151242428943, False, 'time']
['cj-lemky', 202588266, 'impression', '5', 241448161L, datetime.datetime(2013, 5, 29, 1, 4, 20), 0.25587338983511, False, 'time']
['cj-lemky', 202588266, 'impression', '4', 241461415L, datetime.datetime(2013, 5, 29, 1, 4, 20), 0.105970114314131, False, 'time']
['cj-lemky', 202588266, 'impression', '6', 241447316L, datetime.datetime(2013, 5, 29, 1, 4, 20), 0.240669420714189, False, 'time']
['cj-lemky', 202588266, 'expand_tile', '3', 241462215L, datetime.datetime(2013, 5, 29, 1, 4, 37), 0.148713220320514, False, 'time']
['cj-lemky', 202588266, 'view_full_application_via_name', '3', 241462215L, datetime.datetime(2013, 5, 29, 1, 4, 40), 0.148713220320514, False, 'time']
['cj-lemky', 202588266, 'impression', '3', 241462215L, datetime.datetime(2013, 5, 29, 1, 12, 23), 0.148713220320514, False, 'time']
['cj-lemky', 202588266, 'impression', '2', 241462277L, datetime.datetime(2013, 5, 29, 1, 12, 23), 0.109205039713783, True, 'time']
['cj-lemky', 202588266, 'impression', '1', 241493173L, datetime.datetime(2013, 5, 29, 1, 12, 23), 0.25773554625842, False, 'time']
['cj-lemky', 202588266, 'impression', '4', 241461415L, datetime.datetime(2013, 5, 29, 1, 12, 23), 0.105970114314131, False, 'time']
['cj-lemky', 202588266, 'impression', '6', 241447316L, datetime.datetime(2013, 5, 29, 1, 12, 23), 0.240669420714189, False, 'time']
['cj-lemky', 202588266, 'impression', '7', 241446503L, datetime.datetime(2013, 5, 29, 1, 12, 23), 0.144151242428943, False, 'time']
['cj-lemky', 202588266, 'impression', '5', 241448161L, datetime.datetime(2013, 5, 29, 1, 12, 23), 0.25587338983511, False, 'time']
['cj-lemky', 202588266, 'view_full_application_via_name', '4', 241461415L, datetime.datetime(2013, 5, 29, 1, 12, 41), 0.105970114314131, False, 'time']
['cj-lemky', 202588266, 'impression', '5', 241448161L, datetime.datetime(2013, 5, 29, 1, 23, 10), 0.25587338983511, False, 'time']
['cj-lemky', 202588266, 'impression', '7', 241446503L, datetime.datetime(2013, 5, 29, 1, 23, 10), 0.144151242428943, False, 'time']
['cj-lemky', 202588266, 'impression', '1', 241493173L, datetime.datetime(2013, 5, 29, 1, 23, 10), 0.25773554625842, False, 'time']
['cj-lemky', 202588266, 'impression', '2', 241462277L, datetime.datetime(2013, 5, 29, 1, 23, 10), 0.109205039713783, True, 'time']
['cj-lemky', 202588266, 'impression', '3', 241462215L, datetime.datetime(2013, 5, 29, 1, 23, 10), 0.148713220320514, False, 'time']
['cj-lemky', 202588266, 'impression', '4', 241461415L, datetime.datetime(2013, 5, 29, 1, 23, 10), 0.105970114314131, False, 'time']
['cj-lemky', 202588266, 'impression', '6', 241447316L, datetime.datetime(2013, 5, 29, 1, 23, 10), 0.240669420714189, False, 'time']
['cj-lemky', 202588266, 'view_full_application_via_name', '7', 241446503L, datetime.datetime(2013, 5, 29, 1, 23, 22), 0.144151242428943, False, 'time']
['cj-lemky', 202588266, 'impression', '2', 241462277L, datetime.datetime(2013, 5, 29, 1, 24, 29), 0.109205039713783, True, 'time']
['cj-lemky', 202588266, 'impression', '1', 241493173L, datetime.datetime(2013, 5, 29, 1, 24, 29), 0.25773554625842, False, 'time']
['cj-lemky', 202588266, 'impression', '3', 241462215L, datetime.datetime(2013, 5, 29, 1, 24, 29), 0.148713220320514, False, 'time']
['cj-lemky', 202588266, 'impression', '6', 241447316L, datetime.datetime(2013, 5, 29, 1, 24, 29), 0.240669420714189, False, 'time']
['cj-lemky', 202588266, 'impression', '4', 241461415L, datetime.datetime(2013, 5, 29, 1, 24, 29), 0.105970114314131, False, 'time']
['cj-lemky', 202588266, 'impression', '7', 241446503L, datetime.datetime(2013, 5, 29, 1, 24, 29), 0.144151242428943, False, 'time']
['cj-lemky', 202588266, 'impression', '5', 241448161L, datetime.datetime(2013, 5, 29, 1, 24, 29), 0.25587338983511, False, 'time']
['cj-lemky', 202588266, 'impression', '7', 241446503L, datetime.datetime(2013, 5, 29, 1, 25, 4), 0.144151242428943, False, 'time']
['cj-lemky', 202588266, 'impression', '5', 241448161L, datetime.datetime(2013, 5, 29, 1, 25, 4), 0.25587338983511, False, 'time']
['cj-lemky', 202588266, 'impression', '1', 241493173L, datetime.datetime(2013, 5, 29, 1, 25, 4), 0.25773554625842, False, 'time']
['cj-lemky', 202588266, 'impression', '2', 241462277L, datetime.datetime(2013, 5, 29, 1, 25, 4), 0.109205039713783, True, 'time']
['cj-lemky', 202588266, 'impression', '6', 241447316L, datetime.datetime(2013, 5, 29, 1, 25, 4), 0.240669420714189, False, 'time']
['cj-lemky', 202588266, 'impression', '4', 241461415L, datetime.datetime(2013, 5, 29, 1, 25, 4), 0.105970114314131, False, 'time']
['cj-lemky', 202588266, 'impression', '3', 241462215L, datetime.datetime(2013, 5, 29, 1, 25, 4), 0.148713220320514, False, 'time']
['cj-lemky', 202588266, 'view_full_application_via_name', '2', 241462277L, datetime.datetime(2013, 5, 29, 1, 25, 8), 0.109205039713783, True, 'time']
['cj-lemky', 202588266, 'impression', '3', 241462215L, datetime.datetime(2013, 5, 29, 1, 27, 36), 0.148713220320514, False, 'time']
['cj-lemky', 202588266, 'impression', '5', 241448161L, datetime.datetime(2013, 5, 29, 1, 27, 36), 0.25587338983511, False, 'time']
['cj-lemky', 202588266, 'impression', '7', 241446503L, datetime.datetime(2013, 5, 29, 1, 27, 36), 0.144151242428943, False, 'time']
['cj-lemky', 202588266, 'impression', '2', 241462277L, datetime.datetime(2013, 5, 29, 1, 27, 36), 0.109205039713783, True, 'time']
['cj-lemky', 202588266, 'impression', '1', 241493173L, datetime.datetime(2013, 5, 29, 1, 27, 36), 0.25773554625842, False, 'time']
['cj-lemky', 202588266, 'impression', '6', 241447316L, datetime.datetime(2013, 5, 29, 1, 27, 36), 0.240669420714189, False, 'time']
['cj-lemky', 202588266, 'impression', '4', 241461415L, datetime.datetime(2013, 5, 29, 1, 27, 36), 0.105970114314131, False, 'time']

