['cyclad_okk', 202549120, 'impression', '2', 240621630L, datetime.datetime(2013, 5, 20, 12, 48, 13), 0.165162962315444, False, 'best']
['cyclad_okk', 202549120, 'impression', '6', 240615015L, datetime.datetime(2013, 5, 20, 12, 48, 13), 0.0445857084458369, False, 'best']
['cyclad_okk', 202549120, 'impression', '1', 240633113L, datetime.datetime(2013, 5, 20, 12, 48, 13), 0.2006727872157, False, 'best']
['cyclad_okk', 202549120, 'impression', '3', 240716822L, datetime.datetime(2013, 5, 20, 12, 48, 13), 0.0922143010518336, False, 'best']
['cyclad_okk', 202549120, 'impression', '8', 240614867L, datetime.datetime(2013, 5, 20, 12, 48, 13), 0.00947788120556507, False, 'best']
['cyclad_okk', 202549120, 'impression', '7', 240751829L, datetime.datetime(2013, 5, 20, 12, 48, 13), 0.016243305681348, False, 'best']
['cyclad_okk', 202549120, 'impression', '5', 240614214L, datetime.datetime(2013, 5, 20, 12, 48, 13), 0.0644990364976477, False, 'best']
['cyclad_okk', 202549120, 'impression', '4', 240613692L, datetime.datetime(2013, 5, 20, 12, 48, 13), 0.0823654066992591, False, 'best']
['cyclad_okk', 202549120, 'impression', '2', 240621630L, datetime.datetime(2013, 5, 20, 12, 48, 17), 0.165162962315444, False, 'best']
['cyclad_okk', 202549120, 'impression', '6', 240615015L, datetime.datetime(2013, 5, 20, 12, 48, 17), 0.0445857084458369, False, 'best']
['cyclad_okk', 202549120, 'impression', '4', 240613692L, datetime.datetime(2013, 5, 20, 12, 48, 17), 0.0823654066992591, False, 'best']
['cyclad_okk', 202549120, 'impression', '7', 240751829L, datetime.datetime(2013, 5, 20, 12, 48, 17), 0.016243305681348, False, 'best']
['cyclad_okk', 202549120, 'impression', '5', 240614214L, datetime.datetime(2013, 5, 20, 12, 48, 17), 0.0644990364976477, False, 'best']
['cyclad_okk', 202549120, 'impression', '1', 240633113L, datetime.datetime(2013, 5, 20, 12, 48, 17), 0.2006727872157, False, 'best']
['cyclad_okk', 202549120, 'impression', '8', 240614867L, datetime.datetime(2013, 5, 20, 12, 48, 17), 0.00947788120556507, False, 'best']
['cyclad_okk', 202549120, 'impression', '3', 240716822L, datetime.datetime(2013, 5, 20, 12, 48, 17), 0.0922143010518336, False, 'best']
['cyclad_okk', 202549120, 'impression', '2', 240621630L, datetime.datetime(2013, 5, 20, 12, 58, 59), 0.165162962315444, False, 'best']
['cyclad_okk', 202549120, 'impression', '1', 240633113L, datetime.datetime(2013, 5, 20, 12, 58, 59), 0.2006727872157, False, 'best']
['cyclad_okk', 202549120, 'impression', '3', 240716822L, datetime.datetime(2013, 5, 20, 12, 58, 59), 0.0922143010518336, False, 'best']
['cyclad_okk', 202549120, 'impression', '8', 240614867L, datetime.datetime(2013, 5, 20, 12, 58, 59), 0.00947788120556507, False, 'best']
['cyclad_okk', 202549120, 'impression', '7', 240751829L, datetime.datetime(2013, 5, 20, 12, 58, 59), 0.016243305681348, False, 'best']
['cyclad_okk', 202549120, 'impression', '5', 240614214L, datetime.datetime(2013, 5, 20, 12, 58, 59), 0.0644990364976477, False, 'best']
['cyclad_okk', 202549120, 'impression', '4', 240613692L, datetime.datetime(2013, 5, 20, 12, 58, 59), 0.0823654066992591, False, 'best']
['cyclad_okk', 202549120, 'impression', '6', 240615015L, datetime.datetime(2013, 5, 20, 12, 58, 59), 0.0445857084458369, False, 'best']
['cyclad_okk', 202549120, 'view_full_application_via_name', '8', 240614867L, datetime.datetime(2013, 5, 20, 12, 59, 15), 0.00947788120556507, False, 'best']

['cyclad_okk', 202549120, 'impression', '2', 240621630L, datetime.datetime(2013, 5, 28, 11, 0, 17), 0.165162962315444, False, 'best']
['cyclad_okk', 202549120, 'impression', '1', 240633113L, datetime.datetime(2013, 5, 28, 11, 0, 17), 0.2006727872157, False, 'best']
['cyclad_okk', 202549120, 'impression', '9', 241042924L, datetime.datetime(2013, 5, 28, 11, 0, 17), 0.00617054142060114, False, 'best']
['cyclad_okk', 202549120, 'impression', '6', 240615015L, datetime.datetime(2013, 5, 28, 11, 0, 17), 0.0445857084458369, False, 'best']
['cyclad_okk', 202549120, 'impression', '8', 240614867L, datetime.datetime(2013, 5, 28, 11, 0, 17), 0.00947788120556507, False, 'best']
['cyclad_okk', 202549120, 'impression', '3', 240716822L, datetime.datetime(2013, 5, 28, 11, 0, 17), 0.0922143010518336, False, 'best']
['cyclad_okk', 202549120, 'impression', '7', 240751829L, datetime.datetime(2013, 5, 28, 11, 0, 17), 0.016243305681348, False, 'best']
['cyclad_okk', 202549120, 'impression', '5', 240614214L, datetime.datetime(2013, 5, 28, 11, 0, 17), 0.0644990364976477, False, 'best']
['cyclad_okk', 202549120, 'impression', '4', 240613692L, datetime.datetime(2013, 5, 28, 11, 0, 17), 0.0823654066992591, False, 'best']
['cyclad_okk', 202549120, 'impression', '10', 241286602L, datetime.datetime(2013, 5, 28, 11, 0, 17), 0.00291910075268006, False, 'best']

['cyclad_okk', 202549120, 'impression', '10', 241042924L, datetime.datetime(2013, 5, 29, 9, 15, 19), 0.00617054142060114, False, 'best']
['cyclad_okk', 202549120, 'impression', '1', 240633113L, datetime.datetime(2013, 5, 29, 9, 15, 19), 0.2006727872157, False, 'best']
['cyclad_okk', 202549120, 'impression', '3', 240716822L, datetime.datetime(2013, 5, 29, 9, 15, 19), 0.0922143010518336, False, 'best']
['cyclad_okk', 202549120, 'impression', '9', 240614867L, datetime.datetime(2013, 5, 29, 9, 15, 19), 0.00947788120556507, False, 'best']
['cyclad_okk', 202549120, 'impression', '8', 241555649L, datetime.datetime(2013, 5, 29, 9, 15, 19), 0.0128676295748306, False, 'best']
['cyclad_okk', 202549120, 'impression', '5', 240614214L, datetime.datetime(2013, 5, 29, 9, 15, 19), 0.0644990364976477, False, 'best']
['cyclad_okk', 202549120, 'impression', '11', 241286602L, datetime.datetime(2013, 5, 29, 9, 15, 19), 0.00291910075268006, False, 'best']
['cyclad_okk', 202549120, 'impression', '7', 240751829L, datetime.datetime(2013, 5, 29, 9, 15, 19), 0.016243305681348, False, 'best']
['cyclad_okk', 202549120, 'impression', '4', 240613692L, datetime.datetime(2013, 5, 29, 9, 15, 19), 0.0823654066992591, False, 'best']
['cyclad_okk', 202549120, 'impression', '6', 240615015L, datetime.datetime(2013, 5, 29, 9, 15, 19), 0.0445857084458369, False, 'best']
['cyclad_okk', 202549120, 'impression', '2', 240621630L, datetime.datetime(2013, 5, 29, 9, 15, 19), 0.165162962315444, False, 'best']

