['duncanm', 202574174, 'impression', '1', 241135029L, datetime.datetime(2013, 5, 23, 19, 5, 19), 0.143819423425659, False, 'time']
['duncanm', 202574174, 'impression', '3', 241134706L, datetime.datetime(2013, 5, 23, 19, 5, 19), 0.0596719858603396, False, 'time']
['duncanm', 202574174, 'impression', '6', 241134477L, datetime.datetime(2013, 5, 23, 19, 5, 19), 0.141087770936267, False, 'time']
['duncanm', 202574174, 'impression', '2', 241134743L, datetime.datetime(2013, 5, 23, 19, 5, 19), 0.0944856212438444, False, 'time']
['duncanm', 202574174, 'impression', '7', 241134309L, datetime.datetime(2013, 5, 23, 19, 5, 19), 0.203663855326169, False, 'time']
['duncanm', 202574174, 'impression', '4', 241134686L, datetime.datetime(2013, 5, 23, 19, 5, 19), 0.190913521852556, False, 'time']
['duncanm', 202574174, 'impression', '5', 241134614L, datetime.datetime(2013, 5, 23, 19, 5, 19), 0.195446785491849, False, 'time']

['duncanm', 202574174, 'impression', '15', 241135660L, datetime.datetime(2013, 5, 24, 7, 11, 56), 0.0539059190875519, False, 'time']
['duncanm', 202574174, 'impression', '2', 241166085L, datetime.datetime(2013, 5, 24, 7, 11, 56), 0.0254585415528611, False, 'time']
['duncanm', 202574174, 'impression', '14', 241136262L, datetime.datetime(2013, 5, 24, 7, 11, 56), 0.0689474307136255, False, 'time']
['duncanm', 202574174, 'impression', '11', 241137828L, datetime.datetime(2013, 5, 24, 7, 11, 56), 0.052935471800482, False, 'time']
['duncanm', 202574174, 'impression', '1', 241167241L, datetime.datetime(2013, 5, 24, 7, 11, 56), 0.0906807948622662, False, 'time']
['duncanm', 202574174, 'impression', '20', 241134686L, datetime.datetime(2013, 5, 24, 7, 11, 56), 0.190913521852556, False, 'time']
['duncanm', 202574174, 'impression', '4', 241160041L, datetime.datetime(2013, 5, 24, 7, 11, 56), 0.0708991312865527, False, 'time']
['duncanm', 202574174, 'impression', '18', 241134743L, datetime.datetime(2013, 5, 24, 7, 11, 56), 0.0944856212438444, False, 'time']
['duncanm', 202574174, 'impression', '3', 241160417L, datetime.datetime(2013, 5, 24, 7, 11, 56), 0.0269663832236169, False, 'time']
['duncanm', 202574174, 'impression', '13', 241136311L, datetime.datetime(2013, 5, 24, 7, 11, 56), 0.0558454269745525, False, 'time']
['duncanm', 202574174, 'impression', '12', 241137098L, datetime.datetime(2013, 5, 24, 7, 11, 56), 0.039636756362888, False, 'time']
['duncanm', 202574174, 'impression', '9', 241138247L, datetime.datetime(2013, 5, 24, 7, 11, 56), 0.0836135386299749, False, 'time']
['duncanm', 202574174, 'impression', '8', 241138526L, datetime.datetime(2013, 5, 24, 7, 11, 56), 0.101713003917549, False, 'time']
['duncanm', 202574174, 'impression', '6', 241141389L, datetime.datetime(2013, 5, 24, 7, 11, 56), 0.0569859100272821, False, 'time']
['duncanm', 202574174, 'impression', '7', 241140875L, datetime.datetime(2013, 5, 24, 7, 11, 56), 0.140711724668191, False, 'time']
['duncanm', 202574174, 'impression', '5', 241142252L, datetime.datetime(2013, 5, 24, 7, 11, 56), 0.0436295833490224, False, 'time']
['duncanm', 202574174, 'impression', '16', 241135623L, datetime.datetime(2013, 5, 24, 7, 11, 56), 0.0965137212667367, False, 'time']
['duncanm', 202574174, 'impression', '10', 241137993L, datetime.datetime(2013, 5, 24, 7, 11, 56), 0.0882586519930109, False, 'time']
['duncanm', 202574174, 'impression', '17', 241135029L, datetime.datetime(2013, 5, 24, 7, 11, 56), 0.143819423425659, False, 'time']
['duncanm', 202574174, 'impression', '19', 241134706L, datetime.datetime(2013, 5, 24, 7, 11, 56), 0.0596719858603396, False, 'time']
['duncanm', 202574174, 'impression', '3', 241160417L, datetime.datetime(2013, 5, 24, 7, 12, 5), 0.0269663832236169, False, 'time']

['duncanm', 202574174, 'impression', '12', 241137993L, datetime.datetime(2013, 5, 28, 18, 32, 36), 0.0882586519930109, False, 'time']
['duncanm', 202574174, 'impression', '20', 241134706L, datetime.datetime(2013, 5, 28, 18, 32, 36), 0.0596719858603396, False, 'time']
['duncanm', 202574174, 'impression', '18', 241135029L, datetime.datetime(2013, 5, 28, 18, 32, 36), 0.143819423425659, False, 'time']
['duncanm', 202574174, 'impression', '8', 241141389L, datetime.datetime(2013, 5, 28, 18, 32, 36), 0.0569859100272821, False, 'time']
['duncanm', 202574174, 'impression', '10', 241138526L, datetime.datetime(2013, 5, 28, 18, 32, 36), 0.101713003917549, False, 'time']
['duncanm', 202574174, 'impression', '17', 241135623L, datetime.datetime(2013, 5, 28, 18, 32, 36), 0.0965137212667367, False, 'time']
['duncanm', 202574174, 'impression', '9', 241140875L, datetime.datetime(2013, 5, 28, 18, 32, 36), 0.140711724668191, False, 'time']
['duncanm', 202574174, 'impression', '7', 241142252L, datetime.datetime(2013, 5, 28, 18, 32, 36), 0.0436295833490224, False, 'time']
['duncanm', 202574174, 'impression', '5', 241166085L, datetime.datetime(2013, 5, 28, 18, 32, 36), 0.0254585415528611, False, 'time']
['duncanm', 202574174, 'impression', '1', 241369467L, datetime.datetime(2013, 5, 28, 18, 32, 36), 0.132106131771192, False, 'time']
['duncanm', 202574174, 'impression', '3', 241268356L, datetime.datetime(2013, 5, 28, 18, 32, 36), 0.0353686626017577, False, 'time']
['duncanm', 202574174, 'impression', '4', 241167241L, datetime.datetime(2013, 5, 28, 18, 32, 36), 0.0906807948622662, False, 'time']
['duncanm', 202574174, 'impression', '16', 241136262L, datetime.datetime(2013, 5, 28, 18, 32, 36), 0.0689474307136255, False, 'time']
['duncanm', 202574174, 'impression', '13', 241137828L, datetime.datetime(2013, 5, 28, 18, 32, 36), 0.052935471800482, False, 'time']
['duncanm', 202574174, 'impression', '19', 241134743L, datetime.datetime(2013, 5, 28, 18, 32, 36), 0.0944856212438444, False, 'time']
['duncanm', 202574174, 'impression', '15', 241136311L, datetime.datetime(2013, 5, 28, 18, 32, 36), 0.0558454269745525, False, 'time']
['duncanm', 202574174, 'impression', '6', 241160417L, datetime.datetime(2013, 5, 28, 18, 32, 36), 0.0269663832236169, False, 'time']
['duncanm', 202574174, 'impression', '11', 241138247L, datetime.datetime(2013, 5, 28, 18, 32, 36), 0.0836135386299749, False, 'time']
['duncanm', 202574174, 'impression', '14', 241137098L, datetime.datetime(2013, 5, 28, 18, 32, 36), 0.039636756362888, False, 'time']
['duncanm', 202574174, 'impression', '2', 241285812L, datetime.datetime(2013, 5, 28, 18, 32, 36), 0.118271830816226, False, 'time']
['duncanm', 202574174, 'view_full_application_via_name', '1', 241369467L, datetime.datetime(2013, 5, 28, 18, 32, 48), 0.132106131771192, False, 'time']
['duncanm', 202574174, 'shortlist', '4', 241167241L, datetime.datetime(2013, 5, 28, 18, 32, 59), 0.0906807948622662, False, 'time']
['duncanm', 202574174, 'expand_tile', '1', 241369467L, datetime.datetime(2013, 5, 28, 18, 33), 0.132106131771192, False, 'time']
['duncanm', 202574174, 'expand_tile', '1', 241369467L, datetime.datetime(2013, 5, 28, 18, 33, 2), 0.132106131771192, False, 'time']
['duncanm', 202574174, 'shortlist', '1', 241369467L, datetime.datetime(2013, 5, 28, 18, 33, 2), 0.132106131771192, False, 'time']
['duncanm', 202574174, 'collapse_tile', '1', 241369467L, datetime.datetime(2013, 5, 28, 18, 33, 4), 0.132106131771192, False, 'time']
['duncanm', 202574174, 'shortlist', '8', 241141389L, datetime.datetime(2013, 5, 28, 18, 33, 16), 0.0569859100272821, False, 'time']
['duncanm', 202574174, 'shortlist', '10', 241138526L, datetime.datetime(2013, 5, 28, 18, 33, 19), 0.101713003917549, False, 'time']
['duncanm', 202574174, 'expand_tile', '11', 241138247L, datetime.datetime(2013, 5, 28, 18, 33, 23), 0.0836135386299749, False, 'time']
['duncanm', 202574174, 'collapse_tile', '11', 241138247L, datetime.datetime(2013, 5, 28, 18, 33, 24), 0.0836135386299749, False, 'time']
['duncanm', 202574174, 'shortlist', '11', 241138247L, datetime.datetime(2013, 5, 28, 18, 33, 25), 0.0836135386299749, False, 'time']
['duncanm', 202574174, 'shortlist', '13', 241137828L, datetime.datetime(2013, 5, 28, 18, 33, 35), 0.052935471800482, False, 'time']
['duncanm', 202574174, 'shortlist', '12', 241137993L, datetime.datetime(2013, 5, 28, 18, 33, 37), 0.0882586519930109, False, 'time']
['duncanm', 202574174, 'shortlist', '14', 241137098L, datetime.datetime(2013, 5, 28, 18, 33, 40), 0.039636756362888, False, 'time']
['duncanm', 202574174, 'shortlist', '16', 241136262L, datetime.datetime(2013, 5, 28, 18, 33, 45), 0.0689474307136255, False, 'time']
['duncanm', 202574174, 'shortlist', '17', 241135623L, datetime.datetime(2013, 5, 28, 18, 33, 50), 0.0965137212667367, False, 'time']
['duncanm', 202574174, 'shortlist', '18', 241135029L, datetime.datetime(2013, 5, 28, 18, 33, 53), 0.143819423425659, False, 'time']
['duncanm', 202574174, 'shortlist', '20', 241134706L, datetime.datetime(2013, 5, 28, 18, 33, 54), 0.0596719858603396, False, 'time']
['duncanm', 202574174, 'impression', '3', 241268356L, datetime.datetime(2013, 5, 28, 18, 42, 22), 0.0353686626017577, False, 'time']
['duncanm', 202574174, 'impression', '4', 241167241L, datetime.datetime(2013, 5, 28, 18, 42, 22), 0.0906807948622662, False, 'time']
['duncanm', 202574174, 'impression', '5', 241166085L, datetime.datetime(2013, 5, 28, 18, 42, 22), 0.0254585415528611, False, 'time']
['duncanm', 202574174, 'impression', '14', 241137828L, datetime.datetime(2013, 5, 28, 18, 42, 22), 0.052935471800482, False, 'time']
['duncanm', 202574174, 'impression', '17', 241136262L, datetime.datetime(2013, 5, 28, 18, 42, 22), 0.0689474307136255, False, 'time']
['duncanm', 202574174, 'impression', '1', 241369467L, datetime.datetime(2013, 5, 28, 18, 42, 22), 0.132106131771192, False, 'time']
['duncanm', 202574174, 'impression', '20', 241134743L, datetime.datetime(2013, 5, 28, 18, 42, 22), 0.0944856212438444, False, 'time']
['duncanm', 202574174, 'impression', '11', 241138526L, datetime.datetime(2013, 5, 28, 18, 42, 22), 0.101713003917549, False, 'time']
['duncanm', 202574174, 'impression', '9', 241141389L, datetime.datetime(2013, 5, 28, 18, 42, 22), 0.0569859100272821, False, 'time']
['duncanm', 202574174, 'impression', '18', 241135623L, datetime.datetime(2013, 5, 28, 18, 42, 22), 0.0965137212667367, False, 'time']
['duncanm', 202574174, 'impression', '8', 241142252L, datetime.datetime(2013, 5, 28, 18, 42, 22), 0.0436295833490224, False, 'time']
['duncanm', 202574174, 'impression', '10', 241140875L, datetime.datetime(2013, 5, 28, 18, 42, 22), 0.140711724668191, False, 'time']
['duncanm', 202574174, 'impression', '19', 241135029L, datetime.datetime(2013, 5, 28, 18, 42, 22), 0.143819423425659, False, 'time']
['duncanm', 202574174, 'impression', '13', 241137993L, datetime.datetime(2013, 5, 28, 18, 42, 22), 0.0882586519930109, False, 'time']
['duncanm', 202574174, 'impression', '2', 241285812L, datetime.datetime(2013, 5, 28, 18, 42, 22), 0.118271830816226, False, 'time']
['duncanm', 202574174, 'impression', '6', 241165192L, datetime.datetime(2013, 5, 28, 18, 42, 22), 0.0599616307766266, False, 'time']
['duncanm', 202574174, 'impression', '16', 241136311L, datetime.datetime(2013, 5, 28, 18, 42, 22), 0.0558454269745525, False, 'time']
['duncanm', 202574174, 'impression', '12', 241138247L, datetime.datetime(2013, 5, 28, 18, 42, 22), 0.0836135386299749, False, 'time']
['duncanm', 202574174, 'impression', '7', 241160417L, datetime.datetime(2013, 5, 28, 18, 42, 22), 0.0269663832236169, False, 'time']
['duncanm', 202574174, 'impression', '15', 241137098L, datetime.datetime(2013, 5, 28, 18, 42, 22), 0.039636756362888, False, 'time']
['duncanm', 202574174, 'expand_tile', '1', 241369467L, datetime.datetime(2013, 5, 28, 18, 42, 25), 0.132106131771192, False, 'time']
['duncanm', 202574174, 'collapse_tile', '1', 241369467L, datetime.datetime(2013, 5, 28, 18, 42, 28), 0.132106131771192, False, 'time']
['duncanm', 202574174, 'expand_tile', '2', 241285812L, datetime.datetime(2013, 5, 28, 18, 42, 29), 0.118271830816226, False, 'time']
['duncanm', 202574174, 'collapse_tile', '2', 241285812L, datetime.datetime(2013, 5, 28, 18, 42, 31), 0.118271830816226, False, 'time']
['duncanm', 202574174, 'expand_tile', '3', 241268356L, datetime.datetime(2013, 5, 28, 18, 42, 32), 0.0353686626017577, False, 'time']
['duncanm', 202574174, 'expand_tile', '4', 241167241L, datetime.datetime(2013, 5, 28, 18, 42, 35), 0.0906807948622662, False, 'time']
['duncanm', 202574174, 'expand_tile', '5', 241166085L, datetime.datetime(2013, 5, 28, 18, 42, 39), 0.0254585415528611, False, 'time']
['duncanm', 202574174, 'expand_tile', '6', 241165192L, datetime.datetime(2013, 5, 28, 18, 42, 43), 0.0599616307766266, False, 'time']
['duncanm', 202574174, 'expand_tile', '7', 241160417L, datetime.datetime(2013, 5, 28, 18, 42, 49), 0.0269663832236169, False, 'time']
['duncanm', 202574174, 'expand_tile', '8', 241142252L, datetime.datetime(2013, 5, 28, 18, 42, 52), 0.0436295833490224, False, 'time']
['duncanm', 202574174, 'expand_tile', '9', 241141389L, datetime.datetime(2013, 5, 28, 18, 42, 58), 0.0569859100272821, False, 'time']
['duncanm', 202574174, 'expand_tile', '10', 241140875L, datetime.datetime(2013, 5, 28, 18, 43, 4), 0.140711724668191, False, 'time']
['duncanm', 202574174, 'expand_tile', '11', 241138526L, datetime.datetime(2013, 5, 28, 18, 43, 8), 0.101713003917549, False, 'time']
['duncanm', 202574174, 'expand_tile', '12', 241138247L, datetime.datetime(2013, 5, 28, 18, 43, 14), 0.0836135386299749, False, 'time']
['duncanm', 202574174, 'expand_tile', '13', 241137993L, datetime.datetime(2013, 5, 28, 18, 43, 21), 0.0882586519930109, False, 'time']
['duncanm', 202574174, 'expand_tile', '14', 241137828L, datetime.datetime(2013, 5, 28, 18, 43, 22), 0.052935471800482, False, 'time']
['duncanm', 202574174, 'view_full_application_via_name', '14', 241137828L, datetime.datetime(2013, 5, 28, 18, 43, 31), 0.052935471800482, False, 'time']
['duncanm', 202574174, 'expand_tile', '15', 241137098L, datetime.datetime(2013, 5, 28, 18, 43, 38), 0.039636756362888, False, 'time']
['duncanm', 202574174, 'view_full_application_via_name', '15', 241137098L, datetime.datetime(2013, 5, 28, 18, 43, 40), 0.039636756362888, False, 'time']
['duncanm', 202574174, 'expand_tile', '16', 241136311L, datetime.datetime(2013, 5, 28, 18, 43, 44), 0.0558454269745525, False, 'time']
['duncanm', 202574174, 'expand_tile', '17', 241136262L, datetime.datetime(2013, 5, 28, 18, 43, 50), 0.0689474307136255, False, 'time']
['duncanm', 202574174, 'expand_tile', '18', 241135623L, datetime.datetime(2013, 5, 28, 18, 43, 57), 0.0965137212667367, False, 'time']
['duncanm', 202574174, 'view_full_application_via_name', '18', 241135623L, datetime.datetime(2013, 5, 28, 18, 44), 0.0965137212667367, False, 'time']
['duncanm', 202574174, 'expand_tile', '19', 241135029L, datetime.datetime(2013, 5, 28, 18, 44, 2), 0.143819423425659, False, 'time']
['duncanm', 202574174, 'expand_tile', '20', 241134743L, datetime.datetime(2013, 5, 28, 18, 44, 6), 0.0944856212438444, False, 'time']
['duncanm', 202574174, 'impression', '13', 241137993L, datetime.datetime(2013, 5, 28, 18, 47), 0.0882586519930109, False, 'time']
['duncanm', 202574174, 'impression', '19', 241135029L, datetime.datetime(2013, 5, 28, 18, 47), 0.143819423425659, False, 'time']
['duncanm', 202574174, 'impression', '20', 241134743L, datetime.datetime(2013, 5, 28, 18, 47), 0.0944856212438444, False, 'time']
['duncanm', 202574174, 'impression', '6', 241165192L, datetime.datetime(2013, 5, 28, 18, 47), 0.0599616307766266, False, 'time']
['duncanm', 202574174, 'impression', '12', 241138247L, datetime.datetime(2013, 5, 28, 18, 47), 0.0836135386299749, False, 'time']
['duncanm', 202574174, 'impression', '16', 241136311L, datetime.datetime(2013, 5, 28, 18, 47), 0.0558454269745525, False, 'time']
['duncanm', 202574174, 'impression', '15', 241137098L, datetime.datetime(2013, 5, 28, 18, 47), 0.039636756362888, False, 'time']
['duncanm', 202574174, 'impression', '7', 241160417L, datetime.datetime(2013, 5, 28, 18, 47), 0.0269663832236169, False, 'time']
['duncanm', 202574174, 'impression', '5', 241166085L, datetime.datetime(2013, 5, 28, 18, 47), 0.0254585415528611, False, 'time']
['duncanm', 202574174, 'impression', '14', 241137828L, datetime.datetime(2013, 5, 28, 18, 47), 0.052935471800482, False, 'time']
['duncanm', 202574174, 'impression', '4', 241167241L, datetime.datetime(2013, 5, 28, 18, 47), 0.0906807948622662, False, 'time']
['duncanm', 202574174, 'impression', '3', 241268356L, datetime.datetime(2013, 5, 28, 18, 47), 0.0353686626017577, False, 'time']
['duncanm', 202574174, 'impression', '1', 241369467L, datetime.datetime(2013, 5, 28, 18, 47), 0.132106131771192, False, 'time']
['duncanm', 202574174, 'impression', '17', 241136262L, datetime.datetime(2013, 5, 28, 18, 47), 0.0689474307136255, False, 'time']
['duncanm', 202574174, 'impression', '8', 241142252L, datetime.datetime(2013, 5, 28, 18, 47), 0.0436295833490224, False, 'time']
['duncanm', 202574174, 'impression', '10', 241140875L, datetime.datetime(2013, 5, 28, 18, 47), 0.140711724668191, False, 'time']
['duncanm', 202574174, 'impression', '9', 241141389L, datetime.datetime(2013, 5, 28, 18, 47), 0.0569859100272821, False, 'time']
['duncanm', 202574174, 'impression', '18', 241135623L, datetime.datetime(2013, 5, 28, 18, 47), 0.0965137212667367, False, 'time']
['duncanm', 202574174, 'impression', '11', 241138526L, datetime.datetime(2013, 5, 28, 18, 47), 0.101713003917549, False, 'time']
['duncanm', 202574174, 'impression', '2', 241285812L, datetime.datetime(2013, 5, 28, 18, 47), 0.118271830816226, False, 'time']
['duncanm', 202574174, 'expand_tile', '1', 241369467L, datetime.datetime(2013, 5, 28, 18, 47, 1), 0.132106131771192, False, 'time']
['duncanm', 202574174, 'expand_tile', '17', 241136262L, datetime.datetime(2013, 5, 28, 18, 47, 15), 0.0689474307136255, False, 'time']
['duncanm', 202574174, 'view_full_application_via_name', '17', 241136262L, datetime.datetime(2013, 5, 28, 18, 47, 22), 0.0689474307136255, False, 'time']
['duncanm', 202574174, 'expand_tile', '20', 241134743L, datetime.datetime(2013, 5, 28, 18, 48, 15), 0.0944856212438444, False, 'time']
['duncanm', 202574174, 'view_full_application_via_name', '11', 241138526L, datetime.datetime(2013, 5, 28, 18, 48, 22), 0.101713003917549, False, 'time']
['duncanm', 202574174, 'expand_tile', '11', 241138526L, datetime.datetime(2013, 5, 28, 18, 48, 23), 0.101713003917549, False, 'time']
['duncanm', 202574174, 'collapse_tile', '11', 241138526L, datetime.datetime(2013, 5, 28, 18, 48, 47), 0.101713003917549, False, 'time']
['duncanm', 202574174, 'expand_tile', '11', 241138526L, datetime.datetime(2013, 5, 28, 18, 48, 48), 0.101713003917549, False, 'time']
['duncanm', 202574174, 'collapse_tile', '11', 241138526L, datetime.datetime(2013, 5, 28, 18, 48, 49), 0.101713003917549, False, 'time']

