['eleganttech', 202583374, 'impression', '7', 241347591L, datetime.datetime(2013, 5, 26, 19, 51, 36), 0.0237582680923302, False, 'time']
['eleganttech', 202583374, 'impression', '6', 241347663L, datetime.datetime(2013, 5, 26, 19, 51, 36), 0.0270076348639797, False, 'time']
['eleganttech', 202583374, 'impression', '16', 241345932L, datetime.datetime(2013, 5, 26, 19, 51, 36), 0.0116976192507499, False, 'time']
['eleganttech', 202583374, 'impression', '11', 241346935L, datetime.datetime(2013, 5, 26, 19, 51, 36), 0.0063325148459639, False, 'time']
['eleganttech', 202583374, 'impression', '8', 241347111L, datetime.datetime(2013, 5, 26, 19, 51, 36), 0.00729338307412398, False, 'time']
['eleganttech', 202583374, 'impression', '14', 241346371L, datetime.datetime(2013, 5, 26, 19, 51, 36), 0.0351453442337587, False, 'time']
['eleganttech', 202583374, 'impression', '13', 241346515L, datetime.datetime(2013, 5, 26, 19, 51, 36), 0.0147250004346587, False, 'time']
['eleganttech', 202583374, 'impression', '12', 241346718L, datetime.datetime(2013, 5, 26, 19, 51, 36), 0.0211126535181218, False, 'time']
['eleganttech', 202583374, 'impression', '10', 241346937L, datetime.datetime(2013, 5, 26, 19, 51, 36), 0.0145071184851927, False, 'time']
['eleganttech', 202583374, 'impression', '15', 241346302L, datetime.datetime(2013, 5, 26, 19, 51, 36), 0.0258508686027954, False, 'time']
['eleganttech', 202583374, 'impression', '9', 241346963L, datetime.datetime(2013, 5, 26, 19, 51, 36), 0.0130816103378611, False, 'time']
['eleganttech', 202583374, 'impression', '17', 241345691L, datetime.datetime(2013, 5, 26, 19, 51, 36), 0.0203671200709259, False, 'time']
['eleganttech', 202583374, 'impression', '1', 241348333L, datetime.datetime(2013, 5, 26, 19, 51, 36), 0.0753185547396828, False, 'time']
['eleganttech', 202583374, 'impression', '4', 241348070L, datetime.datetime(2013, 5, 26, 19, 51, 36), 0.0177243422666392, False, 'time']
['eleganttech', 202583374, 'impression', '18', 241345657L, datetime.datetime(2013, 5, 26, 19, 51, 36), 0.00997162545267168, False, 'time']
['eleganttech', 202583374, 'impression', '2', 241348231L, datetime.datetime(2013, 5, 26, 19, 51, 36), 0.0361402099927086, False, 'time']
['eleganttech', 202583374, 'impression', '5', 241347969L, datetime.datetime(2013, 5, 26, 19, 51, 36), 0.0129031500452027, False, 'time']
['eleganttech', 202583374, 'impression', '20', 241345515L, datetime.datetime(2013, 5, 26, 19, 51, 36), 0.00490664483971719, False, 'time']
['eleganttech', 202583374, 'impression', '19', 241345646L, datetime.datetime(2013, 5, 26, 19, 51, 36), 0.00967589463405774, False, 'time']
['eleganttech', 202583374, 'impression', '3', 241348089L, datetime.datetime(2013, 5, 26, 19, 51, 36), 0.0228722569904794, False, 'time']
['eleganttech', 202583374, 'impression', '4', 241348070L, datetime.datetime(2013, 5, 26, 19, 53, 56), 0.0177243422666392, False, 'time']
['eleganttech', 202583374, 'view_full_application_via_name', '3', 241348089L, datetime.datetime(2013, 5, 26, 19, 54, 6), 0.0228722569904794, False, 'time']
['eleganttech', 202583374, 'impression', '14', 241346515L, datetime.datetime(2013, 5, 26, 19, 56, 12), 0.0147250004346587, False, 'time']
['eleganttech', 202583374, 'impression', '11', 241346937L, datetime.datetime(2013, 5, 26, 19, 56, 12), 0.0145071184851927, False, 'time']
['eleganttech', 202583374, 'impression', '15', 241346371L, datetime.datetime(2013, 5, 26, 19, 56, 12), 0.0351453442337587, False, 'time']
['eleganttech', 202583374, 'impression', '13', 241346718L, datetime.datetime(2013, 5, 26, 19, 56, 12), 0.0211126535181218, False, 'time']
['eleganttech', 202583374, 'impression', '19', 241345657L, datetime.datetime(2013, 5, 26, 19, 56, 12), 0.00997162545267168, False, 'time']
['eleganttech', 202583374, 'impression', '5', 241348070L, datetime.datetime(2013, 5, 26, 19, 56, 12), 0.0177243422666392, False, 'time']
['eleganttech', 202583374, 'impression', '3', 241348231L, datetime.datetime(2013, 5, 26, 19, 56, 12), 0.0361402099927086, False, 'time']
['eleganttech', 202583374, 'impression', '1', 241348372L, datetime.datetime(2013, 5, 26, 19, 56, 12), 0.0300995034956065, False, 'time']
['eleganttech', 202583374, 'impression', '12', 241346935L, datetime.datetime(2013, 5, 26, 19, 56, 12), 0.0063325148459639, False, 'time']
['eleganttech', 202583374, 'impression', '9', 241347111L, datetime.datetime(2013, 5, 26, 19, 56, 12), 0.00729338307412398, False, 'time']
['eleganttech', 202583374, 'impression', '16', 241346302L, datetime.datetime(2013, 5, 26, 19, 56, 12), 0.0258508686027954, False, 'time']
['eleganttech', 202583374, 'impression', '10', 241346963L, datetime.datetime(2013, 5, 26, 19, 56, 12), 0.0130816103378611, False, 'time']
['eleganttech', 202583374, 'impression', '4', 241348089L, datetime.datetime(2013, 5, 26, 19, 56, 12), 0.0228722569904794, False, 'time']
['eleganttech', 202583374, 'impression', '6', 241347969L, datetime.datetime(2013, 5, 26, 19, 56, 12), 0.0129031500452027, False, 'time']
['eleganttech', 202583374, 'impression', '20', 241345646L, datetime.datetime(2013, 5, 26, 19, 56, 12), 0.00967589463405774, False, 'time']
['eleganttech', 202583374, 'impression', '2', 241348333L, datetime.datetime(2013, 5, 26, 19, 56, 12), 0.0753185547396828, False, 'time']
['eleganttech', 202583374, 'impression', '18', 241345691L, datetime.datetime(2013, 5, 26, 19, 56, 12), 0.0203671200709259, False, 'time']
['eleganttech', 202583374, 'impression', '17', 241345932L, datetime.datetime(2013, 5, 26, 19, 56, 12), 0.0116976192507499, False, 'time']
['eleganttech', 202583374, 'impression', '8', 241347591L, datetime.datetime(2013, 5, 26, 19, 56, 12), 0.0237582680923302, False, 'time']
['eleganttech', 202583374, 'impression', '7', 241347663L, datetime.datetime(2013, 5, 26, 19, 56, 12), 0.0270076348639797, False, 'time']

['eleganttech', 202583374, 'impression', '9', 241357213L, datetime.datetime(2013, 5, 27, 2, 14, 59), 0.0295438389926706, False, 'time']
['eleganttech', 202583374, 'impression', '15', 241352220L, datetime.datetime(2013, 5, 27, 2, 14, 59), 0.0521770973819044, False, 'time']
['eleganttech', 202583374, 'impression', '6', 241358149L, datetime.datetime(2013, 5, 27, 2, 14, 59), 0.0311664698855581, False, 'time']
['eleganttech', 202583374, 'impression', '11', 241355049L, datetime.datetime(2013, 5, 27, 2, 14, 59), 0.114803069922087, False, 'time']
['eleganttech', 202583374, 'impression', '3', 241358528L, datetime.datetime(2013, 5, 27, 2, 14, 59), 0.0717437856649082, False, 'time']
['eleganttech', 202583374, 'impression', '4', 241358437L, datetime.datetime(2013, 5, 27, 2, 14, 59), 0.023484768270204, False, 'time']
['eleganttech', 202583374, 'impression', '20', 241351875L, datetime.datetime(2013, 5, 27, 2, 14, 59), 0.025305018748185, False, 'time']
['eleganttech', 202583374, 'impression', '17', 241352094L, datetime.datetime(2013, 5, 27, 2, 14, 59), 0.0661661380899252, False, 'time']
['eleganttech', 202583374, 'impression', '2', 241358636L, datetime.datetime(2013, 5, 27, 2, 14, 59), 0.0333455366248446, False, 'time']
['eleganttech', 202583374, 'impression', '5', 241358190L, datetime.datetime(2013, 5, 27, 2, 14, 59), 0.0224003396698761, False, 'time']
['eleganttech', 202583374, 'impression', '13', 241354295L, datetime.datetime(2013, 5, 27, 2, 14, 59), 0.0146351326693576, False, 'time']
['eleganttech', 202583374, 'impression', '1', 241359077L, datetime.datetime(2013, 5, 27, 2, 14, 59), 0.0317376996797789, False, 'time']
['eleganttech', 202583374, 'impression', '8', 241357454L, datetime.datetime(2013, 5, 27, 2, 14, 59), 0.0425651684892072, False, 'time']
['eleganttech', 202583374, 'impression', '7', 241357769L, datetime.datetime(2013, 5, 27, 2, 14, 59), 0.0389501434536555, False, 'time']
['eleganttech', 202583374, 'impression', '10', 241356123L, datetime.datetime(2013, 5, 27, 2, 14, 59), 0.0560572428076359, False, 'time']
['eleganttech', 202583374, 'impression', '18', 241352059L, datetime.datetime(2013, 5, 27, 2, 14, 59), 0.0229731599745016, False, 'time']
['eleganttech', 202583374, 'impression', '12', 241354314L, datetime.datetime(2013, 5, 27, 2, 14, 59), 0.0354410721317685, False, 'time']
['eleganttech', 202583374, 'impression', '19', 241351955L, datetime.datetime(2013, 5, 27, 2, 14, 59), 0.0110477560851673, False, 'time']
['eleganttech', 202583374, 'impression', '16', 241352167L, datetime.datetime(2013, 5, 27, 2, 14, 59), 0.0465860927497441, False, 'time']
['eleganttech', 202583374, 'impression', '14', 241354119L, datetime.datetime(2013, 5, 27, 2, 14, 59), 0.0561502868768358, False, 'time']
['eleganttech', 202583374, 'impression', '1', 241359077L, datetime.datetime(2013, 5, 27, 2, 15, 1), 0.0317376996797789, False, 'time']
['eleganttech', 202583374, 'expand_tile', '2', 241358636L, datetime.datetime(2013, 5, 27, 2, 15, 11), 0.0333455366248446, False, 'time']
['eleganttech', 202583374, 'view_full_application', '2', 241358636L, datetime.datetime(2013, 5, 27, 2, 15, 18), 0.0333455366248446, False, 'time']
['eleganttech', 202583374, 'impression', '12', 241354314L, datetime.datetime(2013, 5, 27, 2, 16, 6), 0.0354410721317685, False, 'time']
['eleganttech', 202583374, 'impression', '10', 241356123L, datetime.datetime(2013, 5, 27, 2, 16, 6), 0.0560572428076359, False, 'time']
['eleganttech', 202583374, 'impression', '7', 241357769L, datetime.datetime(2013, 5, 27, 2, 16, 6), 0.0389501434536555, False, 'time']
['eleganttech', 202583374, 'impression', '8', 241357454L, datetime.datetime(2013, 5, 27, 2, 16, 6), 0.0425651684892072, False, 'time']
['eleganttech', 202583374, 'impression', '19', 241351955L, datetime.datetime(2013, 5, 27, 2, 16, 6), 0.0110477560851673, False, 'time']
['eleganttech', 202583374, 'impression', '18', 241352059L, datetime.datetime(2013, 5, 27, 2, 16, 6), 0.0229731599745016, False, 'time']
['eleganttech', 202583374, 'impression', '3', 241358528L, datetime.datetime(2013, 5, 27, 2, 16, 6), 0.0717437856649082, False, 'time']
['eleganttech', 202583374, 'impression', '11', 241355049L, datetime.datetime(2013, 5, 27, 2, 16, 6), 0.114803069922087, False, 'time']
['eleganttech', 202583374, 'impression', '6', 241358149L, datetime.datetime(2013, 5, 27, 2, 16, 6), 0.0311664698855581, False, 'time']
['eleganttech', 202583374, 'impression', '15', 241352220L, datetime.datetime(2013, 5, 27, 2, 16, 6), 0.0521770973819044, False, 'time']
['eleganttech', 202583374, 'impression', '9', 241357213L, datetime.datetime(2013, 5, 27, 2, 16, 6), 0.0295438389926706, False, 'time']
['eleganttech', 202583374, 'impression', '16', 241352167L, datetime.datetime(2013, 5, 27, 2, 16, 6), 0.0465860927497441, False, 'time']
['eleganttech', 202583374, 'impression', '14', 241354119L, datetime.datetime(2013, 5, 27, 2, 16, 6), 0.0561502868768358, False, 'time']
['eleganttech', 202583374, 'impression', '20', 241351875L, datetime.datetime(2013, 5, 27, 2, 16, 6), 0.025305018748185, False, 'time']
['eleganttech', 202583374, 'impression', '4', 241358437L, datetime.datetime(2013, 5, 27, 2, 16, 6), 0.023484768270204, False, 'time']
['eleganttech', 202583374, 'impression', '5', 241358190L, datetime.datetime(2013, 5, 27, 2, 16, 6), 0.0224003396698761, False, 'time']
['eleganttech', 202583374, 'impression', '13', 241354295L, datetime.datetime(2013, 5, 27, 2, 16, 6), 0.0146351326693576, False, 'time']
['eleganttech', 202583374, 'impression', '1', 241359077L, datetime.datetime(2013, 5, 27, 2, 16, 6), 0.0317376996797789, False, 'time']
['eleganttech', 202583374, 'impression', '17', 241352094L, datetime.datetime(2013, 5, 27, 2, 16, 6), 0.0661661380899252, False, 'time']
['eleganttech', 202583374, 'impression', '2', 241358636L, datetime.datetime(2013, 5, 27, 2, 16, 6), 0.0333455366248446, False, 'time']
['eleganttech', 202583374, 'view_full_application_via_name', '4', 241358437L, datetime.datetime(2013, 5, 27, 2, 16, 18), 0.023484768270204, False, 'time']
['eleganttech', 202583374, 'impression', '6', 241358149L, datetime.datetime(2013, 5, 27, 2, 17, 34), 0.0311664698855581, False, 'time']
['eleganttech', 202583374, 'impression', '3', 241358528L, datetime.datetime(2013, 5, 27, 2, 17, 34), 0.0717437856649082, False, 'time']
['eleganttech', 202583374, 'impression', '11', 241355049L, datetime.datetime(2013, 5, 27, 2, 17, 34), 0.114803069922087, False, 'time']
['eleganttech', 202583374, 'impression', '20', 241351875L, datetime.datetime(2013, 5, 27, 2, 17, 34), 0.025305018748185, False, 'time']
['eleganttech', 202583374, 'impression', '4', 241358437L, datetime.datetime(2013, 5, 27, 2, 17, 34), 0.023484768270204, False, 'time']
['eleganttech', 202583374, 'impression', '14', 241354119L, datetime.datetime(2013, 5, 27, 2, 17, 34), 0.0561502868768358, False, 'time']
['eleganttech', 202583374, 'impression', '16', 241352167L, datetime.datetime(2013, 5, 27, 2, 17, 34), 0.0465860927497441, False, 'time']
['eleganttech', 202583374, 'impression', '17', 241352094L, datetime.datetime(2013, 5, 27, 2, 17, 34), 0.0661661380899252, False, 'time']
['eleganttech', 202583374, 'impression', '2', 241358636L, datetime.datetime(2013, 5, 27, 2, 17, 34), 0.0333455366248446, False, 'time']
['eleganttech', 202583374, 'impression', '5', 241358190L, datetime.datetime(2013, 5, 27, 2, 17, 34), 0.0224003396698761, False, 'time']
['eleganttech', 202583374, 'impression', '1', 241359077L, datetime.datetime(2013, 5, 27, 2, 17, 34), 0.0317376996797789, False, 'time']
['eleganttech', 202583374, 'impression', '13', 241354295L, datetime.datetime(2013, 5, 27, 2, 17, 34), 0.0146351326693576, False, 'time']
['eleganttech', 202583374, 'impression', '9', 241357213L, datetime.datetime(2013, 5, 27, 2, 17, 34), 0.0295438389926706, False, 'time']
['eleganttech', 202583374, 'impression', '15', 241352220L, datetime.datetime(2013, 5, 27, 2, 17, 34), 0.0521770973819044, False, 'time']
['eleganttech', 202583374, 'impression', '19', 241351955L, datetime.datetime(2013, 5, 27, 2, 17, 34), 0.0110477560851673, False, 'time']
['eleganttech', 202583374, 'impression', '10', 241356123L, datetime.datetime(2013, 5, 27, 2, 17, 34), 0.0560572428076359, False, 'time']
['eleganttech', 202583374, 'impression', '7', 241357769L, datetime.datetime(2013, 5, 27, 2, 17, 34), 0.0389501434536555, False, 'time']
['eleganttech', 202583374, 'impression', '8', 241357454L, datetime.datetime(2013, 5, 27, 2, 17, 34), 0.0425651684892072, False, 'time']
['eleganttech', 202583374, 'impression', '12', 241354314L, datetime.datetime(2013, 5, 27, 2, 17, 34), 0.0354410721317685, False, 'time']
['eleganttech', 202583374, 'impression', '18', 241352059L, datetime.datetime(2013, 5, 27, 2, 17, 34), 0.0229731599745016, False, 'time']
['eleganttech', 202583374, 'shortlist', '4', 241358437L, datetime.datetime(2013, 5, 27, 2, 17, 46), 0.023484768270204, False, 'time']
['eleganttech', 202583374, 'view_full_application_via_name', '10', 241356123L, datetime.datetime(2013, 5, 27, 2, 18, 8), 0.0560572428076359, False, 'time']
['eleganttech', 202583374, 'impression', '18', 241352059L, datetime.datetime(2013, 5, 27, 2, 18, 25), 0.0229731599745016, False, 'time']
['eleganttech', 202583374, 'impression', '10', 241356123L, datetime.datetime(2013, 5, 27, 2, 18, 25), 0.0560572428076359, False, 'time']
['eleganttech', 202583374, 'impression', '7', 241357769L, datetime.datetime(2013, 5, 27, 2, 18, 25), 0.0389501434536555, False, 'time']
['eleganttech', 202583374, 'impression', '19', 241351955L, datetime.datetime(2013, 5, 27, 2, 18, 25), 0.0110477560851673, False, 'time']
['eleganttech', 202583374, 'impression', '8', 241357454L, datetime.datetime(2013, 5, 27, 2, 18, 25), 0.0425651684892072, False, 'time']
['eleganttech', 202583374, 'impression', '12', 241354314L, datetime.datetime(2013, 5, 27, 2, 18, 25), 0.0354410721317685, False, 'time']
['eleganttech', 202583374, 'impression', '3', 241358528L, datetime.datetime(2013, 5, 27, 2, 18, 25), 0.0717437856649082, False, 'time']
['eleganttech', 202583374, 'impression', '11', 241355049L, datetime.datetime(2013, 5, 27, 2, 18, 25), 0.114803069922087, False, 'time']
['eleganttech', 202583374, 'impression', '6', 241358149L, datetime.datetime(2013, 5, 27, 2, 18, 25), 0.0311664698855581, False, 'time']
['eleganttech', 202583374, 'impression', '17', 241352094L, datetime.datetime(2013, 5, 27, 2, 18, 25), 0.0661661380899252, False, 'time']
['eleganttech', 202583374, 'impression', '13', 241354295L, datetime.datetime(2013, 5, 27, 2, 18, 25), 0.0146351326693576, False, 'time']
['eleganttech', 202583374, 'impression', '5', 241358190L, datetime.datetime(2013, 5, 27, 2, 18, 25), 0.0224003396698761, False, 'time']
['eleganttech', 202583374, 'impression', '2', 241358636L, datetime.datetime(2013, 5, 27, 2, 18, 25), 0.0333455366248446, False, 'time']
['eleganttech', 202583374, 'impression', '1', 241359077L, datetime.datetime(2013, 5, 27, 2, 18, 25), 0.0317376996797789, False, 'time']
['eleganttech', 202583374, 'impression', '16', 241352167L, datetime.datetime(2013, 5, 27, 2, 18, 25), 0.0465860927497441, False, 'time']
['eleganttech', 202583374, 'impression', '14', 241354119L, datetime.datetime(2013, 5, 27, 2, 18, 25), 0.0561502868768358, False, 'time']
['eleganttech', 202583374, 'impression', '20', 241351875L, datetime.datetime(2013, 5, 27, 2, 18, 25), 0.025305018748185, False, 'time']
['eleganttech', 202583374, 'impression', '4', 241358437L, datetime.datetime(2013, 5, 27, 2, 18, 25), 0.023484768270204, False, 'time']
['eleganttech', 202583374, 'impression', '9', 241357213L, datetime.datetime(2013, 5, 27, 2, 18, 25), 0.0295438389926706, False, 'time']
['eleganttech', 202583374, 'impression', '15', 241352220L, datetime.datetime(2013, 5, 27, 2, 18, 25), 0.0521770973819044, False, 'time']
['eleganttech', 202583374, 'view_full_application_via_name', '17', 241352094L, datetime.datetime(2013, 5, 27, 2, 19, 58), 0.0661661380899252, False, 'time']
['eleganttech', 202583374, 'impression', '13', 241356123L, datetime.datetime(2013, 5, 27, 2, 20, 27), 0.0560572428076359, False, 'time']
['eleganttech', 202583374, 'impression', '15', 241354314L, datetime.datetime(2013, 5, 27, 2, 20, 27), 0.0354410721317685, False, 'time']
['eleganttech', 202583374, 'impression', '10', 241357769L, datetime.datetime(2013, 5, 27, 2, 20, 27), 0.0389501434536555, False, 'time']
['eleganttech', 202583374, 'impression', '11', 241357454L, datetime.datetime(2013, 5, 27, 2, 20, 27), 0.0425651684892072, False, 'time']
['eleganttech', 202583374, 'impression', '9', 241358149L, datetime.datetime(2013, 5, 27, 2, 20, 27), 0.0311664698855581, False, 'time']
['eleganttech', 202583374, 'impression', '3', 241359460L, datetime.datetime(2013, 5, 27, 2, 20, 27), 0.0180192238309526, False, 'time']
['eleganttech', 202583374, 'impression', '14', 241355049L, datetime.datetime(2013, 5, 27, 2, 20, 27), 0.114803069922087, False, 'time']
['eleganttech', 202583374, 'impression', '1', 241359492L, datetime.datetime(2013, 5, 27, 2, 20, 27), 0.0713626645261087, False, 'time']
['eleganttech', 202583374, 'impression', '6', 241358528L, datetime.datetime(2013, 5, 27, 2, 20, 27), 0.0717437856649082, False, 'time']
['eleganttech', 202583374, 'impression', '19', 241352167L, datetime.datetime(2013, 5, 27, 2, 20, 27), 0.0465860927497441, False, 'time']
['eleganttech', 202583374, 'impression', '17', 241354119L, datetime.datetime(2013, 5, 27, 2, 20, 27), 0.0561502868768358, False, 'time']
['eleganttech', 202583374, 'impression', '2', 241359466L, datetime.datetime(2013, 5, 27, 2, 20, 27), 0.0509253314887899, False, 'time']
['eleganttech', 202583374, 'impression', '18', 241352220L, datetime.datetime(2013, 5, 27, 2, 20, 27), 0.0521770973819044, False, 'time']
['eleganttech', 202583374, 'impression', '12', 241357213L, datetime.datetime(2013, 5, 27, 2, 20, 27), 0.0295438389926706, False, 'time']
['eleganttech', 202583374, 'impression', '7', 241358437L, datetime.datetime(2013, 5, 27, 2, 20, 27), 0.023484768270204, False, 'time']
['eleganttech', 202583374, 'impression', '20', 241352094L, datetime.datetime(2013, 5, 27, 2, 20, 27), 0.0661661380899252, False, 'time']
['eleganttech', 202583374, 'impression', '5', 241358636L, datetime.datetime(2013, 5, 27, 2, 20, 27), 0.0333455366248446, False, 'time']
['eleganttech', 202583374, 'impression', '4', 241359077L, datetime.datetime(2013, 5, 27, 2, 20, 27), 0.0317376996797789, False, 'time']
['eleganttech', 202583374, 'impression', '8', 241358190L, datetime.datetime(2013, 5, 27, 2, 20, 27), 0.0224003396698761, False, 'time']
['eleganttech', 202583374, 'impression', '16', 241354295L, datetime.datetime(2013, 5, 27, 2, 20, 27), 0.0146351326693576, False, 'time']

['eleganttech', 202583374, 'impression', '6', 241359492L, datetime.datetime(2013, 5, 27, 4, 13, 52), 0.0713626645261087, False, 'time']
['eleganttech', 202583374, 'impression', '8', 241359460L, datetime.datetime(2013, 5, 27, 4, 13, 52), 0.0180192238309526, False, 'time']
['eleganttech', 202583374, 'impression', '19', 241355049L, datetime.datetime(2013, 5, 27, 4, 13, 52), 0.114803069922087, False, 'time']
['eleganttech', 202583374, 'impression', '11', 241358528L, datetime.datetime(2013, 5, 27, 4, 13, 52), 0.0717437856649082, False, 'time']
['eleganttech', 202583374, 'impression', '14', 241358149L, datetime.datetime(2013, 5, 27, 4, 13, 52), 0.0311664698855581, False, 'time']
['eleganttech', 202583374, 'impression', '12', 241358437L, datetime.datetime(2013, 5, 27, 4, 13, 52), 0.023484768270204, False, 'time']
['eleganttech', 202583374, 'impression', '4', 241362977L, datetime.datetime(2013, 5, 27, 4, 13, 52), 0.0172068944753576, False, 'time']
['eleganttech', 202583374, 'impression', '16', 241357454L, datetime.datetime(2013, 5, 27, 4, 13, 52), 0.0425651684892072, False, 'time']
['eleganttech', 202583374, 'impression', '15', 241357769L, datetime.datetime(2013, 5, 27, 4, 13, 52), 0.0389501434536555, False, 'time']
['eleganttech', 202583374, 'impression', '20', 241354314L, datetime.datetime(2013, 5, 27, 4, 13, 52), 0.0354410721317685, False, 'time']
['eleganttech', 202583374, 'impression', '18', 241356123L, datetime.datetime(2013, 5, 27, 4, 13, 52), 0.0560572428076359, False, 'time']
['eleganttech', 202583374, 'impression', '2', 241363914L, datetime.datetime(2013, 5, 27, 4, 13, 52), 0.012623416631991, False, 'time']
['eleganttech', 202583374, 'impression', '9', 241359077L, datetime.datetime(2013, 5, 27, 4, 13, 52), 0.0317376996797789, False, 'time']
['eleganttech', 202583374, 'impression', '1', 241365021L, datetime.datetime(2013, 5, 27, 4, 13, 52), 0.0599488540558115, False, 'time']
['eleganttech', 202583374, 'impression', '13', 241358190L, datetime.datetime(2013, 5, 27, 4, 13, 52), 0.0224003396698761, False, 'time']
['eleganttech', 202583374, 'impression', '10', 241358636L, datetime.datetime(2013, 5, 27, 4, 13, 52), 0.0333455366248446, False, 'time']
['eleganttech', 202583374, 'impression', '17', 241357213L, datetime.datetime(2013, 5, 27, 4, 13, 52), 0.0295438389926706, False, 'time']
['eleganttech', 202583374, 'impression', '5', 241361301L, datetime.datetime(2013, 5, 27, 4, 13, 52), 0.0251208284766408, False, 'time']
['eleganttech', 202583374, 'impression', '7', 241359466L, datetime.datetime(2013, 5, 27, 4, 13, 52), 0.0509253314887899, False, 'time']
['eleganttech', 202583374, 'impression', '3', 241363112L, datetime.datetime(2013, 5, 27, 4, 13, 52), 0.0232745029366281, False, 'time']

['eleganttech', 202583374, 'impression', '19', 241359466L, datetime.datetime(2013, 5, 27, 10, 18, 7), 0.0509253314887899, False, 'time']
['eleganttech', 202583374, 'impression', '8', 241370992L, datetime.datetime(2013, 5, 27, 10, 18, 7), 0.0209523038702399, False, 'time']
['eleganttech', 202583374, 'impression', '15', 241363112L, datetime.datetime(2013, 5, 27, 10, 18, 7), 0.0232745029366281, False, 'time']
['eleganttech', 202583374, 'impression', '14', 241363914L, datetime.datetime(2013, 5, 27, 10, 18, 7), 0.012623416631991, False, 'time']
['eleganttech', 202583374, 'impression', '17', 241361301L, datetime.datetime(2013, 5, 27, 10, 18, 7), 0.0251208284766408, False, 'time']
['eleganttech', 202583374, 'impression', '10', 241366078L, datetime.datetime(2013, 5, 27, 10, 18, 7), 0.0428022826765046, False, 'time']
['eleganttech', 202583374, 'impression', '16', 241362977L, datetime.datetime(2013, 5, 27, 10, 18, 7), 0.0172068944753576, False, 'time']
['eleganttech', 202583374, 'impression', '4', 241387210L, datetime.datetime(2013, 5, 27, 10, 18, 7), 0.0680271829599186, False, 'time']
['eleganttech', 202583374, 'impression', '7', 241375894L, datetime.datetime(2013, 5, 27, 10, 18, 7), 0.0235859663758109, False, 'time']
['eleganttech', 202583374, 'impression', '2', 241389186L, datetime.datetime(2013, 5, 27, 10, 18, 7), 0.0382715165381323, False, 'time']
['eleganttech', 202583374, 'impression', '13', 241365021L, datetime.datetime(2013, 5, 27, 10, 18, 7), 0.0599488540558115, False, 'time']
['eleganttech', 202583374, 'impression', '5', 241384480L, datetime.datetime(2013, 5, 27, 10, 18, 7), 0.0322036189694911, False, 'time']
['eleganttech', 202583374, 'impression', '1', 241390448L, datetime.datetime(2013, 5, 27, 10, 18, 7), 0.00702921494856403, False, 'time']
['eleganttech', 202583374, 'impression', '3', 241387810L, datetime.datetime(2013, 5, 27, 10, 18, 7), 0.00982538726355297, False, 'time']
['eleganttech', 202583374, 'impression', '12', 241365148L, datetime.datetime(2013, 5, 27, 10, 18, 7), 0.0243501750529372, False, 'time']
['eleganttech', 202583374, 'impression', '11', 241365596L, datetime.datetime(2013, 5, 27, 10, 18, 7), 0.0308295041183754, False, 'time']
['eleganttech', 202583374, 'impression', '6', 241376355L, datetime.datetime(2013, 5, 27, 10, 18, 7), 0.0408373004558341, False, 'time']
['eleganttech', 202583374, 'impression', '9', 241370797L, datetime.datetime(2013, 5, 27, 10, 18, 7), 0.0103548316463376, False, 'time']
['eleganttech', 202583374, 'impression', '18', 241359492L, datetime.datetime(2013, 5, 27, 10, 18, 7), 0.0713626645261087, False, 'time']
['eleganttech', 202583374, 'impression', '20', 241359460L, datetime.datetime(2013, 5, 27, 10, 18, 7), 0.0180192238309526, False, 'time']
['eleganttech', 202583374, 'view_full_application_via_name', '3', 241387810L, datetime.datetime(2013, 5, 27, 10, 18, 19), 0.00982538726355297, False, 'time']
['eleganttech', 202583374, 'impression', '5', 241384480L, datetime.datetime(2013, 5, 27, 10, 18, 41), 0.0322036189694911, False, 'time']
['eleganttech', 202583374, 'impression', '2', 241389186L, datetime.datetime(2013, 5, 27, 10, 18, 41), 0.0382715165381323, False, 'time']
['eleganttech', 202583374, 'impression', '13', 241365021L, datetime.datetime(2013, 5, 27, 10, 18, 41), 0.0599488540558115, False, 'time']
['eleganttech', 202583374, 'impression', '7', 241375894L, datetime.datetime(2013, 5, 27, 10, 18, 41), 0.0235859663758109, False, 'time']
['eleganttech', 202583374, 'impression', '4', 241387210L, datetime.datetime(2013, 5, 27, 10, 18, 41), 0.0680271829599186, False, 'time']
['eleganttech', 202583374, 'impression', '6', 241376355L, datetime.datetime(2013, 5, 27, 10, 18, 41), 0.0408373004558341, False, 'time']
['eleganttech', 202583374, 'impression', '20', 241359460L, datetime.datetime(2013, 5, 27, 10, 18, 41), 0.0180192238309526, False, 'time']
['eleganttech', 202583374, 'impression', '9', 241370797L, datetime.datetime(2013, 5, 27, 10, 18, 41), 0.0103548316463376, False, 'time']
['eleganttech', 202583374, 'impression', '11', 241365596L, datetime.datetime(2013, 5, 27, 10, 18, 41), 0.0308295041183754, False, 'time']
['eleganttech', 202583374, 'impression', '18', 241359492L, datetime.datetime(2013, 5, 27, 10, 18, 41), 0.0713626645261087, False, 'time']
['eleganttech', 202583374, 'impression', '17', 241361301L, datetime.datetime(2013, 5, 27, 10, 18, 41), 0.0251208284766408, False, 'time']
['eleganttech', 202583374, 'impression', '10', 241366078L, datetime.datetime(2013, 5, 27, 10, 18, 41), 0.0428022826765046, False, 'time']
['eleganttech', 202583374, 'impression', '1', 241390448L, datetime.datetime(2013, 5, 27, 10, 18, 41), 0.00702921494856403, False, 'time']
['eleganttech', 202583374, 'impression', '12', 241365148L, datetime.datetime(2013, 5, 27, 10, 18, 41), 0.0243501750529372, False, 'time']
['eleganttech', 202583374, 'impression', '3', 241387810L, datetime.datetime(2013, 5, 27, 10, 18, 41), 0.00982538726355297, False, 'time']
['eleganttech', 202583374, 'impression', '8', 241370992L, datetime.datetime(2013, 5, 27, 10, 18, 41), 0.0209523038702399, False, 'time']
['eleganttech', 202583374, 'impression', '19', 241359466L, datetime.datetime(2013, 5, 27, 10, 18, 41), 0.0509253314887899, False, 'time']
['eleganttech', 202583374, 'impression', '15', 241363112L, datetime.datetime(2013, 5, 27, 10, 18, 41), 0.0232745029366281, False, 'time']
['eleganttech', 202583374, 'impression', '16', 241362977L, datetime.datetime(2013, 5, 27, 10, 18, 41), 0.0172068944753576, False, 'time']
['eleganttech', 202583374, 'impression', '14', 241363914L, datetime.datetime(2013, 5, 27, 10, 18, 41), 0.012623416631991, False, 'time']
['eleganttech', 202583374, 'expand_tile', '4', 241387210L, datetime.datetime(2013, 5, 27, 10, 18, 49), 0.0680271829599186, False, 'time']
['eleganttech', 202583374, 'collapse_tile', '4', 241387210L, datetime.datetime(2013, 5, 27, 10, 19), 0.0680271829599186, False, 'time']
['eleganttech', 202583374, 'view_full_application_via_name', '4', 241387210L, datetime.datetime(2013, 5, 27, 10, 19, 2), 0.0680271829599186, False, 'time']
['eleganttech', 202583374, 'impression', '1', 241390448L, datetime.datetime(2013, 5, 27, 10, 20, 26), 0.00702921494856403, False, 'time']
['eleganttech', 202583374, 'impression', '3', 241387810L, datetime.datetime(2013, 5, 27, 10, 20, 26), 0.00982538726355297, False, 'time']
['eleganttech', 202583374, 'impression', '12', 241365148L, datetime.datetime(2013, 5, 27, 10, 20, 26), 0.0243501750529372, False, 'time']
['eleganttech', 202583374, 'impression', '17', 241361301L, datetime.datetime(2013, 5, 27, 10, 20, 26), 0.0251208284766408, False, 'time']
['eleganttech', 202583374, 'impression', '10', 241366078L, datetime.datetime(2013, 5, 27, 10, 20, 26), 0.0428022826765046, False, 'time']
['eleganttech', 202583374, 'impression', '14', 241363914L, datetime.datetime(2013, 5, 27, 10, 20, 26), 0.012623416631991, False, 'time']
['eleganttech', 202583374, 'impression', '6', 241376355L, datetime.datetime(2013, 5, 27, 10, 20, 26), 0.0408373004558341, False, 'time']
['eleganttech', 202583374, 'impression', '9', 241370797L, datetime.datetime(2013, 5, 27, 10, 20, 26), 0.0103548316463376, False, 'time']
['eleganttech', 202583374, 'impression', '20', 241359460L, datetime.datetime(2013, 5, 27, 10, 20, 26), 0.0180192238309526, False, 'time']
['eleganttech', 202583374, 'impression', '18', 241359492L, datetime.datetime(2013, 5, 27, 10, 20, 26), 0.0713626645261087, False, 'time']
['eleganttech', 202583374, 'impression', '11', 241365596L, datetime.datetime(2013, 5, 27, 10, 20, 26), 0.0308295041183754, False, 'time']
['eleganttech', 202583374, 'impression', '16', 241362977L, datetime.datetime(2013, 5, 27, 10, 20, 26), 0.0172068944753576, False, 'time']
['eleganttech', 202583374, 'impression', '15', 241363112L, datetime.datetime(2013, 5, 27, 10, 20, 26), 0.0232745029366281, False, 'time']
['eleganttech', 202583374, 'impression', '8', 241370992L, datetime.datetime(2013, 5, 27, 10, 20, 26), 0.0209523038702399, False, 'time']
['eleganttech', 202583374, 'impression', '19', 241359466L, datetime.datetime(2013, 5, 27, 10, 20, 26), 0.0509253314887899, False, 'time']
['eleganttech', 202583374, 'impression', '4', 241387210L, datetime.datetime(2013, 5, 27, 10, 20, 26), 0.0680271829599186, False, 'time']
['eleganttech', 202583374, 'impression', '5', 241384480L, datetime.datetime(2013, 5, 27, 10, 20, 26), 0.0322036189694911, False, 'time']
['eleganttech', 202583374, 'impression', '13', 241365021L, datetime.datetime(2013, 5, 27, 10, 20, 26), 0.0599488540558115, False, 'time']
['eleganttech', 202583374, 'impression', '2', 241389186L, datetime.datetime(2013, 5, 27, 10, 20, 26), 0.0382715165381323, False, 'time']
['eleganttech', 202583374, 'impression', '7', 241375894L, datetime.datetime(2013, 5, 27, 10, 20, 26), 0.0235859663758109, False, 'time']
['eleganttech', 202583374, 'shortlist', '4', 241387210L, datetime.datetime(2013, 5, 27, 10, 20, 28), 0.0680271829599186, False, 'time']

['eleganttech', 202583374, 'impression', '12', 241405457L, datetime.datetime(2013, 5, 27, 18, 11, 50), 0.0179948003992695, False, 'time']
['eleganttech', 202583374, 'impression', '5', 241411327L, datetime.datetime(2013, 5, 27, 18, 11, 50), 0.0379302259160594, False, 'time']
['eleganttech', 202583374, 'impression', '7', 241410456L, datetime.datetime(2013, 5, 27, 18, 11, 50), 0.102495596500645, False, 'time']
['eleganttech', 202583374, 'impression', '16', 241403481L, datetime.datetime(2013, 5, 27, 18, 11, 50), 0.0736900039702736, False, 'time']
['eleganttech', 202583374, 'impression', '8', 241410372L, datetime.datetime(2013, 5, 27, 18, 11, 50), 0.0201435740013493, False, 'time']
['eleganttech', 202583374, 'impression', '11', 241405685L, datetime.datetime(2013, 5, 27, 18, 11, 50), 0.0168078912334164, False, 'time']
['eleganttech', 202583374, 'impression', '2', 241417536L, datetime.datetime(2013, 5, 27, 18, 11, 50), 0.024415578928481, False, 'time']
['eleganttech', 202583374, 'impression', '1', 241421592L, datetime.datetime(2013, 5, 27, 18, 11, 50), 0.0336052959660126, False, 'time']
['eleganttech', 202583374, 'impression', '3', 241417513L, datetime.datetime(2013, 5, 27, 18, 11, 50), 0.0117462970028217, False, 'time']
['eleganttech', 202583374, 'impression', '10', 241405791L, datetime.datetime(2013, 5, 27, 18, 11, 50), 0.0746269202572761, False, 'time']
['eleganttech', 202583374, 'impression', '9', 241406623L, datetime.datetime(2013, 5, 27, 18, 11, 50), 0.0441292507456569, False, 'time']
['eleganttech', 202583374, 'impression', '19', 241398166L, datetime.datetime(2013, 5, 27, 18, 11, 50), 0.0122176133581767, False, 'time']
['eleganttech', 202583374, 'impression', '13', 241404804L, datetime.datetime(2013, 5, 27, 18, 11, 50), 0.0795510589382679, False, 'time']
['eleganttech', 202583374, 'impression', '20', 241398114L, datetime.datetime(2013, 5, 27, 18, 11, 50), 0.0164459395551218, False, 'time']
['eleganttech', 202583374, 'impression', '15', 241403487L, datetime.datetime(2013, 5, 27, 18, 11, 50), 0.0169455244168559, False, 'time']
['eleganttech', 202583374, 'impression', '17', 241403174L, datetime.datetime(2013, 5, 27, 18, 11, 50), 0.0405878251844968, False, 'time']
['eleganttech', 202583374, 'impression', '6', 241410790L, datetime.datetime(2013, 5, 27, 18, 11, 50), 0.0257602663751441, False, 'time']
['eleganttech', 202583374, 'impression', '14', 241404614L, datetime.datetime(2013, 5, 27, 18, 11, 50), 0.0406658092261093, False, 'time']
['eleganttech', 202583374, 'impression', '18', 241401303L, datetime.datetime(2013, 5, 27, 18, 11, 50), 0.0227503871631514, False, 'time']
['eleganttech', 202583374, 'impression', '4', 241413662L, datetime.datetime(2013, 5, 27, 18, 11, 50), 0.00294220603147259, False, 'time']
['eleganttech', 202583374, 'view_full_application_via_name', '4', 241413662L, datetime.datetime(2013, 5, 27, 18, 12, 1), 0.00294220603147259, False, 'time']
['eleganttech', 202583374, 'impression', '20', 241398114L, datetime.datetime(2013, 5, 27, 18, 14, 52), 0.0164459395551218, False, 'time']
['eleganttech', 202583374, 'impression', '15', 241403487L, datetime.datetime(2013, 5, 27, 18, 14, 52), 0.0169455244168559, False, 'time']
['eleganttech', 202583374, 'impression', '17', 241403174L, datetime.datetime(2013, 5, 27, 18, 14, 52), 0.0405878251844968, False, 'time']
['eleganttech', 202583374, 'impression', '14', 241404614L, datetime.datetime(2013, 5, 27, 18, 14, 52), 0.0406658092261093, False, 'time']
['eleganttech', 202583374, 'impression', '6', 241410790L, datetime.datetime(2013, 5, 27, 18, 14, 52), 0.0257602663751441, False, 'time']
['eleganttech', 202583374, 'impression', '19', 241398166L, datetime.datetime(2013, 5, 27, 18, 14, 52), 0.0122176133581767, False, 'time']
['eleganttech', 202583374, 'impression', '9', 241406623L, datetime.datetime(2013, 5, 27, 18, 14, 52), 0.0441292507456569, False, 'time']
['eleganttech', 202583374, 'impression', '13', 241404804L, datetime.datetime(2013, 5, 27, 18, 14, 52), 0.0795510589382679, False, 'time']
['eleganttech', 202583374, 'impression', '10', 241405791L, datetime.datetime(2013, 5, 27, 18, 14, 52), 0.0746269202572761, False, 'time']
['eleganttech', 202583374, 'impression', '3', 241417513L, datetime.datetime(2013, 5, 27, 18, 14, 52), 0.0117462970028217, False, 'time']
['eleganttech', 202583374, 'impression', '12', 241405457L, datetime.datetime(2013, 5, 27, 18, 14, 52), 0.0179948003992695, False, 'time']
['eleganttech', 202583374, 'impression', '7', 241410456L, datetime.datetime(2013, 5, 27, 18, 14, 52), 0.102495596500645, False, 'time']
['eleganttech', 202583374, 'impression', '5', 241411327L, datetime.datetime(2013, 5, 27, 18, 14, 52), 0.0379302259160594, False, 'time']
['eleganttech', 202583374, 'impression', '16', 241403481L, datetime.datetime(2013, 5, 27, 18, 14, 52), 0.0736900039702736, False, 'time']
['eleganttech', 202583374, 'impression', '1', 241421592L, datetime.datetime(2013, 5, 27, 18, 14, 52), 0.0336052959660126, False, 'time']
['eleganttech', 202583374, 'impression', '8', 241410372L, datetime.datetime(2013, 5, 27, 18, 14, 52), 0.0201435740013493, False, 'time']
['eleganttech', 202583374, 'impression', '11', 241405685L, datetime.datetime(2013, 5, 27, 18, 14, 52), 0.0168078912334164, False, 'time']
['eleganttech', 202583374, 'impression', '2', 241417536L, datetime.datetime(2013, 5, 27, 18, 14, 52), 0.024415578928481, False, 'time']
['eleganttech', 202583374, 'impression', '4', 241413662L, datetime.datetime(2013, 5, 27, 18, 14, 52), 0.00294220603147259, False, 'time']
['eleganttech', 202583374, 'impression', '18', 241401303L, datetime.datetime(2013, 5, 27, 18, 14, 52), 0.0227503871631514, False, 'time']

['eleganttech', 202583374, 'impression', '10', 241479996L, datetime.datetime(2013, 5, 29, 2, 33, 17), 0.0641110126842613, False, 'time']
['eleganttech', 202583374, 'impression', '3', 241503693L, datetime.datetime(2013, 5, 29, 2, 33, 17), 0.0154228220914548, False, 'time']
['eleganttech', 202583374, 'impression', '5', 241489502L, datetime.datetime(2013, 5, 29, 2, 33, 17), 0.0289220034247439, False, 'time']
['eleganttech', 202583374, 'impression', '1', 241513103L, datetime.datetime(2013, 5, 29, 2, 33, 17), 0.0190887837509179, False, 'time']
['eleganttech', 202583374, 'impression', '11', 241474708L, datetime.datetime(2013, 5, 29, 2, 33, 17), 0.0454921060835521, False, 'time']
['eleganttech', 202583374, 'impression', '17', 241444741L, datetime.datetime(2013, 5, 29, 2, 33, 17), 0.0175190895490309, False, 'time']
['eleganttech', 202583374, 'impression', '8', 241485741L, datetime.datetime(2013, 5, 29, 2, 33, 17), 0.0218974372562641, False, 'time']
['eleganttech', 202583374, 'impression', '16', 241451327L, datetime.datetime(2013, 5, 29, 2, 33, 17), 0.0383450906031147, False, 'time']
['eleganttech', 202583374, 'impression', '12', 241458611L, datetime.datetime(2013, 5, 29, 2, 33, 17), 0.0289476386870237, False, 'time']
['eleganttech', 202583374, 'impression', '18', 241444669L, datetime.datetime(2013, 5, 29, 2, 33, 17), 0.0358045824528788, False, 'time']
['eleganttech', 202583374, 'impression', '4', 241501582L, datetime.datetime(2013, 5, 29, 2, 33, 17), 0.0326398051265976, False, 'time']
['eleganttech', 202583374, 'impression', '15', 241452707L, datetime.datetime(2013, 5, 29, 2, 33, 17), 0.0387597645086995, False, 'time']
['eleganttech', 202583374, 'impression', '6', 241487306L, datetime.datetime(2013, 5, 29, 2, 33, 17), 0.0212177093755825, False, 'time']
['eleganttech', 202583374, 'impression', '20', 241437271L, datetime.datetime(2013, 5, 29, 2, 33, 17), 0.0572316013214588, False, 'time']
['eleganttech', 202583374, 'impression', '2', 241511644L, datetime.datetime(2013, 5, 29, 2, 33, 17), 0.0604900839335667, False, 'time']
['eleganttech', 202583374, 'impression', '7', 241486752L, datetime.datetime(2013, 5, 29, 2, 33, 17), 0.0357231931326456, False, 'time']
['eleganttech', 202583374, 'impression', '19', 241437849L, datetime.datetime(2013, 5, 29, 2, 33, 17), 0.0242897594774714, False, 'time']
['eleganttech', 202583374, 'impression', '13', 241453561L, datetime.datetime(2013, 5, 29, 2, 33, 17), 0.0248788607551788, False, 'time']
['eleganttech', 202583374, 'impression', '14', 241453365L, datetime.datetime(2013, 5, 29, 2, 33, 17), 0.0670440343674994, False, 'time']
['eleganttech', 202583374, 'impression', '9', 241484045L, datetime.datetime(2013, 5, 29, 2, 33, 17), 0.0285170892120051, False, 'time']
['eleganttech', 202583374, 'view_full_application_via_name', '1', 241513103L, datetime.datetime(2013, 5, 29, 2, 33, 24), 0.0190887837509179, False, 'time']
['eleganttech', 202583374, 'impression', '2', 241511644L, datetime.datetime(2013, 5, 29, 2, 34, 17), 0.0604900839335667, False, 'time']
['eleganttech', 202583374, 'impression', '6', 241487306L, datetime.datetime(2013, 5, 29, 2, 34, 17), 0.0212177093755825, False, 'time']
['eleganttech', 202583374, 'impression', '20', 241437271L, datetime.datetime(2013, 5, 29, 2, 34, 17), 0.0572316013214588, False, 'time']
['eleganttech', 202583374, 'impression', '15', 241452707L, datetime.datetime(2013, 5, 29, 2, 34, 17), 0.0387597645086995, False, 'time']
['eleganttech', 202583374, 'impression', '9', 241484045L, datetime.datetime(2013, 5, 29, 2, 34, 17), 0.0285170892120051, False, 'time']
['eleganttech', 202583374, 'impression', '14', 241453365L, datetime.datetime(2013, 5, 29, 2, 34, 17), 0.0670440343674994, False, 'time']
['eleganttech', 202583374, 'impression', '11', 241474708L, datetime.datetime(2013, 5, 29, 2, 34, 17), 0.0454921060835521, False, 'time']
['eleganttech', 202583374, 'impression', '5', 241489502L, datetime.datetime(2013, 5, 29, 2, 34, 17), 0.0289220034247439, False, 'time']
['eleganttech', 202583374, 'impression', '1', 241513103L, datetime.datetime(2013, 5, 29, 2, 34, 17), 0.0190887837509179, False, 'time']
['eleganttech', 202583374, 'impression', '13', 241453561L, datetime.datetime(2013, 5, 29, 2, 34, 17), 0.0248788607551788, False, 'time']
['eleganttech', 202583374, 'impression', '8', 241485741L, datetime.datetime(2013, 5, 29, 2, 34, 17), 0.0218974372562641, False, 'time']
['eleganttech', 202583374, 'impression', '17', 241444741L, datetime.datetime(2013, 5, 29, 2, 34, 17), 0.0175190895490309, False, 'time']
['eleganttech', 202583374, 'impression', '12', 241458611L, datetime.datetime(2013, 5, 29, 2, 34, 17), 0.0289476386870237, False, 'time']
['eleganttech', 202583374, 'impression', '4', 241501582L, datetime.datetime(2013, 5, 29, 2, 34, 17), 0.0326398051265976, False, 'time']
['eleganttech', 202583374, 'impression', '18', 241444669L, datetime.datetime(2013, 5, 29, 2, 34, 17), 0.0358045824528788, False, 'time']
['eleganttech', 202583374, 'impression', '16', 241451327L, datetime.datetime(2013, 5, 29, 2, 34, 17), 0.0383450906031147, False, 'time']
['eleganttech', 202583374, 'impression', '3', 241503693L, datetime.datetime(2013, 5, 29, 2, 34, 17), 0.0154228220914548, False, 'time']
['eleganttech', 202583374, 'impression', '10', 241479996L, datetime.datetime(2013, 5, 29, 2, 34, 17), 0.0641110126842613, False, 'time']
['eleganttech', 202583374, 'impression', '7', 241486752L, datetime.datetime(2013, 5, 29, 2, 34, 17), 0.0357231931326456, False, 'time']
['eleganttech', 202583374, 'impression', '19', 241437849L, datetime.datetime(2013, 5, 29, 2, 34, 17), 0.0242897594774714, False, 'time']
['eleganttech', 202583374, 'view_full_application_via_name', '6', 241487306L, datetime.datetime(2013, 5, 29, 2, 34, 38), 0.0212177093755825, False, 'time']
['eleganttech', 202583374, 'impression', '10', 241479996L, datetime.datetime(2013, 5, 29, 2, 35, 2), 0.0641110126842613, False, 'time']
['eleganttech', 202583374, 'impression', '3', 241503693L, datetime.datetime(2013, 5, 29, 2, 35, 2), 0.0154228220914548, False, 'time']
['eleganttech', 202583374, 'impression', '14', 241453365L, datetime.datetime(2013, 5, 29, 2, 35, 2), 0.0670440343674994, False, 'time']
['eleganttech', 202583374, 'impression', '9', 241484045L, datetime.datetime(2013, 5, 29, 2, 35, 2), 0.0285170892120051, False, 'time']
['eleganttech', 202583374, 'impression', '2', 241511644L, datetime.datetime(2013, 5, 29, 2, 35, 2), 0.0604900839335667, False, 'time']
['eleganttech', 202583374, 'impression', '20', 241437271L, datetime.datetime(2013, 5, 29, 2, 35, 2), 0.0572316013214588, False, 'time']
['eleganttech', 202583374, 'impression', '6', 241487306L, datetime.datetime(2013, 5, 29, 2, 35, 2), 0.0212177093755825, False, 'time']
['eleganttech', 202583374, 'impression', '15', 241452707L, datetime.datetime(2013, 5, 29, 2, 35, 2), 0.0387597645086995, False, 'time']
['eleganttech', 202583374, 'impression', '19', 241437849L, datetime.datetime(2013, 5, 29, 2, 35, 2), 0.0242897594774714, False, 'time']
['eleganttech', 202583374, 'impression', '7', 241486752L, datetime.datetime(2013, 5, 29, 2, 35, 2), 0.0357231931326456, False, 'time']
['eleganttech', 202583374, 'impression', '11', 241474708L, datetime.datetime(2013, 5, 29, 2, 35, 2), 0.0454921060835521, False, 'time']
['eleganttech', 202583374, 'impression', '5', 241489502L, datetime.datetime(2013, 5, 29, 2, 35, 2), 0.0289220034247439, False, 'time']
['eleganttech', 202583374, 'impression', '1', 241513103L, datetime.datetime(2013, 5, 29, 2, 35, 2), 0.0190887837509179, False, 'time']
['eleganttech', 202583374, 'impression', '13', 241453561L, datetime.datetime(2013, 5, 29, 2, 35, 2), 0.0248788607551788, False, 'time']
['eleganttech', 202583374, 'impression', '8', 241485741L, datetime.datetime(2013, 5, 29, 2, 35, 2), 0.0218974372562641, False, 'time']
['eleganttech', 202583374, 'impression', '4', 241501582L, datetime.datetime(2013, 5, 29, 2, 35, 2), 0.0326398051265976, False, 'time']
['eleganttech', 202583374, 'impression', '18', 241444669L, datetime.datetime(2013, 5, 29, 2, 35, 2), 0.0358045824528788, False, 'time']
['eleganttech', 202583374, 'impression', '12', 241458611L, datetime.datetime(2013, 5, 29, 2, 35, 2), 0.0289476386870237, False, 'time']
['eleganttech', 202583374, 'impression', '17', 241444741L, datetime.datetime(2013, 5, 29, 2, 35, 2), 0.0175190895490309, False, 'time']
['eleganttech', 202583374, 'impression', '16', 241451327L, datetime.datetime(2013, 5, 29, 2, 35, 2), 0.0383450906031147, False, 'time']

['eleganttech', 202583374, 'impression', '9', 241484045L, datetime.datetime(2013, 5, 29, 3, 19, 19), 0.0285170892120051, False, 'time']
['eleganttech', 202583374, 'impression', '14', 241453365L, datetime.datetime(2013, 5, 29, 3, 19, 19), 0.0670440343674994, False, 'time']
['eleganttech', 202583374, 'impression', '3', 241503693L, datetime.datetime(2013, 5, 29, 3, 19, 19), 0.0154228220914548, False, 'time']
['eleganttech', 202583374, 'impression', '10', 241479996L, datetime.datetime(2013, 5, 29, 3, 19, 19), 0.0641110126842613, False, 'time']
['eleganttech', 202583374, 'impression', '7', 241486752L, datetime.datetime(2013, 5, 29, 3, 19, 19), 0.0357231931326456, False, 'time']
['eleganttech', 202583374, 'impression', '19', 241437849L, datetime.datetime(2013, 5, 29, 3, 19, 19), 0.0242897594774714, False, 'time']
['eleganttech', 202583374, 'impression', '8', 241485741L, datetime.datetime(2013, 5, 29, 3, 19, 19), 0.0218974372562641, False, 'time']
['eleganttech', 202583374, 'impression', '12', 241458611L, datetime.datetime(2013, 5, 29, 3, 19, 19), 0.0289476386870237, False, 'time']
['eleganttech', 202583374, 'impression', '17', 241444741L, datetime.datetime(2013, 5, 29, 3, 19, 19), 0.0175190895490309, False, 'time']
['eleganttech', 202583374, 'impression', '18', 241444669L, datetime.datetime(2013, 5, 29, 3, 19, 19), 0.0358045824528788, False, 'time']
['eleganttech', 202583374, 'impression', '16', 241451327L, datetime.datetime(2013, 5, 29, 3, 19, 19), 0.0383450906031147, False, 'time']
['eleganttech', 202583374, 'impression', '4', 241501582L, datetime.datetime(2013, 5, 29, 3, 19, 19), 0.0326398051265976, False, 'time']
['eleganttech', 202583374, 'impression', '20', 241437271L, datetime.datetime(2013, 5, 29, 3, 19, 19), 0.0572316013214588, False, 'time']
['eleganttech', 202583374, 'impression', '15', 241452707L, datetime.datetime(2013, 5, 29, 3, 19, 19), 0.0387597645086995, False, 'time']
['eleganttech', 202583374, 'impression', '2', 241511644L, datetime.datetime(2013, 5, 29, 3, 19, 19), 0.0604900839335667, False, 'time']
['eleganttech', 202583374, 'impression', '6', 241487306L, datetime.datetime(2013, 5, 29, 3, 19, 19), 0.0212177093755825, False, 'time']
['eleganttech', 202583374, 'impression', '13', 241453561L, datetime.datetime(2013, 5, 29, 3, 19, 19), 0.0248788607551788, False, 'time']
['eleganttech', 202583374, 'impression', '5', 241489502L, datetime.datetime(2013, 5, 29, 3, 19, 19), 0.0289220034247439, False, 'time']
['eleganttech', 202583374, 'impression', '1', 241513103L, datetime.datetime(2013, 5, 29, 3, 19, 19), 0.0190887837509179, False, 'time']
['eleganttech', 202583374, 'impression', '11', 241474708L, datetime.datetime(2013, 5, 29, 3, 19, 19), 0.0454921060835521, False, 'time']
['eleganttech', 202583374, 'impression', '1', 241513103L, datetime.datetime(2013, 5, 29, 3, 19, 20), 0.0190887837509179, False, 'time']

['eleganttech', 202583374, 'impression', '17', 241458611L, datetime.datetime(2013, 5, 29, 17, 26, 53), 0.0289476386870237, False, 'time']
['eleganttech', 202583374, 'impression', '9', 241501582L, datetime.datetime(2013, 5, 29, 17, 26, 53), 0.0326398051265976, False, 'time']
['eleganttech', 202583374, 'impression', '2', 241587461L, datetime.datetime(2013, 5, 29, 17, 26, 53), 0.0276278030523326, False, 'time']
['eleganttech', 202583374, 'impression', '13', 241485741L, datetime.datetime(2013, 5, 29, 17, 26, 53), 0.0218974372562641, False, 'time']
['eleganttech', 202583374, 'impression', '1', 241602458L, datetime.datetime(2013, 5, 29, 17, 26, 53), 0.03997362952374, False, 'time']
['eleganttech', 202583374, 'impression', '12', 241486752L, datetime.datetime(2013, 5, 29, 17, 26, 53), 0.0357231931326456, False, 'time']
['eleganttech', 202583374, 'impression', '19', 241453365L, datetime.datetime(2013, 5, 29, 17, 26, 53), 0.0670440343674994, False, 'time']
['eleganttech', 202583374, 'impression', '14', 241484045L, datetime.datetime(2013, 5, 29, 17, 26, 53), 0.0285170892120051, False, 'time']
['eleganttech', 202583374, 'impression', '18', 241453561L, datetime.datetime(2013, 5, 29, 17, 26, 53), 0.0248788607551788, False, 'time']
['eleganttech', 202583374, 'impression', '11', 241487306L, datetime.datetime(2013, 5, 29, 17, 26, 53), 0.0212177093755825, False, 'time']
['eleganttech', 202583374, 'impression', '7', 241511644L, datetime.datetime(2013, 5, 29, 17, 26, 53), 0.0604900839335667, False, 'time']
['eleganttech', 202583374, 'impression', '4', 241583604L, datetime.datetime(2013, 5, 29, 17, 26, 53), 0.0332213113082349, False, 'time']
['eleganttech', 202583374, 'impression', '20', 241452707L, datetime.datetime(2013, 5, 29, 17, 26, 53), 0.0387597645086995, False, 'time']
['eleganttech', 202583374, 'impression', '6', 241513103L, datetime.datetime(2013, 5, 29, 17, 26, 53), 0.0190887837509179, False, 'time']
['eleganttech', 202583374, 'impression', '10', 241489502L, datetime.datetime(2013, 5, 29, 17, 26, 53), 0.0289220034247439, False, 'time']
['eleganttech', 202583374, 'impression', '16', 241474708L, datetime.datetime(2013, 5, 29, 17, 26, 53), 0.0454921060835521, False, 'time']
['eleganttech', 202583374, 'impression', '5', 241566660L, datetime.datetime(2013, 5, 29, 17, 26, 53), 0.0124382202517999, False, 'time']
['eleganttech', 202583374, 'impression', '8', 241503693L, datetime.datetime(2013, 5, 29, 17, 26, 53), 0.0154228220914548, False, 'time']
['eleganttech', 202583374, 'impression', '15', 241479996L, datetime.datetime(2013, 5, 29, 17, 26, 53), 0.0641110126842613, False, 'time']
['eleganttech', 202583374, 'impression', '3', 241587225L, datetime.datetime(2013, 5, 29, 17, 26, 53), 0.008177048202323, False, 'time']
['eleganttech', 202583374, 'view_full_application_via_name', '6', 241513103L, datetime.datetime(2013, 5, 29, 17, 27, 6), 0.0190887837509179, False, 'time']
['eleganttech', 202583374, 'impression', '19', 241453365L, datetime.datetime(2013, 5, 29, 17, 27, 36), 0.0670440343674994, False, 'time']
['eleganttech', 202583374, 'impression', '14', 241484045L, datetime.datetime(2013, 5, 29, 17, 27, 36), 0.0285170892120051, False, 'time']
['eleganttech', 202583374, 'impression', '4', 241583604L, datetime.datetime(2013, 5, 29, 17, 27, 36), 0.0332213113082349, False, 'time']
['eleganttech', 202583374, 'impression', '11', 241487306L, datetime.datetime(2013, 5, 29, 17, 27, 36), 0.0212177093755825, False, 'time']
['eleganttech', 202583374, 'impression', '7', 241511644L, datetime.datetime(2013, 5, 29, 17, 27, 36), 0.0604900839335667, False, 'time']
['eleganttech', 202583374, 'impression', '20', 241452707L, datetime.datetime(2013, 5, 29, 17, 27, 36), 0.0387597645086995, False, 'time']
['eleganttech', 202583374, 'impression', '5', 241566660L, datetime.datetime(2013, 5, 29, 17, 27, 36), 0.0124382202517999, False, 'time']
['eleganttech', 202583374, 'impression', '10', 241489502L, datetime.datetime(2013, 5, 29, 17, 27, 36), 0.0289220034247439, False, 'time']
['eleganttech', 202583374, 'impression', '6', 241513103L, datetime.datetime(2013, 5, 29, 17, 27, 36), 0.0190887837509179, False, 'time']
['eleganttech', 202583374, 'impression', '16', 241474708L, datetime.datetime(2013, 5, 29, 17, 27, 36), 0.0454921060835521, False, 'time']
['eleganttech', 202583374, 'impression', '18', 241453561L, datetime.datetime(2013, 5, 29, 17, 27, 36), 0.0248788607551788, False, 'time']
['eleganttech', 202583374, 'impression', '13', 241485741L, datetime.datetime(2013, 5, 29, 17, 27, 36), 0.0218974372562641, False, 'time']
['eleganttech', 202583374, 'impression', '2', 241587461L, datetime.datetime(2013, 5, 29, 17, 27, 36), 0.0276278030523326, False, 'time']
['eleganttech', 202583374, 'impression', '17', 241458611L, datetime.datetime(2013, 5, 29, 17, 27, 36), 0.0289476386870237, False, 'time']
['eleganttech', 202583374, 'impression', '9', 241501582L, datetime.datetime(2013, 5, 29, 17, 27, 36), 0.0326398051265976, False, 'time']
['eleganttech', 202583374, 'impression', '3', 241587225L, datetime.datetime(2013, 5, 29, 17, 27, 36), 0.008177048202323, False, 'time']
['eleganttech', 202583374, 'impression', '15', 241479996L, datetime.datetime(2013, 5, 29, 17, 27, 36), 0.0641110126842613, False, 'time']
['eleganttech', 202583374, 'impression', '8', 241503693L, datetime.datetime(2013, 5, 29, 17, 27, 36), 0.0154228220914548, False, 'time']
['eleganttech', 202583374, 'impression', '1', 241602458L, datetime.datetime(2013, 5, 29, 17, 27, 36), 0.03997362952374, False, 'time']
['eleganttech', 202583374, 'impression', '12', 241486752L, datetime.datetime(2013, 5, 29, 17, 27, 36), 0.0357231931326456, False, 'time']

['eleganttech', 202583374, 'impression', '12', 241487306L, datetime.datetime(2013, 5, 29, 19, 19, 45), 0.0212177093755825, False, 'time']
['eleganttech', 202583374, 'impression', '8', 241511644L, datetime.datetime(2013, 5, 29, 19, 19, 45), 0.0604900839335667, False, 'time']
['eleganttech', 202583374, 'impression', '5', 241583604L, datetime.datetime(2013, 5, 29, 19, 19, 45), 0.0332213113082349, False, 'time']
['eleganttech', 202583374, 'impression', '19', 241453561L, datetime.datetime(2013, 5, 29, 19, 19, 45), 0.0248788607551788, False, 'time']
['eleganttech', 202583374, 'impression', '10', 241501582L, datetime.datetime(2013, 5, 29, 19, 19, 45), 0.0326398051265976, False, 'time']
['eleganttech', 202583374, 'impression', '18', 241458611L, datetime.datetime(2013, 5, 29, 19, 19, 45), 0.0289476386870237, False, 'time']
['eleganttech', 202583374, 'impression', '14', 241485741L, datetime.datetime(2013, 5, 29, 19, 19, 45), 0.0218974372562641, False, 'time']
['eleganttech', 202583374, 'impression', '3', 241587461L, datetime.datetime(2013, 5, 29, 19, 19, 45), 0.0276278030523326, False, 'time']
['eleganttech', 202583374, 'impression', '6', 241566660L, datetime.datetime(2013, 5, 29, 19, 19, 45), 0.0124382202517999, False, 'time']
['eleganttech', 202583374, 'impression', '2', 241602458L, datetime.datetime(2013, 5, 29, 19, 19, 45), 0.03997362952374, False, 'time']
['eleganttech', 202583374, 'impression', '13', 241486752L, datetime.datetime(2013, 5, 29, 19, 19, 45), 0.0357231931326456, False, 'time']
['eleganttech', 202583374, 'impression', '7', 241513103L, datetime.datetime(2013, 5, 29, 19, 19, 45), 0.0190887837509179, False, 'time']
['eleganttech', 202583374, 'impression', '11', 241489502L, datetime.datetime(2013, 5, 29, 19, 19, 45), 0.0289220034247439, False, 'time']
['eleganttech', 202583374, 'impression', '17', 241474708L, datetime.datetime(2013, 5, 29, 19, 19, 45), 0.0454921060835521, False, 'time']
['eleganttech', 202583374, 'impression', '1', 241607368L, datetime.datetime(2013, 5, 29, 19, 19, 45), 0.0171420294543641, False, 'time']
['eleganttech', 202583374, 'impression', '15', 241484045L, datetime.datetime(2013, 5, 29, 19, 19, 45), 0.0285170892120051, False, 'time']
['eleganttech', 202583374, 'impression', '20', 241453365L, datetime.datetime(2013, 5, 29, 19, 19, 45), 0.0670440343674994, False, 'time']
['eleganttech', 202583374, 'impression', '9', 241503693L, datetime.datetime(2013, 5, 29, 19, 19, 45), 0.0154228220914548, False, 'time']
['eleganttech', 202583374, 'impression', '16', 241479996L, datetime.datetime(2013, 5, 29, 19, 19, 45), 0.0641110126842613, False, 'time']
['eleganttech', 202583374, 'impression', '4', 241587225L, datetime.datetime(2013, 5, 29, 19, 19, 45), 0.008177048202323, False, 'time']

['eleganttech', 202583374, 'impression', '11', 241489502L, datetime.datetime(2013, 5, 29, 21, 53, 29), 0.0289220034247439, False, 'time']
['eleganttech', 202583374, 'impression', '1', 241607368L, datetime.datetime(2013, 5, 29, 21, 53, 29), 0.0171420294543641, False, 'time']
['eleganttech', 202583374, 'impression', '7', 241513103L, datetime.datetime(2013, 5, 29, 21, 53, 29), 0.0190887837509179, False, 'time']
['eleganttech', 202583374, 'impression', '17', 241474708L, datetime.datetime(2013, 5, 29, 21, 53, 29), 0.0454921060835521, False, 'time']
['eleganttech', 202583374, 'impression', '9', 241503693L, datetime.datetime(2013, 5, 29, 21, 53, 29), 0.0154228220914548, False, 'time']
['eleganttech', 202583374, 'impression', '4', 241587225L, datetime.datetime(2013, 5, 29, 21, 53, 29), 0.008177048202323, False, 'time']
['eleganttech', 202583374, 'impression', '16', 241479996L, datetime.datetime(2013, 5, 29, 21, 53, 29), 0.0641110126842613, False, 'time']
['eleganttech', 202583374, 'impression', '6', 241566660L, datetime.datetime(2013, 5, 29, 21, 53, 29), 0.0124382202517999, False, 'time']
['eleganttech', 202583374, 'impression', '2', 241602458L, datetime.datetime(2013, 5, 29, 21, 53, 29), 0.03997362952374, False, 'time']
['eleganttech', 202583374, 'impression', '13', 241486752L, datetime.datetime(2013, 5, 29, 21, 53, 29), 0.0357231931326456, False, 'time']
['eleganttech', 202583374, 'impression', '8', 241511644L, datetime.datetime(2013, 5, 29, 21, 53, 29), 0.0604900839335667, False, 'time']
['eleganttech', 202583374, 'impression', '12', 241487306L, datetime.datetime(2013, 5, 29, 21, 53, 29), 0.0212177093755825, False, 'time']
['eleganttech', 202583374, 'impression', '5', 241583604L, datetime.datetime(2013, 5, 29, 21, 53, 29), 0.0332213113082349, False, 'time']
['eleganttech', 202583374, 'impression', '19', 241453561L, datetime.datetime(2013, 5, 29, 21, 53, 29), 0.0248788607551788, False, 'time']
['eleganttech', 202583374, 'impression', '20', 241453365L, datetime.datetime(2013, 5, 29, 21, 53, 29), 0.0670440343674994, False, 'time']
['eleganttech', 202583374, 'impression', '15', 241484045L, datetime.datetime(2013, 5, 29, 21, 53, 29), 0.0285170892120051, False, 'time']
['eleganttech', 202583374, 'impression', '14', 241485741L, datetime.datetime(2013, 5, 29, 21, 53, 29), 0.0218974372562641, False, 'time']
['eleganttech', 202583374, 'impression', '10', 241501582L, datetime.datetime(2013, 5, 29, 21, 53, 29), 0.0326398051265976, False, 'time']
['eleganttech', 202583374, 'impression', '18', 241458611L, datetime.datetime(2013, 5, 29, 21, 53, 29), 0.0289476386870237, False, 'time']
['eleganttech', 202583374, 'impression', '3', 241587461L, datetime.datetime(2013, 5, 29, 21, 53, 29), 0.0276278030523326, False, 'time']

['eleganttech', 202583374, 'impression', '7', 241513103L, datetime.datetime(2013, 5, 29, 22, 30, 5), 0.0190887837509179, False, 'time']
['eleganttech', 202583374, 'impression', '11', 241489502L, datetime.datetime(2013, 5, 29, 22, 30, 5), 0.0289220034247439, False, 'time']
['eleganttech', 202583374, 'impression', '17', 241474708L, datetime.datetime(2013, 5, 29, 22, 30, 5), 0.0454921060835521, False, 'time']
['eleganttech', 202583374, 'impression', '1', 241607368L, datetime.datetime(2013, 5, 29, 22, 30, 5), 0.0171420294543641, False, 'time']
['eleganttech', 202583374, 'impression', '19', 241453561L, datetime.datetime(2013, 5, 29, 22, 30, 5), 0.0248788607551788, False, 'time']
['eleganttech', 202583374, 'impression', '14', 241485741L, datetime.datetime(2013, 5, 29, 22, 30, 5), 0.0218974372562641, False, 'time']
['eleganttech', 202583374, 'impression', '18', 241458611L, datetime.datetime(2013, 5, 29, 22, 30, 5), 0.0289476386870237, False, 'time']
['eleganttech', 202583374, 'impression', '3', 241587461L, datetime.datetime(2013, 5, 29, 22, 30, 5), 0.0276278030523326, False, 'time']
['eleganttech', 202583374, 'impression', '10', 241501582L, datetime.datetime(2013, 5, 29, 22, 30, 5), 0.0326398051265976, False, 'time']
['eleganttech', 202583374, 'impression', '2', 241602458L, datetime.datetime(2013, 5, 29, 22, 30, 5), 0.03997362952374, False, 'time']
['eleganttech', 202583374, 'impression', '13', 241486752L, datetime.datetime(2013, 5, 29, 22, 30, 5), 0.0357231931326456, False, 'time']
['eleganttech', 202583374, 'impression', '6', 241566660L, datetime.datetime(2013, 5, 29, 22, 30, 5), 0.0124382202517999, False, 'time']
['eleganttech', 202583374, 'impression', '9', 241503693L, datetime.datetime(2013, 5, 29, 22, 30, 5), 0.0154228220914548, False, 'time']
['eleganttech', 202583374, 'impression', '16', 241479996L, datetime.datetime(2013, 5, 29, 22, 30, 5), 0.0641110126842613, False, 'time']
['eleganttech', 202583374, 'impression', '4', 241587225L, datetime.datetime(2013, 5, 29, 22, 30, 5), 0.008177048202323, False, 'time']
['eleganttech', 202583374, 'impression', '12', 241487306L, datetime.datetime(2013, 5, 29, 22, 30, 5), 0.0212177093755825, False, 'time']
['eleganttech', 202583374, 'impression', '5', 241583604L, datetime.datetime(2013, 5, 29, 22, 30, 5), 0.0332213113082349, False, 'time']
['eleganttech', 202583374, 'impression', '8', 241511644L, datetime.datetime(2013, 5, 29, 22, 30, 5), 0.0604900839335667, False, 'time']
['eleganttech', 202583374, 'impression', '20', 241453365L, datetime.datetime(2013, 5, 29, 22, 30, 5), 0.0670440343674994, False, 'time']
['eleganttech', 202583374, 'impression', '15', 241484045L, datetime.datetime(2013, 5, 29, 22, 30, 5), 0.0285170892120051, False, 'time']

