['evelee', 202576639, 'impression', '4', 241180850L, datetime.datetime(2013, 5, 24, 9, 17, 13), 0.247045703431703, False, 'time']
['evelee', 202576639, 'impression', '1', 241181523L, datetime.datetime(2013, 5, 24, 9, 17, 13), 0.768499376779411, False, 'time']
['evelee', 202576639, 'impression', '8', 241180526L, datetime.datetime(2013, 5, 24, 9, 17, 13), 0.551054850907013, False, 'time']
['evelee', 202576639, 'impression', '7', 241180667L, datetime.datetime(2013, 5, 24, 9, 17, 13), 0.193313583947833, False, 'time']
['evelee', 202576639, 'impression', '3', 241181003L, datetime.datetime(2013, 5, 24, 9, 17, 13), 0.609255565249122, False, 'time']
['evelee', 202576639, 'impression', '6', 241180800L, datetime.datetime(2013, 5, 24, 9, 17, 13), 0.912748369282073, False, 'time']
['evelee', 202576639, 'impression', '2', 241181524L, datetime.datetime(2013, 5, 24, 9, 17, 13), 0.454094691862569, False, 'time']
['evelee', 202576639, 'impression', '5', 241180839L, datetime.datetime(2013, 5, 24, 9, 17, 13), 0.489198121686813, False, 'time']
['evelee', 202576639, 'view_full_application_via_name', '6', 241180800L, datetime.datetime(2013, 5, 24, 9, 17, 24), 0.912748369282073, False, 'time']
['evelee', 202576639, 'impression', '4', 241180850L, datetime.datetime(2013, 5, 24, 9, 17, 56), 0.247045703431703, False, 'time']
['evelee', 202576639, 'impression', '1', 241181523L, datetime.datetime(2013, 5, 24, 9, 17, 56), 0.768499376779411, False, 'time']
['evelee', 202576639, 'impression', '8', 241180526L, datetime.datetime(2013, 5, 24, 9, 17, 56), 0.551054850907013, False, 'time']
['evelee', 202576639, 'impression', '5', 241180839L, datetime.datetime(2013, 5, 24, 9, 17, 56), 0.489198121686813, False, 'time']
['evelee', 202576639, 'impression', '2', 241181524L, datetime.datetime(2013, 5, 24, 9, 17, 56), 0.454094691862569, False, 'time']
['evelee', 202576639, 'impression', '7', 241180667L, datetime.datetime(2013, 5, 24, 9, 17, 56), 0.193313583947833, False, 'time']
['evelee', 202576639, 'impression', '6', 241180800L, datetime.datetime(2013, 5, 24, 9, 17, 56), 0.912748369282073, False, 'time']
['evelee', 202576639, 'impression', '3', 241181003L, datetime.datetime(2013, 5, 24, 9, 17, 56), 0.609255565249122, False, 'time']
['evelee', 202576639, 'expand_tile', '6', 241180800L, datetime.datetime(2013, 5, 24, 9, 18), 0.912748369282073, False, 'time']
['evelee', 202576639, 'view_full_application', '6', 241180800L, datetime.datetime(2013, 5, 24, 9, 18, 3), 0.912748369282073, False, 'time']
['evelee', 202576639, 'impression', '6', 241180800L, datetime.datetime(2013, 5, 24, 9, 19, 48), 0.912748369282073, False, 'time']
['evelee', 202576639, 'impression', '3', 241181003L, datetime.datetime(2013, 5, 24, 9, 19, 48), 0.609255565249122, False, 'time']
['evelee', 202576639, 'impression', '2', 241181524L, datetime.datetime(2013, 5, 24, 9, 19, 48), 0.454094691862569, False, 'time']
['evelee', 202576639, 'impression', '1', 241181523L, datetime.datetime(2013, 5, 24, 9, 19, 48), 0.768499376779411, False, 'time']
['evelee', 202576639, 'impression', '4', 241180850L, datetime.datetime(2013, 5, 24, 9, 19, 48), 0.247045703431703, False, 'time']
['evelee', 202576639, 'impression', '7', 241180667L, datetime.datetime(2013, 5, 24, 9, 19, 48), 0.193313583947833, False, 'time']
['evelee', 202576639, 'impression', '5', 241180839L, datetime.datetime(2013, 5, 24, 9, 19, 48), 0.489198121686813, False, 'time']
['evelee', 202576639, 'impression', '8', 241180526L, datetime.datetime(2013, 5, 24, 9, 19, 48), 0.551054850907013, False, 'time']
['evelee', 202576639, 'impression', '7', 241180667L, datetime.datetime(2013, 5, 24, 9, 20, 6), 0.193313583947833, False, 'time']
['evelee', 202576639, 'impression', '7', 241180667L, datetime.datetime(2013, 5, 24, 9, 20, 7), 0.193313583947833, False, 'time']
['evelee', 202576639, 'impression', '8', 241180526L, datetime.datetime(2013, 5, 24, 9, 20, 11), 0.551054850907013, False, 'time']
['evelee', 202576639, 'impression', '8', 241180526L, datetime.datetime(2013, 5, 24, 9, 20, 12), 0.551054850907013, False, 'time']
['evelee', 202576639, 'impression', '5', 241180839L, datetime.datetime(2013, 5, 24, 9, 20, 12), 0.489198121686813, False, 'time']
['evelee', 202576639, 'impression', '6', 241180800L, datetime.datetime(2013, 5, 24, 9, 20, 12), 0.912748369282073, False, 'time']
['evelee', 202576639, 'impression', '5', 241180839L, datetime.datetime(2013, 5, 24, 9, 20, 16), 0.489198121686813, False, 'time']
['evelee', 202576639, 'impression', '4', 241180850L, datetime.datetime(2013, 5, 24, 9, 20, 16), 0.247045703431703, False, 'time']
['evelee', 202576639, 'impression', '4', 241180850L, datetime.datetime(2013, 5, 24, 9, 20, 17), 0.247045703431703, False, 'time']
['evelee', 202576639, 'impression', '3', 241181003L, datetime.datetime(2013, 5, 24, 9, 20, 18), 0.609255565249122, False, 'time']
['evelee', 202576639, 'expand_tile', '3', 241181003L, datetime.datetime(2013, 5, 24, 9, 20, 27), 0.609255565249122, False, 'time']
['evelee', 202576639, 'view_full_application', '3', 241181003L, datetime.datetime(2013, 5, 24, 9, 20, 29), 0.609255565249122, False, 'time']
['evelee', 202576639, 'impression', '6', 241180800L, datetime.datetime(2013, 5, 24, 9, 21, 29), 0.912748369282073, False, 'time']
['evelee', 202576639, 'impression', '5', 241181003L, datetime.datetime(2013, 5, 24, 9, 21, 29), 0.609255565249122, False, 'time']
['evelee', 202576639, 'impression', '3', 241181523L, datetime.datetime(2013, 5, 24, 9, 21, 29), 0.768499376779411, False, 'time']
['evelee', 202576639, 'impression', '1', 241181808L, datetime.datetime(2013, 5, 24, 9, 21, 29), 0.475999491994642, False, 'time']
['evelee', 202576639, 'impression', '4', 241181524L, datetime.datetime(2013, 5, 24, 9, 21, 29), 0.454094691862569, False, 'time']
['evelee', 202576639, 'impression', '2', 241181709L, datetime.datetime(2013, 5, 24, 9, 21, 29), 0.483338703236688, False, 'time']
['evelee', 202576639, 'impression', '6', 241180800L, datetime.datetime(2013, 5, 24, 9, 21, 34), 0.912748369282073, False, 'time']
['evelee', 202576639, 'impression', '4', 241181524L, datetime.datetime(2013, 5, 24, 9, 21, 43), 0.454094691862569, False, 'time']
['evelee', 202576639, 'expand_tile', '4', 241181524L, datetime.datetime(2013, 5, 24, 9, 21, 45), 0.454094691862569, False, 'time']
['evelee', 202576639, 'view_full_application', '4', 241181524L, datetime.datetime(2013, 5, 24, 9, 21, 54), 0.454094691862569, False, 'time']
['evelee', 202576639, 'impression', '1', 241181808L, datetime.datetime(2013, 5, 24, 9, 22, 51), 0.475999491994642, False, 'time']
['evelee', 202576639, 'impression', '2', 241181709L, datetime.datetime(2013, 5, 24, 9, 22, 51), 0.483338703236688, False, 'time']
['evelee', 202576639, 'impression', '4', 241181524L, datetime.datetime(2013, 5, 24, 9, 22, 51), 0.454094691862569, False, 'time']
['evelee', 202576639, 'impression', '3', 241181523L, datetime.datetime(2013, 5, 24, 9, 22, 51), 0.768499376779411, False, 'time']
['evelee', 202576639, 'impression', '6', 241180800L, datetime.datetime(2013, 5, 24, 9, 22, 51), 0.912748369282073, False, 'time']
['evelee', 202576639, 'impression', '5', 241181003L, datetime.datetime(2013, 5, 24, 9, 22, 51), 0.609255565249122, False, 'time']
['evelee', 202576639, 'impression', '4', 241181524L, datetime.datetime(2013, 5, 24, 9, 22, 56), 0.454094691862569, False, 'time']
['evelee', 202576639, 'impression', '4', 241181524L, datetime.datetime(2013, 5, 24, 9, 22, 57), 0.454094691862569, False, 'time']
['evelee', 202576639, 'impression', '5', 241181003L, datetime.datetime(2013, 5, 24, 9, 22, 58), 0.609255565249122, False, 'time']
['evelee', 202576639, 'impression', '3', 241181523L, datetime.datetime(2013, 5, 24, 9, 23), 0.768499376779411, False, 'time']
['evelee', 202576639, 'impression', '3', 241181523L, datetime.datetime(2013, 5, 24, 9, 23), 0.768499376779411, False, 'time']
['evelee', 202576639, 'impression', '5', 241181003L, datetime.datetime(2013, 5, 24, 9, 23, 1), 0.609255565249122, False, 'time']
['evelee', 202576639, 'impression', '2', 241181709L, datetime.datetime(2013, 5, 24, 9, 23, 1), 0.483338703236688, False, 'time']
['evelee', 202576639, 'impression', '2', 241181709L, datetime.datetime(2013, 5, 24, 9, 23, 1), 0.483338703236688, False, 'time']
['evelee', 202576639, 'impression', '1', 241181808L, datetime.datetime(2013, 5, 24, 9, 23, 2), 0.475999491994642, False, 'time']
['evelee', 202576639, 'impression', '5', 241181003L, datetime.datetime(2013, 5, 24, 9, 41, 3), 0.609255565249122, False, 'time']

['evelee', 202576639, 'impression', '16', 241180800L, datetime.datetime(2013, 5, 24, 11, 23, 36), 0.912748369282073, False, 'time']
['evelee', 202576639, 'impression', '15', 241181003L, datetime.datetime(2013, 5, 24, 11, 23, 36), 0.609255565249122, False, 'time']
['evelee', 202576639, 'impression', '2', 241187240L, datetime.datetime(2013, 5, 24, 11, 23, 36), 0.517388846862868, False, 'time']
['evelee', 202576639, 'impression', '5', 241184803L, datetime.datetime(2013, 5, 24, 11, 23, 36), 0.308406639495447, False, 'time']
['evelee', 202576639, 'impression', '9', 241183061L, datetime.datetime(2013, 5, 24, 11, 23, 36), 0.576945372809837, False, 'time']
['evelee', 202576639, 'impression', '13', 241182177L, datetime.datetime(2013, 5, 24, 11, 23, 36), 0.36176855795966, False, 'time']
['evelee', 202576639, 'impression', '4', 241185902L, datetime.datetime(2013, 5, 24, 11, 23, 36), 0.738635970258876, False, 'time']
['evelee', 202576639, 'impression', '7', 241183101L, datetime.datetime(2013, 5, 24, 11, 23, 36), 0.795569770512779, False, 'time']
['evelee', 202576639, 'impression', '6', 241183681L, datetime.datetime(2013, 5, 24, 11, 23, 36), 0.51890102686099, False, 'time']
['evelee', 202576639, 'impression', '14', 241181808L, datetime.datetime(2013, 5, 24, 11, 23, 36), 0.475999491994642, False, 'time']
['evelee', 202576639, 'impression', '11', 241182699L, datetime.datetime(2013, 5, 24, 11, 23, 36), 0.727959278065558, False, 'time']
['evelee', 202576639, 'impression', '8', 241183089L, datetime.datetime(2013, 5, 24, 11, 23, 36), 0.709783538049443, False, 'time']
['evelee', 202576639, 'impression', '3', 241186870L, datetime.datetime(2013, 5, 24, 11, 23, 36), 0.312495115518445, False, 'time']
['evelee', 202576639, 'impression', '10', 241182894L, datetime.datetime(2013, 5, 24, 11, 23, 36), 0.608817232246671, False, 'time']
['evelee', 202576639, 'impression', '1', 241188463L, datetime.datetime(2013, 5, 24, 11, 23, 36), 0.522886442554507, False, 'time']
['evelee', 202576639, 'impression', '12', 241182668L, datetime.datetime(2013, 5, 24, 11, 23, 36), 0.770797053886331, False, 'time']
['evelee', 202576639, 'expand_tile', '4', 241185902L, datetime.datetime(2013, 5, 24, 11, 23, 46), 0.738635970258876, False, 'time']
['evelee', 202576639, 'view_full_application', '4', 241185902L, datetime.datetime(2013, 5, 24, 11, 23, 48), 0.738635970258876, False, 'time']
['evelee', 202576639, 'impression', '8', 241183089L, datetime.datetime(2013, 5, 24, 11, 26, 40), 0.709783538049443, False, 'time']
['evelee', 202576639, 'impression', '3', 241186870L, datetime.datetime(2013, 5, 24, 11, 26, 40), 0.312495115518445, False, 'time']
['evelee', 202576639, 'impression', '10', 241182894L, datetime.datetime(2013, 5, 24, 11, 26, 40), 0.608817232246671, False, 'time']
['evelee', 202576639, 'impression', '11', 241182699L, datetime.datetime(2013, 5, 24, 11, 26, 40), 0.727959278065558, False, 'time']
['evelee', 202576639, 'impression', '2', 241187240L, datetime.datetime(2013, 5, 24, 11, 26, 40), 0.517388846862868, False, 'time']
['evelee', 202576639, 'impression', '5', 241184803L, datetime.datetime(2013, 5, 24, 11, 26, 40), 0.308406639495447, False, 'time']
['evelee', 202576639, 'impression', '1', 241188463L, datetime.datetime(2013, 5, 24, 11, 26, 40), 0.522886442554507, False, 'time']
['evelee', 202576639, 'impression', '12', 241182668L, datetime.datetime(2013, 5, 24, 11, 26, 40), 0.770797053886331, False, 'time']
['evelee', 202576639, 'impression', '16', 241180800L, datetime.datetime(2013, 5, 24, 11, 26, 40), 0.912748369282073, False, 'time']
['evelee', 202576639, 'impression', '15', 241181003L, datetime.datetime(2013, 5, 24, 11, 26, 40), 0.609255565249122, False, 'time']
['evelee', 202576639, 'impression', '4', 241185902L, datetime.datetime(2013, 5, 24, 11, 26, 40), 0.738635970258876, False, 'time']
['evelee', 202576639, 'impression', '7', 241183101L, datetime.datetime(2013, 5, 24, 11, 26, 40), 0.795569770512779, False, 'time']
['evelee', 202576639, 'impression', '13', 241182177L, datetime.datetime(2013, 5, 24, 11, 26, 40), 0.36176855795966, False, 'time']
['evelee', 202576639, 'impression', '9', 241183061L, datetime.datetime(2013, 5, 24, 11, 26, 40), 0.576945372809837, False, 'time']
['evelee', 202576639, 'impression', '6', 241183681L, datetime.datetime(2013, 5, 24, 11, 26, 40), 0.51890102686099, False, 'time']
['evelee', 202576639, 'impression', '14', 241181808L, datetime.datetime(2013, 5, 24, 11, 26, 40), 0.475999491994642, False, 'time']
['evelee', 202576639, 'impression', '4', 241185902L, datetime.datetime(2013, 5, 24, 11, 26, 43), 0.738635970258876, False, 'time']
['evelee', 202576639, 'shortlist', '4', 241185902L, datetime.datetime(2013, 5, 24, 11, 26, 46), 0.738635970258876, False, 'time']
['evelee', 202576639, 'shortlist', '16', 241180800L, datetime.datetime(2013, 5, 24, 11, 27, 1), 0.912748369282073, False, 'time']
['evelee', 202576639, 'impression', '15', 241181003L, datetime.datetime(2013, 5, 24, 11, 27, 2), 0.609255565249122, False, 'time']
['evelee', 202576639, 'impression', '15', 241181003L, datetime.datetime(2013, 5, 24, 11, 27, 5), 0.609255565249122, False, 'time']
['evelee', 202576639, 'impression', '16', 241180800L, datetime.datetime(2013, 5, 24, 11, 27, 6), 0.912748369282073, False, 'time']
['evelee', 202576639, 'impression', None, 241180800L, datetime.datetime(2013, 5, 24, 11, 27, 6), 0.912748369282073, False, 'time']
['evelee', 202576639, 'impression', '14', 241181808L, datetime.datetime(2013, 5, 24, 11, 27, 7), 0.475999491994642, False, 'time']
['evelee', 202576639, 'impression', '14', 241181808L, datetime.datetime(2013, 5, 24, 11, 27, 9), 0.475999491994642, False, 'time']
['evelee', 202576639, 'impression', '13', 241182177L, datetime.datetime(2013, 5, 24, 11, 27, 10), 0.36176855795966, False, 'time']
['evelee', 202576639, 'impression', '12', 241182668L, datetime.datetime(2013, 5, 24, 11, 27, 11), 0.770797053886331, False, 'time']
['evelee', 202576639, 'impression', '12', 241182668L, datetime.datetime(2013, 5, 24, 11, 27, 12), 0.770797053886331, False, 'time']
['evelee', 202576639, 'impression', '11', 241182699L, datetime.datetime(2013, 5, 24, 11, 27, 17), 0.727959278065558, False, 'time']
['evelee', 202576639, 'expand_tile', '11', 241182699L, datetime.datetime(2013, 5, 24, 11, 27, 22), 0.727959278065558, False, 'time']
['evelee', 202576639, 'view_full_application', '11', 241182699L, datetime.datetime(2013, 5, 24, 11, 27, 24), 0.727959278065558, False, 'time']
['evelee', 202576639, 'impression', '12', 241180800L, datetime.datetime(2013, 5, 24, 11, 30, 21), 0.912748369282073, False, 'time']
['evelee', 202576639, 'impression', '6', 241183681L, datetime.datetime(2013, 5, 24, 11, 30, 21), 0.51890102686099, False, 'time']
['evelee', 202576639, 'impression', '1', 241188463L, datetime.datetime(2013, 5, 24, 11, 30, 21), 0.522886442554507, False, 'time']
['evelee', 202576639, 'impression', '5', 241184803L, datetime.datetime(2013, 5, 24, 11, 30, 21), 0.308406639495447, False, 'time']
['evelee', 202576639, 'impression', '2', 241187240L, datetime.datetime(2013, 5, 24, 11, 30, 21), 0.517388846862868, False, 'time']
['evelee', 202576639, 'impression', '4', 241185902L, datetime.datetime(2013, 5, 24, 11, 30, 21), 0.738635970258876, False, 'time']
['evelee', 202576639, 'impression', '7', 241183101L, datetime.datetime(2013, 5, 24, 11, 30, 21), 0.795569770512779, False, 'time']
['evelee', 202576639, 'impression', '9', 241183061L, datetime.datetime(2013, 5, 24, 11, 30, 21), 0.576945372809837, False, 'time']
['evelee', 202576639, 'impression', '8', 241183089L, datetime.datetime(2013, 5, 24, 11, 30, 21), 0.709783538049443, False, 'time']
['evelee', 202576639, 'impression', '3', 241186870L, datetime.datetime(2013, 5, 24, 11, 30, 21), 0.312495115518445, False, 'time']
['evelee', 202576639, 'impression', '10', 241182894L, datetime.datetime(2013, 5, 24, 11, 30, 21), 0.608817232246671, False, 'time']
['evelee', 202576639, 'impression', '11', 241182699L, datetime.datetime(2013, 5, 24, 11, 30, 21), 0.727959278065558, False, 'time']
['evelee', 202576639, 'impression', '1', 241188463L, datetime.datetime(2013, 5, 24, 11, 30, 26), 0.522886442554507, False, 'time']
['evelee', 202576639, 'impression', '1', 241188463L, datetime.datetime(2013, 5, 24, 11, 30, 27), 0.522886442554507, False, 'time']
['evelee', 202576639, 'impression', '2', 241187240L, datetime.datetime(2013, 5, 24, 11, 30, 35), 0.517388846862868, False, 'time']
['evelee', 202576639, 'expand_tile', '2', 241187240L, datetime.datetime(2013, 5, 24, 11, 30, 36), 0.517388846862868, False, 'time']
['evelee', 202576639, 'impression', '3', 241186870L, datetime.datetime(2013, 5, 24, 11, 30, 45), 0.312495115518445, False, 'time']
['evelee', 202576639, 'impression', '3', 241186870L, datetime.datetime(2013, 5, 24, 11, 30, 46), 0.312495115518445, False, 'time']
['evelee', 202576639, 'impression', '4', 241185902L, datetime.datetime(2013, 5, 24, 11, 30, 54), 0.738635970258876, False, 'time']
['evelee', 202576639, 'expand_tile', '5', 241184803L, datetime.datetime(2013, 5, 24, 11, 30, 55), 0.308406639495447, False, 'time']
['evelee', 202576639, 'view_full_application', '5', 241184803L, datetime.datetime(2013, 5, 24, 11, 31, 4), 0.308406639495447, False, 'time']

['evelee', 202576639, 'impression', '2', 241229190L, datetime.datetime(2013, 5, 25, 6, 51, 1), 0.681218826770176, False, 'time']
['evelee', 202576639, 'impression', '18', 241180800L, datetime.datetime(2013, 5, 25, 6, 51, 1), 0.912748369282073, False, 'time']
['evelee', 202576639, 'impression', '15', 241183061L, datetime.datetime(2013, 5, 25, 6, 51, 1), 0.576945372809837, False, 'time']
['evelee', 202576639, 'impression', '13', 241183101L, datetime.datetime(2013, 5, 25, 6, 51, 1), 0.795569770512779, False, 'time']
['evelee', 202576639, 'impression', '10', 241185902L, datetime.datetime(2013, 5, 25, 6, 51, 1), 0.738635970258876, False, 'time']
['evelee', 202576639, 'impression', '1', 241238107L, datetime.datetime(2013, 5, 25, 6, 51, 1), 0.615752422867191, False, 'time']
['evelee', 202576639, 'impression', '9', 241187240L, datetime.datetime(2013, 5, 25, 6, 51, 1), 0.517388846862868, False, 'time']
['evelee', 202576639, 'impression', '11', 241184803L, datetime.datetime(2013, 5, 25, 6, 51, 1), 0.308406639495447, False, 'time']
['evelee', 202576639, 'impression', '12', 241183681L, datetime.datetime(2013, 5, 25, 6, 51, 1), 0.51890102686099, False, 'time']
['evelee', 202576639, 'impression', '5', 241202690L, datetime.datetime(2013, 5, 25, 6, 51, 1), 0.455549525553916, False, 'time']
['evelee', 202576639, 'impression', '6', 241199067L, datetime.datetime(2013, 5, 25, 6, 51, 1), 0.209629669057756, False, 'time']
['evelee', 202576639, 'impression', '3', 241205633L, datetime.datetime(2013, 5, 25, 6, 51, 1), 0.409254359354552, False, 'time']
['evelee', 202576639, 'impression', '7', 241192568L, datetime.datetime(2013, 5, 25, 6, 51, 1), 0.732206047342062, True, 'time']
['evelee', 202576639, 'impression', '14', 241183089L, datetime.datetime(2013, 5, 25, 6, 51, 1), 0.709783538049443, False, 'time']
['evelee', 202576639, 'impression', '16', 241182894L, datetime.datetime(2013, 5, 25, 6, 51, 1), 0.608817232246671, False, 'time']
['evelee', 202576639, 'impression', '17', 241182699L, datetime.datetime(2013, 5, 25, 6, 51, 1), 0.727959278065558, False, 'time']
['evelee', 202576639, 'impression', '8', 241191447L, datetime.datetime(2013, 5, 25, 6, 51, 1), 0.739394838380848, False, 'time']
['evelee', 202576639, 'impression', '4', 241204973L, datetime.datetime(2013, 5, 25, 6, 51, 1), 0.752393768147238, False, 'time']
['evelee', 202576639, 'impression', '7', 241192568L, datetime.datetime(2013, 5, 25, 6, 51, 12), 0.732206047342062, True, 'time']
['evelee', 202576639, 'expand_tile', '7', 241192568L, datetime.datetime(2013, 5, 25, 6, 51, 14), 0.732206047342062, True, 'time']
['evelee', 202576639, 'view_full_application', '7', 241192568L, datetime.datetime(2013, 5, 25, 6, 51, 26), 0.732206047342062, True, 'time']
['evelee', 202576639, 'impression', '13', 241183101L, datetime.datetime(2013, 5, 25, 6, 55, 25), 0.795569770512779, False, 'time']
['evelee', 202576639, 'impression', '15', 241183061L, datetime.datetime(2013, 5, 25, 6, 55, 25), 0.576945372809837, False, 'time']
['evelee', 202576639, 'impression', '1', 241238107L, datetime.datetime(2013, 5, 25, 6, 55, 25), 0.615752422867191, False, 'time']
['evelee', 202576639, 'impression', '10', 241185902L, datetime.datetime(2013, 5, 25, 6, 55, 25), 0.738635970258876, False, 'time']
['evelee', 202576639, 'impression', '4', 241204973L, datetime.datetime(2013, 5, 25, 6, 55, 25), 0.752393768147238, False, 'time']
['evelee', 202576639, 'impression', '11', 241184803L, datetime.datetime(2013, 5, 25, 6, 55, 25), 0.308406639495447, False, 'time']
['evelee', 202576639, 'impression', '9', 241187240L, datetime.datetime(2013, 5, 25, 6, 55, 25), 0.517388846862868, False, 'time']
['evelee', 202576639, 'impression', '2', 241229190L, datetime.datetime(2013, 5, 25, 6, 55, 25), 0.681218826770176, False, 'time']
['evelee', 202576639, 'impression', '18', 241180800L, datetime.datetime(2013, 5, 25, 6, 55, 25), 0.912748369282073, False, 'time']
['evelee', 202576639, 'impression', '8', 241191447L, datetime.datetime(2013, 5, 25, 6, 55, 25), 0.739394838380848, False, 'time']
['evelee', 202576639, 'impression', '12', 241183681L, datetime.datetime(2013, 5, 25, 6, 55, 25), 0.51890102686099, False, 'time']
['evelee', 202576639, 'impression', '5', 241202690L, datetime.datetime(2013, 5, 25, 6, 55, 25), 0.455549525553916, False, 'time']
['evelee', 202576639, 'impression', '3', 241205633L, datetime.datetime(2013, 5, 25, 6, 55, 25), 0.409254359354552, False, 'time']
['evelee', 202576639, 'impression', '7', 241192568L, datetime.datetime(2013, 5, 25, 6, 55, 25), 0.732206047342062, True, 'time']
['evelee', 202576639, 'impression', '16', 241182894L, datetime.datetime(2013, 5, 25, 6, 55, 25), 0.608817232246671, False, 'time']
['evelee', 202576639, 'impression', '17', 241182699L, datetime.datetime(2013, 5, 25, 6, 55, 25), 0.727959278065558, False, 'time']
['evelee', 202576639, 'impression', '6', 241199067L, datetime.datetime(2013, 5, 25, 6, 55, 25), 0.209629669057756, False, 'time']
['evelee', 202576639, 'impression', '14', 241183089L, datetime.datetime(2013, 5, 25, 6, 55, 25), 0.709783538049443, False, 'time']
['evelee', 202576639, 'impression', '1', 241238107L, datetime.datetime(2013, 5, 25, 6, 55, 26), 0.615752422867191, False, 'time']
['evelee', 202576639, 'impression', '1', 241238107L, datetime.datetime(2013, 5, 25, 6, 55, 27), 0.615752422867191, False, 'time']
['evelee', 202576639, 'impression', '2', 241229190L, datetime.datetime(2013, 5, 25, 6, 55, 32), 0.681218826770176, False, 'time']
['evelee', 202576639, 'impression', '2', 241229190L, datetime.datetime(2013, 5, 25, 6, 55, 35), 0.681218826770176, False, 'time']
['evelee', 202576639, 'impression', '3', 241205633L, datetime.datetime(2013, 5, 25, 6, 55, 36), 0.409254359354552, False, 'time']
['evelee', 202576639, 'impression', '3', 241205633L, datetime.datetime(2013, 5, 25, 6, 55, 37), 0.409254359354552, False, 'time']
['evelee', 202576639, 'impression', '4', 241204973L, datetime.datetime(2013, 5, 25, 6, 55, 38), 0.752393768147238, False, 'time']
['evelee', 202576639, 'impression', '4', 241204973L, datetime.datetime(2013, 5, 25, 6, 55, 40), 0.752393768147238, False, 'time']
['evelee', 202576639, 'impression', '5', 241202690L, datetime.datetime(2013, 5, 25, 6, 55, 42), 0.455549525553916, False, 'time']
['evelee', 202576639, 'impression', '5', 241202690L, datetime.datetime(2013, 5, 25, 6, 55, 43), 0.455549525553916, False, 'time']
['evelee', 202576639, 'impression', '6', 241199067L, datetime.datetime(2013, 5, 25, 6, 55, 45), 0.209629669057756, False, 'time']
['evelee', 202576639, 'impression', '6', 241199067L, datetime.datetime(2013, 5, 25, 6, 55, 47), 0.209629669057756, False, 'time']
['evelee', 202576639, 'impression', '7', 241192568L, datetime.datetime(2013, 5, 25, 6, 55, 47), 0.732206047342062, True, 'time']
['evelee', 202576639, 'shortlist', '7', 241192568L, datetime.datetime(2013, 5, 25, 6, 55, 48), 0.732206047342062, True, 'time']
['evelee', 202576639, 'impression', '9', 241187240L, datetime.datetime(2013, 5, 25, 6, 55, 54), 0.517388846862868, False, 'time']
['evelee', 202576639, 'impression', '9', 241187240L, datetime.datetime(2013, 5, 25, 6, 56, 3), 0.517388846862868, False, 'time']
['evelee', 202576639, 'expand_tile', '9', 241187240L, datetime.datetime(2013, 5, 25, 6, 56, 3), 0.517388846862868, False, 'time']
['evelee', 202576639, 'impression', '9', 241187240L, datetime.datetime(2013, 5, 25, 6, 56, 8), 0.517388846862868, False, 'time']
['evelee', 202576639, 'expand_tile', '9', 241187240L, datetime.datetime(2013, 5, 25, 6, 56, 13), 0.517388846862868, False, 'time']
['evelee', 202576639, 'expand_tile', '11', 241184803L, datetime.datetime(2013, 5, 25, 6, 56, 21), 0.308406639495447, False, 'time']
['evelee', 202576639, 'impression', '11', 241184803L, datetime.datetime(2013, 5, 25, 6, 56, 36), 0.308406639495447, False, 'time']
['evelee', 202576639, 'expand_tile', '11', 241184803L, datetime.datetime(2013, 5, 25, 6, 56, 38), 0.308406639495447, False, 'time']
['evelee', 202576639, 'impression', '12', 241183681L, datetime.datetime(2013, 5, 25, 6, 56, 41), 0.51890102686099, False, 'time']
['evelee', 202576639, 'impression', '13', 241183101L, datetime.datetime(2013, 5, 25, 6, 56, 42), 0.795569770512779, False, 'time']
['evelee', 202576639, 'impression', '14', 241183089L, datetime.datetime(2013, 5, 25, 6, 56, 44), 0.709783538049443, False, 'time']
['evelee', 202576639, 'impression', '15', 241183061L, datetime.datetime(2013, 5, 25, 6, 56, 46), 0.576945372809837, False, 'time']
['evelee', 202576639, 'impression', '16', 241182894L, datetime.datetime(2013, 5, 25, 6, 56, 48), 0.608817232246671, False, 'time']
['evelee', 202576639, 'expand_tile', '16', 241182894L, datetime.datetime(2013, 5, 25, 6, 56, 57), 0.608817232246671, False, 'time']
['evelee', 202576639, 'impression', '16', 241182894L, datetime.datetime(2013, 5, 25, 6, 57, 12), 0.608817232246671, False, 'time']
['evelee', 202576639, 'expand_tile', '16', 241182894L, datetime.datetime(2013, 5, 25, 6, 57, 14), 0.608817232246671, False, 'time']
['evelee', 202576639, 'expand_tile', '8', 241191447L, datetime.datetime(2013, 5, 25, 6, 57, 24), 0.739394838380848, False, 'time']
['evelee', 202576639, 'view_full_application', '8', 241191447L, datetime.datetime(2013, 5, 25, 6, 57, 40), 0.739394838380848, False, 'time']
['evelee', 202576639, 'impression', '3', 241185902L, datetime.datetime(2013, 5, 25, 6, 58, 27), 0.738635970258876, False, 'time']
['evelee', 202576639, 'impression', '1', 241192568L, datetime.datetime(2013, 5, 25, 6, 58, 27), 0.732206047342062, True, 'time']
['evelee', 202576639, 'impression', '4', 241182699L, datetime.datetime(2013, 5, 25, 6, 58, 27), 0.727959278065558, False, 'time']
['evelee', 202576639, 'impression', '5', 241180800L, datetime.datetime(2013, 5, 25, 6, 58, 27), 0.912748369282073, False, 'time']
['evelee', 202576639, 'impression', '2', 241191447L, datetime.datetime(2013, 5, 25, 6, 58, 27), 0.739394838380848, False, 'time']
['evelee', 202576639, 'impression', '5', 241182699L, datetime.datetime(2013, 5, 25, 7, 0, 17), 0.727959278065558, False, 'time']
['evelee', 202576639, 'impression', '2', 241192568L, datetime.datetime(2013, 5, 25, 7, 0, 17), 0.732206047342062, True, 'time']
['evelee', 202576639, 'impression', '6', 241180800L, datetime.datetime(2013, 5, 25, 7, 0, 17), 0.912748369282073, False, 'time']
['evelee', 202576639, 'impression', '4', 241185902L, datetime.datetime(2013, 5, 25, 7, 0, 17), 0.738635970258876, False, 'time']
['evelee', 202576639, 'impression', '1', 241238107L, datetime.datetime(2013, 5, 25, 7, 0, 17), 0.615752422867191, False, 'time']
['evelee', 202576639, 'impression', '3', 241191447L, datetime.datetime(2013, 5, 25, 7, 0, 17), 0.739394838380848, False, 'time']

['evelee', 202576639, 'impression', '3', 241191447L, datetime.datetime(2013, 5, 27, 13, 39, 14), 0.739394838380848, False, 'time']
['evelee', 202576639, 'impression', '2', 241192568L, datetime.datetime(2013, 5, 27, 13, 39, 14), 0.732206047342062, True, 'time']
['evelee', 202576639, 'impression', '5', 241182699L, datetime.datetime(2013, 5, 27, 13, 39, 14), 0.727959278065558, False, 'time']
['evelee', 202576639, 'impression', '4', 241185902L, datetime.datetime(2013, 5, 27, 13, 39, 14), 0.738635970258876, False, 'time']
['evelee', 202576639, 'impression', '1', 241238107L, datetime.datetime(2013, 5, 27, 13, 39, 14), 0.615752422867191, False, 'time']
['evelee', 202576639, 'impression', '6', 241180800L, datetime.datetime(2013, 5, 27, 13, 39, 14), 0.912748369282073, False, 'time']
['evelee', 202576639, 'impression', '2', 241192568L, datetime.datetime(2013, 5, 27, 13, 39, 17), 0.732206047342062, True, 'time']
['evelee', 202576639, 'impression', '2', 241192568L, datetime.datetime(2013, 5, 27, 13, 39, 18), 0.732206047342062, True, 'time']
['evelee', 202576639, 'expand_tile', '2', 241192568L, datetime.datetime(2013, 5, 27, 13, 39, 25), 0.732206047342062, True, 'time']
['evelee', 202576639, 'hire', '2', 241192568L, datetime.datetime(2013, 5, 27, 13, 39, 30), 0.732206047342062, True, 'time']

