['fitz-santos', 202537534, 'impression', '1', 240393196L, datetime.datetime(2013, 5, 16, 17, 31, 1), 0.146032672147296, True, 'time']
['fitz-santos', 202537534, 'impression', '6', 240385609L, datetime.datetime(2013, 5, 16, 17, 31, 1), 0.109918857147495, False, 'time']
['fitz-santos', 202537534, 'impression', '2', 240389649L, datetime.datetime(2013, 5, 16, 17, 31, 1), 0.141933869029473, False, 'time']
['fitz-santos', 202537534, 'impression', '3', 240388041L, datetime.datetime(2013, 5, 16, 17, 31, 1), 0.274110081951272, False, 'time']
['fitz-santos', 202537534, 'impression', '2', 240389649L, datetime.datetime(2013, 5, 16, 17, 40, 32), 0.141933869029473, False, 'time']
['fitz-santos', 202537534, 'impression', '3', 240388041L, datetime.datetime(2013, 5, 16, 17, 40, 32), 0.274110081951272, False, 'time']
['fitz-santos', 202537534, 'impression', '6', 240385609L, datetime.datetime(2013, 5, 16, 17, 40, 32), 0.109918857147495, False, 'time']
['fitz-santos', 202537534, 'impression', '1', 240393196L, datetime.datetime(2013, 5, 16, 17, 40, 32), 0.146032672147296, True, 'time']
['fitz-santos', 202537534, 'shortlist', '1', 240393196L, datetime.datetime(2013, 5, 16, 17, 41, 52), 0.146032672147296, True, 'time']

['fitz-santos', 202537534, 'impression', '2', 240389649L, datetime.datetime(2013, 5, 16, 21, 56, 16), 0.141933869029473, False, 'time']
['fitz-santos', 202537534, 'impression', '3', 240388041L, datetime.datetime(2013, 5, 16, 21, 56, 16), 0.274110081951272, False, 'time']
['fitz-santos', 202537534, 'impression', '1', 240393196L, datetime.datetime(2013, 5, 16, 21, 56, 16), 0.146032672147296, True, 'time']
['fitz-santos', 202537534, 'impression', '6', 240385609L, datetime.datetime(2013, 5, 16, 21, 56, 16), 0.109918857147495, False, 'time']
['fitz-santos', 202537534, 'impression', '1', 240393196L, datetime.datetime(2013, 5, 16, 22, 4, 12), 0.146032672147296, True, 'time']
['fitz-santos', 202537534, 'impression', '3', 240388041L, datetime.datetime(2013, 5, 16, 22, 4, 12), 0.274110081951272, False, 'time']
['fitz-santos', 202537534, 'impression', '2', 240389649L, datetime.datetime(2013, 5, 16, 22, 4, 12), 0.141933869029473, False, 'time']
['fitz-santos', 202537534, 'impression', '6', 240385609L, datetime.datetime(2013, 5, 16, 22, 4, 12), 0.109918857147495, False, 'time']

['fitz-santos', 202537534, 'impression', '2', 240389649L, datetime.datetime(2013, 5, 17, 3, 23, 58), 0.141933869029473, False, 'time']
['fitz-santos', 202537534, 'impression', '6', 240385609L, datetime.datetime(2013, 5, 17, 3, 23, 58), 0.109918857147495, False, 'time']
['fitz-santos', 202537534, 'impression', '3', 240388041L, datetime.datetime(2013, 5, 17, 3, 23, 58), 0.274110081951272, False, 'time']
['fitz-santos', 202537534, 'impression', '1', 240393196L, datetime.datetime(2013, 5, 17, 3, 23, 58), 0.146032672147296, True, 'time']
['fitz-santos', 202537534, 'expand_tile', '1', 240393196L, datetime.datetime(2013, 5, 17, 3, 24, 56), 0.146032672147296, True, 'time']
['fitz-santos', 202537534, 'send_message', '1', 240393196L, datetime.datetime(2013, 5, 17, 3, 24, 59), 0.146032672147296, True, 'time']
['fitz-santos', 202537534, 'expand_tile', '1', 240393196L, datetime.datetime(2013, 5, 17, 3, 25, 45), 0.146032672147296, True, 'time']
['fitz-santos', 202537534, 'impression', '3', 240388041L, datetime.datetime(2013, 5, 17, 3, 26, 5), 0.274110081951272, False, 'time']
['fitz-santos', 202537534, 'impression', '1', 240393196L, datetime.datetime(2013, 5, 17, 3, 26, 5), 0.146032672147296, True, 'time']
['fitz-santos', 202537534, 'impression', '2', 240389649L, datetime.datetime(2013, 5, 17, 3, 26, 5), 0.141933869029473, False, 'time']
['fitz-santos', 202537534, 'impression', '6', 240385609L, datetime.datetime(2013, 5, 17, 3, 26, 5), 0.109918857147495, False, 'time']
['fitz-santos', 202537534, 'impression', '1', 240393196L, datetime.datetime(2013, 5, 17, 3, 27, 47), 0.146032672147296, True, 'time']
['fitz-santos', 202537534, 'impression', '3', 240388041L, datetime.datetime(2013, 5, 17, 3, 27, 47), 0.274110081951272, False, 'time']
['fitz-santos', 202537534, 'impression', '2', 240389649L, datetime.datetime(2013, 5, 17, 3, 27, 47), 0.141933869029473, False, 'time']
['fitz-santos', 202537534, 'impression', '6', 240385609L, datetime.datetime(2013, 5, 17, 3, 27, 47), 0.109918857147495, False, 'time']
['fitz-santos', 202537534, 'view_full_application_via_name', '1', 240393196L, datetime.datetime(2013, 5, 17, 3, 27, 56), 0.146032672147296, True, 'time']
['fitz-santos', 202537534, 'impression', '2', 240389649L, datetime.datetime(2013, 5, 17, 3, 30), 0.141933869029473, False, 'time']
['fitz-santos', 202537534, 'impression', '1', 240393196L, datetime.datetime(2013, 5, 17, 3, 30), 0.146032672147296, True, 'time']
['fitz-santos', 202537534, 'impression', '3', 240388041L, datetime.datetime(2013, 5, 17, 3, 30), 0.274110081951272, False, 'time']
['fitz-santos', 202537534, 'impression', '6', 240385609L, datetime.datetime(2013, 5, 17, 3, 30), 0.109918857147495, False, 'time']
['fitz-santos', 202537534, 'impression', '2', 240389649L, datetime.datetime(2013, 5, 17, 3, 32, 23), 0.141933869029473, False, 'time']
['fitz-santos', 202537534, 'impression', '6', 240385609L, datetime.datetime(2013, 5, 17, 3, 32, 23), 0.109918857147495, False, 'time']
['fitz-santos', 202537534, 'impression', '1', 240393196L, datetime.datetime(2013, 5, 17, 3, 32, 23), 0.146032672147296, True, 'time']
['fitz-santos', 202537534, 'impression', '3', 240388041L, datetime.datetime(2013, 5, 17, 3, 32, 23), 0.274110081951272, False, 'time']
['fitz-santos', 202537534, 'view_full_application_via_name', '1', 240393196L, datetime.datetime(2013, 5, 17, 3, 35, 5), 0.146032672147296, True, 'time']
['fitz-santos', 202537534, 'impression', '3', 240388041L, datetime.datetime(2013, 5, 17, 3, 37, 52), 0.274110081951272, False, 'time']
['fitz-santos', 202537534, 'impression', '1', 240393196L, datetime.datetime(2013, 5, 17, 3, 37, 52), 0.146032672147296, True, 'time']
['fitz-santos', 202537534, 'impression', '2', 240389649L, datetime.datetime(2013, 5, 17, 3, 37, 52), 0.141933869029473, False, 'time']
['fitz-santos', 202537534, 'impression', '6', 240385609L, datetime.datetime(2013, 5, 17, 3, 37, 52), 0.109918857147495, False, 'time']
['fitz-santos', 202537534, 'view_full_application_via_name', '1', 240393196L, datetime.datetime(2013, 5, 17, 3, 37, 54), 0.146032672147296, True, 'time']
['fitz-santos', 202537534, 'impression', '1', 240393196L, datetime.datetime(2013, 5, 17, 3, 38, 58), 0.146032672147296, True, 'time']
['fitz-santos', 202537534, 'impression', '2', 240389649L, datetime.datetime(2013, 5, 17, 3, 38, 58), 0.141933869029473, False, 'time']
['fitz-santos', 202537534, 'impression', '3', 240388041L, datetime.datetime(2013, 5, 17, 3, 38, 58), 0.274110081951272, False, 'time']
['fitz-santos', 202537534, 'impression', '6', 240385609L, datetime.datetime(2013, 5, 17, 3, 38, 58), 0.109918857147495, False, 'time']
['fitz-santos', 202537534, 'impression', '2', 240389649L, datetime.datetime(2013, 5, 17, 3, 46, 49), 0.141933869029473, False, 'time']
['fitz-santos', 202537534, 'impression', '6', 240385609L, datetime.datetime(2013, 5, 17, 3, 46, 49), 0.109918857147495, False, 'time']
['fitz-santos', 202537534, 'impression', '3', 240388041L, datetime.datetime(2013, 5, 17, 3, 46, 49), 0.274110081951272, False, 'time']
['fitz-santos', 202537534, 'impression', '1', 240393196L, datetime.datetime(2013, 5, 17, 3, 46, 49), 0.146032672147296, True, 'time']

['fitz-santos', 202537534, 'impression', '2', 240389649L, datetime.datetime(2013, 5, 17, 4, 18, 19), 0.141933869029473, False, 'time']
['fitz-santos', 202537534, 'impression', '3', 240388041L, datetime.datetime(2013, 5, 17, 4, 18, 19), 0.274110081951272, False, 'time']
['fitz-santos', 202537534, 'impression', '1', 240393196L, datetime.datetime(2013, 5, 17, 4, 18, 19), 0.146032672147296, True, 'time']
['fitz-santos', 202537534, 'impression', '6', 240385609L, datetime.datetime(2013, 5, 17, 4, 18, 19), 0.109918857147495, False, 'time']
['fitz-santos', 202537534, 'impression', '5', 240385609L, datetime.datetime(2013, 5, 17, 4, 34, 3), 0.109918857147495, False, 'time']
['fitz-santos', 202537534, 'impression', '1', 240389649L, datetime.datetime(2013, 5, 17, 4, 34, 3), 0.141933869029473, False, 'time']
['fitz-santos', 202537534, 'impression', '2', 240388041L, datetime.datetime(2013, 5, 17, 4, 34, 3), 0.274110081951272, False, 'time']

['fitz-santos', 202537534, 'impression', '1', 240389649L, datetime.datetime(2013, 5, 17, 9, 57, 59), 0.141933869029473, False, 'time']
['fitz-santos', 202537534, 'impression', '2', 240388041L, datetime.datetime(2013, 5, 17, 9, 57, 59), 0.274110081951272, False, 'time']
['fitz-santos', 202537534, 'impression', '5', 240385609L, datetime.datetime(2013, 5, 17, 9, 57, 59), 0.109918857147495, False, 'time']
['fitz-santos', 202537534, 'impression', '1', 240389649L, datetime.datetime(2013, 5, 17, 10, 9, 57), 0.141933869029473, False, 'time']
['fitz-santos', 202537534, 'impression', '5', 240385609L, datetime.datetime(2013, 5, 17, 10, 9, 57), 0.109918857147495, False, 'time']
['fitz-santos', 202537534, 'impression', '2', 240388041L, datetime.datetime(2013, 5, 17, 10, 9, 57), 0.274110081951272, False, 'time']
['fitz-santos', 202537534, 'impression', '2', 240388041L, datetime.datetime(2013, 5, 17, 10, 14, 49), 0.274110081951272, False, 'time']
['fitz-santos', 202537534, 'impression', '1', 240389649L, datetime.datetime(2013, 5, 17, 10, 14, 49), 0.141933869029473, False, 'time']
['fitz-santos', 202537534, 'impression', '5', 240385609L, datetime.datetime(2013, 5, 17, 10, 14, 49), 0.109918857147495, False, 'time']

['fitz-santos', 202537534, 'impression', '2', 240388041L, datetime.datetime(2013, 5, 17, 10, 45, 20), 0.274110081951272, False, 'time']
['fitz-santos', 202537534, 'impression', '5', 240385609L, datetime.datetime(2013, 5, 17, 10, 45, 20), 0.109918857147495, False, 'time']
['fitz-santos', 202537534, 'impression', '1', 240389649L, datetime.datetime(2013, 5, 17, 10, 45, 20), 0.141933869029473, False, 'time']
['fitz-santos', 202537534, 'impression', '5', 240385609L, datetime.datetime(2013, 5, 17, 11, 15, 16), 0.109918857147495, False, 'time']
['fitz-santos', 202537534, 'impression', '1', 240389649L, datetime.datetime(2013, 5, 17, 11, 15, 16), 0.141933869029473, False, 'time']
['fitz-santos', 202537534, 'impression', '2', 240388041L, datetime.datetime(2013, 5, 17, 11, 15, 16), 0.274110081951272, False, 'time']

['fitz-santos', 202537534, 'impression', '1', 240389649L, datetime.datetime(2013, 5, 17, 13, 18, 18), 0.141933869029473, False, 'time']
['fitz-santos', 202537534, 'impression', '5', 240385609L, datetime.datetime(2013, 5, 17, 13, 18, 18), 0.109918857147495, False, 'time']
['fitz-santos', 202537534, 'impression', '2', 240388041L, datetime.datetime(2013, 5, 17, 13, 18, 18), 0.274110081951272, False, 'time']

['fitz-santos', 202537534, 'impression', '5', 240385609L, datetime.datetime(2013, 5, 17, 14, 20, 56), 0.109918857147495, False, 'time']
['fitz-santos', 202537534, 'impression', '2', 240388041L, datetime.datetime(2013, 5, 17, 14, 20, 56), 0.274110081951272, False, 'time']
['fitz-santos', 202537534, 'impression', '1', 240389649L, datetime.datetime(2013, 5, 17, 14, 20, 56), 0.141933869029473, False, 'time']

['fitz-santos', 202537534, 'impression', '1', 240389649L, datetime.datetime(2013, 5, 18, 3, 38, 24), 0.141933869029473, False, 'time']
['fitz-santos', 202537534, 'impression', '2', 240388041L, datetime.datetime(2013, 5, 18, 3, 38, 24), 0.274110081951272, False, 'time']
['fitz-santos', 202537534, 'impression', '5', 240385609L, datetime.datetime(2013, 5, 18, 3, 38, 24), 0.109918857147495, False, 'time']

['fitz-santos', 202537534, 'impression', '1', 240389649L, datetime.datetime(2013, 5, 27, 1, 47, 51), 0.141933869029473, False, 'time']
['fitz-santos', 202537534, 'impression', '3', 240385609L, datetime.datetime(2013, 5, 27, 1, 47, 51), 0.109918857147495, False, 'time']

['fitz-santos', 202537534, 'impression', '3', 240385609L, datetime.datetime(2013, 5, 27, 3, 34, 23), 0.109918857147495, False, 'time']
['fitz-santos', 202537534, 'impression', '1', 240389649L, datetime.datetime(2013, 5, 27, 3, 34, 23), 0.141933869029473, False, 'time']

