['glamguju', 202590490, 'impression', '4', 241503207L, datetime.datetime(2013, 5, 28, 16, 59, 17), 0.0186125295909544, False, 'best']
['glamguju', 202590490, 'impression', '3', 241502131L, datetime.datetime(2013, 5, 28, 16, 59, 17), 0.0266405248557729, False, 'best']
['glamguju', 202590490, 'impression', '2', 241504801L, datetime.datetime(2013, 5, 28, 16, 59, 17), 0.0304991690796114, True, 'best']
['glamguju', 202590490, 'impression', '1', 241501451L, datetime.datetime(2013, 5, 28, 16, 59, 17), 0.0418726993156258, False, 'best']
['glamguju', 202590490, 'impression', '5', 241502703L, datetime.datetime(2013, 5, 28, 16, 59, 17), 0.00884717503639364, False, 'best']
['glamguju', 202590490, 'impression', '6', 241501208L, datetime.datetime(2013, 5, 28, 16, 59, 17), 0.00799568529862845, False, 'best']

['glamguju', 202590490, 'impression', '4', 241514358L, datetime.datetime(2013, 5, 29, 13, 57, 56), 0.0212639948929369, False, 'best']
['glamguju', 202590490, 'impression', '2', 241504801L, datetime.datetime(2013, 5, 29, 13, 57, 56), 0.0304991690796114, True, 'best']
['glamguju', 202590490, 'impression', '3', 241502131L, datetime.datetime(2013, 5, 29, 13, 57, 56), 0.0266405248557729, False, 'best']
['glamguju', 202590490, 'impression', '6', 241503207L, datetime.datetime(2013, 5, 29, 13, 57, 56), 0.0186125295909544, False, 'best']
['glamguju', 202590490, 'impression', '7', 241502703L, datetime.datetime(2013, 5, 29, 13, 57, 56), 0.00884717503639364, False, 'best']
['glamguju', 202590490, 'impression', '1', 241501451L, datetime.datetime(2013, 5, 29, 13, 57, 56), 0.0418726993156258, False, 'best']
['glamguju', 202590490, 'impression', '8', 241501208L, datetime.datetime(2013, 5, 29, 13, 57, 56), 0.00799568529862845, False, 'best']
['glamguju', 202590490, 'impression', '5', 241515006L, datetime.datetime(2013, 5, 29, 13, 57, 56), 0.020055273183104, False, 'best']
['glamguju', 202590490, 'view_full_application_via_name', '4', 241514358L, datetime.datetime(2013, 5, 29, 13, 58, 16), 0.0212639948929369, False, 'best']
['glamguju', 202590490, 'impression', '3', 241502131L, datetime.datetime(2013, 5, 29, 13, 58, 20), 0.0266405248557729, False, 'best']
['glamguju', 202590490, 'impression', '6', 241503207L, datetime.datetime(2013, 5, 29, 13, 58, 20), 0.0186125295909544, False, 'best']
['glamguju', 202590490, 'impression', '8', 241501208L, datetime.datetime(2013, 5, 29, 13, 58, 20), 0.00799568529862845, False, 'best']
['glamguju', 202590490, 'impression', '1', 241501451L, datetime.datetime(2013, 5, 29, 13, 58, 20), 0.0418726993156258, False, 'best']
['glamguju', 202590490, 'impression', '7', 241502703L, datetime.datetime(2013, 5, 29, 13, 58, 20), 0.00884717503639364, False, 'best']
['glamguju', 202590490, 'impression', '4', 241514358L, datetime.datetime(2013, 5, 29, 13, 58, 20), 0.0212639948929369, False, 'best']
['glamguju', 202590490, 'impression', '5', 241515006L, datetime.datetime(2013, 5, 29, 13, 58, 20), 0.020055273183104, False, 'best']
['glamguju', 202590490, 'impression', '2', 241504801L, datetime.datetime(2013, 5, 29, 13, 58, 20), 0.0304991690796114, True, 'best']
['glamguju', 202590490, 'expand_tile', '4', 241514358L, datetime.datetime(2013, 5, 29, 13, 58, 22), 0.0212639948929369, False, 'best']
['glamguju', 202590490, 'send_message', '4', 241514358L, datetime.datetime(2013, 5, 29, 13, 58, 43), 0.0212639948929369, False, 'best']
['glamguju', 202590490, 'send_message', '4', 241514358L, datetime.datetime(2013, 5, 29, 14, 3, 36), 0.0212639948929369, False, 'best']

