['goldenera', 202584289, 'impression', '3', 241356687L, datetime.datetime(2013, 5, 27, 1, 10, 31), 0.0985287481785173, False, 'time']
['goldenera', 202584289, 'impression', '2', 241357005L, datetime.datetime(2013, 5, 27, 1, 10, 31), 0.0554112833609842, False, 'time']
['goldenera', 202584289, 'impression', '1', 241357059L, datetime.datetime(2013, 5, 27, 1, 10, 31), 0.129985747072569, False, 'time']
['goldenera', 202584289, 'impression', '1', 241357059L, datetime.datetime(2013, 5, 27, 1, 10, 36), 0.129985747072569, False, 'time']
['goldenera', 202584289, 'impression', '1', 241357059L, datetime.datetime(2013, 5, 27, 1, 10, 37), 0.129985747072569, False, 'time']
['goldenera', 202584289, 'impression', '3', 241356687L, datetime.datetime(2013, 5, 27, 1, 11, 8), 0.0985287481785173, False, 'time']
['goldenera', 202584289, 'impression', '1', 241357005L, datetime.datetime(2013, 5, 27, 1, 11, 47), 0.0554112833609842, False, 'time']
['goldenera', 202584289, 'impression', '2', 241356687L, datetime.datetime(2013, 5, 27, 1, 11, 47), 0.0985287481785173, False, 'time']
['goldenera', 202584289, 'expand_tile', '1', 241357005L, datetime.datetime(2013, 5, 27, 1, 11, 49), 0.0554112833609842, False, 'time']
['goldenera', 202584289, 'send_message', '1', 241357005L, datetime.datetime(2013, 5, 27, 1, 11, 50), 0.0554112833609842, False, 'time']
['goldenera', 202584289, 'expand_tile', '1', 241357005L, datetime.datetime(2013, 5, 27, 1, 11, 55), 0.0554112833609842, False, 'time']
['goldenera', 202584289, 'expand_tile', '2', 241356687L, datetime.datetime(2013, 5, 27, 1, 11, 57), 0.0985287481785173, False, 'time']
['goldenera', 202584289, 'send_message', '2', 241356687L, datetime.datetime(2013, 5, 27, 1, 11, 59), 0.0985287481785173, False, 'time']
['goldenera', 202584289, 'expand_tile', '2', 241356687L, datetime.datetime(2013, 5, 27, 1, 12, 1), 0.0985287481785173, False, 'time']

['goldenera', 202584289, 'impression', '3', 241368587L, datetime.datetime(2013, 5, 27, 10, 51, 25), 0.0449708921857962, False, 'time']
['goldenera', 202584289, 'impression', '8', 241363748L, datetime.datetime(2013, 5, 27, 10, 51, 25), 0.108181331708658, False, 'time']
['goldenera', 202584289, 'impression', '5', 241367910L, datetime.datetime(2013, 5, 27, 10, 51, 25), 0.0550465549315535, False, 'time']
['goldenera', 202584289, 'impression', '16', 241357005L, datetime.datetime(2013, 5, 27, 10, 51, 25), 0.0554112833609842, False, 'time']
['goldenera', 202584289, 'impression', '12', 241360278L, datetime.datetime(2013, 5, 27, 10, 51, 25), 0.0459676242379786, False, 'time']
['goldenera', 202584289, 'impression', '4', 241368503L, datetime.datetime(2013, 5, 27, 10, 51, 25), 0.0606826653602485, False, 'time']
['goldenera', 202584289, 'impression', '2', 241374859L, datetime.datetime(2013, 5, 27, 10, 51, 25), 0.121378056772116, False, 'time']
['goldenera', 202584289, 'impression', '10', 241361014L, datetime.datetime(2013, 5, 27, 10, 51, 25), 0.0204546558638404, False, 'time']
['goldenera', 202584289, 'impression', '9', 241362235L, datetime.datetime(2013, 5, 27, 10, 51, 25), 0.147290499405051, False, 'time']
['goldenera', 202584289, 'impression', '1', 241377347L, datetime.datetime(2013, 5, 27, 10, 51, 25), 0.0485195827325898, False, 'time']
['goldenera', 202584289, 'impression', '15', 241357878L, datetime.datetime(2013, 5, 27, 10, 51, 25), 0.0823734958297004, False, 'time']
['goldenera', 202584289, 'impression', '17', 241356687L, datetime.datetime(2013, 5, 27, 10, 51, 25), 0.0985287481785173, False, 'time']
['goldenera', 202584289, 'impression', '11', 241360289L, datetime.datetime(2013, 5, 27, 10, 51, 25), 0.037424427723814, False, 'time']
['goldenera', 202584289, 'impression', '14', 241357887L, datetime.datetime(2013, 5, 27, 10, 51, 25), 0.0451947549272276, False, 'time']
['goldenera', 202584289, 'impression', '13', 241358377L, datetime.datetime(2013, 5, 27, 10, 51, 25), 0.0334676462242308, False, 'time']
['goldenera', 202584289, 'impression', '7', 241363810L, datetime.datetime(2013, 5, 27, 10, 51, 25), 0.033626561374891, False, 'time']
['goldenera', 202584289, 'impression', '6', 241364617L, datetime.datetime(2013, 5, 27, 10, 51, 25), 0.0945355279161207, False, 'time']
['goldenera', 202584289, 'impression', '6', 241364617L, datetime.datetime(2013, 5, 27, 10, 51, 32), 0.0945355279161207, False, 'time']
['goldenera', 202584289, 'impression', '5', 241367910L, datetime.datetime(2013, 5, 27, 10, 51, 32), 0.0550465549315535, False, 'time']
['goldenera', 202584289, 'impression', '5', 241367910L, datetime.datetime(2013, 5, 27, 10, 51, 32), 0.0550465549315535, False, 'time']
['goldenera', 202584289, 'impression', '6', 241364617L, datetime.datetime(2013, 5, 27, 10, 51, 34), 0.0945355279161207, False, 'time']
['goldenera', 202584289, 'impression', '6', 241364617L, datetime.datetime(2013, 5, 27, 10, 51, 35), 0.0945355279161207, False, 'time']
['goldenera', 202584289, 'impression', '6', 241364617L, datetime.datetime(2013, 5, 27, 10, 51, 36), 0.0945355279161207, False, 'time']
['goldenera', 202584289, 'impression', '8', 241363748L, datetime.datetime(2013, 5, 27, 10, 51, 37), 0.108181331708658, False, 'time']
['goldenera', 202584289, 'impression', '8', 241363748L, datetime.datetime(2013, 5, 27, 10, 51, 38), 0.108181331708658, False, 'time']
['goldenera', 202584289, 'impression', '9', 241362235L, datetime.datetime(2013, 5, 27, 10, 51, 39), 0.147290499405051, False, 'time']
['goldenera', 202584289, 'impression', '9', 241362235L, datetime.datetime(2013, 5, 27, 10, 51, 41), 0.147290499405051, False, 'time']
['goldenera', 202584289, 'impression', '9', 241362235L, datetime.datetime(2013, 5, 27, 10, 51, 42), 0.147290499405051, False, 'time']
['goldenera', 202584289, 'impression', '10', 241361014L, datetime.datetime(2013, 5, 27, 10, 51, 43), 0.0204546558638404, False, 'time']
['goldenera', 202584289, 'impression', '15', 241357878L, datetime.datetime(2013, 5, 27, 10, 51, 52), 0.0823734958297004, False, 'time']
['goldenera', 202584289, 'impression', '15', 241357878L, datetime.datetime(2013, 5, 27, 10, 51, 55), 0.0823734958297004, False, 'time']
['goldenera', 202584289, 'impression', '16', 241357005L, datetime.datetime(2013, 5, 27, 10, 51, 55), 0.0554112833609842, False, 'time']

['goldenera', 202584289, 'impression', '9', 241368503L, datetime.datetime(2013, 5, 27, 21, 1, 18), 0.0606826653602485, False, 'time']
['goldenera', 202584289, 'impression', '7', 241374859L, datetime.datetime(2013, 5, 27, 21, 1, 18), 0.121378056772116, False, 'time']
['goldenera', 202584289, 'impression', '1', 241429549L, datetime.datetime(2013, 5, 27, 21, 1, 18), 0.00980170820023104, False, 'time']
['goldenera', 202584289, 'impression', '3', 241410455L, datetime.datetime(2013, 5, 27, 21, 1, 18), 0.0336795467470212, False, 'time']
['goldenera', 202584289, 'impression', '16', 241357005L, datetime.datetime(2013, 5, 27, 21, 1, 18), 0.0554112833609842, False, 'time']
['goldenera', 202584289, 'impression', '13', 241360278L, datetime.datetime(2013, 5, 27, 21, 1, 18), 0.0459676242379786, False, 'time']
['goldenera', 202584289, 'impression', '8', 241368587L, datetime.datetime(2013, 5, 27, 21, 1, 18), 0.0449708921857962, False, 'time']
['goldenera', 202584289, 'impression', '2', 241417117L, datetime.datetime(2013, 5, 27, 21, 1, 18), 0.0321236651878255, False, 'time']
['goldenera', 202584289, 'impression', '15', 241357887L, datetime.datetime(2013, 5, 27, 21, 1, 18), 0.0451947549272276, False, 'time']
['goldenera', 202584289, 'impression', '4', 241408640L, datetime.datetime(2013, 5, 27, 21, 1, 18), 0.0301758934841441, False, 'time']
['goldenera', 202584289, 'impression', '14', 241358377L, datetime.datetime(2013, 5, 27, 21, 1, 18), 0.0334676462242308, False, 'time']
['goldenera', 202584289, 'impression', '10', 241363810L, datetime.datetime(2013, 5, 27, 21, 1, 18), 0.033626561374891, False, 'time']
['goldenera', 202584289, 'impression', '17', 241356687L, datetime.datetime(2013, 5, 27, 21, 1, 18), 0.0985287481785173, False, 'time']
['goldenera', 202584289, 'impression', '12', 241360289L, datetime.datetime(2013, 5, 27, 21, 1, 18), 0.037424427723814, False, 'time']
['goldenera', 202584289, 'impression', '5', 241402453L, datetime.datetime(2013, 5, 27, 21, 1, 18), 0.195440124455183, False, 'time']
['goldenera', 202584289, 'impression', '6', 241394527L, datetime.datetime(2013, 5, 27, 21, 1, 18), 0.0427962068245199, False, 'time']
['goldenera', 202584289, 'impression', '11', 241361014L, datetime.datetime(2013, 5, 27, 21, 1, 18), 0.0204546558638404, False, 'time']
['goldenera', 202584289, 'impression', '1', 241429549L, datetime.datetime(2013, 5, 27, 21, 1, 22), 0.00980170820023104, False, 'time']
['goldenera', 202584289, 'impression', '2', 241417117L, datetime.datetime(2013, 5, 27, 21, 1, 24), 0.0321236651878255, False, 'time']
['goldenera', 202584289, 'impression', '2', 241417117L, datetime.datetime(2013, 5, 27, 21, 1, 24), 0.0321236651878255, False, 'time']
['goldenera', 202584289, 'impression', '3', 241410455L, datetime.datetime(2013, 5, 27, 21, 1, 24), 0.0336795467470212, False, 'time']
['goldenera', 202584289, 'impression', '4', 241408640L, datetime.datetime(2013, 5, 27, 21, 1, 27), 0.0301758934841441, False, 'time']
['goldenera', 202584289, 'impression', '4', 241408640L, datetime.datetime(2013, 5, 27, 21, 1, 27), 0.0301758934841441, False, 'time']
['goldenera', 202584289, 'impression', '5', 241402453L, datetime.datetime(2013, 5, 27, 21, 1, 27), 0.195440124455183, False, 'time']
['goldenera', 202584289, 'impression', '10', 241363810L, datetime.datetime(2013, 5, 27, 21, 1, 47), 0.033626561374891, False, 'time']
['goldenera', 202584289, 'impression', '10', 241363810L, datetime.datetime(2013, 5, 27, 21, 1, 47), 0.033626561374891, False, 'time']
['goldenera', 202584289, 'impression', '7', 241361014L, datetime.datetime(2013, 5, 27, 21, 2, 47), 0.0204546558638404, False, 'time']
['goldenera', 202584289, 'impression', '9', 241360278L, datetime.datetime(2013, 5, 27, 21, 2, 47), 0.0459676242379786, False, 'time']
['goldenera', 202584289, 'impression', '12', 241357005L, datetime.datetime(2013, 5, 27, 21, 2, 47), 0.0554112833609842, False, 'time']
['goldenera', 202584289, 'impression', '1', 241410455L, datetime.datetime(2013, 5, 27, 21, 2, 47), 0.0336795467470212, False, 'time']
['goldenera', 202584289, 'impression', '4', 241374859L, datetime.datetime(2013, 5, 27, 21, 2, 47), 0.121378056772116, False, 'time']
['goldenera', 202584289, 'impression', '6', 241368503L, datetime.datetime(2013, 5, 27, 21, 2, 47), 0.0606826653602485, False, 'time']
['goldenera', 202584289, 'impression', '5', 241368587L, datetime.datetime(2013, 5, 27, 21, 2, 47), 0.0449708921857962, False, 'time']
['goldenera', 202584289, 'impression', '2', 241402453L, datetime.datetime(2013, 5, 27, 21, 2, 47), 0.195440124455183, False, 'time']
['goldenera', 202584289, 'impression', '13', 241356687L, datetime.datetime(2013, 5, 27, 21, 2, 47), 0.0985287481785173, False, 'time']
['goldenera', 202584289, 'impression', '8', 241360289L, datetime.datetime(2013, 5, 27, 21, 2, 47), 0.037424427723814, False, 'time']
['goldenera', 202584289, 'impression', '11', 241357887L, datetime.datetime(2013, 5, 27, 21, 2, 47), 0.0451947549272276, False, 'time']
['goldenera', 202584289, 'impression', '10', 241358377L, datetime.datetime(2013, 5, 27, 21, 2, 47), 0.0334676462242308, False, 'time']
['goldenera', 202584289, 'impression', '3', 241394527L, datetime.datetime(2013, 5, 27, 21, 2, 47), 0.0427962068245199, False, 'time']
['goldenera', 202584289, 'expand_tile', '2', 241402453L, datetime.datetime(2013, 5, 27, 21, 2, 52), 0.195440124455183, False, 'time']
['goldenera', 202584289, 'send_message', '2', 241402453L, datetime.datetime(2013, 5, 27, 21, 2, 54), 0.195440124455183, False, 'time']
['goldenera', 202584289, 'expand_tile', '2', 241402453L, datetime.datetime(2013, 5, 27, 21, 3), 0.195440124455183, False, 'time']
['goldenera', 202584289, 'expand_tile', '11', 241357887L, datetime.datetime(2013, 5, 27, 21, 3, 26), 0.0451947549272276, False, 'time']
['goldenera', 202584289, 'send_message', '11', 241357887L, datetime.datetime(2013, 5, 27, 21, 3, 28), 0.0451947549272276, False, 'time']
['goldenera', 202584289, 'expand_tile', '11', 241357887L, datetime.datetime(2013, 5, 27, 21, 3, 32), 0.0451947549272276, False, 'time']
['goldenera', 202584289, 'impression', '13', 241356687L, datetime.datetime(2013, 5, 27, 21, 10, 10), 0.0985287481785173, False, 'time']
['goldenera', 202584289, 'impression', '8', 241360289L, datetime.datetime(2013, 5, 27, 21, 10, 10), 0.037424427723814, False, 'time']
['goldenera', 202584289, 'impression', '2', 241402453L, datetime.datetime(2013, 5, 27, 21, 10, 10), 0.195440124455183, False, 'time']
['goldenera', 202584289, 'impression', '12', 241357005L, datetime.datetime(2013, 5, 27, 21, 10, 10), 0.0554112833609842, False, 'time']
['goldenera', 202584289, 'impression', '1', 241410455L, datetime.datetime(2013, 5, 27, 21, 10, 10), 0.0336795467470212, False, 'time']
['goldenera', 202584289, 'impression', '9', 241360278L, datetime.datetime(2013, 5, 27, 21, 10, 10), 0.0459676242379786, False, 'time']
['goldenera', 202584289, 'impression', '3', 241394527L, datetime.datetime(2013, 5, 27, 21, 10, 10), 0.0427962068245199, False, 'time']
['goldenera', 202584289, 'impression', '4', 241374859L, datetime.datetime(2013, 5, 27, 21, 10, 10), 0.121378056772116, False, 'time']
['goldenera', 202584289, 'impression', '6', 241368503L, datetime.datetime(2013, 5, 27, 21, 10, 10), 0.0606826653602485, False, 'time']
['goldenera', 202584289, 'impression', '11', 241357887L, datetime.datetime(2013, 5, 27, 21, 10, 10), 0.0451947549272276, False, 'time']
['goldenera', 202584289, 'impression', '10', 241358377L, datetime.datetime(2013, 5, 27, 21, 10, 10), 0.0334676462242308, False, 'time']
['goldenera', 202584289, 'impression', '7', 241361014L, datetime.datetime(2013, 5, 27, 21, 10, 10), 0.0204546558638404, False, 'time']
['goldenera', 202584289, 'impression', '5', 241368587L, datetime.datetime(2013, 5, 27, 21, 10, 10), 0.0449708921857962, False, 'time']
['goldenera', 202584289, 'expand_tile', '1', 241410455L, datetime.datetime(2013, 5, 27, 21, 10, 15), 0.0336795467470212, False, 'time']
['goldenera', 202584289, 'send_message', '1', 241410455L, datetime.datetime(2013, 5, 27, 21, 10, 16), 0.0336795467470212, False, 'time']
['goldenera', 202584289, 'expand_tile', '1', 241410455L, datetime.datetime(2013, 5, 27, 21, 10, 17), 0.0336795467470212, False, 'time']
['goldenera', 202584289, 'expand_tile', '3', 241394527L, datetime.datetime(2013, 5, 27, 21, 10, 25), 0.0427962068245199, False, 'time']
['goldenera', 202584289, 'send_message', '3', 241394527L, datetime.datetime(2013, 5, 27, 21, 10, 26), 0.0427962068245199, False, 'time']
['goldenera', 202584289, 'expand_tile', '3', 241394527L, datetime.datetime(2013, 5, 27, 21, 10, 28), 0.0427962068245199, False, 'time']
['goldenera', 202584289, 'impression', '4', 241374859L, datetime.datetime(2013, 5, 27, 21, 10, 31), 0.121378056772116, False, 'time']
['goldenera', 202584289, 'impression', '4', 241374859L, datetime.datetime(2013, 5, 27, 21, 10, 32), 0.121378056772116, False, 'time']
['goldenera', 202584289, 'impression', '6', 241368503L, datetime.datetime(2013, 5, 27, 21, 10, 33), 0.0606826653602485, False, 'time']
['goldenera', 202584289, 'impression', '6', 241368503L, datetime.datetime(2013, 5, 27, 21, 10, 33), 0.0606826653602485, False, 'time']
['goldenera', 202584289, 'impression', '7', 241361014L, datetime.datetime(2013, 5, 27, 21, 10, 34), 0.0204546558638404, False, 'time']
['goldenera', 202584289, 'impression', '7', 241361014L, datetime.datetime(2013, 5, 27, 21, 10, 34), 0.0204546558638404, False, 'time']
['goldenera', 202584289, 'expand_tile', '8', 241360289L, datetime.datetime(2013, 5, 27, 21, 10, 39), 0.037424427723814, False, 'time']
['goldenera', 202584289, 'send_message', '8', 241360289L, datetime.datetime(2013, 5, 27, 21, 10, 41), 0.037424427723814, False, 'time']
['goldenera', 202584289, 'expand_tile', '8', 241360289L, datetime.datetime(2013, 5, 27, 21, 10, 43), 0.037424427723814, False, 'time']
['goldenera', 202584289, 'expand_tile', '5', 241368587L, datetime.datetime(2013, 5, 27, 21, 10, 50), 0.0449708921857962, False, 'time']
['goldenera', 202584289, 'send_message', '5', 241368587L, datetime.datetime(2013, 5, 27, 21, 10, 51), 0.0449708921857962, False, 'time']
['goldenera', 202584289, 'expand_tile', '5', 241368587L, datetime.datetime(2013, 5, 27, 21, 10, 52), 0.0449708921857962, False, 'time']
['goldenera', 202584289, 'expand_tile', '9', 241360278L, datetime.datetime(2013, 5, 27, 21, 10, 58), 0.0459676242379786, False, 'time']
['goldenera', 202584289, 'send_message', '9', 241360278L, datetime.datetime(2013, 5, 27, 21, 11, 1), 0.0459676242379786, False, 'time']
['goldenera', 202584289, 'expand_tile', '9', 241360278L, datetime.datetime(2013, 5, 27, 21, 11, 3), 0.0459676242379786, False, 'time']

['goldenera', 202584289, 'impression', '10', 241356687L, datetime.datetime(2013, 5, 27, 22, 48, 42), 0.0985287481785173, False, 'time']
['goldenera', 202584289, 'impression', '2', 241402453L, datetime.datetime(2013, 5, 27, 22, 48, 42), 0.195440124455183, False, 'time']
['goldenera', 202584289, 'impression', '5', 241360289L, datetime.datetime(2013, 5, 27, 22, 48, 42), 0.037424427723814, False, 'time']
['goldenera', 202584289, 'impression', '3', 241394527L, datetime.datetime(2013, 5, 27, 22, 48, 42), 0.0427962068245199, False, 'time']
['goldenera', 202584289, 'impression', '8', 241357887L, datetime.datetime(2013, 5, 27, 22, 48, 42), 0.0451947549272276, False, 'time']
['goldenera', 202584289, 'impression', '7', 241358377L, datetime.datetime(2013, 5, 27, 22, 48, 42), 0.0334676462242308, False, 'time']
['goldenera', 202584289, 'impression', '4', 241368587L, datetime.datetime(2013, 5, 27, 22, 48, 42), 0.0449708921857962, False, 'time']
['goldenera', 202584289, 'impression', '1', 241410455L, datetime.datetime(2013, 5, 27, 22, 48, 42), 0.0336795467470212, False, 'time']
['goldenera', 202584289, 'impression', '9', 241357005L, datetime.datetime(2013, 5, 27, 22, 48, 42), 0.0554112833609842, False, 'time']
['goldenera', 202584289, 'impression', '6', 241360278L, datetime.datetime(2013, 5, 27, 22, 48, 42), 0.0459676242379786, False, 'time']

['goldenera', 202584289, 'impression', '3', 241394527L, datetime.datetime(2013, 5, 28, 0, 10, 26), 0.0427962068245199, False, 'time']
['goldenera', 202584289, 'impression', '5', 241360289L, datetime.datetime(2013, 5, 28, 0, 10, 26), 0.037424427723814, False, 'time']
['goldenera', 202584289, 'impression', '10', 241356687L, datetime.datetime(2013, 5, 28, 0, 10, 26), 0.0985287481785173, False, 'time']
['goldenera', 202584289, 'impression', '2', 241402453L, datetime.datetime(2013, 5, 28, 0, 10, 26), 0.195440124455183, False, 'time']
['goldenera', 202584289, 'impression', '6', 241360278L, datetime.datetime(2013, 5, 28, 0, 10, 26), 0.0459676242379786, False, 'time']
['goldenera', 202584289, 'impression', '1', 241410455L, datetime.datetime(2013, 5, 28, 0, 10, 26), 0.0336795467470212, False, 'time']
['goldenera', 202584289, 'impression', '9', 241357005L, datetime.datetime(2013, 5, 28, 0, 10, 26), 0.0554112833609842, False, 'time']
['goldenera', 202584289, 'impression', '4', 241368587L, datetime.datetime(2013, 5, 28, 0, 10, 26), 0.0449708921857962, False, 'time']
['goldenera', 202584289, 'impression', '7', 241358377L, datetime.datetime(2013, 5, 28, 0, 10, 26), 0.0334676462242308, False, 'time']
['goldenera', 202584289, 'impression', '8', 241357887L, datetime.datetime(2013, 5, 28, 0, 10, 26), 0.0451947549272276, False, 'time']
['goldenera', 202584289, 'impression', '1', 241410455L, datetime.datetime(2013, 5, 28, 0, 12, 40), 0.0336795467470212, False, 'time']

['goldenera', 202584289, 'impression', '1', 241410455L, datetime.datetime(2013, 5, 28, 1, 18, 58), 0.0336795467470212, False, 'time']
['goldenera', 202584289, 'impression', '2', 241402453L, datetime.datetime(2013, 5, 28, 1, 19, 34), 0.195440124455183, False, 'time']
['goldenera', 202584289, 'impression', '4', 241368587L, datetime.datetime(2013, 5, 28, 1, 19, 34), 0.0449708921857962, False, 'time']
['goldenera', 202584289, 'impression', '1', 241410455L, datetime.datetime(2013, 5, 28, 1, 19, 39), 0.0336795467470212, False, 'time']

['goldenera', 202584289, 'impression', '10', 241360278L, datetime.datetime(2013, 5, 28, 13, 30, 31), 0.0459676242379786, False, 'time']
['goldenera', 202584289, 'impression', '5', 241410455L, datetime.datetime(2013, 5, 28, 13, 30, 31), 0.0336795467470212, False, 'time']
['goldenera', 202584289, 'impression', '13', 241357005L, datetime.datetime(2013, 5, 28, 13, 30, 31), 0.0554112833609842, False, 'time']
['goldenera', 202584289, 'impression', '2', 241459212L, datetime.datetime(2013, 5, 28, 13, 30, 31), 0.0672283648445171, False, 'time']
['goldenera', 202584289, 'impression', '6', 241402453L, datetime.datetime(2013, 5, 28, 13, 30, 31), 0.195440124455183, False, 'time']
['goldenera', 202584289, 'impression', '9', 241360289L, datetime.datetime(2013, 5, 28, 13, 30, 31), 0.037424427723814, False, 'time']
['goldenera', 202584289, 'impression', '8', 241368587L, datetime.datetime(2013, 5, 28, 13, 30, 31), 0.0449708921857962, False, 'time']
['goldenera', 202584289, 'impression', '7', 241394527L, datetime.datetime(2013, 5, 28, 13, 30, 31), 0.0427962068245199, False, 'time']
['goldenera', 202584289, 'impression', '1', 241482925L, datetime.datetime(2013, 5, 28, 13, 30, 31), 0.0121445638730566, False, 'time']
['goldenera', 202584289, 'impression', '11', 241358377L, datetime.datetime(2013, 5, 28, 13, 30, 31), 0.0334676462242308, False, 'time']
['goldenera', 202584289, 'impression', '12', 241357887L, datetime.datetime(2013, 5, 28, 13, 30, 31), 0.0451947549272276, False, 'time']
['goldenera', 202584289, 'impression', '4', 241441403L, datetime.datetime(2013, 5, 28, 13, 30, 31), 0.0766677583810047, False, 'time']
['goldenera', 202584289, 'impression', '3', 241449805L, datetime.datetime(2013, 5, 28, 13, 30, 31), 0.0209334310925705, False, 'time']
['goldenera', 202584289, 'view_full_application_via_message', '8', 241368587L, datetime.datetime(2013, 5, 28, 13, 30, 46), 0.0449708921857962, False, 'time']
['goldenera', 202584289, 'view_full_application_via_message', '8', 241368587L, datetime.datetime(2013, 5, 28, 13, 30, 52), 0.0449708921857962, False, 'time']
['goldenera', 202584289, 'view_full_application_via_message', '13', 241357005L, datetime.datetime(2013, 5, 28, 13, 31, 10), 0.0554112833609842, False, 'time']

['goldenera', 202584289, 'impression', '12', 241360278L, datetime.datetime(2013, 5, 28, 15, 20, 33), 0.0459676242379786, False, 'time']
['goldenera', 202584289, 'impression', '15', 241357005L, datetime.datetime(2013, 5, 28, 15, 20, 33), 0.0554112833609842, False, 'time']
['goldenera', 202584289, 'impression', '7', 241410455L, datetime.datetime(2013, 5, 28, 15, 20, 33), 0.0336795467470212, False, 'time']
['goldenera', 202584289, 'impression', '3', 241482925L, datetime.datetime(2013, 5, 28, 15, 20, 33), 0.0121445638730566, False, 'time']
['goldenera', 202584289, 'impression', '9', 241394527L, datetime.datetime(2013, 5, 28, 15, 20, 33), 0.0427962068245199, False, 'time']
['goldenera', 202584289, 'impression', '14', 241357887L, datetime.datetime(2013, 5, 28, 15, 20, 33), 0.0451947549272276, False, 'time']
['goldenera', 202584289, 'impression', '13', 241358377L, datetime.datetime(2013, 5, 28, 15, 20, 33), 0.0334676462242308, False, 'time']
['goldenera', 202584289, 'impression', '6', 241441403L, datetime.datetime(2013, 5, 28, 15, 20, 33), 0.0766677583810047, False, 'time']
['goldenera', 202584289, 'impression', '10', 241368587L, datetime.datetime(2013, 5, 28, 15, 20, 33), 0.0449708921857962, False, 'time']
['goldenera', 202584289, 'impression', '11', 241360289L, datetime.datetime(2013, 5, 28, 15, 20, 33), 0.037424427723814, False, 'time']
['goldenera', 202584289, 'impression', '4', 241459212L, datetime.datetime(2013, 5, 28, 15, 20, 33), 0.0672283648445171, False, 'time']
['goldenera', 202584289, 'impression', '8', 241402453L, datetime.datetime(2013, 5, 28, 15, 20, 33), 0.195440124455183, False, 'time']
['goldenera', 202584289, 'impression', '2', 241493044L, datetime.datetime(2013, 5, 28, 15, 20, 33), 0.0458547954195867, False, 'time']
['goldenera', 202584289, 'impression', '5', 241449805L, datetime.datetime(2013, 5, 28, 15, 20, 33), 0.0209334310925705, False, 'time']
['goldenera', 202584289, 'impression', '1', 241495588L, datetime.datetime(2013, 5, 28, 15, 20, 33), 0.113609966987618, False, 'time']
['goldenera', 202584289, 'view_full_application_via_message', '7', 241410455L, datetime.datetime(2013, 5, 28, 15, 20, 41), 0.0336795467470212, False, 'time']
['goldenera', 202584289, 'impression', '1', 241495588L, datetime.datetime(2013, 5, 28, 15, 20, 54), 0.113609966987618, False, 'time']
['goldenera', 202584289, 'impression', '3', 241482925L, datetime.datetime(2013, 5, 28, 15, 20, 54), 0.0121445638730566, False, 'time']
['goldenera', 202584289, 'impression', '9', 241394527L, datetime.datetime(2013, 5, 28, 15, 20, 54), 0.0427962068245199, False, 'time']
['goldenera', 202584289, 'impression', '14', 241357887L, datetime.datetime(2013, 5, 28, 15, 20, 54), 0.0451947549272276, False, 'time']
['goldenera', 202584289, 'impression', '6', 241441403L, datetime.datetime(2013, 5, 28, 15, 20, 54), 0.0766677583810047, False, 'time']
['goldenera', 202584289, 'impression', '13', 241358377L, datetime.datetime(2013, 5, 28, 15, 20, 54), 0.0334676462242308, False, 'time']
['goldenera', 202584289, 'impression', '8', 241402453L, datetime.datetime(2013, 5, 28, 15, 20, 54), 0.195440124455183, False, 'time']
['goldenera', 202584289, 'impression', '4', 241459212L, datetime.datetime(2013, 5, 28, 15, 20, 54), 0.0672283648445171, False, 'time']
['goldenera', 202584289, 'impression', '11', 241360289L, datetime.datetime(2013, 5, 28, 15, 20, 54), 0.037424427723814, False, 'time']
['goldenera', 202584289, 'impression', '10', 241368587L, datetime.datetime(2013, 5, 28, 15, 20, 54), 0.0449708921857962, False, 'time']
['goldenera', 202584289, 'impression', '15', 241357005L, datetime.datetime(2013, 5, 28, 15, 20, 54), 0.0554112833609842, False, 'time']
['goldenera', 202584289, 'impression', '7', 241410455L, datetime.datetime(2013, 5, 28, 15, 20, 54), 0.0336795467470212, False, 'time']
['goldenera', 202584289, 'impression', '12', 241360278L, datetime.datetime(2013, 5, 28, 15, 20, 54), 0.0459676242379786, False, 'time']
['goldenera', 202584289, 'impression', '2', 241493044L, datetime.datetime(2013, 5, 28, 15, 20, 54), 0.0458547954195867, False, 'time']
['goldenera', 202584289, 'impression', '5', 241449805L, datetime.datetime(2013, 5, 28, 15, 20, 54), 0.0209334310925705, False, 'time']
['goldenera', 202584289, 'impression', '2', 241493044L, datetime.datetime(2013, 5, 28, 15, 21, 1), 0.0458547954195867, False, 'time']
['goldenera', 202584289, 'impression', '2', 241493044L, datetime.datetime(2013, 5, 28, 15, 21, 1), 0.0458547954195867, False, 'time']
['goldenera', 202584289, 'impression', '3', 241482925L, datetime.datetime(2013, 5, 28, 15, 21, 2), 0.0121445638730566, False, 'time']
['goldenera', 202584289, 'impression', '3', 241482925L, datetime.datetime(2013, 5, 28, 15, 21, 3), 0.0121445638730566, False, 'time']
['goldenera', 202584289, 'impression', '6', 241441403L, datetime.datetime(2013, 5, 28, 15, 21, 6), 0.0766677583810047, False, 'time']
['goldenera', 202584289, 'impression', '6', 241441403L, datetime.datetime(2013, 5, 28, 15, 21, 8), 0.0766677583810047, False, 'time']
['goldenera', 202584289, 'expand_tile', '1', 241495588L, datetime.datetime(2013, 5, 28, 15, 21, 11), 0.113609966987618, False, 'time']
['goldenera', 202584289, 'send_message', '1', 241495588L, datetime.datetime(2013, 5, 28, 15, 21, 14), 0.113609966987618, False, 'time']
['goldenera', 202584289, 'expand_tile', '1', 241495588L, datetime.datetime(2013, 5, 28, 15, 21, 16), 0.113609966987618, False, 'time']
['goldenera', 202584289, 'expand_tile', '4', 241459212L, datetime.datetime(2013, 5, 28, 15, 21, 21), 0.0672283648445171, False, 'time']
['goldenera', 202584289, 'send_message', '4', 241459212L, datetime.datetime(2013, 5, 28, 15, 21, 22), 0.0672283648445171, False, 'time']
['goldenera', 202584289, 'expand_tile', '4', 241459212L, datetime.datetime(2013, 5, 28, 15, 21, 23), 0.0672283648445171, False, 'time']
['goldenera', 202584289, 'expand_tile', '5', 241449805L, datetime.datetime(2013, 5, 28, 15, 21, 29), 0.0209334310925705, False, 'time']
['goldenera', 202584289, 'send_message', '5', 241449805L, datetime.datetime(2013, 5, 28, 15, 21, 30), 0.0209334310925705, False, 'time']
['goldenera', 202584289, 'expand_tile', '5', 241449805L, datetime.datetime(2013, 5, 28, 15, 21, 32), 0.0209334310925705, False, 'time']

['goldenera', 202584289, 'impression', '5', 241410455L, datetime.datetime(2013, 5, 29, 14, 2, 36), 0.0336795467470212, False, 'time']
['goldenera', 202584289, 'impression', '10', 241360278L, datetime.datetime(2013, 5, 29, 14, 2, 36), 0.0459676242379786, False, 'time']
['goldenera', 202584289, 'impression', '13', 241357005L, datetime.datetime(2013, 5, 29, 14, 2, 36), 0.0554112833609842, False, 'time']
['goldenera', 202584289, 'impression', '8', 241368587L, datetime.datetime(2013, 5, 29, 14, 2, 36), 0.0449708921857962, False, 'time']
['goldenera', 202584289, 'impression', '7', 241394527L, datetime.datetime(2013, 5, 29, 14, 2, 36), 0.0427962068245199, False, 'time']
['goldenera', 202584289, 'impression', '12', 241357887L, datetime.datetime(2013, 5, 29, 14, 2, 36), 0.0451947549272276, False, 'time']
['goldenera', 202584289, 'impression', '11', 241358377L, datetime.datetime(2013, 5, 29, 14, 2, 36), 0.0334676462242308, False, 'time']
['goldenera', 202584289, 'impression', '1', 241519261L, datetime.datetime(2013, 5, 29, 14, 2, 36), 0.02684682165264, False, 'time']
['goldenera', 202584289, 'impression', '9', 241360289L, datetime.datetime(2013, 5, 29, 14, 2, 36), 0.037424427723814, False, 'time']
['goldenera', 202584289, 'impression', '6', 241402453L, datetime.datetime(2013, 5, 29, 14, 2, 36), 0.195440124455183, False, 'time']
['goldenera', 202584289, 'impression', '2', 241510541L, datetime.datetime(2013, 5, 29, 14, 2, 36), 0.012087473517885, False, 'time']
['goldenera', 202584289, 'impression', '3', 241459212L, datetime.datetime(2013, 5, 29, 14, 2, 36), 0.0672283648445171, False, 'time']
['goldenera', 202584289, 'impression', '4', 241449805L, datetime.datetime(2013, 5, 29, 14, 2, 36), 0.0209334310925705, False, 'time']
['goldenera', 202584289, 'impression', '2', 241510541L, datetime.datetime(2013, 5, 29, 14, 2, 42), 0.012087473517885, False, 'time']
['goldenera', 202584289, 'impression', '3', 241459212L, datetime.datetime(2013, 5, 29, 14, 2, 43), 0.0672283648445171, False, 'time']
['goldenera', 202584289, 'impression', '2', 241510541L, datetime.datetime(2013, 5, 29, 14, 2, 43), 0.012087473517885, False, 'time']

['goldenera', 202584289, 'impression', '9', 241368587L, datetime.datetime(2013, 5, 29, 17, 41, 26), 0.0449708921857962, False, 'time']
['goldenera', 202584289, 'impression', '1', 241600938L, datetime.datetime(2013, 5, 29, 17, 41, 26), 0.0618960016273252, False, 'time']
['goldenera', 202584289, 'impression', '8', 241394527L, datetime.datetime(2013, 5, 29, 17, 41, 26), 0.0427962068245199, False, 'time']
['goldenera', 202584289, 'impression', '10', 241360289L, datetime.datetime(2013, 5, 29, 17, 41, 26), 0.037424427723814, False, 'time']
['goldenera', 202584289, 'impression', '4', 241459212L, datetime.datetime(2013, 5, 29, 17, 41, 26), 0.0672283648445171, False, 'time']
['goldenera', 202584289, 'impression', '7', 241402453L, datetime.datetime(2013, 5, 29, 17, 41, 26), 0.195440124455183, False, 'time']
['goldenera', 202584289, 'impression', '2', 241597962L, datetime.datetime(2013, 5, 29, 17, 41, 26), 0.0406471031453834, False, 'time']
['goldenera', 202584289, 'impression', '5', 241449805L, datetime.datetime(2013, 5, 29, 17, 41, 26), 0.0209334310925705, False, 'time']
['goldenera', 202584289, 'impression', '14', 241357005L, datetime.datetime(2013, 5, 29, 17, 41, 26), 0.0554112833609842, False, 'time']
['goldenera', 202584289, 'impression', '11', 241360278L, datetime.datetime(2013, 5, 29, 17, 41, 26), 0.0459676242379786, False, 'time']
['goldenera', 202584289, 'impression', '6', 241410455L, datetime.datetime(2013, 5, 29, 17, 41, 26), 0.0336795467470212, False, 'time']
['goldenera', 202584289, 'impression', '13', 241357887L, datetime.datetime(2013, 5, 29, 17, 41, 26), 0.0451947549272276, False, 'time']
['goldenera', 202584289, 'impression', '12', 241358377L, datetime.datetime(2013, 5, 29, 17, 41, 26), 0.0334676462242308, False, 'time']
['goldenera', 202584289, 'impression', '3', 241519261L, datetime.datetime(2013, 5, 29, 17, 41, 26), 0.02684682165264, False, 'time']
['goldenera', 202584289, 'impression', '1', 241600938L, datetime.datetime(2013, 5, 29, 17, 41, 28), 0.0618960016273252, False, 'time']
['goldenera', 202584289, 'impression', '1', 241600938L, datetime.datetime(2013, 5, 29, 17, 41, 28), 0.0618960016273252, False, 'time']
['goldenera', 202584289, 'impression', '2', 241597962L, datetime.datetime(2013, 5, 29, 17, 41, 29), 0.0406471031453834, False, 'time']

['goldenera', 202584289, 'impression', '1', 241597962L, datetime.datetime(2013, 5, 29, 23, 2, 32), 0.0406471031453834, False, 'time']
['goldenera', 202584289, 'impression', '13', 241357005L, datetime.datetime(2013, 5, 29, 23, 2, 32), 0.0554112833609842, False, 'time']
['goldenera', 202584289, 'impression', '10', 241360278L, datetime.datetime(2013, 5, 29, 23, 2, 32), 0.0459676242379786, False, 'time']
['goldenera', 202584289, 'impression', '5', 241410455L, datetime.datetime(2013, 5, 29, 23, 2, 32), 0.0336795467470212, False, 'time']
['goldenera', 202584289, 'impression', '4', 241449805L, datetime.datetime(2013, 5, 29, 23, 2, 32), 0.0209334310925705, False, 'time']
['goldenera', 202584289, 'impression', '2', 241519261L, datetime.datetime(2013, 5, 29, 23, 2, 32), 0.02684682165264, False, 'time']
['goldenera', 202584289, 'impression', '7', 241394527L, datetime.datetime(2013, 5, 29, 23, 2, 32), 0.0427962068245199, False, 'time']
['goldenera', 202584289, 'impression', '3', 241459212L, datetime.datetime(2013, 5, 29, 23, 2, 32), 0.0672283648445171, False, 'time']
['goldenera', 202584289, 'impression', '6', 241402453L, datetime.datetime(2013, 5, 29, 23, 2, 32), 0.195440124455183, False, 'time']
['goldenera', 202584289, 'impression', '9', 241360289L, datetime.datetime(2013, 5, 29, 23, 2, 32), 0.037424427723814, False, 'time']
['goldenera', 202584289, 'impression', '8', 241368587L, datetime.datetime(2013, 5, 29, 23, 2, 32), 0.0449708921857962, False, 'time']
['goldenera', 202584289, 'impression', '11', 241358377L, datetime.datetime(2013, 5, 29, 23, 2, 32), 0.0334676462242308, False, 'time']
['goldenera', 202584289, 'impression', '12', 241357887L, datetime.datetime(2013, 5, 29, 23, 2, 32), 0.0451947549272276, False, 'time']
['goldenera', 202584289, 'expand_tile', '6', 241402453L, datetime.datetime(2013, 5, 29, 23, 3, 7), 0.195440124455183, False, 'time']

