['goodylad', 202573493, 'impression', '3', 241122062L, datetime.datetime(2013, 5, 23, 17, 14, 11), 0.0754607890688857, False, 'time']
['goodylad', 202573493, 'impression', '1', 241124041L, datetime.datetime(2013, 5, 23, 17, 14, 11), 0.022335052480185, False, 'time']
['goodylad', 202573493, 'impression', '2', 241123440L, datetime.datetime(2013, 5, 23, 17, 14, 11), 0.0282366244974491, False, 'time']
['goodylad', 202573493, 'expand_tile', '1', 241124041L, datetime.datetime(2013, 5, 23, 17, 14, 31), 0.022335052480185, False, 'time']
['goodylad', 202573493, 'view_full_application', '1', 241124041L, datetime.datetime(2013, 5, 23, 17, 14, 38), 0.022335052480185, False, 'time']

['goodylad', 202573493, 'impression', '7', 241125269L, datetime.datetime(2013, 5, 23, 20, 51, 44), 0.0301016156508384, False, 'time']
['goodylad', 202573493, 'impression', '3', 241138127L, datetime.datetime(2013, 5, 23, 20, 51, 44), 0.0335356506382055, False, 'time']
['goodylad', 202573493, 'impression', '2', 241139131L, datetime.datetime(2013, 5, 23, 20, 51, 44), 0.0462727878213462, False, 'time']
['goodylad', 202573493, 'impression', '5', 241127093L, datetime.datetime(2013, 5, 23, 20, 51, 44), 0.016349531645724, False, 'time']
['goodylad', 202573493, 'impression', '6', 241125391L, datetime.datetime(2013, 5, 23, 20, 51, 44), 0.0375691171637384, False, 'time']
['goodylad', 202573493, 'impression', '9', 241122062L, datetime.datetime(2013, 5, 23, 20, 51, 44), 0.0754607890688857, False, 'time']
['goodylad', 202573493, 'impression', '1', 241142140L, datetime.datetime(2013, 5, 23, 20, 51, 44), 0.0406639710557255, False, 'time']
['goodylad', 202573493, 'impression', '8', 241123440L, datetime.datetime(2013, 5, 23, 20, 51, 44), 0.0282366244974491, False, 'time']
['goodylad', 202573493, 'impression', '4', 241134479L, datetime.datetime(2013, 5, 23, 20, 51, 44), 0.0535844958264784, False, 'time']
['goodylad', 202573493, 'expand_tile', '2', 241139131L, datetime.datetime(2013, 5, 23, 20, 52, 22), 0.0462727878213462, False, 'time']
['goodylad', 202573493, 'view_full_application', '2', 241139131L, datetime.datetime(2013, 5, 23, 20, 52, 57), 0.0462727878213462, False, 'time']
['goodylad', 202573493, 'impression', '4', 241134479L, datetime.datetime(2013, 5, 23, 20, 54, 3), 0.0535844958264784, False, 'time']
['goodylad', 202573493, 'impression', '3', 241138127L, datetime.datetime(2013, 5, 23, 20, 54, 3), 0.0335356506382055, False, 'time']
['goodylad', 202573493, 'impression', '7', 241125269L, datetime.datetime(2013, 5, 23, 20, 54, 3), 0.0301016156508384, False, 'time']
['goodylad', 202573493, 'impression', '2', 241139131L, datetime.datetime(2013, 5, 23, 20, 54, 3), 0.0462727878213462, False, 'time']
['goodylad', 202573493, 'impression', '8', 241123440L, datetime.datetime(2013, 5, 23, 20, 54, 3), 0.0282366244974491, False, 'time']
['goodylad', 202573493, 'impression', '1', 241142140L, datetime.datetime(2013, 5, 23, 20, 54, 3), 0.0406639710557255, False, 'time']
['goodylad', 202573493, 'impression', '9', 241122062L, datetime.datetime(2013, 5, 23, 20, 54, 3), 0.0754607890688857, False, 'time']
['goodylad', 202573493, 'impression', '5', 241127093L, datetime.datetime(2013, 5, 23, 20, 54, 3), 0.016349531645724, False, 'time']
['goodylad', 202573493, 'impression', '6', 241125391L, datetime.datetime(2013, 5, 23, 20, 54, 3), 0.0375691171637384, False, 'time']
['goodylad', 202573493, 'impression', '7', 241125269L, datetime.datetime(2013, 5, 23, 20, 56, 43), 0.0301016156508384, False, 'time']
['goodylad', 202573493, 'impression', '2', 241139131L, datetime.datetime(2013, 5, 23, 20, 56, 43), 0.0462727878213462, False, 'time']
['goodylad', 202573493, 'impression', '3', 241138127L, datetime.datetime(2013, 5, 23, 20, 56, 43), 0.0335356506382055, False, 'time']
['goodylad', 202573493, 'impression', '8', 241123440L, datetime.datetime(2013, 5, 23, 20, 56, 43), 0.0282366244974491, False, 'time']
['goodylad', 202573493, 'impression', '9', 241122062L, datetime.datetime(2013, 5, 23, 20, 56, 43), 0.0754607890688857, False, 'time']
['goodylad', 202573493, 'impression', '1', 241142140L, datetime.datetime(2013, 5, 23, 20, 56, 43), 0.0406639710557255, False, 'time']
['goodylad', 202573493, 'impression', '5', 241127093L, datetime.datetime(2013, 5, 23, 20, 56, 43), 0.016349531645724, False, 'time']
['goodylad', 202573493, 'impression', '6', 241125391L, datetime.datetime(2013, 5, 23, 20, 56, 43), 0.0375691171637384, False, 'time']
['goodylad', 202573493, 'impression', '4', 241134479L, datetime.datetime(2013, 5, 23, 20, 56, 43), 0.0535844958264784, False, 'time']

