['gvs13', 202563585, 'impression', '7', 240930152L, datetime.datetime(2013, 5, 21, 14, 2, 28), 0.160092572712974, False, 'time']
['gvs13', 202563585, 'impression', '8', 240930045L, datetime.datetime(2013, 5, 21, 14, 2, 28), 0.112588103638121, False, 'time']
['gvs13', 202563585, 'impression', '4', 240930571L, datetime.datetime(2013, 5, 21, 14, 2, 28), 0.364234201264652, False, 'time']
['gvs13', 202563585, 'impression', '9', 240929890L, datetime.datetime(2013, 5, 21, 14, 2, 28), 0.128852526582066, False, 'time']
['gvs13', 202563585, 'impression', '5', 240930476L, datetime.datetime(2013, 5, 21, 14, 2, 28), 0.152720508806748, False, 'time']
['gvs13', 202563585, 'impression', '2', 240930719L, datetime.datetime(2013, 5, 21, 14, 2, 28), 0.191238827322285, False, 'time']
['gvs13', 202563585, 'impression', '1', 240930757L, datetime.datetime(2013, 5, 21, 14, 2, 28), 0.105531798518425, False, 'time']
['gvs13', 202563585, 'impression', '3', 240930660L, datetime.datetime(2013, 5, 21, 14, 2, 28), 0.158950731451216, False, 'time']
['gvs13', 202563585, 'impression', '6', 240930431L, datetime.datetime(2013, 5, 21, 14, 2, 28), 0.250963818250253, False, 'time']
['gvs13', 202563585, 'impression', '10', 240929744L, datetime.datetime(2013, 5, 21, 14, 2, 28), 0.131559752581098, False, 'time']
['gvs13', 202563585, 'impression', '13', 240929744L, datetime.datetime(2013, 5, 21, 14, 9, 45), 0.131559752581098, False, 'time']
['gvs13', 202563585, 'impression', '6', 240930660L, datetime.datetime(2013, 5, 21, 14, 9, 45), 0.158950731451216, False, 'time']
['gvs13', 202563585, 'impression', '9', 240930431L, datetime.datetime(2013, 5, 21, 14, 9, 45), 0.250963818250253, False, 'time']
['gvs13', 202563585, 'impression', '8', 240930476L, datetime.datetime(2013, 5, 21, 14, 9, 45), 0.152720508806748, False, 'time']
['gvs13', 202563585, 'impression', '1', 240931424L, datetime.datetime(2013, 5, 21, 14, 9, 45), 0.180898004699913, False, 'time']
['gvs13', 202563585, 'impression', '5', 240930719L, datetime.datetime(2013, 5, 21, 14, 9, 45), 0.191238827322285, False, 'time']
['gvs13', 202563585, 'impression', '12', 240929890L, datetime.datetime(2013, 5, 21, 14, 9, 45), 0.128852526582066, False, 'time']
['gvs13', 202563585, 'impression', '7', 240930571L, datetime.datetime(2013, 5, 21, 14, 9, 45), 0.364234201264652, False, 'time']
['gvs13', 202563585, 'impression', '3', 240930974L, datetime.datetime(2013, 5, 21, 14, 9, 45), 0.131687835578693, False, 'time']
['gvs13', 202563585, 'impression', '11', 240930045L, datetime.datetime(2013, 5, 21, 14, 9, 45), 0.112588103638121, False, 'time']
['gvs13', 202563585, 'impression', '4', 240930757L, datetime.datetime(2013, 5, 21, 14, 9, 45), 0.105531798518425, False, 'time']
['gvs13', 202563585, 'impression', '2', 240931236L, datetime.datetime(2013, 5, 21, 14, 9, 45), 0.0908281328415057, False, 'time']
['gvs13', 202563585, 'impression', '10', 240930152L, datetime.datetime(2013, 5, 21, 14, 9, 45), 0.160092572712974, False, 'time']

