['heart_breaker', 202536754, 'impression', '1', 240404208L, datetime.datetime(2013, 5, 15, 4, 55, 5), 0.271606785643442, False, 'time']
['heart_breaker', 202536754, 'impression', '2', 240403698L, datetime.datetime(2013, 5, 15, 4, 55, 5), 0.192470562960852, False, 'time']
['heart_breaker', 202536754, 'impression', '1', 240404208L, datetime.datetime(2013, 5, 15, 4, 55, 13), 0.271606785643442, False, 'time']

['heart_breaker', 202536754, 'impression', '4', 240506692L, datetime.datetime(2013, 5, 16, 5, 52, 21), 0.459939352692796, False, 'time']
['heart_breaker', 202536754, 'impression', '8', 240403698L, datetime.datetime(2013, 5, 16, 5, 52, 21), 0.192470562960852, False, 'time']
['heart_breaker', 202536754, 'impression', '2', 240507545L, datetime.datetime(2013, 5, 16, 5, 52, 21), 0.0182216270592877, False, 'time']
['heart_breaker', 202536754, 'impression', '7', 240404208L, datetime.datetime(2013, 5, 16, 5, 52, 21), 0.271606785643442, False, 'time']
['heart_breaker', 202536754, 'impression', '3', 240507436L, datetime.datetime(2013, 5, 16, 5, 52, 21), 0.0178854419444538, False, 'time']
['heart_breaker', 202536754, 'impression', '5', 240446479L, datetime.datetime(2013, 5, 16, 5, 52, 21), 0.062773171887514, False, 'time']
['heart_breaker', 202536754, 'impression', '1', 240507683L, datetime.datetime(2013, 5, 16, 5, 52, 21), 0.0708092873227729, False, 'time']
['heart_breaker', 202536754, 'impression', '6', 240427674L, datetime.datetime(2013, 5, 16, 5, 52, 21), 0.118920896922592, False, 'time']

['heart_breaker', 202536754, 'impression', '14', 240506692L, datetime.datetime(2013, 5, 16, 14, 38, 13), 0.459939352692796, False, 'time']
['heart_breaker', 202536754, 'impression', '13', 240506780L, datetime.datetime(2013, 5, 16, 14, 38, 13), 0.383582829287434, False, 'time']
['heart_breaker', 202536754, 'impression', '3', 240519434L, datetime.datetime(2013, 5, 16, 14, 38, 13), 0.192996976874211, False, 'time']
['heart_breaker', 202536754, 'impression', '2', 240519498L, datetime.datetime(2013, 5, 16, 14, 38, 13), 0.246111788387415, False, 'time']
['heart_breaker', 202536754, 'impression', '7', 240518353L, datetime.datetime(2013, 5, 16, 14, 38, 13), 0.328681862515511, False, 'time']
['heart_breaker', 202536754, 'impression', '11', 240507436L, datetime.datetime(2013, 5, 16, 14, 38, 13), 0.0178854419444538, False, 'time']
['heart_breaker', 202536754, 'impression', '4', 240519240L, datetime.datetime(2013, 5, 16, 14, 38, 13), 0.152513998312754, False, 'time']
['heart_breaker', 202536754, 'impression', '17', 240427674L, datetime.datetime(2013, 5, 16, 14, 38, 13), 0.118920896922592, False, 'time']
['heart_breaker', 202536754, 'impression', '15', 240506556L, datetime.datetime(2013, 5, 16, 14, 38, 13), 0.382253848802862, True, 'time']
['heart_breaker', 202536754, 'impression', '5', 240519185L, datetime.datetime(2013, 5, 16, 14, 38, 13), 0.134976938574721, False, 'time']
['heart_breaker', 202536754, 'impression', '9', 240507683L, datetime.datetime(2013, 5, 16, 14, 38, 13), 0.0708092873227729, False, 'time']
['heart_breaker', 202536754, 'impression', '16', 240446479L, datetime.datetime(2013, 5, 16, 14, 38, 13), 0.062773171887514, False, 'time']
['heart_breaker', 202536754, 'impression', '12', 240507213L, datetime.datetime(2013, 5, 16, 14, 38, 13), 0.134586161182577, False, 'time']
['heart_breaker', 202536754, 'impression', '19', 240403698L, datetime.datetime(2013, 5, 16, 14, 38, 13), 0.192470562960852, False, 'time']
['heart_breaker', 202536754, 'impression', '10', 240507545L, datetime.datetime(2013, 5, 16, 14, 38, 13), 0.0182216270592877, False, 'time']
['heart_breaker', 202536754, 'impression', '18', 240404208L, datetime.datetime(2013, 5, 16, 14, 38, 13), 0.271606785643442, False, 'time']
['heart_breaker', 202536754, 'impression', '1', 240519993L, datetime.datetime(2013, 5, 16, 14, 38, 13), 0.211376098670886, False, 'time']
['heart_breaker', 202536754, 'impression', '6', 240518628L, datetime.datetime(2013, 5, 16, 14, 38, 13), 0.104475499299669, False, 'time']
['heart_breaker', 202536754, 'impression', '8', 240508247L, datetime.datetime(2013, 5, 16, 14, 38, 13), 0.42237348006858, False, 'time']

['heart_breaker', 202536754, 'impression', '12', 240508247L, datetime.datetime(2013, 5, 17, 15, 23, 37), 0.42237348006858, False, 'time']
['heart_breaker', 202536754, 'impression', '9', 240518628L, datetime.datetime(2013, 5, 17, 15, 23, 37), 0.104475499299669, False, 'time']
['heart_breaker', 202536754, 'impression', '2', 240519753L, datetime.datetime(2013, 5, 17, 15, 23, 37), 0.158298941318446, False, 'time']
['heart_breaker', 202536754, 'impression', '4', 240519434L, datetime.datetime(2013, 5, 17, 15, 23, 37), 0.192996976874211, False, 'time']
['heart_breaker', 202536754, 'impression', '16', 240507436L, datetime.datetime(2013, 5, 17, 15, 23, 37), 0.0178854419444538, False, 'time']
['heart_breaker', 202536754, 'impression', '7', 240518823L, datetime.datetime(2013, 5, 17, 15, 23, 37), 0.103369942098791, False, 'time']
['heart_breaker', 202536754, 'impression', '11', 240518353L, datetime.datetime(2013, 5, 17, 15, 23, 37), 0.328681862515511, False, 'time']
['heart_breaker', 202536754, 'impression', '3', 240519498L, datetime.datetime(2013, 5, 17, 15, 23, 37), 0.246111788387415, False, 'time']
['heart_breaker', 202536754, 'impression', '5', 240519240L, datetime.datetime(2013, 5, 17, 15, 23, 37), 0.152513998312754, False, 'time']
['heart_breaker', 202536754, 'impression', '14', 240507683L, datetime.datetime(2013, 5, 17, 15, 23, 37), 0.0708092873227729, False, 'time']
['heart_breaker', 202536754, 'impression', '6', 240519185L, datetime.datetime(2013, 5, 17, 15, 23, 37), 0.134976938574721, False, 'time']
['heart_breaker', 202536754, 'impression', '8', 240518755L, datetime.datetime(2013, 5, 17, 15, 23, 37), 0.188006982761005, False, 'time']
['heart_breaker', 202536754, 'impression', '13', 240507827L, datetime.datetime(2013, 5, 17, 15, 23, 37), 0.190105265725163, False, 'time']
['heart_breaker', 202536754, 'impression', '17', 240507213L, datetime.datetime(2013, 5, 17, 15, 23, 37), 0.134586161182577, False, 'time']
['heart_breaker', 202536754, 'impression', '20', 240506556L, datetime.datetime(2013, 5, 17, 15, 23, 37), 0.382253848802862, True, 'time']
['heart_breaker', 202536754, 'impression', '10', 240518461L, datetime.datetime(2013, 5, 17, 15, 23, 37), 0.108996372319902, False, 'time']
['heart_breaker', 202536754, 'impression', '19', 240506692L, datetime.datetime(2013, 5, 17, 15, 23, 37), 0.459939352692796, False, 'time']
['heart_breaker', 202536754, 'impression', '18', 240506780L, datetime.datetime(2013, 5, 17, 15, 23, 37), 0.383582829287434, False, 'time']
['heart_breaker', 202536754, 'impression', '15', 240507545L, datetime.datetime(2013, 5, 17, 15, 23, 37), 0.0182216270592877, False, 'time']
['heart_breaker', 202536754, 'impression', '1', 240519993L, datetime.datetime(2013, 5, 17, 15, 23, 37), 0.211376098670886, False, 'time']
['heart_breaker', 202536754, 'impression', '20', 240506556L, datetime.datetime(2013, 5, 17, 15, 23, 48), 0.382253848802862, True, 'time']
['heart_breaker', 202536754, 'impression', '1', 240519993L, datetime.datetime(2013, 5, 17, 15, 29, 24), 0.211376098670886, False, 'time']
['heart_breaker', 202536754, 'impression', '15', 240507545L, datetime.datetime(2013, 5, 17, 15, 29, 24), 0.0182216270592877, False, 'time']
['heart_breaker', 202536754, 'impression', '7', 240518823L, datetime.datetime(2013, 5, 17, 15, 29, 24), 0.103369942098791, False, 'time']
['heart_breaker', 202536754, 'impression', '3', 240519498L, datetime.datetime(2013, 5, 17, 15, 29, 24), 0.246111788387415, False, 'time']
['heart_breaker', 202536754, 'impression', '11', 240518353L, datetime.datetime(2013, 5, 17, 15, 29, 24), 0.328681862515511, False, 'time']
['heart_breaker', 202536754, 'impression', '16', 240507436L, datetime.datetime(2013, 5, 17, 15, 29, 24), 0.0178854419444538, False, 'time']
['heart_breaker', 202536754, 'impression', '4', 240519434L, datetime.datetime(2013, 5, 17, 15, 29, 24), 0.192996976874211, False, 'time']
['heart_breaker', 202536754, 'impression', '6', 240519185L, datetime.datetime(2013, 5, 17, 15, 29, 24), 0.134976938574721, False, 'time']
['heart_breaker', 202536754, 'impression', '8', 240518755L, datetime.datetime(2013, 5, 17, 15, 29, 24), 0.188006982761005, False, 'time']
['heart_breaker', 202536754, 'impression', '13', 240507827L, datetime.datetime(2013, 5, 17, 15, 29, 24), 0.190105265725163, False, 'time']
['heart_breaker', 202536754, 'impression', '17', 240507213L, datetime.datetime(2013, 5, 17, 15, 29, 24), 0.134586161182577, False, 'time']
['heart_breaker', 202536754, 'impression', '14', 240507683L, datetime.datetime(2013, 5, 17, 15, 29, 24), 0.0708092873227729, False, 'time']
['heart_breaker', 202536754, 'impression', '20', 240506556L, datetime.datetime(2013, 5, 17, 15, 29, 24), 0.382253848802862, True, 'time']
['heart_breaker', 202536754, 'impression', '5', 240519240L, datetime.datetime(2013, 5, 17, 15, 29, 24), 0.152513998312754, False, 'time']
['heart_breaker', 202536754, 'impression', '18', 240506780L, datetime.datetime(2013, 5, 17, 15, 29, 24), 0.383582829287434, False, 'time']
['heart_breaker', 202536754, 'impression', '10', 240518461L, datetime.datetime(2013, 5, 17, 15, 29, 24), 0.108996372319902, False, 'time']
['heart_breaker', 202536754, 'impression', '19', 240506692L, datetime.datetime(2013, 5, 17, 15, 29, 24), 0.459939352692796, False, 'time']
['heart_breaker', 202536754, 'impression', '2', 240519753L, datetime.datetime(2013, 5, 17, 15, 29, 24), 0.158298941318446, False, 'time']
['heart_breaker', 202536754, 'impression', '9', 240518628L, datetime.datetime(2013, 5, 17, 15, 29, 24), 0.104475499299669, False, 'time']
['heart_breaker', 202536754, 'impression', '12', 240508247L, datetime.datetime(2013, 5, 17, 15, 29, 24), 0.42237348006858, False, 'time']

['heart_breaker', 202536754, 'impression', '16', 240507545L, datetime.datetime(2013, 5, 18, 16, 10), 0.0182216270592877, False, 'time']
['heart_breaker', 202536754, 'impression', '1', 240519993L, datetime.datetime(2013, 5, 18, 16, 10), 0.211376098670886, False, 'time']
['heart_breaker', 202536754, 'impression', '7', 240518961L, datetime.datetime(2013, 5, 18, 16, 10), 0.0848110109814687, False, 'time']
['heart_breaker', 202536754, 'impression', '5', 240519240L, datetime.datetime(2013, 5, 18, 16, 10), 0.152513998312754, False, 'time']
['heart_breaker', 202536754, 'impression', '17', 240507436L, datetime.datetime(2013, 5, 18, 16, 10), 0.0178854419444538, False, 'time']
['heart_breaker', 202536754, 'impression', '12', 240518353L, datetime.datetime(2013, 5, 18, 16, 10), 0.328681862515511, False, 'time']
['heart_breaker', 202536754, 'impression', '4', 240519434L, datetime.datetime(2013, 5, 18, 16, 10), 0.192996976874211, False, 'time']
['heart_breaker', 202536754, 'impression', '8', 240518823L, datetime.datetime(2013, 5, 18, 16, 10), 0.103369942098791, False, 'time']
['heart_breaker', 202536754, 'impression', '3', 240519498L, datetime.datetime(2013, 5, 18, 16, 10), 0.246111788387415, False, 'time']
['heart_breaker', 202536754, 'impression', '20', 240506692L, datetime.datetime(2013, 5, 18, 16, 10), 0.459939352692796, False, 'time']
['heart_breaker', 202536754, 'impression', '19', 240506780L, datetime.datetime(2013, 5, 18, 16, 10), 0.383582829287434, False, 'time']
['heart_breaker', 202536754, 'impression', '11', 240518461L, datetime.datetime(2013, 5, 18, 16, 10), 0.108996372319902, False, 'time']
['heart_breaker', 202536754, 'impression', '14', 240507827L, datetime.datetime(2013, 5, 18, 16, 10), 0.190105265725163, False, 'time']
['heart_breaker', 202536754, 'impression', '18', 240507213L, datetime.datetime(2013, 5, 18, 16, 10), 0.134586161182577, False, 'time']
['heart_breaker', 202536754, 'impression', '9', 240518755L, datetime.datetime(2013, 5, 18, 16, 10), 0.188006982761005, False, 'time']
['heart_breaker', 202536754, 'impression', '15', 240507683L, datetime.datetime(2013, 5, 18, 16, 10), 0.0708092873227729, False, 'time']
['heart_breaker', 202536754, 'impression', '6', 240519185L, datetime.datetime(2013, 5, 18, 16, 10), 0.134976938574721, False, 'time']
['heart_breaker', 202536754, 'impression', '2', 240519753L, datetime.datetime(2013, 5, 18, 16, 10), 0.158298941318446, False, 'time']
['heart_breaker', 202536754, 'impression', '10', 240518628L, datetime.datetime(2013, 5, 18, 16, 10), 0.104475499299669, False, 'time']
['heart_breaker', 202536754, 'impression', '13', 240508247L, datetime.datetime(2013, 5, 18, 16, 10), 0.42237348006858, False, 'time']

