['housemarc', 202591346, 'impression', '5', 241519778L, datetime.datetime(2013, 5, 28, 20, 14, 49), 0.0227257217082894, False, 'time']
['housemarc', 202591346, 'impression', '4', 241520109L, datetime.datetime(2013, 5, 28, 20, 14, 49), 0.0239023869110141, False, 'time']
['housemarc', 202591346, 'impression', '10', 241519035L, datetime.datetime(2013, 5, 28, 20, 14, 49), 0.0292588466319011, False, 'time']
['housemarc', 202591346, 'impression', '1', 241522890L, datetime.datetime(2013, 5, 28, 20, 14, 49), 0.0424193242019307, False, 'time']
['housemarc', 202591346, 'impression', '3', 241520391L, datetime.datetime(2013, 5, 28, 20, 14, 49), 0.0359348850945284, False, 'time']
['housemarc', 202591346, 'impression', '7', 241519193L, datetime.datetime(2013, 5, 28, 20, 14, 49), 0.070386148121525, False, 'time']
['housemarc', 202591346, 'impression', '11', 241518964L, datetime.datetime(2013, 5, 28, 20, 14, 49), 0.0171153045674964, False, 'time']
['housemarc', 202591346, 'impression', '9', 241519068L, datetime.datetime(2013, 5, 28, 20, 14, 49), 0.02975399717939, False, 'time']
['housemarc', 202591346, 'impression', '2', 241520586L, datetime.datetime(2013, 5, 28, 20, 14, 49), 0.0122191365403115, False, 'time']
['housemarc', 202591346, 'impression', '8', 241519074L, datetime.datetime(2013, 5, 28, 20, 14, 49), 0.0233733286781155, False, 'time']
['housemarc', 202591346, 'impression', '6', 241519492L, datetime.datetime(2013, 5, 28, 20, 14, 49), 0.0144157481145244, False, 'time']
['housemarc', 202591346, 'view_full_application_via_name', '1', 241522890L, datetime.datetime(2013, 5, 28, 20, 15, 33), 0.0424193242019307, False, 'time']
['housemarc', 202591346, 'impression', '7', 241519492L, datetime.datetime(2013, 5, 28, 20, 22, 29), 0.0144157481145244, False, 'time']
['housemarc', 202591346, 'impression', '11', 241519035L, datetime.datetime(2013, 5, 28, 20, 22, 29), 0.0292588466319011, False, 'time']
['housemarc', 202591346, 'impression', '12', 241518964L, datetime.datetime(2013, 5, 28, 20, 22, 29), 0.0171153045674964, False, 'time']
['housemarc', 202591346, 'impression', '3', 241520586L, datetime.datetime(2013, 5, 28, 20, 22, 29), 0.0122191365403115, False, 'time']
['housemarc', 202591346, 'impression', '10', 241519068L, datetime.datetime(2013, 5, 28, 20, 22, 29), 0.02975399717939, False, 'time']
['housemarc', 202591346, 'impression', '8', 241519193L, datetime.datetime(2013, 5, 28, 20, 22, 29), 0.070386148121525, False, 'time']
['housemarc', 202591346, 'impression', '9', 241519074L, datetime.datetime(2013, 5, 28, 20, 22, 29), 0.0233733286781155, False, 'time']
['housemarc', 202591346, 'impression', '5', 241520109L, datetime.datetime(2013, 5, 28, 20, 22, 29), 0.0239023869110141, False, 'time']
['housemarc', 202591346, 'impression', '6', 241519778L, datetime.datetime(2013, 5, 28, 20, 22, 29), 0.0227257217082894, False, 'time']
['housemarc', 202591346, 'impression', '4', 241520391L, datetime.datetime(2013, 5, 28, 20, 22, 29), 0.0359348850945284, False, 'time']
['housemarc', 202591346, 'impression', '2', 241522890L, datetime.datetime(2013, 5, 28, 20, 22, 29), 0.0424193242019307, False, 'time']
['housemarc', 202591346, 'impression', '1', 241523571L, datetime.datetime(2013, 5, 28, 20, 22, 29), 0.0509878334127403, True, 'time']
['housemarc', 202591346, 'view_full_application_via_name', '1', 241523571L, datetime.datetime(2013, 5, 28, 20, 23), 0.0509878334127403, True, 'time']
['housemarc', 202591346, 'impression', '10', 241519068L, datetime.datetime(2013, 5, 28, 20, 24, 31), 0.02975399717939, False, 'time']
['housemarc', 202591346, 'impression', '12', 241518964L, datetime.datetime(2013, 5, 28, 20, 24, 31), 0.0171153045674964, False, 'time']
['housemarc', 202591346, 'impression', '8', 241519193L, datetime.datetime(2013, 5, 28, 20, 24, 31), 0.070386148121525, False, 'time']
['housemarc', 202591346, 'impression', '3', 241520586L, datetime.datetime(2013, 5, 28, 20, 24, 31), 0.0122191365403115, False, 'time']
['housemarc', 202591346, 'impression', '11', 241519035L, datetime.datetime(2013, 5, 28, 20, 24, 31), 0.0292588466319011, False, 'time']
['housemarc', 202591346, 'impression', '4', 241520391L, datetime.datetime(2013, 5, 28, 20, 24, 31), 0.0359348850945284, False, 'time']
['housemarc', 202591346, 'impression', '2', 241522890L, datetime.datetime(2013, 5, 28, 20, 24, 31), 0.0424193242019307, False, 'time']
['housemarc', 202591346, 'impression', '1', 241523571L, datetime.datetime(2013, 5, 28, 20, 24, 31), 0.0509878334127403, True, 'time']
['housemarc', 202591346, 'impression', '9', 241519074L, datetime.datetime(2013, 5, 28, 20, 24, 31), 0.0233733286781155, False, 'time']
['housemarc', 202591346, 'impression', '7', 241519492L, datetime.datetime(2013, 5, 28, 20, 24, 31), 0.0144157481145244, False, 'time']
['housemarc', 202591346, 'impression', '6', 241519778L, datetime.datetime(2013, 5, 28, 20, 24, 31), 0.0227257217082894, False, 'time']
['housemarc', 202591346, 'impression', '5', 241520109L, datetime.datetime(2013, 5, 28, 20, 24, 31), 0.0239023869110141, False, 'time']
['housemarc', 202591346, 'expand_tile', '1', 241523571L, datetime.datetime(2013, 5, 28, 20, 24, 34), 0.0509878334127403, True, 'time']
['housemarc', 202591346, 'expand_tile', '3', 241520586L, datetime.datetime(2013, 5, 28, 20, 24, 53), 0.0122191365403115, False, 'time']
['housemarc', 202591346, 'expand_tile', '4', 241520391L, datetime.datetime(2013, 5, 28, 20, 25), 0.0359348850945284, False, 'time']
['housemarc', 202591346, 'collapse_tile', '4', 241520391L, datetime.datetime(2013, 5, 28, 20, 25, 13), 0.0359348850945284, False, 'time']
['housemarc', 202591346, 'expand_tile', '4', 241520391L, datetime.datetime(2013, 5, 28, 20, 25, 15), 0.0359348850945284, False, 'time']
['housemarc', 202591346, 'collapse_tile', '4', 241520391L, datetime.datetime(2013, 5, 28, 20, 25, 16), 0.0359348850945284, False, 'time']
['housemarc', 202591346, 'expand_tile', '4', 241520391L, datetime.datetime(2013, 5, 28, 20, 25, 18), 0.0359348850945284, False, 'time']
['housemarc', 202591346, 'collapse_tile', '4', 241520391L, datetime.datetime(2013, 5, 28, 20, 25, 22), 0.0359348850945284, False, 'time']
['housemarc', 202591346, 'expand_tile', '4', 241520391L, datetime.datetime(2013, 5, 28, 20, 25, 25), 0.0359348850945284, False, 'time']
['housemarc', 202591346, 'collapse_tile', '4', 241520391L, datetime.datetime(2013, 5, 28, 20, 25, 27), 0.0359348850945284, False, 'time']
['housemarc', 202591346, 'expand_tile', '4', 241520391L, datetime.datetime(2013, 5, 28, 20, 25, 31), 0.0359348850945284, False, 'time']
['housemarc', 202591346, 'view_full_application', '4', 241520391L, datetime.datetime(2013, 5, 28, 20, 25, 39), 0.0359348850945284, False, 'time']
['housemarc', 202591346, 'impression', '3', 241520586L, datetime.datetime(2013, 5, 28, 20, 26, 21), 0.0122191365403115, False, 'time']
['housemarc', 202591346, 'impression', '10', 241519068L, datetime.datetime(2013, 5, 28, 20, 26, 21), 0.02975399717939, False, 'time']
['housemarc', 202591346, 'impression', '12', 241518964L, datetime.datetime(2013, 5, 28, 20, 26, 21), 0.0171153045674964, False, 'time']
['housemarc', 202591346, 'impression', '8', 241519193L, datetime.datetime(2013, 5, 28, 20, 26, 21), 0.070386148121525, False, 'time']
['housemarc', 202591346, 'impression', '6', 241519778L, datetime.datetime(2013, 5, 28, 20, 26, 21), 0.0227257217082894, False, 'time']
['housemarc', 202591346, 'impression', '5', 241520109L, datetime.datetime(2013, 5, 28, 20, 26, 21), 0.0239023869110141, False, 'time']
['housemarc', 202591346, 'impression', '7', 241519492L, datetime.datetime(2013, 5, 28, 20, 26, 21), 0.0144157481145244, False, 'time']
['housemarc', 202591346, 'impression', '11', 241519035L, datetime.datetime(2013, 5, 28, 20, 26, 21), 0.0292588466319011, False, 'time']
['housemarc', 202591346, 'impression', '2', 241522890L, datetime.datetime(2013, 5, 28, 20, 26, 21), 0.0424193242019307, False, 'time']
['housemarc', 202591346, 'impression', '1', 241523571L, datetime.datetime(2013, 5, 28, 20, 26, 21), 0.0509878334127403, True, 'time']
['housemarc', 202591346, 'impression', '4', 241520391L, datetime.datetime(2013, 5, 28, 20, 26, 21), 0.0359348850945284, False, 'time']
['housemarc', 202591346, 'impression', '9', 241519074L, datetime.datetime(2013, 5, 28, 20, 26, 21), 0.0233733286781155, False, 'time']
['housemarc', 202591346, 'view_full_application_via_name', '5', 241520109L, datetime.datetime(2013, 5, 28, 20, 26, 42), 0.0239023869110141, False, 'time']
['housemarc', 202591346, 'impression', '7', 241519492L, datetime.datetime(2013, 5, 28, 20, 27), 0.0144157481145244, False, 'time']
['housemarc', 202591346, 'impression', '11', 241519035L, datetime.datetime(2013, 5, 28, 20, 27), 0.0292588466319011, False, 'time']
['housemarc', 202591346, 'impression', '2', 241522890L, datetime.datetime(2013, 5, 28, 20, 27), 0.0424193242019307, False, 'time']
['housemarc', 202591346, 'impression', '4', 241520391L, datetime.datetime(2013, 5, 28, 20, 27), 0.0359348850945284, False, 'time']
['housemarc', 202591346, 'impression', '1', 241523571L, datetime.datetime(2013, 5, 28, 20, 27), 0.0509878334127403, True, 'time']
['housemarc', 202591346, 'impression', '5', 241520109L, datetime.datetime(2013, 5, 28, 20, 27), 0.0239023869110141, False, 'time']
['housemarc', 202591346, 'impression', '6', 241519778L, datetime.datetime(2013, 5, 28, 20, 27), 0.0227257217082894, False, 'time']
['housemarc', 202591346, 'impression', '9', 241519074L, datetime.datetime(2013, 5, 28, 20, 27), 0.0233733286781155, False, 'time']
['housemarc', 202591346, 'impression', '3', 241520586L, datetime.datetime(2013, 5, 28, 20, 27), 0.0122191365403115, False, 'time']
['housemarc', 202591346, 'impression', '10', 241519068L, datetime.datetime(2013, 5, 28, 20, 27), 0.02975399717939, False, 'time']
['housemarc', 202591346, 'impression', '8', 241519193L, datetime.datetime(2013, 5, 28, 20, 27), 0.070386148121525, False, 'time']
['housemarc', 202591346, 'impression', '12', 241518964L, datetime.datetime(2013, 5, 28, 20, 27), 0.0171153045674964, False, 'time']
['housemarc', 202591346, 'view_full_application_via_name', '1', 241523571L, datetime.datetime(2013, 5, 28, 20, 34, 59), 0.0509878334127403, True, 'time']
['housemarc', 202591346, 'impression', '11', 241519035L, datetime.datetime(2013, 5, 28, 20, 55, 58), 0.0292588466319011, False, 'time']
['housemarc', 202591346, 'impression', '12', 241518964L, datetime.datetime(2013, 5, 28, 20, 55, 58), 0.0171153045674964, False, 'time']
['housemarc', 202591346, 'impression', '3', 241520586L, datetime.datetime(2013, 5, 28, 20, 55, 58), 0.0122191365403115, False, 'time']
['housemarc', 202591346, 'impression', '10', 241519068L, datetime.datetime(2013, 5, 28, 20, 55, 58), 0.02975399717939, False, 'time']
['housemarc', 202591346, 'impression', '8', 241519193L, datetime.datetime(2013, 5, 28, 20, 55, 58), 0.070386148121525, False, 'time']
['housemarc', 202591346, 'impression', '7', 241519492L, datetime.datetime(2013, 5, 28, 20, 55, 58), 0.0144157481145244, False, 'time']
['housemarc', 202591346, 'impression', '9', 241519074L, datetime.datetime(2013, 5, 28, 20, 55, 58), 0.0233733286781155, False, 'time']
['housemarc', 202591346, 'impression', '6', 241519778L, datetime.datetime(2013, 5, 28, 20, 55, 58), 0.0227257217082894, False, 'time']
['housemarc', 202591346, 'impression', '5', 241520109L, datetime.datetime(2013, 5, 28, 20, 55, 58), 0.0239023869110141, False, 'time']
['housemarc', 202591346, 'impression', '4', 241520391L, datetime.datetime(2013, 5, 28, 20, 55, 58), 0.0359348850945284, False, 'time']
['housemarc', 202591346, 'impression', '1', 241523571L, datetime.datetime(2013, 5, 28, 20, 55, 58), 0.0509878334127403, True, 'time']
['housemarc', 202591346, 'impression', '2', 241522890L, datetime.datetime(2013, 5, 28, 20, 55, 58), 0.0424193242019307, False, 'time']
['housemarc', 202591346, 'view_full_application_via_name', '11', 241519035L, datetime.datetime(2013, 5, 28, 20, 56, 8), 0.0292588466319011, False, 'time']
['housemarc', 202591346, 'impression', '5', 241520109L, datetime.datetime(2013, 5, 28, 20, 58, 1), 0.0239023869110141, False, 'time']
['housemarc', 202591346, 'impression', '6', 241519778L, datetime.datetime(2013, 5, 28, 20, 58, 1), 0.0227257217082894, False, 'time']
['housemarc', 202591346, 'impression', '1', 241523571L, datetime.datetime(2013, 5, 28, 20, 58, 1), 0.0509878334127403, True, 'time']
['housemarc', 202591346, 'impression', '2', 241522890L, datetime.datetime(2013, 5, 28, 20, 58, 1), 0.0424193242019307, False, 'time']
['housemarc', 202591346, 'impression', '4', 241520391L, datetime.datetime(2013, 5, 28, 20, 58, 1), 0.0359348850945284, False, 'time']
['housemarc', 202591346, 'impression', '9', 241519074L, datetime.datetime(2013, 5, 28, 20, 58, 1), 0.0233733286781155, False, 'time']
['housemarc', 202591346, 'impression', '3', 241520586L, datetime.datetime(2013, 5, 28, 20, 58, 1), 0.0122191365403115, False, 'time']
['housemarc', 202591346, 'impression', '10', 241519068L, datetime.datetime(2013, 5, 28, 20, 58, 1), 0.02975399717939, False, 'time']
['housemarc', 202591346, 'impression', '8', 241519193L, datetime.datetime(2013, 5, 28, 20, 58, 1), 0.070386148121525, False, 'time']
['housemarc', 202591346, 'impression', '12', 241518964L, datetime.datetime(2013, 5, 28, 20, 58, 1), 0.0171153045674964, False, 'time']
['housemarc', 202591346, 'impression', '7', 241519492L, datetime.datetime(2013, 5, 28, 20, 58, 1), 0.0144157481145244, False, 'time']
['housemarc', 202591346, 'impression', '11', 241519035L, datetime.datetime(2013, 5, 28, 20, 58, 1), 0.0292588466319011, False, 'time']
['housemarc', 202591346, 'expand_tile', '1', 241523571L, datetime.datetime(2013, 5, 28, 20, 58, 7), 0.0509878334127403, True, 'time']
['housemarc', 202591346, 'impression', '1', 241523571L, datetime.datetime(2013, 5, 28, 21, 10, 33), 0.0509878334127403, True, 'time']
['housemarc', 202591346, 'impression', '1', 241523571L, datetime.datetime(2013, 5, 28, 21, 10, 35), 0.0509878334127403, True, 'time']
['housemarc', 202591346, 'view_full_application_via_message', '1', 241523571L, datetime.datetime(2013, 5, 28, 21, 10, 46), 0.0509878334127403, True, 'time']

