['ijamsh', 202550274, 'impression', '8', 240648283L, datetime.datetime(2013, 5, 18, 2, 19, 54), 0.0661440497171643, False, 'time']
['ijamsh', 202550274, 'impression', '10', 240645666L, datetime.datetime(2013, 5, 18, 2, 19, 54), 0.034961676093538, False, 'time']
['ijamsh', 202550274, 'impression', '15', 240641323L, datetime.datetime(2013, 5, 18, 2, 19, 54), 0.244697137629285, False, 'time']
['ijamsh', 202550274, 'impression', '17', 240641184L, datetime.datetime(2013, 5, 18, 2, 19, 54), 0.212809028595417, False, 'time']
['ijamsh', 202550274, 'impression', '13', 240641526L, datetime.datetime(2013, 5, 18, 2, 19, 54), 0.103110970152741, False, 'time']
['ijamsh', 202550274, 'impression', '7', 240649997L, datetime.datetime(2013, 5, 18, 2, 19, 54), 0.323808349522884, False, 'time']
['ijamsh', 202550274, 'impression', '5', 240653376L, datetime.datetime(2013, 5, 18, 2, 19, 54), 0.256101131898445, False, 'time']
['ijamsh', 202550274, 'impression', '12', 240641601L, datetime.datetime(2013, 5, 18, 2, 19, 54), 0.18449928703443, False, 'time']
['ijamsh', 202550274, 'impression', '16', 240641304L, datetime.datetime(2013, 5, 18, 2, 19, 54), 0.079411662871263, False, 'time']
['ijamsh', 202550274, 'impression', '2', 240660756L, datetime.datetime(2013, 5, 18, 2, 19, 54), 0.056544563134763, False, 'time']
['ijamsh', 202550274, 'impression', '9', 240648207L, datetime.datetime(2013, 5, 18, 2, 19, 54), 0.242577848935196, False, 'time']
['ijamsh', 202550274, 'impression', '1', 240663137L, datetime.datetime(2013, 5, 18, 2, 19, 54), 0.112881561492017, False, 'time']
['ijamsh', 202550274, 'impression', '3', 240654937L, datetime.datetime(2013, 5, 18, 2, 19, 54), 0.112238110404654, False, 'time']
['ijamsh', 202550274, 'impression', '14', 240641503L, datetime.datetime(2013, 5, 18, 2, 19, 54), 0.112849956948954, False, 'time']
['ijamsh', 202550274, 'impression', '4', 240654756L, datetime.datetime(2013, 5, 18, 2, 19, 54), 0.266882025906912, False, 'time']
['ijamsh', 202550274, 'impression', '18', 240640712L, datetime.datetime(2013, 5, 18, 2, 19, 54), 0.150803481663552, False, 'time']
['ijamsh', 202550274, 'impression', '11', 240644656L, datetime.datetime(2013, 5, 18, 2, 19, 54), 0.218406391708691, False, 'time']
['ijamsh', 202550274, 'impression', '6', 240651766L, datetime.datetime(2013, 5, 18, 2, 19, 54), 0.126046581143606, False, 'time']
['ijamsh', 202550274, 'view_full_application_via_name', '4', 240654756L, datetime.datetime(2013, 5, 18, 2, 21, 10), 0.266882025906912, False, 'time']
['ijamsh', 202550274, 'impression', '13', 240641526L, datetime.datetime(2013, 5, 18, 2, 21, 49), 0.103110970152741, False, 'time']
['ijamsh', 202550274, 'impression', '10', 240645666L, datetime.datetime(2013, 5, 18, 2, 21, 49), 0.034961676093538, False, 'time']
['ijamsh', 202550274, 'impression', '8', 240648283L, datetime.datetime(2013, 5, 18, 2, 21, 49), 0.0661440497171643, False, 'time']
['ijamsh', 202550274, 'impression', '15', 240641323L, datetime.datetime(2013, 5, 18, 2, 21, 49), 0.244697137629285, False, 'time']
['ijamsh', 202550274, 'impression', '17', 240641184L, datetime.datetime(2013, 5, 18, 2, 21, 49), 0.212809028595417, False, 'time']
['ijamsh', 202550274, 'impression', '12', 240641601L, datetime.datetime(2013, 5, 18, 2, 21, 49), 0.18449928703443, False, 'time']
['ijamsh', 202550274, 'impression', '5', 240653376L, datetime.datetime(2013, 5, 18, 2, 21, 49), 0.256101131898445, False, 'time']
['ijamsh', 202550274, 'impression', '7', 240649997L, datetime.datetime(2013, 5, 18, 2, 21, 49), 0.323808349522884, False, 'time']
['ijamsh', 202550274, 'impression', '4', 240654756L, datetime.datetime(2013, 5, 18, 2, 21, 49), 0.266882025906912, False, 'time']
['ijamsh', 202550274, 'impression', '14', 240641503L, datetime.datetime(2013, 5, 18, 2, 21, 49), 0.112849956948954, False, 'time']
['ijamsh', 202550274, 'impression', '3', 240654937L, datetime.datetime(2013, 5, 18, 2, 21, 49), 0.112238110404654, False, 'time']
['ijamsh', 202550274, 'impression', '9', 240648207L, datetime.datetime(2013, 5, 18, 2, 21, 49), 0.242577848935196, False, 'time']
['ijamsh', 202550274, 'impression', '1', 240663137L, datetime.datetime(2013, 5, 18, 2, 21, 49), 0.112881561492017, False, 'time']
['ijamsh', 202550274, 'impression', '2', 240660756L, datetime.datetime(2013, 5, 18, 2, 21, 49), 0.056544563134763, False, 'time']
['ijamsh', 202550274, 'impression', '16', 240641304L, datetime.datetime(2013, 5, 18, 2, 21, 49), 0.079411662871263, False, 'time']
['ijamsh', 202550274, 'impression', '18', 240640712L, datetime.datetime(2013, 5, 18, 2, 21, 49), 0.150803481663552, False, 'time']
['ijamsh', 202550274, 'impression', '6', 240651766L, datetime.datetime(2013, 5, 18, 2, 21, 49), 0.126046581143606, False, 'time']
['ijamsh', 202550274, 'impression', '11', 240644656L, datetime.datetime(2013, 5, 18, 2, 21, 49), 0.218406391708691, False, 'time']
['ijamsh', 202550274, 'view_full_application_via_name', '7', 240649997L, datetime.datetime(2013, 5, 18, 2, 22, 6), 0.323808349522884, False, 'time']
['ijamsh', 202550274, 'impression', '8', 240648283L, datetime.datetime(2013, 5, 18, 2, 23, 17), 0.0661440497171643, False, 'time']
['ijamsh', 202550274, 'impression', '10', 240645666L, datetime.datetime(2013, 5, 18, 2, 23, 17), 0.034961676093538, False, 'time']
['ijamsh', 202550274, 'impression', '15', 240641323L, datetime.datetime(2013, 5, 18, 2, 23, 17), 0.244697137629285, False, 'time']
['ijamsh', 202550274, 'impression', '17', 240641184L, datetime.datetime(2013, 5, 18, 2, 23, 17), 0.212809028595417, False, 'time']
['ijamsh', 202550274, 'impression', '13', 240641526L, datetime.datetime(2013, 5, 18, 2, 23, 17), 0.103110970152741, False, 'time']
['ijamsh', 202550274, 'impression', '16', 240641304L, datetime.datetime(2013, 5, 18, 2, 23, 17), 0.079411662871263, False, 'time']
['ijamsh', 202550274, 'impression', '6', 240651766L, datetime.datetime(2013, 5, 18, 2, 23, 17), 0.126046581143606, False, 'time']
['ijamsh', 202550274, 'impression', '11', 240644656L, datetime.datetime(2013, 5, 18, 2, 23, 17), 0.218406391708691, False, 'time']
['ijamsh', 202550274, 'impression', '18', 240640712L, datetime.datetime(2013, 5, 18, 2, 23, 17), 0.150803481663552, False, 'time']
['ijamsh', 202550274, 'impression', '12', 240641601L, datetime.datetime(2013, 5, 18, 2, 23, 17), 0.18449928703443, False, 'time']
['ijamsh', 202550274, 'impression', '7', 240649997L, datetime.datetime(2013, 5, 18, 2, 23, 17), 0.323808349522884, False, 'time']
['ijamsh', 202550274, 'impression', '5', 240653376L, datetime.datetime(2013, 5, 18, 2, 23, 17), 0.256101131898445, False, 'time']
['ijamsh', 202550274, 'impression', '3', 240654937L, datetime.datetime(2013, 5, 18, 2, 23, 17), 0.112238110404654, False, 'time']
['ijamsh', 202550274, 'impression', '14', 240641503L, datetime.datetime(2013, 5, 18, 2, 23, 17), 0.112849956948954, False, 'time']
['ijamsh', 202550274, 'impression', '4', 240654756L, datetime.datetime(2013, 5, 18, 2, 23, 17), 0.266882025906912, False, 'time']
['ijamsh', 202550274, 'impression', '1', 240663137L, datetime.datetime(2013, 5, 18, 2, 23, 17), 0.112881561492017, False, 'time']
['ijamsh', 202550274, 'impression', '2', 240660756L, datetime.datetime(2013, 5, 18, 2, 23, 17), 0.056544563134763, False, 'time']
['ijamsh', 202550274, 'impression', '9', 240648207L, datetime.datetime(2013, 5, 18, 2, 23, 17), 0.242577848935196, False, 'time']
['ijamsh', 202550274, 'shortlist', '7', 240649997L, datetime.datetime(2013, 5, 18, 2, 23, 38), 0.323808349522884, False, 'time']
['ijamsh', 202550274, 'hide', '4', 240654756L, datetime.datetime(2013, 5, 18, 2, 23, 43), 0.266882025906912, False, 'time']
['ijamsh', 202550274, 'hide', '3', 240654937L, datetime.datetime(2013, 5, 18, 2, 23, 48), 0.112238110404654, False, 'time']
['ijamsh', 202550274, 'hide', '2', 240660756L, datetime.datetime(2013, 5, 18, 2, 23, 54), 0.056544563134763, False, 'time']
['ijamsh', 202550274, 'hide', '1', 240663137L, datetime.datetime(2013, 5, 18, 2, 23, 56), 0.112881561492017, False, 'time']
['ijamsh', 202550274, 'view_full_application_via_name', '5', 240653376L, datetime.datetime(2013, 5, 18, 2, 24, 2), 0.256101131898445, False, 'time']
['ijamsh', 202550274, 'impression', '12', 240641304L, datetime.datetime(2013, 5, 18, 2, 25, 43), 0.079411662871263, False, 'time']
['ijamsh', 202550274, 'impression', '10', 240641503L, datetime.datetime(2013, 5, 18, 2, 25, 43), 0.112849956948954, False, 'time']
['ijamsh', 202550274, 'impression', '5', 240648207L, datetime.datetime(2013, 5, 18, 2, 25, 43), 0.242577848935196, False, 'time']
['ijamsh', 202550274, 'impression', '9', 240641526L, datetime.datetime(2013, 5, 18, 2, 25, 43), 0.103110970152741, False, 'time']
['ijamsh', 202550274, 'impression', '3', 240649997L, datetime.datetime(2013, 5, 18, 2, 25, 43), 0.323808349522884, False, 'time']
['ijamsh', 202550274, 'impression', '1', 240653376L, datetime.datetime(2013, 5, 18, 2, 25, 43), 0.256101131898445, False, 'time']
['ijamsh', 202550274, 'impression', '8', 240641601L, datetime.datetime(2013, 5, 18, 2, 25, 43), 0.18449928703443, False, 'time']
['ijamsh', 202550274, 'impression', '4', 240648283L, datetime.datetime(2013, 5, 18, 2, 25, 43), 0.0661440497171643, False, 'time']
['ijamsh', 202550274, 'impression', '11', 240641323L, datetime.datetime(2013, 5, 18, 2, 25, 43), 0.244697137629285, False, 'time']
['ijamsh', 202550274, 'impression', '13', 240641184L, datetime.datetime(2013, 5, 18, 2, 25, 43), 0.212809028595417, False, 'time']
['ijamsh', 202550274, 'impression', '6', 240645666L, datetime.datetime(2013, 5, 18, 2, 25, 43), 0.034961676093538, False, 'time']
['ijamsh', 202550274, 'impression', '2', 240651766L, datetime.datetime(2013, 5, 18, 2, 25, 43), 0.126046581143606, False, 'time']
['ijamsh', 202550274, 'impression', '14', 240640712L, datetime.datetime(2013, 5, 18, 2, 25, 43), 0.150803481663552, False, 'time']
['ijamsh', 202550274, 'impression', '7', 240644656L, datetime.datetime(2013, 5, 18, 2, 25, 43), 0.218406391708691, False, 'time']
['ijamsh', 202550274, 'view_full_application_via_name', '6', 240645666L, datetime.datetime(2013, 5, 18, 2, 25, 55), 0.034961676093538, False, 'time']
['ijamsh', 202550274, 'impression', '7', 240644656L, datetime.datetime(2013, 5, 18, 2, 27, 35), 0.218406391708691, False, 'time']
['ijamsh', 202550274, 'impression', '14', 240640712L, datetime.datetime(2013, 5, 18, 2, 27, 35), 0.150803481663552, False, 'time']
['ijamsh', 202550274, 'impression', '2', 240651766L, datetime.datetime(2013, 5, 18, 2, 27, 35), 0.126046581143606, False, 'time']
['ijamsh', 202550274, 'impression', '9', 240641526L, datetime.datetime(2013, 5, 18, 2, 27, 35), 0.103110970152741, False, 'time']
['ijamsh', 202550274, 'impression', '10', 240641503L, datetime.datetime(2013, 5, 18, 2, 27, 35), 0.112849956948954, False, 'time']
['ijamsh', 202550274, 'impression', '5', 240648207L, datetime.datetime(2013, 5, 18, 2, 27, 35), 0.242577848935196, False, 'time']
['ijamsh', 202550274, 'impression', '13', 240641184L, datetime.datetime(2013, 5, 18, 2, 27, 35), 0.212809028595417, False, 'time']
['ijamsh', 202550274, 'impression', '6', 240645666L, datetime.datetime(2013, 5, 18, 2, 27, 35), 0.034961676093538, False, 'time']
['ijamsh', 202550274, 'impression', '11', 240641323L, datetime.datetime(2013, 5, 18, 2, 27, 35), 0.244697137629285, False, 'time']
['ijamsh', 202550274, 'impression', '4', 240648283L, datetime.datetime(2013, 5, 18, 2, 27, 35), 0.0661440497171643, False, 'time']
['ijamsh', 202550274, 'impression', '12', 240641304L, datetime.datetime(2013, 5, 18, 2, 27, 35), 0.079411662871263, False, 'time']
['ijamsh', 202550274, 'impression', '1', 240653376L, datetime.datetime(2013, 5, 18, 2, 27, 35), 0.256101131898445, False, 'time']
['ijamsh', 202550274, 'impression', '3', 240649997L, datetime.datetime(2013, 5, 18, 2, 27, 35), 0.323808349522884, False, 'time']
['ijamsh', 202550274, 'impression', '8', 240641601L, datetime.datetime(2013, 5, 18, 2, 27, 35), 0.18449928703443, False, 'time']
['ijamsh', 202550274, 'shortlist', '6', 240645666L, datetime.datetime(2013, 5, 18, 2, 27, 52), 0.034961676093538, False, 'time']
['ijamsh', 202550274, 'view_full_application_via_name', '5', 240648207L, datetime.datetime(2013, 5, 18, 2, 28), 0.242577848935196, False, 'time']
['ijamsh', 202550274, 'impression', '5', 240648207L, datetime.datetime(2013, 5, 18, 2, 28, 37), 0.242577848935196, False, 'time']
['ijamsh', 202550274, 'impression', '10', 240641503L, datetime.datetime(2013, 5, 18, 2, 28, 37), 0.112849956948954, False, 'time']
['ijamsh', 202550274, 'impression', '4', 240648283L, datetime.datetime(2013, 5, 18, 2, 28, 37), 0.0661440497171643, False, 'time']
['ijamsh', 202550274, 'impression', '13', 240641184L, datetime.datetime(2013, 5, 18, 2, 28, 37), 0.212809028595417, False, 'time']
['ijamsh', 202550274, 'impression', '6', 240645666L, datetime.datetime(2013, 5, 18, 2, 28, 37), 0.034961676093538, False, 'time']
['ijamsh', 202550274, 'impression', '11', 240641323L, datetime.datetime(2013, 5, 18, 2, 28, 37), 0.244697137629285, False, 'time']
['ijamsh', 202550274, 'impression', '2', 240651766L, datetime.datetime(2013, 5, 18, 2, 28, 37), 0.126046581143606, False, 'time']
['ijamsh', 202550274, 'impression', '14', 240640712L, datetime.datetime(2013, 5, 18, 2, 28, 37), 0.150803481663552, False, 'time']
['ijamsh', 202550274, 'impression', '7', 240644656L, datetime.datetime(2013, 5, 18, 2, 28, 37), 0.218406391708691, False, 'time']
['ijamsh', 202550274, 'impression', '12', 240641304L, datetime.datetime(2013, 5, 18, 2, 28, 37), 0.079411662871263, False, 'time']
['ijamsh', 202550274, 'impression', '3', 240649997L, datetime.datetime(2013, 5, 18, 2, 28, 37), 0.323808349522884, False, 'time']
['ijamsh', 202550274, 'impression', '1', 240653376L, datetime.datetime(2013, 5, 18, 2, 28, 37), 0.256101131898445, False, 'time']
['ijamsh', 202550274, 'impression', '8', 240641601L, datetime.datetime(2013, 5, 18, 2, 28, 37), 0.18449928703443, False, 'time']
['ijamsh', 202550274, 'impression', '9', 240641526L, datetime.datetime(2013, 5, 18, 2, 28, 37), 0.103110970152741, False, 'time']
['ijamsh', 202550274, 'hide', '5', 240648207L, datetime.datetime(2013, 5, 18, 2, 28, 44), 0.242577848935196, False, 'time']
['ijamsh', 202550274, 'view_full_application_via_name', '7', 240644656L, datetime.datetime(2013, 5, 18, 2, 28, 56), 0.218406391708691, False, 'time']
['ijamsh', 202550274, 'impression', '8', 240641526L, datetime.datetime(2013, 5, 18, 2, 29, 37), 0.103110970152741, False, 'time']
['ijamsh', 202550274, 'impression', '3', 240649997L, datetime.datetime(2013, 5, 18, 2, 29, 37), 0.323808349522884, False, 'time']
['ijamsh', 202550274, 'impression', '7', 240641601L, datetime.datetime(2013, 5, 18, 2, 29, 37), 0.18449928703443, False, 'time']
['ijamsh', 202550274, 'impression', '1', 240653376L, datetime.datetime(2013, 5, 18, 2, 29, 37), 0.256101131898445, False, 'time']
['ijamsh', 202550274, 'impression', '9', 240641503L, datetime.datetime(2013, 5, 18, 2, 29, 37), 0.112849956948954, False, 'time']
['ijamsh', 202550274, 'impression', '2', 240651766L, datetime.datetime(2013, 5, 18, 2, 29, 37), 0.126046581143606, False, 'time']
['ijamsh', 202550274, 'impression', '13', 240640712L, datetime.datetime(2013, 5, 18, 2, 29, 37), 0.150803481663552, False, 'time']
['ijamsh', 202550274, 'impression', '6', 240644656L, datetime.datetime(2013, 5, 18, 2, 29, 37), 0.218406391708691, False, 'time']
['ijamsh', 202550274, 'impression', '11', 240641304L, datetime.datetime(2013, 5, 18, 2, 29, 37), 0.079411662871263, False, 'time']
['ijamsh', 202550274, 'impression', '5', 240645666L, datetime.datetime(2013, 5, 18, 2, 29, 37), 0.034961676093538, False, 'time']
['ijamsh', 202550274, 'impression', '12', 240641184L, datetime.datetime(2013, 5, 18, 2, 29, 37), 0.212809028595417, False, 'time']
['ijamsh', 202550274, 'impression', '10', 240641323L, datetime.datetime(2013, 5, 18, 2, 29, 37), 0.244697137629285, False, 'time']
['ijamsh', 202550274, 'impression', '4', 240648283L, datetime.datetime(2013, 5, 18, 2, 29, 37), 0.0661440497171643, False, 'time']
['ijamsh', 202550274, 'view_full_application_via_name', '7', 240641601L, datetime.datetime(2013, 5, 18, 2, 29, 52), 0.18449928703443, False, 'time']
['ijamsh', 202550274, 'impression', '2', 240651766L, datetime.datetime(2013, 5, 18, 2, 30, 45), 0.126046581143606, False, 'time']
['ijamsh', 202550274, 'impression', '13', 240640712L, datetime.datetime(2013, 5, 18, 2, 30, 45), 0.150803481663552, False, 'time']
['ijamsh', 202550274, 'impression', '6', 240644656L, datetime.datetime(2013, 5, 18, 2, 30, 45), 0.218406391708691, False, 'time']
['ijamsh', 202550274, 'impression', '8', 240641526L, datetime.datetime(2013, 5, 18, 2, 30, 45), 0.103110970152741, False, 'time']
['ijamsh', 202550274, 'impression', '9', 240641503L, datetime.datetime(2013, 5, 18, 2, 30, 45), 0.112849956948954, False, 'time']
['ijamsh', 202550274, 'impression', '11', 240641304L, datetime.datetime(2013, 5, 18, 2, 30, 45), 0.079411662871263, False, 'time']
['ijamsh', 202550274, 'impression', '1', 240653376L, datetime.datetime(2013, 5, 18, 2, 30, 45), 0.256101131898445, False, 'time']
['ijamsh', 202550274, 'impression', '7', 240641601L, datetime.datetime(2013, 5, 18, 2, 30, 45), 0.18449928703443, False, 'time']
['ijamsh', 202550274, 'impression', '3', 240649997L, datetime.datetime(2013, 5, 18, 2, 30, 45), 0.323808349522884, False, 'time']
['ijamsh', 202550274, 'impression', '10', 240641323L, datetime.datetime(2013, 5, 18, 2, 30, 45), 0.244697137629285, False, 'time']
['ijamsh', 202550274, 'impression', '5', 240645666L, datetime.datetime(2013, 5, 18, 2, 30, 45), 0.034961676093538, False, 'time']
['ijamsh', 202550274, 'impression', '12', 240641184L, datetime.datetime(2013, 5, 18, 2, 30, 45), 0.212809028595417, False, 'time']
['ijamsh', 202550274, 'impression', '4', 240648283L, datetime.datetime(2013, 5, 18, 2, 30, 45), 0.0661440497171643, False, 'time']
['ijamsh', 202550274, 'view_full_application_via_name', '13', 240640712L, datetime.datetime(2013, 5, 18, 2, 31, 11), 0.150803481663552, False, 'time']

['ijamsh', 202550274, 'impression', '4', 240669724L, datetime.datetime(2013, 5, 29, 14, 45, 35), 0.201444317034705, False, 'time']
['ijamsh', 202550274, 'impression', '8', 240648283L, datetime.datetime(2013, 5, 29, 14, 45, 35), 0.0661440497171643, False, 'time']
['ijamsh', 202550274, 'impression', '9', 240645666L, datetime.datetime(2013, 5, 29, 14, 45, 35), 0.034961676093538, False, 'time']
['ijamsh', 202550274, 'impression', '11', 240641323L, datetime.datetime(2013, 5, 29, 14, 45, 35), 0.244697137629285, False, 'time']
['ijamsh', 202550274, 'impression', '12', 240641184L, datetime.datetime(2013, 5, 29, 14, 45, 35), 0.212809028595417, False, 'time']
['ijamsh', 202550274, 'impression', '13', 240640712L, datetime.datetime(2013, 5, 29, 14, 45, 35), 0.150803481663552, False, 'time']
['ijamsh', 202550274, 'impression', '3', 240706902L, datetime.datetime(2013, 5, 29, 14, 45, 35), 0.162528992507504, False, 'time']
['ijamsh', 202550274, 'impression', '6', 240651766L, datetime.datetime(2013, 5, 29, 14, 45, 35), 0.126046581143606, False, 'time']
['ijamsh', 202550274, 'impression', '7', 240649997L, datetime.datetime(2013, 5, 29, 14, 45, 35), 0.323808349522884, False, 'time']
['ijamsh', 202550274, 'impression', '5', 240653376L, datetime.datetime(2013, 5, 29, 14, 45, 35), 0.256101131898445, False, 'time']
['ijamsh', 202550274, 'impression', '10', 240641526L, datetime.datetime(2013, 5, 29, 14, 45, 35), 0.103110970152741, False, 'time']
['ijamsh', 202550274, 'impression', '2', 240756457L, datetime.datetime(2013, 5, 29, 14, 45, 35), 0.309265387161503, False, 'time']
['ijamsh', 202550274, 'impression', '1', 240770717L, datetime.datetime(2013, 5, 29, 14, 45, 35), 0.187117683219363, False, 'time']
['ijamsh', 202550274, 'view_full_application_via_name', '2', 240756457L, datetime.datetime(2013, 5, 29, 14, 46, 26), 0.309265387161503, False, 'time']
['ijamsh', 202550274, 'impression', '3', 240706902L, datetime.datetime(2013, 5, 29, 14, 49, 18), 0.162528992507504, False, 'time']
['ijamsh', 202550274, 'impression', '6', 240651766L, datetime.datetime(2013, 5, 29, 14, 49, 18), 0.126046581143606, False, 'time']
['ijamsh', 202550274, 'impression', '13', 240640712L, datetime.datetime(2013, 5, 29, 14, 49, 18), 0.150803481663552, False, 'time']
['ijamsh', 202550274, 'impression', '1', 240770717L, datetime.datetime(2013, 5, 29, 14, 49, 18), 0.187117683219363, False, 'time']
['ijamsh', 202550274, 'impression', '8', 240648283L, datetime.datetime(2013, 5, 29, 14, 49, 18), 0.0661440497171643, False, 'time']
['ijamsh', 202550274, 'impression', '11', 240641323L, datetime.datetime(2013, 5, 29, 14, 49, 18), 0.244697137629285, False, 'time']
['ijamsh', 202550274, 'impression', '12', 240641184L, datetime.datetime(2013, 5, 29, 14, 49, 18), 0.212809028595417, False, 'time']
['ijamsh', 202550274, 'impression', '9', 240645666L, datetime.datetime(2013, 5, 29, 14, 49, 18), 0.034961676093538, False, 'time']
['ijamsh', 202550274, 'impression', '4', 240669724L, datetime.datetime(2013, 5, 29, 14, 49, 18), 0.201444317034705, False, 'time']
['ijamsh', 202550274, 'impression', '5', 240653376L, datetime.datetime(2013, 5, 29, 14, 49, 18), 0.256101131898445, False, 'time']
['ijamsh', 202550274, 'impression', '7', 240649997L, datetime.datetime(2013, 5, 29, 14, 49, 18), 0.323808349522884, False, 'time']
['ijamsh', 202550274, 'impression', '10', 240641526L, datetime.datetime(2013, 5, 29, 14, 49, 18), 0.103110970152741, False, 'time']
['ijamsh', 202550274, 'impression', '2', 240756457L, datetime.datetime(2013, 5, 29, 14, 49, 18), 0.309265387161503, False, 'time']

