['ikverrasje', 202549034, 'impression', '4', 240614697L, datetime.datetime(2013, 5, 17, 12, 12, 42), 0.747634376786255, True, 'time']
['ikverrasje', 202549034, 'impression', '1', 240624859L, datetime.datetime(2013, 5, 17, 12, 12, 42), 0.224622230344119, False, 'time']
['ikverrasje', 202549034, 'impression', '3', 240617254L, datetime.datetime(2013, 5, 17, 12, 12, 42), 0.155265679483499, False, 'time']
['ikverrasje', 202549034, 'impression', '2', 240621587L, datetime.datetime(2013, 5, 17, 12, 12, 42), 0.129175556331086, False, 'time']
['ikverrasje', 202549034, 'expand_tile', '1', 240624859L, datetime.datetime(2013, 5, 17, 12, 13, 5), 0.224622230344119, False, 'time']
['ikverrasje', 202549034, 'collapse_tile', '1', 240624859L, datetime.datetime(2013, 5, 17, 12, 13, 8), 0.224622230344119, False, 'time']
['ikverrasje', 202549034, 'expand_tile', '1', 240624859L, datetime.datetime(2013, 5, 17, 12, 13, 10), 0.224622230344119, False, 'time']
['ikverrasje', 202549034, 'collapse_tile', '1', 240624859L, datetime.datetime(2013, 5, 17, 12, 13, 44), 0.224622230344119, False, 'time']
['ikverrasje', 202549034, 'impression', '1', 240624859L, datetime.datetime(2013, 5, 17, 12, 13, 52), 0.224622230344119, False, 'time']
['ikverrasje', 202549034, 'expand_tile', '1', 240624859L, datetime.datetime(2013, 5, 17, 12, 13, 54), 0.224622230344119, False, 'time']
['ikverrasje', 202549034, 'expand_tile', '2', 240621587L, datetime.datetime(2013, 5, 17, 12, 14, 26), 0.129175556331086, False, 'time']
['ikverrasje', 202549034, 'expand_tile', '3', 240617254L, datetime.datetime(2013, 5, 17, 12, 15, 4), 0.155265679483499, False, 'time']
['ikverrasje', 202549034, 'collapse_tile', '3', 240617254L, datetime.datetime(2013, 5, 17, 12, 15, 7), 0.155265679483499, False, 'time']
['ikverrasje', 202549034, 'expand_tile', '3', 240617254L, datetime.datetime(2013, 5, 17, 12, 15, 9), 0.155265679483499, False, 'time']
['ikverrasje', 202549034, 'collapse_tile', '3', 240617254L, datetime.datetime(2013, 5, 17, 12, 15, 58), 0.155265679483499, False, 'time']
['ikverrasje', 202549034, 'expand_tile', '3', 240617254L, datetime.datetime(2013, 5, 17, 12, 16, 3), 0.155265679483499, False, 'time']

['ikverrasje', 202549034, 'impression', '7', 240614697L, datetime.datetime(2013, 5, 17, 16, 52, 39), 0.747634376786255, True, 'time']
['ikverrasje', 202549034, 'impression', '1', 240634292L, datetime.datetime(2013, 5, 17, 16, 52, 39), 0.158874029423289, False, 'time']
['ikverrasje', 202549034, 'impression', '4', 240624859L, datetime.datetime(2013, 5, 17, 16, 52, 39), 0.224622230344119, False, 'time']
['ikverrasje', 202549034, 'impression', '5', 240621587L, datetime.datetime(2013, 5, 17, 16, 52, 39), 0.129175556331086, False, 'time']
['ikverrasje', 202549034, 'impression', '6', 240617254L, datetime.datetime(2013, 5, 17, 16, 52, 39), 0.155265679483499, False, 'time']
['ikverrasje', 202549034, 'impression', '3', 240629053L, datetime.datetime(2013, 5, 17, 16, 52, 39), 0.299835968206629, False, 'time']
['ikverrasje', 202549034, 'impression', '2', 240631910L, datetime.datetime(2013, 5, 17, 16, 52, 39), 0.29715422249348, False, 'time']
['ikverrasje', 202549034, 'expand_tile', '3', 240629053L, datetime.datetime(2013, 5, 17, 16, 52, 48), 0.299835968206629, False, 'time']
['ikverrasje', 202549034, 'expand_tile', '2', 240631910L, datetime.datetime(2013, 5, 17, 16, 52, 53), 0.29715422249348, False, 'time']
['ikverrasje', 202549034, 'view_full_application', '2', 240631910L, datetime.datetime(2013, 5, 17, 16, 53, 4), 0.29715422249348, False, 'time']
['ikverrasje', 202549034, 'impression', '7', 240614697L, datetime.datetime(2013, 5, 17, 16, 53, 27), 0.747634376786255, True, 'time']
['ikverrasje', 202549034, 'impression', '5', 240621587L, datetime.datetime(2013, 5, 17, 16, 53, 27), 0.129175556331086, False, 'time']
['ikverrasje', 202549034, 'impression', '6', 240617254L, datetime.datetime(2013, 5, 17, 16, 53, 27), 0.155265679483499, False, 'time']
['ikverrasje', 202549034, 'impression', '2', 240631910L, datetime.datetime(2013, 5, 17, 16, 53, 27), 0.29715422249348, False, 'time']
['ikverrasje', 202549034, 'impression', '3', 240629053L, datetime.datetime(2013, 5, 17, 16, 53, 27), 0.299835968206629, False, 'time']
['ikverrasje', 202549034, 'impression', '4', 240624859L, datetime.datetime(2013, 5, 17, 16, 53, 27), 0.224622230344119, False, 'time']
['ikverrasje', 202549034, 'impression', '1', 240634292L, datetime.datetime(2013, 5, 17, 16, 53, 27), 0.158874029423289, False, 'time']
['ikverrasje', 202549034, 'expand_tile', '4', 240624859L, datetime.datetime(2013, 5, 17, 16, 53, 34), 0.224622230344119, False, 'time']
['ikverrasje', 202549034, 'expand_tile', '3', 240629053L, datetime.datetime(2013, 5, 17, 16, 53, 36), 0.299835968206629, False, 'time']
['ikverrasje', 202549034, 'view_full_application', '3', 240629053L, datetime.datetime(2013, 5, 17, 16, 53, 39), 0.299835968206629, False, 'time']
['ikverrasje', 202549034, 'view_full_application', '3', 240629053L, datetime.datetime(2013, 5, 17, 16, 53, 42), 0.299835968206629, False, 'time']
['ikverrasje', 202549034, 'impression', '4', 240624859L, datetime.datetime(2013, 5, 17, 16, 54, 11), 0.224622230344119, False, 'time']
['ikverrasje', 202549034, 'impression', '1', 240634292L, datetime.datetime(2013, 5, 17, 16, 54, 11), 0.158874029423289, False, 'time']
['ikverrasje', 202549034, 'impression', '7', 240614697L, datetime.datetime(2013, 5, 17, 16, 54, 11), 0.747634376786255, True, 'time']
['ikverrasje', 202549034, 'impression', '2', 240631910L, datetime.datetime(2013, 5, 17, 16, 54, 11), 0.29715422249348, False, 'time']
['ikverrasje', 202549034, 'impression', '3', 240629053L, datetime.datetime(2013, 5, 17, 16, 54, 11), 0.299835968206629, False, 'time']
['ikverrasje', 202549034, 'impression', '5', 240621587L, datetime.datetime(2013, 5, 17, 16, 54, 11), 0.129175556331086, False, 'time']
['ikverrasje', 202549034, 'impression', '6', 240617254L, datetime.datetime(2013, 5, 17, 16, 54, 11), 0.155265679483499, False, 'time']
['ikverrasje', 202549034, 'expand_tile', '1', 240634292L, datetime.datetime(2013, 5, 17, 16, 54, 12), 0.158874029423289, False, 'time']
['ikverrasje', 202549034, 'view_full_application', '1', 240634292L, datetime.datetime(2013, 5, 17, 16, 54, 14), 0.158874029423289, False, 'time']
['ikverrasje', 202549034, 'impression', '1', 240634292L, datetime.datetime(2013, 5, 17, 16, 54, 33), 0.158874029423289, False, 'time']
['ikverrasje', 202549034, 'impression', '4', 240624859L, datetime.datetime(2013, 5, 17, 16, 54, 33), 0.224622230344119, False, 'time']
['ikverrasje', 202549034, 'impression', '6', 240617254L, datetime.datetime(2013, 5, 17, 16, 54, 33), 0.155265679483499, False, 'time']
['ikverrasje', 202549034, 'impression', '5', 240621587L, datetime.datetime(2013, 5, 17, 16, 54, 33), 0.129175556331086, False, 'time']
['ikverrasje', 202549034, 'impression', '3', 240629053L, datetime.datetime(2013, 5, 17, 16, 54, 33), 0.299835968206629, False, 'time']
['ikverrasje', 202549034, 'impression', '2', 240631910L, datetime.datetime(2013, 5, 17, 16, 54, 33), 0.29715422249348, False, 'time']
['ikverrasje', 202549034, 'impression', '7', 240614697L, datetime.datetime(2013, 5, 17, 16, 54, 33), 0.747634376786255, True, 'time']
['ikverrasje', 202549034, 'impression', '2', 240631910L, datetime.datetime(2013, 5, 17, 16, 54, 35), 0.29715422249348, False, 'time']
['ikverrasje', 202549034, 'expand_tile', '1', 240634292L, datetime.datetime(2013, 5, 17, 16, 54, 38), 0.158874029423289, False, 'time']
['ikverrasje', 202549034, 'send_message', '1', 240634292L, datetime.datetime(2013, 5, 17, 16, 54, 41), 0.158874029423289, False, 'time']
['ikverrasje', 202549034, 'impression', '7', 240614697L, datetime.datetime(2013, 5, 17, 16, 54, 48), 0.747634376786255, True, 'time']
['ikverrasje', 202549034, 'view_full_application_via_name', '7', 240614697L, datetime.datetime(2013, 5, 17, 16, 54, 50), 0.747634376786255, True, 'time']

['ikverrasje', 202549034, 'impression', '6', 240621587L, datetime.datetime(2013, 5, 18, 19, 54, 46), 0.129175556331086, False, 'time']
['ikverrasje', 202549034, 'impression', '7', 240617254L, datetime.datetime(2013, 5, 18, 19, 54, 46), 0.155265679483499, False, 'time']
['ikverrasje', 202549034, 'impression', '3', 240631910L, datetime.datetime(2013, 5, 18, 19, 54, 46), 0.29715422249348, False, 'time']
['ikverrasje', 202549034, 'impression', '4', 240629053L, datetime.datetime(2013, 5, 18, 19, 54, 46), 0.299835968206629, False, 'time']
['ikverrasje', 202549034, 'impression', '2', 240649297L, datetime.datetime(2013, 5, 18, 19, 54, 46), 0.164737326735853, False, 'time']
['ikverrasje', 202549034, 'impression', '1', 240651668L, datetime.datetime(2013, 5, 18, 19, 54, 46), 0.189479571916306, False, 'time']
['ikverrasje', 202549034, 'impression', '5', 240624859L, datetime.datetime(2013, 5, 18, 19, 54, 46), 0.224622230344119, False, 'time']

