['jackjac33', 202577248, 'impression', '18', 241203013L, datetime.datetime(2013, 5, 25, 15, 24, 44), 0.208122609038474, False, 'time']
['jackjac33', 202577248, 'impression', '12', 241205149L, datetime.datetime(2013, 5, 25, 15, 24, 44), 0.239938726789762, False, 'time']
['jackjac33', 202577248, 'impression', '6', 241206035L, datetime.datetime(2013, 5, 25, 15, 24, 44), 0.358266111000071, False, 'time']
['jackjac33', 202577248, 'impression', '1', 241272196L, datetime.datetime(2013, 5, 25, 15, 24, 44), 0.0681669203698757, False, 'time']
['jackjac33', 202577248, 'impression', '9', 241205239L, datetime.datetime(2013, 5, 25, 15, 24, 44), 0.350857011397878, False, 'time']
['jackjac33', 202577248, 'impression', '15', 241203996L, datetime.datetime(2013, 5, 25, 15, 24, 44), 0.109981700829587, False, 'time']
['jackjac33', 202577248, 'impression', '4', 241206783L, datetime.datetime(2013, 5, 25, 15, 24, 44), 0.167725711015967, False, 'time']
['jackjac33', 202577248, 'impression', '3', 241207049L, datetime.datetime(2013, 5, 25, 15, 24, 44), 0.26354908395474, False, 'time']
['jackjac33', 202577248, 'impression', '14', 241204032L, datetime.datetime(2013, 5, 25, 15, 24, 44), 0.202889786450546, False, 'time']
['jackjac33', 202577248, 'impression', '20', 241202265L, datetime.datetime(2013, 5, 25, 15, 24, 44), 0.171798196929936, False, 'time']
['jackjac33', 202577248, 'impression', '7', 241205333L, datetime.datetime(2013, 5, 25, 15, 24, 44), 0.320314002324998, False, 'time']
['jackjac33', 202577248, 'impression', '16', 241203366L, datetime.datetime(2013, 5, 25, 15, 24, 44), 0.164017221680121, False, 'time']
['jackjac33', 202577248, 'impression', '8', 241205278L, datetime.datetime(2013, 5, 25, 15, 24, 44), 0.268054880376201, False, 'time']
['jackjac33', 202577248, 'impression', '5', 241206246L, datetime.datetime(2013, 5, 25, 15, 24, 44), 0.287603965564854, False, 'time']
['jackjac33', 202577248, 'impression', '13', 241205038L, datetime.datetime(2013, 5, 25, 15, 24, 44), 0.151262574685816, False, 'time']
['jackjac33', 202577248, 'impression', '2', 241269480L, datetime.datetime(2013, 5, 25, 15, 24, 44), 0.172692176695641, False, 'time']
['jackjac33', 202577248, 'impression', '11', 241205198L, datetime.datetime(2013, 5, 25, 15, 24, 44), 0.425563970034534, False, 'time']
['jackjac33', 202577248, 'impression', '19', 241202982L, datetime.datetime(2013, 5, 25, 15, 24, 44), 0.373198257482767, False, 'time']
['jackjac33', 202577248, 'impression', '10', 241205206L, datetime.datetime(2013, 5, 25, 15, 24, 44), 0.170265376880976, False, 'time']
['jackjac33', 202577248, 'impression', '17', 241203022L, datetime.datetime(2013, 5, 25, 15, 24, 44), 0.182087447421047, False, 'time']

