['jameslooker', 202553949, 'impression', '11', 240745740L, datetime.datetime(2013, 5, 24, 1, 37, 33), 0.03644961207678, False, 'time']
['jameslooker', 202553949, 'impression', '7', 240755289L, datetime.datetime(2013, 5, 24, 1, 37, 33), 0.327281210015908, False, 'time']
['jameslooker', 202553949, 'impression', '19', 240726569L, datetime.datetime(2013, 5, 24, 1, 37, 33), 0.0206173158405774, False, 'time']
['jameslooker', 202553949, 'impression', '3', 240935827L, datetime.datetime(2013, 5, 24, 1, 37, 33), 0.291521559347961, False, 'time']
['jameslooker', 202553949, 'impression', '15', 240727800L, datetime.datetime(2013, 5, 24, 1, 37, 33), 0.317344827898316, False, 'time']
['jameslooker', 202553949, 'impression', '2', 240949520L, datetime.datetime(2013, 5, 24, 1, 37, 33), 0.0558549009338831, False, 'time']
['jameslooker', 202553949, 'impression', '13', 240729569L, datetime.datetime(2013, 5, 24, 1, 37, 33), 0.132626245235426, False, 'time']
['jameslooker', 202553949, 'impression', '1', 241146020L, datetime.datetime(2013, 5, 24, 1, 37, 33), 0.0329991725878149, False, 'time']
['jameslooker', 202553949, 'impression', '12', 240729903L, datetime.datetime(2013, 5, 24, 1, 37, 33), 0.0413153459365826, False, 'time']
['jameslooker', 202553949, 'impression', '6', 240765884L, datetime.datetime(2013, 5, 24, 1, 37, 33), 0.118674295858508, False, 'time']
['jameslooker', 202553949, 'impression', '18', 240727442L, datetime.datetime(2013, 5, 24, 1, 37, 33), 0.0407186440192281, False, 'time']
['jameslooker', 202553949, 'impression', '5', 240833718L, datetime.datetime(2013, 5, 24, 1, 37, 33), 0.0331300654710102, False, 'time']
['jameslooker', 202553949, 'impression', '4', 240853978L, datetime.datetime(2013, 5, 24, 1, 37, 33), 0.0204852611933516, False, 'time']
['jameslooker', 202553949, 'impression', '10', 240750083L, datetime.datetime(2013, 5, 24, 1, 37, 33), 0.0445915329169799, False, 'time']
['jameslooker', 202553949, 'impression', '8', 240752584L, datetime.datetime(2013, 5, 24, 1, 37, 33), 0.0422074530149525, False, 'time']
['jameslooker', 202553949, 'impression', '9', 240751251L, datetime.datetime(2013, 5, 24, 1, 37, 33), 0.276967834163167, False, 'time']
['jameslooker', 202553949, 'impression', '14', 240729265L, datetime.datetime(2013, 5, 24, 1, 37, 33), 0.205553558518439, False, 'time']
['jameslooker', 202553949, 'impression', '17', 240727687L, datetime.datetime(2013, 5, 24, 1, 37, 33), 0.301036709297924, False, 'time']
['jameslooker', 202553949, 'impression', '16', 240727702L, datetime.datetime(2013, 5, 24, 1, 37, 33), 0.254714493841333, False, 'time']
['jameslooker', 202553949, 'impression', '4', 240853978L, datetime.datetime(2013, 5, 24, 1, 37, 49), 0.0204852611933516, False, 'time']
['jameslooker', 202553949, 'expand_tile', '3', 240935827L, datetime.datetime(2013, 5, 24, 1, 37, 50), 0.291521559347961, False, 'time']
['jameslooker', 202553949, 'expand_tile', '7', 240755289L, datetime.datetime(2013, 5, 24, 1, 38, 9), 0.327281210015908, False, 'time']
['jameslooker', 202553949, 'expand_tile', '9', 240751251L, datetime.datetime(2013, 5, 24, 1, 38, 47), 0.276967834163167, False, 'time']
['jameslooker', 202553949, 'view_full_application_via_name', '9', 240751251L, datetime.datetime(2013, 5, 24, 1, 39, 12), 0.276967834163167, False, 'time']
['jameslooker', 202553949, 'expand_tile', '13', 240729569L, datetime.datetime(2013, 5, 24, 1, 39, 28), 0.132626245235426, False, 'time']
['jameslooker', 202553949, 'collapse_tile', '13', 240729569L, datetime.datetime(2013, 5, 24, 1, 39, 39), 0.132626245235426, False, 'time']
['jameslooker', 202553949, 'expand_tile', '13', 240729569L, datetime.datetime(2013, 5, 24, 1, 39, 41), 0.132626245235426, False, 'time']
['jameslooker', 202553949, 'impression', '19', 240726569L, datetime.datetime(2013, 5, 24, 1, 39, 49), 0.0206173158405774, False, 'time']
['jameslooker', 202553949, 'expand_tile', '19', 240726569L, datetime.datetime(2013, 5, 24, 1, 40, 15), 0.0206173158405774, False, 'time']
['jameslooker', 202553949, 'impression', '19', 240726569L, datetime.datetime(2013, 5, 24, 1, 40, 18), 0.0206173158405774, False, 'time']
['jameslooker', 202553949, 'impression', '19', 240726569L, datetime.datetime(2013, 5, 24, 1, 40, 18), 0.0206173158405774, False, 'time']
['jameslooker', 202553949, 'expand_tile', '19', 240726569L, datetime.datetime(2013, 5, 24, 1, 40, 19), 0.0206173158405774, False, 'time']
['jameslooker', 202553949, 'impression', '18', 240727442L, datetime.datetime(2013, 5, 24, 1, 40, 19), 0.0407186440192281, False, 'time']
['jameslooker', 202553949, 'impression', '18', 240727442L, datetime.datetime(2013, 5, 24, 1, 40, 20), 0.0407186440192281, False, 'time']
['jameslooker', 202553949, 'expand_tile', '18', 240727442L, datetime.datetime(2013, 5, 24, 1, 40, 28), 0.0407186440192281, False, 'time']
['jameslooker', 202553949, 'impression', '18', 240727442L, datetime.datetime(2013, 5, 24, 1, 40, 31), 0.0407186440192281, False, 'time']
['jameslooker', 202553949, 'impression', '18', 240727442L, datetime.datetime(2013, 5, 24, 1, 40, 33), 0.0407186440192281, False, 'time']
['jameslooker', 202553949, 'expand_tile', '18', 240727442L, datetime.datetime(2013, 5, 24, 1, 40, 34), 0.0407186440192281, False, 'time']
['jameslooker', 202553949, 'impression', '17', 240727687L, datetime.datetime(2013, 5, 24, 1, 40, 34), 0.301036709297924, False, 'time']
['jameslooker', 202553949, 'impression', '17', 240727687L, datetime.datetime(2013, 5, 24, 1, 40, 36), 0.301036709297924, False, 'time']
['jameslooker', 202553949, 'expand_tile', '17', 240727687L, datetime.datetime(2013, 5, 24, 1, 40, 41), 0.301036709297924, False, 'time']
['jameslooker', 202553949, 'impression', '16', 240727702L, datetime.datetime(2013, 5, 24, 1, 41, 1), 0.254714493841333, False, 'time']
['jameslooker', 202553949, 'impression', '15', 240727800L, datetime.datetime(2013, 5, 24, 1, 41, 2), 0.317344827898316, False, 'time']
['jameslooker', 202553949, 'impression', '1', 241146020L, datetime.datetime(2013, 5, 24, 1, 41, 7), 0.0329991725878149, False, 'time']
['jameslooker', 202553949, 'impression', '2', 240949520L, datetime.datetime(2013, 5, 24, 1, 41, 14), 0.0558549009338831, False, 'time']
['jameslooker', 202553949, 'expand_tile', '2', 240949520L, datetime.datetime(2013, 5, 24, 1, 41, 21), 0.0558549009338831, False, 'time']
['jameslooker', 202553949, 'impression', '2', 240949520L, datetime.datetime(2013, 5, 24, 1, 41, 26), 0.0558549009338831, False, 'time']
['jameslooker', 202553949, 'impression', '2', 240949520L, datetime.datetime(2013, 5, 24, 1, 41, 38), 0.0558549009338831, False, 'time']
['jameslooker', 202553949, 'impression', '2', 240949520L, datetime.datetime(2013, 5, 24, 1, 41, 38), 0.0558549009338831, False, 'time']
['jameslooker', 202553949, 'expand_tile', '2', 240949520L, datetime.datetime(2013, 5, 24, 1, 41, 39), 0.0558549009338831, False, 'time']
['jameslooker', 202553949, 'impression', '3', 240935827L, datetime.datetime(2013, 5, 24, 1, 41, 39), 0.291521559347961, False, 'time']
['jameslooker', 202553949, 'impression', '4', 240853978L, datetime.datetime(2013, 5, 24, 1, 41, 43), 0.0204852611933516, False, 'time']
['jameslooker', 202553949, 'expand_tile', '4', 240853978L, datetime.datetime(2013, 5, 24, 1, 41, 52), 0.0204852611933516, False, 'time']
['jameslooker', 202553949, 'impression', '4', 240853978L, datetime.datetime(2013, 5, 24, 1, 41, 59), 0.0204852611933516, False, 'time']
['jameslooker', 202553949, 'impression', '4', 240853978L, datetime.datetime(2013, 5, 24, 1, 42, 1), 0.0204852611933516, False, 'time']
['jameslooker', 202553949, 'impression', '5', 240833718L, datetime.datetime(2013, 5, 24, 1, 42, 2), 0.0331300654710102, False, 'time']
['jameslooker', 202553949, 'expand_tile', '4', 240853978L, datetime.datetime(2013, 5, 24, 1, 42, 2), 0.0204852611933516, False, 'time']
['jameslooker', 202553949, 'expand_tile', '5', 240833718L, datetime.datetime(2013, 5, 24, 1, 42, 5), 0.0331300654710102, False, 'time']
['jameslooker', 202553949, 'impression', '5', 240833718L, datetime.datetime(2013, 5, 24, 1, 42, 6), 0.0331300654710102, False, 'time']
['jameslooker', 202553949, 'impression', '5', 240833718L, datetime.datetime(2013, 5, 24, 1, 42, 8), 0.0331300654710102, False, 'time']
['jameslooker', 202553949, 'expand_tile', '5', 240833718L, datetime.datetime(2013, 5, 24, 1, 42, 8), 0.0331300654710102, False, 'time']
['jameslooker', 202553949, 'impression', '6', 240765884L, datetime.datetime(2013, 5, 24, 1, 42, 8), 0.118674295858508, False, 'time']
['jameslooker', 202553949, 'expand_tile', '6', 240765884L, datetime.datetime(2013, 5, 24, 1, 42, 11), 0.118674295858508, False, 'time']
['jameslooker', 202553949, 'impression', '6', 240765884L, datetime.datetime(2013, 5, 24, 1, 42, 16), 0.118674295858508, False, 'time']
['jameslooker', 202553949, 'impression', '6', 240765884L, datetime.datetime(2013, 5, 24, 1, 42, 16), 0.118674295858508, False, 'time']
['jameslooker', 202553949, 'expand_tile', '6', 240765884L, datetime.datetime(2013, 5, 24, 1, 42, 16), 0.118674295858508, False, 'time']
['jameslooker', 202553949, 'impression', '7', 240755289L, datetime.datetime(2013, 5, 24, 1, 42, 17), 0.327281210015908, False, 'time']
['jameslooker', 202553949, 'impression', '8', 240752584L, datetime.datetime(2013, 5, 24, 1, 42, 20), 0.0422074530149525, False, 'time']
['jameslooker', 202553949, 'impression', '8', 240752584L, datetime.datetime(2013, 5, 24, 1, 42, 21), 0.0422074530149525, False, 'time']
['jameslooker', 202553949, 'impression', '9', 240751251L, datetime.datetime(2013, 5, 24, 1, 42, 22), 0.276967834163167, False, 'time']
['jameslooker', 202553949, 'impression', '10', 240750083L, datetime.datetime(2013, 5, 24, 1, 42, 28), 0.0445915329169799, False, 'time']
['jameslooker', 202553949, 'impression', '10', 240750083L, datetime.datetime(2013, 5, 24, 1, 42, 29), 0.0445915329169799, False, 'time']
['jameslooker', 202553949, 'impression', '11', 240745740L, datetime.datetime(2013, 5, 24, 1, 42, 29), 0.03644961207678, False, 'time']
['jameslooker', 202553949, 'impression', '11', 240745740L, datetime.datetime(2013, 5, 24, 1, 42, 30), 0.03644961207678, False, 'time']
['jameslooker', 202553949, 'impression', '12', 240729903L, datetime.datetime(2013, 5, 24, 1, 42, 31), 0.0413153459365826, False, 'time']
['jameslooker', 202553949, 'impression', '5', 240729569L, datetime.datetime(2013, 5, 24, 1, 42, 51), 0.132626245235426, False, 'time']
['jameslooker', 202553949, 'impression', '4', 240729903L, datetime.datetime(2013, 5, 24, 1, 42, 51), 0.0413153459365826, False, 'time']
['jameslooker', 202553949, 'impression', '9', 240727687L, datetime.datetime(2013, 5, 24, 1, 42, 51), 0.301036709297924, False, 'time']
['jameslooker', 202553949, 'impression', '6', 240729265L, datetime.datetime(2013, 5, 24, 1, 42, 51), 0.205553558518439, False, 'time']
['jameslooker', 202553949, 'impression', '3', 240751251L, datetime.datetime(2013, 5, 24, 1, 42, 51), 0.276967834163167, False, 'time']
['jameslooker', 202553949, 'impression', '1', 240935827L, datetime.datetime(2013, 5, 24, 1, 42, 51), 0.291521559347961, False, 'time']
['jameslooker', 202553949, 'impression', '2', 240755289L, datetime.datetime(2013, 5, 24, 1, 42, 51), 0.327281210015908, False, 'time']
['jameslooker', 202553949, 'impression', '8', 240727702L, datetime.datetime(2013, 5, 24, 1, 42, 51), 0.254714493841333, False, 'time']
['jameslooker', 202553949, 'impression', '7', 240727800L, datetime.datetime(2013, 5, 24, 1, 42, 51), 0.317344827898316, False, 'time']
['jameslooker', 202553949, 'impression', '7', 240727800L, datetime.datetime(2013, 5, 24, 2, 1, 29), 0.317344827898316, False, 'time']
['jameslooker', 202553949, 'expand_tile', '6', 240729265L, datetime.datetime(2013, 5, 24, 2, 1, 31), 0.205553558518439, False, 'time']
['jameslooker', 202553949, 'impression', '6', 240729265L, datetime.datetime(2013, 5, 24, 2, 1, 34), 0.205553558518439, False, 'time']
['jameslooker', 202553949, 'impression', '6', 240729265L, datetime.datetime(2013, 5, 24, 2, 1, 40), 0.205553558518439, False, 'time']
['jameslooker', 202553949, 'impression', '6', 240729265L, datetime.datetime(2013, 5, 24, 2, 1, 42), 0.205553558518439, False, 'time']
['jameslooker', 202553949, 'expand_tile', '6', 240729265L, datetime.datetime(2013, 5, 24, 2, 1, 42), 0.205553558518439, False, 'time']
['jameslooker', 202553949, 'impression', '5', 240729569L, datetime.datetime(2013, 5, 24, 2, 1, 42), 0.132626245235426, False, 'time']
['jameslooker', 202553949, 'expand_tile', '5', 240729569L, datetime.datetime(2013, 5, 24, 2, 1, 47), 0.132626245235426, False, 'time']
['jameslooker', 202553949, 'view_full_application', '5', 240729569L, datetime.datetime(2013, 5, 24, 2, 1, 54), 0.132626245235426, False, 'time']
['jameslooker', 202553949, 'expand_tile', '1', 240935827L, datetime.datetime(2013, 5, 24, 2, 2, 16), 0.291521559347961, False, 'time']
['jameslooker', 202553949, 'view_full_application', '1', 240935827L, datetime.datetime(2013, 5, 24, 2, 2, 17), 0.291521559347961, False, 'time']
['jameslooker', 202553949, 'expand_tile', '2', 240755289L, datetime.datetime(2013, 5, 24, 2, 2, 21), 0.327281210015908, False, 'time']
['jameslooker', 202553949, 'view_full_application', '2', 240755289L, datetime.datetime(2013, 5, 24, 2, 2, 29), 0.327281210015908, False, 'time']
['jameslooker', 202553949, 'impression', '2', 240755289L, datetime.datetime(2013, 5, 24, 2, 2, 30), 0.327281210015908, False, 'time']
['jameslooker', 202553949, 'collapse_tile', '2', 240755289L, datetime.datetime(2013, 5, 24, 2, 2, 35), 0.327281210015908, False, 'time']
['jameslooker', 202553949, 'impression', '4', 240729903L, datetime.datetime(2013, 5, 24, 2, 2, 36), 0.0413153459365826, False, 'time']
['jameslooker', 202553949, 'expand_tile', '4', 240729903L, datetime.datetime(2013, 5, 24, 2, 2, 41), 0.0413153459365826, False, 'time']
['jameslooker', 202553949, 'view_full_application', '4', 240729903L, datetime.datetime(2013, 5, 24, 2, 3, 7), 0.0413153459365826, False, 'time']
['jameslooker', 202553949, 'impression', '5', 240729569L, datetime.datetime(2013, 5, 24, 2, 3, 12), 0.132626245235426, False, 'time']
['jameslooker', 202553949, 'impression', '5', 240729569L, datetime.datetime(2013, 5, 24, 2, 3, 13), 0.132626245235426, False, 'time']
['jameslooker', 202553949, 'expand_tile', '5', 240729569L, datetime.datetime(2013, 5, 24, 2, 3, 14), 0.132626245235426, False, 'time']
['jameslooker', 202553949, 'expand_tile', '8', 240727702L, datetime.datetime(2013, 5, 24, 2, 3, 20), 0.254714493841333, False, 'time']
['jameslooker', 202553949, 'view_full_application', '8', 240727702L, datetime.datetime(2013, 5, 24, 2, 3, 38), 0.254714493841333, False, 'time']
['jameslooker', 202553949, 'expand_tile', '9', 240727687L, datetime.datetime(2013, 5, 24, 2, 3, 43), 0.301036709297924, False, 'time']
['jameslooker', 202553949, 'view_full_application', '9', 240727687L, datetime.datetime(2013, 5, 24, 2, 3, 47), 0.301036709297924, False, 'time']

['jameslooker', 202553949, 'expand_tile', '7', 240727800L, datetime.datetime(2013, 5, 24, 2, 52, 28), 0.317344827898316, False, 'time']
['jameslooker', 202553949, 'view_full_application', '7', 240727800L, datetime.datetime(2013, 5, 24, 2, 52, 49), 0.317344827898316, False, 'time']
['jameslooker', 202553949, 'impression', '7', 240727800L, datetime.datetime(2013, 5, 24, 2, 52, 50), 0.317344827898316, False, 'time']

['jameslooker', 202553949, 'impression', '4', 240729903L, datetime.datetime(2013, 5, 24, 4, 18, 46), 0.0413153459365826, False, 'time']
['jameslooker', 202553949, 'impression', '1', 240935827L, datetime.datetime(2013, 5, 24, 4, 19, 24), 0.291521559347961, False, 'time']
['jameslooker', 202553949, 'impression', '2', 240755289L, datetime.datetime(2013, 5, 24, 4, 19, 24), 0.327281210015908, False, 'time']
['jameslooker', 202553949, 'impression', '4', 240729903L, datetime.datetime(2013, 5, 24, 4, 19, 24), 0.0413153459365826, False, 'time']
['jameslooker', 202553949, 'impression', '6', 240727702L, datetime.datetime(2013, 5, 24, 4, 19, 24), 0.254714493841333, False, 'time']
['jameslooker', 202553949, 'impression', '7', 240727687L, datetime.datetime(2013, 5, 24, 4, 19, 24), 0.301036709297924, False, 'time']
['jameslooker', 202553949, 'impression', '3', 240751251L, datetime.datetime(2013, 5, 24, 4, 19, 24), 0.276967834163167, False, 'time']
['jameslooker', 202553949, 'impression', '5', 240727800L, datetime.datetime(2013, 5, 24, 4, 19, 24), 0.317344827898316, False, 'time']
['jameslooker', 202553949, 'impression', '2', 240755289L, datetime.datetime(2013, 5, 24, 4, 19, 30), 0.327281210015908, False, 'time']
['jameslooker', 202553949, 'expand_tile', '1', 240935827L, datetime.datetime(2013, 5, 24, 4, 19, 31), 0.291521559347961, False, 'time']
['jameslooker', 202553949, 'impression', '2', 240755289L, datetime.datetime(2013, 5, 24, 4, 19, 36), 0.327281210015908, False, 'time']
['jameslooker', 202553949, 'impression', '3', 240751251L, datetime.datetime(2013, 5, 24, 4, 19, 36), 0.276967834163167, False, 'time']
['jameslooker', 202553949, 'impression', '1', 240935827L, datetime.datetime(2013, 5, 24, 4, 19, 37), 0.291521559347961, False, 'time']
['jameslooker', 202553949, 'expand_tile', '1', 240935827L, datetime.datetime(2013, 5, 24, 4, 19, 44), 0.291521559347961, False, 'time']
['jameslooker', 202553949, 'impression', '1', 240935827L, datetime.datetime(2013, 5, 24, 4, 19, 44), 0.291521559347961, False, 'time']
['jameslooker', 202553949, 'impression', '2', 240755289L, datetime.datetime(2013, 5, 24, 4, 19, 44), 0.327281210015908, False, 'time']
['jameslooker', 202553949, 'impression', '3', 240751251L, datetime.datetime(2013, 5, 24, 4, 19, 49), 0.276967834163167, False, 'time']
['jameslooker', 202553949, 'impression', '4', 240729903L, datetime.datetime(2013, 5, 24, 4, 19, 50), 0.0413153459365826, False, 'time']
['jameslooker', 202553949, 'impression', '4', 240727702L, datetime.datetime(2013, 5, 24, 4, 23, 22), 0.254714493841333, False, 'time']
['jameslooker', 202553949, 'impression', '2', 240729903L, datetime.datetime(2013, 5, 24, 4, 23, 22), 0.0413153459365826, False, 'time']
['jameslooker', 202553949, 'impression', '3', 240727800L, datetime.datetime(2013, 5, 24, 4, 23, 22), 0.317344827898316, False, 'time']
['jameslooker', 202553949, 'impression', '1', 240751251L, datetime.datetime(2013, 5, 24, 4, 23, 22), 0.276967834163167, False, 'time']
['jameslooker', 202553949, 'impression', '5', 240727687L, datetime.datetime(2013, 5, 24, 4, 23, 22), 0.301036709297924, False, 'time']

