['jmaxchase', 202590286, 'impression', '2', 241496525L, datetime.datetime(2013, 5, 28, 15, 4, 41), 0.04283222860995, False, 'best']
['jmaxchase', 202590286, 'impression', '3', 241496728L, datetime.datetime(2013, 5, 28, 15, 4, 41), 0.0198420914332344, False, 'best']
['jmaxchase', 202590286, 'impression', '1', 241496516L, datetime.datetime(2013, 5, 28, 15, 4, 41), 0.0557295334434678, False, 'best']
['jmaxchase', 202590286, 'impression', '6', 241496684L, datetime.datetime(2013, 5, 28, 15, 4, 41), 0.00433968837233899, False, 'best']
['jmaxchase', 202590286, 'impression', '4', 241496743L, datetime.datetime(2013, 5, 28, 15, 4, 41), 0.0109182502403689, False, 'best']
['jmaxchase', 202590286, 'impression', '5', 241496693L, datetime.datetime(2013, 5, 28, 15, 4, 41), 0.00814999617689118, False, 'best']
['jmaxchase', 202590286, 'view_full_application_via_name', '3', 241496728L, datetime.datetime(2013, 5, 28, 15, 7, 2), 0.0198420914332344, False, 'best']
['jmaxchase', 202590286, 'impression', '1', 241497728L, datetime.datetime(2013, 5, 28, 15, 13, 6), 0.0700518274723799, False, 'best']
['jmaxchase', 202590286, 'impression', '13', 241496684L, datetime.datetime(2013, 5, 28, 15, 13, 6), 0.00433968837233899, False, 'best']
['jmaxchase', 202590286, 'impression', '2', 241497500L, datetime.datetime(2013, 5, 28, 15, 13, 6), 0.0654478250511884, False, 'best']
['jmaxchase', 202590286, 'impression', '12', 241496693L, datetime.datetime(2013, 5, 28, 15, 13, 6), 0.00814999617689118, False, 'best']
['jmaxchase', 202590286, 'impression', '8', 241497191L, datetime.datetime(2013, 5, 28, 15, 13, 6), 0.0212182909944702, False, 'best']
['jmaxchase', 202590286, 'impression', '3', 241496516L, datetime.datetime(2013, 5, 28, 15, 13, 6), 0.0557295334434678, False, 'best']
['jmaxchase', 202590286, 'impression', '5', 241497006L, datetime.datetime(2013, 5, 28, 15, 13, 6), 0.0312405207722977, False, 'best']
['jmaxchase', 202590286, 'impression', '10', 241496743L, datetime.datetime(2013, 5, 28, 15, 13, 6), 0.0109182502403689, False, 'best']
['jmaxchase', 202590286, 'impression', '7', 241496948L, datetime.datetime(2013, 5, 28, 15, 13, 6), 0.0252439177058482, False, 'best']
['jmaxchase', 202590286, 'impression', '9', 241496728L, datetime.datetime(2013, 5, 28, 15, 13, 6), 0.0198420914332344, False, 'best']
['jmaxchase', 202590286, 'impression', '6', 241497513L, datetime.datetime(2013, 5, 28, 15, 13, 6), 0.0305086243428103, False, 'best']
['jmaxchase', 202590286, 'impression', '4', 241496525L, datetime.datetime(2013, 5, 28, 15, 13, 6), 0.04283222860995, False, 'best']
['jmaxchase', 202590286, 'impression', '11', 241497048L, datetime.datetime(2013, 5, 28, 15, 13, 6), 0.00894104038544338, False, 'best']
['jmaxchase', 202590286, 'impression', '15', 241496743L, datetime.datetime(2013, 5, 28, 15, 29, 33), 0.0109182502403689, False, 'best']
['jmaxchase', 202590286, 'impression', '10', 241496948L, datetime.datetime(2013, 5, 28, 15, 29, 33), 0.0252439177058482, False, 'best']
['jmaxchase', 202590286, 'impression', '9', 241498000L, datetime.datetime(2013, 5, 28, 15, 29, 33), 0.0290452104172126, False, 'best']
['jmaxchase', 202590286, 'impression', '18', 241496684L, datetime.datetime(2013, 5, 28, 15, 29, 33), 0.00433968837233899, False, 'best']
['jmaxchase', 202590286, 'impression', '1', 241497728L, datetime.datetime(2013, 5, 28, 15, 29, 33), 0.0700518274723799, False, 'best']
['jmaxchase', 202590286, 'impression', '12', 241496728L, datetime.datetime(2013, 5, 28, 15, 29, 33), 0.0198420914332344, False, 'best']
['jmaxchase', 202590286, 'impression', '8', 241497513L, datetime.datetime(2013, 5, 28, 15, 29, 33), 0.0305086243428103, False, 'best']
['jmaxchase', 202590286, 'impression', '5', 241496525L, datetime.datetime(2013, 5, 28, 15, 29, 33), 0.04283222860995, False, 'best']
['jmaxchase', 202590286, 'impression', '3', 241497500L, datetime.datetime(2013, 5, 28, 15, 29, 33), 0.0654478250511884, False, 'best']
['jmaxchase', 202590286, 'impression', '11', 241497191L, datetime.datetime(2013, 5, 28, 15, 29, 33), 0.0212182909944702, False, 'best']
['jmaxchase', 202590286, 'impression', '17', 241496693L, datetime.datetime(2013, 5, 28, 15, 29, 33), 0.00814999617689118, False, 'best']
['jmaxchase', 202590286, 'impression', '13', 241498456L, datetime.datetime(2013, 5, 28, 15, 29, 33), 0.0187141592891076, False, 'best']
['jmaxchase', 202590286, 'impression', '16', 241497048L, datetime.datetime(2013, 5, 28, 15, 29, 33), 0.00894104038544338, False, 'best']
['jmaxchase', 202590286, 'impression', '2', 241498324L, datetime.datetime(2013, 5, 28, 15, 29, 33), 0.0677564625034882, False, 'best']
['jmaxchase', 202590286, 'impression', '6', 241497830L, datetime.datetime(2013, 5, 28, 15, 29, 33), 0.0419001006896399, False, 'best']
['jmaxchase', 202590286, 'impression', '4', 241496516L, datetime.datetime(2013, 5, 28, 15, 29, 33), 0.0557295334434678, False, 'best']
['jmaxchase', 202590286, 'impression', '14', 241498436L, datetime.datetime(2013, 5, 28, 15, 29, 33), 0.0145875255124422, False, 'best']
['jmaxchase', 202590286, 'impression', '7', 241497006L, datetime.datetime(2013, 5, 28, 15, 29, 33), 0.0312405207722977, False, 'best']
['jmaxchase', 202590286, 'view_full_application_via_name', '15', 241496743L, datetime.datetime(2013, 5, 28, 15, 30, 1), 0.0109182502403689, False, 'best']
['jmaxchase', 202590286, 'impression', '9', 241498000L, datetime.datetime(2013, 5, 28, 15, 30, 25), 0.0290452104172126, False, 'best']
['jmaxchase', 202590286, 'impression', '10', 241496948L, datetime.datetime(2013, 5, 28, 15, 30, 25), 0.0252439177058482, False, 'best']
['jmaxchase', 202590286, 'impression', '15', 241496743L, datetime.datetime(2013, 5, 28, 15, 30, 25), 0.0109182502403689, False, 'best']
['jmaxchase', 202590286, 'impression', '14', 241498436L, datetime.datetime(2013, 5, 28, 15, 30, 25), 0.0145875255124422, False, 'best']
['jmaxchase', 202590286, 'impression', '4', 241496516L, datetime.datetime(2013, 5, 28, 15, 30, 25), 0.0557295334434678, False, 'best']
['jmaxchase', 202590286, 'impression', '7', 241497006L, datetime.datetime(2013, 5, 28, 15, 30, 25), 0.0312405207722977, False, 'best']
['jmaxchase', 202590286, 'impression', '12', 241496728L, datetime.datetime(2013, 5, 28, 15, 30, 25), 0.0198420914332344, False, 'best']
['jmaxchase', 202590286, 'impression', '5', 241496525L, datetime.datetime(2013, 5, 28, 15, 30, 25), 0.04283222860995, False, 'best']
['jmaxchase', 202590286, 'impression', '8', 241497513L, datetime.datetime(2013, 5, 28, 15, 30, 25), 0.0305086243428103, False, 'best']
['jmaxchase', 202590286, 'impression', '13', 241498456L, datetime.datetime(2013, 5, 28, 15, 30, 25), 0.0187141592891076, False, 'best']
['jmaxchase', 202590286, 'impression', '11', 241497191L, datetime.datetime(2013, 5, 28, 15, 30, 25), 0.0212182909944702, False, 'best']
['jmaxchase', 202590286, 'impression', '3', 241497500L, datetime.datetime(2013, 5, 28, 15, 30, 25), 0.0654478250511884, False, 'best']
['jmaxchase', 202590286, 'impression', '17', 241496693L, datetime.datetime(2013, 5, 28, 15, 30, 25), 0.00814999617689118, False, 'best']
['jmaxchase', 202590286, 'impression', '2', 241498324L, datetime.datetime(2013, 5, 28, 15, 30, 25), 0.0677564625034882, False, 'best']
['jmaxchase', 202590286, 'impression', '6', 241497830L, datetime.datetime(2013, 5, 28, 15, 30, 25), 0.0419001006896399, False, 'best']
['jmaxchase', 202590286, 'impression', '16', 241497048L, datetime.datetime(2013, 5, 28, 15, 30, 25), 0.00894104038544338, False, 'best']
['jmaxchase', 202590286, 'impression', '1', 241497728L, datetime.datetime(2013, 5, 28, 15, 30, 25), 0.0700518274723799, False, 'best']
['jmaxchase', 202590286, 'impression', '18', 241496684L, datetime.datetime(2013, 5, 28, 15, 30, 25), 0.00433968837233899, False, 'best']
['jmaxchase', 202590286, 'view_full_application_via_name', '6', 241497830L, datetime.datetime(2013, 5, 28, 15, 30, 30), 0.0419001006896399, False, 'best']
['jmaxchase', 202590286, 'impression', '6', 241497830L, datetime.datetime(2013, 5, 28, 15, 31, 34), 0.0419001006896399, False, 'best']
['jmaxchase', 202590286, 'impression', '2', 241498324L, datetime.datetime(2013, 5, 28, 15, 31, 34), 0.0677564625034882, False, 'best']
['jmaxchase', 202590286, 'impression', '14', 241498436L, datetime.datetime(2013, 5, 28, 15, 31, 34), 0.0145875255124422, False, 'best']
['jmaxchase', 202590286, 'impression', '7', 241497006L, datetime.datetime(2013, 5, 28, 15, 31, 34), 0.0312405207722977, False, 'best']
['jmaxchase', 202590286, 'impression', '4', 241496516L, datetime.datetime(2013, 5, 28, 15, 31, 34), 0.0557295334434678, False, 'best']
['jmaxchase', 202590286, 'impression', '1', 241497728L, datetime.datetime(2013, 5, 28, 15, 31, 34), 0.0700518274723799, False, 'best']
['jmaxchase', 202590286, 'impression', '18', 241496684L, datetime.datetime(2013, 5, 28, 15, 31, 34), 0.00433968837233899, False, 'best']
['jmaxchase', 202590286, 'impression', '15', 241496743L, datetime.datetime(2013, 5, 28, 15, 31, 34), 0.0109182502403689, False, 'best']
['jmaxchase', 202590286, 'impression', '9', 241498000L, datetime.datetime(2013, 5, 28, 15, 31, 34), 0.0290452104172126, False, 'best']
['jmaxchase', 202590286, 'impression', '10', 241496948L, datetime.datetime(2013, 5, 28, 15, 31, 34), 0.0252439177058482, False, 'best']
['jmaxchase', 202590286, 'impression', '16', 241497048L, datetime.datetime(2013, 5, 28, 15, 31, 34), 0.00894104038544338, False, 'best']
['jmaxchase', 202590286, 'impression', '8', 241497513L, datetime.datetime(2013, 5, 28, 15, 31, 34), 0.0305086243428103, False, 'best']
['jmaxchase', 202590286, 'impression', '5', 241496525L, datetime.datetime(2013, 5, 28, 15, 31, 34), 0.04283222860995, False, 'best']
['jmaxchase', 202590286, 'impression', '12', 241496728L, datetime.datetime(2013, 5, 28, 15, 31, 34), 0.0198420914332344, False, 'best']
['jmaxchase', 202590286, 'impression', '17', 241496693L, datetime.datetime(2013, 5, 28, 15, 31, 34), 0.00814999617689118, False, 'best']
['jmaxchase', 202590286, 'impression', '3', 241497500L, datetime.datetime(2013, 5, 28, 15, 31, 34), 0.0654478250511884, False, 'best']
['jmaxchase', 202590286, 'impression', '13', 241498456L, datetime.datetime(2013, 5, 28, 15, 31, 34), 0.0187141592891076, False, 'best']
['jmaxchase', 202590286, 'impression', '11', 241497191L, datetime.datetime(2013, 5, 28, 15, 31, 34), 0.0212182909944702, False, 'best']
['jmaxchase', 202590286, 'shortlist', '6', 241497830L, datetime.datetime(2013, 5, 28, 15, 31, 39), 0.0419001006896399, False, 'best']
['jmaxchase', 202590286, 'shortlist', '12', 241496728L, datetime.datetime(2013, 5, 28, 15, 32, 51), 0.0198420914332344, False, 'best']
['jmaxchase', 202590286, 'impression', '3', 241497500L, datetime.datetime(2013, 5, 28, 15, 53, 37), 0.0654478250511884, False, 'best']
['jmaxchase', 202590286, 'impression', '13', 241498456L, datetime.datetime(2013, 5, 28, 15, 53, 37), 0.0187141592891076, False, 'best']
['jmaxchase', 202590286, 'impression', '17', 241496693L, datetime.datetime(2013, 5, 28, 15, 53, 37), 0.00814999617689118, False, 'best']
['jmaxchase', 202590286, 'impression', '11', 241497191L, datetime.datetime(2013, 5, 28, 15, 53, 37), 0.0212182909944702, False, 'best']
['jmaxchase', 202590286, 'impression', '18', 241496684L, datetime.datetime(2013, 5, 28, 15, 53, 37), 0.00433968837233899, False, 'best']
['jmaxchase', 202590286, 'impression', '1', 241497728L, datetime.datetime(2013, 5, 28, 15, 53, 37), 0.0700518274723799, False, 'best']
['jmaxchase', 202590286, 'impression', '4', 241496516L, datetime.datetime(2013, 5, 28, 15, 53, 37), 0.0557295334434678, False, 'best']
['jmaxchase', 202590286, 'impression', '14', 241498436L, datetime.datetime(2013, 5, 28, 15, 53, 37), 0.0145875255124422, False, 'best']
['jmaxchase', 202590286, 'impression', '7', 241497006L, datetime.datetime(2013, 5, 28, 15, 53, 37), 0.0312405207722977, False, 'best']
['jmaxchase', 202590286, 'impression', '16', 241497048L, datetime.datetime(2013, 5, 28, 15, 53, 37), 0.00894104038544338, False, 'best']
['jmaxchase', 202590286, 'impression', '8', 241497513L, datetime.datetime(2013, 5, 28, 15, 53, 37), 0.0305086243428103, False, 'best']
['jmaxchase', 202590286, 'impression', '12', 241496728L, datetime.datetime(2013, 5, 28, 15, 53, 37), 0.0198420914332344, False, 'best']
['jmaxchase', 202590286, 'impression', '5', 241496525L, datetime.datetime(2013, 5, 28, 15, 53, 37), 0.04283222860995, False, 'best']
['jmaxchase', 202590286, 'impression', '2', 241498324L, datetime.datetime(2013, 5, 28, 15, 53, 37), 0.0677564625034882, False, 'best']
['jmaxchase', 202590286, 'impression', '6', 241497830L, datetime.datetime(2013, 5, 28, 15, 53, 37), 0.0419001006896399, False, 'best']
['jmaxchase', 202590286, 'impression', '9', 241498000L, datetime.datetime(2013, 5, 28, 15, 53, 37), 0.0290452104172126, False, 'best']
['jmaxchase', 202590286, 'impression', '15', 241496743L, datetime.datetime(2013, 5, 28, 15, 53, 37), 0.0109182502403689, False, 'best']
['jmaxchase', 202590286, 'impression', '10', 241496948L, datetime.datetime(2013, 5, 28, 15, 53, 37), 0.0252439177058482, False, 'best']
['jmaxchase', 202590286, 'impression', '7', 241497006L, datetime.datetime(2013, 5, 28, 15, 54, 4), 0.0312405207722977, False, 'best']
['jmaxchase', 202590286, 'impression', '4', 241496516L, datetime.datetime(2013, 5, 28, 15, 54, 4), 0.0557295334434678, False, 'best']
['jmaxchase', 202590286, 'impression', '14', 241498436L, datetime.datetime(2013, 5, 28, 15, 54, 4), 0.0145875255124422, False, 'best']
['jmaxchase', 202590286, 'impression', '13', 241498456L, datetime.datetime(2013, 5, 28, 15, 54, 4), 0.0187141592891076, False, 'best']
['jmaxchase', 202590286, 'impression', '17', 241496693L, datetime.datetime(2013, 5, 28, 15, 54, 4), 0.00814999617689118, False, 'best']
['jmaxchase', 202590286, 'impression', '11', 241497191L, datetime.datetime(2013, 5, 28, 15, 54, 4), 0.0212182909944702, False, 'best']
['jmaxchase', 202590286, 'impression', '3', 241497500L, datetime.datetime(2013, 5, 28, 15, 54, 4), 0.0654478250511884, False, 'best']
['jmaxchase', 202590286, 'impression', '6', 241497830L, datetime.datetime(2013, 5, 28, 15, 54, 4), 0.0419001006896399, False, 'best']
['jmaxchase', 202590286, 'impression', '12', 241496728L, datetime.datetime(2013, 5, 28, 15, 54, 4), 0.0198420914332344, False, 'best']
['jmaxchase', 202590286, 'impression', '5', 241496525L, datetime.datetime(2013, 5, 28, 15, 54, 4), 0.04283222860995, False, 'best']
['jmaxchase', 202590286, 'impression', '8', 241497513L, datetime.datetime(2013, 5, 28, 15, 54, 4), 0.0305086243428103, False, 'best']
['jmaxchase', 202590286, 'impression', '18', 241496684L, datetime.datetime(2013, 5, 28, 15, 54, 4), 0.00433968837233899, False, 'best']
['jmaxchase', 202590286, 'impression', '1', 241497728L, datetime.datetime(2013, 5, 28, 15, 54, 4), 0.0700518274723799, False, 'best']
['jmaxchase', 202590286, 'impression', '9', 241498000L, datetime.datetime(2013, 5, 28, 15, 54, 4), 0.0290452104172126, False, 'best']
['jmaxchase', 202590286, 'impression', '15', 241496743L, datetime.datetime(2013, 5, 28, 15, 54, 4), 0.0109182502403689, False, 'best']
['jmaxchase', 202590286, 'impression', '10', 241496948L, datetime.datetime(2013, 5, 28, 15, 54, 4), 0.0252439177058482, False, 'best']
['jmaxchase', 202590286, 'impression', '2', 241498324L, datetime.datetime(2013, 5, 28, 15, 54, 4), 0.0677564625034882, False, 'best']
['jmaxchase', 202590286, 'impression', '16', 241497048L, datetime.datetime(2013, 5, 28, 15, 54, 4), 0.00894104038544338, False, 'best']
['jmaxchase', 202590286, 'view_full_application_via_name', '1', 241497728L, datetime.datetime(2013, 5, 28, 15, 54, 12), 0.0700518274723799, False, 'best']
['jmaxchase', 202590286, 'impression', '1', 241497728L, datetime.datetime(2013, 5, 28, 15, 56, 7), 0.0700518274723799, False, 'best']
['jmaxchase', 202590286, 'impression', '18', 241496684L, datetime.datetime(2013, 5, 28, 15, 56, 7), 0.00433968837233899, False, 'best']
['jmaxchase', 202590286, 'impression', '7', 241497006L, datetime.datetime(2013, 5, 28, 15, 56, 7), 0.0312405207722977, False, 'best']
['jmaxchase', 202590286, 'impression', '4', 241496516L, datetime.datetime(2013, 5, 28, 15, 56, 7), 0.0557295334434678, False, 'best']
['jmaxchase', 202590286, 'impression', '14', 241498436L, datetime.datetime(2013, 5, 28, 15, 56, 7), 0.0145875255124422, False, 'best']
['jmaxchase', 202590286, 'impression', '2', 241498324L, datetime.datetime(2013, 5, 28, 15, 56, 7), 0.0677564625034882, False, 'best']
['jmaxchase', 202590286, 'impression', '16', 241497048L, datetime.datetime(2013, 5, 28, 15, 56, 7), 0.00894104038544338, False, 'best']
['jmaxchase', 202590286, 'impression', '6', 241497830L, datetime.datetime(2013, 5, 28, 15, 56, 7), 0.0419001006896399, False, 'best']
['jmaxchase', 202590286, 'impression', '11', 241497191L, datetime.datetime(2013, 5, 28, 15, 56, 7), 0.0212182909944702, False, 'best']
['jmaxchase', 202590286, 'impression', '17', 241496693L, datetime.datetime(2013, 5, 28, 15, 56, 7), 0.00814999617689118, False, 'best']
['jmaxchase', 202590286, 'impression', '13', 241498456L, datetime.datetime(2013, 5, 28, 15, 56, 7), 0.0187141592891076, False, 'best']
['jmaxchase', 202590286, 'impression', '3', 241497500L, datetime.datetime(2013, 5, 28, 15, 56, 7), 0.0654478250511884, False, 'best']
['jmaxchase', 202590286, 'impression', '15', 241496743L, datetime.datetime(2013, 5, 28, 15, 56, 7), 0.0109182502403689, False, 'best']
['jmaxchase', 202590286, 'impression', '9', 241498000L, datetime.datetime(2013, 5, 28, 15, 56, 7), 0.0290452104172126, False, 'best']
['jmaxchase', 202590286, 'impression', '10', 241496948L, datetime.datetime(2013, 5, 28, 15, 56, 7), 0.0252439177058482, False, 'best']
['jmaxchase', 202590286, 'impression', '12', 241496728L, datetime.datetime(2013, 5, 28, 15, 56, 7), 0.0198420914332344, False, 'best']
['jmaxchase', 202590286, 'impression', '8', 241497513L, datetime.datetime(2013, 5, 28, 15, 56, 7), 0.0305086243428103, False, 'best']
['jmaxchase', 202590286, 'impression', '5', 241496525L, datetime.datetime(2013, 5, 28, 15, 56, 7), 0.04283222860995, False, 'best']
['jmaxchase', 202590286, 'view_full_application_via_name', '12', 241496728L, datetime.datetime(2013, 5, 28, 15, 56, 28), 0.0198420914332344, False, 'best']
['jmaxchase', 202590286, 'impression', '5', 241496525L, datetime.datetime(2013, 5, 28, 15, 57, 2), 0.04283222860995, False, 'best']
['jmaxchase', 202590286, 'impression', '12', 241496728L, datetime.datetime(2013, 5, 28, 15, 57, 2), 0.0198420914332344, False, 'best']
['jmaxchase', 202590286, 'impression', '8', 241497513L, datetime.datetime(2013, 5, 28, 15, 57, 2), 0.0305086243428103, False, 'best']
['jmaxchase', 202590286, 'impression', '6', 241497830L, datetime.datetime(2013, 5, 28, 15, 57, 2), 0.0419001006896399, False, 'best']
['jmaxchase', 202590286, 'impression', '1', 241497728L, datetime.datetime(2013, 5, 28, 15, 57, 2), 0.0700518274723799, False, 'best']
['jmaxchase', 202590286, 'impression', '18', 241496684L, datetime.datetime(2013, 5, 28, 15, 57, 2), 0.00433968837233899, False, 'best']
['jmaxchase', 202590286, 'impression', '9', 241498000L, datetime.datetime(2013, 5, 28, 15, 57, 2), 0.0290452104172126, False, 'best']
['jmaxchase', 202590286, 'impression', '15', 241496743L, datetime.datetime(2013, 5, 28, 15, 57, 2), 0.0109182502403689, False, 'best']
['jmaxchase', 202590286, 'impression', '10', 241496948L, datetime.datetime(2013, 5, 28, 15, 57, 2), 0.0252439177058482, False, 'best']
['jmaxchase', 202590286, 'impression', '7', 241497006L, datetime.datetime(2013, 5, 28, 15, 57, 2), 0.0312405207722977, False, 'best']
['jmaxchase', 202590286, 'impression', '14', 241498436L, datetime.datetime(2013, 5, 28, 15, 57, 2), 0.0145875255124422, False, 'best']
['jmaxchase', 202590286, 'impression', '4', 241496516L, datetime.datetime(2013, 5, 28, 15, 57, 2), 0.0557295334434678, False, 'best']
['jmaxchase', 202590286, 'impression', '16', 241497048L, datetime.datetime(2013, 5, 28, 15, 57, 2), 0.00894104038544338, False, 'best']
['jmaxchase', 202590286, 'impression', '2', 241498324L, datetime.datetime(2013, 5, 28, 15, 57, 2), 0.0677564625034882, False, 'best']
['jmaxchase', 202590286, 'impression', '3', 241497500L, datetime.datetime(2013, 5, 28, 15, 57, 2), 0.0654478250511884, False, 'best']
['jmaxchase', 202590286, 'impression', '11', 241497191L, datetime.datetime(2013, 5, 28, 15, 57, 2), 0.0212182909944702, False, 'best']
['jmaxchase', 202590286, 'impression', '17', 241496693L, datetime.datetime(2013, 5, 28, 15, 57, 2), 0.00814999617689118, False, 'best']
['jmaxchase', 202590286, 'impression', '13', 241498456L, datetime.datetime(2013, 5, 28, 15, 57, 2), 0.0187141592891076, False, 'best']
['jmaxchase', 202590286, 'view_full_application_via_name', '5', 241496525L, datetime.datetime(2013, 5, 28, 15, 58, 33), 0.04283222860995, False, 'best']
['jmaxchase', 202590286, 'impression', '6', 241497830L, datetime.datetime(2013, 5, 28, 15, 58, 57), 0.0419001006896399, False, 'best']
['jmaxchase', 202590286, 'impression', '2', 241498324L, datetime.datetime(2013, 5, 28, 15, 58, 57), 0.0677564625034882, False, 'best']
['jmaxchase', 202590286, 'impression', '4', 241496516L, datetime.datetime(2013, 5, 28, 15, 58, 57), 0.0557295334434678, False, 'best']
['jmaxchase', 202590286, 'impression', '7', 241497006L, datetime.datetime(2013, 5, 28, 15, 58, 57), 0.0312405207722977, False, 'best']
['jmaxchase', 202590286, 'impression', '14', 241498436L, datetime.datetime(2013, 5, 28, 15, 58, 57), 0.0145875255124422, False, 'best']
['jmaxchase', 202590286, 'impression', '8', 241497513L, datetime.datetime(2013, 5, 28, 15, 58, 57), 0.0305086243428103, False, 'best']
['jmaxchase', 202590286, 'impression', '12', 241496728L, datetime.datetime(2013, 5, 28, 15, 58, 57), 0.0198420914332344, False, 'best']
['jmaxchase', 202590286, 'impression', '5', 241496525L, datetime.datetime(2013, 5, 28, 15, 58, 57), 0.04283222860995, False, 'best']
['jmaxchase', 202590286, 'impression', '16', 241497048L, datetime.datetime(2013, 5, 28, 15, 58, 57), 0.00894104038544338, False, 'best']
['jmaxchase', 202590286, 'impression', '9', 241498000L, datetime.datetime(2013, 5, 28, 15, 58, 57), 0.0290452104172126, False, 'best']
['jmaxchase', 202590286, 'impression', '10', 241496948L, datetime.datetime(2013, 5, 28, 15, 58, 57), 0.0252439177058482, False, 'best']
['jmaxchase', 202590286, 'impression', '15', 241496743L, datetime.datetime(2013, 5, 28, 15, 58, 57), 0.0109182502403689, False, 'best']
['jmaxchase', 202590286, 'impression', '1', 241497728L, datetime.datetime(2013, 5, 28, 15, 58, 57), 0.0700518274723799, False, 'best']
['jmaxchase', 202590286, 'impression', '18', 241496684L, datetime.datetime(2013, 5, 28, 15, 58, 57), 0.00433968837233899, False, 'best']
['jmaxchase', 202590286, 'impression', '13', 241498456L, datetime.datetime(2013, 5, 28, 15, 58, 57), 0.0187141592891076, False, 'best']
['jmaxchase', 202590286, 'impression', '17', 241496693L, datetime.datetime(2013, 5, 28, 15, 58, 57), 0.00814999617689118, False, 'best']
['jmaxchase', 202590286, 'impression', '11', 241497191L, datetime.datetime(2013, 5, 28, 15, 58, 57), 0.0212182909944702, False, 'best']
['jmaxchase', 202590286, 'impression', '3', 241497500L, datetime.datetime(2013, 5, 28, 15, 58, 57), 0.0654478250511884, False, 'best']
['jmaxchase', 202590286, 'hide', '5', 241496525L, datetime.datetime(2013, 5, 28, 15, 59), 0.04283222860995, False, 'best']
['jmaxchase', 202590286, 'hide', '15', 241496743L, datetime.datetime(2013, 5, 28, 15, 59, 9), 0.0109182502403689, False, 'best']
['jmaxchase', 202590286, 'hide', '16', 241497048L, datetime.datetime(2013, 5, 28, 15, 59, 25), 0.00894104038544338, False, 'best']
['jmaxchase', 202590286, 'hide', '17', 241496693L, datetime.datetime(2013, 5, 28, 15, 59, 36), 0.00814999617689118, False, 'best']
['jmaxchase', 202590286, 'hide', '18', 241496684L, datetime.datetime(2013, 5, 28, 15, 59, 42), 0.00433968837233899, False, 'best']
['jmaxchase', 202590286, 'hide', '14', 241498436L, datetime.datetime(2013, 5, 28, 15, 59, 51), 0.0145875255124422, False, 'best']
['jmaxchase', 202590286, 'hide', '13', 241498456L, datetime.datetime(2013, 5, 28, 15, 59, 59), 0.0187141592891076, False, 'best']
['jmaxchase', 202590286, 'impression', '2', 241498324L, datetime.datetime(2013, 5, 28, 16, 7, 34), 0.0677564625034882, False, 'best']
['jmaxchase', 202590286, 'impression', '6', 241497006L, datetime.datetime(2013, 5, 28, 16, 7, 34), 0.0312405207722977, False, 'best']
['jmaxchase', 202590286, 'impression', '4', 241496516L, datetime.datetime(2013, 5, 28, 16, 7, 34), 0.0557295334434678, False, 'best']
['jmaxchase', 202590286, 'impression', '9', 241496948L, datetime.datetime(2013, 5, 28, 16, 7, 34), 0.0252439177058482, False, 'best']
['jmaxchase', 202590286, 'impression', '8', 241498000L, datetime.datetime(2013, 5, 28, 16, 7, 34), 0.0290452104172126, False, 'best']
['jmaxchase', 202590286, 'impression', '10', 241497191L, datetime.datetime(2013, 5, 28, 16, 7, 34), 0.0212182909944702, False, 'best']
['jmaxchase', 202590286, 'impression', '3', 241497500L, datetime.datetime(2013, 5, 28, 16, 7, 34), 0.0654478250511884, False, 'best']
['jmaxchase', 202590286, 'impression', '7', 241497513L, datetime.datetime(2013, 5, 28, 16, 7, 34), 0.0305086243428103, False, 'best']
['jmaxchase', 202590286, 'impression', '11', 241496728L, datetime.datetime(2013, 5, 28, 16, 7, 34), 0.0198420914332344, False, 'best']
['jmaxchase', 202590286, 'impression', '1', 241497728L, datetime.datetime(2013, 5, 28, 16, 7, 34), 0.0700518274723799, False, 'best']
['jmaxchase', 202590286, 'impression', '5', 241497830L, datetime.datetime(2013, 5, 28, 16, 7, 34), 0.0419001006896399, False, 'best']
['jmaxchase', 202590286, 'view_full_application_via_name', '9', 241496948L, datetime.datetime(2013, 5, 28, 16, 8, 6), 0.0252439177058482, False, 'best']
['jmaxchase', 202590286, 'impression', '1', 241497728L, datetime.datetime(2013, 5, 28, 16, 21, 24), 0.0700518274723799, False, 'best']
['jmaxchase', 202590286, 'impression', '2', 241498324L, datetime.datetime(2013, 5, 28, 16, 21, 24), 0.0677564625034882, False, 'best']
['jmaxchase', 202590286, 'impression', '6', 241497006L, datetime.datetime(2013, 5, 28, 16, 21, 24), 0.0312405207722977, False, 'best']
['jmaxchase', 202590286, 'impression', '4', 241496516L, datetime.datetime(2013, 5, 28, 16, 21, 24), 0.0557295334434678, False, 'best']
['jmaxchase', 202590286, 'impression', '3', 241497500L, datetime.datetime(2013, 5, 28, 16, 21, 24), 0.0654478250511884, False, 'best']
['jmaxchase', 202590286, 'impression', '11', 241497191L, datetime.datetime(2013, 5, 28, 16, 21, 24), 0.0212182909944702, False, 'best']
['jmaxchase', 202590286, 'impression', '7', 241497513L, datetime.datetime(2013, 5, 28, 16, 21, 24), 0.0305086243428103, False, 'best']
['jmaxchase', 202590286, 'impression', '12', 241496728L, datetime.datetime(2013, 5, 28, 16, 21, 24), 0.0198420914332344, False, 'best']
['jmaxchase', 202590286, 'impression', '10', 241502853L, datetime.datetime(2013, 5, 28, 16, 21, 24), 0.0213901611111211, False, 'best']
['jmaxchase', 202590286, 'impression', '9', 241496948L, datetime.datetime(2013, 5, 28, 16, 21, 24), 0.0252439177058482, False, 'best']
['jmaxchase', 202590286, 'impression', '8', 241498000L, datetime.datetime(2013, 5, 28, 16, 21, 24), 0.0290452104172126, False, 'best']
['jmaxchase', 202590286, 'impression', '5', 241497830L, datetime.datetime(2013, 5, 28, 16, 21, 24), 0.0419001006896399, False, 'best']
['jmaxchase', 202590286, 'impression', '9', 241496948L, datetime.datetime(2013, 5, 28, 16, 21, 41), 0.0252439177058482, False, 'best']
['jmaxchase', 202590286, 'impression', '8', 241498000L, datetime.datetime(2013, 5, 28, 16, 21, 41), 0.0290452104172126, False, 'best']
['jmaxchase', 202590286, 'impression', '5', 241497830L, datetime.datetime(2013, 5, 28, 16, 21, 41), 0.0419001006896399, False, 'best']
['jmaxchase', 202590286, 'impression', '2', 241498324L, datetime.datetime(2013, 5, 28, 16, 21, 41), 0.0677564625034882, False, 'best']
['jmaxchase', 202590286, 'impression', '3', 241497500L, datetime.datetime(2013, 5, 28, 16, 21, 41), 0.0654478250511884, False, 'best']
['jmaxchase', 202590286, 'impression', '11', 241497191L, datetime.datetime(2013, 5, 28, 16, 21, 41), 0.0212182909944702, False, 'best']
['jmaxchase', 202590286, 'impression', '6', 241497006L, datetime.datetime(2013, 5, 28, 16, 21, 41), 0.0312405207722977, False, 'best']
['jmaxchase', 202590286, 'impression', '4', 241496516L, datetime.datetime(2013, 5, 28, 16, 21, 41), 0.0557295334434678, False, 'best']
['jmaxchase', 202590286, 'impression', '1', 241497728L, datetime.datetime(2013, 5, 28, 16, 21, 41), 0.0700518274723799, False, 'best']
['jmaxchase', 202590286, 'impression', '7', 241497513L, datetime.datetime(2013, 5, 28, 16, 21, 41), 0.0305086243428103, False, 'best']
['jmaxchase', 202590286, 'impression', '10', 241502853L, datetime.datetime(2013, 5, 28, 16, 21, 41), 0.0213901611111211, False, 'best']
['jmaxchase', 202590286, 'impression', '12', 241496728L, datetime.datetime(2013, 5, 28, 16, 21, 41), 0.0198420914332344, False, 'best']
['jmaxchase', 202590286, 'impression', '5', 241497830L, datetime.datetime(2013, 5, 28, 16, 32, 59), 0.0419001006896399, False, 'best']
['jmaxchase', 202590286, 'impression', '1', 241497728L, datetime.datetime(2013, 5, 28, 16, 32, 59), 0.0700518274723799, False, 'best']
['jmaxchase', 202590286, 'impression', '2', 241498324L, datetime.datetime(2013, 5, 28, 16, 32, 59), 0.0677564625034882, False, 'best']
['jmaxchase', 202590286, 'impression', '10', 241502853L, datetime.datetime(2013, 5, 28, 16, 32, 59), 0.0213901611111211, False, 'best']
['jmaxchase', 202590286, 'impression', '12', 241496728L, datetime.datetime(2013, 5, 28, 16, 32, 59), 0.0198420914332344, False, 'best']
['jmaxchase', 202590286, 'impression', '7', 241497513L, datetime.datetime(2013, 5, 28, 16, 32, 59), 0.0305086243428103, False, 'best']
['jmaxchase', 202590286, 'impression', '4', 241496516L, datetime.datetime(2013, 5, 28, 16, 32, 59), 0.0557295334434678, False, 'best']
['jmaxchase', 202590286, 'impression', '6', 241497006L, datetime.datetime(2013, 5, 28, 16, 32, 59), 0.0312405207722977, False, 'best']
['jmaxchase', 202590286, 'impression', '8', 241498000L, datetime.datetime(2013, 5, 28, 16, 32, 59), 0.0290452104172126, False, 'best']
['jmaxchase', 202590286, 'impression', '9', 241496948L, datetime.datetime(2013, 5, 28, 16, 32, 59), 0.0252439177058482, False, 'best']
['jmaxchase', 202590286, 'impression', '11', 241497191L, datetime.datetime(2013, 5, 28, 16, 32, 59), 0.0212182909944702, False, 'best']
['jmaxchase', 202590286, 'impression', '3', 241497500L, datetime.datetime(2013, 5, 28, 16, 32, 59), 0.0654478250511884, False, 'best']
['jmaxchase', 202590286, 'impression', '13', 241496728L, datetime.datetime(2013, 5, 28, 16, 58, 47), 0.0198420914332344, False, 'best']
['jmaxchase', 202590286, 'impression', '8', 241497513L, datetime.datetime(2013, 5, 28, 16, 58, 47), 0.0305086243428103, False, 'best']
['jmaxchase', 202590286, 'impression', '11', 241502853L, datetime.datetime(2013, 5, 28, 16, 58, 47), 0.0213901611111211, False, 'best']
['jmaxchase', 202590286, 'impression', '2', 241498324L, datetime.datetime(2013, 5, 28, 16, 58, 47), 0.0677564625034882, False, 'best']
['jmaxchase', 202590286, 'impression', '4', 241496516L, datetime.datetime(2013, 5, 28, 16, 58, 47), 0.0557295334434678, False, 'best']
['jmaxchase', 202590286, 'impression', '7', 241497006L, datetime.datetime(2013, 5, 28, 16, 58, 47), 0.0312405207722977, False, 'best']
['jmaxchase', 202590286, 'impression', '6', 241505974L, datetime.datetime(2013, 5, 28, 16, 58, 47), 0.0403876063993204, False, 'best']
['jmaxchase', 202590286, 'impression', '10', 241496948L, datetime.datetime(2013, 5, 28, 16, 58, 47), 0.0252439177058482, False, 'best']
['jmaxchase', 202590286, 'impression', '9', 241498000L, datetime.datetime(2013, 5, 28, 16, 58, 47), 0.0290452104172126, False, 'best']
['jmaxchase', 202590286, 'impression', '5', 241497830L, datetime.datetime(2013, 5, 28, 16, 58, 47), 0.0419001006896399, False, 'best']
['jmaxchase', 202590286, 'impression', '1', 241497728L, datetime.datetime(2013, 5, 28, 16, 58, 47), 0.0700518274723799, False, 'best']
['jmaxchase', 202590286, 'impression', '14', 241505569L, datetime.datetime(2013, 5, 28, 16, 58, 47), 0.0177227237875274, False, 'best']
['jmaxchase', 202590286, 'impression', '3', 241497500L, datetime.datetime(2013, 5, 28, 16, 58, 47), 0.0654478250511884, False, 'best']
['jmaxchase', 202590286, 'impression', '12', 241497191L, datetime.datetime(2013, 5, 28, 16, 58, 47), 0.0212182909944702, False, 'best']
['jmaxchase', 202590286, 'view_full_application_via_name', '6', 241505974L, datetime.datetime(2013, 5, 28, 16, 59, 15), 0.0403876063993204, False, 'best']
['jmaxchase', 202590286, 'impression', '5', 241497830L, datetime.datetime(2013, 5, 28, 17, 0, 17), 0.0419001006896399, False, 'best']
['jmaxchase', 202590286, 'impression', '13', 241496728L, datetime.datetime(2013, 5, 28, 17, 0, 17), 0.0198420914332344, False, 'best']
['jmaxchase', 202590286, 'impression', '8', 241497513L, datetime.datetime(2013, 5, 28, 17, 0, 17), 0.0305086243428103, False, 'best']
['jmaxchase', 202590286, 'impression', '11', 241502853L, datetime.datetime(2013, 5, 28, 17, 0, 17), 0.0213901611111211, False, 'best']
['jmaxchase', 202590286, 'impression', '1', 241497728L, datetime.datetime(2013, 5, 28, 17, 0, 17), 0.0700518274723799, False, 'best']
['jmaxchase', 202590286, 'impression', '2', 241498324L, datetime.datetime(2013, 5, 28, 17, 0, 17), 0.0677564625034882, False, 'best']
['jmaxchase', 202590286, 'impression', '7', 241497006L, datetime.datetime(2013, 5, 28, 17, 0, 17), 0.0312405207722977, False, 'best']
['jmaxchase', 202590286, 'impression', '4', 241496516L, datetime.datetime(2013, 5, 28, 17, 0, 17), 0.0557295334434678, False, 'best']
['jmaxchase', 202590286, 'impression', '14', 241505569L, datetime.datetime(2013, 5, 28, 17, 0, 17), 0.0177227237875274, False, 'best']
['jmaxchase', 202590286, 'impression', '3', 241497500L, datetime.datetime(2013, 5, 28, 17, 0, 17), 0.0654478250511884, False, 'best']
['jmaxchase', 202590286, 'impression', '12', 241497191L, datetime.datetime(2013, 5, 28, 17, 0, 17), 0.0212182909944702, False, 'best']
['jmaxchase', 202590286, 'impression', '9', 241498000L, datetime.datetime(2013, 5, 28, 17, 0, 17), 0.0290452104172126, False, 'best']
['jmaxchase', 202590286, 'impression', '6', 241505974L, datetime.datetime(2013, 5, 28, 17, 0, 17), 0.0403876063993204, False, 'best']
['jmaxchase', 202590286, 'impression', '10', 241496948L, datetime.datetime(2013, 5, 28, 17, 0, 17), 0.0252439177058482, False, 'best']
['jmaxchase', 202590286, 'impression', '10', 241496948L, datetime.datetime(2013, 5, 28, 17, 13, 38), 0.0252439177058482, False, 'best']
['jmaxchase', 202590286, 'impression', '6', 241505974L, datetime.datetime(2013, 5, 28, 17, 13, 38), 0.0403876063993204, False, 'best']
['jmaxchase', 202590286, 'impression', '9', 241498000L, datetime.datetime(2013, 5, 28, 17, 13, 38), 0.0290452104172126, False, 'best']
['jmaxchase', 202590286, 'impression', '14', 241505569L, datetime.datetime(2013, 5, 28, 17, 13, 38), 0.0177227237875274, False, 'best']
['jmaxchase', 202590286, 'impression', '3', 241497500L, datetime.datetime(2013, 5, 28, 17, 13, 38), 0.0654478250511884, False, 'best']
['jmaxchase', 202590286, 'impression', '12', 241497191L, datetime.datetime(2013, 5, 28, 17, 13, 38), 0.0212182909944702, False, 'best']
['jmaxchase', 202590286, 'impression', '5', 241497830L, datetime.datetime(2013, 5, 28, 17, 13, 38), 0.0419001006896399, False, 'best']
['jmaxchase', 202590286, 'impression', '2', 241498324L, datetime.datetime(2013, 5, 28, 17, 13, 38), 0.0677564625034882, False, 'best']
['jmaxchase', 202590286, 'impression', '7', 241497006L, datetime.datetime(2013, 5, 28, 17, 13, 38), 0.0312405207722977, False, 'best']
['jmaxchase', 202590286, 'impression', '4', 241496516L, datetime.datetime(2013, 5, 28, 17, 13, 38), 0.0557295334434678, False, 'best']
['jmaxchase', 202590286, 'impression', '8', 241497513L, datetime.datetime(2013, 5, 28, 17, 13, 38), 0.0305086243428103, False, 'best']
['jmaxchase', 202590286, 'impression', '11', 241502853L, datetime.datetime(2013, 5, 28, 17, 13, 38), 0.0213901611111211, False, 'best']
['jmaxchase', 202590286, 'impression', '13', 241496728L, datetime.datetime(2013, 5, 28, 17, 13, 38), 0.0198420914332344, False, 'best']
['jmaxchase', 202590286, 'impression', '1', 241497728L, datetime.datetime(2013, 5, 28, 17, 13, 38), 0.0700518274723799, False, 'best']
['jmaxchase', 202590286, 'view_full_application_via_name', '3', 241497500L, datetime.datetime(2013, 5, 28, 17, 13, 56), 0.0654478250511884, False, 'best']
['jmaxchase', 202590286, 'impression', '4', 241496516L, datetime.datetime(2013, 5, 28, 17, 14, 17), 0.0557295334434678, False, 'best']
['jmaxchase', 202590286, 'impression', '7', 241497006L, datetime.datetime(2013, 5, 28, 17, 14, 17), 0.0312405207722977, False, 'best']
['jmaxchase', 202590286, 'impression', '2', 241498324L, datetime.datetime(2013, 5, 28, 17, 14, 17), 0.0677564625034882, False, 'best']
['jmaxchase', 202590286, 'impression', '14', 241505569L, datetime.datetime(2013, 5, 28, 17, 14, 17), 0.0177227237875274, False, 'best']
['jmaxchase', 202590286, 'impression', '12', 241497191L, datetime.datetime(2013, 5, 28, 17, 14, 17), 0.0212182909944702, False, 'best']
['jmaxchase', 202590286, 'impression', '3', 241497500L, datetime.datetime(2013, 5, 28, 17, 14, 17), 0.0654478250511884, False, 'best']
['jmaxchase', 202590286, 'impression', '5', 241497830L, datetime.datetime(2013, 5, 28, 17, 14, 17), 0.0419001006896399, False, 'best']
['jmaxchase', 202590286, 'impression', '1', 241497728L, datetime.datetime(2013, 5, 28, 17, 14, 17), 0.0700518274723799, False, 'best']
['jmaxchase', 202590286, 'impression', '6', 241505974L, datetime.datetime(2013, 5, 28, 17, 14, 17), 0.0403876063993204, False, 'best']
['jmaxchase', 202590286, 'impression', '9', 241498000L, datetime.datetime(2013, 5, 28, 17, 14, 17), 0.0290452104172126, False, 'best']
['jmaxchase', 202590286, 'impression', '10', 241496948L, datetime.datetime(2013, 5, 28, 17, 14, 17), 0.0252439177058482, False, 'best']
['jmaxchase', 202590286, 'impression', '13', 241496728L, datetime.datetime(2013, 5, 28, 17, 14, 17), 0.0198420914332344, False, 'best']
['jmaxchase', 202590286, 'impression', '8', 241497513L, datetime.datetime(2013, 5, 28, 17, 14, 17), 0.0305086243428103, False, 'best']
['jmaxchase', 202590286, 'impression', '11', 241502853L, datetime.datetime(2013, 5, 28, 17, 14, 17), 0.0213901611111211, False, 'best']
['jmaxchase', 202590286, 'view_full_application_via_name', '3', 241497500L, datetime.datetime(2013, 5, 28, 17, 14, 20), 0.0654478250511884, False, 'best']
['jmaxchase', 202590286, 'impression', '7', 241497006L, datetime.datetime(2013, 5, 28, 17, 14, 45), 0.0312405207722977, False, 'best']
['jmaxchase', 202590286, 'impression', '4', 241496516L, datetime.datetime(2013, 5, 28, 17, 14, 45), 0.0557295334434678, False, 'best']
['jmaxchase', 202590286, 'impression', '1', 241497728L, datetime.datetime(2013, 5, 28, 17, 14, 45), 0.0700518274723799, False, 'best']
['jmaxchase', 202590286, 'impression', '12', 241497191L, datetime.datetime(2013, 5, 28, 17, 14, 45), 0.0212182909944702, False, 'best']
['jmaxchase', 202590286, 'impression', '14', 241505569L, datetime.datetime(2013, 5, 28, 17, 14, 45), 0.0177227237875274, False, 'best']
['jmaxchase', 202590286, 'impression', '3', 241497500L, datetime.datetime(2013, 5, 28, 17, 14, 45), 0.0654478250511884, False, 'best']
['jmaxchase', 202590286, 'impression', '5', 241497830L, datetime.datetime(2013, 5, 28, 17, 14, 45), 0.0419001006896399, False, 'best']
['jmaxchase', 202590286, 'impression', '13', 241496728L, datetime.datetime(2013, 5, 28, 17, 14, 45), 0.0198420914332344, False, 'best']
['jmaxchase', 202590286, 'impression', '8', 241497513L, datetime.datetime(2013, 5, 28, 17, 14, 45), 0.0305086243428103, False, 'best']
['jmaxchase', 202590286, 'impression', '11', 241502853L, datetime.datetime(2013, 5, 28, 17, 14, 45), 0.0213901611111211, False, 'best']
['jmaxchase', 202590286, 'impression', '2', 241498324L, datetime.datetime(2013, 5, 28, 17, 14, 45), 0.0677564625034882, False, 'best']
['jmaxchase', 202590286, 'impression', '9', 241498000L, datetime.datetime(2013, 5, 28, 17, 14, 45), 0.0290452104172126, False, 'best']
['jmaxchase', 202590286, 'impression', '10', 241496948L, datetime.datetime(2013, 5, 28, 17, 14, 45), 0.0252439177058482, False, 'best']
['jmaxchase', 202590286, 'impression', '6', 241505974L, datetime.datetime(2013, 5, 28, 17, 14, 45), 0.0403876063993204, False, 'best']

['jmaxchase', 202590286, 'impression', '6', 241497830L, datetime.datetime(2013, 5, 28, 19, 27, 26), 0.0419001006896399, False, 'best']
['jmaxchase', 202590286, 'impression', '18', 241512336L, datetime.datetime(2013, 5, 28, 19, 27, 26), 0.0142729877071663, False, 'best']
['jmaxchase', 202590286, 'impression', '2', 241497728L, datetime.datetime(2013, 5, 28, 19, 27, 26), 0.0700518274723799, False, 'best']
['jmaxchase', 202590286, 'impression', '5', 241512508L, datetime.datetime(2013, 5, 28, 19, 27, 26), 0.0585040981692843, False, 'best']
['jmaxchase', 202590286, 'impression', '4', 241497500L, datetime.datetime(2013, 5, 28, 19, 27, 26), 0.0654478250511884, False, 'best']
['jmaxchase', 202590286, 'impression', '16', 241512423L, datetime.datetime(2013, 5, 28, 19, 27, 26), 0.0149263963219728, False, 'best']
['jmaxchase', 202590286, 'impression', '13', 241497191L, datetime.datetime(2013, 5, 28, 19, 27, 26), 0.0212182909944702, False, 'best']
['jmaxchase', 202590286, 'impression', '15', 241505569L, datetime.datetime(2013, 5, 28, 19, 27, 26), 0.0177227237875274, False, 'best']
['jmaxchase', 202590286, 'impression', '14', 241496728L, datetime.datetime(2013, 5, 28, 19, 27, 26), 0.0198420914332344, False, 'best']
['jmaxchase', 202590286, 'impression', '12', 241502853L, datetime.datetime(2013, 5, 28, 19, 27, 26), 0.0213901611111211, False, 'best']
['jmaxchase', 202590286, 'impression', '9', 241497513L, datetime.datetime(2013, 5, 28, 19, 27, 26), 0.0305086243428103, False, 'best']
['jmaxchase', 202590286, 'impression', '3', 241498324L, datetime.datetime(2013, 5, 28, 19, 27, 26), 0.0677564625034882, False, 'best']
['jmaxchase', 202590286, 'impression', '8', 241497006L, datetime.datetime(2013, 5, 28, 19, 27, 26), 0.0312405207722977, False, 'best']
['jmaxchase', 202590286, 'impression', '10', 241498000L, datetime.datetime(2013, 5, 28, 19, 27, 26), 0.0290452104172126, False, 'best']
['jmaxchase', 202590286, 'impression', '7', 241505974L, datetime.datetime(2013, 5, 28, 19, 27, 26), 0.0403876063993204, False, 'best']
['jmaxchase', 202590286, 'impression', '11', 241496948L, datetime.datetime(2013, 5, 28, 19, 27, 26), 0.0252439177058482, False, 'best']
['jmaxchase', 202590286, 'impression', '17', 241512166L, datetime.datetime(2013, 5, 28, 19, 27, 26), 0.0147223701435549, False, 'best']
['jmaxchase', 202590286, 'impression', '1', 241511122L, datetime.datetime(2013, 5, 28, 19, 27, 26), 0.110044462774617, False, 'best']
['jmaxchase', 202590286, 'view_full_application_via_name', '11', 241496948L, datetime.datetime(2013, 5, 28, 19, 28, 10), 0.0252439177058482, False, 'best']

['jmaxchase', 202590286, 'impression', '3', 241498324L, datetime.datetime(2013, 5, 28, 20, 53, 16), 0.0677564625034882, False, 'best']
['jmaxchase', 202590286, 'impression', '13', 241497191L, datetime.datetime(2013, 5, 28, 20, 53, 16), 0.0212182909944702, False, 'best']
['jmaxchase', 202590286, 'impression', '4', 241497500L, datetime.datetime(2013, 5, 28, 20, 53, 16), 0.0654478250511884, False, 'best']
['jmaxchase', 202590286, 'impression', '16', 241512423L, datetime.datetime(2013, 5, 28, 20, 53, 16), 0.0149263963219728, False, 'best']
['jmaxchase', 202590286, 'impression', '15', 241505569L, datetime.datetime(2013, 5, 28, 20, 53, 16), 0.0177227237875274, False, 'best']
['jmaxchase', 202590286, 'impression', '9', 241497513L, datetime.datetime(2013, 5, 28, 20, 53, 16), 0.0305086243428103, False, 'best']
['jmaxchase', 202590286, 'impression', '14', 241496728L, datetime.datetime(2013, 5, 28, 20, 53, 16), 0.0198420914332344, False, 'best']
['jmaxchase', 202590286, 'impression', '12', 241502853L, datetime.datetime(2013, 5, 28, 20, 53, 16), 0.0213901611111211, False, 'best']
['jmaxchase', 202590286, 'impression', '8', 241497006L, datetime.datetime(2013, 5, 28, 20, 53, 16), 0.0312405207722977, False, 'best']
['jmaxchase', 202590286, 'impression', '2', 241497728L, datetime.datetime(2013, 5, 28, 20, 53, 16), 0.0700518274723799, False, 'best']
['jmaxchase', 202590286, 'impression', '10', 241498000L, datetime.datetime(2013, 5, 28, 20, 53, 16), 0.0290452104172126, False, 'best']
['jmaxchase', 202590286, 'impression', '1', 241511122L, datetime.datetime(2013, 5, 28, 20, 53, 16), 0.110044462774617, False, 'best']
['jmaxchase', 202590286, 'impression', '17', 241512166L, datetime.datetime(2013, 5, 28, 20, 53, 16), 0.0147223701435549, False, 'best']
['jmaxchase', 202590286, 'impression', '11', 241496948L, datetime.datetime(2013, 5, 28, 20, 53, 16), 0.0252439177058482, False, 'best']
['jmaxchase', 202590286, 'impression', '7', 241505974L, datetime.datetime(2013, 5, 28, 20, 53, 16), 0.0403876063993204, False, 'best']
['jmaxchase', 202590286, 'impression', '6', 241497830L, datetime.datetime(2013, 5, 28, 20, 53, 16), 0.0419001006896399, False, 'best']
['jmaxchase', 202590286, 'impression', '18', 241512336L, datetime.datetime(2013, 5, 28, 20, 53, 16), 0.0142729877071663, False, 'best']
['jmaxchase', 202590286, 'impression', '5', 241512508L, datetime.datetime(2013, 5, 28, 20, 53, 16), 0.0585040981692843, False, 'best']
['jmaxchase', 202590286, 'impression', '10', 241498000L, datetime.datetime(2013, 5, 28, 20, 53, 22), 0.0290452104172126, False, 'time']
['jmaxchase', 202590286, 'impression', '4', 241512166L, datetime.datetime(2013, 5, 28, 20, 53, 22), 0.0147223701435549, False, 'time']
['jmaxchase', 202590286, 'impression', '17', 241496948L, datetime.datetime(2013, 5, 28, 20, 53, 22), 0.0252439177058482, False, 'time']
['jmaxchase', 202590286, 'impression', '5', 241511122L, datetime.datetime(2013, 5, 28, 20, 53, 22), 0.110044462774617, False, 'time']
['jmaxchase', 202590286, 'impression', '6', 241505974L, datetime.datetime(2013, 5, 28, 20, 53, 22), 0.0403876063993204, False, 'time']
['jmaxchase', 202590286, 'impression', '1', 241512508L, datetime.datetime(2013, 5, 28, 20, 53, 22), 0.0585040981692843, False, 'time']
['jmaxchase', 202590286, 'impression', '9', 241498324L, datetime.datetime(2013, 5, 28, 20, 53, 22), 0.0677564625034882, False, 'time']
['jmaxchase', 202590286, 'impression', '12', 241497728L, datetime.datetime(2013, 5, 28, 20, 53, 22), 0.0700518274723799, False, 'time']
['jmaxchase', 202590286, 'impression', '14', 241497500L, datetime.datetime(2013, 5, 28, 20, 53, 22), 0.0654478250511884, False, 'time']
['jmaxchase', 202590286, 'impression', '15', 241497191L, datetime.datetime(2013, 5, 28, 20, 53, 22), 0.0212182909944702, False, 'time']
['jmaxchase', 202590286, 'impression', '2', 241512423L, datetime.datetime(2013, 5, 28, 20, 53, 22), 0.0149263963219728, False, 'time']
['jmaxchase', 202590286, 'impression', '7', 241505569L, datetime.datetime(2013, 5, 28, 20, 53, 22), 0.0177227237875274, False, 'time']
['jmaxchase', 202590286, 'impression', '16', 241497006L, datetime.datetime(2013, 5, 28, 20, 53, 22), 0.0312405207722977, False, 'time']
['jmaxchase', 202590286, 'impression', '18', 241496728L, datetime.datetime(2013, 5, 28, 20, 53, 22), 0.0198420914332344, False, 'time']
['jmaxchase', 202590286, 'impression', '13', 241497513L, datetime.datetime(2013, 5, 28, 20, 53, 22), 0.0305086243428103, False, 'time']
['jmaxchase', 202590286, 'impression', '8', 241502853L, datetime.datetime(2013, 5, 28, 20, 53, 22), 0.0213901611111211, False, 'time']
['jmaxchase', 202590286, 'impression', '11', 241497830L, datetime.datetime(2013, 5, 28, 20, 53, 22), 0.0419001006896399, False, 'time']
['jmaxchase', 202590286, 'impression', '3', 241512336L, datetime.datetime(2013, 5, 28, 20, 53, 22), 0.0142729877071663, False, 'time']
['jmaxchase', 202590286, 'view_full_application_via_name', '2', 241512423L, datetime.datetime(2013, 5, 28, 20, 56, 9), 0.0149263963219728, False, 'time']
['jmaxchase', 202590286, 'impression', '6', 241497830L, datetime.datetime(2013, 5, 28, 20, 57, 43), 0.0419001006896399, False, 'best']
['jmaxchase', 202590286, 'impression', '18', 241512336L, datetime.datetime(2013, 5, 28, 20, 57, 43), 0.0142729877071663, False, 'best']
['jmaxchase', 202590286, 'impression', '5', 241512508L, datetime.datetime(2013, 5, 28, 20, 57, 43), 0.0585040981692843, False, 'best']
['jmaxchase', 202590286, 'impression', '8', 241525505L, datetime.datetime(2013, 5, 28, 20, 57, 43), 0.0376095907793685, False, 'best']
['jmaxchase', 202590286, 'impression', '14', 241497191L, datetime.datetime(2013, 5, 28, 20, 57, 43), 0.0212182909944702, False, 'best']
['jmaxchase', 202590286, 'impression', '16', 241505569L, datetime.datetime(2013, 5, 28, 20, 57, 43), 0.0177227237875274, False, 'best']
['jmaxchase', 202590286, 'impression', '4', 241497500L, datetime.datetime(2013, 5, 28, 20, 57, 43), 0.0654478250511884, False, 'best']
['jmaxchase', 202590286, 'impression', '3', 241498324L, datetime.datetime(2013, 5, 28, 20, 57, 43), 0.0677564625034882, False, 'best']
['jmaxchase', 202590286, 'impression', '11', 241498000L, datetime.datetime(2013, 5, 28, 20, 57, 43), 0.0290452104172126, False, 'best']
['jmaxchase', 202590286, 'impression', '17', 241512166L, datetime.datetime(2013, 5, 28, 20, 57, 43), 0.0147223701435549, False, 'best']
['jmaxchase', 202590286, 'impression', '7', 241505974L, datetime.datetime(2013, 5, 28, 20, 57, 43), 0.0403876063993204, False, 'best']
['jmaxchase', 202590286, 'impression', '12', 241496948L, datetime.datetime(2013, 5, 28, 20, 57, 43), 0.0252439177058482, False, 'best']
['jmaxchase', 202590286, 'impression', '1', 241511122L, datetime.datetime(2013, 5, 28, 20, 57, 43), 0.110044462774617, False, 'best']
['jmaxchase', 202590286, 'impression', '15', 241496728L, datetime.datetime(2013, 5, 28, 20, 57, 43), 0.0198420914332344, False, 'best']
['jmaxchase', 202590286, 'impression', '10', 241497513L, datetime.datetime(2013, 5, 28, 20, 57, 43), 0.0305086243428103, False, 'best']
['jmaxchase', 202590286, 'impression', '13', 241502853L, datetime.datetime(2013, 5, 28, 20, 57, 43), 0.0213901611111211, False, 'best']
['jmaxchase', 202590286, 'impression', '9', 241497006L, datetime.datetime(2013, 5, 28, 20, 57, 43), 0.0312405207722977, False, 'best']
['jmaxchase', 202590286, 'impression', '2', 241497728L, datetime.datetime(2013, 5, 28, 20, 57, 43), 0.0700518274723799, False, 'best']

['jmaxchase', 202590286, 'impression', '9', 241497006L, datetime.datetime(2013, 5, 28, 21, 43, 54), 0.0312405207722977, False, 'best']
['jmaxchase', 202590286, 'impression', '2', 241497728L, datetime.datetime(2013, 5, 28, 21, 43, 54), 0.0700518274723799, False, 'best']
['jmaxchase', 202590286, 'impression', '18', 241512336L, datetime.datetime(2013, 5, 28, 21, 43, 54), 0.0142729877071663, False, 'best']
['jmaxchase', 202590286, 'impression', '6', 241497830L, datetime.datetime(2013, 5, 28, 21, 43, 54), 0.0419001006896399, False, 'best']
['jmaxchase', 202590286, 'impression', '10', 241497513L, datetime.datetime(2013, 5, 28, 21, 43, 54), 0.0305086243428103, False, 'best']
['jmaxchase', 202590286, 'impression', '13', 241502853L, datetime.datetime(2013, 5, 28, 21, 43, 54), 0.0213901611111211, False, 'best']
['jmaxchase', 202590286, 'impression', '15', 241496728L, datetime.datetime(2013, 5, 28, 21, 43, 54), 0.0198420914332344, False, 'best']
['jmaxchase', 202590286, 'impression', '3', 241498324L, datetime.datetime(2013, 5, 28, 21, 43, 54), 0.0677564625034882, False, 'best']
['jmaxchase', 202590286, 'impression', '12', 241496948L, datetime.datetime(2013, 5, 28, 21, 43, 54), 0.0252439177058482, False, 'best']
['jmaxchase', 202590286, 'impression', '17', 241512166L, datetime.datetime(2013, 5, 28, 21, 43, 54), 0.0147223701435549, False, 'best']
['jmaxchase', 202590286, 'impression', '11', 241498000L, datetime.datetime(2013, 5, 28, 21, 43, 54), 0.0290452104172126, False, 'best']
['jmaxchase', 202590286, 'impression', '1', 241511122L, datetime.datetime(2013, 5, 28, 21, 43, 54), 0.110044462774617, False, 'best']
['jmaxchase', 202590286, 'impression', '7', 241505974L, datetime.datetime(2013, 5, 28, 21, 43, 54), 0.0403876063993204, False, 'best']
['jmaxchase', 202590286, 'impression', '8', 241525505L, datetime.datetime(2013, 5, 28, 21, 43, 54), 0.0376095907793685, False, 'best']
['jmaxchase', 202590286, 'impression', '5', 241512508L, datetime.datetime(2013, 5, 28, 21, 43, 54), 0.0585040981692843, False, 'best']
['jmaxchase', 202590286, 'impression', '4', 241497500L, datetime.datetime(2013, 5, 28, 21, 43, 54), 0.0654478250511884, False, 'best']
['jmaxchase', 202590286, 'impression', '14', 241497191L, datetime.datetime(2013, 5, 28, 21, 43, 54), 0.0212182909944702, False, 'best']
['jmaxchase', 202590286, 'impression', '16', 241505569L, datetime.datetime(2013, 5, 28, 21, 43, 54), 0.0177227237875274, False, 'best']
['jmaxchase', 202590286, 'view_full_application_via_name', '12', 241496948L, datetime.datetime(2013, 5, 28, 21, 44, 1), 0.0252439177058482, False, 'best']
['jmaxchase', 202590286, 'impression', '3', 241498324L, datetime.datetime(2013, 5, 28, 21, 45, 21), 0.0677564625034882, False, 'best']
['jmaxchase', 202590286, 'impression', '5', 241512508L, datetime.datetime(2013, 5, 28, 21, 45, 21), 0.0585040981692843, False, 'best']
['jmaxchase', 202590286, 'impression', '8', 241525505L, datetime.datetime(2013, 5, 28, 21, 45, 21), 0.0376095907793685, False, 'best']
['jmaxchase', 202590286, 'impression', '6', 241497830L, datetime.datetime(2013, 5, 28, 21, 45, 21), 0.0419001006896399, False, 'best']
['jmaxchase', 202590286, 'impression', '18', 241512336L, datetime.datetime(2013, 5, 28, 21, 45, 21), 0.0142729877071663, False, 'best']
['jmaxchase', 202590286, 'impression', '4', 241497500L, datetime.datetime(2013, 5, 28, 21, 45, 21), 0.0654478250511884, False, 'best']
['jmaxchase', 202590286, 'impression', '14', 241497191L, datetime.datetime(2013, 5, 28, 21, 45, 21), 0.0212182909944702, False, 'best']
['jmaxchase', 202590286, 'impression', '16', 241505569L, datetime.datetime(2013, 5, 28, 21, 45, 21), 0.0177227237875274, False, 'best']
['jmaxchase', 202590286, 'impression', '2', 241497728L, datetime.datetime(2013, 5, 28, 21, 45, 21), 0.0700518274723799, False, 'best']
['jmaxchase', 202590286, 'impression', '15', 241496728L, datetime.datetime(2013, 5, 28, 21, 45, 21), 0.0198420914332344, False, 'best']
['jmaxchase', 202590286, 'impression', '10', 241497513L, datetime.datetime(2013, 5, 28, 21, 45, 21), 0.0305086243428103, False, 'best']
['jmaxchase', 202590286, 'impression', '13', 241502853L, datetime.datetime(2013, 5, 28, 21, 45, 21), 0.0213901611111211, False, 'best']
['jmaxchase', 202590286, 'impression', '12', 241496948L, datetime.datetime(2013, 5, 28, 21, 45, 21), 0.0252439177058482, False, 'best']
['jmaxchase', 202590286, 'impression', '1', 241511122L, datetime.datetime(2013, 5, 28, 21, 45, 21), 0.110044462774617, False, 'best']
['jmaxchase', 202590286, 'impression', '11', 241498000L, datetime.datetime(2013, 5, 28, 21, 45, 21), 0.0290452104172126, False, 'best']
['jmaxchase', 202590286, 'impression', '7', 241505974L, datetime.datetime(2013, 5, 28, 21, 45, 21), 0.0403876063993204, False, 'best']
['jmaxchase', 202590286, 'impression', '17', 241512166L, datetime.datetime(2013, 5, 28, 21, 45, 21), 0.0147223701435549, False, 'best']
['jmaxchase', 202590286, 'impression', '9', 241497006L, datetime.datetime(2013, 5, 28, 21, 45, 21), 0.0312405207722977, False, 'best']
['jmaxchase', 202590286, 'view_full_application_via_name', '18', 241512336L, datetime.datetime(2013, 5, 28, 21, 47, 5), 0.0142729877071663, False, 'best']
['jmaxchase', 202590286, 'impression', '10', 241497513L, datetime.datetime(2013, 5, 28, 21, 47, 58), 0.0305086243428103, False, 'best']
['jmaxchase', 202590286, 'impression', '15', 241496728L, datetime.datetime(2013, 5, 28, 21, 47, 58), 0.0198420914332344, False, 'best']
['jmaxchase', 202590286, 'impression', '13', 241502853L, datetime.datetime(2013, 5, 28, 21, 47, 58), 0.0213901611111211, False, 'best']
['jmaxchase', 202590286, 'impression', '2', 241497728L, datetime.datetime(2013, 5, 28, 21, 47, 58), 0.0700518274723799, False, 'best']
['jmaxchase', 202590286, 'impression', '6', 241497830L, datetime.datetime(2013, 5, 28, 21, 47, 58), 0.0419001006896399, False, 'best']
['jmaxchase', 202590286, 'impression', '12', 241496948L, datetime.datetime(2013, 5, 28, 21, 47, 58), 0.0252439177058482, False, 'best']
['jmaxchase', 202590286, 'impression', '11', 241498000L, datetime.datetime(2013, 5, 28, 21, 47, 58), 0.0290452104172126, False, 'best']
['jmaxchase', 202590286, 'impression', '17', 241512166L, datetime.datetime(2013, 5, 28, 21, 47, 58), 0.0147223701435549, False, 'best']
['jmaxchase', 202590286, 'impression', '1', 241511122L, datetime.datetime(2013, 5, 28, 21, 47, 58), 0.110044462774617, False, 'best']
['jmaxchase', 202590286, 'impression', '7', 241505974L, datetime.datetime(2013, 5, 28, 21, 47, 58), 0.0403876063993204, False, 'best']
['jmaxchase', 202590286, 'impression', '5', 241512508L, datetime.datetime(2013, 5, 28, 21, 47, 58), 0.0585040981692843, False, 'best']
['jmaxchase', 202590286, 'impression', '8', 241525505L, datetime.datetime(2013, 5, 28, 21, 47, 58), 0.0376095907793685, False, 'best']
['jmaxchase', 202590286, 'impression', '3', 241498324L, datetime.datetime(2013, 5, 28, 21, 47, 58), 0.0677564625034882, False, 'best']
['jmaxchase', 202590286, 'impression', '9', 241497006L, datetime.datetime(2013, 5, 28, 21, 47, 58), 0.0312405207722977, False, 'best']
['jmaxchase', 202590286, 'impression', '4', 241497500L, datetime.datetime(2013, 5, 28, 21, 47, 58), 0.0654478250511884, False, 'best']
['jmaxchase', 202590286, 'impression', '16', 241505569L, datetime.datetime(2013, 5, 28, 21, 47, 58), 0.0177227237875274, False, 'best']
['jmaxchase', 202590286, 'impression', '14', 241497191L, datetime.datetime(2013, 5, 28, 21, 47, 58), 0.0212182909944702, False, 'best']
['jmaxchase', 202590286, 'view_full_application_via_name', '12', 241496948L, datetime.datetime(2013, 5, 28, 21, 48, 6), 0.0252439177058482, False, 'best']
['jmaxchase', 202590286, 'impression', '8', 241525505L, datetime.datetime(2013, 5, 28, 21, 50, 4), 0.0376095907793685, False, 'best']
['jmaxchase', 202590286, 'impression', '5', 241512508L, datetime.datetime(2013, 5, 28, 21, 50, 4), 0.0585040981692843, False, 'best']
['jmaxchase', 202590286, 'impression', '11', 241498000L, datetime.datetime(2013, 5, 28, 21, 50, 4), 0.0290452104172126, False, 'best']
['jmaxchase', 202590286, 'impression', '7', 241505974L, datetime.datetime(2013, 5, 28, 21, 50, 4), 0.0403876063993204, False, 'best']
['jmaxchase', 202590286, 'impression', '12', 241496948L, datetime.datetime(2013, 5, 28, 21, 50, 4), 0.0252439177058482, False, 'best']
['jmaxchase', 202590286, 'impression', '1', 241511122L, datetime.datetime(2013, 5, 28, 21, 50, 4), 0.110044462774617, False, 'best']
['jmaxchase', 202590286, 'impression', '17', 241512166L, datetime.datetime(2013, 5, 28, 21, 50, 4), 0.0147223701435549, False, 'best']
['jmaxchase', 202590286, 'impression', '6', 241497830L, datetime.datetime(2013, 5, 28, 21, 50, 4), 0.0419001006896399, False, 'best']
['jmaxchase', 202590286, 'impression', '13', 241502853L, datetime.datetime(2013, 5, 28, 21, 50, 4), 0.0213901611111211, False, 'best']
['jmaxchase', 202590286, 'impression', '10', 241497513L, datetime.datetime(2013, 5, 28, 21, 50, 4), 0.0305086243428103, False, 'best']
['jmaxchase', 202590286, 'impression', '15', 241496728L, datetime.datetime(2013, 5, 28, 21, 50, 4), 0.0198420914332344, False, 'best']
['jmaxchase', 202590286, 'impression', '3', 241498324L, datetime.datetime(2013, 5, 28, 21, 50, 4), 0.0677564625034882, False, 'best']
['jmaxchase', 202590286, 'impression', '9', 241497006L, datetime.datetime(2013, 5, 28, 21, 50, 4), 0.0312405207722977, False, 'best']
['jmaxchase', 202590286, 'impression', '4', 241497500L, datetime.datetime(2013, 5, 28, 21, 50, 4), 0.0654478250511884, False, 'best']
['jmaxchase', 202590286, 'impression', '16', 241505569L, datetime.datetime(2013, 5, 28, 21, 50, 4), 0.0177227237875274, False, 'best']
['jmaxchase', 202590286, 'impression', '14', 241497191L, datetime.datetime(2013, 5, 28, 21, 50, 4), 0.0212182909944702, False, 'best']
['jmaxchase', 202590286, 'impression', '2', 241497728L, datetime.datetime(2013, 5, 28, 21, 50, 4), 0.0700518274723799, False, 'best']
['jmaxchase', 202590286, 'hide', '5', 241512508L, datetime.datetime(2013, 5, 28, 21, 50, 53), 0.0585040981692843, False, 'best']
['jmaxchase', 202590286, 'hide', '17', 241512166L, datetime.datetime(2013, 5, 28, 21, 51, 11), 0.0147223701435549, False, 'best']
['jmaxchase', 202590286, 'expand_tile', '1', 241511122L, datetime.datetime(2013, 5, 28, 21, 51, 37), 0.110044462774617, False, 'best']
['jmaxchase', 202590286, 'hide', '1', 241511122L, datetime.datetime(2013, 5, 28, 21, 53, 33), 0.110044462774617, False, 'best']
['jmaxchase', 202590286, 'expand_tile', '1', 241511122L, datetime.datetime(2013, 5, 28, 21, 53, 34), 0.110044462774617, False, 'best']
['jmaxchase', 202590286, 'expand_tile', '3', 241498324L, datetime.datetime(2013, 5, 28, 21, 53, 42), 0.0677564625034882, False, 'best']
['jmaxchase', 202590286, 'hide', '3', 241498324L, datetime.datetime(2013, 5, 28, 21, 55, 18), 0.0677564625034882, False, 'best']
['jmaxchase', 202590286, 'expand_tile', '3', 241498324L, datetime.datetime(2013, 5, 28, 21, 55, 19), 0.0677564625034882, False, 'best']
['jmaxchase', 202590286, 'expand_tile', '4', 241497500L, datetime.datetime(2013, 5, 28, 21, 55, 21), 0.0654478250511884, False, 'best']
['jmaxchase', 202590286, 'hide', '4', 241497500L, datetime.datetime(2013, 5, 28, 21, 56, 47), 0.0654478250511884, False, 'best']
['jmaxchase', 202590286, 'expand_tile', '4', 241497500L, datetime.datetime(2013, 5, 28, 21, 56, 48), 0.0654478250511884, False, 'best']
['jmaxchase', 202590286, 'expand_tile', '6', 241497830L, datetime.datetime(2013, 5, 28, 21, 56, 52), 0.0419001006896399, False, 'best']
['jmaxchase', 202590286, 'collapse_tile', '6', 241497830L, datetime.datetime(2013, 5, 28, 21, 57, 13), 0.0419001006896399, False, 'best']
['jmaxchase', 202590286, 'expand_tile', '8', 241525505L, datetime.datetime(2013, 5, 28, 21, 57, 18), 0.0376095907793685, False, 'best']
['jmaxchase', 202590286, 'hide', '8', 241525505L, datetime.datetime(2013, 5, 28, 21, 57, 45), 0.0376095907793685, False, 'best']
['jmaxchase', 202590286, 'expand_tile', '8', 241525505L, datetime.datetime(2013, 5, 28, 21, 57, 46), 0.0376095907793685, False, 'best']
['jmaxchase', 202590286, 'expand_tile', '9', 241497006L, datetime.datetime(2013, 5, 28, 21, 57, 49), 0.0312405207722977, False, 'best']
['jmaxchase', 202590286, 'hide', '9', 241497006L, datetime.datetime(2013, 5, 28, 21, 58, 23), 0.0312405207722977, False, 'best']
['jmaxchase', 202590286, 'expand_tile', '9', 241497006L, datetime.datetime(2013, 5, 28, 21, 58, 23), 0.0312405207722977, False, 'best']
['jmaxchase', 202590286, 'expand_tile', '10', 241497513L, datetime.datetime(2013, 5, 28, 21, 58, 28), 0.0305086243428103, False, 'best']
['jmaxchase', 202590286, 'hide', '10', 241497513L, datetime.datetime(2013, 5, 28, 21, 59, 57), 0.0305086243428103, False, 'best']
['jmaxchase', 202590286, 'expand_tile', '10', 241497513L, datetime.datetime(2013, 5, 28, 21, 59, 58), 0.0305086243428103, False, 'best']
['jmaxchase', 202590286, 'expand_tile', '11', 241498000L, datetime.datetime(2013, 5, 28, 22, 0, 4), 0.0290452104172126, False, 'best']
['jmaxchase', 202590286, 'hide', '11', 241498000L, datetime.datetime(2013, 5, 28, 22, 1, 8), 0.0290452104172126, False, 'best']
['jmaxchase', 202590286, 'expand_tile', '11', 241498000L, datetime.datetime(2013, 5, 28, 22, 1, 8), 0.0290452104172126, False, 'best']
['jmaxchase', 202590286, 'expand_tile', '12', 241496948L, datetime.datetime(2013, 5, 28, 22, 1, 15), 0.0252439177058482, False, 'best']
['jmaxchase', 202590286, 'collapse_tile', '12', 241496948L, datetime.datetime(2013, 5, 28, 22, 1, 26), 0.0252439177058482, False, 'best']
['jmaxchase', 202590286, 'expand_tile', '13', 241502853L, datetime.datetime(2013, 5, 28, 22, 1, 30), 0.0213901611111211, False, 'best']
['jmaxchase', 202590286, 'hide', '13', 241502853L, datetime.datetime(2013, 5, 28, 22, 2, 11), 0.0213901611111211, False, 'best']
['jmaxchase', 202590286, 'expand_tile', '13', 241502853L, datetime.datetime(2013, 5, 28, 22, 2, 12), 0.0213901611111211, False, 'best']
['jmaxchase', 202590286, 'expand_tile', '14', 241497191L, datetime.datetime(2013, 5, 28, 22, 2, 17), 0.0212182909944702, False, 'best']
['jmaxchase', 202590286, 'expand_tile', '14', 241497191L, datetime.datetime(2013, 5, 28, 22, 3, 50), 0.0212182909944702, False, 'best']
['jmaxchase', 202590286, 'hide', '14', 241497191L, datetime.datetime(2013, 5, 28, 22, 3, 50), 0.0212182909944702, False, 'best']
['jmaxchase', 202590286, 'expand_tile', '16', 241505569L, datetime.datetime(2013, 5, 28, 22, 3, 57), 0.0177227237875274, False, 'best']
['jmaxchase', 202590286, 'hide', '16', 241505569L, datetime.datetime(2013, 5, 28, 22, 5, 15), 0.0177227237875274, False, 'best']
['jmaxchase', 202590286, 'expand_tile', '16', 241505569L, datetime.datetime(2013, 5, 28, 22, 5, 16), 0.0177227237875274, False, 'best']
['jmaxchase', 202590286, 'expand_tile', '2', 241497728L, datetime.datetime(2013, 5, 28, 22, 5, 25), 0.0700518274723799, False, 'best']
['jmaxchase', 202590286, 'expand_tile', '6', 241497830L, datetime.datetime(2013, 5, 28, 22, 7, 18), 0.0419001006896399, False, 'best']
['jmaxchase', 202590286, 'expand_tile', '7', 241505974L, datetime.datetime(2013, 5, 28, 22, 7, 48), 0.0403876063993204, False, 'best']
['jmaxchase', 202590286, 'expand_tile', '15', 241496728L, datetime.datetime(2013, 5, 28, 22, 8, 17), 0.0198420914332344, False, 'best']
['jmaxchase', 202590286, 'expand_tile', '12', 241496948L, datetime.datetime(2013, 5, 28, 22, 16, 27), 0.0252439177058482, False, 'best']
['jmaxchase', 202590286, 'view_full_application', '12', 241496948L, datetime.datetime(2013, 5, 28, 22, 16, 29), 0.0252439177058482, False, 'best']
['jmaxchase', 202590286, 'impression', '4', 241496948L, datetime.datetime(2013, 5, 28, 22, 24, 59), 0.0252439177058482, False, 'best']
['jmaxchase', 202590286, 'impression', '3', 241505974L, datetime.datetime(2013, 5, 28, 22, 24, 59), 0.0403876063993204, False, 'best']
['jmaxchase', 202590286, 'impression', '1', 241497728L, datetime.datetime(2013, 5, 28, 22, 24, 59), 0.0700518274723799, False, 'best']
['jmaxchase', 202590286, 'impression', '2', 241497830L, datetime.datetime(2013, 5, 28, 22, 24, 59), 0.0419001006896399, False, 'best']
['jmaxchase', 202590286, 'impression', '5', 241496728L, datetime.datetime(2013, 5, 28, 22, 24, 59), 0.0198420914332344, False, 'best']
['jmaxchase', 202590286, 'impression', '1', 241497728L, datetime.datetime(2013, 5, 28, 22, 44, 17), 0.0700518274723799, False, 'best']
['jmaxchase', 202590286, 'impression', '4', 241496948L, datetime.datetime(2013, 5, 28, 22, 44, 17), 0.0252439177058482, False, 'best']
['jmaxchase', 202590286, 'impression', '3', 241505974L, datetime.datetime(2013, 5, 28, 22, 44, 17), 0.0403876063993204, False, 'best']
['jmaxchase', 202590286, 'impression', '5', 241496728L, datetime.datetime(2013, 5, 28, 22, 44, 17), 0.0198420914332344, False, 'best']
['jmaxchase', 202590286, 'impression', '2', 241497830L, datetime.datetime(2013, 5, 28, 22, 44, 17), 0.0419001006896399, False, 'best']
['jmaxchase', 202590286, 'view_full_application_via_name', '1', 241497728L, datetime.datetime(2013, 5, 28, 22, 44, 29), 0.0700518274723799, False, 'best']
['jmaxchase', 202590286, 'impression', '5', 241496728L, datetime.datetime(2013, 5, 28, 22, 47, 41), 0.0198420914332344, False, 'best']
['jmaxchase', 202590286, 'impression', '2', 241497830L, datetime.datetime(2013, 5, 28, 22, 47, 41), 0.0419001006896399, False, 'best']
['jmaxchase', 202590286, 'impression', '4', 241496948L, datetime.datetime(2013, 5, 28, 22, 47, 41), 0.0252439177058482, False, 'best']
['jmaxchase', 202590286, 'impression', '3', 241505974L, datetime.datetime(2013, 5, 28, 22, 47, 41), 0.0403876063993204, False, 'best']
['jmaxchase', 202590286, 'impression', '1', 241497728L, datetime.datetime(2013, 5, 28, 22, 47, 41), 0.0700518274723799, False, 'best']
['jmaxchase', 202590286, 'view_full_application_via_name', '1', 241497728L, datetime.datetime(2013, 5, 28, 22, 47, 45), 0.0700518274723799, False, 'best']
['jmaxchase', 202590286, 'impression', '2', 241497830L, datetime.datetime(2013, 5, 28, 22, 47, 56), 0.0419001006896399, False, 'best']
['jmaxchase', 202590286, 'impression', '4', 241496948L, datetime.datetime(2013, 5, 28, 22, 47, 56), 0.0252439177058482, False, 'best']
['jmaxchase', 202590286, 'impression', '3', 241505974L, datetime.datetime(2013, 5, 28, 22, 47, 56), 0.0403876063993204, False, 'best']
['jmaxchase', 202590286, 'impression', '1', 241497728L, datetime.datetime(2013, 5, 28, 22, 47, 56), 0.0700518274723799, False, 'best']
['jmaxchase', 202590286, 'impression', '5', 241496728L, datetime.datetime(2013, 5, 28, 22, 47, 56), 0.0198420914332344, False, 'best']
['jmaxchase', 202590286, 'view_full_application_via_name', '2', 241497830L, datetime.datetime(2013, 5, 28, 22, 48, 3), 0.0419001006896399, False, 'best']
['jmaxchase', 202590286, 'impression', '3', 241505974L, datetime.datetime(2013, 5, 28, 22, 53, 10), 0.0403876063993204, False, 'best']
['jmaxchase', 202590286, 'impression', '4', 241496948L, datetime.datetime(2013, 5, 28, 22, 53, 10), 0.0252439177058482, False, 'best']
['jmaxchase', 202590286, 'impression', '1', 241497728L, datetime.datetime(2013, 5, 28, 22, 53, 10), 0.0700518274723799, False, 'best']
['jmaxchase', 202590286, 'impression', '2', 241497830L, datetime.datetime(2013, 5, 28, 22, 53, 10), 0.0419001006896399, False, 'best']
['jmaxchase', 202590286, 'impression', '5', 241496728L, datetime.datetime(2013, 5, 28, 22, 53, 10), 0.0198420914332344, False, 'best']
['jmaxchase', 202590286, 'view_full_application_via_name', '5', 241496728L, datetime.datetime(2013, 5, 28, 22, 53, 25), 0.0198420914332344, False, 'best']
['jmaxchase', 202590286, 'impression', '1', 241497728L, datetime.datetime(2013, 5, 28, 22, 54, 23), 0.0700518274723799, False, 'best']
['jmaxchase', 202590286, 'impression', '2', 241497830L, datetime.datetime(2013, 5, 28, 22, 54, 23), 0.0419001006896399, False, 'best']
['jmaxchase', 202590286, 'impression', '3', 241505974L, datetime.datetime(2013, 5, 28, 22, 54, 23), 0.0403876063993204, False, 'best']
['jmaxchase', 202590286, 'impression', '4', 241496948L, datetime.datetime(2013, 5, 28, 22, 54, 23), 0.0252439177058482, False, 'best']
['jmaxchase', 202590286, 'view_full_application_via_name', '4', 241496948L, datetime.datetime(2013, 5, 28, 22, 54, 26), 0.0252439177058482, False, 'best']
['jmaxchase', 202590286, 'impression', '2', 241497830L, datetime.datetime(2013, 5, 28, 22, 55, 1), 0.0419001006896399, False, 'best']
['jmaxchase', 202590286, 'impression', '3', 241505974L, datetime.datetime(2013, 5, 28, 22, 55, 1), 0.0403876063993204, False, 'best']
['jmaxchase', 202590286, 'impression', '4', 241496948L, datetime.datetime(2013, 5, 28, 22, 55, 1), 0.0252439177058482, False, 'best']
['jmaxchase', 202590286, 'impression', '1', 241497728L, datetime.datetime(2013, 5, 28, 22, 55, 1), 0.0700518274723799, False, 'best']
['jmaxchase', 202590286, 'view_full_application_via_name', '3', 241505974L, datetime.datetime(2013, 5, 28, 22, 55, 3), 0.0403876063993204, False, 'best']
['jmaxchase', 202590286, 'impression', '3', 241496948L, datetime.datetime(2013, 5, 28, 23, 17, 6), 0.0252439177058482, False, 'best']
['jmaxchase', 202590286, 'impression', '2', 241497830L, datetime.datetime(2013, 5, 28, 23, 17, 6), 0.0419001006896399, False, 'best']
['jmaxchase', 202590286, 'impression', '1', 241497728L, datetime.datetime(2013, 5, 28, 23, 17, 6), 0.0700518274723799, False, 'best']
['jmaxchase', 202590286, 'view_full_application_via_name', '2', 241497830L, datetime.datetime(2013, 5, 28, 23, 17, 12), 0.0419001006896399, False, 'best']
['jmaxchase', 202590286, 'impression', '2', 241497830L, datetime.datetime(2013, 5, 28, 23, 18, 6), 0.0419001006896399, False, 'best']
['jmaxchase', 202590286, 'impression', '1', 241497728L, datetime.datetime(2013, 5, 28, 23, 18, 6), 0.0700518274723799, False, 'best']
['jmaxchase', 202590286, 'impression', '3', 241496948L, datetime.datetime(2013, 5, 28, 23, 18, 6), 0.0252439177058482, False, 'best']
['jmaxchase', 202590286, 'impression', '1', 241497728L, datetime.datetime(2013, 5, 28, 23, 18, 26), 0.0700518274723799, False, 'best']
['jmaxchase', 202590286, 'impression', '2', 241497830L, datetime.datetime(2013, 5, 28, 23, 18, 26), 0.0419001006896399, False, 'best']
['jmaxchase', 202590286, 'impression', '3', 241496948L, datetime.datetime(2013, 5, 28, 23, 18, 26), 0.0252439177058482, False, 'best']
['jmaxchase', 202590286, 'impression', '2', 241497830L, datetime.datetime(2013, 5, 28, 23, 18, 32), 0.0419001006896399, False, 'best']
['jmaxchase', 202590286, 'impression', '3', 241496948L, datetime.datetime(2013, 5, 28, 23, 18, 32), 0.0252439177058482, False, 'best']
['jmaxchase', 202590286, 'impression', '1', 241497728L, datetime.datetime(2013, 5, 28, 23, 18, 32), 0.0700518274723799, False, 'best']
['jmaxchase', 202590286, 'impression', '3', 241496948L, datetime.datetime(2013, 5, 28, 23, 24, 25), 0.0252439177058482, False, 'best']
['jmaxchase', 202590286, 'impression', '1', 241497728L, datetime.datetime(2013, 5, 28, 23, 24, 25), 0.0700518274723799, False, 'best']
['jmaxchase', 202590286, 'impression', '2', 241497830L, datetime.datetime(2013, 5, 28, 23, 24, 25), 0.0419001006896399, False, 'best']

