['jonathonknight', 202575921, 'impression', '4', 241159705L, datetime.datetime(2013, 5, 24, 3, 50, 53), 0.0651629963289778, False, 'time']
['jonathonknight', 202575921, 'impression', '11', 241159474L, datetime.datetime(2013, 5, 24, 3, 50, 53), 0.0297824941117458, False, 'time']
['jonathonknight', 202575921, 'impression', '7', 241159598L, datetime.datetime(2013, 5, 24, 3, 50, 53), 0.122509407398297, False, 'time']
['jonathonknight', 202575921, 'impression', '5', 241159678L, datetime.datetime(2013, 5, 24, 3, 50, 53), 0.107710075629048, False, 'time']
['jonathonknight', 202575921, 'impression', '1', 241159794L, datetime.datetime(2013, 5, 24, 3, 50, 53), 0.0387972415915041, False, 'time']
['jonathonknight', 202575921, 'impression', '10', 241159563L, datetime.datetime(2013, 5, 24, 3, 50, 53), 0.0302645814994247, False, 'time']
['jonathonknight', 202575921, 'impression', '9', 241159573L, datetime.datetime(2013, 5, 24, 3, 50, 53), 0.0306763329025507, False, 'time']
['jonathonknight', 202575921, 'impression', '2', 241159728L, datetime.datetime(2013, 5, 24, 3, 50, 53), 0.0418324526736886, False, 'time']
['jonathonknight', 202575921, 'impression', '8', 241159575L, datetime.datetime(2013, 5, 24, 3, 50, 53), 0.0394021725637739, False, 'time']
['jonathonknight', 202575921, 'impression', '6', 241159607L, datetime.datetime(2013, 5, 24, 3, 50, 53), 0.0216412100891163, False, 'time']
['jonathonknight', 202575921, 'impression', '12', 241159267L, datetime.datetime(2013, 5, 24, 3, 50, 53), 0.013275768486325, False, 'time']
['jonathonknight', 202575921, 'impression', '3', 241159709L, datetime.datetime(2013, 5, 24, 3, 50, 53), 0.0105272817593325, False, 'time']
['jonathonknight', 202575921, 'view_full_application_via_name', '10', 241159563L, datetime.datetime(2013, 5, 24, 3, 51, 12), 0.0302645814994247, False, 'time']
['jonathonknight', 202575921, 'impression', '9', 241159728L, datetime.datetime(2013, 5, 24, 4, 0, 39), 0.0418324526736886, False, 'time']
['jonathonknight', 202575921, 'impression', '16', 241159573L, datetime.datetime(2013, 5, 24, 4, 0, 39), 0.0306763329025507, False, 'time']
['jonathonknight', 202575921, 'impression', '17', 241159563L, datetime.datetime(2013, 5, 24, 4, 0, 39), 0.0302645814994247, False, 'time']
['jonathonknight', 202575921, 'impression', '4', 241160045L, datetime.datetime(2013, 5, 24, 4, 0, 39), 0.0938776146872946, False, 'time']
['jonathonknight', 202575921, 'impression', '8', 241159794L, datetime.datetime(2013, 5, 24, 4, 0, 39), 0.0387972415915041, False, 'time']
['jonathonknight', 202575921, 'impression', '7', 241159964L, datetime.datetime(2013, 5, 24, 4, 0, 39), 0.0617553498340718, False, 'time']
['jonathonknight', 202575921, 'impression', '14', 241159598L, datetime.datetime(2013, 5, 24, 4, 0, 39), 0.122509407398297, False, 'time']
['jonathonknight', 202575921, 'impression', '12', 241159678L, datetime.datetime(2013, 5, 24, 4, 0, 39), 0.107710075629048, False, 'time']
['jonathonknight', 202575921, 'impression', '13', 241159607L, datetime.datetime(2013, 5, 24, 4, 0, 39), 0.0216412100891163, False, 'time']
['jonathonknight', 202575921, 'impression', '15', 241159575L, datetime.datetime(2013, 5, 24, 4, 0, 39), 0.0394021725637739, False, 'time']
['jonathonknight', 202575921, 'impression', '10', 241159709L, datetime.datetime(2013, 5, 24, 4, 0, 39), 0.0105272817593325, False, 'time']
['jonathonknight', 202575921, 'impression', '19', 241159267L, datetime.datetime(2013, 5, 24, 4, 0, 39), 0.013275768486325, False, 'time']
['jonathonknight', 202575921, 'impression', '2', 241160166L, datetime.datetime(2013, 5, 24, 4, 0, 39), 0.0123991373117675, False, 'time']
['jonathonknight', 202575921, 'impression', '1', 241160195L, datetime.datetime(2013, 5, 24, 4, 0, 39), 0.133977279080083, False, 'time']
['jonathonknight', 202575921, 'impression', '11', 241159705L, datetime.datetime(2013, 5, 24, 4, 0, 39), 0.0651629963289778, False, 'time']
['jonathonknight', 202575921, 'impression', '5', 241160024L, datetime.datetime(2013, 5, 24, 4, 0, 39), 0.0155750919679567, False, 'time']
['jonathonknight', 202575921, 'impression', '3', 241160064L, datetime.datetime(2013, 5, 24, 4, 0, 39), 0.0544503221435359, False, 'time']
['jonathonknight', 202575921, 'impression', '6', 241160016L, datetime.datetime(2013, 5, 24, 4, 0, 39), 0.042208514123885, False, 'time']
['jonathonknight', 202575921, 'impression', '18', 241159474L, datetime.datetime(2013, 5, 24, 4, 0, 39), 0.0297824941117458, False, 'time']
['jonathonknight', 202575921, 'impression', '18', 241159474L, datetime.datetime(2013, 5, 24, 4, 1, 11), 0.0297824941117458, False, 'time']
['jonathonknight', 202575921, 'impression', '3', 241160064L, datetime.datetime(2013, 5, 24, 4, 1, 11), 0.0544503221435359, False, 'time']
['jonathonknight', 202575921, 'impression', '6', 241160016L, datetime.datetime(2013, 5, 24, 4, 1, 11), 0.042208514123885, False, 'time']
['jonathonknight', 202575921, 'impression', '5', 241160024L, datetime.datetime(2013, 5, 24, 4, 1, 11), 0.0155750919679567, False, 'time']
['jonathonknight', 202575921, 'impression', '4', 241160045L, datetime.datetime(2013, 5, 24, 4, 1, 11), 0.0938776146872946, False, 'time']
['jonathonknight', 202575921, 'impression', '8', 241159794L, datetime.datetime(2013, 5, 24, 4, 1, 11), 0.0387972415915041, False, 'time']
['jonathonknight', 202575921, 'impression', '17', 241159563L, datetime.datetime(2013, 5, 24, 4, 1, 11), 0.0302645814994247, False, 'time']
['jonathonknight', 202575921, 'impression', '14', 241159598L, datetime.datetime(2013, 5, 24, 4, 1, 11), 0.122509407398297, False, 'time']
['jonathonknight', 202575921, 'impression', '7', 241159964L, datetime.datetime(2013, 5, 24, 4, 1, 11), 0.0617553498340718, False, 'time']
['jonathonknight', 202575921, 'impression', '12', 241159678L, datetime.datetime(2013, 5, 24, 4, 1, 11), 0.107710075629048, False, 'time']
['jonathonknight', 202575921, 'impression', '10', 241159709L, datetime.datetime(2013, 5, 24, 4, 1, 11), 0.0105272817593325, False, 'time']
['jonathonknight', 202575921, 'impression', '19', 241159267L, datetime.datetime(2013, 5, 24, 4, 1, 11), 0.013275768486325, False, 'time']
['jonathonknight', 202575921, 'impression', '9', 241159728L, datetime.datetime(2013, 5, 24, 4, 1, 11), 0.0418324526736886, False, 'time']
['jonathonknight', 202575921, 'impression', '16', 241159573L, datetime.datetime(2013, 5, 24, 4, 1, 11), 0.0306763329025507, False, 'time']
['jonathonknight', 202575921, 'impression', '1', 241160195L, datetime.datetime(2013, 5, 24, 4, 1, 11), 0.133977279080083, False, 'time']
['jonathonknight', 202575921, 'impression', '11', 241159705L, datetime.datetime(2013, 5, 24, 4, 1, 11), 0.0651629963289778, False, 'time']
['jonathonknight', 202575921, 'impression', '2', 241160166L, datetime.datetime(2013, 5, 24, 4, 1, 11), 0.0123991373117675, False, 'time']
['jonathonknight', 202575921, 'impression', '15', 241159575L, datetime.datetime(2013, 5, 24, 4, 1, 11), 0.0394021725637739, False, 'time']
['jonathonknight', 202575921, 'impression', '13', 241159607L, datetime.datetime(2013, 5, 24, 4, 1, 11), 0.0216412100891163, False, 'time']
['jonathonknight', 202575921, 'view_full_application_via_name', '11', 241159705L, datetime.datetime(2013, 5, 24, 4, 2, 6), 0.0651629963289778, False, 'time']
['jonathonknight', 202575921, 'impression', '15', 241159728L, datetime.datetime(2013, 5, 24, 4, 15, 1), 0.0418324526736886, False, 'time']
['jonathonknight', 202575921, 'impression', '8', 241160166L, datetime.datetime(2013, 5, 24, 4, 15, 1), 0.0123991373117675, False, 'time']
['jonathonknight', 202575921, 'impression', '17', 241159705L, datetime.datetime(2013, 5, 24, 4, 15, 1), 0.0651629963289778, False, 'time']
['jonathonknight', 202575921, 'impression', '7', 241160195L, datetime.datetime(2013, 5, 24, 4, 15, 1), 0.133977279080083, False, 'time']
['jonathonknight', 202575921, 'impression', '14', 241159794L, datetime.datetime(2013, 5, 24, 4, 15, 1), 0.0387972415915041, False, 'time']
['jonathonknight', 202575921, 'impression', '10', 241160045L, datetime.datetime(2013, 5, 24, 4, 15, 1), 0.0938776146872946, False, 'time']
['jonathonknight', 202575921, 'impression', '19', 241159607L, datetime.datetime(2013, 5, 24, 4, 15, 1), 0.0216412100891163, False, 'time']
['jonathonknight', 202575921, 'impression', '5', 241160410L, datetime.datetime(2013, 5, 24, 4, 15, 1), 0.0364892161830019, False, 'time']
['jonathonknight', 202575921, 'impression', '16', 241159709L, datetime.datetime(2013, 5, 24, 4, 15, 1), 0.0105272817593325, False, 'time']
['jonathonknight', 202575921, 'impression', '12', 241160016L, datetime.datetime(2013, 5, 24, 4, 15, 1), 0.042208514123885, False, 'time']
['jonathonknight', 202575921, 'impression', '9', 241160064L, datetime.datetime(2013, 5, 24, 4, 15, 1), 0.0544503221435359, False, 'time']
['jonathonknight', 202575921, 'impression', '4', 241160454L, datetime.datetime(2013, 5, 24, 4, 15, 1), 0.0745206797153205, False, 'time']
['jonathonknight', 202575921, 'impression', '11', 241160024L, datetime.datetime(2013, 5, 24, 4, 15, 1), 0.0155750919679567, False, 'time']
['jonathonknight', 202575921, 'impression', '3', 241160466L, datetime.datetime(2013, 5, 24, 4, 15, 1), 0.0131697279376455, False, 'time']
['jonathonknight', 202575921, 'impression', '6', 241160365L, datetime.datetime(2013, 5, 24, 4, 15, 1), 0.0342487018247593, False, 'time']
['jonathonknight', 202575921, 'impression', '18', 241159678L, datetime.datetime(2013, 5, 24, 4, 15, 1), 0.107710075629048, False, 'time']
['jonathonknight', 202575921, 'impression', '20', 241159598L, datetime.datetime(2013, 5, 24, 4, 15, 1), 0.122509407398297, False, 'time']
['jonathonknight', 202575921, 'impression', '2', 241160506L, datetime.datetime(2013, 5, 24, 4, 15, 1), 0.0524898310128797, False, 'time']
['jonathonknight', 202575921, 'impression', '13', 241159964L, datetime.datetime(2013, 5, 24, 4, 15, 1), 0.0617553498340718, False, 'time']
['jonathonknight', 202575921, 'impression', '1', 241160992L, datetime.datetime(2013, 5, 24, 4, 15, 1), 0.0412957171901394, False, 'time']
['jonathonknight', 202575921, 'impression', '1', 241159705L, datetime.datetime(2013, 5, 24, 4, 15, 22), 0.0651629963289778, False, 'time']

['jonathonknight', 202575921, 'impression', '7', 241162211L, datetime.datetime(2013, 5, 24, 5, 1, 2), 0.0229907900352165, False, 'time']
['jonathonknight', 202575921, 'impression', '9', 241161669L, datetime.datetime(2013, 5, 24, 5, 1, 2), 0.0230726823128541, False, 'time']
['jonathonknight', 202575921, 'impression', '13', 241161167L, datetime.datetime(2013, 5, 24, 5, 1, 2), 0.0503010239480937, False, 'time']
['jonathonknight', 202575921, 'impression', '12', 241161298L, datetime.datetime(2013, 5, 24, 5, 1, 2), 0.0489389434858476, False, 'time']
['jonathonknight', 202575921, 'impression', '5', 241162342L, datetime.datetime(2013, 5, 24, 5, 1, 2), 0.0374575395111953, False, 'time']
['jonathonknight', 202575921, 'impression', '15', 241161061L, datetime.datetime(2013, 5, 24, 5, 1, 2), 0.0165199642135252, False, 'time']
['jonathonknight', 202575921, 'impression', '14', 241161101L, datetime.datetime(2013, 5, 24, 5, 1, 2), 0.0373397549921203, False, 'time']
['jonathonknight', 202575921, 'impression', '8', 241161862L, datetime.datetime(2013, 5, 24, 5, 1, 2), 0.0345764831027587, False, 'time']
['jonathonknight', 202575921, 'impression', '2', 241162667L, datetime.datetime(2013, 5, 24, 5, 1, 2), 0.0525984731247759, False, 'time']
['jonathonknight', 202575921, 'impression', '18', 241160466L, datetime.datetime(2013, 5, 24, 5, 1, 2), 0.0131697279376455, False, 'time']
['jonathonknight', 202575921, 'impression', '16', 241160992L, datetime.datetime(2013, 5, 24, 5, 1, 2), 0.0412957171901394, False, 'time']
['jonathonknight', 202575921, 'impression', '17', 241160506L, datetime.datetime(2013, 5, 24, 5, 1, 2), 0.0524898310128797, False, 'time']
['jonathonknight', 202575921, 'impression', '4', 241162361L, datetime.datetime(2013, 5, 24, 5, 1, 2), 0.0166946325530705, False, 'time']
['jonathonknight', 202575921, 'impression', '19', 241160454L, datetime.datetime(2013, 5, 24, 5, 1, 2), 0.0745206797153205, False, 'time']
['jonathonknight', 202575921, 'impression', '10', 241161520L, datetime.datetime(2013, 5, 24, 5, 1, 2), 0.0200783959605466, False, 'time']
['jonathonknight', 202575921, 'impression', '11', 241161459L, datetime.datetime(2013, 5, 24, 5, 1, 2), 0.0711351103464882, False, 'time']
['jonathonknight', 202575921, 'impression', '1', 241163254L, datetime.datetime(2013, 5, 24, 5, 1, 2), 0.0472271088501971, False, 'time']
['jonathonknight', 202575921, 'impression', '3', 241162420L, datetime.datetime(2013, 5, 24, 5, 1, 2), 0.0409153964034754, False, 'time']
['jonathonknight', 202575921, 'impression', '20', 241160410L, datetime.datetime(2013, 5, 24, 5, 1, 2), 0.0364892161830019, False, 'time']
['jonathonknight', 202575921, 'impression', '6', 241162250L, datetime.datetime(2013, 5, 24, 5, 1, 2), 0.0318376533004525, False, 'time']
['jonathonknight', 202575921, 'view_full_application_via_name', '9', 241161669L, datetime.datetime(2013, 5, 24, 5, 1, 27), 0.0230726823128541, False, 'time']
['jonathonknight', 202575921, 'impression', '8', 241161862L, datetime.datetime(2013, 5, 24, 5, 2, 10), 0.0345764831027587, False, 'time']
['jonathonknight', 202575921, 'impression', '2', 241162667L, datetime.datetime(2013, 5, 24, 5, 2, 10), 0.0525984731247759, False, 'time']
['jonathonknight', 202575921, 'impression', '15', 241161061L, datetime.datetime(2013, 5, 24, 5, 2, 10), 0.0165199642135252, False, 'time']
['jonathonknight', 202575921, 'impression', '14', 241161101L, datetime.datetime(2013, 5, 24, 5, 2, 10), 0.0373397549921203, False, 'time']
['jonathonknight', 202575921, 'impression', '3', 241162420L, datetime.datetime(2013, 5, 24, 5, 2, 10), 0.0409153964034754, False, 'time']
['jonathonknight', 202575921, 'impression', '17', 241160506L, datetime.datetime(2013, 5, 24, 5, 2, 10), 0.0524898310128797, False, 'time']
['jonathonknight', 202575921, 'impression', '16', 241160992L, datetime.datetime(2013, 5, 24, 5, 2, 10), 0.0412957171901394, False, 'time']
['jonathonknight', 202575921, 'impression', '18', 241160466L, datetime.datetime(2013, 5, 24, 5, 2, 10), 0.0131697279376455, False, 'time']
['jonathonknight', 202575921, 'impression', '5', 241162342L, datetime.datetime(2013, 5, 24, 5, 2, 10), 0.0374575395111953, False, 'time']
['jonathonknight', 202575921, 'impression', '7', 241162211L, datetime.datetime(2013, 5, 24, 5, 2, 10), 0.0229907900352165, False, 'time']
['jonathonknight', 202575921, 'impression', '13', 241161167L, datetime.datetime(2013, 5, 24, 5, 2, 10), 0.0503010239480937, False, 'time']
['jonathonknight', 202575921, 'impression', '12', 241161298L, datetime.datetime(2013, 5, 24, 5, 2, 10), 0.0489389434858476, False, 'time']
['jonathonknight', 202575921, 'impression', '9', 241161669L, datetime.datetime(2013, 5, 24, 5, 2, 10), 0.0230726823128541, False, 'time']
['jonathonknight', 202575921, 'impression', '4', 241162361L, datetime.datetime(2013, 5, 24, 5, 2, 10), 0.0166946325530705, False, 'time']
['jonathonknight', 202575921, 'impression', '19', 241160454L, datetime.datetime(2013, 5, 24, 5, 2, 10), 0.0745206797153205, False, 'time']
['jonathonknight', 202575921, 'impression', '6', 241162250L, datetime.datetime(2013, 5, 24, 5, 2, 10), 0.0318376533004525, False, 'time']
['jonathonknight', 202575921, 'impression', '20', 241160410L, datetime.datetime(2013, 5, 24, 5, 2, 10), 0.0364892161830019, False, 'time']
['jonathonknight', 202575921, 'impression', '10', 241161520L, datetime.datetime(2013, 5, 24, 5, 2, 10), 0.0200783959605466, False, 'time']
['jonathonknight', 202575921, 'impression', '11', 241161459L, datetime.datetime(2013, 5, 24, 5, 2, 10), 0.0711351103464882, False, 'time']
['jonathonknight', 202575921, 'impression', '1', 241163254L, datetime.datetime(2013, 5, 24, 5, 2, 10), 0.0472271088501971, False, 'time']

['jonathonknight', 202575921, 'impression', '5', 241231016L, datetime.datetime(2013, 5, 27, 3, 51, 12), 0.00480136442614857, False, 'time']
['jonathonknight', 202575921, 'impression', '16', 241175672L, datetime.datetime(2013, 5, 27, 3, 51, 12), 0.128330992523408, False, 'time']
['jonathonknight', 202575921, 'impression', '12', 241189073L, datetime.datetime(2013, 5, 27, 3, 51, 12), 0.0384575824904028, False, 'time']
['jonathonknight', 202575921, 'impression', '15', 241178584L, datetime.datetime(2013, 5, 27, 3, 51, 12), 0.0171864014528767, False, 'time']
['jonathonknight', 202575921, 'impression', '7', 241198723L, datetime.datetime(2013, 5, 27, 3, 51, 12), 0.0869703136097953, False, 'time']
['jonathonknight', 202575921, 'impression', '11', 241189631L, datetime.datetime(2013, 5, 27, 3, 51, 12), 0.0196958737586738, False, 'time']
['jonathonknight', 202575921, 'impression', '18', 241174064L, datetime.datetime(2013, 5, 27, 3, 51, 12), 0.0498582647192631, False, 'time']
['jonathonknight', 202575921, 'impression', '17', 241174711L, datetime.datetime(2013, 5, 27, 3, 51, 12), 0.0752865986348936, False, 'time']
['jonathonknight', 202575921, 'impression', '6', 241213202L, datetime.datetime(2013, 5, 27, 3, 51, 12), 0.0361488449191975, False, 'time']
['jonathonknight', 202575921, 'impression', '2', 241334156L, datetime.datetime(2013, 5, 27, 3, 51, 12), 0.05159170270504, False, 'time']
['jonathonknight', 202575921, 'impression', '4', 241254235L, datetime.datetime(2013, 5, 27, 3, 51, 12), 0.0337187817960453, False, 'time']
['jonathonknight', 202575921, 'impression', '19', 241174025L, datetime.datetime(2013, 5, 27, 3, 51, 12), 0.0228807644353463, False, 'time']
['jonathonknight', 202575921, 'impression', '20', 241173213L, datetime.datetime(2013, 5, 27, 3, 51, 12), 0.0112490907460291, False, 'time']
['jonathonknight', 202575921, 'impression', '8', 241195384L, datetime.datetime(2013, 5, 27, 3, 51, 12), 0.0129552291683851, False, 'time']
['jonathonknight', 202575921, 'impression', '9', 241194974L, datetime.datetime(2013, 5, 27, 3, 51, 12), 0.025161561557814, False, 'time']
['jonathonknight', 202575921, 'impression', '1', 241342673L, datetime.datetime(2013, 5, 27, 3, 51, 12), 0.00761879131518442, False, 'time']
['jonathonknight', 202575921, 'impression', '10', 241191291L, datetime.datetime(2013, 5, 27, 3, 51, 12), 0.00503719187602071, False, 'time']
['jonathonknight', 202575921, 'impression', '14', 241180535L, datetime.datetime(2013, 5, 27, 3, 51, 12), 0.0596902978597224, False, 'time']
['jonathonknight', 202575921, 'impression', '13', 241185929L, datetime.datetime(2013, 5, 27, 3, 51, 12), 0.0237861813628941, False, 'time']
['jonathonknight', 202575921, 'impression', '3', 241333499L, datetime.datetime(2013, 5, 27, 3, 51, 12), 0.0229825953214012, False, 'time']
['jonathonknight', 202575921, 'impression', '1', 241342673L, datetime.datetime(2013, 5, 27, 3, 51, 16), 0.00761879131518442, False, 'time']

