['kerriho', 202585047, 'impression', '18', 241382429L, datetime.datetime(2013, 5, 27, 23, 14, 16), 0.501261466493085, False, 'time']
['kerriho', 202585047, 'impression', '19', 241381878L, datetime.datetime(2013, 5, 27, 23, 14, 16), 0.24907224605492, False, 'time']
['kerriho', 202585047, 'impression', '17', 241383943L, datetime.datetime(2013, 5, 27, 23, 14, 16), 0.183197824881884, False, 'time']
['kerriho', 202585047, 'impression', '3', 241421376L, datetime.datetime(2013, 5, 27, 23, 14, 16), 0.0875834639368302, False, 'time']
['kerriho', 202585047, 'impression', '1', 241429552L, datetime.datetime(2013, 5, 27, 23, 14, 16), 0.245599832400307, False, 'time']
['kerriho', 202585047, 'impression', '15', 241384957L, datetime.datetime(2013, 5, 27, 23, 14, 16), 0.172077889067843, False, 'time']
['kerriho', 202585047, 'impression', '16', 241384634L, datetime.datetime(2013, 5, 27, 23, 14, 16), 0.146633855485652, False, 'time']
['kerriho', 202585047, 'impression', '5', 241403616L, datetime.datetime(2013, 5, 27, 23, 14, 16), 0.193375329720501, True, 'time']
['kerriho', 202585047, 'impression', '4', 241418883L, datetime.datetime(2013, 5, 27, 23, 14, 16), 0.0462500921787425, False, 'time']
['kerriho', 202585047, 'impression', '7', 241396793L, datetime.datetime(2013, 5, 27, 23, 14, 16), 0.149802963647998, False, 'time']
['kerriho', 202585047, 'impression', '20', 241381692L, datetime.datetime(2013, 5, 27, 23, 14, 16), 0.231955611115261, False, 'time']
['kerriho', 202585047, 'impression', '12', 241389077L, datetime.datetime(2013, 5, 27, 23, 14, 16), 0.305816025319393, False, 'time']
['kerriho', 202585047, 'impression', '2', 241423740L, datetime.datetime(2013, 5, 27, 23, 14, 16), 0.133753994023391, False, 'time']
['kerriho', 202585047, 'impression', '8', 241394903L, datetime.datetime(2013, 5, 27, 23, 14, 16), 0.201727937884566, False, 'time']
['kerriho', 202585047, 'impression', '14', 241388972L, datetime.datetime(2013, 5, 27, 23, 14, 16), 0.11106817493801, False, 'time']
['kerriho', 202585047, 'impression', '11', 241390735L, datetime.datetime(2013, 5, 27, 23, 14, 16), 0.132253965517824, False, 'time']
['kerriho', 202585047, 'impression', '9', 241392988L, datetime.datetime(2013, 5, 27, 23, 14, 16), 0.619306784148287, False, 'time']
['kerriho', 202585047, 'impression', '6', 241402051L, datetime.datetime(2013, 5, 27, 23, 14, 16), 0.0784418025087361, False, 'time']
['kerriho', 202585047, 'impression', '10', 241391198L, datetime.datetime(2013, 5, 27, 23, 14, 16), 0.0942780310520986, False, 'time']
['kerriho', 202585047, 'impression', '13', 241389062L, datetime.datetime(2013, 5, 27, 23, 14, 16), 0.0476975786065185, False, 'time']
['kerriho', 202585047, 'expand_tile', '1', 241429552L, datetime.datetime(2013, 5, 27, 23, 17, 32), 0.245599832400307, False, 'time']
['kerriho', 202585047, 'collapse_tile', '1', 241429552L, datetime.datetime(2013, 5, 27, 23, 17, 43), 0.245599832400307, False, 'time']
['kerriho', 202585047, 'expand_tile', '1', 241429552L, datetime.datetime(2013, 5, 27, 23, 17, 45), 0.245599832400307, False, 'time']
['kerriho', 202585047, 'expand_tile', '2', 241423740L, datetime.datetime(2013, 5, 27, 23, 19, 12), 0.133753994023391, False, 'time']
['kerriho', 202585047, 'view_full_application', '2', 241423740L, datetime.datetime(2013, 5, 27, 23, 19, 48), 0.133753994023391, False, 'time']
['kerriho', 202585047, 'impression', '20', 241381692L, datetime.datetime(2013, 5, 27, 23, 20, 45), 0.231955611115261, False, 'time']
['kerriho', 202585047, 'impression', '12', 241389077L, datetime.datetime(2013, 5, 27, 23, 20, 45), 0.305816025319393, False, 'time']
['kerriho', 202585047, 'impression', '1', 241429552L, datetime.datetime(2013, 5, 27, 23, 20, 45), 0.245599832400307, False, 'time']
['kerriho', 202585047, 'impression', '3', 241421376L, datetime.datetime(2013, 5, 27, 23, 20, 45), 0.0875834639368302, False, 'time']
['kerriho', 202585047, 'impression', '13', 241389062L, datetime.datetime(2013, 5, 27, 23, 20, 45), 0.0476975786065185, False, 'time']
['kerriho', 202585047, 'impression', '10', 241391198L, datetime.datetime(2013, 5, 27, 23, 20, 45), 0.0942780310520986, False, 'time']
['kerriho', 202585047, 'impression', '15', 241384957L, datetime.datetime(2013, 5, 27, 23, 20, 45), 0.172077889067843, False, 'time']
['kerriho', 202585047, 'impression', '16', 241384634L, datetime.datetime(2013, 5, 27, 23, 20, 45), 0.146633855485652, False, 'time']
['kerriho', 202585047, 'impression', '5', 241403616L, datetime.datetime(2013, 5, 27, 23, 20, 45), 0.193375329720501, True, 'time']
['kerriho', 202585047, 'impression', '19', 241381878L, datetime.datetime(2013, 5, 27, 23, 20, 45), 0.24907224605492, False, 'time']
['kerriho', 202585047, 'impression', '17', 241383943L, datetime.datetime(2013, 5, 27, 23, 20, 45), 0.183197824881884, False, 'time']
['kerriho', 202585047, 'impression', '18', 241382429L, datetime.datetime(2013, 5, 27, 23, 20, 45), 0.501261466493085, False, 'time']
['kerriho', 202585047, 'impression', '7', 241396793L, datetime.datetime(2013, 5, 27, 23, 20, 45), 0.149802963647998, False, 'time']
['kerriho', 202585047, 'impression', '4', 241418883L, datetime.datetime(2013, 5, 27, 23, 20, 45), 0.0462500921787425, False, 'time']
['kerriho', 202585047, 'impression', '9', 241392988L, datetime.datetime(2013, 5, 27, 23, 20, 45), 0.619306784148287, False, 'time']
['kerriho', 202585047, 'impression', '11', 241390735L, datetime.datetime(2013, 5, 27, 23, 20, 45), 0.132253965517824, False, 'time']
['kerriho', 202585047, 'impression', '2', 241423740L, datetime.datetime(2013, 5, 27, 23, 20, 45), 0.133753994023391, False, 'time']
['kerriho', 202585047, 'impression', '14', 241388972L, datetime.datetime(2013, 5, 27, 23, 20, 45), 0.11106817493801, False, 'time']
['kerriho', 202585047, 'impression', '8', 241394903L, datetime.datetime(2013, 5, 27, 23, 20, 45), 0.201727937884566, False, 'time']
['kerriho', 202585047, 'impression', '6', 241402051L, datetime.datetime(2013, 5, 27, 23, 20, 45), 0.0784418025087361, False, 'time']
['kerriho', 202585047, 'impression', '2', 241423740L, datetime.datetime(2013, 5, 27, 23, 20, 47), 0.133753994023391, False, 'time']
['kerriho', 202585047, 'shortlist', '2', 241423740L, datetime.datetime(2013, 5, 27, 23, 20, 48), 0.133753994023391, False, 'time']
['kerriho', 202585047, 'impression', '1', 241429552L, datetime.datetime(2013, 5, 27, 23, 21, 5), 0.245599832400307, False, 'time']
['kerriho', 202585047, 'impression', '1', 241429552L, datetime.datetime(2013, 5, 27, 23, 21, 5), 0.245599832400307, False, 'time']
['kerriho', 202585047, 'impression', '1', 241429552L, datetime.datetime(2013, 5, 27, 23, 21, 6), 0.245599832400307, False, 'time']
['kerriho', 202585047, 'impression', '1', 241429552L, datetime.datetime(2013, 5, 27, 23, 21, 7), 0.245599832400307, False, 'time']
['kerriho', 202585047, 'impression', '1', 241429552L, datetime.datetime(2013, 5, 27, 23, 21, 8), 0.245599832400307, False, 'time']
['kerriho', 202585047, 'impression', '2', 241423740L, datetime.datetime(2013, 5, 27, 23, 21, 10), 0.133753994023391, False, 'time']
['kerriho', 202585047, 'impression', None, 241423740L, datetime.datetime(2013, 5, 27, 23, 21, 10), 0.133753994023391, False, 'time']
['kerriho', 202585047, 'impression', '3', 241421376L, datetime.datetime(2013, 5, 27, 23, 21, 12), 0.0875834639368302, False, 'time']
['kerriho', 202585047, 'impression', '3', 241421376L, datetime.datetime(2013, 5, 27, 23, 21, 12), 0.0875834639368302, False, 'time']
['kerriho', 202585047, 'impression', '4', 241418883L, datetime.datetime(2013, 5, 27, 23, 21, 21), 0.0462500921787425, False, 'time']
['kerriho', 202585047, 'expand_tile', '4', 241418883L, datetime.datetime(2013, 5, 27, 23, 21, 34), 0.0462500921787425, False, 'time']
['kerriho', 202585047, 'expand_tile', '2', 241423740L, datetime.datetime(2013, 5, 27, 23, 21, 45), 0.133753994023391, False, 'time']
['kerriho', 202585047, 'view_full_application_via_name', '2', 241423740L, datetime.datetime(2013, 5, 27, 23, 22, 44), 0.133753994023391, False, 'time']
['kerriho', 202585047, 'impression', '13', 241384957L, datetime.datetime(2013, 5, 27, 23, 22, 54), 0.172077889067843, False, 'time']
['kerriho', 202585047, 'impression', '20', 241380952L, datetime.datetime(2013, 5, 27, 23, 22, 54), 0.297741283442129, False, 'time']
['kerriho', 202585047, 'impression', '3', 241403616L, datetime.datetime(2013, 5, 27, 23, 22, 54), 0.193375329720501, True, 'time']
['kerriho', 202585047, 'impression', '14', 241384634L, datetime.datetime(2013, 5, 27, 23, 22, 54), 0.146633855485652, False, 'time']
['kerriho', 202585047, 'impression', '16', 241382429L, datetime.datetime(2013, 5, 27, 23, 22, 54), 0.501261466493085, False, 'time']
['kerriho', 202585047, 'impression', '15', 241383943L, datetime.datetime(2013, 5, 27, 23, 22, 54), 0.183197824881884, False, 'time']
['kerriho', 202585047, 'impression', '17', 241381878L, datetime.datetime(2013, 5, 27, 23, 22, 54), 0.24907224605492, False, 'time']
['kerriho', 202585047, 'impression', '11', 241389062L, datetime.datetime(2013, 5, 27, 23, 22, 54), 0.0476975786065185, False, 'time']
['kerriho', 202585047, 'impression', '8', 241391198L, datetime.datetime(2013, 5, 27, 23, 22, 54), 0.0942780310520986, False, 'time']
['kerriho', 202585047, 'impression', '18', 241381692L, datetime.datetime(2013, 5, 27, 23, 22, 54), 0.231955611115261, False, 'time']
['kerriho', 202585047, 'impression', '19', 241381117L, datetime.datetime(2013, 5, 27, 23, 22, 54), 0.40424874166528, False, 'time']
['kerriho', 202585047, 'impression', '10', 241389077L, datetime.datetime(2013, 5, 27, 23, 22, 54), 0.305816025319393, False, 'time']
['kerriho', 202585047, 'impression', '5', 241396793L, datetime.datetime(2013, 5, 27, 23, 22, 54), 0.149802963647998, False, 'time']
['kerriho', 202585047, 'impression', '2', 241418883L, datetime.datetime(2013, 5, 27, 23, 22, 54), 0.0462500921787425, False, 'time']
['kerriho', 202585047, 'impression', '12', 241388972L, datetime.datetime(2013, 5, 27, 23, 22, 54), 0.11106817493801, False, 'time']
['kerriho', 202585047, 'impression', '4', 241402051L, datetime.datetime(2013, 5, 27, 23, 22, 54), 0.0784418025087361, False, 'time']
['kerriho', 202585047, 'impression', '7', 241392988L, datetime.datetime(2013, 5, 27, 23, 22, 54), 0.619306784148287, False, 'time']
['kerriho', 202585047, 'impression', '6', 241394903L, datetime.datetime(2013, 5, 27, 23, 22, 54), 0.201727937884566, False, 'time']
['kerriho', 202585047, 'impression', '9', 241390735L, datetime.datetime(2013, 5, 27, 23, 22, 54), 0.132253965517824, False, 'time']
['kerriho', 202585047, 'impression', '1', 241423740L, datetime.datetime(2013, 5, 27, 23, 22, 54), 0.133753994023391, False, 'time']
['kerriho', 202585047, 'impression', '1', 241423740L, datetime.datetime(2013, 5, 27, 23, 23, 39), 0.133753994023391, False, 'time']
['kerriho', 202585047, 'impression', '1', 241423740L, datetime.datetime(2013, 5, 27, 23, 23, 45), 0.133753994023391, False, 'time']
['kerriho', 202585047, 'impression', '2', 241418883L, datetime.datetime(2013, 5, 27, 23, 23, 45), 0.0462500921787425, False, 'time']
['kerriho', 202585047, 'expand_tile', '2', 241418883L, datetime.datetime(2013, 5, 27, 23, 23, 50), 0.0462500921787425, False, 'time']
['kerriho', 202585047, 'impression', '1', 241423740L, datetime.datetime(2013, 5, 27, 23, 25, 58), 0.133753994023391, False, 'time']
['kerriho', 202585047, 'shortlist', '2', 241418883L, datetime.datetime(2013, 5, 27, 23, 26), 0.0462500921787425, False, 'time']
['kerriho', 202585047, 'expand_tile', '2', 241418883L, datetime.datetime(2013, 5, 27, 23, 26), 0.0462500921787425, False, 'time']
['kerriho', 202585047, 'impression', '3', 241403616L, datetime.datetime(2013, 5, 27, 23, 26, 7), 0.193375329720501, True, 'time']
['kerriho', 202585047, 'impression', '3', 241403616L, datetime.datetime(2013, 5, 27, 23, 26, 8), 0.193375329720501, True, 'time']
['kerriho', 202585047, 'expand_tile', '3', 241403616L, datetime.datetime(2013, 5, 27, 23, 26, 21), 0.193375329720501, True, 'time']
['kerriho', 202585047, 'impression', '3', 241403616L, datetime.datetime(2013, 5, 27, 23, 26, 53), 0.193375329720501, True, 'time']
['kerriho', 202585047, 'expand_tile', '3', 241403616L, datetime.datetime(2013, 5, 27, 23, 26, 57), 0.193375329720501, True, 'time']
['kerriho', 202585047, 'impression', '3', 241403616L, datetime.datetime(2013, 5, 27, 23, 26, 57), 0.193375329720501, True, 'time']
['kerriho', 202585047, 'expand_tile', '4', 241402051L, datetime.datetime(2013, 5, 27, 23, 27, 1), 0.0784418025087361, False, 'time']
['kerriho', 202585047, 'impression', '4', 241402051L, datetime.datetime(2013, 5, 27, 23, 27, 13), 0.0784418025087361, False, 'time']
['kerriho', 202585047, 'impression', '4', 241402051L, datetime.datetime(2013, 5, 27, 23, 27, 14), 0.0784418025087361, False, 'time']
['kerriho', 202585047, 'expand_tile', '4', 241402051L, datetime.datetime(2013, 5, 27, 23, 27, 15), 0.0784418025087361, False, 'time']
['kerriho', 202585047, 'impression', '5', 241396793L, datetime.datetime(2013, 5, 27, 23, 27, 15), 0.149802963647998, False, 'time']
['kerriho', 202585047, 'expand_tile', '5', 241396793L, datetime.datetime(2013, 5, 27, 23, 27, 18), 0.149802963647998, False, 'time']
['kerriho', 202585047, 'impression', '11', 241384957L, datetime.datetime(2013, 5, 27, 23, 28, 7), 0.172077889067843, False, 'time']
['kerriho', 202585047, 'impression', '18', 241380952L, datetime.datetime(2013, 5, 27, 23, 28, 7), 0.297741283442129, False, 'time']
['kerriho', 202585047, 'impression', '12', 241384634L, datetime.datetime(2013, 5, 27, 23, 28, 7), 0.146633855485652, False, 'time']
['kerriho', 202585047, 'impression', '14', 241382429L, datetime.datetime(2013, 5, 27, 23, 28, 7), 0.501261466493085, False, 'time']
['kerriho', 202585047, 'impression', '13', 241383943L, datetime.datetime(2013, 5, 27, 23, 28, 7), 0.183197824881884, False, 'time']
['kerriho', 202585047, 'impression', '15', 241381878L, datetime.datetime(2013, 5, 27, 23, 28, 7), 0.24907224605492, False, 'time']
['kerriho', 202585047, 'impression', '19', 241380775L, datetime.datetime(2013, 5, 27, 23, 28, 7), 0.129245974346929, False, 'time']
['kerriho', 202585047, 'impression', '9', 241389062L, datetime.datetime(2013, 5, 27, 23, 28, 7), 0.0476975786065185, False, 'time']
['kerriho', 202585047, 'impression', '6', 241391198L, datetime.datetime(2013, 5, 27, 23, 28, 7), 0.0942780310520986, False, 'time']
['kerriho', 202585047, 'impression', '2', 241418883L, datetime.datetime(2013, 5, 27, 23, 28, 7), 0.0462500921787425, False, 'time']
['kerriho', 202585047, 'impression', '3', 241396793L, datetime.datetime(2013, 5, 27, 23, 28, 7), 0.149802963647998, False, 'time']
['kerriho', 202585047, 'impression', '20', 241378729L, datetime.datetime(2013, 5, 27, 23, 28, 7), 0.222282699668627, False, 'time']
['kerriho', 202585047, 'impression', '17', 241381117L, datetime.datetime(2013, 5, 27, 23, 28, 7), 0.40424874166528, False, 'time']
['kerriho', 202585047, 'impression', '8', 241389077L, datetime.datetime(2013, 5, 27, 23, 28, 7), 0.305816025319393, False, 'time']
['kerriho', 202585047, 'impression', '16', 241381692L, datetime.datetime(2013, 5, 27, 23, 28, 7), 0.231955611115261, False, 'time']
['kerriho', 202585047, 'impression', '10', 241388972L, datetime.datetime(2013, 5, 27, 23, 28, 7), 0.11106817493801, False, 'time']
['kerriho', 202585047, 'impression', '4', 241394903L, datetime.datetime(2013, 5, 27, 23, 28, 7), 0.201727937884566, False, 'time']
['kerriho', 202585047, 'impression', '1', 241423740L, datetime.datetime(2013, 5, 27, 23, 28, 7), 0.133753994023391, False, 'time']
['kerriho', 202585047, 'impression', '7', 241390735L, datetime.datetime(2013, 5, 27, 23, 28, 7), 0.132253965517824, False, 'time']
['kerriho', 202585047, 'impression', '5', 241392988L, datetime.datetime(2013, 5, 27, 23, 28, 7), 0.619306784148287, False, 'time']
['kerriho', 202585047, 'impression', '1', 241423740L, datetime.datetime(2013, 5, 27, 23, 28, 10), 0.133753994023391, False, 'time']
['kerriho', 202585047, 'impression', '3', 241396793L, datetime.datetime(2013, 5, 27, 23, 28, 14), 0.149802963647998, False, 'time']
['kerriho', 202585047, 'impression', '5', 241392988L, datetime.datetime(2013, 5, 27, 23, 28, 23), 0.619306784148287, False, 'time']
['kerriho', 202585047, 'expand_tile', '4', 241394903L, datetime.datetime(2013, 5, 27, 23, 28, 27), 0.201727937884566, False, 'time']
['kerriho', 202585047, 'view_full_application', '4', 241394903L, datetime.datetime(2013, 5, 27, 23, 29, 3), 0.201727937884566, False, 'time']
['kerriho', 202585047, 'impression', '10', 241384957L, datetime.datetime(2013, 5, 27, 23, 30, 43), 0.172077889067843, False, 'time']
['kerriho', 202585047, 'impression', '11', 241384634L, datetime.datetime(2013, 5, 27, 23, 30, 43), 0.146633855485652, False, 'time']
['kerriho', 202585047, 'impression', '17', 241380952L, datetime.datetime(2013, 5, 27, 23, 30, 43), 0.297741283442129, False, 'time']
['kerriho', 202585047, 'impression', '5', 241391198L, datetime.datetime(2013, 5, 27, 23, 30, 43), 0.0942780310520986, False, 'time']
['kerriho', 202585047, 'impression', '8', 241389062L, datetime.datetime(2013, 5, 27, 23, 30, 43), 0.0476975786065185, False, 'time']
['kerriho', 202585047, 'impression', '18', 241380775L, datetime.datetime(2013, 5, 27, 23, 30, 43), 0.129245974346929, False, 'time']
['kerriho', 202585047, 'impression', '20', 241377953L, datetime.datetime(2013, 5, 27, 23, 30, 43), 0.352512722867672, False, 'time']
['kerriho', 202585047, 'impression', '16', 241381117L, datetime.datetime(2013, 5, 27, 23, 30, 43), 0.40424874166528, False, 'time']
['kerriho', 202585047, 'impression', '7', 241389077L, datetime.datetime(2013, 5, 27, 23, 30, 43), 0.305816025319393, False, 'time']
['kerriho', 202585047, 'impression', '15', 241381692L, datetime.datetime(2013, 5, 27, 23, 30, 43), 0.231955611115261, False, 'time']
['kerriho', 202585047, 'impression', '19', 241378729L, datetime.datetime(2013, 5, 27, 23, 30, 43), 0.222282699668627, False, 'time']
['kerriho', 202585047, 'impression', '2', 241418883L, datetime.datetime(2013, 5, 27, 23, 30, 43), 0.0462500921787425, False, 'time']
['kerriho', 202585047, 'impression', '1', 241423740L, datetime.datetime(2013, 5, 27, 23, 30, 43), 0.133753994023391, False, 'time']
['kerriho', 202585047, 'impression', '4', 241392988L, datetime.datetime(2013, 5, 27, 23, 30, 43), 0.619306784148287, False, 'time']
['kerriho', 202585047, 'impression', '9', 241388972L, datetime.datetime(2013, 5, 27, 23, 30, 43), 0.11106817493801, False, 'time']
['kerriho', 202585047, 'impression', '6', 241390735L, datetime.datetime(2013, 5, 27, 23, 30, 43), 0.132253965517824, False, 'time']
['kerriho', 202585047, 'impression', '3', 241394903L, datetime.datetime(2013, 5, 27, 23, 30, 43), 0.201727937884566, False, 'time']
['kerriho', 202585047, 'impression', '12', 241383943L, datetime.datetime(2013, 5, 27, 23, 30, 43), 0.183197824881884, False, 'time']
['kerriho', 202585047, 'impression', '13', 241382429L, datetime.datetime(2013, 5, 27, 23, 30, 43), 0.501261466493085, False, 'time']
['kerriho', 202585047, 'impression', '14', 241381878L, datetime.datetime(2013, 5, 27, 23, 30, 43), 0.24907224605492, False, 'time']
['kerriho', 202585047, 'impression', '3', 241394903L, datetime.datetime(2013, 5, 27, 23, 30, 46), 0.201727937884566, False, 'time']
['kerriho', 202585047, 'impression', '3', 241394903L, datetime.datetime(2013, 5, 27, 23, 30, 47), 0.201727937884566, False, 'time']
['kerriho', 202585047, 'shortlist', '3', 241394903L, datetime.datetime(2013, 5, 27, 23, 30, 53), 0.201727937884566, False, 'time']
['kerriho', 202585047, 'expand_tile', '4', 241392988L, datetime.datetime(2013, 5, 27, 23, 30, 58), 0.619306784148287, False, 'time']
['kerriho', 202585047, 'view_full_application', '4', 241392988L, datetime.datetime(2013, 5, 27, 23, 32, 21), 0.619306784148287, False, 'time']
['kerriho', 202585047, 'impression', '1', 241423740L, datetime.datetime(2013, 5, 27, 23, 32, 39), 0.133753994023391, False, 'time']
['kerriho', 202585047, 'impression', '6', 241390735L, datetime.datetime(2013, 5, 27, 23, 32, 39), 0.132253965517824, False, 'time']
['kerriho', 202585047, 'impression', '9', 241388972L, datetime.datetime(2013, 5, 27, 23, 32, 39), 0.11106817493801, False, 'time']
['kerriho', 202585047, 'impression', '4', 241392988L, datetime.datetime(2013, 5, 27, 23, 32, 39), 0.619306784148287, False, 'time']
['kerriho', 202585047, 'impression', '3', 241394903L, datetime.datetime(2013, 5, 27, 23, 32, 39), 0.201727937884566, False, 'time']
['kerriho', 202585047, 'impression', '16', 241381117L, datetime.datetime(2013, 5, 27, 23, 32, 39), 0.40424874166528, False, 'time']
['kerriho', 202585047, 'impression', '15', 241381692L, datetime.datetime(2013, 5, 27, 23, 32, 39), 0.231955611115261, False, 'time']
['kerriho', 202585047, 'impression', '7', 241389077L, datetime.datetime(2013, 5, 27, 23, 32, 39), 0.305816025319393, False, 'time']
['kerriho', 202585047, 'impression', '20', 241377953L, datetime.datetime(2013, 5, 27, 23, 32, 39), 0.352512722867672, False, 'time']
['kerriho', 202585047, 'impression', '13', 241382429L, datetime.datetime(2013, 5, 27, 23, 32, 39), 0.501261466493085, False, 'time']
['kerriho', 202585047, 'impression', '12', 241383943L, datetime.datetime(2013, 5, 27, 23, 32, 39), 0.183197824881884, False, 'time']
['kerriho', 202585047, 'impression', '14', 241381878L, datetime.datetime(2013, 5, 27, 23, 32, 39), 0.24907224605492, False, 'time']
['kerriho', 202585047, 'impression', '17', 241380952L, datetime.datetime(2013, 5, 27, 23, 32, 39), 0.297741283442129, False, 'time']
['kerriho', 202585047, 'impression', '11', 241384634L, datetime.datetime(2013, 5, 27, 23, 32, 39), 0.146633855485652, False, 'time']
['kerriho', 202585047, 'impression', '10', 241384957L, datetime.datetime(2013, 5, 27, 23, 32, 39), 0.172077889067843, False, 'time']
['kerriho', 202585047, 'impression', '19', 241378729L, datetime.datetime(2013, 5, 27, 23, 32, 39), 0.222282699668627, False, 'time']
['kerriho', 202585047, 'impression', '5', 241391198L, datetime.datetime(2013, 5, 27, 23, 32, 39), 0.0942780310520986, False, 'time']
['kerriho', 202585047, 'impression', '18', 241380775L, datetime.datetime(2013, 5, 27, 23, 32, 39), 0.129245974346929, False, 'time']
['kerriho', 202585047, 'impression', '8', 241389062L, datetime.datetime(2013, 5, 27, 23, 32, 39), 0.0476975786065185, False, 'time']
['kerriho', 202585047, 'impression', '2', 241418883L, datetime.datetime(2013, 5, 27, 23, 32, 39), 0.0462500921787425, False, 'time']
['kerriho', 202585047, 'impression', '4', 241392988L, datetime.datetime(2013, 5, 27, 23, 32, 41), 0.619306784148287, False, 'time']
['kerriho', 202585047, 'shortlist', '4', 241392988L, datetime.datetime(2013, 5, 27, 23, 32, 41), 0.619306784148287, False, 'time']
['kerriho', 202585047, 'impression', '6', 241390735L, datetime.datetime(2013, 5, 27, 23, 32, 45), 0.132253965517824, False, 'time']
['kerriho', 202585047, 'expand_tile', '5', 241391198L, datetime.datetime(2013, 5, 27, 23, 32, 48), 0.0942780310520986, False, 'time']
['kerriho', 202585047, 'impression', '5', 241391198L, datetime.datetime(2013, 5, 27, 23, 33, 29), 0.0942780310520986, False, 'time']
['kerriho', 202585047, 'expand_tile', '5', 241391198L, datetime.datetime(2013, 5, 27, 23, 33, 31), 0.0942780310520986, False, 'time']
['kerriho', 202585047, 'impression', '6', 241390735L, datetime.datetime(2013, 5, 27, 23, 33, 32), 0.132253965517824, False, 'time']
['kerriho', 202585047, 'impression', '7', 241389077L, datetime.datetime(2013, 5, 27, 23, 33, 34), 0.305816025319393, False, 'time']
['kerriho', 202585047, 'impression', '7', 241389077L, datetime.datetime(2013, 5, 27, 23, 33, 37), 0.305816025319393, False, 'time']
['kerriho', 202585047, 'impression', '7', 241389077L, datetime.datetime(2013, 5, 27, 23, 33, 40), 0.305816025319393, False, 'time']
['kerriho', 202585047, 'expand_tile', '7', 241389077L, datetime.datetime(2013, 5, 27, 23, 33, 44), 0.305816025319393, False, 'time']
['kerriho', 202585047, 'impression', '19', 241378729L, datetime.datetime(2013, 5, 27, 23, 39, 42), 0.222282699668627, False, 'time']
['kerriho', 202585047, 'impression', '18', 241380775L, datetime.datetime(2013, 5, 27, 23, 39, 42), 0.129245974346929, False, 'time']
['kerriho', 202585047, 'impression', '8', 241389062L, datetime.datetime(2013, 5, 27, 23, 39, 42), 0.0476975786065185, False, 'time']
['kerriho', 202585047, 'impression', '16', 241381117L, datetime.datetime(2013, 5, 27, 23, 39, 42), 0.40424874166528, False, 'time']
['kerriho', 202585047, 'impression', '15', 241381692L, datetime.datetime(2013, 5, 27, 23, 39, 42), 0.231955611115261, False, 'time']
['kerriho', 202585047, 'impression', '7', 241389077L, datetime.datetime(2013, 5, 27, 23, 39, 42), 0.305816025319393, False, 'time']
['kerriho', 202585047, 'impression', '20', 241377953L, datetime.datetime(2013, 5, 27, 23, 39, 42), 0.352512722867672, False, 'time']
['kerriho', 202585047, 'impression', '11', 241384634L, datetime.datetime(2013, 5, 27, 23, 39, 42), 0.146633855485652, False, 'time']
['kerriho', 202585047, 'impression', '3', 241403616L, datetime.datetime(2013, 5, 27, 23, 39, 42), 0.193375329720501, True, 'time']
['kerriho', 202585047, 'impression', '10', 241384957L, datetime.datetime(2013, 5, 27, 23, 39, 42), 0.172077889067843, False, 'time']
['kerriho', 202585047, 'impression', '17', 241380952L, datetime.datetime(2013, 5, 27, 23, 39, 42), 0.297741283442129, False, 'time']
['kerriho', 202585047, 'impression', '12', 241383943L, datetime.datetime(2013, 5, 27, 23, 39, 42), 0.183197824881884, False, 'time']
['kerriho', 202585047, 'impression', '13', 241382429L, datetime.datetime(2013, 5, 27, 23, 39, 42), 0.501261466493085, False, 'time']
['kerriho', 202585047, 'impression', '14', 241381878L, datetime.datetime(2013, 5, 27, 23, 39, 42), 0.24907224605492, False, 'time']
['kerriho', 202585047, 'impression', '2', 241418883L, datetime.datetime(2013, 5, 27, 23, 39, 42), 0.0462500921787425, False, 'time']
['kerriho', 202585047, 'impression', '6', 241390735L, datetime.datetime(2013, 5, 27, 23, 39, 42), 0.132253965517824, False, 'time']
['kerriho', 202585047, 'impression', '9', 241388972L, datetime.datetime(2013, 5, 27, 23, 39, 42), 0.11106817493801, False, 'time']
['kerriho', 202585047, 'impression', '4', 241394903L, datetime.datetime(2013, 5, 27, 23, 39, 42), 0.201727937884566, False, 'time']
['kerriho', 202585047, 'impression', '5', 241392988L, datetime.datetime(2013, 5, 27, 23, 39, 42), 0.619306784148287, False, 'time']
['kerriho', 202585047, 'impression', '1', 241423740L, datetime.datetime(2013, 5, 27, 23, 39, 42), 0.133753994023391, False, 'time']
['kerriho', 202585047, 'impression', '1', 241423740L, datetime.datetime(2013, 5, 27, 23, 39, 52), 0.133753994023391, False, 'time']
['kerriho', 202585047, 'impression', '1', 241423740L, datetime.datetime(2013, 5, 27, 23, 39, 52), 0.133753994023391, False, 'time']
['kerriho', 202585047, 'impression', '9', 241388972L, datetime.datetime(2013, 5, 27, 23, 42, 26), 0.11106817493801, False, 'time']
['kerriho', 202585047, 'impression', '1', 241423740L, datetime.datetime(2013, 5, 27, 23, 42, 26), 0.133753994023391, False, 'time']
['kerriho', 202585047, 'impression', '5', 241392988L, datetime.datetime(2013, 5, 27, 23, 42, 26), 0.619306784148287, False, 'time']
['kerriho', 202585047, 'impression', '6', 241390735L, datetime.datetime(2013, 5, 27, 23, 42, 26), 0.132253965517824, False, 'time']
['kerriho', 202585047, 'impression', '4', 241394903L, datetime.datetime(2013, 5, 27, 23, 42, 26), 0.201727937884566, False, 'time']
['kerriho', 202585047, 'impression', '2', 241418883L, datetime.datetime(2013, 5, 27, 23, 42, 26), 0.0462500921787425, False, 'time']
['kerriho', 202585047, 'impression', '8', 241389062L, datetime.datetime(2013, 5, 27, 23, 42, 26), 0.0476975786065185, False, 'time']
['kerriho', 202585047, 'impression', '18', 241380775L, datetime.datetime(2013, 5, 27, 23, 42, 26), 0.129245974346929, False, 'time']
['kerriho', 202585047, 'impression', '19', 241378729L, datetime.datetime(2013, 5, 27, 23, 42, 26), 0.222282699668627, False, 'time']
['kerriho', 202585047, 'impression', '13', 241382429L, datetime.datetime(2013, 5, 27, 23, 42, 26), 0.501261466493085, False, 'time']
['kerriho', 202585047, 'impression', '14', 241381878L, datetime.datetime(2013, 5, 27, 23, 42, 26), 0.24907224605492, False, 'time']
['kerriho', 202585047, 'impression', '12', 241383943L, datetime.datetime(2013, 5, 27, 23, 42, 26), 0.183197824881884, False, 'time']
['kerriho', 202585047, 'impression', '7', 241389077L, datetime.datetime(2013, 5, 27, 23, 42, 26), 0.305816025319393, False, 'time']
['kerriho', 202585047, 'impression', '16', 241381117L, datetime.datetime(2013, 5, 27, 23, 42, 26), 0.40424874166528, False, 'time']
['kerriho', 202585047, 'impression', '15', 241381692L, datetime.datetime(2013, 5, 27, 23, 42, 26), 0.231955611115261, False, 'time']
['kerriho', 202585047, 'impression', '20', 241377953L, datetime.datetime(2013, 5, 27, 23, 42, 26), 0.352512722867672, False, 'time']
['kerriho', 202585047, 'impression', '3', 241403616L, datetime.datetime(2013, 5, 27, 23, 42, 26), 0.193375329720501, True, 'time']
['kerriho', 202585047, 'impression', '11', 241384634L, datetime.datetime(2013, 5, 27, 23, 42, 26), 0.146633855485652, False, 'time']
['kerriho', 202585047, 'impression', '17', 241380952L, datetime.datetime(2013, 5, 27, 23, 42, 26), 0.297741283442129, False, 'time']
['kerriho', 202585047, 'impression', '10', 241384957L, datetime.datetime(2013, 5, 27, 23, 42, 26), 0.172077889067843, False, 'time']
['kerriho', 202585047, 'impression', '1', 241423740L, datetime.datetime(2013, 5, 27, 23, 42, 40), 0.133753994023391, False, 'time']
['kerriho', 202585047, 'impression', '2', 241418883L, datetime.datetime(2013, 5, 27, 23, 42, 46), 0.0462500921787425, False, 'time']
['kerriho', 202585047, 'impression', '3', 241403616L, datetime.datetime(2013, 5, 27, 23, 42, 46), 0.193375329720501, True, 'time']
['kerriho', 202585047, 'expand_tile', '2', 241418883L, datetime.datetime(2013, 5, 27, 23, 42, 49), 0.0462500921787425, False, 'time']
['kerriho', 202585047, 'expand_tile', '3', 241403616L, datetime.datetime(2013, 5, 27, 23, 42, 59), 0.193375329720501, True, 'time']
['kerriho', 202585047, 'view_full_application', '3', 241403616L, datetime.datetime(2013, 5, 27, 23, 43, 5), 0.193375329720501, True, 'time']
['kerriho', 202585047, 'impression', '8', 241388972L, datetime.datetime(2013, 5, 27, 23, 43, 38), 0.11106817493801, False, 'time']
['kerriho', 202585047, 'impression', '3', 241394903L, datetime.datetime(2013, 5, 27, 23, 43, 38), 0.201727937884566, False, 'time']
['kerriho', 202585047, 'impression', '5', 241390735L, datetime.datetime(2013, 5, 27, 23, 43, 38), 0.132253965517824, False, 'time']
['kerriho', 202585047, 'impression', '4', 241392988L, datetime.datetime(2013, 5, 27, 23, 43, 38), 0.619306784148287, False, 'time']
['kerriho', 202585047, 'impression', '11', 241383943L, datetime.datetime(2013, 5, 27, 23, 43, 38), 0.183197824881884, False, 'time']
['kerriho', 202585047, 'impression', '13', 241381878L, datetime.datetime(2013, 5, 27, 23, 43, 38), 0.24907224605492, False, 'time']
['kerriho', 202585047, 'impression', '12', 241382429L, datetime.datetime(2013, 5, 27, 23, 43, 38), 0.501261466493085, False, 'time']
['kerriho', 202585047, 'impression', '17', 241380775L, datetime.datetime(2013, 5, 27, 23, 43, 38), 0.129245974346929, False, 'time']
['kerriho', 202585047, 'impression', '7', 241389062L, datetime.datetime(2013, 5, 27, 23, 43, 38), 0.0476975786065185, False, 'time']
['kerriho', 202585047, 'impression', '20', 241376927L, datetime.datetime(2013, 5, 27, 23, 43, 38), 0.403032493075657, False, 'time']
['kerriho', 202585047, 'impression', '1', 241418883L, datetime.datetime(2013, 5, 27, 23, 43, 38), 0.0462500921787425, False, 'time']
['kerriho', 202585047, 'impression', '18', 241378729L, datetime.datetime(2013, 5, 27, 23, 43, 38), 0.222282699668627, False, 'time']
['kerriho', 202585047, 'impression', '16', 241380952L, datetime.datetime(2013, 5, 27, 23, 43, 38), 0.297741283442129, False, 'time']
['kerriho', 202585047, 'impression', '10', 241384634L, datetime.datetime(2013, 5, 27, 23, 43, 38), 0.146633855485652, False, 'time']
['kerriho', 202585047, 'impression', '2', 241403616L, datetime.datetime(2013, 5, 27, 23, 43, 38), 0.193375329720501, True, 'time']
['kerriho', 202585047, 'impression', '9', 241384957L, datetime.datetime(2013, 5, 27, 23, 43, 38), 0.172077889067843, False, 'time']
['kerriho', 202585047, 'impression', '6', 241389077L, datetime.datetime(2013, 5, 27, 23, 43, 38), 0.305816025319393, False, 'time']
['kerriho', 202585047, 'impression', '19', 241377953L, datetime.datetime(2013, 5, 27, 23, 43, 38), 0.352512722867672, False, 'time']
['kerriho', 202585047, 'impression', '15', 241381117L, datetime.datetime(2013, 5, 27, 23, 43, 38), 0.40424874166528, False, 'time']
['kerriho', 202585047, 'impression', '14', 241381692L, datetime.datetime(2013, 5, 27, 23, 43, 38), 0.231955611115261, False, 'time']
['kerriho', 202585047, 'shortlist', '2', 241403616L, datetime.datetime(2013, 5, 27, 23, 43, 42), 0.193375329720501, True, 'time']
['kerriho', 202585047, 'expand_tile', '5', 241390735L, datetime.datetime(2013, 5, 27, 23, 44, 9), 0.132253965517824, False, 'time']
['kerriho', 202585047, 'view_full_application', '5', 241390735L, datetime.datetime(2013, 5, 27, 23, 44, 10), 0.132253965517824, False, 'time']
['kerriho', 202585047, 'impression', '7', 241389062L, datetime.datetime(2013, 5, 27, 23, 44, 37), 0.0476975786065185, False, 'time']
['kerriho', 202585047, 'impression', '17', 241380775L, datetime.datetime(2013, 5, 27, 23, 44, 37), 0.129245974346929, False, 'time']
['kerriho', 202585047, 'impression', '20', 241376927L, datetime.datetime(2013, 5, 27, 23, 44, 37), 0.403032493075657, False, 'time']
['kerriho', 202585047, 'impression', '1', 241418883L, datetime.datetime(2013, 5, 27, 23, 44, 37), 0.0462500921787425, False, 'time']
['kerriho', 202585047, 'impression', '14', 241381692L, datetime.datetime(2013, 5, 27, 23, 44, 37), 0.231955611115261, False, 'time']
['kerriho', 202585047, 'impression', '19', 241377953L, datetime.datetime(2013, 5, 27, 23, 44, 37), 0.352512722867672, False, 'time']
['kerriho', 202585047, 'impression', '6', 241389077L, datetime.datetime(2013, 5, 27, 23, 44, 37), 0.305816025319393, False, 'time']
['kerriho', 202585047, 'impression', '15', 241381117L, datetime.datetime(2013, 5, 27, 23, 44, 37), 0.40424874166528, False, 'time']
['kerriho', 202585047, 'impression', '16', 241380952L, datetime.datetime(2013, 5, 27, 23, 44, 37), 0.297741283442129, False, 'time']
['kerriho', 202585047, 'impression', '2', 241403616L, datetime.datetime(2013, 5, 27, 23, 44, 37), 0.193375329720501, True, 'time']
['kerriho', 202585047, 'impression', '10', 241384634L, datetime.datetime(2013, 5, 27, 23, 44, 37), 0.146633855485652, False, 'time']
['kerriho', 202585047, 'impression', '9', 241384957L, datetime.datetime(2013, 5, 27, 23, 44, 37), 0.172077889067843, False, 'time']
['kerriho', 202585047, 'impression', '11', 241383943L, datetime.datetime(2013, 5, 27, 23, 44, 37), 0.183197824881884, False, 'time']
['kerriho', 202585047, 'impression', '12', 241382429L, datetime.datetime(2013, 5, 27, 23, 44, 37), 0.501261466493085, False, 'time']
['kerriho', 202585047, 'impression', '13', 241381878L, datetime.datetime(2013, 5, 27, 23, 44, 37), 0.24907224605492, False, 'time']
['kerriho', 202585047, 'impression', '5', 241390735L, datetime.datetime(2013, 5, 27, 23, 44, 37), 0.132253965517824, False, 'time']
['kerriho', 202585047, 'impression', '8', 241388972L, datetime.datetime(2013, 5, 27, 23, 44, 37), 0.11106817493801, False, 'time']
['kerriho', 202585047, 'impression', '3', 241394903L, datetime.datetime(2013, 5, 27, 23, 44, 37), 0.201727937884566, False, 'time']
['kerriho', 202585047, 'impression', '4', 241392988L, datetime.datetime(2013, 5, 27, 23, 44, 37), 0.619306784148287, False, 'time']
['kerriho', 202585047, 'impression', '18', 241378729L, datetime.datetime(2013, 5, 27, 23, 44, 37), 0.222282699668627, False, 'time']
['kerriho', 202585047, 'shortlist', '5', 241390735L, datetime.datetime(2013, 5, 27, 23, 44, 38), 0.132253965517824, False, 'time']
['kerriho', 202585047, 'impression', '6', 241389077L, datetime.datetime(2013, 5, 27, 23, 44, 42), 0.305816025319393, False, 'time']
['kerriho', 202585047, 'impression', '7', 241389062L, datetime.datetime(2013, 5, 27, 23, 44, 44), 0.0476975786065185, False, 'time']
['kerriho', 202585047, 'impression', '7', 241389062L, datetime.datetime(2013, 5, 27, 23, 44, 45), 0.0476975786065185, False, 'time']
['kerriho', 202585047, 'impression', '7', 241389062L, datetime.datetime(2013, 5, 27, 23, 44, 50), 0.0476975786065185, False, 'time']
['kerriho', 202585047, 'impression', '7', 241389062L, datetime.datetime(2013, 5, 27, 23, 44, 50), 0.0476975786065185, False, 'time']
['kerriho', 202585047, 'impression', '8', 241388972L, datetime.datetime(2013, 5, 27, 23, 44, 51), 0.11106817493801, False, 'time']
['kerriho', 202585047, 'expand_tile', '8', 241388972L, datetime.datetime(2013, 5, 27, 23, 44, 54), 0.11106817493801, False, 'time']
['kerriho', 202585047, 'view_full_application', '8', 241388972L, datetime.datetime(2013, 5, 27, 23, 45, 1), 0.11106817493801, False, 'time']
['kerriho', 202585047, 'impression', '19', 241376927L, datetime.datetime(2013, 5, 27, 23, 45, 16), 0.403032493075657, False, 'time']
['kerriho', 202585047, 'impression', '1', 241418883L, datetime.datetime(2013, 5, 27, 23, 45, 16), 0.0462500921787425, False, 'time']
['kerriho', 202585047, 'impression', '20', 241375827L, datetime.datetime(2013, 5, 27, 23, 45, 16), 0.111670011781709, False, 'time']
['kerriho', 202585047, 'impression', '17', 241378729L, datetime.datetime(2013, 5, 27, 23, 45, 16), 0.222282699668627, False, 'time']
['kerriho', 202585047, 'impression', '16', 241380775L, datetime.datetime(2013, 5, 27, 23, 45, 16), 0.129245974346929, False, 'time']
['kerriho', 202585047, 'impression', '5', 241390735L, datetime.datetime(2013, 5, 27, 23, 45, 16), 0.132253965517824, False, 'time']
['kerriho', 202585047, 'impression', '7', 241388972L, datetime.datetime(2013, 5, 27, 23, 45, 16), 0.11106817493801, False, 'time']
['kerriho', 202585047, 'impression', '3', 241394903L, datetime.datetime(2013, 5, 27, 23, 45, 16), 0.201727937884566, False, 'time']
['kerriho', 202585047, 'impression', '4', 241392988L, datetime.datetime(2013, 5, 27, 23, 45, 16), 0.619306784148287, False, 'time']
['kerriho', 202585047, 'impression', '14', 241381117L, datetime.datetime(2013, 5, 27, 23, 45, 16), 0.40424874166528, False, 'time']
['kerriho', 202585047, 'impression', '6', 241389077L, datetime.datetime(2013, 5, 27, 23, 45, 16), 0.305816025319393, False, 'time']
['kerriho', 202585047, 'impression', '18', 241377953L, datetime.datetime(2013, 5, 27, 23, 45, 16), 0.352512722867672, False, 'time']
['kerriho', 202585047, 'impression', '13', 241381692L, datetime.datetime(2013, 5, 27, 23, 45, 16), 0.231955611115261, False, 'time']
['kerriho', 202585047, 'impression', '10', 241383943L, datetime.datetime(2013, 5, 27, 23, 45, 16), 0.183197824881884, False, 'time']
['kerriho', 202585047, 'impression', '12', 241381878L, datetime.datetime(2013, 5, 27, 23, 45, 16), 0.24907224605492, False, 'time']
['kerriho', 202585047, 'impression', '11', 241382429L, datetime.datetime(2013, 5, 27, 23, 45, 16), 0.501261466493085, False, 'time']
['kerriho', 202585047, 'impression', '8', 241384957L, datetime.datetime(2013, 5, 27, 23, 45, 16), 0.172077889067843, False, 'time']
['kerriho', 202585047, 'impression', '15', 241380952L, datetime.datetime(2013, 5, 27, 23, 45, 16), 0.297741283442129, False, 'time']
['kerriho', 202585047, 'impression', '9', 241384634L, datetime.datetime(2013, 5, 27, 23, 45, 16), 0.146633855485652, False, 'time']
['kerriho', 202585047, 'impression', '2', 241403616L, datetime.datetime(2013, 5, 27, 23, 45, 16), 0.193375329720501, True, 'time']
['kerriho', 202585047, 'impression', '7', 241388972L, datetime.datetime(2013, 5, 27, 23, 45, 17), 0.11106817493801, False, 'time']
['kerriho', 202585047, 'expand_tile', '8', 241384957L, datetime.datetime(2013, 5, 27, 23, 45, 22), 0.172077889067843, False, 'time']
['kerriho', 202585047, 'impression', '8', 241384957L, datetime.datetime(2013, 5, 27, 23, 46, 25), 0.172077889067843, False, 'time']
['kerriho', 202585047, 'view_full_application', '8', 241384957L, datetime.datetime(2013, 5, 27, 23, 46, 28), 0.172077889067843, False, 'time']
['kerriho', 202585047, 'impression', '15', 241380775L, datetime.datetime(2013, 5, 27, 23, 47, 21), 0.129245974346929, False, 'time']
['kerriho', 202585047, 'impression', '14', 241380952L, datetime.datetime(2013, 5, 27, 23, 47, 21), 0.297741283442129, False, 'time']
['kerriho', 202585047, 'impression', '8', 241384634L, datetime.datetime(2013, 5, 27, 23, 47, 21), 0.146633855485652, False, 'time']
['kerriho', 202585047, 'impression', '2', 241403616L, datetime.datetime(2013, 5, 27, 23, 47, 21), 0.193375329720501, True, 'time']
['kerriho', 202585047, 'impression', '7', 241384957L, datetime.datetime(2013, 5, 27, 23, 47, 21), 0.172077889067843, False, 'time']
['kerriho', 202585047, 'impression', '20', 241375099L, datetime.datetime(2013, 5, 27, 23, 47, 21), 0.140272093309973, False, 'time']
['kerriho', 202585047, 'impression', '16', 241378729L, datetime.datetime(2013, 5, 27, 23, 47, 21), 0.222282699668627, False, 'time']
['kerriho', 202585047, 'impression', '9', 241383943L, datetime.datetime(2013, 5, 27, 23, 47, 21), 0.183197824881884, False, 'time']
['kerriho', 202585047, 'impression', '11', 241381878L, datetime.datetime(2013, 5, 27, 23, 47, 21), 0.24907224605492, False, 'time']
['kerriho', 202585047, 'impression', '10', 241382429L, datetime.datetime(2013, 5, 27, 23, 47, 21), 0.501261466493085, False, 'time']
['kerriho', 202585047, 'impression', '1', 241418883L, datetime.datetime(2013, 5, 27, 23, 47, 21), 0.0462500921787425, False, 'time']
['kerriho', 202585047, 'impression', '18', 241376927L, datetime.datetime(2013, 5, 27, 23, 47, 21), 0.403032493075657, False, 'time']
['kerriho', 202585047, 'impression', '19', 241375827L, datetime.datetime(2013, 5, 27, 23, 47, 21), 0.111670011781709, False, 'time']
['kerriho', 202585047, 'impression', '13', 241381117L, datetime.datetime(2013, 5, 27, 23, 47, 21), 0.40424874166528, False, 'time']
['kerriho', 202585047, 'impression', '12', 241381692L, datetime.datetime(2013, 5, 27, 23, 47, 21), 0.231955611115261, False, 'time']
['kerriho', 202585047, 'impression', '17', 241377953L, datetime.datetime(2013, 5, 27, 23, 47, 21), 0.352512722867672, False, 'time']
['kerriho', 202585047, 'impression', '6', 241389077L, datetime.datetime(2013, 5, 27, 23, 47, 21), 0.305816025319393, False, 'time']
['kerriho', 202585047, 'impression', '3', 241394903L, datetime.datetime(2013, 5, 27, 23, 47, 21), 0.201727937884566, False, 'time']
['kerriho', 202585047, 'impression', '4', 241392988L, datetime.datetime(2013, 5, 27, 23, 47, 21), 0.619306784148287, False, 'time']
['kerriho', 202585047, 'impression', '5', 241390735L, datetime.datetime(2013, 5, 27, 23, 47, 21), 0.132253965517824, False, 'time']
['kerriho', 202585047, 'expand_tile', '7', 241384957L, datetime.datetime(2013, 5, 27, 23, 47, 26), 0.172077889067843, False, 'time']
['kerriho', 202585047, 'view_full_application', '7', 241384957L, datetime.datetime(2013, 5, 27, 23, 47, 28), 0.172077889067843, False, 'time']
['kerriho', 202585047, 'impression', '16', 241378729L, datetime.datetime(2013, 5, 27, 23, 47, 47), 0.222282699668627, False, 'time']
['kerriho', 202585047, 'impression', '9', 241383943L, datetime.datetime(2013, 5, 27, 23, 47, 47), 0.183197824881884, False, 'time']
['kerriho', 202585047, 'impression', '10', 241382429L, datetime.datetime(2013, 5, 27, 23, 47, 47), 0.501261466493085, False, 'time']
['kerriho', 202585047, 'impression', '11', 241381878L, datetime.datetime(2013, 5, 27, 23, 47, 47), 0.24907224605492, False, 'time']
['kerriho', 202585047, 'impression', '5', 241390735L, datetime.datetime(2013, 5, 27, 23, 47, 47), 0.132253965517824, False, 'time']
['kerriho', 202585047, 'impression', '3', 241394903L, datetime.datetime(2013, 5, 27, 23, 47, 47), 0.201727937884566, False, 'time']
['kerriho', 202585047, 'impression', '4', 241392988L, datetime.datetime(2013, 5, 27, 23, 47, 47), 0.619306784148287, False, 'time']
['kerriho', 202585047, 'impression', '20', 241375099L, datetime.datetime(2013, 5, 27, 23, 47, 47), 0.140272093309973, False, 'time']
['kerriho', 202585047, 'impression', '7', 241384957L, datetime.datetime(2013, 5, 27, 23, 47, 47), 0.172077889067843, False, 'time']
['kerriho', 202585047, 'impression', '14', 241380952L, datetime.datetime(2013, 5, 27, 23, 47, 47), 0.297741283442129, False, 'time']
['kerriho', 202585047, 'impression', '2', 241403616L, datetime.datetime(2013, 5, 27, 23, 47, 47), 0.193375329720501, True, 'time']
['kerriho', 202585047, 'impression', '8', 241384634L, datetime.datetime(2013, 5, 27, 23, 47, 47), 0.146633855485652, False, 'time']
['kerriho', 202585047, 'impression', '13', 241381117L, datetime.datetime(2013, 5, 27, 23, 47, 47), 0.40424874166528, False, 'time']
['kerriho', 202585047, 'impression', '6', 241389077L, datetime.datetime(2013, 5, 27, 23, 47, 47), 0.305816025319393, False, 'time']
['kerriho', 202585047, 'impression', '17', 241377953L, datetime.datetime(2013, 5, 27, 23, 47, 47), 0.352512722867672, False, 'time']
['kerriho', 202585047, 'impression', '12', 241381692L, datetime.datetime(2013, 5, 27, 23, 47, 47), 0.231955611115261, False, 'time']
['kerriho', 202585047, 'impression', '15', 241380775L, datetime.datetime(2013, 5, 27, 23, 47, 47), 0.129245974346929, False, 'time']
['kerriho', 202585047, 'impression', '19', 241375827L, datetime.datetime(2013, 5, 27, 23, 47, 47), 0.111670011781709, False, 'time']
['kerriho', 202585047, 'impression', '1', 241418883L, datetime.datetime(2013, 5, 27, 23, 47, 47), 0.0462500921787425, False, 'time']
['kerriho', 202585047, 'impression', '18', 241376927L, datetime.datetime(2013, 5, 27, 23, 47, 47), 0.403032493075657, False, 'time']
['kerriho', 202585047, 'impression', '10', 241382429L, datetime.datetime(2013, 5, 27, 23, 47, 48), 0.501261466493085, False, 'time']
['kerriho', 202585047, 'impression', '7', 241384957L, datetime.datetime(2013, 5, 27, 23, 47, 50), 0.172077889067843, False, 'time']
['kerriho', 202585047, 'expand_tile', '8', 241384634L, datetime.datetime(2013, 5, 27, 23, 48), 0.146633855485652, False, 'time']
['kerriho', 202585047, 'view_full_application', '8', 241384634L, datetime.datetime(2013, 5, 27, 23, 48, 18), 0.146633855485652, False, 'time']
['kerriho', 202585047, 'impression', '15', 241378729L, datetime.datetime(2013, 5, 27, 23, 48, 42), 0.222282699668627, False, 'time']
['kerriho', 202585047, 'impression', '14', 241380775L, datetime.datetime(2013, 5, 27, 23, 48, 42), 0.129245974346929, False, 'time']
['kerriho', 202585047, 'impression', '2', 241403616L, datetime.datetime(2013, 5, 27, 23, 48, 42), 0.193375329720501, True, 'time']
['kerriho', 202585047, 'impression', '13', 241380952L, datetime.datetime(2013, 5, 27, 23, 48, 42), 0.297741283442129, False, 'time']
['kerriho', 202585047, 'impression', '19', 241375099L, datetime.datetime(2013, 5, 27, 23, 48, 42), 0.140272093309973, False, 'time']
['kerriho', 202585047, 'impression', '7', 241384634L, datetime.datetime(2013, 5, 27, 23, 48, 42), 0.146633855485652, False, 'time']
['kerriho', 202585047, 'impression', '4', 241392988L, datetime.datetime(2013, 5, 27, 23, 48, 42), 0.619306784148287, False, 'time']
['kerriho', 202585047, 'impression', '3', 241394903L, datetime.datetime(2013, 5, 27, 23, 48, 42), 0.201727937884566, False, 'time']
['kerriho', 202585047, 'impression', '5', 241390735L, datetime.datetime(2013, 5, 27, 23, 48, 42), 0.132253965517824, False, 'time']
['kerriho', 202585047, 'impression', '16', 241377953L, datetime.datetime(2013, 5, 27, 23, 48, 42), 0.352512722867672, False, 'time']
['kerriho', 202585047, 'impression', '12', 241381117L, datetime.datetime(2013, 5, 27, 23, 48, 42), 0.40424874166528, False, 'time']
['kerriho', 202585047, 'impression', '6', 241389077L, datetime.datetime(2013, 5, 27, 23, 48, 42), 0.305816025319393, False, 'time']
['kerriho', 202585047, 'impression', '11', 241381692L, datetime.datetime(2013, 5, 27, 23, 48, 42), 0.231955611115261, False, 'time']
['kerriho', 202585047, 'impression', '1', 241418883L, datetime.datetime(2013, 5, 27, 23, 48, 42), 0.0462500921787425, False, 'time']
['kerriho', 202585047, 'impression', '17', 241376927L, datetime.datetime(2013, 5, 27, 23, 48, 42), 0.403032493075657, False, 'time']
['kerriho', 202585047, 'impression', '18', 241375827L, datetime.datetime(2013, 5, 27, 23, 48, 42), 0.111670011781709, False, 'time']
['kerriho', 202585047, 'impression', '10', 241381878L, datetime.datetime(2013, 5, 27, 23, 48, 42), 0.24907224605492, False, 'time']
['kerriho', 202585047, 'impression', '9', 241382429L, datetime.datetime(2013, 5, 27, 23, 48, 42), 0.501261466493085, False, 'time']
['kerriho', 202585047, 'impression', '8', 241383943L, datetime.datetime(2013, 5, 27, 23, 48, 42), 0.183197824881884, False, 'time']
['kerriho', 202585047, 'impression', '20', 241374890L, datetime.datetime(2013, 5, 27, 23, 48, 42), 0.0654593082774202, False, 'time']
['kerriho', 202585047, 'impression', '7', 241384634L, datetime.datetime(2013, 5, 27, 23, 48, 43), 0.146633855485652, False, 'time']
['kerriho', 202585047, 'impression', '7', 241384634L, datetime.datetime(2013, 5, 27, 23, 48, 55), 0.146633855485652, False, 'time']
['kerriho', 202585047, 'impression', '7', 241384634L, datetime.datetime(2013, 5, 27, 23, 49, 1), 0.146633855485652, False, 'time']
['kerriho', 202585047, 'expand_tile', '7', 241384634L, datetime.datetime(2013, 5, 27, 23, 49, 4), 0.146633855485652, False, 'time']
['kerriho', 202585047, 'impression', '7', 241384634L, datetime.datetime(2013, 5, 27, 23, 49, 5), 0.146633855485652, False, 'time']
['kerriho', 202585047, 'impression', '7', 241384634L, datetime.datetime(2013, 5, 27, 23, 49, 9), 0.146633855485652, False, 'time']
['kerriho', 202585047, 'impression', '7', 241384634L, datetime.datetime(2013, 5, 27, 23, 49, 10), 0.146633855485652, False, 'time']
['kerriho', 202585047, 'expand_tile', '7', 241384634L, datetime.datetime(2013, 5, 27, 23, 49, 17), 0.146633855485652, False, 'time']
['kerriho', 202585047, 'expand_tile', '8', 241383943L, datetime.datetime(2013, 5, 27, 23, 49, 20), 0.183197824881884, False, 'time']
['kerriho', 202585047, 'view_full_application', '8', 241383943L, datetime.datetime(2013, 5, 27, 23, 49, 45), 0.183197824881884, False, 'time']
['kerriho', 202585047, 'impression', '7', 241383943L, datetime.datetime(2013, 5, 27, 23, 49, 58), 0.183197824881884, False, 'time']
['kerriho', 202585047, 'impression', '9', 241381878L, datetime.datetime(2013, 5, 27, 23, 49, 58), 0.24907224605492, False, 'time']
['kerriho', 202585047, 'impression', '8', 241382429L, datetime.datetime(2013, 5, 27, 23, 49, 58), 0.501261466493085, False, 'time']
['kerriho', 202585047, 'impression', '20', 241374810L, datetime.datetime(2013, 5, 27, 23, 49, 58), 0.196720289212395, False, 'time']
['kerriho', 202585047, 'impression', '19', 241374890L, datetime.datetime(2013, 5, 27, 23, 49, 58), 0.0654593082774202, False, 'time']
['kerriho', 202585047, 'impression', '14', 241378729L, datetime.datetime(2013, 5, 27, 23, 49, 58), 0.222282699668627, False, 'time']
['kerriho', 202585047, 'impression', '2', 241403616L, datetime.datetime(2013, 5, 27, 23, 49, 58), 0.193375329720501, True, 'time']
['kerriho', 202585047, 'impression', '18', 241375099L, datetime.datetime(2013, 5, 27, 23, 49, 58), 0.140272093309973, False, 'time']
['kerriho', 202585047, 'impression', '12', 241380952L, datetime.datetime(2013, 5, 27, 23, 49, 58), 0.297741283442129, False, 'time']
['kerriho', 202585047, 'impression', '13', 241380775L, datetime.datetime(2013, 5, 27, 23, 49, 58), 0.129245974346929, False, 'time']
['kerriho', 202585047, 'impression', '4', 241392988L, datetime.datetime(2013, 5, 27, 23, 49, 58), 0.619306784148287, False, 'time']
['kerriho', 202585047, 'impression', '3', 241394903L, datetime.datetime(2013, 5, 27, 23, 49, 58), 0.201727937884566, False, 'time']
['kerriho', 202585047, 'impression', '5', 241390735L, datetime.datetime(2013, 5, 27, 23, 49, 58), 0.132253965517824, False, 'time']
['kerriho', 202585047, 'impression', '11', 241381117L, datetime.datetime(2013, 5, 27, 23, 49, 58), 0.40424874166528, False, 'time']
['kerriho', 202585047, 'impression', '10', 241381692L, datetime.datetime(2013, 5, 27, 23, 49, 58), 0.231955611115261, False, 'time']
['kerriho', 202585047, 'impression', '15', 241377953L, datetime.datetime(2013, 5, 27, 23, 49, 58), 0.352512722867672, False, 'time']
['kerriho', 202585047, 'impression', '6', 241389077L, datetime.datetime(2013, 5, 27, 23, 49, 58), 0.305816025319393, False, 'time']
['kerriho', 202585047, 'impression', '1', 241418883L, datetime.datetime(2013, 5, 27, 23, 49, 58), 0.0462500921787425, False, 'time']
['kerriho', 202585047, 'impression', '16', 241376927L, datetime.datetime(2013, 5, 27, 23, 49, 58), 0.403032493075657, False, 'time']
['kerriho', 202585047, 'impression', '17', 241375827L, datetime.datetime(2013, 5, 27, 23, 49, 58), 0.111670011781709, False, 'time']
['kerriho', 202585047, 'expand_tile', '7', 241383943L, datetime.datetime(2013, 5, 27, 23, 50, 7), 0.183197824881884, False, 'time']
['kerriho', 202585047, 'impression', '7', 241383943L, datetime.datetime(2013, 5, 27, 23, 50, 8), 0.183197824881884, False, 'time']
['kerriho', 202585047, 'impression', '7', 241383943L, datetime.datetime(2013, 5, 27, 23, 50, 9), 0.183197824881884, False, 'time']
['kerriho', 202585047, 'shortlist', '7', 241383943L, datetime.datetime(2013, 5, 27, 23, 50, 11), 0.183197824881884, False, 'time']
['kerriho', 202585047, 'expand_tile', '7', 241383943L, datetime.datetime(2013, 5, 27, 23, 50, 11), 0.183197824881884, False, 'time']
['kerriho', 202585047, 'expand_tile', '8', 241382429L, datetime.datetime(2013, 5, 27, 23, 50, 14), 0.501261466493085, False, 'time']
['kerriho', 202585047, 'view_full_application', '8', 241382429L, datetime.datetime(2013, 5, 27, 23, 50, 20), 0.501261466493085, False, 'time']
['kerriho', 202585047, 'impression', '16', 241376927L, datetime.datetime(2013, 5, 27, 23, 51, 11), 0.403032493075657, False, 'time']
['kerriho', 202585047, 'impression', '1', 241418883L, datetime.datetime(2013, 5, 27, 23, 51, 11), 0.0462500921787425, False, 'time']
['kerriho', 202585047, 'impression', '17', 241375827L, datetime.datetime(2013, 5, 27, 23, 51, 11), 0.111670011781709, False, 'time']
['kerriho', 202585047, 'impression', '11', 241381117L, datetime.datetime(2013, 5, 27, 23, 51, 11), 0.40424874166528, False, 'time']
['kerriho', 202585047, 'impression', '6', 241389077L, datetime.datetime(2013, 5, 27, 23, 51, 11), 0.305816025319393, False, 'time']
['kerriho', 202585047, 'impression', '10', 241381692L, datetime.datetime(2013, 5, 27, 23, 51, 11), 0.231955611115261, False, 'time']
['kerriho', 202585047, 'impression', '15', 241377953L, datetime.datetime(2013, 5, 27, 23, 51, 11), 0.352512722867672, False, 'time']
['kerriho', 202585047, 'impression', '14', 241378729L, datetime.datetime(2013, 5, 27, 23, 51, 11), 0.222282699668627, False, 'time']
['kerriho', 202585047, 'impression', '5', 241390735L, datetime.datetime(2013, 5, 27, 23, 51, 11), 0.132253965517824, False, 'time']
['kerriho', 202585047, 'impression', '3', 241394903L, datetime.datetime(2013, 5, 27, 23, 51, 11), 0.201727937884566, False, 'time']
['kerriho', 202585047, 'impression', '4', 241392988L, datetime.datetime(2013, 5, 27, 23, 51, 11), 0.619306784148287, False, 'time']
['kerriho', 202585047, 'impression', '13', 241380775L, datetime.datetime(2013, 5, 27, 23, 51, 11), 0.129245974346929, False, 'time']
['kerriho', 202585047, 'impression', '20', 241374810L, datetime.datetime(2013, 5, 27, 23, 51, 11), 0.196720289212395, False, 'time']
['kerriho', 202585047, 'impression', '19', 241374890L, datetime.datetime(2013, 5, 27, 23, 51, 11), 0.0654593082774202, False, 'time']
['kerriho', 202585047, 'impression', '12', 241380952L, datetime.datetime(2013, 5, 27, 23, 51, 11), 0.297741283442129, False, 'time']
['kerriho', 202585047, 'impression', '18', 241375099L, datetime.datetime(2013, 5, 27, 23, 51, 11), 0.140272093309973, False, 'time']
['kerriho', 202585047, 'impression', '2', 241403616L, datetime.datetime(2013, 5, 27, 23, 51, 11), 0.193375329720501, True, 'time']
['kerriho', 202585047, 'impression', '7', 241383943L, datetime.datetime(2013, 5, 27, 23, 51, 11), 0.183197824881884, False, 'time']
['kerriho', 202585047, 'impression', '8', 241382429L, datetime.datetime(2013, 5, 27, 23, 51, 11), 0.501261466493085, False, 'time']
['kerriho', 202585047, 'impression', '9', 241381878L, datetime.datetime(2013, 5, 27, 23, 51, 11), 0.24907224605492, False, 'time']
['kerriho', 202585047, 'impression', '8', 241382429L, datetime.datetime(2013, 5, 27, 23, 51, 25), 0.501261466493085, False, 'time']
['kerriho', 202585047, 'shortlist', '8', 241382429L, datetime.datetime(2013, 5, 27, 23, 51, 26), 0.501261466493085, False, 'time']
['kerriho', 202585047, 'expand_tile', '9', 241381878L, datetime.datetime(2013, 5, 27, 23, 51, 28), 0.24907224605492, False, 'time']
['kerriho', 202585047, 'view_full_application', '9', 241381878L, datetime.datetime(2013, 5, 27, 23, 51, 40), 0.24907224605492, False, 'time']
['kerriho', 202585047, 'impression', '14', 241378729L, datetime.datetime(2013, 5, 27, 23, 51, 58), 0.222282699668627, False, 'time']
['kerriho', 202585047, 'impression', '19', 241374890L, datetime.datetime(2013, 5, 27, 23, 51, 58), 0.0654593082774202, False, 'time']
['kerriho', 202585047, 'impression', '20', 241374810L, datetime.datetime(2013, 5, 27, 23, 51, 58), 0.196720289212395, False, 'time']
['kerriho', 202585047, 'impression', '9', 241381878L, datetime.datetime(2013, 5, 27, 23, 51, 58), 0.24907224605492, False, 'time']
['kerriho', 202585047, 'impression', '8', 241382429L, datetime.datetime(2013, 5, 27, 23, 51, 58), 0.501261466493085, False, 'time']
['kerriho', 202585047, 'impression', '7', 241383943L, datetime.datetime(2013, 5, 27, 23, 51, 58), 0.183197824881884, False, 'time']
['kerriho', 202585047, 'impression', '17', 241375827L, datetime.datetime(2013, 5, 27, 23, 51, 58), 0.111670011781709, False, 'time']
['kerriho', 202585047, 'impression', '16', 241376927L, datetime.datetime(2013, 5, 27, 23, 51, 58), 0.403032493075657, False, 'time']
['kerriho', 202585047, 'impression', '1', 241418883L, datetime.datetime(2013, 5, 27, 23, 51, 58), 0.0462500921787425, False, 'time']
['kerriho', 202585047, 'impression', '18', 241375099L, datetime.datetime(2013, 5, 27, 23, 51, 58), 0.140272093309973, False, 'time']
['kerriho', 202585047, 'impression', '2', 241403616L, datetime.datetime(2013, 5, 27, 23, 51, 58), 0.193375329720501, True, 'time']
['kerriho', 202585047, 'impression', '12', 241380952L, datetime.datetime(2013, 5, 27, 23, 51, 58), 0.297741283442129, False, 'time']
['kerriho', 202585047, 'impression', '15', 241377953L, datetime.datetime(2013, 5, 27, 23, 51, 58), 0.352512722867672, False, 'time']
['kerriho', 202585047, 'impression', '6', 241389077L, datetime.datetime(2013, 5, 27, 23, 51, 58), 0.305816025319393, False, 'time']
['kerriho', 202585047, 'impression', '10', 241381692L, datetime.datetime(2013, 5, 27, 23, 51, 58), 0.231955611115261, False, 'time']
['kerriho', 202585047, 'impression', '11', 241381117L, datetime.datetime(2013, 5, 27, 23, 51, 58), 0.40424874166528, False, 'time']
['kerriho', 202585047, 'impression', '4', 241392988L, datetime.datetime(2013, 5, 27, 23, 51, 58), 0.619306784148287, False, 'time']
['kerriho', 202585047, 'impression', '5', 241390735L, datetime.datetime(2013, 5, 27, 23, 51, 58), 0.132253965517824, False, 'time']
['kerriho', 202585047, 'impression', '3', 241394903L, datetime.datetime(2013, 5, 27, 23, 51, 58), 0.201727937884566, False, 'time']
['kerriho', 202585047, 'impression', '13', 241380775L, datetime.datetime(2013, 5, 27, 23, 51, 58), 0.129245974346929, False, 'time']
['kerriho', 202585047, 'shortlist', '9', 241381878L, datetime.datetime(2013, 5, 27, 23, 51, 59), 0.24907224605492, False, 'time']
['kerriho', 202585047, 'expand_tile', '10', 241381692L, datetime.datetime(2013, 5, 27, 23, 52, 3), 0.231955611115261, False, 'time']
['kerriho', 202585047, 'view_full_application', '10', 241381692L, datetime.datetime(2013, 5, 27, 23, 52, 16), 0.231955611115261, False, 'time']
['kerriho', 202585047, 'impression', '17', 241375827L, datetime.datetime(2013, 5, 27, 23, 53, 2), 0.111670011781709, False, 'time']
['kerriho', 202585047, 'impression', '16', 241376927L, datetime.datetime(2013, 5, 27, 23, 53, 2), 0.403032493075657, False, 'time']
['kerriho', 202585047, 'impression', '1', 241418883L, datetime.datetime(2013, 5, 27, 23, 53, 2), 0.0462500921787425, False, 'time']
['kerriho', 202585047, 'impression', '18', 241375099L, datetime.datetime(2013, 5, 27, 23, 53, 2), 0.140272093309973, False, 'time']
['kerriho', 202585047, 'impression', '12', 241380952L, datetime.datetime(2013, 5, 27, 23, 53, 2), 0.297741283442129, False, 'time']
['kerriho', 202585047, 'impression', '2', 241403616L, datetime.datetime(2013, 5, 27, 23, 53, 2), 0.193375329720501, True, 'time']
['kerriho', 202585047, 'impression', '11', 241381117L, datetime.datetime(2013, 5, 27, 23, 53, 2), 0.40424874166528, False, 'time']
['kerriho', 202585047, 'impression', '6', 241389077L, datetime.datetime(2013, 5, 27, 23, 53, 2), 0.305816025319393, False, 'time']
['kerriho', 202585047, 'impression', '15', 241377953L, datetime.datetime(2013, 5, 27, 23, 53, 2), 0.352512722867672, False, 'time']
['kerriho', 202585047, 'impression', '10', 241381692L, datetime.datetime(2013, 5, 27, 23, 53, 2), 0.231955611115261, False, 'time']
['kerriho', 202585047, 'impression', '14', 241378729L, datetime.datetime(2013, 5, 27, 23, 53, 2), 0.222282699668627, False, 'time']
['kerriho', 202585047, 'impression', '7', 241383943L, datetime.datetime(2013, 5, 27, 23, 53, 2), 0.183197824881884, False, 'time']
['kerriho', 202585047, 'impression', '9', 241381878L, datetime.datetime(2013, 5, 27, 23, 53, 2), 0.24907224605492, False, 'time']
['kerriho', 202585047, 'impression', '8', 241382429L, datetime.datetime(2013, 5, 27, 23, 53, 2), 0.501261466493085, False, 'time']
['kerriho', 202585047, 'impression', '20', 241374810L, datetime.datetime(2013, 5, 27, 23, 53, 2), 0.196720289212395, False, 'time']
['kerriho', 202585047, 'impression', '19', 241374890L, datetime.datetime(2013, 5, 27, 23, 53, 2), 0.0654593082774202, False, 'time']
['kerriho', 202585047, 'impression', '4', 241392988L, datetime.datetime(2013, 5, 27, 23, 53, 2), 0.619306784148287, False, 'time']
['kerriho', 202585047, 'impression', '5', 241390735L, datetime.datetime(2013, 5, 27, 23, 53, 2), 0.132253965517824, False, 'time']
['kerriho', 202585047, 'impression', '3', 241394903L, datetime.datetime(2013, 5, 27, 23, 53, 2), 0.201727937884566, False, 'time']
['kerriho', 202585047, 'impression', '13', 241380775L, datetime.datetime(2013, 5, 27, 23, 53, 2), 0.129245974346929, False, 'time']
['kerriho', 202585047, 'shortlist', '10', 241381692L, datetime.datetime(2013, 5, 27, 23, 53, 4), 0.231955611115261, False, 'time']
['kerriho', 202585047, 'expand_tile', '11', 241381117L, datetime.datetime(2013, 5, 27, 23, 53, 10), 0.40424874166528, False, 'time']
['kerriho', 202585047, 'view_full_application', '11', 241381117L, datetime.datetime(2013, 5, 27, 23, 53, 17), 0.40424874166528, False, 'time']
['kerriho', 202585047, 'impression', '7', 241383943L, datetime.datetime(2013, 5, 27, 23, 53, 47), 0.183197824881884, False, 'time']
['kerriho', 202585047, 'impression', '8', 241382429L, datetime.datetime(2013, 5, 27, 23, 53, 47), 0.501261466493085, False, 'time']
['kerriho', 202585047, 'impression', '9', 241381878L, datetime.datetime(2013, 5, 27, 23, 53, 47), 0.24907224605492, False, 'time']
['kerriho', 202585047, 'impression', '18', 241375099L, datetime.datetime(2013, 5, 27, 23, 53, 47), 0.140272093309973, False, 'time']
['kerriho', 202585047, 'impression', '2', 241403616L, datetime.datetime(2013, 5, 27, 23, 53, 47), 0.193375329720501, True, 'time']
['kerriho', 202585047, 'impression', '12', 241380952L, datetime.datetime(2013, 5, 27, 23, 53, 47), 0.297741283442129, False, 'time']
['kerriho', 202585047, 'impression', '12', 241380952L, datetime.datetime(2013, 5, 27, 23, 53, 47), 0.297741283442129, False, 'time']
['kerriho', 202585047, 'impression', '1', 241418883L, datetime.datetime(2013, 5, 27, 23, 53, 47), 0.0462500921787425, False, 'time']
['kerriho', 202585047, 'impression', '17', 241375827L, datetime.datetime(2013, 5, 27, 23, 53, 47), 0.111670011781709, False, 'time']
['kerriho', 202585047, 'impression', '16', 241376927L, datetime.datetime(2013, 5, 27, 23, 53, 47), 0.403032493075657, False, 'time']
['kerriho', 202585047, 'impression', '20', 241374810L, datetime.datetime(2013, 5, 27, 23, 53, 47), 0.196720289212395, False, 'time']
['kerriho', 202585047, 'impression', '19', 241374890L, datetime.datetime(2013, 5, 27, 23, 53, 47), 0.0654593082774202, False, 'time']
['kerriho', 202585047, 'impression', '14', 241378729L, datetime.datetime(2013, 5, 27, 23, 53, 47), 0.222282699668627, False, 'time']
['kerriho', 202585047, 'impression', '4', 241392988L, datetime.datetime(2013, 5, 27, 23, 53, 47), 0.619306784148287, False, 'time']
['kerriho', 202585047, 'impression', '5', 241390735L, datetime.datetime(2013, 5, 27, 23, 53, 47), 0.132253965517824, False, 'time']
['kerriho', 202585047, 'impression', '3', 241394903L, datetime.datetime(2013, 5, 27, 23, 53, 47), 0.201727937884566, False, 'time']
['kerriho', 202585047, 'impression', '10', 241381692L, datetime.datetime(2013, 5, 27, 23, 53, 47), 0.231955611115261, False, 'time']
['kerriho', 202585047, 'impression', '15', 241377953L, datetime.datetime(2013, 5, 27, 23, 53, 47), 0.352512722867672, False, 'time']
['kerriho', 202585047, 'impression', '6', 241389077L, datetime.datetime(2013, 5, 27, 23, 53, 47), 0.305816025319393, False, 'time']
['kerriho', 202585047, 'impression', '11', 241381117L, datetime.datetime(2013, 5, 27, 23, 53, 47), 0.40424874166528, False, 'time']
['kerriho', 202585047, 'impression', '13', 241380775L, datetime.datetime(2013, 5, 27, 23, 53, 47), 0.129245974346929, False, 'time']
['kerriho', 202585047, 'expand_tile', '11', 241381117L, datetime.datetime(2013, 5, 27, 23, 53, 49), 0.40424874166528, False, 'time']
['kerriho', 202585047, 'expand_tile', '11', 241381117L, datetime.datetime(2013, 5, 27, 23, 53, 56), 0.40424874166528, False, 'time']
['kerriho', 202585047, 'shortlist', '11', 241381117L, datetime.datetime(2013, 5, 27, 23, 53, 56), 0.40424874166528, False, 'time']
['kerriho', 202585047, 'expand_tile', '12', 241380952L, datetime.datetime(2013, 5, 27, 23, 53, 59), 0.297741283442129, False, 'time']
['kerriho', 202585047, 'impression', '12', 241380952L, datetime.datetime(2013, 5, 27, 23, 54, 19), 0.297741283442129, False, 'time']
['kerriho', 202585047, 'expand_tile', '13', 241380775L, datetime.datetime(2013, 5, 27, 23, 54, 33), 0.129245974346929, False, 'time']
['kerriho', 202585047, 'view_full_application', '13', 241380775L, datetime.datetime(2013, 5, 27, 23, 55, 12), 0.129245974346929, False, 'time']
['kerriho', 202585047, 'impression', '17', 241375827L, datetime.datetime(2013, 5, 27, 23, 55, 36), 0.111670011781709, False, 'time']
['kerriho', 202585047, 'impression', '16', 241376927L, datetime.datetime(2013, 5, 27, 23, 55, 36), 0.403032493075657, False, 'time']
['kerriho', 202585047, 'impression', '1', 241418883L, datetime.datetime(2013, 5, 27, 23, 55, 36), 0.0462500921787425, False, 'time']
['kerriho', 202585047, 'impression', '2', 241403616L, datetime.datetime(2013, 5, 27, 23, 55, 36), 0.193375329720501, True, 'time']
['kerriho', 202585047, 'impression', '12', 241380952L, datetime.datetime(2013, 5, 27, 23, 55, 36), 0.297741283442129, False, 'time']
['kerriho', 202585047, 'impression', '18', 241375099L, datetime.datetime(2013, 5, 27, 23, 55, 36), 0.140272093309973, False, 'time']
['kerriho', 202585047, 'impression', '20', 241374810L, datetime.datetime(2013, 5, 27, 23, 55, 36), 0.196720289212395, False, 'time']
['kerriho', 202585047, 'impression', '19', 241374890L, datetime.datetime(2013, 5, 27, 23, 55, 36), 0.0654593082774202, False, 'time']
['kerriho', 202585047, 'impression', '14', 241378729L, datetime.datetime(2013, 5, 27, 23, 55, 36), 0.222282699668627, False, 'time']
['kerriho', 202585047, 'impression', '4', 241392988L, datetime.datetime(2013, 5, 27, 23, 55, 36), 0.619306784148287, False, 'time']
['kerriho', 202585047, 'impression', '5', 241390735L, datetime.datetime(2013, 5, 27, 23, 55, 36), 0.132253965517824, False, 'time']
['kerriho', 202585047, 'impression', '3', 241394903L, datetime.datetime(2013, 5, 27, 23, 55, 36), 0.201727937884566, False, 'time']
['kerriho', 202585047, 'impression', '10', 241381692L, datetime.datetime(2013, 5, 27, 23, 55, 36), 0.231955611115261, False, 'time']
['kerriho', 202585047, 'impression', '6', 241389077L, datetime.datetime(2013, 5, 27, 23, 55, 36), 0.305816025319393, False, 'time']
['kerriho', 202585047, 'impression', '11', 241381117L, datetime.datetime(2013, 5, 27, 23, 55, 36), 0.40424874166528, False, 'time']
['kerriho', 202585047, 'impression', '15', 241377953L, datetime.datetime(2013, 5, 27, 23, 55, 36), 0.352512722867672, False, 'time']
['kerriho', 202585047, 'impression', '13', 241380775L, datetime.datetime(2013, 5, 27, 23, 55, 36), 0.129245974346929, False, 'time']
['kerriho', 202585047, 'impression', '7', 241383943L, datetime.datetime(2013, 5, 27, 23, 55, 36), 0.183197824881884, False, 'time']
['kerriho', 202585047, 'impression', '8', 241382429L, datetime.datetime(2013, 5, 27, 23, 55, 36), 0.501261466493085, False, 'time']
['kerriho', 202585047, 'impression', '9', 241381878L, datetime.datetime(2013, 5, 27, 23, 55, 36), 0.24907224605492, False, 'time']
['kerriho', 202585047, 'shortlist', '13', 241380775L, datetime.datetime(2013, 5, 27, 23, 55, 39), 0.129245974346929, False, 'time']
['kerriho', 202585047, 'impression', '14', 241378729L, datetime.datetime(2013, 5, 27, 23, 55, 41), 0.222282699668627, False, 'time']
['kerriho', 202585047, 'expand_tile', '14', 241378729L, datetime.datetime(2013, 5, 27, 23, 55, 42), 0.222282699668627, False, 'time']
['kerriho', 202585047, 'view_full_application', '14', 241378729L, datetime.datetime(2013, 5, 27, 23, 56, 3), 0.222282699668627, False, 'time']
['kerriho', 202585047, 'impression', '20', 241374810L, datetime.datetime(2013, 5, 27, 23, 56, 12), 0.196720289212395, False, 'time']
['kerriho', 202585047, 'impression', '19', 241374890L, datetime.datetime(2013, 5, 27, 23, 56, 12), 0.0654593082774202, False, 'time']
['kerriho', 202585047, 'impression', '2', 241403616L, datetime.datetime(2013, 5, 27, 23, 56, 12), 0.193375329720501, True, 'time']
['kerriho', 202585047, 'impression', '18', 241375099L, datetime.datetime(2013, 5, 27, 23, 56, 12), 0.140272093309973, False, 'time']
['kerriho', 202585047, 'impression', '12', 241380952L, datetime.datetime(2013, 5, 27, 23, 56, 12), 0.297741283442129, False, 'time']
['kerriho', 202585047, 'impression', '13', 241380775L, datetime.datetime(2013, 5, 27, 23, 56, 12), 0.129245974346929, False, 'time']
['kerriho', 202585047, 'impression', '5', 241390735L, datetime.datetime(2013, 5, 27, 23, 56, 12), 0.132253965517824, False, 'time']
['kerriho', 202585047, 'impression', '4', 241392988L, datetime.datetime(2013, 5, 27, 23, 56, 12), 0.619306784148287, False, 'time']
['kerriho', 202585047, 'impression', '3', 241394903L, datetime.datetime(2013, 5, 27, 23, 56, 12), 0.201727937884566, False, 'time']
['kerriho', 202585047, 'impression', '1', 241418883L, datetime.datetime(2013, 5, 27, 23, 56, 12), 0.0462500921787425, False, 'time']
['kerriho', 202585047, 'impression', '16', 241376927L, datetime.datetime(2013, 5, 27, 23, 56, 12), 0.403032493075657, False, 'time']
['kerriho', 202585047, 'impression', '17', 241375827L, datetime.datetime(2013, 5, 27, 23, 56, 12), 0.111670011781709, False, 'time']
['kerriho', 202585047, 'impression', '11', 241381117L, datetime.datetime(2013, 5, 27, 23, 56, 12), 0.40424874166528, False, 'time']
['kerriho', 202585047, 'impression', '15', 241377953L, datetime.datetime(2013, 5, 27, 23, 56, 12), 0.352512722867672, False, 'time']
['kerriho', 202585047, 'impression', '10', 241381692L, datetime.datetime(2013, 5, 27, 23, 56, 12), 0.231955611115261, False, 'time']
['kerriho', 202585047, 'impression', '6', 241389077L, datetime.datetime(2013, 5, 27, 23, 56, 12), 0.305816025319393, False, 'time']
['kerriho', 202585047, 'impression', '8', 241382429L, datetime.datetime(2013, 5, 27, 23, 56, 12), 0.501261466493085, False, 'time']
['kerriho', 202585047, 'impression', '7', 241383943L, datetime.datetime(2013, 5, 27, 23, 56, 12), 0.183197824881884, False, 'time']
['kerriho', 202585047, 'impression', '9', 241381878L, datetime.datetime(2013, 5, 27, 23, 56, 12), 0.24907224605492, False, 'time']
['kerriho', 202585047, 'impression', '14', 241378729L, datetime.datetime(2013, 5, 27, 23, 56, 12), 0.222282699668627, False, 'time']
['kerriho', 202585047, 'impression', '14', 241378729L, datetime.datetime(2013, 5, 27, 23, 56, 14), 0.222282699668627, False, 'time']
['kerriho', 202585047, 'impression', '14', 241378729L, datetime.datetime(2013, 5, 27, 23, 56, 15), 0.222282699668627, False, 'time']
['kerriho', 202585047, 'impression', '15', 241377953L, datetime.datetime(2013, 5, 27, 23, 56, 17), 0.352512722867672, False, 'time']
['kerriho', 202585047, 'expand_tile', '15', 241377953L, datetime.datetime(2013, 5, 27, 23, 56, 20), 0.352512722867672, False, 'time']
['kerriho', 202585047, 'impression', '15', 241377953L, datetime.datetime(2013, 5, 27, 23, 57, 6), 0.352512722867672, False, 'time']
['kerriho', 202585047, 'expand_tile', '15', 241377953L, datetime.datetime(2013, 5, 27, 23, 57, 7), 0.352512722867672, False, 'time']
['kerriho', 202585047, 'expand_tile', '16', 241376927L, datetime.datetime(2013, 5, 27, 23, 57, 9), 0.403032493075657, False, 'time']
['kerriho', 202585047, 'impression', '16', 241376927L, datetime.datetime(2013, 5, 27, 23, 57, 10), 0.403032493075657, False, 'time']
['kerriho', 202585047, 'impression', '16', 241376927L, datetime.datetime(2013, 5, 27, 23, 57, 12), 0.403032493075657, False, 'time']
['kerriho', 202585047, 'expand_tile', '16', 241376927L, datetime.datetime(2013, 5, 27, 23, 57, 12), 0.403032493075657, False, 'time']
['kerriho', 202585047, 'impression', '17', 241375827L, datetime.datetime(2013, 5, 27, 23, 57, 15), 0.111670011781709, False, 'time']
['kerriho', 202585047, 'expand_tile', '18', 241375099L, datetime.datetime(2013, 5, 27, 23, 57, 25), 0.140272093309973, False, 'time']
['kerriho', 202585047, 'impression', '18', 241375099L, datetime.datetime(2013, 5, 27, 23, 57, 29), 0.140272093309973, False, 'time']
['kerriho', 202585047, 'expand_tile', '18', 241375099L, datetime.datetime(2013, 5, 27, 23, 57, 31), 0.140272093309973, False, 'time']
['kerriho', 202585047, 'impression', '13', 241380775L, datetime.datetime(2013, 5, 27, 23, 57, 31), 0.129245974346929, False, 'time']
['kerriho', 202585047, 'expand_tile', '19', 241374890L, datetime.datetime(2013, 5, 27, 23, 57, 33), 0.0654593082774202, False, 'time']
['kerriho', 202585047, 'impression', '19', 241374890L, datetime.datetime(2013, 5, 27, 23, 57, 38), 0.0654593082774202, False, 'time']
['kerriho', 202585047, 'impression', '19', 241374890L, datetime.datetime(2013, 5, 27, 23, 57, 38), 0.0654593082774202, False, 'time']
['kerriho', 202585047, 'expand_tile', '19', 241374890L, datetime.datetime(2013, 5, 27, 23, 57, 39), 0.0654593082774202, False, 'time']
['kerriho', 202585047, 'expand_tile', '20', 241374810L, datetime.datetime(2013, 5, 27, 23, 57, 41), 0.196720289212395, False, 'time']
['kerriho', 202585047, 'view_full_application', '20', 241374810L, datetime.datetime(2013, 5, 27, 23, 57, 56), 0.196720289212395, False, 'time']
['kerriho', 202585047, 'impression', '14', 241374810L, datetime.datetime(2013, 5, 27, 23, 58, 16), 0.196720289212395, False, 'time']
['kerriho', 202585047, 'impression', '6', 241389077L, datetime.datetime(2013, 5, 27, 23, 58, 16), 0.305816025319393, False, 'time']
['kerriho', 202585047, 'impression', '11', 241381117L, datetime.datetime(2013, 5, 27, 23, 58, 16), 0.40424874166528, False, 'time']
['kerriho', 202585047, 'impression', '10', 241381692L, datetime.datetime(2013, 5, 27, 23, 58, 16), 0.231955611115261, False, 'time']
['kerriho', 202585047, 'impression', '13', 241380775L, datetime.datetime(2013, 5, 27, 23, 58, 16), 0.129245974346929, False, 'time']
['kerriho', 202585047, 'impression', '8', 241382429L, datetime.datetime(2013, 5, 27, 23, 58, 16), 0.501261466493085, False, 'time']
['kerriho', 202585047, 'impression', '9', 241381878L, datetime.datetime(2013, 5, 27, 23, 58, 16), 0.24907224605492, False, 'time']
['kerriho', 202585047, 'impression', '7', 241383943L, datetime.datetime(2013, 5, 27, 23, 58, 16), 0.183197824881884, False, 'time']
['kerriho', 202585047, 'impression', '1', 241418883L, datetime.datetime(2013, 5, 27, 23, 58, 16), 0.0462500921787425, False, 'time']
['kerriho', 202585047, 'impression', '12', 241380952L, datetime.datetime(2013, 5, 27, 23, 58, 16), 0.297741283442129, False, 'time']
['kerriho', 202585047, 'impression', '2', 241403616L, datetime.datetime(2013, 5, 27, 23, 58, 16), 0.193375329720501, True, 'time']
['kerriho', 202585047, 'impression', '4', 241392988L, datetime.datetime(2013, 5, 27, 23, 58, 16), 0.619306784148287, False, 'time']
['kerriho', 202585047, 'impression', '5', 241390735L, datetime.datetime(2013, 5, 27, 23, 58, 16), 0.132253965517824, False, 'time']
['kerriho', 202585047, 'impression', '3', 241394903L, datetime.datetime(2013, 5, 27, 23, 58, 16), 0.201727937884566, False, 'time']
['kerriho', 202585047, 'impression', '14', 241374810L, datetime.datetime(2013, 5, 27, 23, 58, 18), 0.196720289212395, False, 'time']
['kerriho', 202585047, 'impression', '14', 241374810L, datetime.datetime(2013, 5, 27, 23, 58, 18), 0.196720289212395, False, 'time']
['kerriho', 202585047, 'impression', '5', 241389077L, datetime.datetime(2013, 5, 28, 0, 14, 58), 0.305816025319393, False, 'time']
['kerriho', 202585047, 'impression', '9', 241381117L, datetime.datetime(2013, 5, 28, 0, 14, 58), 0.40424874166528, False, 'time']
['kerriho', 202585047, 'impression', '8', 241381692L, datetime.datetime(2013, 5, 28, 0, 14, 58), 0.231955611115261, False, 'time']
['kerriho', 202585047, 'impression', '3', 241392988L, datetime.datetime(2013, 5, 28, 0, 14, 58), 0.619306784148287, False, 'time']
['kerriho', 202585047, 'impression', '2', 241394903L, datetime.datetime(2013, 5, 28, 0, 14, 58), 0.201727937884566, False, 'time']
['kerriho', 202585047, 'impression', '4', 241390735L, datetime.datetime(2013, 5, 28, 0, 14, 58), 0.132253965517824, False, 'time']
['kerriho', 202585047, 'impression', '1', 241403616L, datetime.datetime(2013, 5, 28, 0, 14, 58), 0.193375329720501, True, 'time']
['kerriho', 202585047, 'impression', '10', 241380952L, datetime.datetime(2013, 5, 28, 0, 14, 58), 0.297741283442129, False, 'time']
['kerriho', 202585047, 'impression', '11', 241380775L, datetime.datetime(2013, 5, 28, 0, 14, 58), 0.129245974346929, False, 'time']
['kerriho', 202585047, 'impression', '6', 241382429L, datetime.datetime(2013, 5, 28, 0, 14, 58), 0.501261466493085, False, 'time']
['kerriho', 202585047, 'impression', '7', 241381878L, datetime.datetime(2013, 5, 28, 0, 14, 58), 0.24907224605492, False, 'time']
['kerriho', 202585047, 'impression', '3', 241392988L, datetime.datetime(2013, 5, 28, 0, 17, 56), 0.619306784148287, False, 'time']
['kerriho', 202585047, 'impression', '2', 241394903L, datetime.datetime(2013, 5, 28, 0, 17, 56), 0.201727937884566, False, 'time']
['kerriho', 202585047, 'impression', '4', 241390735L, datetime.datetime(2013, 5, 28, 0, 17, 56), 0.132253965517824, False, 'time']
['kerriho', 202585047, 'impression', '11', 241380775L, datetime.datetime(2013, 5, 28, 0, 17, 56), 0.129245974346929, False, 'time']
['kerriho', 202585047, 'impression', '1', 241403616L, datetime.datetime(2013, 5, 28, 0, 17, 56), 0.193375329720501, True, 'time']
['kerriho', 202585047, 'impression', '10', 241380952L, datetime.datetime(2013, 5, 28, 0, 17, 56), 0.297741283442129, False, 'time']
['kerriho', 202585047, 'impression', '6', 241382429L, datetime.datetime(2013, 5, 28, 0, 17, 56), 0.501261466493085, False, 'time']
['kerriho', 202585047, 'impression', '7', 241381878L, datetime.datetime(2013, 5, 28, 0, 17, 56), 0.24907224605492, False, 'time']
['kerriho', 202585047, 'impression', '5', 241389077L, datetime.datetime(2013, 5, 28, 0, 17, 56), 0.305816025319393, False, 'time']
['kerriho', 202585047, 'impression', '9', 241381117L, datetime.datetime(2013, 5, 28, 0, 17, 56), 0.40424874166528, False, 'time']
['kerriho', 202585047, 'impression', '8', 241381692L, datetime.datetime(2013, 5, 28, 0, 17, 56), 0.231955611115261, False, 'time']
['kerriho', 202585047, 'expand_tile', '2', 241394903L, datetime.datetime(2013, 5, 28, 0, 17, 58), 0.201727937884566, False, 'time']
['kerriho', 202585047, 'view_full_application', '2', 241394903L, datetime.datetime(2013, 5, 28, 0, 18, 6), 0.201727937884566, False, 'time']
['kerriho', 202585047, 'impression', '3', 241392988L, datetime.datetime(2013, 5, 28, 0, 24, 40), 0.619306784148287, False, 'time']
['kerriho', 202585047, 'impression', '2', 241394903L, datetime.datetime(2013, 5, 28, 0, 24, 40), 0.201727937884566, False, 'time']
['kerriho', 202585047, 'impression', '4', 241390735L, datetime.datetime(2013, 5, 28, 0, 24, 40), 0.132253965517824, False, 'time']
['kerriho', 202585047, 'impression', '11', 241380775L, datetime.datetime(2013, 5, 28, 0, 24, 40), 0.129245974346929, False, 'time']
['kerriho', 202585047, 'impression', '8', 241381692L, datetime.datetime(2013, 5, 28, 0, 24, 40), 0.231955611115261, False, 'time']
['kerriho', 202585047, 'impression', '9', 241381117L, datetime.datetime(2013, 5, 28, 0, 24, 40), 0.40424874166528, False, 'time']
['kerriho', 202585047, 'impression', '5', 241389077L, datetime.datetime(2013, 5, 28, 0, 24, 40), 0.305816025319393, False, 'time']
['kerriho', 202585047, 'impression', '6', 241382429L, datetime.datetime(2013, 5, 28, 0, 24, 40), 0.501261466493085, False, 'time']
['kerriho', 202585047, 'impression', '7', 241381878L, datetime.datetime(2013, 5, 28, 0, 24, 40), 0.24907224605492, False, 'time']
['kerriho', 202585047, 'impression', '1', 241403616L, datetime.datetime(2013, 5, 28, 0, 24, 40), 0.193375329720501, True, 'time']
['kerriho', 202585047, 'impression', '10', 241380952L, datetime.datetime(2013, 5, 28, 0, 24, 40), 0.297741283442129, False, 'time']
['kerriho', 202585047, 'expand_tile', '9', 241381117L, datetime.datetime(2013, 5, 28, 0, 24, 45), 0.40424874166528, False, 'time']
['kerriho', 202585047, 'view_full_application', '9', 241381117L, datetime.datetime(2013, 5, 28, 0, 24, 52), 0.40424874166528, False, 'time']
['kerriho', 202585047, 'impression', '6', 241382429L, datetime.datetime(2013, 5, 28, 0, 26, 36), 0.501261466493085, False, 'time']
['kerriho', 202585047, 'impression', '7', 241381878L, datetime.datetime(2013, 5, 28, 0, 26, 36), 0.24907224605492, False, 'time']
['kerriho', 202585047, 'impression', '10', 241380952L, datetime.datetime(2013, 5, 28, 0, 26, 36), 0.297741283442129, False, 'time']
['kerriho', 202585047, 'impression', '1', 241403616L, datetime.datetime(2013, 5, 28, 0, 26, 36), 0.193375329720501, True, 'time']
['kerriho', 202585047, 'impression', '3', 241392988L, datetime.datetime(2013, 5, 28, 0, 26, 36), 0.619306784148287, False, 'time']
['kerriho', 202585047, 'impression', '4', 241390735L, datetime.datetime(2013, 5, 28, 0, 26, 36), 0.132253965517824, False, 'time']
['kerriho', 202585047, 'impression', '2', 241394903L, datetime.datetime(2013, 5, 28, 0, 26, 36), 0.201727937884566, False, 'time']
['kerriho', 202585047, 'impression', '9', 241381117L, datetime.datetime(2013, 5, 28, 0, 26, 36), 0.40424874166528, False, 'time']
['kerriho', 202585047, 'impression', '8', 241381692L, datetime.datetime(2013, 5, 28, 0, 26, 36), 0.231955611115261, False, 'time']
['kerriho', 202585047, 'impression', '5', 241389077L, datetime.datetime(2013, 5, 28, 0, 26, 36), 0.305816025319393, False, 'time']
['kerriho', 202585047, 'impression', '11', 241380775L, datetime.datetime(2013, 5, 28, 0, 26, 36), 0.129245974346929, False, 'time']
['kerriho', 202585047, 'impression', '9', 241381117L, datetime.datetime(2013, 5, 28, 0, 27, 8), 0.40424874166528, False, 'time']
['kerriho', 202585047, 'expand_tile', '9', 241381117L, datetime.datetime(2013, 5, 28, 0, 27, 10), 0.40424874166528, False, 'time']
['kerriho', 202585047, 'send_message', '9', 241381117L, datetime.datetime(2013, 5, 28, 0, 27, 13), 0.40424874166528, False, 'time']
['kerriho', 202585047, 'view_full_application', '9', 241381117L, datetime.datetime(2013, 5, 28, 0, 27, 23), 0.40424874166528, False, 'time']
['kerriho', 202585047, 'impression', '9', 241381117L, datetime.datetime(2013, 5, 28, 0, 27, 42), 0.40424874166528, False, 'time']
['kerriho', 202585047, 'impression', '8', 241381692L, datetime.datetime(2013, 5, 28, 0, 27, 42), 0.231955611115261, False, 'time']
['kerriho', 202585047, 'impression', '5', 241389077L, datetime.datetime(2013, 5, 28, 0, 27, 42), 0.305816025319393, False, 'time']
['kerriho', 202585047, 'impression', '4', 241390735L, datetime.datetime(2013, 5, 28, 0, 27, 42), 0.132253965517824, False, 'time']
['kerriho', 202585047, 'impression', '3', 241392988L, datetime.datetime(2013, 5, 28, 0, 27, 42), 0.619306784148287, False, 'time']
['kerriho', 202585047, 'impression', '2', 241394903L, datetime.datetime(2013, 5, 28, 0, 27, 42), 0.201727937884566, False, 'time']
['kerriho', 202585047, 'impression', '11', 241380775L, datetime.datetime(2013, 5, 28, 0, 27, 42), 0.129245974346929, False, 'time']
['kerriho', 202585047, 'impression', '7', 241381878L, datetime.datetime(2013, 5, 28, 0, 27, 42), 0.24907224605492, False, 'time']
['kerriho', 202585047, 'impression', '6', 241382429L, datetime.datetime(2013, 5, 28, 0, 27, 42), 0.501261466493085, False, 'time']
['kerriho', 202585047, 'impression', '1', 241403616L, datetime.datetime(2013, 5, 28, 0, 27, 42), 0.193375329720501, True, 'time']
['kerriho', 202585047, 'impression', '10', 241380952L, datetime.datetime(2013, 5, 28, 0, 27, 42), 0.297741283442129, False, 'time']
['kerriho', 202585047, 'expand_tile', '9', 241381117L, datetime.datetime(2013, 5, 28, 0, 27, 45), 0.40424874166528, False, 'time']
['kerriho', 202585047, 'send_message', '9', 241381117L, datetime.datetime(2013, 5, 28, 0, 27, 47), 0.40424874166528, False, 'time']
['kerriho', 202585047, 'expand_tile', '9', 241381117L, datetime.datetime(2013, 5, 28, 0, 28, 45), 0.40424874166528, False, 'time']
['kerriho', 202585047, 'impression', '1', 241403616L, datetime.datetime(2013, 5, 28, 0, 28, 49), 0.193375329720501, True, 'time']
['kerriho', 202585047, 'impression', '7', 241381878L, datetime.datetime(2013, 5, 28, 0, 35, 39), 0.24907224605492, False, 'time']
['kerriho', 202585047, 'impression', '6', 241382429L, datetime.datetime(2013, 5, 28, 0, 35, 39), 0.501261466493085, False, 'time']
['kerriho', 202585047, 'impression', '10', 241380952L, datetime.datetime(2013, 5, 28, 0, 35, 39), 0.297741283442129, False, 'time']
['kerriho', 202585047, 'impression', '1', 241403616L, datetime.datetime(2013, 5, 28, 0, 35, 39), 0.193375329720501, True, 'time']
['kerriho', 202585047, 'impression', '9', 241381117L, datetime.datetime(2013, 5, 28, 0, 35, 39), 0.40424874166528, False, 'time']
['kerriho', 202585047, 'impression', '8', 241381692L, datetime.datetime(2013, 5, 28, 0, 35, 39), 0.231955611115261, False, 'time']
['kerriho', 202585047, 'impression', '5', 241389077L, datetime.datetime(2013, 5, 28, 0, 35, 39), 0.305816025319393, False, 'time']
['kerriho', 202585047, 'impression', '11', 241380775L, datetime.datetime(2013, 5, 28, 0, 35, 39), 0.129245974346929, False, 'time']
['kerriho', 202585047, 'impression', '4', 241390735L, datetime.datetime(2013, 5, 28, 0, 35, 39), 0.132253965517824, False, 'time']
['kerriho', 202585047, 'impression', '3', 241392988L, datetime.datetime(2013, 5, 28, 0, 35, 39), 0.619306784148287, False, 'time']
['kerriho', 202585047, 'impression', '2', 241394903L, datetime.datetime(2013, 5, 28, 0, 35, 39), 0.201727937884566, False, 'time']
['kerriho', 202585047, 'impression', '1', 241403616L, datetime.datetime(2013, 5, 28, 0, 35, 43), 0.193375329720501, True, 'time']

['kerriho', 202585047, 'impression', '7', 241382429L, datetime.datetime(2013, 5, 28, 7, 2, 30), 0.501261466493085, False, 'time']
['kerriho', 202585047, 'impression', '3', 241394903L, datetime.datetime(2013, 5, 28, 7, 2, 30), 0.201727937884566, False, 'time']
['kerriho', 202585047, 'impression', '5', 241390735L, datetime.datetime(2013, 5, 28, 7, 2, 30), 0.132253965517824, False, 'time']
['kerriho', 202585047, 'impression', '4', 241392988L, datetime.datetime(2013, 5, 28, 7, 2, 30), 0.619306784148287, False, 'time']
['kerriho', 202585047, 'impression', '1', 241442097L, datetime.datetime(2013, 5, 28, 7, 2, 30), 0.0247241380944535, False, 'time']
['kerriho', 202585047, 'impression', '8', 241381692L, datetime.datetime(2013, 5, 28, 7, 2, 30), 0.231955611115261, False, 'time']
['kerriho', 202585047, 'impression', '9', 241381117L, datetime.datetime(2013, 5, 28, 7, 2, 30), 0.40424874166528, False, 'time']
['kerriho', 202585047, 'impression', '6', 241389077L, datetime.datetime(2013, 5, 28, 7, 2, 30), 0.305816025319393, False, 'time']
['kerriho', 202585047, 'impression', '11', 241380775L, datetime.datetime(2013, 5, 28, 7, 2, 30), 0.129245974346929, False, 'time']
['kerriho', 202585047, 'impression', '2', 241403616L, datetime.datetime(2013, 5, 28, 7, 2, 30), 0.193375329720501, True, 'time']
['kerriho', 202585047, 'impression', '10', 241380952L, datetime.datetime(2013, 5, 28, 7, 2, 30), 0.297741283442129, False, 'time']

['kerriho', 202585047, 'impression', '13', 241380775L, datetime.datetime(2013, 5, 28, 22, 58, 49), 0.129245974346929, False, 'time']
['kerriho', 202585047, 'impression', '4', 241403616L, datetime.datetime(2013, 5, 28, 22, 58, 49), 0.193375329720501, True, 'time']
['kerriho', 202585047, 'impression', '12', 241380952L, datetime.datetime(2013, 5, 28, 22, 58, 49), 0.297741283442129, False, 'time']
['kerriho', 202585047, 'impression', '9', 241382429L, datetime.datetime(2013, 5, 28, 22, 58, 49), 0.501261466493085, False, 'time']
['kerriho', 202585047, 'impression', '10', 241381692L, datetime.datetime(2013, 5, 28, 22, 58, 49), 0.231955611115261, False, 'time']
['kerriho', 202585047, 'impression', '11', 241381117L, datetime.datetime(2013, 5, 28, 22, 58, 49), 0.40424874166528, False, 'time']
['kerriho', 202585047, 'impression', '8', 241389077L, datetime.datetime(2013, 5, 28, 22, 58, 49), 0.305816025319393, False, 'time']
['kerriho', 202585047, 'impression', '2', 241464937L, datetime.datetime(2013, 5, 28, 22, 58, 49), 0.114483616825155, False, 'time']
['kerriho', 202585047, 'impression', '3', 241442097L, datetime.datetime(2013, 5, 28, 22, 58, 49), 0.0247241380944535, False, 'time']
['kerriho', 202585047, 'impression', '7', 241390735L, datetime.datetime(2013, 5, 28, 22, 58, 49), 0.132253965517824, False, 'time']
['kerriho', 202585047, 'impression', '5', 241394903L, datetime.datetime(2013, 5, 28, 22, 58, 49), 0.201727937884566, False, 'time']
['kerriho', 202585047, 'impression', '6', 241392988L, datetime.datetime(2013, 5, 28, 22, 58, 49), 0.619306784148287, False, 'time']
['kerriho', 202585047, 'impression', '1', 241500937L, datetime.datetime(2013, 5, 28, 22, 58, 49), 0.116019259347221, False, 'time']
['kerriho', 202585047, 'impression', '2', 241464937L, datetime.datetime(2013, 5, 28, 22, 58, 52), 0.114483616825155, False, 'time']
['kerriho', 202585047, 'impression', '1', 241500937L, datetime.datetime(2013, 5, 28, 22, 58, 56), 0.116019259347221, False, 'time']
['kerriho', 202585047, 'impression', '1', 241500937L, datetime.datetime(2013, 5, 28, 22, 58, 56), 0.116019259347221, False, 'time']
['kerriho', 202585047, 'impression', '1', 241500937L, datetime.datetime(2013, 5, 28, 22, 58, 59), 0.116019259347221, False, 'time']
['kerriho', 202585047, 'impression', '2', 241464937L, datetime.datetime(2013, 5, 28, 22, 59, 1), 0.114483616825155, False, 'time']
['kerriho', 202585047, 'impression', '2', 241464937L, datetime.datetime(2013, 5, 28, 22, 59, 1), 0.114483616825155, False, 'time']
['kerriho', 202585047, 'impression', '3', 241442097L, datetime.datetime(2013, 5, 28, 22, 59, 2), 0.0247241380944535, False, 'time']
['kerriho', 202585047, 'impression', '3', 241442097L, datetime.datetime(2013, 5, 28, 22, 59, 5), 0.0247241380944535, False, 'time']
['kerriho', 202585047, 'impression', '3', 241442097L, datetime.datetime(2013, 5, 28, 22, 59, 6), 0.0247241380944535, False, 'time']
['kerriho', 202585047, 'expand_tile', '4', 241403616L, datetime.datetime(2013, 5, 28, 22, 59, 49), 0.193375329720501, True, 'time']
['kerriho', 202585047, 'impression', '7', 241390735L, datetime.datetime(2013, 5, 28, 23, 0, 7), 0.132253965517824, False, 'time']
['kerriho', 202585047, 'impression', '3', 241392988L, datetime.datetime(2013, 5, 28, 23, 0, 34), 0.619306784148287, False, 'time']
['kerriho', 202585047, 'impression', '4', 241390735L, datetime.datetime(2013, 5, 28, 23, 0, 34), 0.132253965517824, False, 'time']
['kerriho', 202585047, 'impression', '2', 241394903L, datetime.datetime(2013, 5, 28, 23, 0, 34), 0.201727937884566, False, 'time']
['kerriho', 202585047, 'impression', '6', 241382429L, datetime.datetime(2013, 5, 28, 23, 0, 34), 0.501261466493085, False, 'time']
['kerriho', 202585047, 'impression', '5', 241389077L, datetime.datetime(2013, 5, 28, 23, 0, 34), 0.305816025319393, False, 'time']
['kerriho', 202585047, 'impression', '8', 241381117L, datetime.datetime(2013, 5, 28, 23, 0, 34), 0.40424874166528, False, 'time']
['kerriho', 202585047, 'impression', '7', 241381692L, datetime.datetime(2013, 5, 28, 23, 0, 34), 0.231955611115261, False, 'time']
['kerriho', 202585047, 'impression', '1', 241403616L, datetime.datetime(2013, 5, 28, 23, 0, 34), 0.193375329720501, True, 'time']
['kerriho', 202585047, 'impression', '9', 241380952L, datetime.datetime(2013, 5, 28, 23, 0, 34), 0.297741283442129, False, 'time']
['kerriho', 202585047, 'impression', '10', 241380775L, datetime.datetime(2013, 5, 28, 23, 0, 34), 0.129245974346929, False, 'time']

['kerriho', 202585047, 'impression', '2', 241394903L, datetime.datetime(2013, 5, 29, 1, 28, 12), 0.201727937884566, False, 'time']
['kerriho', 202585047, 'impression', '4', 241390735L, datetime.datetime(2013, 5, 29, 1, 28, 12), 0.132253965517824, False, 'time']
['kerriho', 202585047, 'impression', '3', 241392988L, datetime.datetime(2013, 5, 29, 1, 28, 12), 0.619306784148287, False, 'time']
['kerriho', 202585047, 'impression', '1', 241403616L, datetime.datetime(2013, 5, 29, 1, 28, 12), 0.193375329720501, True, 'time']
['kerriho', 202585047, 'impression', '9', 241380952L, datetime.datetime(2013, 5, 29, 1, 28, 12), 0.297741283442129, False, 'time']
['kerriho', 202585047, 'impression', '8', 241381117L, datetime.datetime(2013, 5, 29, 1, 28, 12), 0.40424874166528, False, 'time']
['kerriho', 202585047, 'impression', '5', 241389077L, datetime.datetime(2013, 5, 29, 1, 28, 12), 0.305816025319393, False, 'time']
['kerriho', 202585047, 'impression', '7', 241381692L, datetime.datetime(2013, 5, 29, 1, 28, 12), 0.231955611115261, False, 'time']
['kerriho', 202585047, 'impression', '6', 241382429L, datetime.datetime(2013, 5, 29, 1, 28, 12), 0.501261466493085, False, 'time']
['kerriho', 202585047, 'impression', '10', 241380775L, datetime.datetime(2013, 5, 29, 1, 28, 12), 0.129245974346929, False, 'time']

