['kryg', 202576252, 'impression', '6', 241171975L, datetime.datetime(2013, 5, 25, 2, 26, 34), 0.253856998059201, False, 'best']
['kryg', 202576252, 'impression', '5', 241168332L, datetime.datetime(2013, 5, 25, 2, 26, 34), 0.169479233888086, False, 'best']
['kryg', 202576252, 'impression', '4', 241201498L, datetime.datetime(2013, 5, 25, 2, 26, 34), 0.222316126405291, True, 'best']
['kryg', 202576252, 'impression', '3', 241168191L, datetime.datetime(2013, 5, 25, 2, 26, 34), 0.313758625433285, False, 'best']
['kryg', 202576252, 'impression', '2', 241168417L, datetime.datetime(2013, 5, 25, 2, 26, 34), 0.355260623445804, False, 'best']
['kryg', 202576252, 'impression', '1', 241170628L, datetime.datetime(2013, 5, 25, 2, 26, 34), 0.461012837009081, False, 'best']
['kryg', 202576252, 'view_full_application_via_name', '1', 241170628L, datetime.datetime(2013, 5, 25, 2, 27, 23), 0.461012837009081, False, 'best']
['kryg', 202576252, 'impression', '4', 241201498L, datetime.datetime(2013, 5, 25, 2, 31, 12), 0.222316126405291, True, 'best']
['kryg', 202576252, 'impression', '3', 241168191L, datetime.datetime(2013, 5, 25, 2, 31, 12), 0.313758625433285, False, 'best']
['kryg', 202576252, 'impression', '6', 241171975L, datetime.datetime(2013, 5, 25, 2, 31, 12), 0.253856998059201, False, 'best']
['kryg', 202576252, 'impression', '5', 241168332L, datetime.datetime(2013, 5, 25, 2, 31, 12), 0.169479233888086, False, 'best']
['kryg', 202576252, 'impression', '1', 241170628L, datetime.datetime(2013, 5, 25, 2, 31, 12), 0.461012837009081, False, 'best']
['kryg', 202576252, 'impression', '2', 241168417L, datetime.datetime(2013, 5, 25, 2, 31, 12), 0.355260623445804, False, 'best']
['kryg', 202576252, 'view_full_application_via_name', '2', 241168417L, datetime.datetime(2013, 5, 25, 2, 31, 38), 0.355260623445804, False, 'best']
['kryg', 202576252, 'impression', '3', 241168191L, datetime.datetime(2013, 5, 25, 2, 32, 6), 0.313758625433285, False, 'best']
['kryg', 202576252, 'impression', '4', 241201498L, datetime.datetime(2013, 5, 25, 2, 32, 6), 0.222316126405291, True, 'best']
['kryg', 202576252, 'impression', '5', 241168332L, datetime.datetime(2013, 5, 25, 2, 32, 6), 0.169479233888086, False, 'best']
['kryg', 202576252, 'impression', '6', 241171975L, datetime.datetime(2013, 5, 25, 2, 32, 6), 0.253856998059201, False, 'best']
['kryg', 202576252, 'impression', '2', 241168417L, datetime.datetime(2013, 5, 25, 2, 32, 6), 0.355260623445804, False, 'best']
['kryg', 202576252, 'impression', '1', 241170628L, datetime.datetime(2013, 5, 25, 2, 32, 6), 0.461012837009081, False, 'best']
['kryg', 202576252, 'view_full_application_via_name', '3', 241168191L, datetime.datetime(2013, 5, 25, 2, 32, 19), 0.313758625433285, False, 'best']
['kryg', 202576252, 'impression', '1', 241170628L, datetime.datetime(2013, 5, 25, 2, 32, 54), 0.461012837009081, False, 'best']
['kryg', 202576252, 'impression', '2', 241168417L, datetime.datetime(2013, 5, 25, 2, 32, 54), 0.355260623445804, False, 'best']
['kryg', 202576252, 'impression', '5', 241168332L, datetime.datetime(2013, 5, 25, 2, 32, 54), 0.169479233888086, False, 'best']
['kryg', 202576252, 'impression', '6', 241171975L, datetime.datetime(2013, 5, 25, 2, 32, 54), 0.253856998059201, False, 'best']
['kryg', 202576252, 'impression', '4', 241201498L, datetime.datetime(2013, 5, 25, 2, 32, 54), 0.222316126405291, True, 'best']
['kryg', 202576252, 'impression', '3', 241168191L, datetime.datetime(2013, 5, 25, 2, 32, 54), 0.313758625433285, False, 'best']
['kryg', 202576252, 'hide', '2', 241168417L, datetime.datetime(2013, 5, 25, 2, 33, 5), 0.355260623445804, False, 'best']
['kryg', 202576252, 'expand_tile', '4', 241201498L, datetime.datetime(2013, 5, 25, 2, 33, 19), 0.222316126405291, True, 'best']
['kryg', 202576252, 'expand_tile', '4', 241201498L, datetime.datetime(2013, 5, 25, 2, 34, 5), 0.222316126405291, True, 'best']
['kryg', 202576252, 'view_full_application_via_name', '5', 241168332L, datetime.datetime(2013, 5, 25, 2, 34, 29), 0.169479233888086, False, 'best']
['kryg', 202576252, 'impression', '2', 241168191L, datetime.datetime(2013, 5, 25, 2, 35, 34), 0.313758625433285, False, 'best']
['kryg', 202576252, 'impression', '3', 241201498L, datetime.datetime(2013, 5, 25, 2, 35, 34), 0.222316126405291, True, 'best']
['kryg', 202576252, 'impression', '4', 241171975L, datetime.datetime(2013, 5, 25, 2, 35, 34), 0.253856998059201, False, 'best']
['kryg', 202576252, 'impression', '1', 241170628L, datetime.datetime(2013, 5, 25, 2, 35, 34), 0.461012837009081, False, 'best']
['kryg', 202576252, 'view_full_application_via_name', '4', 241171975L, datetime.datetime(2013, 5, 25, 2, 35, 41), 0.253856998059201, False, 'best']
['kryg', 202576252, 'impression', '1', 241170628L, datetime.datetime(2013, 5, 25, 2, 37, 18), 0.461012837009081, False, 'best']
['kryg', 202576252, 'impression', '2', 241168191L, datetime.datetime(2013, 5, 25, 2, 37, 18), 0.313758625433285, False, 'best']
['kryg', 202576252, 'impression', '3', 241201498L, datetime.datetime(2013, 5, 25, 2, 37, 18), 0.222316126405291, True, 'best']
['kryg', 202576252, 'view_full_application_via_name', '3', 241201498L, datetime.datetime(2013, 5, 25, 2, 37, 25), 0.222316126405291, True, 'best']

['kryg', 202576252, 'impression', '2', 241267791L, datetime.datetime(2013, 5, 26, 23, 20, 16), 0.230672823771063, False, 'best']
['kryg', 202576252, 'impression', '1', 241170628L, datetime.datetime(2013, 5, 26, 23, 20, 16), 0.461012837009081, False, 'best']
['kryg', 202576252, 'impression', '3', 241201498L, datetime.datetime(2013, 5, 26, 23, 20, 16), 0.222316126405291, True, 'best']
['kryg', 202576252, 'impression', '4', 241320394L, datetime.datetime(2013, 5, 26, 23, 20, 16), 0.34232938195142, False, 'best']

['kryg', 202576252, 'impression', '4', 241201498L, datetime.datetime(2013, 5, 28, 4, 55, 21), 0.222316126405291, True, 'best']
['kryg', 202576252, 'impression', '2', 241380323L, datetime.datetime(2013, 5, 28, 4, 55, 21), 0.346720987525484, False, 'best']
['kryg', 202576252, 'impression', '3', 241267791L, datetime.datetime(2013, 5, 28, 4, 55, 21), 0.230672823771063, False, 'best']
['kryg', 202576252, 'impression', '1', 241170628L, datetime.datetime(2013, 5, 28, 4, 55, 21), 0.461012837009081, False, 'best']

['kryg', 202576252, 'impression', '3', 241201498L, datetime.datetime(2013, 5, 29, 3, 22, 59), 0.222316126405291, True, 'best']
['kryg', 202576252, 'impression', '2', 241267791L, datetime.datetime(2013, 5, 29, 3, 22, 59), 0.230672823771063, False, 'best']
['kryg', 202576252, 'impression', '1', 241380323L, datetime.datetime(2013, 5, 29, 3, 22, 59), 0.346720987525484, False, 'best']

['kryg', 202576252, 'impression', '1', 241380323L, datetime.datetime(2013, 5, 29, 3, 56, 39), 0.346720987525484, False, 'best']
['kryg', 202576252, 'impression', '2', 241267791L, datetime.datetime(2013, 5, 29, 3, 56, 39), 0.230672823771063, False, 'best']
['kryg', 202576252, 'impression', '3', 241201498L, datetime.datetime(2013, 5, 29, 3, 56, 39), 0.222316126405291, True, 'best']
['kryg', 202576252, 'expand_tile', '1', 241380323L, datetime.datetime(2013, 5, 29, 3, 56, 53), 0.346720987525484, False, 'best']
['kryg', 202576252, 'send_message', '1', 241380323L, datetime.datetime(2013, 5, 29, 3, 57, 8), 0.346720987525484, False, 'best']
['kryg', 202576252, 'expand_tile', '1', 241380323L, datetime.datetime(2013, 5, 29, 3, 57, 20), 0.346720987525484, False, 'best']
['kryg', 202576252, 'view_full_application_via_name', '2', 241267791L, datetime.datetime(2013, 5, 29, 3, 57, 30), 0.230672823771063, False, 'best']

