['kstutes', 202585594, 'impression', '1', 241390168L, datetime.datetime(2013, 5, 27, 10, 15, 13), 0.0688089520222456, False, 'best']
['kstutes', 202585594, 'expand_tile', '1', 241390168L, datetime.datetime(2013, 5, 27, 10, 15, 27), 0.0688089520222456, False, 'best']
['kstutes', 202585594, 'send_message', '1', 241390168L, datetime.datetime(2013, 5, 27, 10, 16, 2), 0.0688089520222456, False, 'best']
['kstutes', 202585594, 'expand_tile', '1', 241390168L, datetime.datetime(2013, 5, 27, 10, 17, 6), 0.0688089520222456, False, 'best']
['kstutes', 202585594, 'impression', '1', 241390168L, datetime.datetime(2013, 5, 27, 10, 19, 48), 0.0688089520222456, False, 'best']
['kstutes', 202585594, 'impression', None, 241390168L, datetime.datetime(2013, 5, 27, 10, 19, 48), 0.0688089520222456, False, 'best']
['kstutes', 202585594, 'impression', '1', 241390826L, datetime.datetime(2013, 5, 27, 10, 29, 10), 0.477015950894999, False, 'best']
['kstutes', 202585594, 'impression', '2', 241390168L, datetime.datetime(2013, 5, 27, 10, 29, 10), 0.0688089520222456, False, 'best']
['kstutes', 202585594, 'expand_tile', '1', 241390826L, datetime.datetime(2013, 5, 27, 10, 29, 26), 0.477015950894999, False, 'best']
['kstutes', 202585594, 'send_message', '1', 241390826L, datetime.datetime(2013, 5, 27, 10, 30, 13), 0.477015950894999, False, 'best']
['kstutes', 202585594, 'expand_tile', '1', 241390826L, datetime.datetime(2013, 5, 27, 10, 31), 0.477015950894999, False, 'best']
['kstutes', 202585594, 'impression', '2', 241390168L, datetime.datetime(2013, 5, 27, 10, 31, 21), 0.0688089520222456, False, 'best']
['kstutes', 202585594, 'impression', '2', 241390168L, datetime.datetime(2013, 5, 27, 10, 31, 21), 0.0688089520222456, False, 'best']
['kstutes', 202585594, 'impression', '1', 241390826L, datetime.datetime(2013, 5, 27, 10, 31, 44), 0.477015950894999, False, 'best']
['kstutes', 202585594, 'impression', None, 241390826L, datetime.datetime(2013, 5, 27, 10, 31, 44), 0.477015950894999, False, 'best']

['kstutes', 202585594, 'impression', '2', 241390168L, datetime.datetime(2013, 5, 27, 11, 29, 18), 0.0688089520222456, False, 'best']
['kstutes', 202585594, 'impression', '1', 241390826L, datetime.datetime(2013, 5, 27, 11, 29, 18), 0.477015950894999, False, 'best']
['kstutes', 202585594, 'impression', '3', 241391602L, datetime.datetime(2013, 5, 27, 11, 29, 18), 0.0456064386684623, False, 'best']
['kstutes', 202585594, 'impression', '2', 241390168L, datetime.datetime(2013, 5, 27, 11, 29, 24), 0.0688089520222456, False, 'best']
['kstutes', 202585594, 'view_full_application_via_name', '3', 241391602L, datetime.datetime(2013, 5, 27, 11, 29, 40), 0.0456064386684623, False, 'best']
['kstutes', 202585594, 'impression', '5', 241391602L, datetime.datetime(2013, 5, 27, 11, 50, 21), 0.0456064386684623, False, 'best']
['kstutes', 202585594, 'impression', '6', 241396297L, datetime.datetime(2013, 5, 27, 11, 50, 21), 0.029232698867538, False, 'best']
['kstutes', 202585594, 'impression', '1', 241390826L, datetime.datetime(2013, 5, 27, 11, 50, 21), 0.477015950894999, False, 'best']
['kstutes', 202585594, 'impression', '2', 241396714L, datetime.datetime(2013, 5, 27, 11, 50, 21), 0.105367806873108, False, 'best']
['kstutes', 202585594, 'impression', '4', 241395567L, datetime.datetime(2013, 5, 27, 11, 50, 21), 0.0508307738260754, True, 'best']
['kstutes', 202585594, 'impression', '3', 241390168L, datetime.datetime(2013, 5, 27, 11, 50, 21), 0.0688089520222456, False, 'best']
['kstutes', 202585594, 'impression', '1', 241390826L, datetime.datetime(2013, 5, 27, 11, 50, 35), 0.477015950894999, False, 'best']
['kstutes', 202585594, 'expand_tile', '2', 241396714L, datetime.datetime(2013, 5, 27, 11, 51, 5), 0.105367806873108, False, 'best']
['kstutes', 202585594, 'view_full_application', '2', 241396714L, datetime.datetime(2013, 5, 27, 11, 51, 41), 0.105367806873108, False, 'best']
['kstutes', 202585594, 'impression', '6', 241396297L, datetime.datetime(2013, 5, 27, 11, 52, 21), 0.029232698867538, False, 'best']
['kstutes', 202585594, 'impression', '5', 241391602L, datetime.datetime(2013, 5, 27, 11, 52, 21), 0.0456064386684623, False, 'best']
['kstutes', 202585594, 'impression', '2', 241396714L, datetime.datetime(2013, 5, 27, 11, 52, 21), 0.105367806873108, False, 'best']
['kstutes', 202585594, 'impression', '1', 241390826L, datetime.datetime(2013, 5, 27, 11, 52, 21), 0.477015950894999, False, 'best']
['kstutes', 202585594, 'impression', '4', 241395567L, datetime.datetime(2013, 5, 27, 11, 52, 21), 0.0508307738260754, True, 'best']
['kstutes', 202585594, 'impression', '3', 241390168L, datetime.datetime(2013, 5, 27, 11, 52, 21), 0.0688089520222456, False, 'best']
['kstutes', 202585594, 'impression', '2', 241396714L, datetime.datetime(2013, 5, 27, 11, 52, 29), 0.105367806873108, False, 'best']
['kstutes', 202585594, 'impression', '1', 241390826L, datetime.datetime(2013, 5, 27, 11, 52, 43), 0.477015950894999, False, 'best']
['kstutes', 202585594, 'impression', '3', 241390168L, datetime.datetime(2013, 5, 27, 11, 52, 54), 0.0688089520222456, False, 'best']
['kstutes', 202585594, 'expand_tile', '4', 241395567L, datetime.datetime(2013, 5, 27, 11, 53, 55), 0.0508307738260754, True, 'best']
['kstutes', 202585594, 'impression', '4', 241395567L, datetime.datetime(2013, 5, 27, 11, 54, 21), 0.0508307738260754, True, 'best']
['kstutes', 202585594, 'expand_tile', '4', 241395567L, datetime.datetime(2013, 5, 27, 11, 54, 23), 0.0508307738260754, True, 'best']
['kstutes', 202585594, 'shortlist', '4', 241395567L, datetime.datetime(2013, 5, 27, 11, 54, 23), 0.0508307738260754, True, 'best']
['kstutes', 202585594, 'shortlist', '5', 241391602L, datetime.datetime(2013, 5, 27, 11, 54, 29), 0.0456064386684623, False, 'best']
['kstutes', 202585594, 'impression', '1', 241390826L, datetime.datetime(2013, 5, 27, 11, 54, 33), 0.477015950894999, False, 'best']
['kstutes', 202585594, 'impression', '2', 241396714L, datetime.datetime(2013, 5, 27, 11, 54, 40), 0.105367806873108, False, 'best']
['kstutes', 202585594, 'impression', '2', 241396714L, datetime.datetime(2013, 5, 27, 11, 55, 10), 0.105367806873108, False, 'best']
['kstutes', 202585594, 'impression', '2', 241396714L, datetime.datetime(2013, 5, 27, 11, 55, 23), 0.105367806873108, False, 'best']
['kstutes', 202585594, 'send_message', '4', 241395567L, datetime.datetime(2013, 5, 27, 11, 55, 43), 0.0508307738260754, True, 'best']
['kstutes', 202585594, 'expand_tile', '4', 241395567L, datetime.datetime(2013, 5, 27, 12, 0, 56), 0.0508307738260754, True, 'best']

['kstutes', 202585594, 'impression', '2', 241396714L, datetime.datetime(2013, 5, 27, 13, 8, 28), 0.105367806873108, False, 'best']
['kstutes', 202585594, 'impression', '3', 241399884L, datetime.datetime(2013, 5, 27, 13, 8, 28), 0.0899595534524469, False, 'best']
['kstutes', 202585594, 'impression', '6', 241391602L, datetime.datetime(2013, 5, 27, 13, 8, 28), 0.0456064386684623, False, 'best']
['kstutes', 202585594, 'impression', '1', 241398164L, datetime.datetime(2013, 5, 27, 13, 8, 28), 0.12091734620833, False, 'best']
['kstutes', 202585594, 'impression', '7', 241396297L, datetime.datetime(2013, 5, 27, 13, 8, 28), 0.029232698867538, False, 'best']
['kstutes', 202585594, 'impression', '4', 241390168L, datetime.datetime(2013, 5, 27, 13, 8, 28), 0.0688089520222456, False, 'best']
['kstutes', 202585594, 'impression', '5', 241395567L, datetime.datetime(2013, 5, 27, 13, 8, 28), 0.0508307738260754, True, 'best']
['kstutes', 202585594, 'view_full_application_via_name', '1', 241398164L, datetime.datetime(2013, 5, 27, 13, 10, 17), 0.12091734620833, False, 'best']
['kstutes', 202585594, 'impression', '2', 241396714L, datetime.datetime(2013, 5, 27, 13, 14, 8), 0.105367806873108, False, 'best']
['kstutes', 202585594, 'impression', '8', 241396297L, datetime.datetime(2013, 5, 27, 13, 14, 8), 0.029232698867538, False, 'best']
['kstutes', 202585594, 'impression', '7', 241391602L, datetime.datetime(2013, 5, 27, 13, 14, 8), 0.0456064386684623, False, 'best']
['kstutes', 202585594, 'impression', '1', 241398164L, datetime.datetime(2013, 5, 27, 13, 14, 8), 0.12091734620833, False, 'best']
['kstutes', 202585594, 'impression', '3', 241400742L, datetime.datetime(2013, 5, 27, 13, 14, 8), 0.101128914349987, False, 'best']
['kstutes', 202585594, 'impression', '4', 241399884L, datetime.datetime(2013, 5, 27, 13, 14, 8), 0.0899595534524469, False, 'best']
['kstutes', 202585594, 'impression', '5', 241390168L, datetime.datetime(2013, 5, 27, 13, 14, 8), 0.0688089520222456, False, 'best']
['kstutes', 202585594, 'impression', '6', 241395567L, datetime.datetime(2013, 5, 27, 13, 14, 8), 0.0508307738260754, True, 'best']
['kstutes', 202585594, 'view_full_application_via_name', '3', 241400742L, datetime.datetime(2013, 5, 27, 13, 14, 55), 0.101128914349987, False, 'best']
['kstutes', 202585594, 'impression', '9', 241396297L, datetime.datetime(2013, 5, 27, 13, 18, 27), 0.029232698867538, False, 'best']
['kstutes', 202585594, 'impression', '4', 241401397L, datetime.datetime(2013, 5, 27, 13, 18, 27), 0.0901551839664103, False, 'best']
['kstutes', 202585594, 'impression', '1', 241398164L, datetime.datetime(2013, 5, 27, 13, 18, 27), 0.12091734620833, False, 'best']
['kstutes', 202585594, 'impression', '8', 241391602L, datetime.datetime(2013, 5, 27, 13, 18, 27), 0.0456064386684623, False, 'best']
['kstutes', 202585594, 'impression', '3', 241400742L, datetime.datetime(2013, 5, 27, 13, 18, 27), 0.101128914349987, False, 'best']
['kstutes', 202585594, 'impression', '5', 241399884L, datetime.datetime(2013, 5, 27, 13, 18, 27), 0.0899595534524469, False, 'best']
['kstutes', 202585594, 'impression', '7', 241395567L, datetime.datetime(2013, 5, 27, 13, 18, 27), 0.0508307738260754, True, 'best']
['kstutes', 202585594, 'impression', '6', 241390168L, datetime.datetime(2013, 5, 27, 13, 18, 27), 0.0688089520222456, False, 'best']
['kstutes', 202585594, 'impression', '2', 241396714L, datetime.datetime(2013, 5, 27, 13, 18, 27), 0.105367806873108, False, 'best']
['kstutes', 202585594, 'impression', '6', 241390168L, datetime.datetime(2013, 5, 27, 13, 19, 26), 0.0688089520222456, False, 'best']
['kstutes', 202585594, 'impression', '7', 241395567L, datetime.datetime(2013, 5, 27, 13, 19, 32), 0.0508307738260754, True, 'best']
['kstutes', 202585594, 'expand_tile', '7', 241395567L, datetime.datetime(2013, 5, 27, 13, 19, 47), 0.0508307738260754, True, 'best']
['kstutes', 202585594, 'shortlist', '1', 241398164L, datetime.datetime(2013, 5, 27, 13, 20, 25), 0.12091734620833, False, 'best']
['kstutes', 202585594, 'unshortlist', '8', 241391602L, datetime.datetime(2013, 5, 27, 13, 20, 51), 0.0456064386684623, False, 'best']
['kstutes', 202585594, 'shortlist', '8', 241391602L, datetime.datetime(2013, 5, 27, 13, 20, 54), 0.0456064386684623, False, 'best']
['kstutes', 202585594, 'view_full_application_via_name', '1', 241398164L, datetime.datetime(2013, 5, 27, 13, 21, 6), 0.12091734620833, False, 'best']
['kstutes', 202585594, 'impression', '6', 241395567L, datetime.datetime(2013, 5, 27, 13, 22, 24), 0.0508307738260754, True, 'best']
['kstutes', 202585594, 'impression', '3', 241400742L, datetime.datetime(2013, 5, 27, 13, 22, 24), 0.101128914349987, False, 'best']
['kstutes', 202585594, 'impression', '8', 241396297L, datetime.datetime(2013, 5, 27, 13, 22, 24), 0.029232698867538, False, 'best']
['kstutes', 202585594, 'impression', '7', 241391602L, datetime.datetime(2013, 5, 27, 13, 22, 24), 0.0456064386684623, False, 'best']
['kstutes', 202585594, 'impression', '4', 241401397L, datetime.datetime(2013, 5, 27, 13, 22, 24), 0.0901551839664103, False, 'best']
['kstutes', 202585594, 'impression', '1', 241398164L, datetime.datetime(2013, 5, 27, 13, 22, 24), 0.12091734620833, False, 'best']
['kstutes', 202585594, 'impression', '5', 241399884L, datetime.datetime(2013, 5, 27, 13, 22, 24), 0.0899595534524469, False, 'best']
['kstutes', 202585594, 'impression', '2', 241396714L, datetime.datetime(2013, 5, 27, 13, 22, 24), 0.105367806873108, False, 'best']
['kstutes', 202585594, 'view_full_application_via_name', '1', 241398164L, datetime.datetime(2013, 5, 27, 13, 31, 19), 0.12091734620833, False, 'best']
['kstutes', 202585594, 'impression', '5', 241399884L, datetime.datetime(2013, 5, 27, 13, 33, 26), 0.0899595534524469, False, 'best']
['kstutes', 202585594, 'impression', '3', 241400742L, datetime.datetime(2013, 5, 27, 13, 33, 26), 0.101128914349987, False, 'best']
['kstutes', 202585594, 'impression', '7', 241391602L, datetime.datetime(2013, 5, 27, 13, 33, 26), 0.0456064386684623, False, 'best']
['kstutes', 202585594, 'impression', '8', 241396297L, datetime.datetime(2013, 5, 27, 13, 33, 26), 0.029232698867538, False, 'best']
['kstutes', 202585594, 'impression', '4', 241401397L, datetime.datetime(2013, 5, 27, 13, 33, 26), 0.0901551839664103, False, 'best']
['kstutes', 202585594, 'impression', '1', 241398164L, datetime.datetime(2013, 5, 27, 13, 33, 26), 0.12091734620833, False, 'best']
['kstutes', 202585594, 'impression', '2', 241396714L, datetime.datetime(2013, 5, 27, 13, 33, 26), 0.105367806873108, False, 'best']
['kstutes', 202585594, 'impression', '6', 241395567L, datetime.datetime(2013, 5, 27, 13, 33, 26), 0.0508307738260754, True, 'best']
['kstutes', 202585594, 'unshortlist', '1', 241398164L, datetime.datetime(2013, 5, 27, 13, 33, 33), 0.12091734620833, False, 'best']
['kstutes', 202585594, 'impression', '5', 241399884L, datetime.datetime(2013, 5, 27, 13, 34, 30), 0.0899595534524469, False, 'best']
['kstutes', 202585594, 'impression', '2', 241396714L, datetime.datetime(2013, 5, 27, 13, 34, 30), 0.105367806873108, False, 'best']
['kstutes', 202585594, 'impression', '4', 241401397L, datetime.datetime(2013, 5, 27, 13, 34, 30), 0.0901551839664103, False, 'best']
['kstutes', 202585594, 'impression', '1', 241398164L, datetime.datetime(2013, 5, 27, 13, 34, 30), 0.12091734620833, False, 'best']
['kstutes', 202585594, 'impression', '7', 241391602L, datetime.datetime(2013, 5, 27, 13, 34, 30), 0.0456064386684623, False, 'best']
['kstutes', 202585594, 'impression', '8', 241396297L, datetime.datetime(2013, 5, 27, 13, 34, 30), 0.029232698867538, False, 'best']
['kstutes', 202585594, 'impression', '3', 241400742L, datetime.datetime(2013, 5, 27, 13, 34, 30), 0.101128914349987, False, 'best']
['kstutes', 202585594, 'impression', '6', 241395567L, datetime.datetime(2013, 5, 27, 13, 34, 30), 0.0508307738260754, True, 'best']
['kstutes', 202585594, 'impression', '6', 241395567L, datetime.datetime(2013, 5, 27, 13, 35, 12), 0.0508307738260754, True, 'best']
['kstutes', 202585594, 'impression', '5', 241399884L, datetime.datetime(2013, 5, 27, 13, 35, 12), 0.0899595534524469, False, 'best']
['kstutes', 202585594, 'impression', '2', 241396714L, datetime.datetime(2013, 5, 27, 13, 35, 12), 0.105367806873108, False, 'best']
['kstutes', 202585594, 'impression', '4', 241401397L, datetime.datetime(2013, 5, 27, 13, 35, 12), 0.0901551839664103, False, 'best']
['kstutes', 202585594, 'impression', '7', 241391602L, datetime.datetime(2013, 5, 27, 13, 35, 12), 0.0456064386684623, False, 'best']
['kstutes', 202585594, 'impression', '1', 241398164L, datetime.datetime(2013, 5, 27, 13, 35, 12), 0.12091734620833, False, 'best']
['kstutes', 202585594, 'impression', '3', 241400742L, datetime.datetime(2013, 5, 27, 13, 35, 12), 0.101128914349987, False, 'best']
['kstutes', 202585594, 'impression', '8', 241396297L, datetime.datetime(2013, 5, 27, 13, 35, 12), 0.029232698867538, False, 'best']
['kstutes', 202585594, 'impression', '5', 241399884L, datetime.datetime(2013, 5, 27, 13, 37, 36), 0.0899595534524469, False, 'best']
['kstutes', 202585594, 'impression', '6', 241395567L, datetime.datetime(2013, 5, 27, 13, 37, 36), 0.0508307738260754, True, 'best']
['kstutes', 202585594, 'impression', '2', 241396714L, datetime.datetime(2013, 5, 27, 13, 37, 36), 0.105367806873108, False, 'best']
['kstutes', 202585594, 'impression', '4', 241401397L, datetime.datetime(2013, 5, 27, 13, 37, 36), 0.0901551839664103, False, 'best']
['kstutes', 202585594, 'impression', '8', 241396297L, datetime.datetime(2013, 5, 27, 13, 37, 36), 0.029232698867538, False, 'best']
['kstutes', 202585594, 'impression', '3', 241400742L, datetime.datetime(2013, 5, 27, 13, 37, 36), 0.101128914349987, False, 'best']
['kstutes', 202585594, 'impression', '7', 241391602L, datetime.datetime(2013, 5, 27, 13, 37, 36), 0.0456064386684623, False, 'best']
['kstutes', 202585594, 'impression', '1', 241398164L, datetime.datetime(2013, 5, 27, 13, 37, 36), 0.12091734620833, False, 'best']
['kstutes', 202585594, 'impression', '5', 241399884L, datetime.datetime(2013, 5, 27, 14, 6, 42), 0.0899595534524469, False, 'best']
['kstutes', 202585594, 'impression', '6', 241395567L, datetime.datetime(2013, 5, 27, 14, 6, 42), 0.0508307738260754, True, 'best']
['kstutes', 202585594, 'impression', '3', 241400742L, datetime.datetime(2013, 5, 27, 14, 6, 42), 0.101128914349987, False, 'best']
['kstutes', 202585594, 'impression', '7', 241391602L, datetime.datetime(2013, 5, 27, 14, 6, 42), 0.0456064386684623, False, 'best']
['kstutes', 202585594, 'impression', '4', 241401397L, datetime.datetime(2013, 5, 27, 14, 6, 42), 0.0901551839664103, False, 'best']
['kstutes', 202585594, 'impression', '1', 241398164L, datetime.datetime(2013, 5, 27, 14, 6, 42), 0.12091734620833, False, 'best']
['kstutes', 202585594, 'impression', '8', 241396297L, datetime.datetime(2013, 5, 27, 14, 6, 42), 0.029232698867538, False, 'best']
['kstutes', 202585594, 'impression', '2', 241396714L, datetime.datetime(2013, 5, 27, 14, 6, 42), 0.105367806873108, False, 'best']
['kstutes', 202585594, 'impression', '8', 241396297L, datetime.datetime(2013, 5, 27, 14, 6, 54), 0.029232698867538, False, 'best']
['kstutes', 202585594, 'expand_tile', '7', 241391602L, datetime.datetime(2013, 5, 27, 14, 7, 23), 0.0456064386684623, False, 'best']
['kstutes', 202585594, 'view_full_application_via_message', '7', 241391602L, datetime.datetime(2013, 5, 27, 14, 8), 0.0456064386684623, False, 'best']
['kstutes', 202585594, 'impression', '1', 241398164L, datetime.datetime(2013, 5, 27, 14, 8, 19), 0.12091734620833, False, 'best']
['kstutes', 202585594, 'impression', '3', 241400742L, datetime.datetime(2013, 5, 27, 14, 8, 19), 0.101128914349987, False, 'best']
['kstutes', 202585594, 'impression', '4', 241401397L, datetime.datetime(2013, 5, 27, 14, 8, 19), 0.0901551839664103, False, 'best']
['kstutes', 202585594, 'impression', '7', 241391602L, datetime.datetime(2013, 5, 27, 14, 8, 19), 0.0456064386684623, False, 'best']
['kstutes', 202585594, 'impression', '5', 241399884L, datetime.datetime(2013, 5, 27, 14, 8, 19), 0.0899595534524469, False, 'best']
['kstutes', 202585594, 'impression', '6', 241395567L, datetime.datetime(2013, 5, 27, 14, 8, 19), 0.0508307738260754, True, 'best']
['kstutes', 202585594, 'impression', '2', 241396714L, datetime.datetime(2013, 5, 27, 14, 8, 19), 0.105367806873108, False, 'best']
['kstutes', 202585594, 'impression', '6', 241395567L, datetime.datetime(2013, 5, 27, 14, 8, 33), 0.0508307738260754, True, 'best']
['kstutes', 202585594, 'expand_tile', '4', 241401397L, datetime.datetime(2013, 5, 27, 14, 9, 16), 0.0901551839664103, False, 'best']

['kstutes', 202585594, 'impression', '5', 241408197L, datetime.datetime(2013, 5, 27, 15, 58, 32), 0.0927966013852194, False, 'best']
['kstutes', 202585594, 'impression', '8', 241406000L, datetime.datetime(2013, 5, 27, 15, 58, 32), 0.078894201164695, False, 'best']
['kstutes', 202585594, 'impression', '1', 241404493L, datetime.datetime(2013, 5, 27, 15, 58, 32), 0.184069582968773, False, 'best']
['kstutes', 202585594, 'impression', '3', 241396714L, datetime.datetime(2013, 5, 27, 15, 58, 32), 0.105367806873108, False, 'best']
['kstutes', 202585594, 'impression', '2', 241398164L, datetime.datetime(2013, 5, 27, 15, 58, 32), 0.12091734620833, False, 'best']
['kstutes', 202585594, 'impression', '11', 241391602L, datetime.datetime(2013, 5, 27, 15, 58, 32), 0.0456064386684623, False, 'best']
['kstutes', 202585594, 'impression', '6', 241401397L, datetime.datetime(2013, 5, 27, 15, 58, 32), 0.0901551839664103, False, 'best']
['kstutes', 202585594, 'impression', '4', 241400742L, datetime.datetime(2013, 5, 27, 15, 58, 32), 0.101128914349987, False, 'best']
['kstutes', 202585594, 'impression', '10', 241395567L, datetime.datetime(2013, 5, 27, 15, 58, 32), 0.0508307738260754, True, 'best']
['kstutes', 202585594, 'impression', '9', 241406265L, datetime.datetime(2013, 5, 27, 15, 58, 32), 0.0656173805156946, False, 'best']
['kstutes', 202585594, 'impression', '7', 241399884L, datetime.datetime(2013, 5, 27, 15, 58, 32), 0.0899595534524469, False, 'best']
['kstutes', 202585594, 'expand_tile', '1', 241404493L, datetime.datetime(2013, 5, 27, 15, 58, 52), 0.184069582968773, False, 'best']
['kstutes', 202585594, 'impression', '10', 241395567L, datetime.datetime(2013, 5, 27, 16, 1, 11), 0.0508307738260754, True, 'best']
['kstutes', 202585594, 'impression', '1', 241404493L, datetime.datetime(2013, 5, 27, 16, 1, 11), 0.184069582968773, False, 'best']
['kstutes', 202585594, 'impression', '3', 241396714L, datetime.datetime(2013, 5, 27, 16, 1, 11), 0.105367806873108, False, 'best']
['kstutes', 202585594, 'impression', '9', 241406265L, datetime.datetime(2013, 5, 27, 16, 1, 11), 0.0656173805156946, False, 'best']
['kstutes', 202585594, 'impression', '7', 241399884L, datetime.datetime(2013, 5, 27, 16, 1, 11), 0.0899595534524469, False, 'best']
['kstutes', 202585594, 'impression', '6', 241401397L, datetime.datetime(2013, 5, 27, 16, 1, 11), 0.0901551839664103, False, 'best']
['kstutes', 202585594, 'impression', '4', 241400742L, datetime.datetime(2013, 5, 27, 16, 1, 11), 0.101128914349987, False, 'best']
['kstutes', 202585594, 'impression', '11', 241391602L, datetime.datetime(2013, 5, 27, 16, 1, 11), 0.0456064386684623, False, 'best']
['kstutes', 202585594, 'impression', '2', 241398164L, datetime.datetime(2013, 5, 27, 16, 1, 11), 0.12091734620833, False, 'best']
['kstutes', 202585594, 'impression', '5', 241408197L, datetime.datetime(2013, 5, 27, 16, 1, 11), 0.0927966013852194, False, 'best']
['kstutes', 202585594, 'impression', '8', 241406000L, datetime.datetime(2013, 5, 27, 16, 1, 11), 0.078894201164695, False, 'best']
['kstutes', 202585594, 'impression', '11', 241391602L, datetime.datetime(2013, 5, 27, 16, 3, 43), 0.0456064386684623, False, 'best']
['kstutes', 202585594, 'impression', '6', 241401397L, datetime.datetime(2013, 5, 27, 16, 3, 43), 0.0901551839664103, False, 'best']
['kstutes', 202585594, 'impression', '2', 241398164L, datetime.datetime(2013, 5, 27, 16, 3, 43), 0.12091734620833, False, 'best']
['kstutes', 202585594, 'impression', '4', 241400742L, datetime.datetime(2013, 5, 27, 16, 3, 43), 0.101128914349987, False, 'best']
['kstutes', 202585594, 'impression', '3', 241396714L, datetime.datetime(2013, 5, 27, 16, 3, 43), 0.105367806873108, False, 'best']
['kstutes', 202585594, 'impression', '1', 241404493L, datetime.datetime(2013, 5, 27, 16, 3, 43), 0.184069582968773, False, 'best']
['kstutes', 202585594, 'impression', '9', 241406265L, datetime.datetime(2013, 5, 27, 16, 3, 43), 0.0656173805156946, False, 'best']
['kstutes', 202585594, 'impression', '8', 241406000L, datetime.datetime(2013, 5, 27, 16, 3, 43), 0.078894201164695, False, 'best']
['kstutes', 202585594, 'impression', '7', 241399884L, datetime.datetime(2013, 5, 27, 16, 3, 43), 0.0899595534524469, False, 'best']
['kstutes', 202585594, 'impression', '10', 241395567L, datetime.datetime(2013, 5, 27, 16, 3, 43), 0.0508307738260754, True, 'best']
['kstutes', 202585594, 'impression', '5', 241408197L, datetime.datetime(2013, 5, 27, 16, 3, 43), 0.0927966013852194, False, 'best']
['kstutes', 202585594, 'impression', '6', 241401397L, datetime.datetime(2013, 5, 27, 16, 3, 57), 0.0901551839664103, False, 'best']
['kstutes', 202585594, 'impression', '7', 241399884L, datetime.datetime(2013, 5, 27, 16, 4), 0.0899595534524469, False, 'best']
['kstutes', 202585594, 'impression', '8', 241406000L, datetime.datetime(2013, 5, 27, 16, 4, 3), 0.078894201164695, False, 'best']
['kstutes', 202585594, 'impression', '9', 241406265L, datetime.datetime(2013, 5, 27, 16, 4, 5), 0.0656173805156946, False, 'best']
['kstutes', 202585594, 'impression', '7', 241399884L, datetime.datetime(2013, 5, 27, 16, 4, 7), 0.0899595534524469, False, 'best']
['kstutes', 202585594, 'impression', '10', 241395567L, datetime.datetime(2013, 5, 27, 16, 4, 10), 0.0508307738260754, True, 'best']
['kstutes', 202585594, 'impression', '7', 241399884L, datetime.datetime(2013, 5, 27, 16, 4, 11), 0.0899595534524469, False, 'best']
['kstutes', 202585594, 'expand_tile', '11', 241391602L, datetime.datetime(2013, 5, 27, 16, 4, 41), 0.0456064386684623, False, 'best']
['kstutes', 202585594, 'collapse_tile', '11', 241391602L, datetime.datetime(2013, 5, 27, 16, 5, 32), 0.0456064386684623, False, 'best']

['kstutes', 202585594, 'impression', '9', 241395567L, datetime.datetime(2013, 5, 27, 16, 39, 19), 0.0508307738260754, True, 'best']
['kstutes', 202585594, 'impression', '7', 241412269L, datetime.datetime(2013, 5, 27, 16, 39, 19), 0.0800170643595893, False, 'best']
['kstutes', 202585594, 'impression', '5', 241408197L, datetime.datetime(2013, 5, 27, 16, 39, 19), 0.0927966013852194, False, 'best']
['kstutes', 202585594, 'impression', '3', 241396714L, datetime.datetime(2013, 5, 27, 16, 39, 19), 0.105367806873108, False, 'best']
['kstutes', 202585594, 'impression', '1', 241404493L, datetime.datetime(2013, 5, 27, 16, 39, 19), 0.184069582968773, False, 'best']
['kstutes', 202585594, 'impression', '4', 241400742L, datetime.datetime(2013, 5, 27, 16, 39, 19), 0.101128914349987, False, 'best']
['kstutes', 202585594, 'impression', '10', 241391602L, datetime.datetime(2013, 5, 27, 16, 39, 19), 0.0456064386684623, False, 'best']
['kstutes', 202585594, 'impression', '2', 241398164L, datetime.datetime(2013, 5, 27, 16, 39, 19), 0.12091734620833, False, 'best']
['kstutes', 202585594, 'impression', '6', 241399884L, datetime.datetime(2013, 5, 27, 16, 39, 19), 0.0899595534524469, False, 'best']
['kstutes', 202585594, 'impression', '8', 241412257L, datetime.datetime(2013, 5, 27, 16, 39, 19), 0.0780357060034374, False, 'best']

['kstutes', 202585594, 'impression', '6', 241408197L, datetime.datetime(2013, 5, 27, 21, 40, 29), 0.0927966013852194, False, 'best']
['kstutes', 202585594, 'impression', '8', 241412269L, datetime.datetime(2013, 5, 27, 21, 40, 29), 0.0800170643595893, False, 'best']
['kstutes', 202585594, 'impression', '5', 241400742L, datetime.datetime(2013, 5, 27, 21, 40, 29), 0.101128914349987, False, 'best']
['kstutes', 202585594, 'impression', '11', 241391602L, datetime.datetime(2013, 5, 27, 21, 40, 29), 0.0456064386684623, False, 'best']
['kstutes', 202585594, 'impression', '3', 241398164L, datetime.datetime(2013, 5, 27, 21, 40, 29), 0.12091734620833, False, 'best']
['kstutes', 202585594, 'impression', '10', 241395567L, datetime.datetime(2013, 5, 27, 21, 40, 29), 0.0508307738260754, True, 'best']
['kstutes', 202585594, 'impression', '7', 241399884L, datetime.datetime(2013, 5, 27, 21, 40, 29), 0.0899595534524469, False, 'best']
['kstutes', 202585594, 'impression', '1', 241404493L, datetime.datetime(2013, 5, 27, 21, 40, 29), 0.184069582968773, False, 'best']
['kstutes', 202585594, 'impression', '4', 241396714L, datetime.datetime(2013, 5, 27, 21, 40, 29), 0.105367806873108, False, 'best']
['kstutes', 202585594, 'impression', '2', 241416080L, datetime.datetime(2013, 5, 27, 21, 40, 29), 0.136370347280976, False, 'best']
['kstutes', 202585594, 'impression', '9', 241412257L, datetime.datetime(2013, 5, 27, 21, 40, 29), 0.0780357060034374, False, 'best']
['kstutes', 202585594, 'impression', '4', 241396714L, datetime.datetime(2013, 5, 27, 21, 44, 24), 0.105367806873108, False, 'best']
['kstutes', 202585594, 'impression', '1', 241404493L, datetime.datetime(2013, 5, 27, 21, 44, 24), 0.184069582968773, False, 'best']
['kstutes', 202585594, 'impression', '7', 241399884L, datetime.datetime(2013, 5, 27, 21, 44, 24), 0.0899595534524469, False, 'best']
['kstutes', 202585594, 'impression', '11', 241391602L, datetime.datetime(2013, 5, 27, 21, 44, 24), 0.0456064386684623, False, 'best']
['kstutes', 202585594, 'impression', '3', 241398164L, datetime.datetime(2013, 5, 27, 21, 44, 24), 0.12091734620833, False, 'best']
['kstutes', 202585594, 'impression', '5', 241400742L, datetime.datetime(2013, 5, 27, 21, 44, 24), 0.101128914349987, False, 'best']
['kstutes', 202585594, 'impression', '2', 241416080L, datetime.datetime(2013, 5, 27, 21, 44, 24), 0.136370347280976, False, 'best']
['kstutes', 202585594, 'impression', '9', 241412257L, datetime.datetime(2013, 5, 27, 21, 44, 24), 0.0780357060034374, False, 'best']
['kstutes', 202585594, 'impression', '10', 241395567L, datetime.datetime(2013, 5, 27, 21, 44, 24), 0.0508307738260754, True, 'best']
['kstutes', 202585594, 'impression', '8', 241412269L, datetime.datetime(2013, 5, 27, 21, 44, 24), 0.0800170643595893, False, 'best']
['kstutes', 202585594, 'impression', '6', 241408197L, datetime.datetime(2013, 5, 27, 21, 44, 24), 0.0927966013852194, False, 'best']
['kstutes', 202585594, 'expand_tile', '1', 241404493L, datetime.datetime(2013, 5, 27, 21, 44, 37), 0.184069582968773, False, 'best']

['kstutes', 202585594, 'impression', '9', 241399884L, datetime.datetime(2013, 5, 28, 13, 6, 39), 0.0899595534524469, False, 'best']
['kstutes', 202585594, 'impression', '13', 241395567L, datetime.datetime(2013, 5, 28, 13, 6, 39), 0.0508307738260754, True, 'best']
['kstutes', 202585594, 'impression', '12', 241461381L, datetime.datetime(2013, 5, 28, 13, 6, 39), 0.058465683351573, False, 'best']
['kstutes', 202585594, 'impression', '5', 241396714L, datetime.datetime(2013, 5, 28, 13, 6, 39), 0.105367806873108, False, 'best']
['kstutes', 202585594, 'impression', '2', 241404493L, datetime.datetime(2013, 5, 28, 13, 6, 39), 0.184069582968773, False, 'best']
['kstutes', 202585594, 'impression', '10', 241412269L, datetime.datetime(2013, 5, 28, 13, 6, 39), 0.0800170643595893, False, 'best']
['kstutes', 202585594, 'impression', '8', 241408197L, datetime.datetime(2013, 5, 28, 13, 6, 39), 0.0927966013852194, False, 'best']
['kstutes', 202585594, 'impression', '3', 241416080L, datetime.datetime(2013, 5, 28, 13, 6, 39), 0.136370347280976, False, 'best']
['kstutes', 202585594, 'impression', '7', 241453724L, datetime.datetime(2013, 5, 28, 13, 6, 39), 0.0953600630666711, False, 'best']
['kstutes', 202585594, 'impression', '11', 241412257L, datetime.datetime(2013, 5, 28, 13, 6, 39), 0.0780357060034374, False, 'best']
['kstutes', 202585594, 'impression', '15', 241455359L, datetime.datetime(2013, 5, 28, 13, 6, 39), 0.0427914912451148, False, 'best']
['kstutes', 202585594, 'impression', '1', 241464451L, datetime.datetime(2013, 5, 28, 13, 6, 39), 0.219804832247342, False, 'best']
['kstutes', 202585594, 'impression', '14', 241391602L, datetime.datetime(2013, 5, 28, 13, 6, 39), 0.0456064386684623, False, 'best']
['kstutes', 202585594, 'impression', '4', 241398164L, datetime.datetime(2013, 5, 28, 13, 6, 39), 0.12091734620833, False, 'best']
['kstutes', 202585594, 'impression', '6', 241400742L, datetime.datetime(2013, 5, 28, 13, 6, 39), 0.101128914349987, False, 'best']
['kstutes', 202585594, 'view_full_application_via_name', '1', 241464451L, datetime.datetime(2013, 5, 28, 13, 6, 52), 0.219804832247342, False, 'best']
['kstutes', 202585594, 'impression', '14', 241391602L, datetime.datetime(2013, 5, 28, 13, 17, 31), 0.0456064386684623, False, 'best']
['kstutes', 202585594, 'impression', '6', 241400742L, datetime.datetime(2013, 5, 28, 13, 17, 31), 0.101128914349987, False, 'best']
['kstutes', 202585594, 'impression', '4', 241398164L, datetime.datetime(2013, 5, 28, 13, 17, 31), 0.12091734620833, False, 'best']
['kstutes', 202585594, 'impression', '7', 241453724L, datetime.datetime(2013, 5, 28, 13, 17, 31), 0.0953600630666711, False, 'best']
['kstutes', 202585594, 'impression', '11', 241412257L, datetime.datetime(2013, 5, 28, 13, 17, 31), 0.0780357060034374, False, 'best']
['kstutes', 202585594, 'impression', '3', 241416080L, datetime.datetime(2013, 5, 28, 13, 17, 31), 0.136370347280976, False, 'best']
['kstutes', 202585594, 'impression', '5', 241396714L, datetime.datetime(2013, 5, 28, 13, 17, 31), 0.105367806873108, False, 'best']
['kstutes', 202585594, 'impression', '2', 241404493L, datetime.datetime(2013, 5, 28, 13, 17, 31), 0.184069582968773, False, 'best']
['kstutes', 202585594, 'impression', '8', 241408197L, datetime.datetime(2013, 5, 28, 13, 17, 31), 0.0927966013852194, False, 'best']
['kstutes', 202585594, 'impression', '10', 241412269L, datetime.datetime(2013, 5, 28, 13, 17, 31), 0.0800170643595893, False, 'best']
['kstutes', 202585594, 'impression', '9', 241399884L, datetime.datetime(2013, 5, 28, 13, 17, 31), 0.0899595534524469, False, 'best']
['kstutes', 202585594, 'impression', '1', 241464451L, datetime.datetime(2013, 5, 28, 13, 17, 31), 0.219804832247342, False, 'best']
['kstutes', 202585594, 'impression', '15', 241455359L, datetime.datetime(2013, 5, 28, 13, 17, 31), 0.0427914912451148, False, 'best']
['kstutes', 202585594, 'impression', '13', 241395567L, datetime.datetime(2013, 5, 28, 13, 17, 31), 0.0508307738260754, True, 'best']
['kstutes', 202585594, 'impression', '12', 241461381L, datetime.datetime(2013, 5, 28, 13, 17, 31), 0.058465683351573, False, 'best']
['kstutes', 202585594, 'impression', '1', 241464451L, datetime.datetime(2013, 5, 28, 13, 17, 33), 0.219804832247342, False, 'best']
['kstutes', 202585594, 'impression', '12', 241461381L, datetime.datetime(2013, 5, 28, 13, 18, 8), 0.058465683351573, False, 'best']
['kstutes', 202585594, 'impression', '13', 241395567L, datetime.datetime(2013, 5, 28, 13, 18, 8), 0.0508307738260754, True, 'best']
['kstutes', 202585594, 'impression', '7', 241453724L, datetime.datetime(2013, 5, 28, 13, 18, 8), 0.0953600630666711, False, 'best']
['kstutes', 202585594, 'impression', '3', 241416080L, datetime.datetime(2013, 5, 28, 13, 18, 8), 0.136370347280976, False, 'best']
['kstutes', 202585594, 'impression', '11', 241412257L, datetime.datetime(2013, 5, 28, 13, 18, 8), 0.0780357060034374, False, 'best']
['kstutes', 202585594, 'impression', '6', 241400742L, datetime.datetime(2013, 5, 28, 13, 18, 8), 0.101128914349987, False, 'best']
['kstutes', 202585594, 'impression', '14', 241391602L, datetime.datetime(2013, 5, 28, 13, 18, 8), 0.0456064386684623, False, 'best']
['kstutes', 202585594, 'impression', '4', 241398164L, datetime.datetime(2013, 5, 28, 13, 18, 8), 0.12091734620833, False, 'best']
['kstutes', 202585594, 'impression', '5', 241396714L, datetime.datetime(2013, 5, 28, 13, 18, 8), 0.105367806873108, False, 'best']
['kstutes', 202585594, 'impression', '2', 241404493L, datetime.datetime(2013, 5, 28, 13, 18, 8), 0.184069582968773, False, 'best']
['kstutes', 202585594, 'impression', '9', 241399884L, datetime.datetime(2013, 5, 28, 13, 18, 8), 0.0899595534524469, False, 'best']
['kstutes', 202585594, 'impression', '10', 241412269L, datetime.datetime(2013, 5, 28, 13, 18, 8), 0.0800170643595893, False, 'best']
['kstutes', 202585594, 'impression', '8', 241408197L, datetime.datetime(2013, 5, 28, 13, 18, 8), 0.0927966013852194, False, 'best']
['kstutes', 202585594, 'impression', '15', 241455359L, datetime.datetime(2013, 5, 28, 13, 18, 8), 0.0427914912451148, False, 'best']
['kstutes', 202585594, 'impression', '1', 241464451L, datetime.datetime(2013, 5, 28, 13, 18, 8), 0.219804832247342, False, 'best']
['kstutes', 202585594, 'impression', '15', 241455359L, datetime.datetime(2013, 5, 28, 13, 19, 20), 0.0427914912451148, False, 'best']
['kstutes', 202585594, 'view_full_application_via_name', '12', 241461381L, datetime.datetime(2013, 5, 28, 13, 19, 45), 0.058465683351573, False, 'best']
['kstutes', 202585594, 'impression', '13', 241391602L, datetime.datetime(2013, 5, 28, 13, 20, 14), 0.0456064386684623, False, 'best']
['kstutes', 202585594, 'impression', '4', 241398164L, datetime.datetime(2013, 5, 28, 13, 20, 14), 0.12091734620833, False, 'best']
['kstutes', 202585594, 'impression', '6', 241400742L, datetime.datetime(2013, 5, 28, 13, 20, 14), 0.101128914349987, False, 'best']
['kstutes', 202585594, 'impression', '3', 241416080L, datetime.datetime(2013, 5, 28, 13, 20, 14), 0.136370347280976, False, 'best']
['kstutes', 202585594, 'impression', '11', 241412257L, datetime.datetime(2013, 5, 28, 13, 20, 14), 0.0780357060034374, False, 'best']
['kstutes', 202585594, 'impression', '7', 241453724L, datetime.datetime(2013, 5, 28, 13, 20, 14), 0.0953600630666711, False, 'best']
['kstutes', 202585594, 'impression', '10', 241412269L, datetime.datetime(2013, 5, 28, 13, 20, 14), 0.0800170643595893, False, 'best']
['kstutes', 202585594, 'impression', '8', 241408197L, datetime.datetime(2013, 5, 28, 13, 20, 14), 0.0927966013852194, False, 'best']
['kstutes', 202585594, 'impression', '1', 241464451L, datetime.datetime(2013, 5, 28, 13, 20, 14), 0.219804832247342, False, 'best']
['kstutes', 202585594, 'impression', '12', 241461381L, datetime.datetime(2013, 5, 28, 13, 20, 14), 0.058465683351573, False, 'best']
['kstutes', 202585594, 'impression', '2', 241404493L, datetime.datetime(2013, 5, 28, 13, 20, 14), 0.184069582968773, False, 'best']
['kstutes', 202585594, 'impression', '5', 241396714L, datetime.datetime(2013, 5, 28, 13, 20, 14), 0.105367806873108, False, 'best']
['kstutes', 202585594, 'impression', '9', 241399884L, datetime.datetime(2013, 5, 28, 13, 20, 14), 0.0899595534524469, False, 'best']
['kstutes', 202585594, 'shortlist', '12', 241461381L, datetime.datetime(2013, 5, 28, 13, 20, 24), 0.058465683351573, False, 'best']
['kstutes', 202585594, 'view_full_application_via_name', '11', 241412257L, datetime.datetime(2013, 5, 28, 13, 20, 34), 0.0780357060034374, False, 'best']
['kstutes', 202585594, 'impression', '11', 241412257L, datetime.datetime(2013, 5, 28, 13, 20, 46), 0.0780357060034374, False, 'best']
['kstutes', 202585594, 'impression', '7', 241453724L, datetime.datetime(2013, 5, 28, 13, 20, 46), 0.0953600630666711, False, 'best']
['kstutes', 202585594, 'impression', '3', 241416080L, datetime.datetime(2013, 5, 28, 13, 20, 46), 0.136370347280976, False, 'best']
['kstutes', 202585594, 'impression', '2', 241404493L, datetime.datetime(2013, 5, 28, 13, 20, 46), 0.184069582968773, False, 'best']
['kstutes', 202585594, 'impression', '5', 241396714L, datetime.datetime(2013, 5, 28, 13, 20, 46), 0.105367806873108, False, 'best']
['kstutes', 202585594, 'impression', '13', 241391602L, datetime.datetime(2013, 5, 28, 13, 20, 46), 0.0456064386684623, False, 'best']
['kstutes', 202585594, 'impression', '6', 241400742L, datetime.datetime(2013, 5, 28, 13, 20, 46), 0.101128914349987, False, 'best']
['kstutes', 202585594, 'impression', '4', 241398164L, datetime.datetime(2013, 5, 28, 13, 20, 46), 0.12091734620833, False, 'best']
['kstutes', 202585594, 'impression', '1', 241464451L, datetime.datetime(2013, 5, 28, 13, 20, 46), 0.219804832247342, False, 'best']
['kstutes', 202585594, 'impression', '10', 241412269L, datetime.datetime(2013, 5, 28, 13, 20, 46), 0.0800170643595893, False, 'best']
['kstutes', 202585594, 'impression', '8', 241408197L, datetime.datetime(2013, 5, 28, 13, 20, 46), 0.0927966013852194, False, 'best']
['kstutes', 202585594, 'impression', '12', 241461381L, datetime.datetime(2013, 5, 28, 13, 20, 46), 0.058465683351573, False, 'best']
['kstutes', 202585594, 'impression', '9', 241399884L, datetime.datetime(2013, 5, 28, 13, 20, 46), 0.0899595534524469, False, 'best']
['kstutes', 202585594, 'impression', '11', 241412257L, datetime.datetime(2013, 5, 28, 13, 20, 48), 0.0780357060034374, False, 'best']
['kstutes', 202585594, 'impression', '12', 241461381L, datetime.datetime(2013, 5, 28, 13, 20, 50), 0.058465683351573, False, 'best']
['kstutes', 202585594, 'impression', '11', 241412257L, datetime.datetime(2013, 5, 28, 13, 20, 51), 0.0780357060034374, False, 'best']
['kstutes', 202585594, 'impression', '10', 241412269L, datetime.datetime(2013, 5, 28, 13, 20, 54), 0.0800170643595893, False, 'best']
['kstutes', 202585594, 'view_full_application_via_name', '10', 241412269L, datetime.datetime(2013, 5, 28, 13, 20, 59), 0.0800170643595893, False, 'best']
['kstutes', 202585594, 'impression', '5', 241396714L, datetime.datetime(2013, 5, 28, 13, 21, 23), 0.105367806873108, False, 'best']
['kstutes', 202585594, 'impression', '2', 241404493L, datetime.datetime(2013, 5, 28, 13, 21, 23), 0.184069582968773, False, 'best']
['kstutes', 202585594, 'impression', '11', 241461381L, datetime.datetime(2013, 5, 28, 13, 21, 23), 0.058465683351573, False, 'best']
['kstutes', 202585594, 'impression', '10', 241412269L, datetime.datetime(2013, 5, 28, 13, 21, 23), 0.0800170643595893, False, 'best']
['kstutes', 202585594, 'impression', '8', 241408197L, datetime.datetime(2013, 5, 28, 13, 21, 23), 0.0927966013852194, False, 'best']
['kstutes', 202585594, 'impression', '3', 241416080L, datetime.datetime(2013, 5, 28, 13, 21, 23), 0.136370347280976, False, 'best']
['kstutes', 202585594, 'impression', '7', 241453724L, datetime.datetime(2013, 5, 28, 13, 21, 23), 0.0953600630666711, False, 'best']
['kstutes', 202585594, 'impression', '9', 241399884L, datetime.datetime(2013, 5, 28, 13, 21, 23), 0.0899595534524469, False, 'best']
['kstutes', 202585594, 'impression', '12', 241391602L, datetime.datetime(2013, 5, 28, 13, 21, 23), 0.0456064386684623, False, 'best']
['kstutes', 202585594, 'impression', '6', 241400742L, datetime.datetime(2013, 5, 28, 13, 21, 23), 0.101128914349987, False, 'best']
['kstutes', 202585594, 'impression', '4', 241398164L, datetime.datetime(2013, 5, 28, 13, 21, 23), 0.12091734620833, False, 'best']
['kstutes', 202585594, 'impression', '1', 241464451L, datetime.datetime(2013, 5, 28, 13, 21, 23), 0.219804832247342, False, 'best']
['kstutes', 202585594, 'shortlist', '10', 241412269L, datetime.datetime(2013, 5, 28, 13, 21, 25), 0.0800170643595893, False, 'best']
['kstutes', 202585594, 'view_full_application_via_name', '9', 241399884L, datetime.datetime(2013, 5, 28, 13, 21, 38), 0.0899595534524469, False, 'best']
['kstutes', 202585594, 'impression', '4', 241398164L, datetime.datetime(2013, 5, 28, 13, 21, 52), 0.12091734620833, False, 'best']
['kstutes', 202585594, 'impression', '6', 241400742L, datetime.datetime(2013, 5, 28, 13, 21, 52), 0.101128914349987, False, 'best']
['kstutes', 202585594, 'impression', '12', 241391602L, datetime.datetime(2013, 5, 28, 13, 21, 52), 0.0456064386684623, False, 'best']
['kstutes', 202585594, 'impression', '3', 241416080L, datetime.datetime(2013, 5, 28, 13, 21, 52), 0.136370347280976, False, 'best']
['kstutes', 202585594, 'impression', '7', 241453724L, datetime.datetime(2013, 5, 28, 13, 21, 52), 0.0953600630666711, False, 'best']
['kstutes', 202585594, 'impression', '8', 241408197L, datetime.datetime(2013, 5, 28, 13, 21, 52), 0.0927966013852194, False, 'best']
['kstutes', 202585594, 'impression', '10', 241412269L, datetime.datetime(2013, 5, 28, 13, 21, 52), 0.0800170643595893, False, 'best']
['kstutes', 202585594, 'impression', '5', 241396714L, datetime.datetime(2013, 5, 28, 13, 21, 52), 0.105367806873108, False, 'best']
['kstutes', 202585594, 'impression', '2', 241404493L, datetime.datetime(2013, 5, 28, 13, 21, 52), 0.184069582968773, False, 'best']
['kstutes', 202585594, 'impression', '9', 241399884L, datetime.datetime(2013, 5, 28, 13, 21, 52), 0.0899595534524469, False, 'best']
['kstutes', 202585594, 'impression', '11', 241461381L, datetime.datetime(2013, 5, 28, 13, 21, 52), 0.058465683351573, False, 'best']
['kstutes', 202585594, 'impression', '1', 241464451L, datetime.datetime(2013, 5, 28, 13, 21, 52), 0.219804832247342, False, 'best']
['kstutes', 202585594, 'impression', '9', 241399884L, datetime.datetime(2013, 5, 28, 13, 21, 54), 0.0899595534524469, False, 'best']
['kstutes', 202585594, 'impression', '9', 241399884L, datetime.datetime(2013, 5, 28, 13, 22), 0.0899595534524469, False, 'best']
['kstutes', 202585594, 'impression', '10', 241412269L, datetime.datetime(2013, 5, 28, 13, 22), 0.0800170643595893, False, 'best']
['kstutes', 202585594, 'impression', '10', 241412269L, datetime.datetime(2013, 5, 28, 13, 22, 1), 0.0800170643595893, False, 'best']
['kstutes', 202585594, 'impression', '8', 241408197L, datetime.datetime(2013, 5, 28, 13, 22, 2), 0.0927966013852194, False, 'best']
['kstutes', 202585594, 'view_full_application_via_name', '8', 241408197L, datetime.datetime(2013, 5, 28, 13, 22, 14), 0.0927966013852194, False, 'best']

['kstutes', 202585594, 'impression', '11', 241461381L, datetime.datetime(2013, 5, 28, 15, 44, 38), 0.058465683351573, False, 'best']
['kstutes', 202585594, 'impression', '1', 241464451L, datetime.datetime(2013, 5, 28, 15, 44, 38), 0.219804832247342, False, 'best']
['kstutes', 202585594, 'impression', '3', 241416080L, datetime.datetime(2013, 5, 28, 15, 44, 38), 0.136370347280976, False, 'best']
['kstutes', 202585594, 'impression', '8', 241453724L, datetime.datetime(2013, 5, 28, 15, 44, 38), 0.0953600630666711, False, 'best']
['kstutes', 202585594, 'impression', '2', 241404493L, datetime.datetime(2013, 5, 28, 15, 44, 38), 0.184069582968773, False, 'best']
['kstutes', 202585594, 'impression', '6', 241396714L, datetime.datetime(2013, 5, 28, 15, 44, 38), 0.105367806873108, False, 'best']
['kstutes', 202585594, 'impression', '5', 241491911L, datetime.datetime(2013, 5, 28, 15, 44, 38), 0.109338461615855, False, 'best']
['kstutes', 202585594, 'impression', '9', 241408197L, datetime.datetime(2013, 5, 28, 15, 44, 38), 0.0927966013852194, False, 'best']
['kstutes', 202585594, 'impression', '10', 241412269L, datetime.datetime(2013, 5, 28, 15, 44, 38), 0.0800170643595893, False, 'best']
['kstutes', 202585594, 'impression', '4', 241398164L, datetime.datetime(2013, 5, 28, 15, 44, 38), 0.12091734620833, False, 'best']
['kstutes', 202585594, 'impression', '7', 241400742L, datetime.datetime(2013, 5, 28, 15, 44, 38), 0.101128914349987, False, 'best']
['kstutes', 202585594, 'impression', '12', 241391602L, datetime.datetime(2013, 5, 28, 15, 44, 38), 0.0456064386684623, False, 'best']
['kstutes', 202585594, 'impression', '1', 241464451L, datetime.datetime(2013, 5, 28, 15, 44, 39), 0.219804832247342, False, 'best']

