['kurez_southe_', 202593308, 'impression', '4', 241553376L, datetime.datetime(2013, 5, 29, 12, 11, 23), 0.212333628157989, False, 'best']
['kurez_southe_', 202593308, 'impression', '9', 241553011L, datetime.datetime(2013, 5, 29, 12, 11, 23), 0.160264624002895, False, 'best']
['kurez_southe_', 202593308, 'impression', '1', 241564663L, datetime.datetime(2013, 5, 29, 12, 11, 23), 0.442854818656412, False, 'best']
['kurez_southe_', 202593308, 'impression', '19', 241555817L, datetime.datetime(2013, 5, 29, 12, 11, 23), 0.128958510386031, False, 'best']
['kurez_southe_', 202593308, 'impression', '17', 241560551L, datetime.datetime(2013, 5, 29, 12, 11, 23), 0.135635743160577, False, 'best']
['kurez_southe_', 202593308, 'impression', '3', 241558827L, datetime.datetime(2013, 5, 29, 12, 11, 23), 0.224325837089666, False, 'best']
['kurez_southe_', 202593308, 'impression', '13', 241562971L, datetime.datetime(2013, 5, 29, 12, 11, 23), 0.14318918459694, False, 'best']
['kurez_southe_', 202593308, 'impression', '20', 241554617L, datetime.datetime(2013, 5, 29, 12, 11, 23), 0.125610055609849, False, 'best']
['kurez_southe_', 202593308, 'impression', '2', 241566495L, datetime.datetime(2013, 5, 29, 12, 11, 23), 0.288139514719629, False, 'best']
['kurez_southe_', 202593308, 'impression', '7', 241566970L, datetime.datetime(2013, 5, 29, 12, 11, 23), 0.170482551520264, False, 'best']
['kurez_southe_', 202593308, 'impression', '5', 241570503L, datetime.datetime(2013, 5, 29, 12, 11, 23), 0.210974106067087, False, 'best']
['kurez_southe_', 202593308, 'impression', '6', 241567218L, datetime.datetime(2013, 5, 29, 12, 11, 23), 0.194413189001853, False, 'best']
['kurez_southe_', 202593308, 'impression', '18', 241554711L, datetime.datetime(2013, 5, 29, 12, 11, 23), 0.131462245835929, False, 'best']
['kurez_southe_', 202593308, 'impression', '16', 241553962L, datetime.datetime(2013, 5, 29, 12, 11, 23), 0.137797641837119, False, 'best']
['kurez_southe_', 202593308, 'impression', '15', 241568783L, datetime.datetime(2013, 5, 29, 12, 11, 23), 0.141391273725842, False, 'best']
['kurez_southe_', 202593308, 'impression', '12', 241563626L, datetime.datetime(2013, 5, 29, 12, 11, 23), 0.146065838361411, False, 'best']
['kurez_southe_', 202593308, 'impression', '10', 241555940L, datetime.datetime(2013, 5, 29, 12, 11, 23), 0.154883512996976, False, 'best']
['kurez_southe_', 202593308, 'impression', '14', 241571514L, datetime.datetime(2013, 5, 29, 12, 11, 23), 0.142740556357354, False, 'best']
['kurez_southe_', 202593308, 'impression', '11', 241555242L, datetime.datetime(2013, 5, 29, 12, 11, 23), 0.149359146511207, False, 'best']
['kurez_southe_', 202593308, 'impression', '8', 241560534L, datetime.datetime(2013, 5, 29, 12, 11, 23), 0.169154029500934, False, 'best']
['kurez_southe_', 202593308, 'impression', '10', 241555940L, datetime.datetime(2013, 5, 29, 12, 11, 49), 0.154883512996976, False, 'best']
['kurez_southe_', 202593308, 'impression', '19', 241555817L, datetime.datetime(2013, 5, 29, 12, 11, 58), 0.128958510386031, False, 'best']

['kurez_southe_', 202593308, 'impression', '1', 241564663L, datetime.datetime(2013, 5, 29, 14, 0, 24), 0.442854818656412, False, 'best']
['kurez_southe_', 202593308, 'impression', '2', 241566495L, datetime.datetime(2013, 5, 29, 14, 0, 33), 0.288139514719629, False, 'best']
['kurez_southe_', 202593308, 'impression', '3', 241558827L, datetime.datetime(2013, 5, 29, 14, 0, 35), 0.224325837089666, False, 'best']
['kurez_southe_', 202593308, 'impression', '4', 241553376L, datetime.datetime(2013, 5, 29, 14, 0, 36), 0.212333628157989, False, 'best']
['kurez_southe_', 202593308, 'impression', '20', 241559075L, datetime.datetime(2013, 5, 29, 14, 1, 20), 0.104360343335768, False, 'best']
['kurez_southe_', 202593308, 'impression', '22', 241557423L, datetime.datetime(2013, 5, 29, 14, 1, 22), 0.102771395968472, False, 'best']
['kurez_southe_', 202593308, 'impression', '23', 241552994L, datetime.datetime(2013, 5, 29, 14, 1, 25), 0.10166592652811, False, 'best']

