['lazzaros', 202580993, 'impression', '7', 241283683L, datetime.datetime(2013, 5, 25, 17, 1, 42), 0.0399722448745984, False, 'time']
['lazzaros', 202580993, 'impression', '3', 241283845L, datetime.datetime(2013, 5, 25, 17, 1, 42), 0.15204182611782, False, 'time']
['lazzaros', 202580993, 'impression', '6', 241283714L, datetime.datetime(2013, 5, 25, 17, 1, 42), 0.203560397608665, False, 'time']
['lazzaros', 202580993, 'impression', '1', 241283861L, datetime.datetime(2013, 5, 25, 17, 1, 42), 0.147688467503785, False, 'time']
['lazzaros', 202580993, 'impression', '5', 241283809L, datetime.datetime(2013, 5, 25, 17, 1, 42), 0.244217559713964, False, 'time']
['lazzaros', 202580993, 'impression', '2', 241283862L, datetime.datetime(2013, 5, 25, 17, 1, 42), 0.365737248582674, True, 'time']
['lazzaros', 202580993, 'impression', '4', 241283829L, datetime.datetime(2013, 5, 25, 17, 1, 42), 0.088496883604078, False, 'time']
['lazzaros', 202580993, 'expand_tile', '1', 241283861L, datetime.datetime(2013, 5, 25, 17, 2, 15), 0.147688467503785, False, 'time']
['lazzaros', 202580993, 'view_full_application', '1', 241283861L, datetime.datetime(2013, 5, 25, 17, 2, 33), 0.147688467503785, False, 'time']
['lazzaros', 202580993, 'impression', '5', 241283809L, datetime.datetime(2013, 5, 25, 17, 3, 15), 0.244217559713964, False, 'time']
['lazzaros', 202580993, 'impression', '2', 241283862L, datetime.datetime(2013, 5, 25, 17, 3, 15), 0.365737248582674, True, 'time']
['lazzaros', 202580993, 'impression', '4', 241283829L, datetime.datetime(2013, 5, 25, 17, 3, 15), 0.088496883604078, False, 'time']
['lazzaros', 202580993, 'impression', '7', 241283683L, datetime.datetime(2013, 5, 25, 17, 3, 15), 0.0399722448745984, False, 'time']
['lazzaros', 202580993, 'impression', '1', 241283861L, datetime.datetime(2013, 5, 25, 17, 3, 15), 0.147688467503785, False, 'time']
['lazzaros', 202580993, 'impression', '3', 241283845L, datetime.datetime(2013, 5, 25, 17, 3, 15), 0.15204182611782, False, 'time']
['lazzaros', 202580993, 'impression', '6', 241283714L, datetime.datetime(2013, 5, 25, 17, 3, 15), 0.203560397608665, False, 'time']
['lazzaros', 202580993, 'impression', '2', 241283862L, datetime.datetime(2013, 5, 25, 17, 3, 18), 0.365737248582674, True, 'time']
['lazzaros', 202580993, 'expand_tile', '2', 241283862L, datetime.datetime(2013, 5, 25, 17, 3, 19), 0.365737248582674, True, 'time']
['lazzaros', 202580993, 'view_full_application', '2', 241283862L, datetime.datetime(2013, 5, 25, 17, 3, 42), 0.365737248582674, True, 'time']
['lazzaros', 202580993, 'impression', '7', 241283683L, datetime.datetime(2013, 5, 25, 17, 4, 54), 0.0399722448745984, False, 'time']
['lazzaros', 202580993, 'impression', '4', 241283829L, datetime.datetime(2013, 5, 25, 17, 4, 54), 0.088496883604078, False, 'time']
['lazzaros', 202580993, 'impression', '2', 241283862L, datetime.datetime(2013, 5, 25, 17, 4, 54), 0.365737248582674, True, 'time']
['lazzaros', 202580993, 'impression', '5', 241283809L, datetime.datetime(2013, 5, 25, 17, 4, 54), 0.244217559713964, False, 'time']
['lazzaros', 202580993, 'impression', '3', 241283845L, datetime.datetime(2013, 5, 25, 17, 4, 54), 0.15204182611782, False, 'time']
['lazzaros', 202580993, 'impression', '6', 241283714L, datetime.datetime(2013, 5, 25, 17, 4, 54), 0.203560397608665, False, 'time']
['lazzaros', 202580993, 'impression', '1', 241283861L, datetime.datetime(2013, 5, 25, 17, 4, 54), 0.147688467503785, False, 'time']
['lazzaros', 202580993, 'impression', '2', 241283862L, datetime.datetime(2013, 5, 25, 17, 4, 57), 0.365737248582674, True, 'time']
['lazzaros', 202580993, 'expand_tile', '3', 241283845L, datetime.datetime(2013, 5, 25, 17, 5, 8), 0.15204182611782, False, 'time']
['lazzaros', 202580993, 'impression', '2', 241283862L, datetime.datetime(2013, 5, 25, 17, 6, 15), 0.365737248582674, True, 'time']
['lazzaros', 202580993, 'impression', '7', 241283683L, datetime.datetime(2013, 5, 25, 17, 6, 27), 0.0399722448745984, False, 'time']
['lazzaros', 202580993, 'expand_tile', '6', 241283714L, datetime.datetime(2013, 5, 25, 17, 6, 28), 0.203560397608665, False, 'time']
['lazzaros', 202580993, 'view_full_application', '6', 241283714L, datetime.datetime(2013, 5, 25, 17, 6, 38), 0.203560397608665, False, 'time']
['lazzaros', 202580993, 'impression', '7', 241283683L, datetime.datetime(2013, 5, 25, 17, 8, 21), 0.0399722448745984, False, 'time']
['lazzaros', 202580993, 'impression', '4', 241283829L, datetime.datetime(2013, 5, 25, 17, 8, 21), 0.088496883604078, False, 'time']
['lazzaros', 202580993, 'impression', '5', 241283809L, datetime.datetime(2013, 5, 25, 17, 8, 21), 0.244217559713964, False, 'time']
['lazzaros', 202580993, 'impression', '2', 241283862L, datetime.datetime(2013, 5, 25, 17, 8, 21), 0.365737248582674, True, 'time']
['lazzaros', 202580993, 'impression', '3', 241283845L, datetime.datetime(2013, 5, 25, 17, 8, 21), 0.15204182611782, False, 'time']
['lazzaros', 202580993, 'impression', '6', 241283714L, datetime.datetime(2013, 5, 25, 17, 8, 21), 0.203560397608665, False, 'time']
['lazzaros', 202580993, 'impression', '1', 241283861L, datetime.datetime(2013, 5, 25, 17, 8, 21), 0.147688467503785, False, 'time']
['lazzaros', 202580993, 'expand_tile', '7', 241283683L, datetime.datetime(2013, 5, 25, 17, 8, 23), 0.0399722448745984, False, 'time']
['lazzaros', 202580993, 'impression', '6', 241283714L, datetime.datetime(2013, 5, 25, 17, 9, 42), 0.203560397608665, False, 'time']
['lazzaros', 202580993, 'impression', '5', 241283809L, datetime.datetime(2013, 5, 25, 17, 9, 53), 0.244217559713964, False, 'time']
['lazzaros', 202580993, 'expand_tile', '5', 241283809L, datetime.datetime(2013, 5, 25, 17, 9, 55), 0.244217559713964, False, 'time']
['lazzaros', 202580993, 'expand_tile', '5', 241283809L, datetime.datetime(2013, 5, 25, 17, 10, 3), 0.244217559713964, False, 'time']
['lazzaros', 202580993, 'impression', '5', 241283809L, datetime.datetime(2013, 5, 25, 17, 12, 50), 0.244217559713964, False, 'time']
['lazzaros', 202580993, 'impression', '7', 241283683L, datetime.datetime(2013, 5, 25, 17, 12, 54), 0.0399722448745984, False, 'time']
['lazzaros', 202580993, 'impression', '7', 241283683L, datetime.datetime(2013, 5, 25, 17, 13, 14), 0.0399722448745984, False, 'time']
['lazzaros', 202580993, 'impression', '7', 241283683L, datetime.datetime(2013, 5, 25, 17, 13, 17), 0.0399722448745984, False, 'time']
['lazzaros', 202580993, 'expand_tile', '7', 241283683L, datetime.datetime(2013, 5, 25, 17, 13, 34), 0.0399722448745984, False, 'time']
['lazzaros', 202580993, 'impression', '1', 241285208L, datetime.datetime(2013, 5, 25, 17, 40, 30), 0.100461382919276, False, 'time']
['lazzaros', 202580993, 'impression', '7', 241283714L, datetime.datetime(2013, 5, 25, 17, 40, 30), 0.203560397608665, False, 'time']
['lazzaros', 202580993, 'impression', '4', 241283845L, datetime.datetime(2013, 5, 25, 17, 40, 30), 0.15204182611782, False, 'time']
['lazzaros', 202580993, 'impression', '8', 241283683L, datetime.datetime(2013, 5, 25, 17, 40, 30), 0.0399722448745984, False, 'time']
['lazzaros', 202580993, 'impression', '2', 241284874L, datetime.datetime(2013, 5, 25, 17, 40, 30), 0.0468966648364676, False, 'time']
['lazzaros', 202580993, 'impression', '6', 241283809L, datetime.datetime(2013, 5, 25, 17, 40, 30), 0.244217559713964, False, 'time']
['lazzaros', 202580993, 'impression', '3', 241283862L, datetime.datetime(2013, 5, 25, 17, 40, 30), 0.365737248582674, True, 'time']
['lazzaros', 202580993, 'impression', '5', 241283829L, datetime.datetime(2013, 5, 25, 17, 40, 30), 0.088496883604078, False, 'time']
['lazzaros', 202580993, 'impression', '8', 241283683L, datetime.datetime(2013, 5, 25, 17, 40, 40), 0.0399722448745984, False, 'time']
['lazzaros', 202580993, 'impression', '8', 241283683L, datetime.datetime(2013, 5, 25, 17, 40, 42), 0.0399722448745984, False, 'time']
['lazzaros', 202580993, 'impression', '7', 241283714L, datetime.datetime(2013, 5, 25, 17, 40, 45), 0.203560397608665, False, 'time']
['lazzaros', 202580993, 'impression', '1', 241285208L, datetime.datetime(2013, 5, 25, 17, 41, 1), 0.100461382919276, False, 'time']
['lazzaros', 202580993, 'impression', '2', 241284874L, datetime.datetime(2013, 5, 25, 17, 41, 2), 0.0468966648364676, False, 'time']
['lazzaros', 202580993, 'impression', '2', 241284874L, datetime.datetime(2013, 5, 25, 17, 41, 6), 0.0468966648364676, False, 'time']
['lazzaros', 202580993, 'impression', '3', 241283862L, datetime.datetime(2013, 5, 25, 17, 41, 8), 0.365737248582674, True, 'time']
['lazzaros', 202580993, 'expand_tile', '3', 241283862L, datetime.datetime(2013, 5, 25, 17, 41, 18), 0.365737248582674, True, 'time']
['lazzaros', 202580993, 'view_full_application', '3', 241283862L, datetime.datetime(2013, 5, 25, 17, 41, 20), 0.365737248582674, True, 'time']
['lazzaros', 202580993, 'impression', '4', 241283714L, datetime.datetime(2013, 5, 25, 17, 59, 7), 0.203560397608665, False, 'time']
['lazzaros', 202580993, 'impression', '2', 241283829L, datetime.datetime(2013, 5, 25, 17, 59, 7), 0.088496883604078, False, 'time']
['lazzaros', 202580993, 'impression', '3', 241283809L, datetime.datetime(2013, 5, 25, 17, 59, 7), 0.244217559713964, False, 'time']
['lazzaros', 202580993, 'impression', '1', 241283862L, datetime.datetime(2013, 5, 25, 17, 59, 7), 0.365737248582674, True, 'time']
['lazzaros', 202580993, 'impression', '3', 241283809L, datetime.datetime(2013, 5, 25, 18, 0, 13), 0.244217559713964, False, 'time']
['lazzaros', 202580993, 'impression', '1', 241283862L, datetime.datetime(2013, 5, 25, 18, 0, 13), 0.365737248582674, True, 'time']
['lazzaros', 202580993, 'impression', '4', 241283714L, datetime.datetime(2013, 5, 25, 18, 0, 13), 0.203560397608665, False, 'time']
['lazzaros', 202580993, 'impression', '2', 241283829L, datetime.datetime(2013, 5, 25, 18, 0, 13), 0.088496883604078, False, 'time']
['lazzaros', 202580993, 'expand_tile', '3', 241283809L, datetime.datetime(2013, 5, 25, 18, 0, 19), 0.244217559713964, False, 'time']
['lazzaros', 202580993, 'view_full_application', '3', 241283809L, datetime.datetime(2013, 5, 25, 18, 0, 22), 0.244217559713964, False, 'time']

['lazzaros', 202580993, 'impression', '2', 241283829L, datetime.datetime(2013, 5, 25, 18, 54, 52), 0.088496883604078, False, 'time']
['lazzaros', 202580993, 'impression', '3', 241283714L, datetime.datetime(2013, 5, 25, 18, 54, 52), 0.203560397608665, False, 'time']
['lazzaros', 202580993, 'impression', '1', 241283862L, datetime.datetime(2013, 5, 25, 18, 54, 52), 0.365737248582674, True, 'time']
['lazzaros', 202580993, 'impression', '1', 241283862L, datetime.datetime(2013, 5, 25, 18, 55, 59), 0.365737248582674, True, 'time']
['lazzaros', 202580993, 'impression', '3', 241283714L, datetime.datetime(2013, 5, 25, 18, 55, 59), 0.203560397608665, False, 'time']
['lazzaros', 202580993, 'impression', '2', 241283829L, datetime.datetime(2013, 5, 25, 18, 55, 59), 0.088496883604078, False, 'time']
['lazzaros', 202580993, 'expand_tile', '1', 241283862L, datetime.datetime(2013, 5, 25, 18, 56, 10), 0.365737248582674, True, 'time']
['lazzaros', 202580993, 'view_full_application', '1', 241283862L, datetime.datetime(2013, 5, 25, 18, 56, 12), 0.365737248582674, True, 'time']
['lazzaros', 202580993, 'impression', '3', 241283714L, datetime.datetime(2013, 5, 25, 19, 1, 45), 0.203560397608665, False, 'time']
['lazzaros', 202580993, 'impression', '2', 241283829L, datetime.datetime(2013, 5, 25, 19, 1, 45), 0.088496883604078, False, 'time']
['lazzaros', 202580993, 'impression', '1', 241283862L, datetime.datetime(2013, 5, 25, 19, 1, 45), 0.365737248582674, True, 'time']

['lazzaros', 202580993, 'impression', '3', 241283829L, datetime.datetime(2013, 5, 26, 12, 55, 8), 0.088496883604078, False, 'time']
['lazzaros', 202580993, 'impression', '4', 241283714L, datetime.datetime(2013, 5, 26, 12, 55, 8), 0.203560397608665, False, 'time']
['lazzaros', 202580993, 'impression', '1', 241295465L, datetime.datetime(2013, 5, 26, 12, 55, 8), 0.317913102417587, False, 'time']
['lazzaros', 202580993, 'impression', '2', 241283862L, datetime.datetime(2013, 5, 26, 12, 55, 8), 0.365737248582674, True, 'time']
['lazzaros', 202580993, 'expand_tile', '1', 241295465L, datetime.datetime(2013, 5, 26, 12, 55, 24), 0.317913102417587, False, 'time']
['lazzaros', 202580993, 'view_full_application', '1', 241295465L, datetime.datetime(2013, 5, 26, 12, 56, 8), 0.317913102417587, False, 'time']
['lazzaros', 202580993, 'impression', '3', 241283829L, datetime.datetime(2013, 5, 26, 12, 57, 5), 0.088496883604078, False, 'time']
['lazzaros', 202580993, 'impression', '1', 241295465L, datetime.datetime(2013, 5, 26, 12, 57, 5), 0.317913102417587, False, 'time']
['lazzaros', 202580993, 'impression', '2', 241283862L, datetime.datetime(2013, 5, 26, 12, 57, 5), 0.365737248582674, True, 'time']
['lazzaros', 202580993, 'impression', '4', 241283714L, datetime.datetime(2013, 5, 26, 12, 57, 5), 0.203560397608665, False, 'time']
['lazzaros', 202580993, 'impression', '2', 241283862L, datetime.datetime(2013, 5, 26, 12, 59, 8), 0.365737248582674, True, 'time']
['lazzaros', 202580993, 'impression', '1', 241295465L, datetime.datetime(2013, 5, 26, 12, 59, 8), 0.317913102417587, False, 'time']
['lazzaros', 202580993, 'impression', '3', 241283829L, datetime.datetime(2013, 5, 26, 12, 59, 8), 0.088496883604078, False, 'time']
['lazzaros', 202580993, 'impression', '4', 241283714L, datetime.datetime(2013, 5, 26, 12, 59, 8), 0.203560397608665, False, 'time']
['lazzaros', 202580993, 'view_full_application_via_name', '2', 241283862L, datetime.datetime(2013, 5, 26, 12, 59, 11), 0.365737248582674, True, 'time']
['lazzaros', 202580993, 'impression', '4', 241283714L, datetime.datetime(2013, 5, 26, 12, 59, 52), 0.203560397608665, False, 'time']
['lazzaros', 202580993, 'impression', '2', 241283862L, datetime.datetime(2013, 5, 26, 12, 59, 52), 0.365737248582674, True, 'time']
['lazzaros', 202580993, 'impression', '3', 241283829L, datetime.datetime(2013, 5, 26, 12, 59, 52), 0.088496883604078, False, 'time']
['lazzaros', 202580993, 'impression', '1', 241295465L, datetime.datetime(2013, 5, 26, 12, 59, 52), 0.317913102417587, False, 'time']
['lazzaros', 202580993, 'expand_tile', '2', 241283862L, datetime.datetime(2013, 5, 26, 12, 59, 57), 0.365737248582674, True, 'time']
['lazzaros', 202580993, 'view_full_application', '2', 241283862L, datetime.datetime(2013, 5, 26, 13, 0), 0.365737248582674, True, 'time']
['lazzaros', 202580993, 'impression', '1', 241295465L, datetime.datetime(2013, 5, 26, 13, 2, 48), 0.317913102417587, False, 'time']
['lazzaros', 202580993, 'impression', '4', 241283714L, datetime.datetime(2013, 5, 26, 13, 2, 48), 0.203560397608665, False, 'time']
['lazzaros', 202580993, 'impression', '3', 241283829L, datetime.datetime(2013, 5, 26, 13, 2, 48), 0.088496883604078, False, 'time']
['lazzaros', 202580993, 'impression', '2', 241283862L, datetime.datetime(2013, 5, 26, 13, 2, 48), 0.365737248582674, True, 'time']
['lazzaros', 202580993, 'impression', '2', 241283862L, datetime.datetime(2013, 5, 26, 13, 3, 2), 0.365737248582674, True, 'time']
['lazzaros', 202580993, 'impression', '1', 241295465L, datetime.datetime(2013, 5, 26, 13, 3, 2), 0.317913102417587, False, 'time']
['lazzaros', 202580993, 'impression', '3', 241283829L, datetime.datetime(2013, 5, 26, 13, 3, 2), 0.088496883604078, False, 'time']
['lazzaros', 202580993, 'impression', '4', 241283714L, datetime.datetime(2013, 5, 26, 13, 3, 2), 0.203560397608665, False, 'time']
['lazzaros', 202580993, 'impression', '1', 241295465L, datetime.datetime(2013, 5, 26, 13, 4, 1), 0.317913102417587, False, 'time']
['lazzaros', 202580993, 'impression', '2', 241283862L, datetime.datetime(2013, 5, 26, 13, 4, 1), 0.365737248582674, True, 'time']
['lazzaros', 202580993, 'impression', '4', 241283714L, datetime.datetime(2013, 5, 26, 13, 4, 1), 0.203560397608665, False, 'time']
['lazzaros', 202580993, 'impression', '3', 241283829L, datetime.datetime(2013, 5, 26, 13, 4, 1), 0.088496883604078, False, 'time']
['lazzaros', 202580993, 'view_full_application_via_name', '1', 241295465L, datetime.datetime(2013, 5, 26, 13, 4, 5), 0.317913102417587, False, 'time']
['lazzaros', 202580993, 'impression', '3', 241283829L, datetime.datetime(2013, 5, 26, 13, 7, 43), 0.088496883604078, False, 'time']
['lazzaros', 202580993, 'impression', '2', 241283862L, datetime.datetime(2013, 5, 26, 13, 7, 43), 0.365737248582674, True, 'time']
['lazzaros', 202580993, 'impression', '1', 241295465L, datetime.datetime(2013, 5, 26, 13, 7, 43), 0.317913102417587, False, 'time']
['lazzaros', 202580993, 'impression', '4', 241283714L, datetime.datetime(2013, 5, 26, 13, 7, 43), 0.203560397608665, False, 'time']

['lazzaros', 202580993, 'impression', '2', 241283862L, datetime.datetime(2013, 5, 26, 13, 46, 46), 0.365737248582674, True, 'time']
['lazzaros', 202580993, 'impression', '4', 241283714L, datetime.datetime(2013, 5, 26, 13, 46, 46), 0.203560397608665, False, 'time']
['lazzaros', 202580993, 'impression', '1', 241295465L, datetime.datetime(2013, 5, 26, 13, 46, 46), 0.317913102417587, False, 'time']
['lazzaros', 202580993, 'impression', '3', 241283829L, datetime.datetime(2013, 5, 26, 13, 46, 46), 0.088496883604078, False, 'time']
['lazzaros', 202580993, 'view_full_application_via_name', '2', 241283862L, datetime.datetime(2013, 5, 26, 13, 46, 51), 0.365737248582674, True, 'time']

['lazzaros', 202580993, 'impression', '4', 241283714L, datetime.datetime(2013, 5, 26, 14, 49, 25), 0.203560397608665, False, 'time']
['lazzaros', 202580993, 'impression', '2', 241283862L, datetime.datetime(2013, 5, 26, 14, 49, 25), 0.365737248582674, True, 'time']
['lazzaros', 202580993, 'impression', '1', 241295465L, datetime.datetime(2013, 5, 26, 14, 49, 25), 0.317913102417587, False, 'time']
['lazzaros', 202580993, 'impression', '3', 241283829L, datetime.datetime(2013, 5, 26, 14, 49, 25), 0.088496883604078, False, 'time']
['lazzaros', 202580993, 'expand_tile', '1', 241295465L, datetime.datetime(2013, 5, 26, 14, 49, 27), 0.317913102417587, False, 'time']
['lazzaros', 202580993, 'view_full_application', '1', 241295465L, datetime.datetime(2013, 5, 26, 14, 49, 29), 0.317913102417587, False, 'time']
['lazzaros', 202580993, 'impression', '3', 241283829L, datetime.datetime(2013, 5, 26, 14, 49, 44), 0.088496883604078, False, 'time']
['lazzaros', 202580993, 'impression', '2', 241283862L, datetime.datetime(2013, 5, 26, 14, 49, 44), 0.365737248582674, True, 'time']
['lazzaros', 202580993, 'impression', '4', 241283714L, datetime.datetime(2013, 5, 26, 14, 49, 44), 0.203560397608665, False, 'time']
['lazzaros', 202580993, 'impression', '1', 241295465L, datetime.datetime(2013, 5, 26, 14, 49, 44), 0.317913102417587, False, 'time']
['lazzaros', 202580993, 'view_full_application_via_name', '2', 241283862L, datetime.datetime(2013, 5, 26, 14, 49, 50), 0.365737248582674, True, 'time']

