['lloyd_matt', 202561443, 'impression', '1', 240877408L, datetime.datetime(2013, 5, 21, 1, 23, 55), 0.223576782364213, False, 'time']
['lloyd_matt', 202561443, 'expand_tile', '1', 240877408L, datetime.datetime(2013, 5, 21, 1, 24, 2), 0.223576782364213, False, 'time']
['lloyd_matt', 202561443, 'impression', '1', 240877408L, datetime.datetime(2013, 5, 21, 1, 27, 5), 0.223576782364213, False, 'time']
['lloyd_matt', 202561443, 'impression', '1', 240877408L, datetime.datetime(2013, 5, 21, 1, 27, 15), 0.223576782364213, False, 'best']
['lloyd_matt', 202561443, 'impression', '1', 240877408L, datetime.datetime(2013, 5, 21, 1, 27, 33), 0.223576782364213, False, 'best']
['lloyd_matt', 202561443, 'expand_tile', '1', 240877408L, datetime.datetime(2013, 5, 21, 1, 27, 41), 0.223576782364213, False, 'best']
['lloyd_matt', 202561443, 'collapse_tile', '1', 240877408L, datetime.datetime(2013, 5, 21, 1, 27, 47), 0.223576782364213, False, 'best']
['lloyd_matt', 202561443, 'impression', '1', 240877408L, datetime.datetime(2013, 5, 21, 1, 32, 39), 0.223576782364213, False, 'time']
['lloyd_matt', 202561443, 'shortlist', '1', 240877408L, datetime.datetime(2013, 5, 21, 1, 32, 43), 0.223576782364213, False, 'time']
['lloyd_matt', 202561443, 'impression', '1', 240877408L, datetime.datetime(2013, 5, 21, 1, 32, 49), 0.223576782364213, False, 'time']
['lloyd_matt', 202561443, 'impression', None, 240877408L, datetime.datetime(2013, 5, 21, 1, 32, 49), 0.223576782364213, False, 'time']
['lloyd_matt', 202561443, 'impression', None, 240877408L, datetime.datetime(2013, 5, 21, 1, 32, 53), 0.223576782364213, False, 'time']
['lloyd_matt', 202561443, 'impression', '1', 240877408L, datetime.datetime(2013, 5, 21, 1, 32, 53), 0.223576782364213, False, 'time']

['lloyd_matt', 202561443, 'impression', '2', 240879356L, datetime.datetime(2013, 5, 21, 3, 5, 51), 0.153556963852034, False, 'time']
['lloyd_matt', 202561443, 'impression', '1', 240879828L, datetime.datetime(2013, 5, 21, 3, 5, 51), 0.352055499102542, False, 'time']
['lloyd_matt', 202561443, 'impression', '3', 240877968L, datetime.datetime(2013, 5, 21, 3, 5, 51), 0.148099890811442, False, 'time']
['lloyd_matt', 202561443, 'impression', '4', 240877408L, datetime.datetime(2013, 5, 21, 3, 5, 51), 0.223576782364213, False, 'time']
['lloyd_matt', 202561443, 'expand_tile', '3', 240877968L, datetime.datetime(2013, 5, 21, 3, 6, 15), 0.148099890811442, False, 'time']
['lloyd_matt', 202561443, 'expand_tile', '2', 240879356L, datetime.datetime(2013, 5, 21, 3, 6, 20), 0.153556963852034, False, 'time']
['lloyd_matt', 202561443, 'expand_tile', '1', 240879828L, datetime.datetime(2013, 5, 21, 3, 6, 25), 0.352055499102542, False, 'time']
['lloyd_matt', 202561443, 'impression', '3', 240877968L, datetime.datetime(2013, 5, 21, 3, 27, 9), 0.148099890811442, False, 'time']
['lloyd_matt', 202561443, 'impression', '2', 240879356L, datetime.datetime(2013, 5, 21, 3, 27, 9), 0.153556963852034, False, 'time']
['lloyd_matt', 202561443, 'impression', '4', 240877408L, datetime.datetime(2013, 5, 21, 3, 27, 9), 0.223576782364213, False, 'time']
['lloyd_matt', 202561443, 'impression', '1', 240879828L, datetime.datetime(2013, 5, 21, 3, 27, 9), 0.352055499102542, False, 'time']
['lloyd_matt', 202561443, 'impression', '1', 240879828L, datetime.datetime(2013, 5, 21, 3, 27, 24), 0.352055499102542, False, 'time']

