['marcodegroen', 202572136, 'impression', '5', 241090262L, datetime.datetime(2013, 5, 23, 9, 57, 14), 0.399815699273656, False, 'time']
['marcodegroen', 202572136, 'impression', '8', 241088955L, datetime.datetime(2013, 5, 23, 9, 57, 14), 0.179499777173477, False, 'time']
['marcodegroen', 202572136, 'impression', '4', 241090560L, datetime.datetime(2013, 5, 23, 9, 57, 14), 0.278169704587011, False, 'time']
['marcodegroen', 202572136, 'impression', '1', 241091457L, datetime.datetime(2013, 5, 23, 9, 57, 14), 0.436851460907019, True, 'time']
['marcodegroen', 202572136, 'impression', '2', 241091049L, datetime.datetime(2013, 5, 23, 9, 57, 14), 0.341609461772868, False, 'time']
['marcodegroen', 202572136, 'impression', '7', 241089067L, datetime.datetime(2013, 5, 23, 9, 57, 14), 0.146448859155013, False, 'time']
['marcodegroen', 202572136, 'impression', '3', 241090581L, datetime.datetime(2013, 5, 23, 9, 57, 14), 0.206490910992111, False, 'time']
['marcodegroen', 202572136, 'impression', '6', 241089977L, datetime.datetime(2013, 5, 23, 9, 57, 14), 0.223157194086006, False, 'time']
['marcodegroen', 202572136, 'view_full_application_via_name', '1', 241091457L, datetime.datetime(2013, 5, 23, 9, 57, 24), 0.436851460907019, True, 'time']
['marcodegroen', 202572136, 'impression', '6', 241089977L, datetime.datetime(2013, 5, 23, 9, 59, 11), 0.223157194086006, False, 'time']
['marcodegroen', 202572136, 'impression', '1', 241091457L, datetime.datetime(2013, 5, 23, 9, 59, 11), 0.436851460907019, True, 'time']
['marcodegroen', 202572136, 'impression', '2', 241091049L, datetime.datetime(2013, 5, 23, 9, 59, 11), 0.341609461772868, False, 'time']
['marcodegroen', 202572136, 'impression', '4', 241090560L, datetime.datetime(2013, 5, 23, 9, 59, 11), 0.278169704587011, False, 'time']
['marcodegroen', 202572136, 'impression', '5', 241090262L, datetime.datetime(2013, 5, 23, 9, 59, 11), 0.399815699273656, False, 'time']
['marcodegroen', 202572136, 'impression', '8', 241088955L, datetime.datetime(2013, 5, 23, 9, 59, 11), 0.179499777173477, False, 'time']
['marcodegroen', 202572136, 'impression', '3', 241090581L, datetime.datetime(2013, 5, 23, 9, 59, 11), 0.206490910992111, False, 'time']
['marcodegroen', 202572136, 'impression', '7', 241089067L, datetime.datetime(2013, 5, 23, 9, 59, 11), 0.146448859155013, False, 'time']
['marcodegroen', 202572136, 'view_full_application_via_name', '3', 241090581L, datetime.datetime(2013, 5, 23, 9, 59, 27), 0.206490910992111, False, 'time']

['marcodegroen', 202572136, 'impression', '9', 241089977L, datetime.datetime(2013, 5, 23, 10, 33, 50), 0.223157194086006, False, 'time']
['marcodegroen', 202572136, 'impression', '7', 241090560L, datetime.datetime(2013, 5, 23, 10, 33, 50), 0.278169704587011, False, 'time']
['marcodegroen', 202572136, 'impression', '8', 241090262L, datetime.datetime(2013, 5, 23, 10, 33, 50), 0.399815699273656, False, 'time']
['marcodegroen', 202572136, 'impression', '11', 241088955L, datetime.datetime(2013, 5, 23, 10, 33, 50), 0.179499777173477, False, 'time']
['marcodegroen', 202572136, 'impression', '1', 241093757L, datetime.datetime(2013, 5, 23, 10, 33, 50), 0.546496040802662, False, 'time']
['marcodegroen', 202572136, 'impression', '2', 241093022L, datetime.datetime(2013, 5, 23, 10, 33, 50), 0.321469306810543, True, 'time']
['marcodegroen', 202572136, 'impression', '10', 241089067L, datetime.datetime(2013, 5, 23, 10, 33, 50), 0.146448859155013, False, 'time']
['marcodegroen', 202572136, 'impression', '6', 241090581L, datetime.datetime(2013, 5, 23, 10, 33, 50), 0.206490910992111, False, 'time']
['marcodegroen', 202572136, 'impression', '4', 241091457L, datetime.datetime(2013, 5, 23, 10, 33, 50), 0.436851460907019, True, 'time']
['marcodegroen', 202572136, 'impression', '3', 241092718L, datetime.datetime(2013, 5, 23, 10, 33, 50), 0.187649733801461, False, 'time']
['marcodegroen', 202572136, 'impression', '5', 241091049L, datetime.datetime(2013, 5, 23, 10, 33, 50), 0.341609461772868, False, 'time']
['marcodegroen', 202572136, 'expand_tile', '9', 241089977L, datetime.datetime(2013, 5, 23, 10, 34, 7), 0.223157194086006, False, 'time']
['marcodegroen', 202572136, 'send_message', '9', 241089977L, datetime.datetime(2013, 5, 23, 10, 34, 19), 0.223157194086006, False, 'time']
['marcodegroen', 202572136, 'expand_tile', '9', 241089977L, datetime.datetime(2013, 5, 23, 10, 34, 56), 0.223157194086006, False, 'time']
['marcodegroen', 202572136, 'expand_tile', '8', 241090262L, datetime.datetime(2013, 5, 23, 10, 34, 59), 0.399815699273656, False, 'time']
['marcodegroen', 202572136, 'send_message', '8', 241090262L, datetime.datetime(2013, 5, 23, 10, 35, 8), 0.399815699273656, False, 'time']
['marcodegroen', 202572136, 'expand_tile', '8', 241090262L, datetime.datetime(2013, 5, 23, 10, 35, 16), 0.399815699273656, False, 'time']
['marcodegroen', 202572136, 'expand_tile', '2', 241093022L, datetime.datetime(2013, 5, 23, 10, 35, 25), 0.321469306810543, True, 'time']
['marcodegroen', 202572136, 'send_message', '2', 241093022L, datetime.datetime(2013, 5, 23, 10, 35, 35), 0.321469306810543, True, 'time']
['marcodegroen', 202572136, 'expand_tile', '2', 241093022L, datetime.datetime(2013, 5, 23, 10, 35, 43), 0.321469306810543, True, 'time']
['marcodegroen', 202572136, 'expand_tile', '1', 241093757L, datetime.datetime(2013, 5, 23, 10, 35, 52), 0.546496040802662, False, 'time']
['marcodegroen', 202572136, 'send_message', '1', 241093757L, datetime.datetime(2013, 5, 23, 10, 36, 3), 0.546496040802662, False, 'time']
['marcodegroen', 202572136, 'expand_tile', '1', 241093757L, datetime.datetime(2013, 5, 23, 10, 36, 10), 0.546496040802662, False, 'time']
['marcodegroen', 202572136, 'impression', '9', 241089977L, datetime.datetime(2013, 5, 23, 10, 37, 6), 0.223157194086006, False, 'time']
['marcodegroen', 202572136, 'impression', '11', 241088955L, datetime.datetime(2013, 5, 23, 10, 37, 6), 0.179499777173477, False, 'time']
['marcodegroen', 202572136, 'impression', '7', 241090560L, datetime.datetime(2013, 5, 23, 10, 37, 6), 0.278169704587011, False, 'time']
['marcodegroen', 202572136, 'impression', '8', 241090262L, datetime.datetime(2013, 5, 23, 10, 37, 6), 0.399815699273656, False, 'time']
['marcodegroen', 202572136, 'impression', '10', 241089067L, datetime.datetime(2013, 5, 23, 10, 37, 6), 0.146448859155013, False, 'time']
['marcodegroen', 202572136, 'impression', '6', 241090581L, datetime.datetime(2013, 5, 23, 10, 37, 6), 0.206490910992111, False, 'time']
['marcodegroen', 202572136, 'impression', '1', 241093757L, datetime.datetime(2013, 5, 23, 10, 37, 6), 0.546496040802662, False, 'time']
['marcodegroen', 202572136, 'impression', '2', 241093022L, datetime.datetime(2013, 5, 23, 10, 37, 6), 0.321469306810543, True, 'time']
['marcodegroen', 202572136, 'impression', '4', 241091457L, datetime.datetime(2013, 5, 23, 10, 37, 6), 0.436851460907019, True, 'time']
['marcodegroen', 202572136, 'impression', '3', 241092718L, datetime.datetime(2013, 5, 23, 10, 37, 6), 0.187649733801461, False, 'time']
['marcodegroen', 202572136, 'impression', '5', 241091049L, datetime.datetime(2013, 5, 23, 10, 37, 6), 0.341609461772868, False, 'time']
['marcodegroen', 202572136, 'expand_tile', '10', 241089067L, datetime.datetime(2013, 5, 23, 10, 37, 12), 0.146448859155013, False, 'time']
['marcodegroen', 202572136, 'expand_tile', '9', 241089977L, datetime.datetime(2013, 5, 23, 10, 37, 13), 0.223157194086006, False, 'time']
['marcodegroen', 202572136, 'expand_tile', '7', 241090560L, datetime.datetime(2013, 5, 23, 10, 37, 15), 0.278169704587011, False, 'time']
['marcodegroen', 202572136, 'expand_tile', '6', 241090581L, datetime.datetime(2013, 5, 23, 10, 37, 18), 0.206490910992111, False, 'time']
['marcodegroen', 202572136, 'send_message', '7', 241090560L, datetime.datetime(2013, 5, 23, 10, 37, 25), 0.278169704587011, False, 'time']
['marcodegroen', 202572136, 'expand_tile', '7', 241090560L, datetime.datetime(2013, 5, 23, 10, 37, 33), 0.278169704587011, False, 'time']
['marcodegroen', 202572136, 'view_full_application_via_message', '3', 241092718L, datetime.datetime(2013, 5, 23, 10, 37, 39), 0.187649733801461, False, 'time']

['marcodegroen', 202572136, 'impression', '7', 241091457L, datetime.datetime(2013, 5, 23, 15, 26, 5), 0.436851460907019, True, 'time']
['marcodegroen', 202572136, 'impression', '3', 241100308L, datetime.datetime(2013, 5, 23, 15, 26, 5), 0.253217592054398, True, 'time']
['marcodegroen', 202572136, 'impression', '12', 241089977L, datetime.datetime(2013, 5, 23, 15, 26, 5), 0.223157194086006, False, 'time']
['marcodegroen', 202572136, 'impression', '14', 241088955L, datetime.datetime(2013, 5, 23, 15, 26, 5), 0.179499777173477, False, 'time']
['marcodegroen', 202572136, 'impression', '11', 241090262L, datetime.datetime(2013, 5, 23, 15, 26, 5), 0.399815699273656, False, 'time']
['marcodegroen', 202572136, 'impression', '10', 241090560L, datetime.datetime(2013, 5, 23, 15, 26, 5), 0.278169704587011, False, 'time']
['marcodegroen', 202572136, 'impression', '13', 241089067L, datetime.datetime(2013, 5, 23, 15, 26, 5), 0.146448859155013, False, 'time']
['marcodegroen', 202572136, 'impression', '9', 241090581L, datetime.datetime(2013, 5, 23, 15, 26, 5), 0.206490910992111, False, 'time']
['marcodegroen', 202572136, 'impression', '5', 241093022L, datetime.datetime(2013, 5, 23, 15, 26, 5), 0.321469306810543, True, 'time']
['marcodegroen', 202572136, 'impression', '1', 241103732L, datetime.datetime(2013, 5, 23, 15, 26, 5), 0.204603966405419, False, 'time']
['marcodegroen', 202572136, 'impression', '4', 241093757L, datetime.datetime(2013, 5, 23, 15, 26, 5), 0.546496040802662, False, 'time']
['marcodegroen', 202572136, 'impression', '2', 241102435L, datetime.datetime(2013, 5, 23, 15, 26, 5), 0.230098476343095, False, 'time']
['marcodegroen', 202572136, 'impression', '6', 241092718L, datetime.datetime(2013, 5, 23, 15, 26, 5), 0.187649733801461, False, 'time']
['marcodegroen', 202572136, 'impression', '8', 241091049L, datetime.datetime(2013, 5, 23, 15, 26, 5), 0.341609461772868, False, 'time']
['marcodegroen', 202572136, 'expand_tile', '8', 241091049L, datetime.datetime(2013, 5, 23, 15, 26, 23), 0.341609461772868, False, 'time']
['marcodegroen', 202572136, 'send_message', '8', 241091049L, datetime.datetime(2013, 5, 23, 15, 26, 39), 0.341609461772868, False, 'time']
['marcodegroen', 202572136, 'send_message', '8', 241091049L, datetime.datetime(2013, 5, 23, 15, 27, 16), 0.341609461772868, False, 'time']
['marcodegroen', 202572136, 'expand_tile', '8', 241091049L, datetime.datetime(2013, 5, 23, 15, 28, 7), 0.341609461772868, False, 'time']
['marcodegroen', 202572136, 'expand_tile', '3', 241100308L, datetime.datetime(2013, 5, 23, 15, 28, 15), 0.253217592054398, True, 'time']
['marcodegroen', 202572136, 'send_message', '3', 241100308L, datetime.datetime(2013, 5, 23, 15, 28, 30), 0.253217592054398, True, 'time']
['marcodegroen', 202572136, 'expand_tile', '3', 241100308L, datetime.datetime(2013, 5, 23, 15, 29, 45), 0.253217592054398, True, 'time']
['marcodegroen', 202572136, 'expand_tile', '2', 241102435L, datetime.datetime(2013, 5, 23, 15, 29, 50), 0.230098476343095, False, 'time']
['marcodegroen', 202572136, 'send_message', '2', 241102435L, datetime.datetime(2013, 5, 23, 15, 29, 53), 0.230098476343095, False, 'time']
['marcodegroen', 202572136, 'expand_tile', '2', 241102435L, datetime.datetime(2013, 5, 23, 15, 31, 22), 0.230098476343095, False, 'time']
['marcodegroen', 202572136, 'view_full_application_via_name', '2', 241102435L, datetime.datetime(2013, 5, 23, 15, 31, 50), 0.230098476343095, False, 'time']

['marcodegroen', 202572136, 'impression', '6', 241092718L, datetime.datetime(2013, 5, 23, 16, 24, 30), 0.187649733801461, False, 'time']
['marcodegroen', 202572136, 'impression', '8', 241091049L, datetime.datetime(2013, 5, 23, 16, 24, 30), 0.341609461772868, False, 'time']
['marcodegroen', 202572136, 'impression', '3', 241100308L, datetime.datetime(2013, 5, 23, 16, 24, 30), 0.253217592054398, True, 'time']
['marcodegroen', 202572136, 'impression', '12', 241089977L, datetime.datetime(2013, 5, 23, 16, 24, 30), 0.223157194086006, False, 'time']
['marcodegroen', 202572136, 'impression', '9', 241090581L, datetime.datetime(2013, 5, 23, 16, 24, 30), 0.206490910992111, False, 'time']
['marcodegroen', 202572136, 'impression', '13', 241089067L, datetime.datetime(2013, 5, 23, 16, 24, 30), 0.146448859155013, False, 'time']
['marcodegroen', 202572136, 'impression', '7', 241091457L, datetime.datetime(2013, 5, 23, 16, 24, 30), 0.436851460907019, True, 'time']
['marcodegroen', 202572136, 'impression', '14', 241088955L, datetime.datetime(2013, 5, 23, 16, 24, 30), 0.179499777173477, False, 'time']
['marcodegroen', 202572136, 'impression', '10', 241090560L, datetime.datetime(2013, 5, 23, 16, 24, 30), 0.278169704587011, False, 'time']
['marcodegroen', 202572136, 'impression', '11', 241090262L, datetime.datetime(2013, 5, 23, 16, 24, 30), 0.399815699273656, False, 'time']
['marcodegroen', 202572136, 'impression', '4', 241093757L, datetime.datetime(2013, 5, 23, 16, 24, 30), 0.546496040802662, False, 'time']
['marcodegroen', 202572136, 'impression', '5', 241093022L, datetime.datetime(2013, 5, 23, 16, 24, 30), 0.321469306810543, True, 'time']
['marcodegroen', 202572136, 'impression', '1', 241103732L, datetime.datetime(2013, 5, 23, 16, 24, 30), 0.204603966405419, False, 'time']
['marcodegroen', 202572136, 'impression', '2', 241102435L, datetime.datetime(2013, 5, 23, 16, 24, 30), 0.230098476343095, False, 'time']
['marcodegroen', 202572136, 'expand_tile', '1', 241103732L, datetime.datetime(2013, 5, 23, 16, 24, 34), 0.204603966405419, False, 'time']
['marcodegroen', 202572136, 'expand_tile', '7', 241091457L, datetime.datetime(2013, 5, 23, 16, 24, 42), 0.436851460907019, True, 'time']
['marcodegroen', 202572136, 'hire', '7', 241091457L, datetime.datetime(2013, 5, 23, 16, 24, 44), 0.436851460907019, True, 'time']
['marcodegroen', 202572136, 'impression', '6', 241092718L, datetime.datetime(2013, 5, 23, 16, 25, 32), 0.187649733801461, False, 'time']
['marcodegroen', 202572136, 'impression', '8', 241091049L, datetime.datetime(2013, 5, 23, 16, 25, 32), 0.341609461772868, False, 'time']
['marcodegroen', 202572136, 'impression', '7', 241091457L, datetime.datetime(2013, 5, 23, 16, 25, 32), 0.436851460907019, True, 'time']
['marcodegroen', 202572136, 'impression', '9', 241090581L, datetime.datetime(2013, 5, 23, 16, 25, 32), 0.206490910992111, False, 'time']
['marcodegroen', 202572136, 'impression', '13', 241089067L, datetime.datetime(2013, 5, 23, 16, 25, 32), 0.146448859155013, False, 'time']
['marcodegroen', 202572136, 'impression', '5', 241093022L, datetime.datetime(2013, 5, 23, 16, 25, 32), 0.321469306810543, True, 'time']
['marcodegroen', 202572136, 'impression', '2', 241102435L, datetime.datetime(2013, 5, 23, 16, 25, 32), 0.230098476343095, False, 'time']
['marcodegroen', 202572136, 'impression', '4', 241093757L, datetime.datetime(2013, 5, 23, 16, 25, 32), 0.546496040802662, False, 'time']
['marcodegroen', 202572136, 'impression', '1', 241103732L, datetime.datetime(2013, 5, 23, 16, 25, 32), 0.204603966405419, False, 'time']
['marcodegroen', 202572136, 'impression', '10', 241090560L, datetime.datetime(2013, 5, 23, 16, 25, 32), 0.278169704587011, False, 'time']
['marcodegroen', 202572136, 'impression', '14', 241088955L, datetime.datetime(2013, 5, 23, 16, 25, 32), 0.179499777173477, False, 'time']
['marcodegroen', 202572136, 'impression', '11', 241090262L, datetime.datetime(2013, 5, 23, 16, 25, 32), 0.399815699273656, False, 'time']
['marcodegroen', 202572136, 'impression', '12', 241089977L, datetime.datetime(2013, 5, 23, 16, 25, 32), 0.223157194086006, False, 'time']
['marcodegroen', 202572136, 'impression', '3', 241100308L, datetime.datetime(2013, 5, 23, 16, 25, 32), 0.253217592054398, True, 'time']
['marcodegroen', 202572136, 'view_full_application_via_name', '7', 241091457L, datetime.datetime(2013, 5, 23, 16, 25, 36), 0.436851460907019, True, 'time']

['marcodegroen', 202572136, 'impression', '11', 241090581L, datetime.datetime(2013, 5, 23, 16, 59, 40), 0.206490910992111, False, 'time']
['marcodegroen', 202572136, 'impression', '15', 241089067L, datetime.datetime(2013, 5, 23, 16, 59, 40), 0.146448859155013, False, 'time']
['marcodegroen', 202572136, 'impression', '8', 241093022L, datetime.datetime(2013, 5, 23, 16, 59, 40), 0.321469306810543, True, 'time']
['marcodegroen', 202572136, 'impression', '7', 241093757L, datetime.datetime(2013, 5, 23, 16, 59, 40), 0.546496040802662, False, 'time']
['marcodegroen', 202572136, 'impression', '5', 241102435L, datetime.datetime(2013, 5, 23, 16, 59, 40), 0.230098476343095, False, 'time']
['marcodegroen', 202572136, 'impression', '4', 241103732L, datetime.datetime(2013, 5, 23, 16, 59, 40), 0.204603966405419, False, 'time']
['marcodegroen', 202572136, 'impression', '3', 241119546L, datetime.datetime(2013, 5, 23, 16, 59, 40), 0.105354873480361, False, 'time']
['marcodegroen', 202572136, 'impression', '13', 241090262L, datetime.datetime(2013, 5, 23, 16, 59, 40), 0.399815699273656, False, 'time']
['marcodegroen', 202572136, 'impression', '12', 241090560L, datetime.datetime(2013, 5, 23, 16, 59, 40), 0.278169704587011, False, 'time']
['marcodegroen', 202572136, 'impression', '16', 241088955L, datetime.datetime(2013, 5, 23, 16, 59, 40), 0.179499777173477, False, 'time']
['marcodegroen', 202572136, 'impression', '14', 241089977L, datetime.datetime(2013, 5, 23, 16, 59, 40), 0.223157194086006, False, 'time']
['marcodegroen', 202572136, 'impression', '6', 241100308L, datetime.datetime(2013, 5, 23, 16, 59, 40), 0.253217592054398, True, 'time']
['marcodegroen', 202572136, 'impression', '10', 241091049L, datetime.datetime(2013, 5, 23, 16, 59, 40), 0.341609461772868, False, 'time']
['marcodegroen', 202572136, 'impression', '9', 241092718L, datetime.datetime(2013, 5, 23, 16, 59, 40), 0.187649733801461, False, 'time']
['marcodegroen', 202572136, 'impression', '2', 241119961L, datetime.datetime(2013, 5, 23, 16, 59, 40), 0.124280748788479, False, 'time']
['marcodegroen', 202572136, 'impression', '1', 241120139L, datetime.datetime(2013, 5, 23, 16, 59, 40), 0.352578601250709, False, 'time']
['marcodegroen', 202572136, 'expand_tile', '2', 241119961L, datetime.datetime(2013, 5, 23, 16, 59, 44), 0.124280748788479, False, 'time']
['marcodegroen', 202572136, 'send_message', '2', 241119961L, datetime.datetime(2013, 5, 23, 17, 0), 0.124280748788479, False, 'time']
['marcodegroen', 202572136, 'expand_tile', '2', 241119961L, datetime.datetime(2013, 5, 23, 17, 1, 16), 0.124280748788479, False, 'time']
['marcodegroen', 202572136, 'expand_tile', '1', 241120139L, datetime.datetime(2013, 5, 23, 17, 1, 20), 0.352578601250709, False, 'time']
['marcodegroen', 202572136, 'send_message', '1', 241120139L, datetime.datetime(2013, 5, 23, 17, 1, 31), 0.352578601250709, False, 'time']
['marcodegroen', 202572136, 'expand_tile', '1', 241120139L, datetime.datetime(2013, 5, 23, 17, 2, 56), 0.352578601250709, False, 'time']
['marcodegroen', 202572136, 'impression', '7', 241093757L, datetime.datetime(2013, 5, 23, 17, 5, 28), 0.546496040802662, False, 'time']
['marcodegroen', 202572136, 'impression', '4', 241103732L, datetime.datetime(2013, 5, 23, 17, 5, 28), 0.204603966405419, False, 'time']
['marcodegroen', 202572136, 'impression', '5', 241102435L, datetime.datetime(2013, 5, 23, 17, 5, 28), 0.230098476343095, False, 'time']
['marcodegroen', 202572136, 'impression', '8', 241093022L, datetime.datetime(2013, 5, 23, 17, 5, 28), 0.321469306810543, True, 'time']
['marcodegroen', 202572136, 'impression', '6', 241100308L, datetime.datetime(2013, 5, 23, 17, 5, 28), 0.253217592054398, True, 'time']
['marcodegroen', 202572136, 'impression', '14', 241089977L, datetime.datetime(2013, 5, 23, 17, 5, 28), 0.223157194086006, False, 'time']
['marcodegroen', 202572136, 'impression', '3', 241119546L, datetime.datetime(2013, 5, 23, 17, 5, 28), 0.105354873480361, False, 'time']
['marcodegroen', 202572136, 'impression', '13', 241090262L, datetime.datetime(2013, 5, 23, 17, 5, 28), 0.399815699273656, False, 'time']
['marcodegroen', 202572136, 'impression', '12', 241090560L, datetime.datetime(2013, 5, 23, 17, 5, 28), 0.278169704587011, False, 'time']
['marcodegroen', 202572136, 'impression', '16', 241088955L, datetime.datetime(2013, 5, 23, 17, 5, 28), 0.179499777173477, False, 'time']
['marcodegroen', 202572136, 'impression', '10', 241091049L, datetime.datetime(2013, 5, 23, 17, 5, 28), 0.341609461772868, False, 'time']
['marcodegroen', 202572136, 'impression', '2', 241119961L, datetime.datetime(2013, 5, 23, 17, 5, 28), 0.124280748788479, False, 'time']
['marcodegroen', 202572136, 'impression', '9', 241092718L, datetime.datetime(2013, 5, 23, 17, 5, 28), 0.187649733801461, False, 'time']
['marcodegroen', 202572136, 'impression', '1', 241120139L, datetime.datetime(2013, 5, 23, 17, 5, 28), 0.352578601250709, False, 'time']
['marcodegroen', 202572136, 'impression', '11', 241090581L, datetime.datetime(2013, 5, 23, 17, 5, 28), 0.206490910992111, False, 'time']
['marcodegroen', 202572136, 'impression', '15', 241089067L, datetime.datetime(2013, 5, 23, 17, 5, 28), 0.146448859155013, False, 'time']

['marcodegroen', 202572136, 'impression', '16', 241090262L, datetime.datetime(2013, 5, 24, 3, 5, 24), 0.399815699273656, False, 'time']
['marcodegroen', 202572136, 'impression', '15', 241090560L, datetime.datetime(2013, 5, 24, 3, 5, 24), 0.278169704587011, False, 'time']
['marcodegroen', 202572136, 'impression', '19', 241088955L, datetime.datetime(2013, 5, 24, 3, 5, 24), 0.179499777173477, False, 'time']
['marcodegroen', 202572136, 'impression', '3', 241127131L, datetime.datetime(2013, 5, 24, 3, 5, 24), 0.302276392696642, False, 'time']
['marcodegroen', 202572136, 'impression', '4', 241120139L, datetime.datetime(2013, 5, 24, 3, 5, 24), 0.352578601250709, False, 'time']
['marcodegroen', 202572136, 'impression', '13', 241091049L, datetime.datetime(2013, 5, 24, 3, 5, 24), 0.341609461772868, False, 'time']
['marcodegroen', 202572136, 'impression', '5', 241119961L, datetime.datetime(2013, 5, 24, 3, 5, 24), 0.124280748788479, False, 'time']
['marcodegroen', 202572136, 'impression', '12', 241092718L, datetime.datetime(2013, 5, 24, 3, 5, 24), 0.187649733801461, False, 'time']
['marcodegroen', 202572136, 'impression', '1', 241153528L, datetime.datetime(2013, 5, 24, 3, 5, 24), 0.369480574622912, True, 'time']
['marcodegroen', 202572136, 'impression', '6', 241119546L, datetime.datetime(2013, 5, 24, 3, 5, 24), 0.105354873480361, False, 'time']
['marcodegroen', 202572136, 'impression', '14', 241090581L, datetime.datetime(2013, 5, 24, 3, 5, 24), 0.206490910992111, False, 'time']
['marcodegroen', 202572136, 'impression', '18', 241089067L, datetime.datetime(2013, 5, 24, 3, 5, 24), 0.146448859155013, False, 'time']
['marcodegroen', 202572136, 'impression', '7', 241103732L, datetime.datetime(2013, 5, 24, 3, 5, 24), 0.204603966405419, False, 'time']
['marcodegroen', 202572136, 'impression', '8', 241102435L, datetime.datetime(2013, 5, 24, 3, 5, 24), 0.230098476343095, False, 'time']
['marcodegroen', 202572136, 'impression', '11', 241093022L, datetime.datetime(2013, 5, 24, 3, 5, 24), 0.321469306810543, True, 'time']
['marcodegroen', 202572136, 'impression', '10', 241093757L, datetime.datetime(2013, 5, 24, 3, 5, 24), 0.546496040802662, False, 'time']
['marcodegroen', 202572136, 'impression', '9', 241100308L, datetime.datetime(2013, 5, 24, 3, 5, 24), 0.253217592054398, True, 'time']
['marcodegroen', 202572136, 'impression', '2', 241134181L, datetime.datetime(2013, 5, 24, 3, 5, 24), 0.567278203160538, False, 'time']
['marcodegroen', 202572136, 'impression', '17', 241089977L, datetime.datetime(2013, 5, 24, 3, 5, 24), 0.223157194086006, False, 'time']
['marcodegroen', 202572136, 'expand_tile', '3', 241127131L, datetime.datetime(2013, 5, 24, 3, 5, 38), 0.302276392696642, False, 'time']
['marcodegroen', 202572136, 'send_message', '3', 241127131L, datetime.datetime(2013, 5, 24, 3, 5, 58), 0.302276392696642, False, 'time']
['marcodegroen', 202572136, 'expand_tile', '3', 241127131L, datetime.datetime(2013, 5, 24, 3, 7, 8), 0.302276392696642, False, 'time']
['marcodegroen', 202572136, 'expand_tile', '3', 241127131L, datetime.datetime(2013, 5, 24, 3, 7, 10), 0.302276392696642, False, 'time']
['marcodegroen', 202572136, 'shortlist', '3', 241127131L, datetime.datetime(2013, 5, 24, 3, 7, 10), 0.302276392696642, False, 'time']
['marcodegroen', 202572136, 'shortlist', '5', 241119961L, datetime.datetime(2013, 5, 24, 3, 7, 15), 0.124280748788479, False, 'time']
['marcodegroen', 202572136, 'shortlist', '6', 241119546L, datetime.datetime(2013, 5, 24, 3, 7, 17), 0.105354873480361, False, 'time']
['marcodegroen', 202572136, 'shortlist', '4', 241120139L, datetime.datetime(2013, 5, 24, 3, 7, 19), 0.352578601250709, False, 'time']
['marcodegroen', 202572136, 'shortlist', '8', 241102435L, datetime.datetime(2013, 5, 24, 3, 7, 22), 0.230098476343095, False, 'time']
['marcodegroen', 202572136, 'shortlist', '9', 241100308L, datetime.datetime(2013, 5, 24, 3, 7, 23), 0.253217592054398, True, 'time']
['marcodegroen', 202572136, 'shortlist', '10', 241093757L, datetime.datetime(2013, 5, 24, 3, 7, 24), 0.546496040802662, False, 'time']
['marcodegroen', 202572136, 'shortlist', '11', 241093022L, datetime.datetime(2013, 5, 24, 3, 7, 25), 0.321469306810543, True, 'time']
['marcodegroen', 202572136, 'shortlist', '14', 241090581L, datetime.datetime(2013, 5, 24, 3, 7, 29), 0.206490910992111, False, 'time']
['marcodegroen', 202572136, 'expand_tile', '2', 241134181L, datetime.datetime(2013, 5, 24, 3, 7, 34), 0.567278203160538, False, 'time']
['marcodegroen', 202572136, 'collapse_tile', '2', 241134181L, datetime.datetime(2013, 5, 24, 3, 8, 23), 0.567278203160538, False, 'time']
['marcodegroen', 202572136, 'expand_tile', '2', 241134181L, datetime.datetime(2013, 5, 24, 3, 8, 25), 0.567278203160538, False, 'time']
['marcodegroen', 202572136, 'expand_tile', '1', 241153528L, datetime.datetime(2013, 5, 24, 3, 8, 32), 0.369480574622912, True, 'time']
['marcodegroen', 202572136, 'send_message', '1', 241153528L, datetime.datetime(2013, 5, 24, 3, 8, 36), 0.369480574622912, True, 'time']
['marcodegroen', 202572136, 'expand_tile', '1', 241153528L, datetime.datetime(2013, 5, 24, 3, 9, 43), 0.369480574622912, True, 'time']
['marcodegroen', 202572136, 'collapse_tile', '1', 241153528L, datetime.datetime(2013, 5, 24, 3, 9, 53), 0.369480574622912, True, 'time']
['marcodegroen', 202572136, 'expand_tile', '1', 241153528L, datetime.datetime(2013, 5, 24, 3, 9, 54), 0.369480574622912, True, 'time']
['marcodegroen', 202572136, 'view_full_application_via_name', '1', 241153528L, datetime.datetime(2013, 5, 24, 3, 9, 59), 0.369480574622912, True, 'time']
['marcodegroen', 202572136, 'impression', '4', 241120139L, datetime.datetime(2013, 5, 24, 3, 12, 26), 0.352578601250709, False, 'time']
['marcodegroen', 202572136, 'impression', '6', 241119546L, datetime.datetime(2013, 5, 24, 3, 12, 26), 0.105354873480361, False, 'time']
['marcodegroen', 202572136, 'impression', '13', 241091049L, datetime.datetime(2013, 5, 24, 3, 12, 26), 0.341609461772868, False, 'time']
['marcodegroen', 202572136, 'impression', '12', 241092718L, datetime.datetime(2013, 5, 24, 3, 12, 26), 0.187649733801461, False, 'time']
['marcodegroen', 202572136, 'impression', '1', 241153528L, datetime.datetime(2013, 5, 24, 3, 12, 26), 0.369480574622912, True, 'time']
['marcodegroen', 202572136, 'impression', '5', 241119961L, datetime.datetime(2013, 5, 24, 3, 12, 26), 0.124280748788479, False, 'time']
['marcodegroen', 202572136, 'impression', '3', 241127131L, datetime.datetime(2013, 5, 24, 3, 12, 26), 0.302276392696642, False, 'time']
['marcodegroen', 202572136, 'impression', '16', 241090262L, datetime.datetime(2013, 5, 24, 3, 12, 26), 0.399815699273656, False, 'time']
['marcodegroen', 202572136, 'impression', '19', 241088955L, datetime.datetime(2013, 5, 24, 3, 12, 26), 0.179499777173477, False, 'time']
['marcodegroen', 202572136, 'impression', '15', 241090560L, datetime.datetime(2013, 5, 24, 3, 12, 26), 0.278169704587011, False, 'time']
['marcodegroen', 202572136, 'impression', '10', 241093757L, datetime.datetime(2013, 5, 24, 3, 12, 26), 0.546496040802662, False, 'time']
['marcodegroen', 202572136, 'impression', '8', 241102435L, datetime.datetime(2013, 5, 24, 3, 12, 26), 0.230098476343095, False, 'time']
['marcodegroen', 202572136, 'impression', '11', 241093022L, datetime.datetime(2013, 5, 24, 3, 12, 26), 0.321469306810543, True, 'time']
['marcodegroen', 202572136, 'impression', '7', 241103732L, datetime.datetime(2013, 5, 24, 3, 12, 26), 0.204603966405419, False, 'time']
['marcodegroen', 202572136, 'impression', '18', 241089067L, datetime.datetime(2013, 5, 24, 3, 12, 26), 0.146448859155013, False, 'time']
['marcodegroen', 202572136, 'impression', '14', 241090581L, datetime.datetime(2013, 5, 24, 3, 12, 26), 0.206490910992111, False, 'time']
['marcodegroen', 202572136, 'impression', '9', 241100308L, datetime.datetime(2013, 5, 24, 3, 12, 26), 0.253217592054398, True, 'time']
['marcodegroen', 202572136, 'impression', '17', 241089977L, datetime.datetime(2013, 5, 24, 3, 12, 26), 0.223157194086006, False, 'time']
['marcodegroen', 202572136, 'impression', '2', 241134181L, datetime.datetime(2013, 5, 24, 3, 12, 26), 0.567278203160538, False, 'time']
['marcodegroen', 202572136, 'view_full_application_via_name', '2', 241134181L, datetime.datetime(2013, 5, 24, 3, 12, 28), 0.567278203160538, False, 'time']

['marcodegroen', 202572136, 'impression', '18', 241089067L, datetime.datetime(2013, 5, 24, 16, 15, 52), 0.146448859155013, False, 'time']
['marcodegroen', 202572136, 'impression', '14', 241090581L, datetime.datetime(2013, 5, 24, 16, 15, 52), 0.206490910992111, False, 'time']
['marcodegroen', 202572136, 'impression', '17', 241089977L, datetime.datetime(2013, 5, 24, 16, 15, 52), 0.223157194086006, False, 'time']
['marcodegroen', 202572136, 'impression', '9', 241100308L, datetime.datetime(2013, 5, 24, 16, 15, 52), 0.253217592054398, True, 'time']
['marcodegroen', 202572136, 'impression', '3', 241134181L, datetime.datetime(2013, 5, 24, 16, 15, 52), 0.567278203160538, False, 'time']
['marcodegroen', 202572136, 'impression', '15', 241090560L, datetime.datetime(2013, 5, 24, 16, 15, 52), 0.278169704587011, False, 'time']
['marcodegroen', 202572136, 'impression', '4', 241127131L, datetime.datetime(2013, 5, 24, 16, 15, 52), 0.302276392696642, False, 'time']
['marcodegroen', 202572136, 'impression', '16', 241090262L, datetime.datetime(2013, 5, 24, 16, 15, 52), 0.399815699273656, False, 'time']
['marcodegroen', 202572136, 'impression', '19', 241088955L, datetime.datetime(2013, 5, 24, 16, 15, 52), 0.179499777173477, False, 'time']
['marcodegroen', 202572136, 'impression', '12', 241092718L, datetime.datetime(2013, 5, 24, 16, 15, 52), 0.187649733801461, False, 'time']
['marcodegroen', 202572136, 'impression', '13', 241091049L, datetime.datetime(2013, 5, 24, 16, 15, 52), 0.341609461772868, False, 'time']
['marcodegroen', 202572136, 'impression', '2', 241153528L, datetime.datetime(2013, 5, 24, 16, 15, 52), 0.369480574622912, True, 'time']
['marcodegroen', 202572136, 'impression', '6', 241119961L, datetime.datetime(2013, 5, 24, 16, 15, 52), 0.124280748788479, False, 'time']
['marcodegroen', 202572136, 'impression', '5', 241120139L, datetime.datetime(2013, 5, 24, 16, 15, 52), 0.352578601250709, False, 'time']
['marcodegroen', 202572136, 'impression', '7', 241119546L, datetime.datetime(2013, 5, 24, 16, 15, 52), 0.105354873480361, False, 'time']
['marcodegroen', 202572136, 'impression', '8', 241103732L, datetime.datetime(2013, 5, 24, 16, 15, 52), 0.204603966405419, False, 'time']
['marcodegroen', 202572136, 'impression', '1', 241193641L, datetime.datetime(2013, 5, 24, 16, 15, 52), 0.531448128862161, False, 'time']
['marcodegroen', 202572136, 'impression', '10', 241093757L, datetime.datetime(2013, 5, 24, 16, 15, 52), 0.546496040802662, False, 'time']
['marcodegroen', 202572136, 'impression', '11', 241093022L, datetime.datetime(2013, 5, 24, 16, 15, 52), 0.321469306810543, True, 'time']
['marcodegroen', 202572136, 'view_full_application_via_name', '9', 241100308L, datetime.datetime(2013, 5, 24, 16, 16), 0.253217592054398, True, 'time']
['marcodegroen', 202572136, 'impression', '7', 241119546L, datetime.datetime(2013, 5, 24, 16, 35, 10), 0.105354873480361, False, 'time']
['marcodegroen', 202572136, 'impression', '12', 241092718L, datetime.datetime(2013, 5, 24, 16, 35, 10), 0.187649733801461, False, 'time']
['marcodegroen', 202572136, 'impression', '2', 241153528L, datetime.datetime(2013, 5, 24, 16, 35, 10), 0.369480574622912, True, 'time']
['marcodegroen', 202572136, 'impression', '13', 241091049L, datetime.datetime(2013, 5, 24, 16, 35, 10), 0.341609461772868, False, 'time']
['marcodegroen', 202572136, 'impression', '6', 241119961L, datetime.datetime(2013, 5, 24, 16, 35, 10), 0.124280748788479, False, 'time']
['marcodegroen', 202572136, 'impression', '15', 241090560L, datetime.datetime(2013, 5, 24, 16, 35, 10), 0.278169704587011, False, 'time']
['marcodegroen', 202572136, 'impression', '19', 241088955L, datetime.datetime(2013, 5, 24, 16, 35, 10), 0.179499777173477, False, 'time']
['marcodegroen', 202572136, 'impression', '16', 241090262L, datetime.datetime(2013, 5, 24, 16, 35, 10), 0.399815699273656, False, 'time']
['marcodegroen', 202572136, 'impression', '4', 241127131L, datetime.datetime(2013, 5, 24, 16, 35, 10), 0.302276392696642, False, 'time']
['marcodegroen', 202572136, 'impression', '5', 241120139L, datetime.datetime(2013, 5, 24, 16, 35, 10), 0.352578601250709, False, 'time']
['marcodegroen', 202572136, 'impression', '1', 241193641L, datetime.datetime(2013, 5, 24, 16, 35, 10), 0.531448128862161, False, 'time']
['marcodegroen', 202572136, 'impression', '10', 241093757L, datetime.datetime(2013, 5, 24, 16, 35, 10), 0.546496040802662, False, 'time']
['marcodegroen', 202572136, 'impression', '8', 241103732L, datetime.datetime(2013, 5, 24, 16, 35, 10), 0.204603966405419, False, 'time']
['marcodegroen', 202572136, 'impression', '11', 241093022L, datetime.datetime(2013, 5, 24, 16, 35, 10), 0.321469306810543, True, 'time']
['marcodegroen', 202572136, 'impression', '18', 241089067L, datetime.datetime(2013, 5, 24, 16, 35, 10), 0.146448859155013, False, 'time']
['marcodegroen', 202572136, 'impression', '14', 241090581L, datetime.datetime(2013, 5, 24, 16, 35, 10), 0.206490910992111, False, 'time']
['marcodegroen', 202572136, 'impression', '17', 241089977L, datetime.datetime(2013, 5, 24, 16, 35, 10), 0.223157194086006, False, 'time']
['marcodegroen', 202572136, 'impression', '9', 241100308L, datetime.datetime(2013, 5, 24, 16, 35, 10), 0.253217592054398, True, 'time']
['marcodegroen', 202572136, 'impression', '3', 241134181L, datetime.datetime(2013, 5, 24, 16, 35, 10), 0.567278203160538, False, 'time']
['marcodegroen', 202572136, 'expand_tile', '1', 241193641L, datetime.datetime(2013, 5, 24, 16, 35, 12), 0.531448128862161, False, 'time']
['marcodegroen', 202572136, 'send_message', '1', 241193641L, datetime.datetime(2013, 5, 24, 16, 35, 25), 0.531448128862161, False, 'time']
['marcodegroen', 202572136, 'expand_tile', '1', 241193641L, datetime.datetime(2013, 5, 24, 16, 37, 21), 0.531448128862161, False, 'time']
['marcodegroen', 202572136, 'view_full_application_via_name', '1', 241193641L, datetime.datetime(2013, 5, 24, 16, 37, 25), 0.531448128862161, False, 'time']

['marcodegroen', 202572136, 'impression', '10', 241119546L, datetime.datetime(2013, 5, 25, 3, 38, 10), 0.105354873480361, False, 'time']
['marcodegroen', 202572136, 'impression', '2', 241214662L, datetime.datetime(2013, 5, 25, 3, 38, 10), 0.41483374562446, False, 'time']
['marcodegroen', 202572136, 'impression', '1', 241236902L, datetime.datetime(2013, 5, 25, 3, 38, 10), 0.393987578564166, False, 'time']
['marcodegroen', 202572136, 'impression', '13', 241093022L, datetime.datetime(2013, 5, 25, 3, 38, 10), 0.321469306810543, True, 'time']
['marcodegroen', 202572136, 'impression', '11', 241103732L, datetime.datetime(2013, 5, 25, 3, 38, 10), 0.204603966405419, False, 'time']
['marcodegroen', 202572136, 'impression', '12', 241093757L, datetime.datetime(2013, 5, 25, 3, 38, 10), 0.546496040802662, False, 'time']
['marcodegroen', 202572136, 'impression', '4', 241193641L, datetime.datetime(2013, 5, 25, 3, 38, 10), 0.531448128862161, False, 'time']
['marcodegroen', 202572136, 'impression', '16', 241090581L, datetime.datetime(2013, 5, 25, 3, 38, 10), 0.206490910992111, False, 'time']
['marcodegroen', 202572136, 'impression', '20', 241089067L, datetime.datetime(2013, 5, 25, 3, 38, 10), 0.146448859155013, False, 'time']
['marcodegroen', 202572136, 'impression', '3', 241213746L, datetime.datetime(2013, 5, 25, 3, 38, 10), 0.424360920256509, True, 'time']
['marcodegroen', 202572136, 'impression', '8', 241120139L, datetime.datetime(2013, 5, 25, 3, 38, 10), 0.352578601250709, False, 'time']
['marcodegroen', 202572136, 'impression', '19', 241089977L, datetime.datetime(2013, 5, 25, 3, 38, 10), 0.223157194086006, False, 'time']
['marcodegroen', 202572136, 'impression', '6', 241134181L, datetime.datetime(2013, 5, 25, 3, 38, 10), 0.567278203160538, False, 'time']
['marcodegroen', 202572136, 'impression', '9', 241119961L, datetime.datetime(2013, 5, 25, 3, 38, 10), 0.124280748788479, False, 'time']
['marcodegroen', 202572136, 'impression', '5', 241153528L, datetime.datetime(2013, 5, 25, 3, 38, 10), 0.369480574622912, True, 'time']
['marcodegroen', 202572136, 'impression', '14', 241092718L, datetime.datetime(2013, 5, 25, 3, 38, 10), 0.187649733801461, False, 'time']
['marcodegroen', 202572136, 'impression', '15', 241091049L, datetime.datetime(2013, 5, 25, 3, 38, 10), 0.341609461772868, False, 'time']
['marcodegroen', 202572136, 'impression', '17', 241090560L, datetime.datetime(2013, 5, 25, 3, 38, 10), 0.278169704587011, False, 'time']
['marcodegroen', 202572136, 'impression', '18', 241090262L, datetime.datetime(2013, 5, 25, 3, 38, 10), 0.399815699273656, False, 'time']
['marcodegroen', 202572136, 'impression', '7', 241127131L, datetime.datetime(2013, 5, 25, 3, 38, 10), 0.302276392696642, False, 'time']
['marcodegroen', 202572136, 'expand_tile', '3', 241213746L, datetime.datetime(2013, 5, 25, 3, 38, 17), 0.424360920256509, True, 'time']
['marcodegroen', 202572136, 'collapse_tile', '3', 241213746L, datetime.datetime(2013, 5, 25, 3, 38, 27), 0.424360920256509, True, 'time']
['marcodegroen', 202572136, 'expand_tile', '3', 241213746L, datetime.datetime(2013, 5, 25, 3, 38, 29), 0.424360920256509, True, 'time']
['marcodegroen', 202572136, 'collapse_tile', '3', 241213746L, datetime.datetime(2013, 5, 25, 3, 38, 33), 0.424360920256509, True, 'time']
['marcodegroen', 202572136, 'expand_tile', '3', 241213746L, datetime.datetime(2013, 5, 25, 3, 38, 34), 0.424360920256509, True, 'time']
['marcodegroen', 202572136, 'view_full_application_via_name', '3', 241213746L, datetime.datetime(2013, 5, 25, 3, 38, 45), 0.424360920256509, True, 'time']
['marcodegroen', 202572136, 'impression', '14', 241092718L, datetime.datetime(2013, 5, 25, 3, 39, 37), 0.187649733801461, False, 'time']
['marcodegroen', 202572136, 'impression', '15', 241091049L, datetime.datetime(2013, 5, 25, 3, 39, 37), 0.341609461772868, False, 'time']
['marcodegroen', 202572136, 'impression', '5', 241153528L, datetime.datetime(2013, 5, 25, 3, 39, 37), 0.369480574622912, True, 'time']
['marcodegroen', 202572136, 'impression', '9', 241119961L, datetime.datetime(2013, 5, 25, 3, 39, 37), 0.124280748788479, False, 'time']
['marcodegroen', 202572136, 'impression', '4', 241193641L, datetime.datetime(2013, 5, 25, 3, 39, 37), 0.531448128862161, False, 'time']
['marcodegroen', 202572136, 'impression', '12', 241093757L, datetime.datetime(2013, 5, 25, 3, 39, 37), 0.546496040802662, False, 'time']
['marcodegroen', 202572136, 'impression', '1', 241236902L, datetime.datetime(2013, 5, 25, 3, 39, 37), 0.393987578564166, False, 'time']
['marcodegroen', 202572136, 'impression', '13', 241093022L, datetime.datetime(2013, 5, 25, 3, 39, 37), 0.321469306810543, True, 'time']
['marcodegroen', 202572136, 'impression', '11', 241103732L, datetime.datetime(2013, 5, 25, 3, 39, 37), 0.204603966405419, False, 'time']
['marcodegroen', 202572136, 'impression', '3', 241213746L, datetime.datetime(2013, 5, 25, 3, 39, 37), 0.424360920256509, True, 'time']
['marcodegroen', 202572136, 'impression', '8', 241120139L, datetime.datetime(2013, 5, 25, 3, 39, 37), 0.352578601250709, False, 'time']
['marcodegroen', 202572136, 'impression', '10', 241119546L, datetime.datetime(2013, 5, 25, 3, 39, 37), 0.105354873480361, False, 'time']
['marcodegroen', 202572136, 'impression', '2', 241214662L, datetime.datetime(2013, 5, 25, 3, 39, 37), 0.41483374562446, False, 'time']
['marcodegroen', 202572136, 'impression', '19', 241089977L, datetime.datetime(2013, 5, 25, 3, 39, 37), 0.223157194086006, False, 'time']
['marcodegroen', 202572136, 'impression', '6', 241134181L, datetime.datetime(2013, 5, 25, 3, 39, 37), 0.567278203160538, False, 'time']
['marcodegroen', 202572136, 'impression', '20', 241089067L, datetime.datetime(2013, 5, 25, 3, 39, 37), 0.146448859155013, False, 'time']
['marcodegroen', 202572136, 'impression', '16', 241090581L, datetime.datetime(2013, 5, 25, 3, 39, 37), 0.206490910992111, False, 'time']
['marcodegroen', 202572136, 'impression', '18', 241090262L, datetime.datetime(2013, 5, 25, 3, 39, 37), 0.399815699273656, False, 'time']
['marcodegroen', 202572136, 'impression', '7', 241127131L, datetime.datetime(2013, 5, 25, 3, 39, 37), 0.302276392696642, False, 'time']
['marcodegroen', 202572136, 'impression', '17', 241090560L, datetime.datetime(2013, 5, 25, 3, 39, 37), 0.278169704587011, False, 'time']
['marcodegroen', 202572136, 'expand_tile', '3', 241213746L, datetime.datetime(2013, 5, 25, 3, 39, 40), 0.424360920256509, True, 'time']
['marcodegroen', 202572136, 'send_message', '3', 241213746L, datetime.datetime(2013, 5, 25, 3, 39, 42), 0.424360920256509, True, 'time']
['marcodegroen', 202572136, 'expand_tile', '3', 241213746L, datetime.datetime(2013, 5, 25, 3, 40, 51), 0.424360920256509, True, 'time']
['marcodegroen', 202572136, 'expand_tile', '2', 241214662L, datetime.datetime(2013, 5, 25, 3, 40, 54), 0.41483374562446, False, 'time']
['marcodegroen', 202572136, 'view_full_application_via_name', '2', 241214662L, datetime.datetime(2013, 5, 25, 3, 41, 6), 0.41483374562446, False, 'time']
['marcodegroen', 202572136, 'impression', '10', 241119546L, datetime.datetime(2013, 5, 25, 3, 41, 18), 0.105354873480361, False, 'time']
['marcodegroen', 202572136, 'impression', '2', 241214662L, datetime.datetime(2013, 5, 25, 3, 41, 18), 0.41483374562446, False, 'time']
['marcodegroen', 202572136, 'impression', '14', 241092718L, datetime.datetime(2013, 5, 25, 3, 41, 18), 0.187649733801461, False, 'time']
['marcodegroen', 202572136, 'impression', '5', 241153528L, datetime.datetime(2013, 5, 25, 3, 41, 18), 0.369480574622912, True, 'time']
['marcodegroen', 202572136, 'impression', '9', 241119961L, datetime.datetime(2013, 5, 25, 3, 41, 18), 0.124280748788479, False, 'time']
['marcodegroen', 202572136, 'impression', '15', 241091049L, datetime.datetime(2013, 5, 25, 3, 41, 18), 0.341609461772868, False, 'time']
['marcodegroen', 202572136, 'impression', '8', 241120139L, datetime.datetime(2013, 5, 25, 3, 41, 18), 0.352578601250709, False, 'time']
['marcodegroen', 202572136, 'impression', '3', 241213746L, datetime.datetime(2013, 5, 25, 3, 41, 18), 0.424360920256509, True, 'time']
['marcodegroen', 202572136, 'impression', '6', 241134181L, datetime.datetime(2013, 5, 25, 3, 41, 18), 0.567278203160538, False, 'time']
['marcodegroen', 202572136, 'impression', '19', 241089977L, datetime.datetime(2013, 5, 25, 3, 41, 18), 0.223157194086006, False, 'time']
['marcodegroen', 202572136, 'impression', '17', 241090560L, datetime.datetime(2013, 5, 25, 3, 41, 18), 0.278169704587011, False, 'time']
['marcodegroen', 202572136, 'impression', '7', 241127131L, datetime.datetime(2013, 5, 25, 3, 41, 18), 0.302276392696642, False, 'time']
['marcodegroen', 202572136, 'impression', '18', 241090262L, datetime.datetime(2013, 5, 25, 3, 41, 18), 0.399815699273656, False, 'time']
['marcodegroen', 202572136, 'impression', '16', 241090581L, datetime.datetime(2013, 5, 25, 3, 41, 18), 0.206490910992111, False, 'time']
['marcodegroen', 202572136, 'impression', '20', 241089067L, datetime.datetime(2013, 5, 25, 3, 41, 18), 0.146448859155013, False, 'time']
['marcodegroen', 202572136, 'impression', '12', 241093757L, datetime.datetime(2013, 5, 25, 3, 41, 18), 0.546496040802662, False, 'time']
['marcodegroen', 202572136, 'impression', '4', 241193641L, datetime.datetime(2013, 5, 25, 3, 41, 18), 0.531448128862161, False, 'time']
['marcodegroen', 202572136, 'impression', '11', 241103732L, datetime.datetime(2013, 5, 25, 3, 41, 18), 0.204603966405419, False, 'time']
['marcodegroen', 202572136, 'impression', '13', 241093022L, datetime.datetime(2013, 5, 25, 3, 41, 18), 0.321469306810543, True, 'time']
['marcodegroen', 202572136, 'impression', '1', 241236902L, datetime.datetime(2013, 5, 25, 3, 41, 18), 0.393987578564166, False, 'time']
['marcodegroen', 202572136, 'expand_tile', '2', 241214662L, datetime.datetime(2013, 5, 25, 3, 41, 21), 0.41483374562446, False, 'time']
['marcodegroen', 202572136, 'send_message', '2', 241214662L, datetime.datetime(2013, 5, 25, 3, 41, 24), 0.41483374562446, False, 'time']
['marcodegroen', 202572136, 'expand_tile', '2', 241214662L, datetime.datetime(2013, 5, 25, 3, 42, 22), 0.41483374562446, False, 'time']
['marcodegroen', 202572136, 'expand_tile', '1', 241236902L, datetime.datetime(2013, 5, 25, 3, 42, 26), 0.393987578564166, False, 'time']

['marcodegroen', 202572136, 'impression', '17', 241090560L, datetime.datetime(2013, 5, 25, 4, 45, 56), 0.278169704587011, False, 'time']
['marcodegroen', 202572136, 'impression', '7', 241127131L, datetime.datetime(2013, 5, 25, 4, 45, 56), 0.302276392696642, False, 'time']
['marcodegroen', 202572136, 'impression', '18', 241090262L, datetime.datetime(2013, 5, 25, 4, 45, 56), 0.399815699273656, False, 'time']
['marcodegroen', 202572136, 'impression', '20', 241089067L, datetime.datetime(2013, 5, 25, 4, 45, 56), 0.146448859155013, False, 'time']
['marcodegroen', 202572136, 'impression', '16', 241090581L, datetime.datetime(2013, 5, 25, 4, 45, 56), 0.206490910992111, False, 'time']
['marcodegroen', 202572136, 'impression', '5', 241153528L, datetime.datetime(2013, 5, 25, 4, 45, 56), 0.369480574622912, True, 'time']
['marcodegroen', 202572136, 'impression', '9', 241119961L, datetime.datetime(2013, 5, 25, 4, 45, 56), 0.124280748788479, False, 'time']
['marcodegroen', 202572136, 'impression', '14', 241092718L, datetime.datetime(2013, 5, 25, 4, 45, 56), 0.187649733801461, False, 'time']
['marcodegroen', 202572136, 'impression', '15', 241091049L, datetime.datetime(2013, 5, 25, 4, 45, 56), 0.341609461772868, False, 'time']
['marcodegroen', 202572136, 'impression', '10', 241119546L, datetime.datetime(2013, 5, 25, 4, 45, 56), 0.105354873480361, False, 'time']
['marcodegroen', 202572136, 'impression', '2', 241214662L, datetime.datetime(2013, 5, 25, 4, 45, 56), 0.41483374562446, False, 'time']
['marcodegroen', 202572136, 'impression', '8', 241120139L, datetime.datetime(2013, 5, 25, 4, 45, 56), 0.352578601250709, False, 'time']
['marcodegroen', 202572136, 'impression', '3', 241213746L, datetime.datetime(2013, 5, 25, 4, 45, 56), 0.424360920256509, True, 'time']
['marcodegroen', 202572136, 'impression', '11', 241103732L, datetime.datetime(2013, 5, 25, 4, 45, 56), 0.204603966405419, False, 'time']
['marcodegroen', 202572136, 'impression', '1', 241236902L, datetime.datetime(2013, 5, 25, 4, 45, 56), 0.393987578564166, False, 'time']
['marcodegroen', 202572136, 'impression', '12', 241093757L, datetime.datetime(2013, 5, 25, 4, 45, 56), 0.546496040802662, False, 'time']
['marcodegroen', 202572136, 'impression', '4', 241193641L, datetime.datetime(2013, 5, 25, 4, 45, 56), 0.531448128862161, False, 'time']
['marcodegroen', 202572136, 'impression', '13', 241093022L, datetime.datetime(2013, 5, 25, 4, 45, 56), 0.321469306810543, True, 'time']
['marcodegroen', 202572136, 'impression', '19', 241089977L, datetime.datetime(2013, 5, 25, 4, 45, 56), 0.223157194086006, False, 'time']
['marcodegroen', 202572136, 'impression', '6', 241134181L, datetime.datetime(2013, 5, 25, 4, 45, 56), 0.567278203160538, False, 'time']

['marcodegroen', 202572136, 'impression', '2', 241214662L, datetime.datetime(2013, 5, 25, 8, 1, 51), 0.41483374562446, False, 'time']
['marcodegroen', 202572136, 'impression', '10', 241119546L, datetime.datetime(2013, 5, 25, 8, 1, 51), 0.105354873480361, False, 'time']
['marcodegroen', 202572136, 'impression', '19', 241089977L, datetime.datetime(2013, 5, 25, 8, 1, 51), 0.223157194086006, False, 'time']
['marcodegroen', 202572136, 'impression', '6', 241134181L, datetime.datetime(2013, 5, 25, 8, 1, 51), 0.567278203160538, False, 'time']
['marcodegroen', 202572136, 'impression', '3', 241213746L, datetime.datetime(2013, 5, 25, 8, 1, 51), 0.424360920256509, True, 'time']
['marcodegroen', 202572136, 'impression', '8', 241120139L, datetime.datetime(2013, 5, 25, 8, 1, 51), 0.352578601250709, False, 'time']
['marcodegroen', 202572136, 'impression', '11', 241103732L, datetime.datetime(2013, 5, 25, 8, 1, 51), 0.204603966405419, False, 'time']
['marcodegroen', 202572136, 'impression', '1', 241236902L, datetime.datetime(2013, 5, 25, 8, 1, 51), 0.393987578564166, False, 'time']
['marcodegroen', 202572136, 'impression', '12', 241093757L, datetime.datetime(2013, 5, 25, 8, 1, 51), 0.546496040802662, False, 'time']
['marcodegroen', 202572136, 'impression', '13', 241093022L, datetime.datetime(2013, 5, 25, 8, 1, 51), 0.321469306810543, True, 'time']
['marcodegroen', 202572136, 'impression', '4', 241193641L, datetime.datetime(2013, 5, 25, 8, 1, 51), 0.531448128862161, False, 'time']
['marcodegroen', 202572136, 'impression', '7', 241127131L, datetime.datetime(2013, 5, 25, 8, 1, 51), 0.302276392696642, False, 'time']
['marcodegroen', 202572136, 'impression', '17', 241090560L, datetime.datetime(2013, 5, 25, 8, 1, 51), 0.278169704587011, False, 'time']
['marcodegroen', 202572136, 'impression', '18', 241090262L, datetime.datetime(2013, 5, 25, 8, 1, 51), 0.399815699273656, False, 'time']
['marcodegroen', 202572136, 'impression', '16', 241090581L, datetime.datetime(2013, 5, 25, 8, 1, 51), 0.206490910992111, False, 'time']
['marcodegroen', 202572136, 'impression', '20', 241089067L, datetime.datetime(2013, 5, 25, 8, 1, 51), 0.146448859155013, False, 'time']
['marcodegroen', 202572136, 'impression', '9', 241119961L, datetime.datetime(2013, 5, 25, 8, 1, 51), 0.124280748788479, False, 'time']
['marcodegroen', 202572136, 'impression', '5', 241153528L, datetime.datetime(2013, 5, 25, 8, 1, 51), 0.369480574622912, True, 'time']
['marcodegroen', 202572136, 'impression', '15', 241091049L, datetime.datetime(2013, 5, 25, 8, 1, 51), 0.341609461772868, False, 'time']
['marcodegroen', 202572136, 'impression', '14', 241092718L, datetime.datetime(2013, 5, 25, 8, 1, 51), 0.187649733801461, False, 'time']
['marcodegroen', 202572136, 'shortlist', '5', 241153528L, datetime.datetime(2013, 5, 25, 8, 2, 2), 0.369480574622912, True, 'time']
['marcodegroen', 202572136, 'view_full_application_via_name', '13', 241093022L, datetime.datetime(2013, 5, 25, 8, 2, 10), 0.321469306810543, True, 'time']

['marcodegroen', 202572136, 'impression', '2', 241214662L, datetime.datetime(2013, 5, 25, 17, 7, 1), 0.41483374562446, False, 'time']
['marcodegroen', 202572136, 'impression', '10', 241119546L, datetime.datetime(2013, 5, 25, 17, 7, 1), 0.105354873480361, False, 'time']
['marcodegroen', 202572136, 'impression', '19', 241089067L, datetime.datetime(2013, 5, 25, 17, 7, 1), 0.146448859155013, False, 'time']
['marcodegroen', 202572136, 'impression', '15', 241090581L, datetime.datetime(2013, 5, 25, 17, 7, 1), 0.206490910992111, False, 'time']
['marcodegroen', 202572136, 'impression', '6', 241134181L, datetime.datetime(2013, 5, 25, 17, 7, 1), 0.567278203160538, False, 'time']
['marcodegroen', 202572136, 'impression', '18', 241089977L, datetime.datetime(2013, 5, 25, 17, 7, 1), 0.223157194086006, False, 'time']
['marcodegroen', 202572136, 'impression', '11', 241103732L, datetime.datetime(2013, 5, 25, 17, 7, 1), 0.204603966405419, False, 'time']
['marcodegroen', 202572136, 'impression', '12', 241093757L, datetime.datetime(2013, 5, 25, 17, 7, 1), 0.546496040802662, False, 'time']
['marcodegroen', 202572136, 'impression', '1', 241236902L, datetime.datetime(2013, 5, 25, 17, 7, 1), 0.393987578564166, False, 'time']
['marcodegroen', 202572136, 'impression', '4', 241193641L, datetime.datetime(2013, 5, 25, 17, 7, 1), 0.531448128862161, False, 'time']
['marcodegroen', 202572136, 'impression', '14', 241091049L, datetime.datetime(2013, 5, 25, 17, 7, 1), 0.341609461772868, False, 'time']
['marcodegroen', 202572136, 'impression', '13', 241092718L, datetime.datetime(2013, 5, 25, 17, 7, 1), 0.187649733801461, False, 'time']
['marcodegroen', 202572136, 'impression', '5', 241153528L, datetime.datetime(2013, 5, 25, 17, 7, 1), 0.369480574622912, True, 'time']
['marcodegroen', 202572136, 'impression', '9', 241119961L, datetime.datetime(2013, 5, 25, 17, 7, 1), 0.124280748788479, False, 'time']
['marcodegroen', 202572136, 'impression', '7', 241127131L, datetime.datetime(2013, 5, 25, 17, 7, 1), 0.302276392696642, False, 'time']
['marcodegroen', 202572136, 'impression', '17', 241090262L, datetime.datetime(2013, 5, 25, 17, 7, 1), 0.399815699273656, False, 'time']
['marcodegroen', 202572136, 'impression', '16', 241090560L, datetime.datetime(2013, 5, 25, 17, 7, 1), 0.278169704587011, False, 'time']
['marcodegroen', 202572136, 'impression', '20', 241088955L, datetime.datetime(2013, 5, 25, 17, 7, 1), 0.179499777173477, False, 'time']
['marcodegroen', 202572136, 'impression', '8', 241120139L, datetime.datetime(2013, 5, 25, 17, 7, 1), 0.352578601250709, False, 'time']
['marcodegroen', 202572136, 'impression', '3', 241213746L, datetime.datetime(2013, 5, 25, 17, 7, 1), 0.424360920256509, True, 'time']
['marcodegroen', 202572136, 'view_full_application_via_name', '5', 241153528L, datetime.datetime(2013, 5, 25, 17, 7, 6), 0.369480574622912, True, 'time']
['marcodegroen', 202572136, 'impression', '16', 241090560L, datetime.datetime(2013, 5, 25, 17, 23, 57), 0.278169704587011, False, 'time']
['marcodegroen', 202572136, 'impression', '20', 241088955L, datetime.datetime(2013, 5, 25, 17, 23, 57), 0.179499777173477, False, 'time']
['marcodegroen', 202572136, 'impression', '7', 241127131L, datetime.datetime(2013, 5, 25, 17, 23, 57), 0.302276392696642, False, 'time']
['marcodegroen', 202572136, 'impression', '17', 241090262L, datetime.datetime(2013, 5, 25, 17, 23, 57), 0.399815699273656, False, 'time']
['marcodegroen', 202572136, 'impression', '11', 241103732L, datetime.datetime(2013, 5, 25, 17, 23, 57), 0.204603966405419, False, 'time']
['marcodegroen', 202572136, 'impression', '1', 241236902L, datetime.datetime(2013, 5, 25, 17, 23, 57), 0.393987578564166, False, 'time']
['marcodegroen', 202572136, 'impression', '12', 241093757L, datetime.datetime(2013, 5, 25, 17, 23, 57), 0.546496040802662, False, 'time']
['marcodegroen', 202572136, 'impression', '4', 241193641L, datetime.datetime(2013, 5, 25, 17, 23, 57), 0.531448128862161, False, 'time']
['marcodegroen', 202572136, 'impression', '9', 241119961L, datetime.datetime(2013, 5, 25, 17, 23, 57), 0.124280748788479, False, 'time']
['marcodegroen', 202572136, 'impression', '13', 241092718L, datetime.datetime(2013, 5, 25, 17, 23, 57), 0.187649733801461, False, 'time']
['marcodegroen', 202572136, 'impression', '14', 241091049L, datetime.datetime(2013, 5, 25, 17, 23, 57), 0.341609461772868, False, 'time']
['marcodegroen', 202572136, 'impression', '5', 241153528L, datetime.datetime(2013, 5, 25, 17, 23, 57), 0.369480574622912, True, 'time']
['marcodegroen', 202572136, 'impression', '6', 241134181L, datetime.datetime(2013, 5, 25, 17, 23, 57), 0.567278203160538, False, 'time']
['marcodegroen', 202572136, 'impression', '18', 241089977L, datetime.datetime(2013, 5, 25, 17, 23, 57), 0.223157194086006, False, 'time']
['marcodegroen', 202572136, 'impression', '2', 241214662L, datetime.datetime(2013, 5, 25, 17, 23, 57), 0.41483374562446, False, 'time']
['marcodegroen', 202572136, 'impression', '10', 241119546L, datetime.datetime(2013, 5, 25, 17, 23, 57), 0.105354873480361, False, 'time']
['marcodegroen', 202572136, 'impression', '19', 241089067L, datetime.datetime(2013, 5, 25, 17, 23, 57), 0.146448859155013, False, 'time']
['marcodegroen', 202572136, 'impression', '15', 241090581L, datetime.datetime(2013, 5, 25, 17, 23, 57), 0.206490910992111, False, 'time']
['marcodegroen', 202572136, 'impression', '3', 241213746L, datetime.datetime(2013, 5, 25, 17, 23, 57), 0.424360920256509, True, 'time']
['marcodegroen', 202572136, 'impression', '8', 241120139L, datetime.datetime(2013, 5, 25, 17, 23, 57), 0.352578601250709, False, 'time']
['marcodegroen', 202572136, 'view_full_application_via_name', '9', 241119961L, datetime.datetime(2013, 5, 25, 17, 24, 22), 0.124280748788479, False, 'time']
['marcodegroen', 202572136, 'impression', '4', 241193641L, datetime.datetime(2013, 5, 25, 17, 25, 8), 0.531448128862161, False, 'time']
['marcodegroen', 202572136, 'impression', '11', 241103732L, datetime.datetime(2013, 5, 25, 17, 25, 8), 0.204603966405419, False, 'time']
['marcodegroen', 202572136, 'impression', '1', 241236902L, datetime.datetime(2013, 5, 25, 17, 25, 8), 0.393987578564166, False, 'time']
['marcodegroen', 202572136, 'impression', '12', 241093757L, datetime.datetime(2013, 5, 25, 17, 25, 8), 0.546496040802662, False, 'time']
['marcodegroen', 202572136, 'impression', '14', 241091049L, datetime.datetime(2013, 5, 25, 17, 25, 8), 0.341609461772868, False, 'time']
['marcodegroen', 202572136, 'impression', '13', 241092718L, datetime.datetime(2013, 5, 25, 17, 25, 8), 0.187649733801461, False, 'time']
['marcodegroen', 202572136, 'impression', '9', 241119961L, datetime.datetime(2013, 5, 25, 17, 25, 8), 0.124280748788479, False, 'time']
['marcodegroen', 202572136, 'impression', '5', 241153528L, datetime.datetime(2013, 5, 25, 17, 25, 8), 0.369480574622912, True, 'time']
['marcodegroen', 202572136, 'impression', '16', 241090560L, datetime.datetime(2013, 5, 25, 17, 25, 8), 0.278169704587011, False, 'time']
['marcodegroen', 202572136, 'impression', '17', 241090262L, datetime.datetime(2013, 5, 25, 17, 25, 8), 0.399815699273656, False, 'time']
['marcodegroen', 202572136, 'impression', '20', 241088955L, datetime.datetime(2013, 5, 25, 17, 25, 8), 0.179499777173477, False, 'time']
['marcodegroen', 202572136, 'impression', '7', 241127131L, datetime.datetime(2013, 5, 25, 17, 25, 8), 0.302276392696642, False, 'time']
['marcodegroen', 202572136, 'impression', '10', 241119546L, datetime.datetime(2013, 5, 25, 17, 25, 8), 0.105354873480361, False, 'time']
['marcodegroen', 202572136, 'impression', '2', 241214662L, datetime.datetime(2013, 5, 25, 17, 25, 8), 0.41483374562446, False, 'time']
['marcodegroen', 202572136, 'impression', '8', 241120139L, datetime.datetime(2013, 5, 25, 17, 25, 8), 0.352578601250709, False, 'time']
['marcodegroen', 202572136, 'impression', '3', 241213746L, datetime.datetime(2013, 5, 25, 17, 25, 8), 0.424360920256509, True, 'time']
['marcodegroen', 202572136, 'impression', '18', 241089977L, datetime.datetime(2013, 5, 25, 17, 25, 8), 0.223157194086006, False, 'time']
['marcodegroen', 202572136, 'impression', '6', 241134181L, datetime.datetime(2013, 5, 25, 17, 25, 8), 0.567278203160538, False, 'time']
['marcodegroen', 202572136, 'impression', '19', 241089067L, datetime.datetime(2013, 5, 25, 17, 25, 8), 0.146448859155013, False, 'time']
['marcodegroen', 202572136, 'impression', '15', 241090581L, datetime.datetime(2013, 5, 25, 17, 25, 8), 0.206490910992111, False, 'time']
['marcodegroen', 202572136, 'view_full_application_via_name', '10', 241119546L, datetime.datetime(2013, 5, 25, 17, 25, 16), 0.105354873480361, False, 'time']

['marcodegroen', 202572136, 'impression', '3', 241213746L, datetime.datetime(2013, 5, 26, 9, 4, 1), 0.424360920256509, True, 'time']
['marcodegroen', 202572136, 'impression', '7', 241120139L, datetime.datetime(2013, 5, 26, 9, 4, 1), 0.352578601250709, False, 'time']
['marcodegroen', 202572136, 'impression', '17', 241089977L, datetime.datetime(2013, 5, 26, 9, 4, 1), 0.223157194086006, False, 'time']
['marcodegroen', 202572136, 'impression', '5', 241134181L, datetime.datetime(2013, 5, 26, 9, 4, 1), 0.567278203160538, False, 'time']
['marcodegroen', 202572136, 'impression', '14', 241090581L, datetime.datetime(2013, 5, 26, 9, 4, 1), 0.206490910992111, False, 'time']
['marcodegroen', 202572136, 'impression', '18', 241089067L, datetime.datetime(2013, 5, 26, 9, 4, 1), 0.146448859155013, False, 'time']
['marcodegroen', 202572136, 'impression', '16', 241090262L, datetime.datetime(2013, 5, 26, 9, 4, 1), 0.399815699273656, False, 'time']
['marcodegroen', 202572136, 'impression', '19', 241088955L, datetime.datetime(2013, 5, 26, 9, 4, 1), 0.179499777173477, False, 'time']
['marcodegroen', 202572136, 'impression', '15', 241090560L, datetime.datetime(2013, 5, 26, 9, 4, 1), 0.278169704587011, False, 'time']
['marcodegroen', 202572136, 'impression', '6', 241127131L, datetime.datetime(2013, 5, 26, 9, 4, 1), 0.302276392696642, False, 'time']
['marcodegroen', 202572136, 'impression', '4', 241193641L, datetime.datetime(2013, 5, 26, 9, 4, 1), 0.531448128862161, False, 'time']
['marcodegroen', 202572136, 'impression', '11', 241093757L, datetime.datetime(2013, 5, 26, 9, 4, 1), 0.546496040802662, False, 'time']
['marcodegroen', 202572136, 'impression', '1', 241236902L, datetime.datetime(2013, 5, 26, 9, 4, 1), 0.393987578564166, False, 'time']
['marcodegroen', 202572136, 'impression', '10', 241103732L, datetime.datetime(2013, 5, 26, 9, 4, 1), 0.204603966405419, False, 'time']
['marcodegroen', 202572136, 'impression', '8', 241119961L, datetime.datetime(2013, 5, 26, 9, 4, 1), 0.124280748788479, False, 'time']
['marcodegroen', 202572136, 'impression', '12', 241092718L, datetime.datetime(2013, 5, 26, 9, 4, 1), 0.187649733801461, False, 'time']
['marcodegroen', 202572136, 'impression', '13', 241091049L, datetime.datetime(2013, 5, 26, 9, 4, 1), 0.341609461772868, False, 'time']
['marcodegroen', 202572136, 'impression', '2', 241214662L, datetime.datetime(2013, 5, 26, 9, 4, 1), 0.41483374562446, False, 'time']
['marcodegroen', 202572136, 'impression', '9', 241119546L, datetime.datetime(2013, 5, 26, 9, 4, 1), 0.105354873480361, False, 'time']
['marcodegroen', 202572136, 'view_full_application_via_message', '14', 241090581L, datetime.datetime(2013, 5, 26, 9, 11, 39), 0.206490910992111, False, 'time']
['marcodegroen', 202572136, 'impression', '3', 241213746L, datetime.datetime(2013, 5, 26, 9, 14, 59), 0.424360920256509, True, 'time']
['marcodegroen', 202572136, 'impression', '7', 241120139L, datetime.datetime(2013, 5, 26, 9, 14, 59), 0.352578601250709, False, 'time']
['marcodegroen', 202572136, 'impression', '9', 241119546L, datetime.datetime(2013, 5, 26, 9, 14, 59), 0.105354873480361, False, 'time']
['marcodegroen', 202572136, 'impression', '2', 241214662L, datetime.datetime(2013, 5, 26, 9, 14, 59), 0.41483374562446, False, 'time']
['marcodegroen', 202572136, 'impression', '4', 241193641L, datetime.datetime(2013, 5, 26, 9, 14, 59), 0.531448128862161, False, 'time']
['marcodegroen', 202572136, 'impression', '1', 241236902L, datetime.datetime(2013, 5, 26, 9, 14, 59), 0.393987578564166, False, 'time']
['marcodegroen', 202572136, 'impression', '10', 241103732L, datetime.datetime(2013, 5, 26, 9, 14, 59), 0.204603966405419, False, 'time']
['marcodegroen', 202572136, 'impression', '11', 241093757L, datetime.datetime(2013, 5, 26, 9, 14, 59), 0.546496040802662, False, 'time']
['marcodegroen', 202572136, 'impression', '19', 241088955L, datetime.datetime(2013, 5, 26, 9, 14, 59), 0.179499777173477, False, 'time']
['marcodegroen', 202572136, 'impression', '16', 241090262L, datetime.datetime(2013, 5, 26, 9, 14, 59), 0.399815699273656, False, 'time']
['marcodegroen', 202572136, 'impression', '15', 241090560L, datetime.datetime(2013, 5, 26, 9, 14, 59), 0.278169704587011, False, 'time']
['marcodegroen', 202572136, 'impression', '6', 241127131L, datetime.datetime(2013, 5, 26, 9, 14, 59), 0.302276392696642, False, 'time']
['marcodegroen', 202572136, 'impression', '18', 241089067L, datetime.datetime(2013, 5, 26, 9, 14, 59), 0.146448859155013, False, 'time']
['marcodegroen', 202572136, 'impression', '14', 241090581L, datetime.datetime(2013, 5, 26, 9, 14, 59), 0.206490910992111, False, 'time']
['marcodegroen', 202572136, 'impression', '17', 241089977L, datetime.datetime(2013, 5, 26, 9, 14, 59), 0.223157194086006, False, 'time']
['marcodegroen', 202572136, 'impression', '5', 241134181L, datetime.datetime(2013, 5, 26, 9, 14, 59), 0.567278203160538, False, 'time']
['marcodegroen', 202572136, 'impression', '12', 241092718L, datetime.datetime(2013, 5, 26, 9, 14, 59), 0.187649733801461, False, 'time']
['marcodegroen', 202572136, 'impression', '8', 241119961L, datetime.datetime(2013, 5, 26, 9, 14, 59), 0.124280748788479, False, 'time']
['marcodegroen', 202572136, 'impression', '13', 241091049L, datetime.datetime(2013, 5, 26, 9, 14, 59), 0.341609461772868, False, 'time']
['marcodegroen', 202572136, 'view_full_application_via_name', '7', 241120139L, datetime.datetime(2013, 5, 26, 9, 15, 4), 0.352578601250709, False, 'time']
['marcodegroen', 202572136, 'impression', '9', 241119546L, datetime.datetime(2013, 5, 26, 9, 15, 41), 0.105354873480361, False, 'time']
['marcodegroen', 202572136, 'impression', '2', 241214662L, datetime.datetime(2013, 5, 26, 9, 15, 41), 0.41483374562446, False, 'time']
['marcodegroen', 202572136, 'impression', '8', 241119961L, datetime.datetime(2013, 5, 26, 9, 15, 41), 0.124280748788479, False, 'time']
['marcodegroen', 202572136, 'impression', '12', 241092718L, datetime.datetime(2013, 5, 26, 9, 15, 41), 0.187649733801461, False, 'time']
['marcodegroen', 202572136, 'impression', '13', 241091049L, datetime.datetime(2013, 5, 26, 9, 15, 41), 0.341609461772868, False, 'time']
['marcodegroen', 202572136, 'impression', '18', 241089067L, datetime.datetime(2013, 5, 26, 9, 15, 41), 0.146448859155013, False, 'time']
['marcodegroen', 202572136, 'impression', '14', 241090581L, datetime.datetime(2013, 5, 26, 9, 15, 41), 0.206490910992111, False, 'time']
['marcodegroen', 202572136, 'impression', '10', 241103732L, datetime.datetime(2013, 5, 26, 9, 15, 41), 0.204603966405419, False, 'time']
['marcodegroen', 202572136, 'impression', '4', 241193641L, datetime.datetime(2013, 5, 26, 9, 15, 41), 0.531448128862161, False, 'time']
['marcodegroen', 202572136, 'impression', '1', 241236902L, datetime.datetime(2013, 5, 26, 9, 15, 41), 0.393987578564166, False, 'time']
['marcodegroen', 202572136, 'impression', '11', 241093757L, datetime.datetime(2013, 5, 26, 9, 15, 41), 0.546496040802662, False, 'time']
['marcodegroen', 202572136, 'impression', '5', 241134181L, datetime.datetime(2013, 5, 26, 9, 15, 41), 0.567278203160538, False, 'time']
['marcodegroen', 202572136, 'impression', '17', 241089977L, datetime.datetime(2013, 5, 26, 9, 15, 41), 0.223157194086006, False, 'time']
['marcodegroen', 202572136, 'impression', '7', 241120139L, datetime.datetime(2013, 5, 26, 9, 15, 41), 0.352578601250709, False, 'time']
['marcodegroen', 202572136, 'impression', '3', 241213746L, datetime.datetime(2013, 5, 26, 9, 15, 41), 0.424360920256509, True, 'time']
['marcodegroen', 202572136, 'impression', '16', 241090262L, datetime.datetime(2013, 5, 26, 9, 15, 41), 0.399815699273656, False, 'time']
['marcodegroen', 202572136, 'impression', '15', 241090560L, datetime.datetime(2013, 5, 26, 9, 15, 41), 0.278169704587011, False, 'time']
['marcodegroen', 202572136, 'impression', '6', 241127131L, datetime.datetime(2013, 5, 26, 9, 15, 41), 0.302276392696642, False, 'time']
['marcodegroen', 202572136, 'impression', '19', 241088955L, datetime.datetime(2013, 5, 26, 9, 15, 41), 0.179499777173477, False, 'time']

['marcodegroen', 202572136, 'impression', '8', 241120139L, datetime.datetime(2013, 5, 27, 1, 52, 42), 0.352578601250709, False, 'time']
['marcodegroen', 202572136, 'impression', '4', 241213746L, datetime.datetime(2013, 5, 27, 1, 52, 42), 0.424360920256509, True, 'time']
['marcodegroen', 202572136, 'impression', '5', 241193641L, datetime.datetime(2013, 5, 27, 1, 52, 42), 0.531448128862161, False, 'time']
['marcodegroen', 202572136, 'impression', '2', 241236902L, datetime.datetime(2013, 5, 27, 1, 52, 42), 0.393987578564166, False, 'time']
['marcodegroen', 202572136, 'impression', '11', 241093757L, datetime.datetime(2013, 5, 27, 1, 52, 42), 0.546496040802662, False, 'time']
['marcodegroen', 202572136, 'impression', '19', 241088955L, datetime.datetime(2013, 5, 27, 1, 52, 42), 0.179499777173477, False, 'time']
['marcodegroen', 202572136, 'impression', '15', 241090560L, datetime.datetime(2013, 5, 27, 1, 52, 42), 0.278169704587011, False, 'time']
['marcodegroen', 202572136, 'impression', '16', 241090262L, datetime.datetime(2013, 5, 27, 1, 52, 42), 0.399815699273656, False, 'time']
['marcodegroen', 202572136, 'impression', '7', 241127131L, datetime.datetime(2013, 5, 27, 1, 52, 42), 0.302276392696642, False, 'time']
['marcodegroen', 202572136, 'impression', '18', 241089067L, datetime.datetime(2013, 5, 27, 1, 52, 42), 0.146448859155013, False, 'time']
['marcodegroen', 202572136, 'impression', '14', 241090581L, datetime.datetime(2013, 5, 27, 1, 52, 42), 0.206490910992111, False, 'time']
['marcodegroen', 202572136, 'impression', '9', 241119961L, datetime.datetime(2013, 5, 27, 1, 52, 42), 0.124280748788479, False, 'time']
['marcodegroen', 202572136, 'impression', '1', 241321150L, datetime.datetime(2013, 5, 27, 1, 52, 42), 0.488568765944243, False, 'time']
['marcodegroen', 202572136, 'impression', '13', 241091049L, datetime.datetime(2013, 5, 27, 1, 52, 42), 0.341609461772868, False, 'time']
['marcodegroen', 202572136, 'impression', '12', 241092718L, datetime.datetime(2013, 5, 27, 1, 52, 42), 0.187649733801461, False, 'time']
['marcodegroen', 202572136, 'impression', '17', 241089977L, datetime.datetime(2013, 5, 27, 1, 52, 42), 0.223157194086006, False, 'time']
['marcodegroen', 202572136, 'impression', '6', 241134181L, datetime.datetime(2013, 5, 27, 1, 52, 42), 0.567278203160538, False, 'time']
['marcodegroen', 202572136, 'impression', '10', 241119546L, datetime.datetime(2013, 5, 27, 1, 52, 42), 0.105354873480361, False, 'time']
['marcodegroen', 202572136, 'impression', '3', 241214662L, datetime.datetime(2013, 5, 27, 1, 52, 42), 0.41483374562446, False, 'time']
['marcodegroen', 202572136, 'expand_tile', '1', 241321150L, datetime.datetime(2013, 5, 27, 1, 52, 45), 0.488568765944243, False, 'time']
['marcodegroen', 202572136, 'shortlist', '1', 241321150L, datetime.datetime(2013, 5, 27, 1, 52, 46), 0.488568765944243, False, 'time']
['marcodegroen', 202572136, 'expand_tile', '1', 241321150L, datetime.datetime(2013, 5, 27, 1, 52, 46), 0.488568765944243, False, 'time']
['marcodegroen', 202572136, 'send_message', '1', 241321150L, datetime.datetime(2013, 5, 27, 1, 52, 49), 0.488568765944243, False, 'time']
['marcodegroen', 202572136, 'expand_tile', '1', 241321150L, datetime.datetime(2013, 5, 27, 1, 53, 52), 0.488568765944243, False, 'time']
['marcodegroen', 202572136, 'view_full_application_via_name', '1', 241321150L, datetime.datetime(2013, 5, 27, 1, 54, 14), 0.488568765944243, False, 'time']
['marcodegroen', 202572136, 'view_full_application_via_name', '1', 241321150L, datetime.datetime(2013, 5, 27, 1, 54, 15), 0.488568765944243, False, 'time']

['marcodegroen', 202572136, 'impression', '6', 241134181L, datetime.datetime(2013, 5, 27, 2, 32, 5), 0.567278203160538, False, 'time']
['marcodegroen', 202572136, 'impression', '17', 241089977L, datetime.datetime(2013, 5, 27, 2, 32, 5), 0.223157194086006, False, 'time']
['marcodegroen', 202572136, 'impression', '9', 241119961L, datetime.datetime(2013, 5, 27, 2, 32, 5), 0.124280748788479, False, 'time']
['marcodegroen', 202572136, 'impression', '13', 241091049L, datetime.datetime(2013, 5, 27, 2, 32, 5), 0.341609461772868, False, 'time']
['marcodegroen', 202572136, 'impression', '1', 241321150L, datetime.datetime(2013, 5, 27, 2, 32, 5), 0.488568765944243, False, 'time']
['marcodegroen', 202572136, 'impression', '12', 241092718L, datetime.datetime(2013, 5, 27, 2, 32, 5), 0.187649733801461, False, 'time']
['marcodegroen', 202572136, 'impression', '7', 241127131L, datetime.datetime(2013, 5, 27, 2, 32, 5), 0.302276392696642, False, 'time']
['marcodegroen', 202572136, 'impression', '19', 241088955L, datetime.datetime(2013, 5, 27, 2, 32, 5), 0.179499777173477, False, 'time']
['marcodegroen', 202572136, 'impression', '16', 241090262L, datetime.datetime(2013, 5, 27, 2, 32, 5), 0.399815699273656, False, 'time']
['marcodegroen', 202572136, 'impression', '15', 241090560L, datetime.datetime(2013, 5, 27, 2, 32, 5), 0.278169704587011, False, 'time']
['marcodegroen', 202572136, 'impression', '4', 241213746L, datetime.datetime(2013, 5, 27, 2, 32, 5), 0.424360920256509, True, 'time']
['marcodegroen', 202572136, 'impression', '8', 241120139L, datetime.datetime(2013, 5, 27, 2, 32, 5), 0.352578601250709, False, 'time']
['marcodegroen', 202572136, 'impression', '18', 241089067L, datetime.datetime(2013, 5, 27, 2, 32, 5), 0.146448859155013, False, 'time']
['marcodegroen', 202572136, 'impression', '14', 241090581L, datetime.datetime(2013, 5, 27, 2, 32, 5), 0.206490910992111, False, 'time']
['marcodegroen', 202572136, 'impression', '3', 241214662L, datetime.datetime(2013, 5, 27, 2, 32, 5), 0.41483374562446, False, 'time']
['marcodegroen', 202572136, 'impression', '10', 241119546L, datetime.datetime(2013, 5, 27, 2, 32, 5), 0.105354873480361, False, 'time']
['marcodegroen', 202572136, 'impression', '5', 241193641L, datetime.datetime(2013, 5, 27, 2, 32, 5), 0.531448128862161, False, 'time']
['marcodegroen', 202572136, 'impression', '11', 241093757L, datetime.datetime(2013, 5, 27, 2, 32, 5), 0.546496040802662, False, 'time']
['marcodegroen', 202572136, 'impression', '2', 241236902L, datetime.datetime(2013, 5, 27, 2, 32, 5), 0.393987578564166, False, 'time']

['marcodegroen', 202572136, 'impression', '4', 241214662L, datetime.datetime(2013, 5, 27, 7, 40, 12), 0.41483374562446, False, 'time']
['marcodegroen', 202572136, 'impression', '11', 241119546L, datetime.datetime(2013, 5, 27, 7, 40, 12), 0.105354873480361, False, 'time']
['marcodegroen', 202572136, 'impression', '15', 241090581L, datetime.datetime(2013, 5, 27, 7, 40, 12), 0.206490910992111, False, 'time']
['marcodegroen', 202572136, 'impression', '19', 241089067L, datetime.datetime(2013, 5, 27, 7, 40, 12), 0.146448859155013, False, 'time']
['marcodegroen', 202572136, 'impression', '2', 241321150L, datetime.datetime(2013, 5, 27, 7, 40, 12), 0.488568765944243, False, 'time']
['marcodegroen', 202572136, 'impression', '13', 241092718L, datetime.datetime(2013, 5, 27, 7, 40, 12), 0.187649733801461, False, 'time']
['marcodegroen', 202572136, 'impression', '14', 241091049L, datetime.datetime(2013, 5, 27, 7, 40, 12), 0.341609461772868, False, 'time']
['marcodegroen', 202572136, 'impression', '10', 241119961L, datetime.datetime(2013, 5, 27, 7, 40, 12), 0.124280748788479, False, 'time']
['marcodegroen', 202572136, 'impression', '7', 241134181L, datetime.datetime(2013, 5, 27, 7, 40, 12), 0.567278203160538, False, 'time']
['marcodegroen', 202572136, 'impression', '18', 241089977L, datetime.datetime(2013, 5, 27, 7, 40, 12), 0.223157194086006, False, 'time']
['marcodegroen', 202572136, 'impression', '6', 241193641L, datetime.datetime(2013, 5, 27, 7, 40, 12), 0.531448128862161, False, 'time']
['marcodegroen', 202572136, 'impression', '3', 241236902L, datetime.datetime(2013, 5, 27, 7, 40, 12), 0.393987578564166, False, 'time']
['marcodegroen', 202572136, 'impression', '12', 241093757L, datetime.datetime(2013, 5, 27, 7, 40, 12), 0.546496040802662, False, 'time']
['marcodegroen', 202572136, 'impression', '1', 241372104L, datetime.datetime(2013, 5, 27, 7, 40, 12), 0.166071603600843, False, 'time']
['marcodegroen', 202572136, 'impression', '20', 241088955L, datetime.datetime(2013, 5, 27, 7, 40, 12), 0.179499777173477, False, 'time']
['marcodegroen', 202572136, 'impression', '16', 241090560L, datetime.datetime(2013, 5, 27, 7, 40, 12), 0.278169704587011, False, 'time']
['marcodegroen', 202572136, 'impression', '8', 241127131L, datetime.datetime(2013, 5, 27, 7, 40, 12), 0.302276392696642, False, 'time']
['marcodegroen', 202572136, 'impression', '17', 241090262L, datetime.datetime(2013, 5, 27, 7, 40, 12), 0.399815699273656, False, 'time']
['marcodegroen', 202572136, 'impression', '9', 241120139L, datetime.datetime(2013, 5, 27, 7, 40, 12), 0.352578601250709, False, 'time']
['marcodegroen', 202572136, 'impression', '5', 241213746L, datetime.datetime(2013, 5, 27, 7, 40, 12), 0.424360920256509, True, 'time']
['marcodegroen', 202572136, 'shortlist', '1', 241372104L, datetime.datetime(2013, 5, 27, 7, 40, 18), 0.166071603600843, False, 'time']
['marcodegroen', 202572136, 'view_full_application_via_name', '1', 241372104L, datetime.datetime(2013, 5, 27, 7, 40, 21), 0.166071603600843, False, 'time']
['marcodegroen', 202572136, 'impression', '8', 241127131L, datetime.datetime(2013, 5, 27, 7, 51, 7), 0.302276392696642, False, 'time']
['marcodegroen', 202572136, 'impression', '1', 241372104L, datetime.datetime(2013, 5, 27, 7, 51, 7), 0.166071603600843, False, 'time']
['marcodegroen', 202572136, 'impression', '17', 241090262L, datetime.datetime(2013, 5, 27, 7, 51, 7), 0.399815699273656, False, 'time']
['marcodegroen', 202572136, 'impression', '16', 241090560L, datetime.datetime(2013, 5, 27, 7, 51, 7), 0.278169704587011, False, 'time']
['marcodegroen', 202572136, 'impression', '20', 241088955L, datetime.datetime(2013, 5, 27, 7, 51, 7), 0.179499777173477, False, 'time']
['marcodegroen', 202572136, 'impression', '5', 241213746L, datetime.datetime(2013, 5, 27, 7, 51, 7), 0.424360920256509, True, 'time']
['marcodegroen', 202572136, 'impression', '9', 241120139L, datetime.datetime(2013, 5, 27, 7, 51, 7), 0.352578601250709, False, 'time']
['marcodegroen', 202572136, 'impression', '2', 241321150L, datetime.datetime(2013, 5, 27, 7, 51, 7), 0.488568765944243, False, 'time']
['marcodegroen', 202572136, 'impression', '10', 241119961L, datetime.datetime(2013, 5, 27, 7, 51, 7), 0.124280748788479, False, 'time']
['marcodegroen', 202572136, 'impression', '14', 241091049L, datetime.datetime(2013, 5, 27, 7, 51, 7), 0.341609461772868, False, 'time']
['marcodegroen', 202572136, 'impression', '13', 241092718L, datetime.datetime(2013, 5, 27, 7, 51, 7), 0.187649733801461, False, 'time']
['marcodegroen', 202572136, 'impression', '15', 241090581L, datetime.datetime(2013, 5, 27, 7, 51, 7), 0.206490910992111, False, 'time']
['marcodegroen', 202572136, 'impression', '19', 241089067L, datetime.datetime(2013, 5, 27, 7, 51, 7), 0.146448859155013, False, 'time']
['marcodegroen', 202572136, 'impression', '3', 241236902L, datetime.datetime(2013, 5, 27, 7, 51, 7), 0.393987578564166, False, 'time']
['marcodegroen', 202572136, 'impression', '12', 241093757L, datetime.datetime(2013, 5, 27, 7, 51, 7), 0.546496040802662, False, 'time']
['marcodegroen', 202572136, 'impression', '6', 241193641L, datetime.datetime(2013, 5, 27, 7, 51, 7), 0.531448128862161, False, 'time']
['marcodegroen', 202572136, 'impression', '18', 241089977L, datetime.datetime(2013, 5, 27, 7, 51, 7), 0.223157194086006, False, 'time']
['marcodegroen', 202572136, 'impression', '7', 241134181L, datetime.datetime(2013, 5, 27, 7, 51, 7), 0.567278203160538, False, 'time']
['marcodegroen', 202572136, 'impression', '11', 241119546L, datetime.datetime(2013, 5, 27, 7, 51, 7), 0.105354873480361, False, 'time']
['marcodegroen', 202572136, 'impression', '4', 241214662L, datetime.datetime(2013, 5, 27, 7, 51, 7), 0.41483374562446, False, 'time']
['marcodegroen', 202572136, 'expand_tile', '1', 241372104L, datetime.datetime(2013, 5, 27, 7, 51, 12), 0.166071603600843, False, 'time']
['marcodegroen', 202572136, 'send_message', '1', 241372104L, datetime.datetime(2013, 5, 27, 7, 51, 14), 0.166071603600843, False, 'time']
['marcodegroen', 202572136, 'expand_tile', '1', 241372104L, datetime.datetime(2013, 5, 27, 7, 52, 44), 0.166071603600843, False, 'time']

['marcodegroen', 202572136, 'impression', '20', 241088955L, datetime.datetime(2013, 5, 27, 9, 47, 1), 0.179499777173477, False, 'time']
['marcodegroen', 202572136, 'impression', '1', 241372104L, datetime.datetime(2013, 5, 27, 9, 47, 1), 0.166071603600843, False, 'time']
['marcodegroen', 202572136, 'impression', '17', 241090262L, datetime.datetime(2013, 5, 27, 9, 47, 1), 0.399815699273656, False, 'time']
['marcodegroen', 202572136, 'impression', '8', 241127131L, datetime.datetime(2013, 5, 27, 9, 47, 1), 0.302276392696642, False, 'time']
['marcodegroen', 202572136, 'impression', '16', 241090560L, datetime.datetime(2013, 5, 27, 9, 47, 1), 0.278169704587011, False, 'time']
['marcodegroen', 202572136, 'impression', '7', 241134181L, datetime.datetime(2013, 5, 27, 9, 47, 1), 0.567278203160538, False, 'time']
['marcodegroen', 202572136, 'impression', '18', 241089977L, datetime.datetime(2013, 5, 27, 9, 47, 1), 0.223157194086006, False, 'time']
['marcodegroen', 202572136, 'impression', '5', 241213746L, datetime.datetime(2013, 5, 27, 9, 47, 1), 0.424360920256509, True, 'time']
['marcodegroen', 202572136, 'impression', '9', 241120139L, datetime.datetime(2013, 5, 27, 9, 47, 1), 0.352578601250709, False, 'time']
['marcodegroen', 202572136, 'impression', '4', 241214662L, datetime.datetime(2013, 5, 27, 9, 47, 1), 0.41483374562446, False, 'time']
['marcodegroen', 202572136, 'impression', '11', 241119546L, datetime.datetime(2013, 5, 27, 9, 47, 1), 0.105354873480361, False, 'time']
['marcodegroen', 202572136, 'impression', '3', 241236902L, datetime.datetime(2013, 5, 27, 9, 47, 1), 0.393987578564166, False, 'time']
['marcodegroen', 202572136, 'impression', '12', 241093757L, datetime.datetime(2013, 5, 27, 9, 47, 1), 0.546496040802662, False, 'time']
['marcodegroen', 202572136, 'impression', '6', 241193641L, datetime.datetime(2013, 5, 27, 9, 47, 1), 0.531448128862161, False, 'time']
['marcodegroen', 202572136, 'impression', '14', 241091049L, datetime.datetime(2013, 5, 27, 9, 47, 1), 0.341609461772868, False, 'time']
['marcodegroen', 202572136, 'impression', '2', 241321150L, datetime.datetime(2013, 5, 27, 9, 47, 1), 0.488568765944243, False, 'time']
['marcodegroen', 202572136, 'impression', '13', 241092718L, datetime.datetime(2013, 5, 27, 9, 47, 1), 0.187649733801461, False, 'time']
['marcodegroen', 202572136, 'impression', '10', 241119961L, datetime.datetime(2013, 5, 27, 9, 47, 1), 0.124280748788479, False, 'time']
['marcodegroen', 202572136, 'impression', '15', 241090581L, datetime.datetime(2013, 5, 27, 9, 47, 1), 0.206490910992111, False, 'time']
['marcodegroen', 202572136, 'impression', '19', 241089067L, datetime.datetime(2013, 5, 27, 9, 47, 1), 0.146448859155013, False, 'time']

['marcodegroen', 202572136, 'impression', '16', 241090560L, datetime.datetime(2013, 5, 27, 14, 11, 2), 0.278169704587011, False, 'time']
['marcodegroen', 202572136, 'impression', '8', 241127131L, datetime.datetime(2013, 5, 27, 14, 11, 2), 0.302276392696642, False, 'time']
['marcodegroen', 202572136, 'impression', '17', 241090262L, datetime.datetime(2013, 5, 27, 14, 11, 2), 0.399815699273656, False, 'time']
['marcodegroen', 202572136, 'impression', '1', 241372104L, datetime.datetime(2013, 5, 27, 14, 11, 2), 0.166071603600843, False, 'time']
['marcodegroen', 202572136, 'impression', '20', 241088955L, datetime.datetime(2013, 5, 27, 14, 11, 2), 0.179499777173477, False, 'time']
['marcodegroen', 202572136, 'impression', '7', 241134181L, datetime.datetime(2013, 5, 27, 14, 11, 2), 0.567278203160538, False, 'time']
['marcodegroen', 202572136, 'impression', '18', 241089977L, datetime.datetime(2013, 5, 27, 14, 11, 2), 0.223157194086006, False, 'time']
['marcodegroen', 202572136, 'impression', '9', 241120139L, datetime.datetime(2013, 5, 27, 14, 11, 2), 0.352578601250709, False, 'time']
['marcodegroen', 202572136, 'impression', '5', 241213746L, datetime.datetime(2013, 5, 27, 14, 11, 2), 0.424360920256509, True, 'time']
['marcodegroen', 202572136, 'impression', '15', 241090581L, datetime.datetime(2013, 5, 27, 14, 11, 2), 0.206490910992111, False, 'time']
['marcodegroen', 202572136, 'impression', '19', 241089067L, datetime.datetime(2013, 5, 27, 14, 11, 2), 0.146448859155013, False, 'time']
['marcodegroen', 202572136, 'impression', '6', 241193641L, datetime.datetime(2013, 5, 27, 14, 11, 2), 0.531448128862161, False, 'time']
['marcodegroen', 202572136, 'impression', '3', 241236902L, datetime.datetime(2013, 5, 27, 14, 11, 2), 0.393987578564166, False, 'time']
['marcodegroen', 202572136, 'impression', '12', 241093757L, datetime.datetime(2013, 5, 27, 14, 11, 2), 0.546496040802662, False, 'time']
['marcodegroen', 202572136, 'impression', '4', 241214662L, datetime.datetime(2013, 5, 27, 14, 11, 2), 0.41483374562446, False, 'time']
['marcodegroen', 202572136, 'impression', '11', 241119546L, datetime.datetime(2013, 5, 27, 14, 11, 2), 0.105354873480361, False, 'time']
['marcodegroen', 202572136, 'impression', '2', 241321150L, datetime.datetime(2013, 5, 27, 14, 11, 2), 0.488568765944243, False, 'time']
['marcodegroen', 202572136, 'impression', '14', 241091049L, datetime.datetime(2013, 5, 27, 14, 11, 2), 0.341609461772868, False, 'time']
['marcodegroen', 202572136, 'impression', '13', 241092718L, datetime.datetime(2013, 5, 27, 14, 11, 2), 0.187649733801461, False, 'time']
['marcodegroen', 202572136, 'impression', '10', 241119961L, datetime.datetime(2013, 5, 27, 14, 11, 2), 0.124280748788479, False, 'time']

['marcodegroen', 202572136, 'impression', '20', 241088955L, datetime.datetime(2013, 5, 29, 15, 40, 59), 0.179499777173477, False, 'time']
['marcodegroen', 202572136, 'impression', '1', 241372104L, datetime.datetime(2013, 5, 29, 15, 40, 59), 0.166071603600843, False, 'time']
['marcodegroen', 202572136, 'impression', '8', 241127131L, datetime.datetime(2013, 5, 29, 15, 40, 59), 0.302276392696642, False, 'time']
['marcodegroen', 202572136, 'impression', '17', 241090262L, datetime.datetime(2013, 5, 29, 15, 40, 59), 0.399815699273656, False, 'time']
['marcodegroen', 202572136, 'impression', '16', 241090560L, datetime.datetime(2013, 5, 29, 15, 40, 59), 0.278169704587011, False, 'time']
['marcodegroen', 202572136, 'impression', '3', 241236902L, datetime.datetime(2013, 5, 29, 15, 40, 59), 0.393987578564166, False, 'time']
['marcodegroen', 202572136, 'impression', '12', 241093757L, datetime.datetime(2013, 5, 29, 15, 40, 59), 0.546496040802662, False, 'time']
['marcodegroen', 202572136, 'impression', '6', 241193641L, datetime.datetime(2013, 5, 29, 15, 40, 59), 0.531448128862161, False, 'time']
['marcodegroen', 202572136, 'impression', '5', 241213746L, datetime.datetime(2013, 5, 29, 15, 40, 59), 0.424360920256509, True, 'time']
['marcodegroen', 202572136, 'impression', '9', 241120139L, datetime.datetime(2013, 5, 29, 15, 40, 59), 0.352578601250709, False, 'time']
['marcodegroen', 202572136, 'impression', '10', 241119961L, datetime.datetime(2013, 5, 29, 15, 40, 59), 0.124280748788479, False, 'time']
['marcodegroen', 202572136, 'impression', '2', 241321150L, datetime.datetime(2013, 5, 29, 15, 40, 59), 0.488568765944243, False, 'time']
['marcodegroen', 202572136, 'impression', '13', 241092718L, datetime.datetime(2013, 5, 29, 15, 40, 59), 0.187649733801461, False, 'time']
['marcodegroen', 202572136, 'impression', '14', 241091049L, datetime.datetime(2013, 5, 29, 15, 40, 59), 0.341609461772868, False, 'time']
['marcodegroen', 202572136, 'impression', '15', 241090581L, datetime.datetime(2013, 5, 29, 15, 40, 59), 0.206490910992111, False, 'time']
['marcodegroen', 202572136, 'impression', '19', 241089067L, datetime.datetime(2013, 5, 29, 15, 40, 59), 0.146448859155013, False, 'time']
['marcodegroen', 202572136, 'impression', '7', 241134181L, datetime.datetime(2013, 5, 29, 15, 40, 59), 0.567278203160538, False, 'time']
['marcodegroen', 202572136, 'impression', '18', 241089977L, datetime.datetime(2013, 5, 29, 15, 40, 59), 0.223157194086006, False, 'time']
['marcodegroen', 202572136, 'impression', '11', 241119546L, datetime.datetime(2013, 5, 29, 15, 40, 59), 0.105354873480361, False, 'time']
['marcodegroen', 202572136, 'impression', '4', 241214662L, datetime.datetime(2013, 5, 29, 15, 40, 59), 0.41483374562446, False, 'time']

