['marijowc', 202562449, 'impression', '1', 240901725L, datetime.datetime(2013, 5, 21, 7, 15, 52), 0.114726749060006, False, 'best']

['marijowc', 202562449, 'impression', '9', 240922216L, datetime.datetime(2013, 5, 22, 2, 53, 20), 0.135175541360097, False, 'best']
['marijowc', 202562449, 'impression', '15', 240906646L, datetime.datetime(2013, 5, 22, 2, 53, 20), 0.0963644208777761, False, 'best']
['marijowc', 202562449, 'impression', '17', 240935361L, datetime.datetime(2013, 5, 22, 2, 53, 20), 0.0796156356599707, False, 'best']
['marijowc', 202562449, 'impression', '3', 240911885L, datetime.datetime(2013, 5, 22, 2, 53, 20), 0.206153199059723, False, 'best']
['marijowc', 202562449, 'impression', '12', 240903495L, datetime.datetime(2013, 5, 22, 2, 53, 20), 0.119035854974089, False, 'best']
['marijowc', 202562449, 'impression', '4', 240936264L, datetime.datetime(2013, 5, 22, 2, 53, 20), 0.160480245309611, False, 'best']
['marijowc', 202562449, 'impression', '2', 240909053L, datetime.datetime(2013, 5, 22, 2, 53, 20), 0.268149236021181, False, 'best']
['marijowc', 202562449, 'impression', '14', 240915616L, datetime.datetime(2013, 5, 22, 2, 53, 20), 0.0997325101939265, False, 'best']
['marijowc', 202562449, 'impression', '13', 240901725L, datetime.datetime(2013, 5, 22, 2, 53, 20), 0.114726749060006, False, 'best']
['marijowc', 202562449, 'impression', '1', 240969489L, datetime.datetime(2013, 5, 22, 2, 53, 20), 0.306958881269832, False, 'best']
['marijowc', 202562449, 'impression', '18', 240936217L, datetime.datetime(2013, 5, 22, 2, 53, 20), 0.054421960630692, False, 'best']
['marijowc', 202562449, 'impression', '16', 240927587L, datetime.datetime(2013, 5, 22, 2, 53, 20), 0.0916061087642831, False, 'best']
['marijowc', 202562449, 'impression', '11', 240914458L, datetime.datetime(2013, 5, 22, 2, 53, 20), 0.129706173072145, False, 'best']
['marijowc', 202562449, 'impression', '8', 240910255L, datetime.datetime(2013, 5, 22, 2, 53, 20), 0.140687190250738, False, 'best']
['marijowc', 202562449, 'impression', '7', 240906007L, datetime.datetime(2013, 5, 22, 2, 53, 20), 0.145127322198507, False, 'best']
['marijowc', 202562449, 'impression', '5', 240905561L, datetime.datetime(2013, 5, 22, 2, 53, 20), 0.153044564379832, False, 'best']
['marijowc', 202562449, 'impression', '10', 240902868L, datetime.datetime(2013, 5, 22, 2, 53, 20), 0.134784996819375, False, 'best']
['marijowc', 202562449, 'impression', '6', 240904075L, datetime.datetime(2013, 5, 22, 2, 53, 20), 0.148865760125327, False, 'best']
['marijowc', 202562449, 'impression', '18', 240936217L, datetime.datetime(2013, 5, 22, 3, 1, 21), 0.054421960630692, False, 'best']
['marijowc', 202562449, 'expand_tile', '15', 240906646L, datetime.datetime(2013, 5, 22, 3, 1, 57), 0.0963644208777761, False, 'best']
['marijowc', 202562449, 'expand_tile', '13', 240901725L, datetime.datetime(2013, 5, 22, 3, 3, 6), 0.114726749060006, False, 'best']
['marijowc', 202562449, 'impression', '15', 240906646L, datetime.datetime(2013, 5, 22, 3, 4, 22), 0.0963644208777761, False, 'best']
['marijowc', 202562449, 'expand_tile', '15', 240906646L, datetime.datetime(2013, 5, 22, 3, 4, 23), 0.0963644208777761, False, 'best']
['marijowc', 202562449, 'shortlist', '15', 240906646L, datetime.datetime(2013, 5, 22, 3, 4, 23), 0.0963644208777761, False, 'best']
['marijowc', 202562449, 'impression', '15', 240906646L, datetime.datetime(2013, 5, 22, 3, 4, 25), 0.0963644208777761, False, 'best']
['marijowc', 202562449, 'impression', None, 240906646L, datetime.datetime(2013, 5, 22, 3, 4, 25), 0.0963644208777761, False, 'best']
['marijowc', 202562449, 'expand_tile', '12', 240903495L, datetime.datetime(2013, 5, 22, 3, 4, 49), 0.119035854974089, False, 'best']
['marijowc', 202562449, 'expand_tile', '11', 240914458L, datetime.datetime(2013, 5, 22, 3, 5, 39), 0.129706173072145, False, 'best']
['marijowc', 202562449, 'expand_tile', '10', 240902868L, datetime.datetime(2013, 5, 22, 3, 6, 11), 0.134784996819375, False, 'best']
['marijowc', 202562449, 'expand_tile', '9', 240922216L, datetime.datetime(2013, 5, 22, 3, 7, 45), 0.135175541360097, False, 'best']
['marijowc', 202562449, 'collapse_tile', '9', 240922216L, datetime.datetime(2013, 5, 22, 3, 8, 17), 0.135175541360097, False, 'best']
['marijowc', 202562449, 'expand_tile', '8', 240910255L, datetime.datetime(2013, 5, 22, 3, 8, 31), 0.140687190250738, False, 'best']
['marijowc', 202562449, 'expand_tile', '8', 240910255L, datetime.datetime(2013, 5, 22, 3, 9, 17), 0.140687190250738, False, 'best']
['marijowc', 202562449, 'shortlist', '8', 240910255L, datetime.datetime(2013, 5, 22, 3, 9, 17), 0.140687190250738, False, 'best']
['marijowc', 202562449, 'expand_tile', '7', 240906007L, datetime.datetime(2013, 5, 22, 3, 9, 29), 0.145127322198507, False, 'best']
['marijowc', 202562449, 'collapse_tile', '7', 240906007L, datetime.datetime(2013, 5, 22, 3, 9, 45), 0.145127322198507, False, 'best']
['marijowc', 202562449, 'expand_tile', '7', 240906007L, datetime.datetime(2013, 5, 22, 3, 9, 52), 0.145127322198507, False, 'best']
['marijowc', 202562449, 'expand_tile', '6', 240904075L, datetime.datetime(2013, 5, 22, 3, 10, 26), 0.148865760125327, False, 'best']
['marijowc', 202562449, 'shortlist', '6', 240904075L, datetime.datetime(2013, 5, 22, 3, 11, 11), 0.148865760125327, False, 'best']
['marijowc', 202562449, 'expand_tile', '6', 240904075L, datetime.datetime(2013, 5, 22, 3, 11, 11), 0.148865760125327, False, 'best']
['marijowc', 202562449, 'expand_tile', '5', 240905561L, datetime.datetime(2013, 5, 22, 3, 11, 14), 0.153044564379832, False, 'best']
['marijowc', 202562449, 'impression', '4', 240936264L, datetime.datetime(2013, 5, 22, 3, 11, 41), 0.160480245309611, False, 'best']
['marijowc', 202562449, 'impression', '4', 240936264L, datetime.datetime(2013, 5, 22, 3, 11, 42), 0.160480245309611, False, 'best']
['marijowc', 202562449, 'impression', '5', 240905561L, datetime.datetime(2013, 5, 22, 3, 11, 43), 0.153044564379832, False, 'best']
['marijowc', 202562449, 'expand_tile', '3', 240911885L, datetime.datetime(2013, 5, 22, 3, 11, 47), 0.206153199059723, False, 'best']
['marijowc', 202562449, 'expand_tile', '2', 240909053L, datetime.datetime(2013, 5, 22, 3, 12, 22), 0.268149236021181, False, 'best']
['marijowc', 202562449, 'expand_tile', '1', 240969489L, datetime.datetime(2013, 5, 22, 3, 12, 46), 0.306958881269832, False, 'best']
['marijowc', 202562449, 'shortlist', '1', 240969489L, datetime.datetime(2013, 5, 22, 3, 13, 23), 0.306958881269832, False, 'best']
['marijowc', 202562449, 'expand_tile', '1', 240969489L, datetime.datetime(2013, 5, 22, 3, 13, 23), 0.306958881269832, False, 'best']
['marijowc', 202562449, 'impression', '1', 240969489L, datetime.datetime(2013, 5, 22, 3, 13, 24), 0.306958881269832, False, 'best']
['marijowc', 202562449, 'impression', None, 240969489L, datetime.datetime(2013, 5, 22, 3, 13, 24), 0.306958881269832, False, 'best']
['marijowc', 202562449, 'shortlist', '3', 240911885L, datetime.datetime(2013, 5, 22, 3, 25, 41), 0.206153199059723, False, 'best']
['marijowc', 202562449, 'expand_tile', '3', 240911885L, datetime.datetime(2013, 5, 22, 3, 25, 41), 0.206153199059723, False, 'best']
['marijowc', 202562449, 'expand_tile', '9', 240922216L, datetime.datetime(2013, 5, 22, 3, 30, 2), 0.135175541360097, False, 'best']
['marijowc', 202562449, 'collapse_tile', '10', 240902868L, datetime.datetime(2013, 5, 22, 3, 31, 28), 0.134784996819375, False, 'best']
['marijowc', 202562449, 'expand_tile', '10', 240902868L, datetime.datetime(2013, 5, 22, 3, 31, 31), 0.134784996819375, False, 'best']
['marijowc', 202562449, 'view_full_application', '10', 240902868L, datetime.datetime(2013, 5, 22, 3, 31, 34), 0.134784996819375, False, 'best']
['marijowc', 202562449, 'impression', '10', 240914458L, datetime.datetime(2013, 5, 22, 3, 35, 48), 0.129706173072145, False, 'best']
['marijowc', 202562449, 'impression', '15', 240927587L, datetime.datetime(2013, 5, 22, 3, 35, 48), 0.0916061087642831, False, 'best']
['marijowc', 202562449, 'impression', '9', 240902868L, datetime.datetime(2013, 5, 22, 3, 35, 48), 0.134784996819375, False, 'best']
['marijowc', 202562449, 'impression', '5', 240904075L, datetime.datetime(2013, 5, 22, 3, 35, 48), 0.148865760125327, False, 'best']
['marijowc', 202562449, 'impression', '6', 240906007L, datetime.datetime(2013, 5, 22, 3, 35, 48), 0.145127322198507, False, 'best']
['marijowc', 202562449, 'impression', '7', 240910255L, datetime.datetime(2013, 5, 22, 3, 35, 48), 0.140687190250738, False, 'best']
['marijowc', 202562449, 'impression', '4', 240905561L, datetime.datetime(2013, 5, 22, 3, 35, 48), 0.153044564379832, False, 'best']
['marijowc', 202562449, 'impression', '11', 240903495L, datetime.datetime(2013, 5, 22, 3, 35, 48), 0.119035854974089, False, 'best']
['marijowc', 202562449, 'impression', '3', 240911885L, datetime.datetime(2013, 5, 22, 3, 35, 48), 0.206153199059723, False, 'best']
['marijowc', 202562449, 'impression', '8', 240922216L, datetime.datetime(2013, 5, 22, 3, 35, 48), 0.135175541360097, False, 'best']
['marijowc', 202562449, 'impression', '14', 240906646L, datetime.datetime(2013, 5, 22, 3, 35, 48), 0.0963644208777761, False, 'best']
['marijowc', 202562449, 'impression', '16', 240935361L, datetime.datetime(2013, 5, 22, 3, 35, 48), 0.0796156356599707, False, 'best']
['marijowc', 202562449, 'impression', '2', 240909053L, datetime.datetime(2013, 5, 22, 3, 35, 48), 0.268149236021181, False, 'best']
['marijowc', 202562449, 'impression', '13', 240915616L, datetime.datetime(2013, 5, 22, 3, 35, 48), 0.0997325101939265, False, 'best']
['marijowc', 202562449, 'impression', '12', 240901725L, datetime.datetime(2013, 5, 22, 3, 35, 48), 0.114726749060006, False, 'best']
['marijowc', 202562449, 'impression', '1', 240969489L, datetime.datetime(2013, 5, 22, 3, 35, 48), 0.306958881269832, False, 'best']
['marijowc', 202562449, 'expand_tile', '16', 240935361L, datetime.datetime(2013, 5, 22, 3, 35, 57), 0.0796156356599707, False, 'best']
['marijowc', 202562449, 'view_full_application', '16', 240935361L, datetime.datetime(2013, 5, 22, 3, 36, 1), 0.0796156356599707, False, 'best']
['marijowc', 202562449, 'impression', '3', 240911885L, datetime.datetime(2013, 5, 22, 3, 38, 35), 0.206153199059723, False, 'best']
['marijowc', 202562449, 'impression', '11', 240903495L, datetime.datetime(2013, 5, 22, 3, 38, 35), 0.119035854974089, False, 'best']
['marijowc', 202562449, 'impression', '9', 240902868L, datetime.datetime(2013, 5, 22, 3, 38, 35), 0.134784996819375, False, 'best']
['marijowc', 202562449, 'impression', '5', 240904075L, datetime.datetime(2013, 5, 22, 3, 38, 35), 0.148865760125327, False, 'best']
['marijowc', 202562449, 'impression', '14', 240906646L, datetime.datetime(2013, 5, 22, 3, 38, 35), 0.0963644208777761, False, 'best']
['marijowc', 202562449, 'impression', '16', 240935361L, datetime.datetime(2013, 5, 22, 3, 38, 35), 0.0796156356599707, False, 'best']
['marijowc', 202562449, 'impression', '8', 240922216L, datetime.datetime(2013, 5, 22, 3, 38, 35), 0.135175541360097, False, 'best']
['marijowc', 202562449, 'impression', '13', 240915616L, datetime.datetime(2013, 5, 22, 3, 38, 35), 0.0997325101939265, False, 'best']
['marijowc', 202562449, 'impression', '2', 240909053L, datetime.datetime(2013, 5, 22, 3, 38, 35), 0.268149236021181, False, 'best']
['marijowc', 202562449, 'impression', '15', 240927587L, datetime.datetime(2013, 5, 22, 3, 38, 35), 0.0916061087642831, False, 'best']
['marijowc', 202562449, 'impression', '10', 240914458L, datetime.datetime(2013, 5, 22, 3, 38, 35), 0.129706173072145, False, 'best']
['marijowc', 202562449, 'impression', '12', 240901725L, datetime.datetime(2013, 5, 22, 3, 38, 35), 0.114726749060006, False, 'best']
['marijowc', 202562449, 'impression', '1', 240969489L, datetime.datetime(2013, 5, 22, 3, 38, 35), 0.306958881269832, False, 'best']
['marijowc', 202562449, 'impression', '6', 240906007L, datetime.datetime(2013, 5, 22, 3, 38, 35), 0.145127322198507, False, 'best']
['marijowc', 202562449, 'impression', '4', 240905561L, datetime.datetime(2013, 5, 22, 3, 38, 35), 0.153044564379832, False, 'best']
['marijowc', 202562449, 'impression', '7', 240910255L, datetime.datetime(2013, 5, 22, 3, 38, 35), 0.140687190250738, False, 'best']
['marijowc', 202562449, 'impression', '16', 240935361L, datetime.datetime(2013, 5, 22, 3, 38, 38), 0.0796156356599707, False, 'best']
['marijowc', 202562449, 'expand_tile', '15', 240927587L, datetime.datetime(2013, 5, 22, 3, 38, 48), 0.0916061087642831, False, 'best']
['marijowc', 202562449, 'view_full_application', '15', 240927587L, datetime.datetime(2013, 5, 22, 3, 39, 3), 0.0916061087642831, False, 'best']
['marijowc', 202562449, 'impression', '15', 240927587L, datetime.datetime(2013, 5, 22, 3, 47, 18), 0.0916061087642831, False, 'best']
['marijowc', 202562449, 'impression', '10', 240914458L, datetime.datetime(2013, 5, 22, 3, 47, 18), 0.129706173072145, False, 'best']
['marijowc', 202562449, 'impression', '7', 240910255L, datetime.datetime(2013, 5, 22, 3, 47, 18), 0.140687190250738, False, 'best']
['marijowc', 202562449, 'impression', '4', 240905561L, datetime.datetime(2013, 5, 22, 3, 47, 18), 0.153044564379832, False, 'best']
['marijowc', 202562449, 'impression', '6', 240906007L, datetime.datetime(2013, 5, 22, 3, 47, 18), 0.145127322198507, False, 'best']
['marijowc', 202562449, 'impression', '11', 240903495L, datetime.datetime(2013, 5, 22, 3, 47, 18), 0.119035854974089, False, 'best']
['marijowc', 202562449, 'impression', '3', 240911885L, datetime.datetime(2013, 5, 22, 3, 47, 18), 0.206153199059723, False, 'best']
['marijowc', 202562449, 'impression', '2', 240909053L, datetime.datetime(2013, 5, 22, 3, 47, 18), 0.268149236021181, False, 'best']
['marijowc', 202562449, 'impression', '13', 240915616L, datetime.datetime(2013, 5, 22, 3, 47, 18), 0.0997325101939265, False, 'best']
['marijowc', 202562449, 'impression', '5', 240904075L, datetime.datetime(2013, 5, 22, 3, 47, 18), 0.148865760125327, False, 'best']
['marijowc', 202562449, 'impression', '9', 240902868L, datetime.datetime(2013, 5, 22, 3, 47, 18), 0.134784996819375, False, 'best']
['marijowc', 202562449, 'impression', '12', 240901725L, datetime.datetime(2013, 5, 22, 3, 47, 18), 0.114726749060006, False, 'best']
['marijowc', 202562449, 'impression', '1', 240969489L, datetime.datetime(2013, 5, 22, 3, 47, 18), 0.306958881269832, False, 'best']
['marijowc', 202562449, 'impression', '8', 240922216L, datetime.datetime(2013, 5, 22, 3, 47, 18), 0.135175541360097, False, 'best']
['marijowc', 202562449, 'impression', '14', 240906646L, datetime.datetime(2013, 5, 22, 3, 47, 18), 0.0963644208777761, False, 'best']
['marijowc', 202562449, 'impression', '15', 240927587L, datetime.datetime(2013, 5, 22, 3, 47, 22), 0.0916061087642831, False, 'best']
['marijowc', 202562449, 'impression', '14', 240906646L, datetime.datetime(2013, 5, 22, 3, 47, 23), 0.0963644208777761, False, 'best']
['marijowc', 202562449, 'expand_tile', '14', 240906646L, datetime.datetime(2013, 5, 22, 3, 47, 27), 0.0963644208777761, False, 'best']
['marijowc', 202562449, 'view_full_application', '14', 240906646L, datetime.datetime(2013, 5, 22, 3, 47, 53), 0.0963644208777761, False, 'best']
['marijowc', 202562449, 'impression', '12', 240901725L, datetime.datetime(2013, 5, 22, 3, 49, 18), 0.114726749060006, False, 'best']
['marijowc', 202562449, 'impression', '1', 240969489L, datetime.datetime(2013, 5, 22, 3, 49, 18), 0.306958881269832, False, 'best']
['marijowc', 202562449, 'impression', '10', 240914458L, datetime.datetime(2013, 5, 22, 3, 49, 18), 0.129706173072145, False, 'best']
['marijowc', 202562449, 'impression', '3', 240911885L, datetime.datetime(2013, 5, 22, 3, 49, 18), 0.206153199059723, False, 'best']
['marijowc', 202562449, 'impression', '11', 240903495L, datetime.datetime(2013, 5, 22, 3, 49, 18), 0.119035854974089, False, 'best']
['marijowc', 202562449, 'impression', '13', 240915616L, datetime.datetime(2013, 5, 22, 3, 49, 18), 0.0997325101939265, False, 'best']
['marijowc', 202562449, 'impression', '2', 240909053L, datetime.datetime(2013, 5, 22, 3, 49, 18), 0.268149236021181, False, 'best']
['marijowc', 202562449, 'impression', '6', 240906007L, datetime.datetime(2013, 5, 22, 3, 49, 18), 0.145127322198507, False, 'best']
['marijowc', 202562449, 'impression', '7', 240910255L, datetime.datetime(2013, 5, 22, 3, 49, 18), 0.140687190250738, False, 'best']
['marijowc', 202562449, 'impression', '4', 240905561L, datetime.datetime(2013, 5, 22, 3, 49, 18), 0.153044564379832, False, 'best']
['marijowc', 202562449, 'impression', '8', 240922216L, datetime.datetime(2013, 5, 22, 3, 49, 18), 0.135175541360097, False, 'best']
['marijowc', 202562449, 'impression', '14', 240906646L, datetime.datetime(2013, 5, 22, 3, 49, 18), 0.0963644208777761, False, 'best']
['marijowc', 202562449, 'impression', '5', 240904075L, datetime.datetime(2013, 5, 22, 3, 49, 18), 0.148865760125327, False, 'best']
['marijowc', 202562449, 'impression', '9', 240902868L, datetime.datetime(2013, 5, 22, 3, 49, 18), 0.134784996819375, False, 'best']
['marijowc', 202562449, 'expand_tile', '13', 240915616L, datetime.datetime(2013, 5, 22, 3, 49, 26), 0.0997325101939265, False, 'best']
['marijowc', 202562449, 'view_full_application', '13', 240915616L, datetime.datetime(2013, 5, 22, 3, 49, 54), 0.0997325101939265, False, 'best']
['marijowc', 202562449, 'impression', '4', 240905561L, datetime.datetime(2013, 5, 22, 3, 51, 55), 0.153044564379832, False, 'best']
['marijowc', 202562449, 'impression', '6', 240906007L, datetime.datetime(2013, 5, 22, 3, 51, 55), 0.145127322198507, False, 'best']
['marijowc', 202562449, 'impression', '7', 240910255L, datetime.datetime(2013, 5, 22, 3, 51, 55), 0.140687190250738, False, 'best']
['marijowc', 202562449, 'impression', '5', 240904075L, datetime.datetime(2013, 5, 22, 3, 51, 55), 0.148865760125327, False, 'best']
['marijowc', 202562449, 'impression', '9', 240902868L, datetime.datetime(2013, 5, 22, 3, 51, 55), 0.134784996819375, False, 'best']
['marijowc', 202562449, 'impression', '8', 240922216L, datetime.datetime(2013, 5, 22, 3, 51, 55), 0.135175541360097, False, 'best']
['marijowc', 202562449, 'impression', '14', 240906646L, datetime.datetime(2013, 5, 22, 3, 51, 55), 0.0963644208777761, False, 'best']
['marijowc', 202562449, 'impression', '3', 240911885L, datetime.datetime(2013, 5, 22, 3, 51, 55), 0.206153199059723, False, 'best']
['marijowc', 202562449, 'impression', '11', 240903495L, datetime.datetime(2013, 5, 22, 3, 51, 55), 0.119035854974089, False, 'best']
['marijowc', 202562449, 'impression', '10', 240914458L, datetime.datetime(2013, 5, 22, 3, 51, 55), 0.129706173072145, False, 'best']
['marijowc', 202562449, 'impression', '1', 240969489L, datetime.datetime(2013, 5, 22, 3, 51, 55), 0.306958881269832, False, 'best']
['marijowc', 202562449, 'impression', '12', 240901725L, datetime.datetime(2013, 5, 22, 3, 51, 55), 0.114726749060006, False, 'best']
['marijowc', 202562449, 'impression', '13', 240915616L, datetime.datetime(2013, 5, 22, 3, 51, 55), 0.0997325101939265, False, 'best']
['marijowc', 202562449, 'impression', '2', 240909053L, datetime.datetime(2013, 5, 22, 3, 51, 55), 0.268149236021181, False, 'best']
['marijowc', 202562449, 'impression', '13', 240915616L, datetime.datetime(2013, 5, 22, 3, 52), 0.0997325101939265, False, 'best']
['marijowc', 202562449, 'expand_tile', '12', 240901725L, datetime.datetime(2013, 5, 22, 3, 52, 15), 0.114726749060006, False, 'best']
['marijowc', 202562449, 'collapse_tile', '12', 240901725L, datetime.datetime(2013, 5, 22, 3, 53, 31), 0.114726749060006, False, 'best']
['marijowc', 202562449, 'expand_tile', '12', 240901725L, datetime.datetime(2013, 5, 22, 3, 53, 33), 0.114726749060006, False, 'best']
['marijowc', 202562449, 'view_full_application', '12', 240901725L, datetime.datetime(2013, 5, 22, 3, 53, 37), 0.114726749060006, False, 'best']
['marijowc', 202562449, 'impression', '5', 240904075L, datetime.datetime(2013, 5, 22, 3, 54, 57), 0.148865760125327, False, 'best']
['marijowc', 202562449, 'impression', '9', 240902868L, datetime.datetime(2013, 5, 22, 3, 54, 57), 0.134784996819375, False, 'best']
['marijowc', 202562449, 'impression', '1', 240969489L, datetime.datetime(2013, 5, 22, 3, 54, 57), 0.306958881269832, False, 'best']
['marijowc', 202562449, 'impression', '12', 240901725L, datetime.datetime(2013, 5, 22, 3, 54, 57), 0.114726749060006, False, 'best']
['marijowc', 202562449, 'impression', '2', 240909053L, datetime.datetime(2013, 5, 22, 3, 54, 57), 0.268149236021181, False, 'best']
['marijowc', 202562449, 'impression', '10', 240914458L, datetime.datetime(2013, 5, 22, 3, 54, 57), 0.129706173072145, False, 'best']
['marijowc', 202562449, 'impression', '8', 240922216L, datetime.datetime(2013, 5, 22, 3, 54, 57), 0.135175541360097, False, 'best']
['marijowc', 202562449, 'impression', '13', 240906646L, datetime.datetime(2013, 5, 22, 3, 54, 57), 0.0963644208777761, False, 'best']
['marijowc', 202562449, 'impression', '11', 240903495L, datetime.datetime(2013, 5, 22, 3, 54, 57), 0.119035854974089, False, 'best']
['marijowc', 202562449, 'impression', '3', 240911885L, datetime.datetime(2013, 5, 22, 3, 54, 57), 0.206153199059723, False, 'best']
['marijowc', 202562449, 'impression', '7', 240910255L, datetime.datetime(2013, 5, 22, 3, 54, 57), 0.140687190250738, False, 'best']
['marijowc', 202562449, 'impression', '6', 240906007L, datetime.datetime(2013, 5, 22, 3, 54, 57), 0.145127322198507, False, 'best']
['marijowc', 202562449, 'impression', '4', 240905561L, datetime.datetime(2013, 5, 22, 3, 54, 57), 0.153044564379832, False, 'best']
['marijowc', 202562449, 'impression', '12', 240901725L, datetime.datetime(2013, 5, 22, 3, 55, 2), 0.114726749060006, False, 'best']
['marijowc', 202562449, 'impression', '12', 240901725L, datetime.datetime(2013, 5, 22, 3, 55, 9), 0.114726749060006, False, 'best']
['marijowc', 202562449, 'expand_tile', '11', 240903495L, datetime.datetime(2013, 5, 22, 3, 55, 19), 0.119035854974089, False, 'best']
['marijowc', 202562449, 'view_full_application', '11', 240903495L, datetime.datetime(2013, 5, 22, 3, 57, 22), 0.119035854974089, False, 'best']
['marijowc', 202562449, 'impression', '2', 240909053L, datetime.datetime(2013, 5, 22, 4, 9, 19), 0.268149236021181, False, 'best']
['marijowc', 202562449, 'impression', '12', 240906646L, datetime.datetime(2013, 5, 22, 4, 9, 19), 0.0963644208777761, False, 'best']
['marijowc', 202562449, 'impression', '8', 240922216L, datetime.datetime(2013, 5, 22, 4, 9, 19), 0.135175541360097, False, 'best']
['marijowc', 202562449, 'impression', '1', 240969489L, datetime.datetime(2013, 5, 22, 4, 9, 19), 0.306958881269832, False, 'best']
['marijowc', 202562449, 'impression', '3', 240911885L, datetime.datetime(2013, 5, 22, 4, 9, 19), 0.206153199059723, False, 'best']
['marijowc', 202562449, 'impression', '11', 240903495L, datetime.datetime(2013, 5, 22, 4, 9, 19), 0.119035854974089, False, 'best']
['marijowc', 202562449, 'impression', '10', 240914458L, datetime.datetime(2013, 5, 22, 4, 9, 19), 0.129706173072145, False, 'best']
['marijowc', 202562449, 'impression', '5', 240904075L, datetime.datetime(2013, 5, 22, 4, 9, 19), 0.148865760125327, False, 'best']
['marijowc', 202562449, 'impression', '9', 240902868L, datetime.datetime(2013, 5, 22, 4, 9, 19), 0.134784996819375, False, 'best']
['marijowc', 202562449, 'impression', '4', 240905561L, datetime.datetime(2013, 5, 22, 4, 9, 19), 0.153044564379832, False, 'best']
['marijowc', 202562449, 'impression', '7', 240910255L, datetime.datetime(2013, 5, 22, 4, 9, 19), 0.140687190250738, False, 'best']
['marijowc', 202562449, 'impression', '6', 240906007L, datetime.datetime(2013, 5, 22, 4, 9, 19), 0.145127322198507, False, 'best']
['marijowc', 202562449, 'impression', '11', 240903495L, datetime.datetime(2013, 5, 22, 4, 9, 22), 0.119035854974089, False, 'best']
['marijowc', 202562449, 'shortlist', '11', 240903495L, datetime.datetime(2013, 5, 22, 4, 9, 25), 0.119035854974089, False, 'best']
['marijowc', 202562449, 'expand_tile', '10', 240914458L, datetime.datetime(2013, 5, 22, 4, 9, 29), 0.129706173072145, False, 'best']
['marijowc', 202562449, 'view_full_application', '10', 240914458L, datetime.datetime(2013, 5, 22, 4, 9, 31), 0.129706173072145, False, 'best']
['marijowc', 202562449, 'impression', '12', 240906646L, datetime.datetime(2013, 5, 22, 4, 11, 1), 0.0963644208777761, False, 'best']
['marijowc', 202562449, 'impression', '8', 240922216L, datetime.datetime(2013, 5, 22, 4, 11, 1), 0.135175541360097, False, 'best']
['marijowc', 202562449, 'impression', '10', 240914458L, datetime.datetime(2013, 5, 22, 4, 11, 1), 0.129706173072145, False, 'best']
['marijowc', 202562449, 'impression', '1', 240969489L, datetime.datetime(2013, 5, 22, 4, 11, 1), 0.306958881269832, False, 'best']
['marijowc', 202562449, 'impression', '5', 240904075L, datetime.datetime(2013, 5, 22, 4, 11, 1), 0.148865760125327, False, 'best']
['marijowc', 202562449, 'impression', '9', 240902868L, datetime.datetime(2013, 5, 22, 4, 11, 1), 0.134784996819375, False, 'best']
['marijowc', 202562449, 'impression', '6', 240906007L, datetime.datetime(2013, 5, 22, 4, 11, 1), 0.145127322198507, False, 'best']
['marijowc', 202562449, 'impression', '7', 240910255L, datetime.datetime(2013, 5, 22, 4, 11, 1), 0.140687190250738, False, 'best']
['marijowc', 202562449, 'impression', '4', 240905561L, datetime.datetime(2013, 5, 22, 4, 11, 1), 0.153044564379832, False, 'best']
['marijowc', 202562449, 'impression', '3', 240911885L, datetime.datetime(2013, 5, 22, 4, 11, 1), 0.206153199059723, False, 'best']
['marijowc', 202562449, 'impression', '11', 240903495L, datetime.datetime(2013, 5, 22, 4, 11, 1), 0.119035854974089, False, 'best']
['marijowc', 202562449, 'impression', '2', 240909053L, datetime.datetime(2013, 5, 22, 4, 11, 1), 0.268149236021181, False, 'best']
['marijowc', 202562449, 'impression', '10', 240914458L, datetime.datetime(2013, 5, 22, 4, 11, 3), 0.129706173072145, False, 'best']
['marijowc', 202562449, 'expand_tile', '9', 240902868L, datetime.datetime(2013, 5, 22, 4, 11, 8), 0.134784996819375, False, 'best']
['marijowc', 202562449, 'view_full_application', '9', 240902868L, datetime.datetime(2013, 5, 22, 4, 11, 11), 0.134784996819375, False, 'best']
['marijowc', 202562449, 'impression', '4', 240905561L, datetime.datetime(2013, 5, 22, 4, 12, 1), 0.153044564379832, False, 'best']
['marijowc', 202562449, 'impression', '7', 240910255L, datetime.datetime(2013, 5, 22, 4, 12, 1), 0.140687190250738, False, 'best']
['marijowc', 202562449, 'impression', '6', 240906007L, datetime.datetime(2013, 5, 22, 4, 12, 1), 0.145127322198507, False, 'best']
['marijowc', 202562449, 'impression', '2', 240909053L, datetime.datetime(2013, 5, 22, 4, 12, 1), 0.268149236021181, False, 'best']
['marijowc', 202562449, 'impression', '1', 240969489L, datetime.datetime(2013, 5, 22, 4, 12, 1), 0.306958881269832, False, 'best']
['marijowc', 202562449, 'impression', '11', 240906646L, datetime.datetime(2013, 5, 22, 4, 12, 1), 0.0963644208777761, False, 'best']
['marijowc', 202562449, 'impression', '8', 240922216L, datetime.datetime(2013, 5, 22, 4, 12, 1), 0.135175541360097, False, 'best']
['marijowc', 202562449, 'impression', '9', 240902868L, datetime.datetime(2013, 5, 22, 4, 12, 1), 0.134784996819375, False, 'best']
['marijowc', 202562449, 'impression', '5', 240904075L, datetime.datetime(2013, 5, 22, 4, 12, 1), 0.148865760125327, False, 'best']
['marijowc', 202562449, 'impression', '10', 240903495L, datetime.datetime(2013, 5, 22, 4, 12, 1), 0.119035854974089, False, 'best']
['marijowc', 202562449, 'impression', '3', 240911885L, datetime.datetime(2013, 5, 22, 4, 12, 1), 0.206153199059723, False, 'best']
['marijowc', 202562449, 'shortlist', '9', 240902868L, datetime.datetime(2013, 5, 22, 4, 12, 8), 0.134784996819375, False, 'best']
['marijowc', 202562449, 'impression', None, 240902868L, datetime.datetime(2013, 5, 22, 4, 12, 9), 0.134784996819375, False, 'best']
['marijowc', 202562449, 'impression', '9', 240902868L, datetime.datetime(2013, 5, 22, 4, 12, 9), 0.134784996819375, False, 'best']
['marijowc', 202562449, 'shortlist', '8', 240922216L, datetime.datetime(2013, 5, 22, 4, 12, 15), 0.135175541360097, False, 'best']
['marijowc', 202562449, 'unshortlist', '8', 240922216L, datetime.datetime(2013, 5, 22, 4, 12, 16), 0.135175541360097, False, 'best']
['marijowc', 202562449, 'expand_tile', '8', 240922216L, datetime.datetime(2013, 5, 22, 4, 12, 18), 0.135175541360097, False, 'best']
['marijowc', 202562449, 'collapse_tile', '8', 240922216L, datetime.datetime(2013, 5, 22, 4, 12, 22), 0.135175541360097, False, 'best']
['marijowc', 202562449, 'expand_tile', '8', 240922216L, datetime.datetime(2013, 5, 22, 4, 12, 27), 0.135175541360097, False, 'best']
['marijowc', 202562449, 'view_full_application', '8', 240922216L, datetime.datetime(2013, 5, 22, 4, 12, 49), 0.135175541360097, False, 'best']
['marijowc', 202562449, 'impression', '7', 240910255L, datetime.datetime(2013, 5, 22, 4, 15, 50), 0.140687190250738, False, 'best']
['marijowc', 202562449, 'impression', '6', 240906007L, datetime.datetime(2013, 5, 22, 4, 15, 50), 0.145127322198507, False, 'best']
['marijowc', 202562449, 'impression', '4', 240905561L, datetime.datetime(2013, 5, 22, 4, 15, 50), 0.153044564379832, False, 'best']
['marijowc', 202562449, 'impression', '11', 240906646L, datetime.datetime(2013, 5, 22, 4, 15, 50), 0.0963644208777761, False, 'best']
['marijowc', 202562449, 'impression', '8', 240922216L, datetime.datetime(2013, 5, 22, 4, 15, 50), 0.135175541360097, False, 'best']
['marijowc', 202562449, 'impression', '9', 240902868L, datetime.datetime(2013, 5, 22, 4, 15, 50), 0.134784996819375, False, 'best']
['marijowc', 202562449, 'impression', '5', 240904075L, datetime.datetime(2013, 5, 22, 4, 15, 50), 0.148865760125327, False, 'best']
['marijowc', 202562449, 'impression', '10', 240903495L, datetime.datetime(2013, 5, 22, 4, 15, 50), 0.119035854974089, False, 'best']
['marijowc', 202562449, 'impression', '3', 240911885L, datetime.datetime(2013, 5, 22, 4, 15, 50), 0.206153199059723, False, 'best']
['marijowc', 202562449, 'impression', '2', 240909053L, datetime.datetime(2013, 5, 22, 4, 15, 50), 0.268149236021181, False, 'best']
['marijowc', 202562449, 'impression', '1', 240969489L, datetime.datetime(2013, 5, 22, 4, 15, 50), 0.306958881269832, False, 'best']
['marijowc', 202562449, 'impression', '8', 240922216L, datetime.datetime(2013, 5, 22, 4, 15, 54), 0.135175541360097, False, 'best']
['marijowc', 202562449, 'expand_tile', '6', 240906007L, datetime.datetime(2013, 5, 22, 4, 16, 2), 0.145127322198507, False, 'best']
['marijowc', 202562449, 'view_full_application', '6', 240906007L, datetime.datetime(2013, 5, 22, 4, 16, 30), 0.145127322198507, False, 'best']
['marijowc', 202562449, 'impression', '1', 240969489L, datetime.datetime(2013, 5, 22, 4, 24, 10), 0.306958881269832, False, 'best']
['marijowc', 202562449, 'impression', '4', 240905561L, datetime.datetime(2013, 5, 22, 4, 24, 10), 0.153044564379832, False, 'best']
['marijowc', 202562449, 'impression', '6', 240906007L, datetime.datetime(2013, 5, 22, 4, 24, 10), 0.145127322198507, False, 'best']
['marijowc', 202562449, 'impression', '7', 240910255L, datetime.datetime(2013, 5, 22, 4, 24, 10), 0.140687190250738, False, 'best']
['marijowc', 202562449, 'impression', '8', 240902868L, datetime.datetime(2013, 5, 22, 4, 24, 10), 0.134784996819375, False, 'best']
['marijowc', 202562449, 'impression', '5', 240904075L, datetime.datetime(2013, 5, 22, 4, 24, 10), 0.148865760125327, False, 'best']
['marijowc', 202562449, 'impression', '9', 240903495L, datetime.datetime(2013, 5, 22, 4, 24, 10), 0.119035854974089, False, 'best']
['marijowc', 202562449, 'impression', '3', 240911885L, datetime.datetime(2013, 5, 22, 4, 24, 10), 0.206153199059723, False, 'best']
['marijowc', 202562449, 'impression', '10', 240906646L, datetime.datetime(2013, 5, 22, 4, 24, 10), 0.0963644208777761, False, 'best']
['marijowc', 202562449, 'impression', '2', 240909053L, datetime.datetime(2013, 5, 22, 4, 24, 10), 0.268149236021181, False, 'best']
['marijowc', 202562449, 'shortlist', '6', 240906007L, datetime.datetime(2013, 5, 22, 4, 24, 13), 0.145127322198507, False, 'best']
['marijowc', 202562449, 'impression', '6', 240906007L, datetime.datetime(2013, 5, 22, 4, 24, 15), 0.145127322198507, False, 'best']
['marijowc', 202562449, 'impression', None, 240906007L, datetime.datetime(2013, 5, 22, 4, 24, 15), 0.145127322198507, False, 'best']
['marijowc', 202562449, 'expand_tile', '4', 240905561L, datetime.datetime(2013, 5, 22, 4, 24, 24), 0.153044564379832, False, 'best']
['marijowc', 202562449, 'view_full_application', '4', 240905561L, datetime.datetime(2013, 5, 22, 4, 24, 31), 0.153044564379832, False, 'best']
['marijowc', 202562449, 'impression', '3', 240911885L, datetime.datetime(2013, 5, 22, 4, 26, 32), 0.206153199059723, False, 'best']
['marijowc', 202562449, 'impression', '9', 240903495L, datetime.datetime(2013, 5, 22, 4, 26, 32), 0.119035854974089, False, 'best']
['marijowc', 202562449, 'impression', '8', 240902868L, datetime.datetime(2013, 5, 22, 4, 26, 32), 0.134784996819375, False, 'best']
['marijowc', 202562449, 'impression', '5', 240904075L, datetime.datetime(2013, 5, 22, 4, 26, 32), 0.148865760125327, False, 'best']
['marijowc', 202562449, 'impression', '7', 240910255L, datetime.datetime(2013, 5, 22, 4, 26, 32), 0.140687190250738, False, 'best']
['marijowc', 202562449, 'impression', '4', 240905561L, datetime.datetime(2013, 5, 22, 4, 26, 32), 0.153044564379832, False, 'best']
['marijowc', 202562449, 'impression', '6', 240906007L, datetime.datetime(2013, 5, 22, 4, 26, 32), 0.145127322198507, False, 'best']
['marijowc', 202562449, 'impression', '2', 240909053L, datetime.datetime(2013, 5, 22, 4, 26, 32), 0.268149236021181, False, 'best']
['marijowc', 202562449, 'impression', '1', 240969489L, datetime.datetime(2013, 5, 22, 4, 26, 32), 0.306958881269832, False, 'best']
['marijowc', 202562449, 'impression', '10', 240906646L, datetime.datetime(2013, 5, 22, 4, 26, 32), 0.0963644208777761, False, 'best']
['marijowc', 202562449, 'shortlist', '4', 240905561L, datetime.datetime(2013, 5, 22, 4, 26, 35), 0.153044564379832, False, 'best']
['marijowc', 202562449, 'impression', '4', 240905561L, datetime.datetime(2013, 5, 22, 4, 26, 37), 0.153044564379832, False, 'best']
['marijowc', 202562449, 'impression', None, 240905561L, datetime.datetime(2013, 5, 22, 4, 26, 37), 0.153044564379832, False, 'best']
['marijowc', 202562449, 'expand_tile', '2', 240909053L, datetime.datetime(2013, 5, 22, 4, 26, 44), 0.268149236021181, False, 'best']
['marijowc', 202562449, 'view_full_application', '2', 240909053L, datetime.datetime(2013, 5, 22, 4, 26, 55), 0.268149236021181, False, 'best']
['marijowc', 202562449, 'impression', '8', 240902868L, datetime.datetime(2013, 5, 22, 4, 29, 16), 0.134784996819375, False, 'best']
['marijowc', 202562449, 'impression', '5', 240904075L, datetime.datetime(2013, 5, 22, 4, 29, 16), 0.148865760125327, False, 'best']
['marijowc', 202562449, 'impression', '4', 240905561L, datetime.datetime(2013, 5, 22, 4, 29, 16), 0.153044564379832, False, 'best']
['marijowc', 202562449, 'impression', '6', 240906007L, datetime.datetime(2013, 5, 22, 4, 29, 16), 0.145127322198507, False, 'best']
['marijowc', 202562449, 'impression', '7', 240910255L, datetime.datetime(2013, 5, 22, 4, 29, 16), 0.140687190250738, False, 'best']
['marijowc', 202562449, 'impression', '9', 240903495L, datetime.datetime(2013, 5, 22, 4, 29, 16), 0.119035854974089, False, 'best']
['marijowc', 202562449, 'impression', '3', 240911885L, datetime.datetime(2013, 5, 22, 4, 29, 16), 0.206153199059723, False, 'best']
['marijowc', 202562449, 'impression', '1', 240969489L, datetime.datetime(2013, 5, 22, 4, 29, 16), 0.306958881269832, False, 'best']
['marijowc', 202562449, 'impression', '2', 240909053L, datetime.datetime(2013, 5, 22, 4, 29, 16), 0.268149236021181, False, 'best']
['marijowc', 202562449, 'impression', '10', 240906646L, datetime.datetime(2013, 5, 22, 4, 29, 16), 0.0963644208777761, False, 'best']
['marijowc', 202562449, 'expand_tile', '2', 240909053L, datetime.datetime(2013, 5, 22, 4, 29, 21), 0.268149236021181, False, 'best']
['marijowc', 202562449, 'view_full_application', '2', 240909053L, datetime.datetime(2013, 5, 22, 4, 29, 24), 0.268149236021181, False, 'best']
['marijowc', 202562449, 'impression', '6', 240906007L, datetime.datetime(2013, 5, 22, 4, 32, 25), 0.145127322198507, False, 'best']
['marijowc', 202562449, 'impression', '7', 240910255L, datetime.datetime(2013, 5, 22, 4, 32, 25), 0.140687190250738, False, 'best']
['marijowc', 202562449, 'impression', '4', 240905561L, datetime.datetime(2013, 5, 22, 4, 32, 25), 0.153044564379832, False, 'best']
['marijowc', 202562449, 'impression', '2', 240909053L, datetime.datetime(2013, 5, 22, 4, 32, 25), 0.268149236021181, False, 'best']
['marijowc', 202562449, 'impression', '1', 240969489L, datetime.datetime(2013, 5, 22, 4, 32, 25), 0.306958881269832, False, 'best']
['marijowc', 202562449, 'impression', '10', 240906646L, datetime.datetime(2013, 5, 22, 4, 32, 25), 0.0963644208777761, False, 'best']
['marijowc', 202562449, 'impression', '5', 240904075L, datetime.datetime(2013, 5, 22, 4, 32, 25), 0.148865760125327, False, 'best']
['marijowc', 202562449, 'impression', '8', 240902868L, datetime.datetime(2013, 5, 22, 4, 32, 25), 0.134784996819375, False, 'best']
['marijowc', 202562449, 'impression', '9', 240903495L, datetime.datetime(2013, 5, 22, 4, 32, 25), 0.119035854974089, False, 'best']
['marijowc', 202562449, 'impression', '3', 240911885L, datetime.datetime(2013, 5, 22, 4, 32, 25), 0.206153199059723, False, 'best']
['marijowc', 202562449, 'shortlist', '2', 240909053L, datetime.datetime(2013, 5, 22, 4, 32, 28), 0.268149236021181, False, 'best']
['marijowc', 202562449, 'impression', '2', 240909053L, datetime.datetime(2013, 5, 22, 4, 32, 30), 0.268149236021181, False, 'best']
['marijowc', 202562449, 'impression', None, 240909053L, datetime.datetime(2013, 5, 22, 4, 32, 30), 0.268149236021181, False, 'best']
['marijowc', 202562449, 'impression', '5', 240904075L, datetime.datetime(2013, 5, 22, 4, 32, 52), 0.148865760125327, False, 'best']
['marijowc', 202562449, 'impression', '6', 240906007L, datetime.datetime(2013, 5, 22, 4, 33, 1), 0.145127322198507, False, 'best']
['marijowc', 202562449, 'impression', '7', 240910255L, datetime.datetime(2013, 5, 22, 4, 33, 4), 0.140687190250738, False, 'best']
['marijowc', 202562449, 'impression', '4', 240905561L, datetime.datetime(2013, 5, 22, 4, 33, 46), 0.153044564379832, False, 'best']

['marijowc', 202562449, 'impression', '8', 240905561L, datetime.datetime(2013, 5, 26, 6, 43, 33), 0.153044564379832, False, 'best']
['marijowc', 202562449, 'impression', '9', 240910255L, datetime.datetime(2013, 5, 26, 6, 43, 33), 0.140687190250738, False, 'best']
['marijowc', 202562449, 'impression', '5', 241239394L, datetime.datetime(2013, 5, 26, 6, 43, 33), 0.211756958938904, False, 'best']
['marijowc', 202562449, 'impression', '4', 240909053L, datetime.datetime(2013, 5, 26, 6, 43, 33), 0.268149236021181, False, 'best']
['marijowc', 202562449, 'impression', '10', 240902868L, datetime.datetime(2013, 5, 26, 6, 43, 33), 0.134784996819375, False, 'best']
['marijowc', 202562449, 'impression', '6', 240911885L, datetime.datetime(2013, 5, 26, 6, 43, 33), 0.206153199059723, False, 'best']
['marijowc', 202562449, 'impression', '1', 241126161L, datetime.datetime(2013, 5, 26, 6, 43, 33), 0.446559207322423, False, 'best']
['marijowc', 202562449, 'impression', '11', 240903495L, datetime.datetime(2013, 5, 26, 6, 43, 33), 0.119035854974089, False, 'best']
['marijowc', 202562449, 'impression', '2', 241127872L, datetime.datetime(2013, 5, 26, 6, 43, 33), 0.412359378228795, False, 'best']
['marijowc', 202562449, 'impression', '3', 240969489L, datetime.datetime(2013, 5, 26, 6, 43, 33), 0.306958881269832, False, 'best']
['marijowc', 202562449, 'impression', '7', 241184778L, datetime.datetime(2013, 5, 26, 6, 43, 33), 0.20520458837862, False, 'best']
['marijowc', 202562449, 'impression', '12', 240906646L, datetime.datetime(2013, 5, 26, 6, 43, 33), 0.0963644208777761, False, 'best']

