['mediascapeglobal', 202534320, 'impression', '5', 240318742L, datetime.datetime(2013, 5, 14, 6, 21, 59), 0.0, False, 'best']
['mediascapeglobal', 202534320, 'impression', '5', 240318742L, datetime.datetime(2013, 5, 14, 6, 46, 56), 0.0, False, 'best']

['mediascapeglobal', 202534320, 'impression', '6', 240318742L, datetime.datetime(2013, 5, 15, 5, 50, 32), 0.0, False, 'best']
['mediascapeglobal', 202534320, 'impression', '6', 240318742L, datetime.datetime(2013, 5, 15, 5, 51, 6), 0.0, False, 'best']

['mediascapeglobal', 202534320, 'impression', '6', 240318742L, datetime.datetime(2013, 5, 15, 6, 21, 54), 0.0, False, 'best']
['mediascapeglobal', 202534320, 'impression', '6', 240318742L, datetime.datetime(2013, 5, 15, 6, 23, 3), 0.0, False, 'best']
['mediascapeglobal', 202534320, 'impression', '6', 240318742L, datetime.datetime(2013, 5, 15, 6, 32, 22), 0.0, False, 'best']

['mediascapeglobal', 202534320, 'impression', '2', 240435507L, datetime.datetime(2013, 5, 20, 0, 48, 28), 0.320815501139583, False, 'best']
['mediascapeglobal', 202534320, 'impression', '1', 240549089L, datetime.datetime(2013, 5, 20, 0, 48, 28), 0.372856653632278, False, 'best']
['mediascapeglobal', 202534320, 'impression', '4', 240318742L, datetime.datetime(2013, 5, 20, 0, 48, 28), 0.0, False, 'best']
['mediascapeglobal', 202534320, 'impression', '4', 240318742L, datetime.datetime(2013, 5, 20, 1, 10, 42), 0.0, False, 'best']
['mediascapeglobal', 202534320, 'impression', '1', 240549089L, datetime.datetime(2013, 5, 20, 1, 10, 42), 0.372856653632278, False, 'best']
['mediascapeglobal', 202534320, 'impression', '2', 240435507L, datetime.datetime(2013, 5, 20, 1, 10, 42), 0.320815501139583, False, 'best']

['mediascapeglobal', 202534320, 'impression', '2', 240435507L, datetime.datetime(2013, 5, 20, 3, 40, 24), 0.320815501139583, False, 'best']
['mediascapeglobal', 202534320, 'impression', '4', 240318742L, datetime.datetime(2013, 5, 20, 3, 40, 24), 0.0, False, 'best']
['mediascapeglobal', 202534320, 'impression', '1', 240549089L, datetime.datetime(2013, 5, 20, 3, 40, 24), 0.372856653632278, False, 'best']
['mediascapeglobal', 202534320, 'expand_tile', '2', 240435507L, datetime.datetime(2013, 5, 20, 3, 40, 25), 0.320815501139583, False, 'best']
['mediascapeglobal', 202534320, 'expand_tile', '1', 240549089L, datetime.datetime(2013, 5, 20, 3, 40, 26), 0.372856653632278, False, 'best']

['mediascapeglobal', 202534320, 'impression', '1', 240549089L, datetime.datetime(2013, 5, 20, 6, 18, 42), 0.372856653632278, False, 'best']
['mediascapeglobal', 202534320, 'impression', '4', 240318742L, datetime.datetime(2013, 5, 20, 6, 18, 42), 0.0, False, 'best']
['mediascapeglobal', 202534320, 'impression', '2', 240435507L, datetime.datetime(2013, 5, 20, 6, 18, 42), 0.320815501139583, False, 'best']
['mediascapeglobal', 202534320, 'impression', '1', 240549089L, datetime.datetime(2013, 5, 20, 6, 18, 44), 0.372856653632278, False, 'best']
['mediascapeglobal', 202534320, 'impression', '2', 240435507L, datetime.datetime(2013, 5, 20, 6, 18, 45), 0.320815501139583, False, 'best']
['mediascapeglobal', 202534320, 'expand_tile', '2', 240435507L, datetime.datetime(2013, 5, 20, 6, 18, 55), 0.320815501139583, False, 'best']
['mediascapeglobal', 202534320, 'impression', '2', 240435507L, datetime.datetime(2013, 5, 20, 6, 18, 59), 0.320815501139583, False, 'best']
['mediascapeglobal', 202534320, 'expand_tile', '2', 240435507L, datetime.datetime(2013, 5, 20, 6, 19, 4), 0.320815501139583, False, 'best']

['mediascapeglobal', 202534320, 'impression', '2', 240318742L, datetime.datetime(2013, 5, 21, 1, 53, 48), 0.0, False, 'best']

['mediascapeglobal', 202534320, 'impression', '2', 240318742L, datetime.datetime(2013, 5, 22, 12, 13, 58), 0.0, False, 'best']

['mediascapeglobal', 202534320, 'impression', '2', 240318742L, datetime.datetime(2013, 5, 23, 2, 48, 50), 0.0, False, 'best']

