['mirzashahnaz', 202569677, 'impression', '4', 241045804L, datetime.datetime(2013, 5, 22, 23, 1, 28), 0.284407588937882, False, 'time']
['mirzashahnaz', 202569677, 'impression', '5', 241045129L, datetime.datetime(2013, 5, 22, 23, 8, 12), 0.358976771098831, False, 'time']

['mirzashahnaz', 202569677, 'impression', '3', 241046765L, datetime.datetime(2013, 5, 23, 4, 6, 4), 0.294099610497063, False, 'time']
['mirzashahnaz', 202569677, 'impression', '8', 241044404L, datetime.datetime(2013, 5, 23, 4, 6, 4), 0.32154048773709, False, 'time']
['mirzashahnaz', 202569677, 'impression', '1', 241060110L, datetime.datetime(2013, 5, 23, 4, 6, 4), 0.321746620465459, False, 'time']
['mirzashahnaz', 202569677, 'impression', '4', 241045820L, datetime.datetime(2013, 5, 23, 4, 6, 4), 0.203669893118469, False, 'time']
['mirzashahnaz', 202569677, 'impression', '5', 241045804L, datetime.datetime(2013, 5, 23, 4, 6, 4), 0.284407588937882, False, 'time']
['mirzashahnaz', 202569677, 'impression', '7', 241045036L, datetime.datetime(2013, 5, 23, 4, 6, 4), 0.405213944062989, False, 'time']
['mirzashahnaz', 202569677, 'impression', '2', 241049385L, datetime.datetime(2013, 5, 23, 4, 6, 4), 0.0363930071541449, False, 'time']
['mirzashahnaz', 202569677, 'impression', '6', 241045129L, datetime.datetime(2013, 5, 23, 4, 6, 4), 0.358976771098831, False, 'time']
['mirzashahnaz', 202569677, 'view_full_application_via_name', '1', 241060110L, datetime.datetime(2013, 5, 23, 4, 6, 10), 0.321746620465459, False, 'time']
['mirzashahnaz', 202569677, 'impression', '4', 241045820L, datetime.datetime(2013, 5, 23, 4, 6, 50), 0.203669893118469, False, 'time']
['mirzashahnaz', 202569677, 'impression', '5', 241045804L, datetime.datetime(2013, 5, 23, 4, 6, 50), 0.284407588937882, False, 'time']
['mirzashahnaz', 202569677, 'impression', '6', 241045129L, datetime.datetime(2013, 5, 23, 4, 6, 50), 0.358976771098831, False, 'time']
['mirzashahnaz', 202569677, 'impression', '8', 241044404L, datetime.datetime(2013, 5, 23, 4, 6, 50), 0.32154048773709, False, 'time']
['mirzashahnaz', 202569677, 'impression', '1', 241060110L, datetime.datetime(2013, 5, 23, 4, 6, 50), 0.321746620465459, False, 'time']
['mirzashahnaz', 202569677, 'impression', '3', 241046765L, datetime.datetime(2013, 5, 23, 4, 6, 50), 0.294099610497063, False, 'time']
['mirzashahnaz', 202569677, 'impression', '2', 241049385L, datetime.datetime(2013, 5, 23, 4, 6, 50), 0.0363930071541449, False, 'time']
['mirzashahnaz', 202569677, 'impression', '7', 241045036L, datetime.datetime(2013, 5, 23, 4, 6, 50), 0.405213944062989, False, 'time']
['mirzashahnaz', 202569677, 'view_full_application_via_name', '8', 241044404L, datetime.datetime(2013, 5, 23, 4, 7), 0.32154048773709, False, 'time']

['mirzashahnaz', 202569677, 'impression', '6', 241049385L, datetime.datetime(2013, 5, 23, 12, 14, 39), 0.0363930071541449, False, 'time']
['mirzashahnaz', 202569677, 'impression', '2', 241098972L, datetime.datetime(2013, 5, 23, 12, 14, 39), 0.106060742844848, False, 'time']
['mirzashahnaz', 202569677, 'impression', '4', 241075995L, datetime.datetime(2013, 5, 23, 12, 14, 39), 0.369306558330537, False, 'time']
['mirzashahnaz', 202569677, 'impression', '12', 241044404L, datetime.datetime(2013, 5, 23, 12, 14, 39), 0.32154048773709, False, 'time']
['mirzashahnaz', 202569677, 'impression', '5', 241060110L, datetime.datetime(2013, 5, 23, 12, 14, 39), 0.321746620465459, False, 'time']
['mirzashahnaz', 202569677, 'impression', '7', 241046765L, datetime.datetime(2013, 5, 23, 12, 14, 39), 0.294099610497063, False, 'time']
['mirzashahnaz', 202569677, 'impression', '10', 241045129L, datetime.datetime(2013, 5, 23, 12, 14, 39), 0.358976771098831, False, 'time']
['mirzashahnaz', 202569677, 'impression', '1', 241100994L, datetime.datetime(2013, 5, 23, 12, 14, 39), 0.686611856941938, False, 'time']
['mirzashahnaz', 202569677, 'impression', '11', 241045036L, datetime.datetime(2013, 5, 23, 12, 14, 39), 0.405213944062989, False, 'time']
['mirzashahnaz', 202569677, 'impression', '3', 241088021L, datetime.datetime(2013, 5, 23, 12, 14, 39), 0.142109623261979, False, 'time']
['mirzashahnaz', 202569677, 'impression', '9', 241045804L, datetime.datetime(2013, 5, 23, 12, 14, 39), 0.284407588937882, False, 'time']
['mirzashahnaz', 202569677, 'impression', '8', 241045820L, datetime.datetime(2013, 5, 23, 12, 14, 39), 0.203669893118469, False, 'time']
['mirzashahnaz', 202569677, 'view_full_application_via_name', '1', 241100994L, datetime.datetime(2013, 5, 23, 12, 14, 47), 0.686611856941938, False, 'time']
['mirzashahnaz', 202569677, 'impression', '3', 241088021L, datetime.datetime(2013, 5, 23, 12, 16, 55), 0.142109623261979, False, 'time']
['mirzashahnaz', 202569677, 'impression', '9', 241045804L, datetime.datetime(2013, 5, 23, 12, 16, 55), 0.284407588937882, False, 'time']
['mirzashahnaz', 202569677, 'impression', '8', 241045820L, datetime.datetime(2013, 5, 23, 12, 16, 55), 0.203669893118469, False, 'time']
['mirzashahnaz', 202569677, 'impression', '1', 241100994L, datetime.datetime(2013, 5, 23, 12, 16, 55), 0.686611856941938, False, 'time']
['mirzashahnaz', 202569677, 'impression', '11', 241045036L, datetime.datetime(2013, 5, 23, 12, 16, 55), 0.405213944062989, False, 'time']
['mirzashahnaz', 202569677, 'impression', '12', 241044404L, datetime.datetime(2013, 5, 23, 12, 16, 55), 0.32154048773709, False, 'time']
['mirzashahnaz', 202569677, 'impression', '5', 241060110L, datetime.datetime(2013, 5, 23, 12, 16, 55), 0.321746620465459, False, 'time']
['mirzashahnaz', 202569677, 'impression', '7', 241046765L, datetime.datetime(2013, 5, 23, 12, 16, 55), 0.294099610497063, False, 'time']
['mirzashahnaz', 202569677, 'impression', '10', 241045129L, datetime.datetime(2013, 5, 23, 12, 16, 55), 0.358976771098831, False, 'time']
['mirzashahnaz', 202569677, 'impression', '2', 241098972L, datetime.datetime(2013, 5, 23, 12, 16, 55), 0.106060742844848, False, 'time']
['mirzashahnaz', 202569677, 'impression', '6', 241049385L, datetime.datetime(2013, 5, 23, 12, 16, 55), 0.0363930071541449, False, 'time']
['mirzashahnaz', 202569677, 'impression', '4', 241075995L, datetime.datetime(2013, 5, 23, 12, 16, 55), 0.369306558330537, False, 'time']
['mirzashahnaz', 202569677, 'view_full_application_via_name', '2', 241098972L, datetime.datetime(2013, 5, 23, 12, 17, 4), 0.106060742844848, False, 'time']
['mirzashahnaz', 202569677, 'impression', '4', 241075995L, datetime.datetime(2013, 5, 23, 12, 18, 17), 0.369306558330537, False, 'time']
['mirzashahnaz', 202569677, 'impression', '2', 241098972L, datetime.datetime(2013, 5, 23, 12, 18, 17), 0.106060742844848, False, 'time']
['mirzashahnaz', 202569677, 'impression', '10', 241045129L, datetime.datetime(2013, 5, 23, 12, 18, 17), 0.358976771098831, False, 'time']
['mirzashahnaz', 202569677, 'impression', '3', 241088021L, datetime.datetime(2013, 5, 23, 12, 18, 17), 0.142109623261979, False, 'time']
['mirzashahnaz', 202569677, 'impression', '9', 241045804L, datetime.datetime(2013, 5, 23, 12, 18, 17), 0.284407588937882, False, 'time']
['mirzashahnaz', 202569677, 'impression', '8', 241045820L, datetime.datetime(2013, 5, 23, 12, 18, 17), 0.203669893118469, False, 'time']
['mirzashahnaz', 202569677, 'impression', '5', 241060110L, datetime.datetime(2013, 5, 23, 12, 18, 17), 0.321746620465459, False, 'time']
['mirzashahnaz', 202569677, 'impression', '7', 241046765L, datetime.datetime(2013, 5, 23, 12, 18, 17), 0.294099610497063, False, 'time']
['mirzashahnaz', 202569677, 'impression', '12', 241044404L, datetime.datetime(2013, 5, 23, 12, 18, 17), 0.32154048773709, False, 'time']
['mirzashahnaz', 202569677, 'impression', '6', 241049385L, datetime.datetime(2013, 5, 23, 12, 18, 17), 0.0363930071541449, False, 'time']
['mirzashahnaz', 202569677, 'impression', '11', 241045036L, datetime.datetime(2013, 5, 23, 12, 18, 17), 0.405213944062989, False, 'time']
['mirzashahnaz', 202569677, 'impression', '1', 241100994L, datetime.datetime(2013, 5, 23, 12, 18, 17), 0.686611856941938, False, 'time']
['mirzashahnaz', 202569677, 'expand_tile', '3', 241088021L, datetime.datetime(2013, 5, 23, 12, 18, 35), 0.142109623261979, False, 'time']
['mirzashahnaz', 202569677, 'expand_tile', '1', 241100994L, datetime.datetime(2013, 5, 23, 12, 19, 14), 0.686611856941938, False, 'time']
['mirzashahnaz', 202569677, 'view_full_application', '1', 241100994L, datetime.datetime(2013, 5, 23, 12, 19, 24), 0.686611856941938, False, 'time']

['mirzashahnaz', 202569677, 'impression', '6', 241049385L, datetime.datetime(2013, 5, 23, 14, 4), 0.0363930071541449, False, 'time']
['mirzashahnaz', 202569677, 'impression', '11', 241045036L, datetime.datetime(2013, 5, 23, 14, 4), 0.405213944062989, False, 'time']
['mirzashahnaz', 202569677, 'impression', '1', 241100994L, datetime.datetime(2013, 5, 23, 14, 4), 0.686611856941938, False, 'time']
['mirzashahnaz', 202569677, 'impression', '7', 241046765L, datetime.datetime(2013, 5, 23, 14, 4), 0.294099610497063, False, 'time']
['mirzashahnaz', 202569677, 'impression', '12', 241044404L, datetime.datetime(2013, 5, 23, 14, 4), 0.32154048773709, False, 'time']
['mirzashahnaz', 202569677, 'impression', '5', 241060110L, datetime.datetime(2013, 5, 23, 14, 4), 0.321746620465459, False, 'time']
['mirzashahnaz', 202569677, 'impression', '4', 241075995L, datetime.datetime(2013, 5, 23, 14, 4), 0.369306558330537, False, 'time']
['mirzashahnaz', 202569677, 'impression', '2', 241098972L, datetime.datetime(2013, 5, 23, 14, 4), 0.106060742844848, False, 'time']
['mirzashahnaz', 202569677, 'impression', '10', 241045129L, datetime.datetime(2013, 5, 23, 14, 4), 0.358976771098831, False, 'time']
['mirzashahnaz', 202569677, 'impression', '3', 241088021L, datetime.datetime(2013, 5, 23, 14, 4), 0.142109623261979, False, 'time']
['mirzashahnaz', 202569677, 'impression', '8', 241045820L, datetime.datetime(2013, 5, 23, 14, 4), 0.203669893118469, False, 'time']
['mirzashahnaz', 202569677, 'impression', '9', 241045804L, datetime.datetime(2013, 5, 23, 14, 4), 0.284407588937882, False, 'time']
['mirzashahnaz', 202569677, 'view_full_application_via_name', '1', 241100994L, datetime.datetime(2013, 5, 23, 14, 4, 4), 0.686611856941938, False, 'time']
['mirzashahnaz', 202569677, 'impression', '6', 241049385L, datetime.datetime(2013, 5, 23, 14, 11, 17), 0.0363930071541449, False, 'time']
['mirzashahnaz', 202569677, 'impression', '4', 241075995L, datetime.datetime(2013, 5, 23, 14, 11, 17), 0.369306558330537, False, 'time']
['mirzashahnaz', 202569677, 'impression', '10', 241045129L, datetime.datetime(2013, 5, 23, 14, 11, 17), 0.358976771098831, False, 'time']
['mirzashahnaz', 202569677, 'impression', '1', 241100994L, datetime.datetime(2013, 5, 23, 14, 11, 17), 0.686611856941938, False, 'time']
['mirzashahnaz', 202569677, 'impression', '11', 241045036L, datetime.datetime(2013, 5, 23, 14, 11, 17), 0.405213944062989, False, 'time']
['mirzashahnaz', 202569677, 'impression', '9', 241045804L, datetime.datetime(2013, 5, 23, 14, 11, 17), 0.284407588937882, False, 'time']
['mirzashahnaz', 202569677, 'impression', '8', 241045820L, datetime.datetime(2013, 5, 23, 14, 11, 17), 0.203669893118469, False, 'time']
['mirzashahnaz', 202569677, 'impression', '3', 241088021L, datetime.datetime(2013, 5, 23, 14, 11, 17), 0.142109623261979, False, 'time']
['mirzashahnaz', 202569677, 'impression', '5', 241060110L, datetime.datetime(2013, 5, 23, 14, 11, 17), 0.321746620465459, False, 'time']
['mirzashahnaz', 202569677, 'impression', '12', 241044404L, datetime.datetime(2013, 5, 23, 14, 11, 17), 0.32154048773709, False, 'time']
['mirzashahnaz', 202569677, 'impression', '7', 241046765L, datetime.datetime(2013, 5, 23, 14, 11, 17), 0.294099610497063, False, 'time']
['mirzashahnaz', 202569677, 'impression', '2', 241098972L, datetime.datetime(2013, 5, 23, 14, 11, 17), 0.106060742844848, False, 'time']
['mirzashahnaz', 202569677, 'view_full_application_via_name', '2', 241098972L, datetime.datetime(2013, 5, 23, 14, 11, 22), 0.106060742844848, False, 'time']
['mirzashahnaz', 202569677, 'impression', '12', 241044404L, datetime.datetime(2013, 5, 23, 14, 12, 35), 0.32154048773709, False, 'time']
['mirzashahnaz', 202569677, 'impression', '5', 241060110L, datetime.datetime(2013, 5, 23, 14, 12, 35), 0.321746620465459, False, 'time']
['mirzashahnaz', 202569677, 'impression', '7', 241046765L, datetime.datetime(2013, 5, 23, 14, 12, 35), 0.294099610497063, False, 'time']
['mirzashahnaz', 202569677, 'impression', '11', 241045036L, datetime.datetime(2013, 5, 23, 14, 12, 35), 0.405213944062989, False, 'time']
['mirzashahnaz', 202569677, 'impression', '1', 241100994L, datetime.datetime(2013, 5, 23, 14, 12, 35), 0.686611856941938, False, 'time']
['mirzashahnaz', 202569677, 'impression', '9', 241045804L, datetime.datetime(2013, 5, 23, 14, 12, 35), 0.284407588937882, False, 'time']
['mirzashahnaz', 202569677, 'impression', '8', 241045820L, datetime.datetime(2013, 5, 23, 14, 12, 35), 0.203669893118469, False, 'time']
['mirzashahnaz', 202569677, 'impression', '3', 241088021L, datetime.datetime(2013, 5, 23, 14, 12, 35), 0.142109623261979, False, 'time']
['mirzashahnaz', 202569677, 'impression', '2', 241098972L, datetime.datetime(2013, 5, 23, 14, 12, 35), 0.106060742844848, False, 'time']
['mirzashahnaz', 202569677, 'impression', '4', 241075995L, datetime.datetime(2013, 5, 23, 14, 12, 35), 0.369306558330537, False, 'time']
['mirzashahnaz', 202569677, 'impression', '6', 241049385L, datetime.datetime(2013, 5, 23, 14, 12, 35), 0.0363930071541449, False, 'time']
['mirzashahnaz', 202569677, 'impression', '10', 241045129L, datetime.datetime(2013, 5, 23, 14, 12, 35), 0.358976771098831, False, 'time']
['mirzashahnaz', 202569677, 'view_full_application_via_name', '1', 241100994L, datetime.datetime(2013, 5, 23, 14, 12, 41), 0.686611856941938, False, 'time']
['mirzashahnaz', 202569677, 'impression', '2', 241098972L, datetime.datetime(2013, 5, 23, 14, 12, 42), 0.106060742844848, False, 'time']
['mirzashahnaz', 202569677, 'impression', '2', 241098972L, datetime.datetime(2013, 5, 23, 14, 12, 42), 0.106060742844848, False, 'time']

['mirzashahnaz', 202569677, 'impression', '6', 241049385L, datetime.datetime(2013, 5, 24, 3, 55, 32), 0.0363930071541449, False, 'time']
['mirzashahnaz', 202569677, 'impression', '1', 241100994L, datetime.datetime(2013, 5, 24, 3, 55, 32), 0.686611856941938, False, 'time']
['mirzashahnaz', 202569677, 'impression', '11', 241045036L, datetime.datetime(2013, 5, 24, 3, 55, 32), 0.405213944062989, False, 'time']
['mirzashahnaz', 202569677, 'impression', '12', 241044404L, datetime.datetime(2013, 5, 24, 3, 55, 32), 0.32154048773709, False, 'time']
['mirzashahnaz', 202569677, 'impression', '5', 241060110L, datetime.datetime(2013, 5, 24, 3, 55, 32), 0.321746620465459, False, 'time']
['mirzashahnaz', 202569677, 'impression', '7', 241046765L, datetime.datetime(2013, 5, 24, 3, 55, 32), 0.294099610497063, False, 'time']
['mirzashahnaz', 202569677, 'impression', '4', 241075995L, datetime.datetime(2013, 5, 24, 3, 55, 32), 0.369306558330537, False, 'time']
['mirzashahnaz', 202569677, 'impression', '10', 241045129L, datetime.datetime(2013, 5, 24, 3, 55, 32), 0.358976771098831, False, 'time']
['mirzashahnaz', 202569677, 'impression', '3', 241088021L, datetime.datetime(2013, 5, 24, 3, 55, 32), 0.142109623261979, False, 'time']
['mirzashahnaz', 202569677, 'impression', '8', 241045820L, datetime.datetime(2013, 5, 24, 3, 55, 32), 0.203669893118469, False, 'time']
['mirzashahnaz', 202569677, 'impression', '9', 241045804L, datetime.datetime(2013, 5, 24, 3, 55, 32), 0.284407588937882, False, 'time']
['mirzashahnaz', 202569677, 'impression', '2', 241098972L, datetime.datetime(2013, 5, 24, 3, 55, 32), 0.106060742844848, False, 'time']
['mirzashahnaz', 202569677, 'impression', '11', 241045036L, datetime.datetime(2013, 5, 24, 3, 56, 8), 0.405213944062989, False, 'time']
['mirzashahnaz', 202569677, 'expand_tile', '11', 241045036L, datetime.datetime(2013, 5, 24, 3, 56, 18), 0.405213944062989, False, 'time']
['mirzashahnaz', 202569677, 'impression', '11', 241045036L, datetime.datetime(2013, 5, 24, 3, 57, 2), 0.405213944062989, False, 'time']
['mirzashahnaz', 202569677, 'impression', '11', 241045036L, datetime.datetime(2013, 5, 24, 3, 57, 4), 0.405213944062989, False, 'time']
['mirzashahnaz', 202569677, 'impression', '11', 241045036L, datetime.datetime(2013, 5, 24, 3, 57, 6), 0.405213944062989, False, 'time']
['mirzashahnaz', 202569677, 'impression', '11', 241045036L, datetime.datetime(2013, 5, 24, 3, 57, 8), 0.405213944062989, False, 'time']
['mirzashahnaz', 202569677, 'expand_tile', '11', 241045036L, datetime.datetime(2013, 5, 24, 3, 57, 27), 0.405213944062989, False, 'time']
['mirzashahnaz', 202569677, 'impression', '12', 241044404L, datetime.datetime(2013, 5, 24, 3, 57, 29), 0.32154048773709, False, 'time']
['mirzashahnaz', 202569677, 'impression', '10', 241045129L, datetime.datetime(2013, 5, 24, 3, 57, 32), 0.358976771098831, False, 'time']
['mirzashahnaz', 202569677, 'impression', '9', 241045804L, datetime.datetime(2013, 5, 24, 3, 57, 36), 0.284407588937882, False, 'time']
['mirzashahnaz', 202569677, 'impression', '9', 241045804L, datetime.datetime(2013, 5, 24, 3, 57, 38), 0.284407588937882, False, 'time']
['mirzashahnaz', 202569677, 'impression', '5', 241060110L, datetime.datetime(2013, 5, 24, 4, 2, 6), 0.321746620465459, False, 'time']
['mirzashahnaz', 202569677, 'expand_tile', '5', 241060110L, datetime.datetime(2013, 5, 24, 4, 2, 8), 0.321746620465459, False, 'time']
['mirzashahnaz', 202569677, 'view_full_application', '5', 241060110L, datetime.datetime(2013, 5, 24, 4, 2, 11), 0.321746620465459, False, 'time']
['mirzashahnaz', 202569677, 'impression', '4', 241075995L, datetime.datetime(2013, 5, 24, 4, 2, 29), 0.369306558330537, False, 'time']
['mirzashahnaz', 202569677, 'impression', '3', 241088021L, datetime.datetime(2013, 5, 24, 4, 2, 29), 0.142109623261979, False, 'time']
['mirzashahnaz', 202569677, 'impression', '8', 241045820L, datetime.datetime(2013, 5, 24, 4, 2, 29), 0.203669893118469, False, 'time']
['mirzashahnaz', 202569677, 'impression', '9', 241045804L, datetime.datetime(2013, 5, 24, 4, 2, 29), 0.284407588937882, False, 'time']
['mirzashahnaz', 202569677, 'impression', '2', 241098972L, datetime.datetime(2013, 5, 24, 4, 2, 29), 0.106060742844848, False, 'time']
['mirzashahnaz', 202569677, 'impression', '6', 241049385L, datetime.datetime(2013, 5, 24, 4, 2, 29), 0.0363930071541449, False, 'time']
['mirzashahnaz', 202569677, 'impression', '1', 241100994L, datetime.datetime(2013, 5, 24, 4, 2, 29), 0.686611856941938, False, 'time']
['mirzashahnaz', 202569677, 'impression', '7', 241046765L, datetime.datetime(2013, 5, 24, 4, 2, 29), 0.294099610497063, False, 'time']
['mirzashahnaz', 202569677, 'impression', '5', 241060110L, datetime.datetime(2013, 5, 24, 4, 2, 29), 0.321746620465459, False, 'time']
['mirzashahnaz', 202569677, 'impression', '10', 241044404L, datetime.datetime(2013, 5, 24, 4, 2, 29), 0.32154048773709, False, 'time']
['mirzashahnaz', 202569677, 'impression', '5', 241060110L, datetime.datetime(2013, 5, 24, 4, 2, 31), 0.321746620465459, False, 'time']
['mirzashahnaz', 202569677, 'view_full_application_via_name', '2', 241098972L, datetime.datetime(2013, 5, 24, 4, 2, 37), 0.106060742844848, False, 'time']
['mirzashahnaz', 202569677, 'view_full_application_via_name', '3', 241088021L, datetime.datetime(2013, 5, 24, 4, 2, 39), 0.142109623261979, False, 'time']
['mirzashahnaz', 202569677, 'view_full_application_via_name', '4', 241075995L, datetime.datetime(2013, 5, 24, 4, 2, 40), 0.369306558330537, False, 'time']
['mirzashahnaz', 202569677, 'impression', '2', 241098972L, datetime.datetime(2013, 5, 24, 4, 3, 13), 0.106060742844848, False, 'time']
['mirzashahnaz', 202569677, 'impression', '3', 241088021L, datetime.datetime(2013, 5, 24, 4, 3, 14), 0.142109623261979, False, 'time']
['mirzashahnaz', 202569677, 'impression', '4', 241075995L, datetime.datetime(2013, 5, 24, 4, 3, 16), 0.369306558330537, False, 'time']
['mirzashahnaz', 202569677, 'impression', '4', 241075995L, datetime.datetime(2013, 5, 24, 4, 3, 23), 0.369306558330537, False, 'time']
['mirzashahnaz', 202569677, 'impression', '6', 241049385L, datetime.datetime(2013, 5, 24, 4, 3, 26), 0.0363930071541449, False, 'time']
['mirzashahnaz', 202569677, 'view_full_application_via_name', '1', 241100994L, datetime.datetime(2013, 5, 24, 4, 3, 36), 0.686611856941938, False, 'time']

['mirzashahnaz', 202569677, 'impression', '3', 241046765L, datetime.datetime(2013, 5, 24, 14, 17, 43), 0.294099610497063, False, 'time']

['mirzashahnaz', 202569677, 'impression', '2', 241046765L, datetime.datetime(2013, 5, 24, 18, 58, 18), 0.294099610497063, False, 'time']

['mirzashahnaz', 202569677, 'impression', '5', 241044404L, datetime.datetime(2013, 5, 28, 12, 33, 56), 0.32154048773709, False, 'time']
['mirzashahnaz', 202569677, 'impression', '3', 241046765L, datetime.datetime(2013, 5, 28, 12, 33, 56), 0.294099610497063, False, 'time']
['mirzashahnaz', 202569677, 'impression', '4', 241045820L, datetime.datetime(2013, 5, 28, 12, 33, 56), 0.203669893118469, False, 'time']
['mirzashahnaz', 202569677, 'impression', '2', 241100994L, datetime.datetime(2013, 5, 28, 12, 33, 56), 0.686611856941938, False, 'time']
['mirzashahnaz', 202569677, 'impression', '1', 241280402L, datetime.datetime(2013, 5, 28, 12, 33, 56), 0.331959815510552, False, 'time']

['mirzashahnaz', 202569677, 'impression', '1', 241280402L, datetime.datetime(2013, 5, 28, 18, 37, 55), 0.331959815510552, False, 'time']
['mirzashahnaz', 202569677, 'impression', '2', 241100994L, datetime.datetime(2013, 5, 28, 18, 37, 55), 0.686611856941938, False, 'time']
['mirzashahnaz', 202569677, 'impression', '4', 241045820L, datetime.datetime(2013, 5, 28, 18, 37, 55), 0.203669893118469, False, 'time']
['mirzashahnaz', 202569677, 'impression', '3', 241046765L, datetime.datetime(2013, 5, 28, 18, 37, 55), 0.294099610497063, False, 'time']
['mirzashahnaz', 202569677, 'impression', '5', 241044404L, datetime.datetime(2013, 5, 28, 18, 37, 55), 0.32154048773709, False, 'time']
['mirzashahnaz', 202569677, 'view_full_application_via_name', '1', 241280402L, datetime.datetime(2013, 5, 28, 18, 37, 56), 0.331959815510552, False, 'time']

['mirzashahnaz', 202569677, 'impression', '4', 241045820L, datetime.datetime(2013, 5, 29, 3, 24, 9), 0.203669893118469, False, 'time']
['mirzashahnaz', 202569677, 'impression', '2', 241100994L, datetime.datetime(2013, 5, 29, 3, 24, 9), 0.686611856941938, False, 'time']
['mirzashahnaz', 202569677, 'impression', '3', 241046765L, datetime.datetime(2013, 5, 29, 3, 24, 9), 0.294099610497063, False, 'time']
['mirzashahnaz', 202569677, 'impression', '5', 241044404L, datetime.datetime(2013, 5, 29, 3, 24, 9), 0.32154048773709, False, 'time']
['mirzashahnaz', 202569677, 'impression', '1', 241280402L, datetime.datetime(2013, 5, 29, 3, 24, 9), 0.331959815510552, False, 'time']
['mirzashahnaz', 202569677, 'view_full_application_via_name', '1', 241280402L, datetime.datetime(2013, 5, 29, 3, 24, 25), 0.331959815510552, False, 'time']
['mirzashahnaz', 202569677, 'impression', '1', 241280402L, datetime.datetime(2013, 5, 29, 3, 30, 44), 0.331959815510552, False, 'time']
['mirzashahnaz', 202569677, 'impression', '4', 241045820L, datetime.datetime(2013, 5, 29, 3, 30, 44), 0.203669893118469, False, 'time']
['mirzashahnaz', 202569677, 'impression', '2', 241100994L, datetime.datetime(2013, 5, 29, 3, 30, 44), 0.686611856941938, False, 'time']
['mirzashahnaz', 202569677, 'impression', '3', 241046765L, datetime.datetime(2013, 5, 29, 3, 30, 44), 0.294099610497063, False, 'time']
['mirzashahnaz', 202569677, 'impression', '5', 241044404L, datetime.datetime(2013, 5, 29, 3, 30, 44), 0.32154048773709, False, 'time']
['mirzashahnaz', 202569677, 'view_full_application_via_name', '2', 241100994L, datetime.datetime(2013, 5, 29, 3, 30, 47), 0.686611856941938, False, 'time']

['mirzashahnaz', 202569677, 'impression', '1', 241280402L, datetime.datetime(2013, 5, 29, 12, 7, 19), 0.331959815510552, False, 'time']
['mirzashahnaz', 202569677, 'impression', '3', 241046765L, datetime.datetime(2013, 5, 29, 12, 7, 19), 0.294099610497063, False, 'time']
['mirzashahnaz', 202569677, 'impression', '5', 241044404L, datetime.datetime(2013, 5, 29, 12, 7, 19), 0.32154048773709, False, 'time']
['mirzashahnaz', 202569677, 'impression', '2', 241100994L, datetime.datetime(2013, 5, 29, 12, 7, 19), 0.686611856941938, False, 'time']
['mirzashahnaz', 202569677, 'impression', '4', 241045820L, datetime.datetime(2013, 5, 29, 12, 7, 19), 0.203669893118469, False, 'time']
['mirzashahnaz', 202569677, 'view_full_application_via_name', '1', 241280402L, datetime.datetime(2013, 5, 29, 12, 7, 24), 0.331959815510552, False, 'time']

['mirzashahnaz', 202569677, 'impression', '2', 241100994L, datetime.datetime(2013, 5, 29, 21, 22, 27), 0.686611856941938, False, 'time']
['mirzashahnaz', 202569677, 'impression', '5', 241044404L, datetime.datetime(2013, 5, 29, 21, 22, 27), 0.32154048773709, False, 'time']
['mirzashahnaz', 202569677, 'impression', '3', 241046765L, datetime.datetime(2013, 5, 29, 21, 22, 27), 0.294099610497063, False, 'time']
['mirzashahnaz', 202569677, 'impression', '4', 241045820L, datetime.datetime(2013, 5, 29, 21, 22, 27), 0.203669893118469, False, 'time']
['mirzashahnaz', 202569677, 'impression', '1', 241280402L, datetime.datetime(2013, 5, 29, 21, 22, 27), 0.331959815510552, False, 'time']
['mirzashahnaz', 202569677, 'view_full_application_via_name', '1', 241280402L, datetime.datetime(2013, 5, 29, 21, 22, 32), 0.331959815510552, False, 'time']

