['mthimmes', 202592801, 'impression', '3', 241542290L, datetime.datetime(2013, 5, 29, 4, 24, 19), 0.051619907328317, False, 'time']
['mthimmes', 202592801, 'impression', '1', 241544512L, datetime.datetime(2013, 5, 29, 4, 24, 19), 0.0634449317155169, False, 'time']
['mthimmes', 202592801, 'impression', '2', 241544041L, datetime.datetime(2013, 5, 29, 4, 24, 19), 0.048496581613196, False, 'time']
['mthimmes', 202592801, 'impression', '4', 241542084L, datetime.datetime(2013, 5, 29, 4, 24, 19), 0.245709389322145, False, 'time']
['mthimmes', 202592801, 'view_full_application_via_name', '2', 241544041L, datetime.datetime(2013, 5, 29, 4, 24, 31), 0.048496581613196, False, 'time']
['mthimmes', 202592801, 'impression', '3', 241542290L, datetime.datetime(2013, 5, 29, 4, 25, 22), 0.051619907328317, False, 'time']
['mthimmes', 202592801, 'impression', '4', 241542084L, datetime.datetime(2013, 5, 29, 4, 25, 22), 0.245709389322145, False, 'time']
['mthimmes', 202592801, 'impression', '1', 241544512L, datetime.datetime(2013, 5, 29, 4, 25, 22), 0.0634449317155169, False, 'time']
['mthimmes', 202592801, 'impression', '2', 241544041L, datetime.datetime(2013, 5, 29, 4, 25, 22), 0.048496581613196, False, 'time']
['mthimmes', 202592801, 'view_full_application_via_name', '1', 241544512L, datetime.datetime(2013, 5, 29, 4, 25, 25), 0.0634449317155169, False, 'time']
['mthimmes', 202592801, 'impression', '4', 241542084L, datetime.datetime(2013, 5, 29, 4, 26, 6), 0.245709389322145, False, 'time']
['mthimmes', 202592801, 'impression', '3', 241542290L, datetime.datetime(2013, 5, 29, 4, 26, 6), 0.051619907328317, False, 'time']
['mthimmes', 202592801, 'impression', '2', 241544041L, datetime.datetime(2013, 5, 29, 4, 26, 6), 0.048496581613196, False, 'time']
['mthimmes', 202592801, 'impression', '1', 241544512L, datetime.datetime(2013, 5, 29, 4, 26, 6), 0.0634449317155169, False, 'time']
['mthimmes', 202592801, 'view_full_application_via_name', '4', 241542084L, datetime.datetime(2013, 5, 29, 4, 26, 22), 0.245709389322145, False, 'time']
['mthimmes', 202592801, 'impression', '2', 241544041L, datetime.datetime(2013, 5, 29, 4, 31, 16), 0.048496581613196, False, 'time']
['mthimmes', 202592801, 'impression', '3', 241542290L, datetime.datetime(2013, 5, 29, 4, 31, 16), 0.051619907328317, False, 'time']
['mthimmes', 202592801, 'impression', '1', 241544512L, datetime.datetime(2013, 5, 29, 4, 31, 16), 0.0634449317155169, False, 'time']
['mthimmes', 202592801, 'impression', '4', 241542084L, datetime.datetime(2013, 5, 29, 4, 31, 16), 0.245709389322145, False, 'time']
['mthimmes', 202592801, 'view_full_application_via_name', '1', 241544512L, datetime.datetime(2013, 5, 29, 4, 31, 26), 0.0634449317155169, False, 'time']
['mthimmes', 202592801, 'impression', '2', 241544041L, datetime.datetime(2013, 5, 29, 4, 31, 58), 0.048496581613196, False, 'time']
['mthimmes', 202592801, 'impression', '1', 241544512L, datetime.datetime(2013, 5, 29, 4, 31, 58), 0.0634449317155169, False, 'time']
['mthimmes', 202592801, 'impression', '4', 241542084L, datetime.datetime(2013, 5, 29, 4, 31, 58), 0.245709389322145, False, 'time']
['mthimmes', 202592801, 'impression', '3', 241542290L, datetime.datetime(2013, 5, 29, 4, 31, 58), 0.051619907328317, False, 'time']
['mthimmes', 202592801, 'impression', '3', 241544041L, datetime.datetime(2013, 5, 29, 4, 47, 1), 0.048496581613196, False, 'time']
['mthimmes', 202592801, 'impression', '5', 241542084L, datetime.datetime(2013, 5, 29, 4, 47, 1), 0.245709389322145, False, 'time']
['mthimmes', 202592801, 'impression', '2', 241544512L, datetime.datetime(2013, 5, 29, 4, 47, 1), 0.0634449317155169, False, 'time']
['mthimmes', 202592801, 'impression', '4', 241542290L, datetime.datetime(2013, 5, 29, 4, 47, 1), 0.051619907328317, False, 'time']
['mthimmes', 202592801, 'impression', '1', 241546913L, datetime.datetime(2013, 5, 29, 4, 47, 1), 0.237602392287149, False, 'time']
['mthimmes', 202592801, 'expand_tile', '1', 241546913L, datetime.datetime(2013, 5, 29, 4, 47, 36), 0.237602392287149, False, 'time']
['mthimmes', 202592801, 'view_full_application_via_name', '1', 241546913L, datetime.datetime(2013, 5, 29, 4, 48, 45), 0.237602392287149, False, 'time']

