['mtnstosea77', 202557361, 'impression', '2', 240794624L, datetime.datetime(2013, 5, 20, 4, 20, 37), 0.118011323868397, False, 'time']
['mtnstosea77', 202557361, 'impression', '3', 240794609L, datetime.datetime(2013, 5, 20, 4, 20, 37), 0.075276711072569, False, 'time']
['mtnstosea77', 202557361, 'impression', '1', 240794859L, datetime.datetime(2013, 5, 20, 4, 20, 37), 0.0661545413303811, False, 'time']
['mtnstosea77', 202557361, 'impression', '2', 240794624L, datetime.datetime(2013, 5, 20, 4, 20, 52), 0.118011323868397, False, 'time']
['mtnstosea77', 202557361, 'expand_tile', '1', 240794859L, datetime.datetime(2013, 5, 20, 4, 20, 53), 0.0661545413303811, False, 'time']
['mtnstosea77', 202557361, 'expand_tile', '3', 240794609L, datetime.datetime(2013, 5, 20, 4, 21, 2), 0.075276711072569, False, 'time']
['mtnstosea77', 202557361, 'expand_tile', '2', 240794624L, datetime.datetime(2013, 5, 20, 4, 21, 13), 0.118011323868397, False, 'time']

['mtnstosea77', 202557361, 'impression', '17', 240801401L, datetime.datetime(2013, 5, 20, 12, 48, 27), 0.136742731646314, False, 'time']
['mtnstosea77', 202557361, 'impression', '16', 240801971L, datetime.datetime(2013, 5, 20, 12, 48, 27), 0.279158655711785, False, 'time']
['mtnstosea77', 202557361, 'impression', '10', 240808298L, datetime.datetime(2013, 5, 20, 12, 48, 27), 0.0559101288227545, False, 'time']
['mtnstosea77', 202557361, 'impression', '7', 240810306L, datetime.datetime(2013, 5, 20, 12, 48, 27), 0.0816462472555297, False, 'time']
['mtnstosea77', 202557361, 'impression', '20', 240796737L, datetime.datetime(2013, 5, 20, 12, 48, 27), 0.0395561354854901, False, 'time']
['mtnstosea77', 202557361, 'impression', '13', 240805692L, datetime.datetime(2013, 5, 20, 12, 48, 27), 0.164612586303411, False, 'time']
['mtnstosea77', 202557361, 'impression', '12', 240806723L, datetime.datetime(2013, 5, 20, 12, 48, 27), 0.217479916605039, False, 'time']
['mtnstosea77', 202557361, 'impression', '11', 240807006L, datetime.datetime(2013, 5, 20, 12, 48, 27), 0.125421286784271, False, 'time']
['mtnstosea77', 202557361, 'impression', '14', 240804360L, datetime.datetime(2013, 5, 20, 12, 48, 27), 0.135631660201431, False, 'time']
['mtnstosea77', 202557361, 'impression', '2', 240822581L, datetime.datetime(2013, 5, 20, 12, 48, 27), 0.209908419898574, False, 'time']
['mtnstosea77', 202557361, 'impression', '5', 240811898L, datetime.datetime(2013, 5, 20, 12, 48, 27), 0.128486930550972, False, 'time']
['mtnstosea77', 202557361, 'impression', '9', 240809328L, datetime.datetime(2013, 5, 20, 12, 48, 27), 0.113435532795179, False, 'time']
['mtnstosea77', 202557361, 'impression', '19', 240799554L, datetime.datetime(2013, 5, 20, 12, 48, 27), 0.0793266146835747, False, 'time']
['mtnstosea77', 202557361, 'impression', '4', 240812279L, datetime.datetime(2013, 5, 20, 12, 48, 27), 0.0473502941209481, False, 'time']
['mtnstosea77', 202557361, 'impression', '3', 240822383L, datetime.datetime(2013, 5, 20, 12, 48, 27), 0.102874129468359, False, 'time']
['mtnstosea77', 202557361, 'impression', '1', 240824924L, datetime.datetime(2013, 5, 20, 12, 48, 27), 0.0405439261555552, False, 'time']
['mtnstosea77', 202557361, 'impression', '6', 240811896L, datetime.datetime(2013, 5, 20, 12, 48, 27), 0.00423744069929005, False, 'time']
['mtnstosea77', 202557361, 'impression', '18', 240800054L, datetime.datetime(2013, 5, 20, 12, 48, 27), 0.100763886401028, False, 'time']
['mtnstosea77', 202557361, 'impression', '15', 240802134L, datetime.datetime(2013, 5, 20, 12, 48, 27), 0.300861742658395, False, 'time']
['mtnstosea77', 202557361, 'impression', '8', 240809367L, datetime.datetime(2013, 5, 20, 12, 48, 27), 0.331138067310173, True, 'time']
['mtnstosea77', 202557361, 'expand_tile', '1', 240824924L, datetime.datetime(2013, 5, 20, 12, 48, 35), 0.0405439261555552, False, 'time']
['mtnstosea77', 202557361, 'impression', '1', 240824924L, datetime.datetime(2013, 5, 20, 12, 48, 46), 0.0405439261555552, False, 'time']
['mtnstosea77', 202557361, 'impression', '1', 240824924L, datetime.datetime(2013, 5, 20, 12, 48, 49), 0.0405439261555552, False, 'time']
['mtnstosea77', 202557361, 'expand_tile', '1', 240824924L, datetime.datetime(2013, 5, 20, 12, 48, 55), 0.0405439261555552, False, 'time']
['mtnstosea77', 202557361, 'impression', '3', 240822383L, datetime.datetime(2013, 5, 20, 12, 49, 2), 0.102874129468359, False, 'time']
['mtnstosea77', 202557361, 'expand_tile', '3', 240822383L, datetime.datetime(2013, 5, 20, 12, 49, 4), 0.102874129468359, False, 'time']
['mtnstosea77', 202557361, 'impression', '3', 240822383L, datetime.datetime(2013, 5, 20, 12, 49, 15), 0.102874129468359, False, 'time']
['mtnstosea77', 202557361, 'expand_tile', '3', 240822383L, datetime.datetime(2013, 5, 20, 12, 49, 19), 0.102874129468359, False, 'time']
['mtnstosea77', 202557361, 'impression', '4', 240812279L, datetime.datetime(2013, 5, 20, 12, 49, 19), 0.0473502941209481, False, 'time']
['mtnstosea77', 202557361, 'expand_tile', '4', 240812279L, datetime.datetime(2013, 5, 20, 12, 49, 26), 0.0473502941209481, False, 'time']
['mtnstosea77', 202557361, 'impression', '4', 240812279L, datetime.datetime(2013, 5, 20, 12, 49, 29), 0.0473502941209481, False, 'time']
['mtnstosea77', 202557361, 'expand_tile', '4', 240812279L, datetime.datetime(2013, 5, 20, 12, 49, 32), 0.0473502941209481, False, 'time']
['mtnstosea77', 202557361, 'expand_tile', '8', 240809367L, datetime.datetime(2013, 5, 20, 12, 49, 50), 0.331138067310173, True, 'time']
['mtnstosea77', 202557361, 'shortlist', '8', 240809367L, datetime.datetime(2013, 5, 20, 12, 50, 5), 0.331138067310173, True, 'time']
['mtnstosea77', 202557361, 'expand_tile', '8', 240809367L, datetime.datetime(2013, 5, 20, 12, 50, 5), 0.331138067310173, True, 'time']
['mtnstosea77', 202557361, 'expand_tile', '9', 240809328L, datetime.datetime(2013, 5, 20, 12, 50, 11), 0.113435532795179, False, 'time']
['mtnstosea77', 202557361, 'collapse_tile', '9', 240809328L, datetime.datetime(2013, 5, 20, 12, 50, 12), 0.113435532795179, False, 'time']
['mtnstosea77', 202557361, 'expand_tile', '9', 240809328L, datetime.datetime(2013, 5, 20, 12, 50, 13), 0.113435532795179, False, 'time']
['mtnstosea77', 202557361, 'view_full_application', '9', 240809328L, datetime.datetime(2013, 5, 20, 12, 50, 25), 0.113435532795179, False, 'time']
['mtnstosea77', 202557361, 'impression', '2', 240811898L, datetime.datetime(2013, 5, 20, 12, 50, 46), 0.128486930550972, False, 'time']
['mtnstosea77', 202557361, 'impression', '16', 240799554L, datetime.datetime(2013, 5, 20, 12, 50, 46), 0.0793266146835747, False, 'time']
['mtnstosea77', 202557361, 'impression', '6', 240809328L, datetime.datetime(2013, 5, 20, 12, 50, 46), 0.113435532795179, False, 'time']
['mtnstosea77', 202557361, 'impression', '4', 240810306L, datetime.datetime(2013, 5, 20, 12, 50, 46), 0.0816462472555297, False, 'time']
['mtnstosea77', 202557361, 'impression', '17', 240796737L, datetime.datetime(2013, 5, 20, 12, 50, 46), 0.0395561354854901, False, 'time']
['mtnstosea77', 202557361, 'impression', '7', 240808298L, datetime.datetime(2013, 5, 20, 12, 50, 46), 0.0559101288227545, False, 'time']
['mtnstosea77', 202557361, 'impression', '10', 240805692L, datetime.datetime(2013, 5, 20, 12, 50, 46), 0.164612586303411, False, 'time']
['mtnstosea77', 202557361, 'impression', '8', 240807006L, datetime.datetime(2013, 5, 20, 12, 50, 46), 0.125421286784271, False, 'time']
['mtnstosea77', 202557361, 'impression', '11', 240804360L, datetime.datetime(2013, 5, 20, 12, 50, 46), 0.135631660201431, False, 'time']
['mtnstosea77', 202557361, 'impression', '9', 240806723L, datetime.datetime(2013, 5, 20, 12, 50, 46), 0.217479916605039, False, 'time']
['mtnstosea77', 202557361, 'impression', '1', 240822581L, datetime.datetime(2013, 5, 20, 12, 50, 46), 0.209908419898574, False, 'time']
['mtnstosea77', 202557361, 'impression', '19', 240796280L, datetime.datetime(2013, 5, 20, 12, 50, 46), 0.0551535628484675, False, 'time']
['mtnstosea77', 202557361, 'impression', '14', 240801401L, datetime.datetime(2013, 5, 20, 12, 50, 46), 0.136742731646314, False, 'time']
['mtnstosea77', 202557361, 'impression', '13', 240801971L, datetime.datetime(2013, 5, 20, 12, 50, 46), 0.279158655711785, False, 'time']
['mtnstosea77', 202557361, 'impression', '18', 240796407L, datetime.datetime(2013, 5, 20, 12, 50, 46), 0.05619137962723, False, 'time']
['mtnstosea77', 202557361, 'impression', '3', 240811896L, datetime.datetime(2013, 5, 20, 12, 50, 46), 0.00423744069929005, False, 'time']
['mtnstosea77', 202557361, 'impression', '12', 240802134L, datetime.datetime(2013, 5, 20, 12, 50, 46), 0.300861742658395, False, 'time']
['mtnstosea77', 202557361, 'impression', '15', 240800054L, datetime.datetime(2013, 5, 20, 12, 50, 46), 0.100763886401028, False, 'time']
['mtnstosea77', 202557361, 'impression', '20', 240796271L, datetime.datetime(2013, 5, 20, 12, 50, 46), 0.0381274848429222, False, 'time']
['mtnstosea77', 202557361, 'impression', '5', 240809367L, datetime.datetime(2013, 5, 20, 12, 50, 46), 0.331138067310173, True, 'time']
['mtnstosea77', 202557361, 'expand_tile', '7', 240808298L, datetime.datetime(2013, 5, 20, 12, 51, 6), 0.0559101288227545, False, 'time']
['mtnstosea77', 202557361, 'impression', '8', 240807006L, datetime.datetime(2013, 5, 20, 12, 51, 9), 0.125421286784271, False, 'time']
['mtnstosea77', 202557361, 'expand_tile', '8', 240807006L, datetime.datetime(2013, 5, 20, 12, 51, 11), 0.125421286784271, False, 'time']
['mtnstosea77', 202557361, 'view_full_application', '8', 240807006L, datetime.datetime(2013, 5, 20, 12, 51, 21), 0.125421286784271, False, 'time']
['mtnstosea77', 202557361, 'impression', '13', 240801971L, datetime.datetime(2013, 5, 20, 12, 51, 36), 0.279158655711785, False, 'time']
['mtnstosea77', 202557361, 'impression', '14', 240801401L, datetime.datetime(2013, 5, 20, 12, 51, 36), 0.136742731646314, False, 'time']
['mtnstosea77', 202557361, 'impression', '7', 240808298L, datetime.datetime(2013, 5, 20, 12, 51, 36), 0.0559101288227545, False, 'time']
['mtnstosea77', 202557361, 'impression', '17', 240796737L, datetime.datetime(2013, 5, 20, 12, 51, 36), 0.0395561354854901, False, 'time']
['mtnstosea77', 202557361, 'impression', '10', 240805692L, datetime.datetime(2013, 5, 20, 12, 51, 36), 0.164612586303411, False, 'time']
['mtnstosea77', 202557361, 'impression', '4', 240810306L, datetime.datetime(2013, 5, 20, 12, 51, 36), 0.0816462472555297, False, 'time']
['mtnstosea77', 202557361, 'impression', '12', 240802134L, datetime.datetime(2013, 5, 20, 12, 51, 36), 0.300861742658395, False, 'time']
['mtnstosea77', 202557361, 'impression', '15', 240800054L, datetime.datetime(2013, 5, 20, 12, 51, 36), 0.100763886401028, False, 'time']
['mtnstosea77', 202557361, 'impression', '20', 240796271L, datetime.datetime(2013, 5, 20, 12, 51, 36), 0.0381274848429222, False, 'time']
['mtnstosea77', 202557361, 'impression', '18', 240796407L, datetime.datetime(2013, 5, 20, 12, 51, 36), 0.05619137962723, False, 'time']
['mtnstosea77', 202557361, 'impression', '3', 240811896L, datetime.datetime(2013, 5, 20, 12, 51, 36), 0.00423744069929005, False, 'time']
['mtnstosea77', 202557361, 'impression', '8', 240807006L, datetime.datetime(2013, 5, 20, 12, 51, 36), 0.125421286784271, False, 'time']
['mtnstosea77', 202557361, 'impression', '19', 240796280L, datetime.datetime(2013, 5, 20, 12, 51, 36), 0.0551535628484675, False, 'time']
['mtnstosea77', 202557361, 'impression', '9', 240806723L, datetime.datetime(2013, 5, 20, 12, 51, 36), 0.217479916605039, False, 'time']
['mtnstosea77', 202557361, 'impression', '11', 240804360L, datetime.datetime(2013, 5, 20, 12, 51, 36), 0.135631660201431, False, 'time']
['mtnstosea77', 202557361, 'impression', '1', 240822581L, datetime.datetime(2013, 5, 20, 12, 51, 36), 0.209908419898574, False, 'time']
['mtnstosea77', 202557361, 'impression', '16', 240799554L, datetime.datetime(2013, 5, 20, 12, 51, 36), 0.0793266146835747, False, 'time']
['mtnstosea77', 202557361, 'impression', '2', 240811898L, datetime.datetime(2013, 5, 20, 12, 51, 36), 0.128486930550972, False, 'time']
['mtnstosea77', 202557361, 'impression', '6', 240809328L, datetime.datetime(2013, 5, 20, 12, 51, 36), 0.113435532795179, False, 'time']
['mtnstosea77', 202557361, 'impression', '5', 240809367L, datetime.datetime(2013, 5, 20, 12, 51, 36), 0.331138067310173, True, 'time']
['mtnstosea77', 202557361, 'impression', '11', 240801401L, datetime.datetime(2013, 5, 20, 12, 53, 48), 0.136742731646314, False, 'time']
['mtnstosea77', 202557361, 'impression', '18', 240795694L, datetime.datetime(2013, 5, 20, 12, 53, 48), 0.158182926069328, False, 'time']
['mtnstosea77', 202557361, 'impression', '19', 240795603L, datetime.datetime(2013, 5, 20, 12, 53, 48), 0.0898161527480519, False, 'time']
['mtnstosea77', 202557361, 'impression', '3', 240810306L, datetime.datetime(2013, 5, 20, 12, 53, 48), 0.0816462472555297, False, 'time']
['mtnstosea77', 202557361, 'impression', '5', 240808298L, datetime.datetime(2013, 5, 20, 12, 53, 48), 0.0559101288227545, False, 'time']
['mtnstosea77', 202557361, 'impression', '8', 240805692L, datetime.datetime(2013, 5, 20, 12, 53, 48), 0.164612586303411, False, 'time']
['mtnstosea77', 202557361, 'impression', '20', 240795548L, datetime.datetime(2013, 5, 20, 12, 53, 48), 0.0208567490574514, False, 'time']
['mtnstosea77', 202557361, 'impression', '14', 240796737L, datetime.datetime(2013, 5, 20, 12, 53, 48), 0.0395561354854901, False, 'time']
['mtnstosea77', 202557361, 'impression', '4', 240809367L, datetime.datetime(2013, 5, 20, 12, 53, 48), 0.331138067310173, True, 'time']
['mtnstosea77', 202557361, 'impression', '16', 240796280L, datetime.datetime(2013, 5, 20, 12, 53, 48), 0.0551535628484675, False, 'time']
['mtnstosea77', 202557361, 'impression', '9', 240804360L, datetime.datetime(2013, 5, 20, 12, 53, 48), 0.135631660201431, False, 'time']
['mtnstosea77', 202557361, 'impression', '1', 240822581L, datetime.datetime(2013, 5, 20, 12, 53, 48), 0.209908419898574, False, 'time']
['mtnstosea77', 202557361, 'impression', '6', 240807006L, datetime.datetime(2013, 5, 20, 12, 53, 48), 0.125421286784271, False, 'time']
['mtnstosea77', 202557361, 'impression', '7', 240806723L, datetime.datetime(2013, 5, 20, 12, 53, 48), 0.217479916605039, False, 'time']
['mtnstosea77', 202557361, 'impression', '13', 240799554L, datetime.datetime(2013, 5, 20, 12, 53, 48), 0.0793266146835747, False, 'time']
['mtnstosea77', 202557361, 'impression', '2', 240811898L, datetime.datetime(2013, 5, 20, 12, 53, 48), 0.128486930550972, False, 'time']
['mtnstosea77', 202557361, 'impression', '17', 240796271L, datetime.datetime(2013, 5, 20, 12, 53, 48), 0.0381274848429222, False, 'time']
['mtnstosea77', 202557361, 'impression', '10', 240802134L, datetime.datetime(2013, 5, 20, 12, 53, 48), 0.300861742658395, False, 'time']
['mtnstosea77', 202557361, 'impression', '15', 240796407L, datetime.datetime(2013, 5, 20, 12, 53, 48), 0.05619137962723, False, 'time']
['mtnstosea77', 202557361, 'impression', '12', 240800054L, datetime.datetime(2013, 5, 20, 12, 53, 48), 0.100763886401028, False, 'time']
['mtnstosea77', 202557361, 'expand_tile', '2', 240811898L, datetime.datetime(2013, 5, 20, 12, 53, 55), 0.128486930550972, False, 'time']
['mtnstosea77', 202557361, 'view_full_application', '2', 240811898L, datetime.datetime(2013, 5, 20, 12, 54, 12), 0.128486930550972, False, 'time']
['mtnstosea77', 202557361, 'impression', '8', 240805692L, datetime.datetime(2013, 5, 20, 12, 54, 38), 0.164612586303411, False, 'time']
['mtnstosea77', 202557361, 'impression', '3', 240810306L, datetime.datetime(2013, 5, 20, 12, 54, 38), 0.0816462472555297, False, 'time']
['mtnstosea77', 202557361, 'impression', '5', 240808298L, datetime.datetime(2013, 5, 20, 12, 54, 38), 0.0559101288227545, False, 'time']
['mtnstosea77', 202557361, 'impression', '20', 240795548L, datetime.datetime(2013, 5, 20, 12, 54, 38), 0.0208567490574514, False, 'time']
['mtnstosea77', 202557361, 'impression', '14', 240796737L, datetime.datetime(2013, 5, 20, 12, 54, 38), 0.0395561354854901, False, 'time']
['mtnstosea77', 202557361, 'impression', '18', 240795694L, datetime.datetime(2013, 5, 20, 12, 54, 38), 0.158182926069328, False, 'time']
['mtnstosea77', 202557361, 'impression', '19', 240795603L, datetime.datetime(2013, 5, 20, 12, 54, 38), 0.0898161527480519, False, 'time']
['mtnstosea77', 202557361, 'impression', '2', 240811898L, datetime.datetime(2013, 5, 20, 12, 54, 38), 0.128486930550972, False, 'time']
['mtnstosea77', 202557361, 'impression', '13', 240799554L, datetime.datetime(2013, 5, 20, 12, 54, 38), 0.0793266146835747, False, 'time']
['mtnstosea77', 202557361, 'impression', '12', 240800054L, datetime.datetime(2013, 5, 20, 12, 54, 38), 0.100763886401028, False, 'time']
['mtnstosea77', 202557361, 'impression', '17', 240796271L, datetime.datetime(2013, 5, 20, 12, 54, 38), 0.0381274848429222, False, 'time']
['mtnstosea77', 202557361, 'impression', '10', 240802134L, datetime.datetime(2013, 5, 20, 12, 54, 38), 0.300861742658395, False, 'time']
['mtnstosea77', 202557361, 'impression', '15', 240796407L, datetime.datetime(2013, 5, 20, 12, 54, 38), 0.05619137962723, False, 'time']
['mtnstosea77', 202557361, 'impression', '11', 240801401L, datetime.datetime(2013, 5, 20, 12, 54, 38), 0.136742731646314, False, 'time']
['mtnstosea77', 202557361, 'impression', '6', 240807006L, datetime.datetime(2013, 5, 20, 12, 54, 38), 0.125421286784271, False, 'time']
['mtnstosea77', 202557361, 'impression', '1', 240822581L, datetime.datetime(2013, 5, 20, 12, 54, 38), 0.209908419898574, False, 'time']
['mtnstosea77', 202557361, 'impression', '16', 240796280L, datetime.datetime(2013, 5, 20, 12, 54, 38), 0.0551535628484675, False, 'time']
['mtnstosea77', 202557361, 'impression', '7', 240806723L, datetime.datetime(2013, 5, 20, 12, 54, 38), 0.217479916605039, False, 'time']
['mtnstosea77', 202557361, 'impression', '9', 240804360L, datetime.datetime(2013, 5, 20, 12, 54, 38), 0.135631660201431, False, 'time']
['mtnstosea77', 202557361, 'impression', '4', 240809367L, datetime.datetime(2013, 5, 20, 12, 54, 38), 0.331138067310173, True, 'time']
['mtnstosea77', 202557361, 'expand_tile', '3', 240810306L, datetime.datetime(2013, 5, 20, 12, 54, 43), 0.0816462472555297, False, 'time']
['mtnstosea77', 202557361, 'expand_tile', '4', 240809367L, datetime.datetime(2013, 5, 20, 12, 55), 0.331138067310173, True, 'time']
['mtnstosea77', 202557361, 'view_full_application', '4', 240809367L, datetime.datetime(2013, 5, 20, 12, 55, 9), 0.331138067310173, True, 'time']
['mtnstosea77', 202557361, 'impression', '15', 240796407L, datetime.datetime(2013, 5, 20, 13, 2, 31), 0.05619137962723, False, 'time']
['mtnstosea77', 202557361, 'impression', '12', 240800054L, datetime.datetime(2013, 5, 20, 13, 2, 31), 0.100763886401028, False, 'time']
['mtnstosea77', 202557361, 'impression', '17', 240796271L, datetime.datetime(2013, 5, 20, 13, 2, 31), 0.0381274848429222, False, 'time']
['mtnstosea77', 202557361, 'impression', '10', 240802134L, datetime.datetime(2013, 5, 20, 13, 2, 31), 0.300861742658395, False, 'time']
['mtnstosea77', 202557361, 'impression', '18', 240795694L, datetime.datetime(2013, 5, 20, 13, 2, 31), 0.158182926069328, False, 'time']
['mtnstosea77', 202557361, 'impression', '19', 240795603L, datetime.datetime(2013, 5, 20, 13, 2, 31), 0.0898161527480519, False, 'time']
['mtnstosea77', 202557361, 'impression', '11', 240801401L, datetime.datetime(2013, 5, 20, 13, 2, 31), 0.136742731646314, False, 'time']
['mtnstosea77', 202557361, 'impression', '4', 240809367L, datetime.datetime(2013, 5, 20, 13, 2, 31), 0.331138067310173, True, 'time']
['mtnstosea77', 202557361, 'impression', '5', 240808298L, datetime.datetime(2013, 5, 20, 13, 2, 31), 0.0559101288227545, False, 'time']
['mtnstosea77', 202557361, 'impression', '8', 240805692L, datetime.datetime(2013, 5, 20, 13, 2, 31), 0.164612586303411, False, 'time']
['mtnstosea77', 202557361, 'impression', '3', 240810306L, datetime.datetime(2013, 5, 20, 13, 2, 31), 0.0816462472555297, False, 'time']
['mtnstosea77', 202557361, 'impression', '20', 240795548L, datetime.datetime(2013, 5, 20, 13, 2, 31), 0.0208567490574514, False, 'time']
['mtnstosea77', 202557361, 'impression', '14', 240796737L, datetime.datetime(2013, 5, 20, 13, 2, 31), 0.0395561354854901, False, 'time']
['mtnstosea77', 202557361, 'impression', '13', 240799554L, datetime.datetime(2013, 5, 20, 13, 2, 31), 0.0793266146835747, False, 'time']
['mtnstosea77', 202557361, 'impression', '2', 240811898L, datetime.datetime(2013, 5, 20, 13, 2, 31), 0.128486930550972, False, 'time']
['mtnstosea77', 202557361, 'impression', '16', 240796280L, datetime.datetime(2013, 5, 20, 13, 2, 31), 0.0551535628484675, False, 'time']
['mtnstosea77', 202557361, 'impression', '9', 240804360L, datetime.datetime(2013, 5, 20, 13, 2, 31), 0.135631660201431, False, 'time']
['mtnstosea77', 202557361, 'impression', '1', 240822581L, datetime.datetime(2013, 5, 20, 13, 2, 31), 0.209908419898574, False, 'time']
['mtnstosea77', 202557361, 'impression', '7', 240806723L, datetime.datetime(2013, 5, 20, 13, 2, 31), 0.217479916605039, False, 'time']
['mtnstosea77', 202557361, 'impression', '6', 240807006L, datetime.datetime(2013, 5, 20, 13, 2, 31), 0.125421286784271, False, 'time']
['mtnstosea77', 202557361, 'expand_tile', '1', 240822581L, datetime.datetime(2013, 5, 20, 13, 2, 42), 0.209908419898574, False, 'time']
['mtnstosea77', 202557361, 'expand_tile', '7', 240806723L, datetime.datetime(2013, 5, 20, 13, 3), 0.217479916605039, False, 'time']
['mtnstosea77', 202557361, 'impression', '7', 240806723L, datetime.datetime(2013, 5, 20, 13, 3, 6), 0.217479916605039, False, 'time']
['mtnstosea77', 202557361, 'expand_tile', '7', 240806723L, datetime.datetime(2013, 5, 20, 13, 3, 6), 0.217479916605039, False, 'time']
['mtnstosea77', 202557361, 'shortlist', '7', 240806723L, datetime.datetime(2013, 5, 20, 13, 3, 6), 0.217479916605039, False, 'time']
['mtnstosea77', 202557361, 'expand_tile', '8', 240805692L, datetime.datetime(2013, 5, 20, 13, 3, 20), 0.164612586303411, False, 'time']
['mtnstosea77', 202557361, 'expand_tile', '8', 240805692L, datetime.datetime(2013, 5, 20, 13, 3, 30), 0.164612586303411, False, 'time']
['mtnstosea77', 202557361, 'shortlist', '8', 240805692L, datetime.datetime(2013, 5, 20, 13, 3, 30), 0.164612586303411, False, 'time']
['mtnstosea77', 202557361, 'impression', None, 240805692L, datetime.datetime(2013, 5, 20, 13, 3, 30), 0.164612586303411, False, 'time']
['mtnstosea77', 202557361, 'impression', '8', 240805692L, datetime.datetime(2013, 5, 20, 13, 3, 30), 0.164612586303411, False, 'time']
['mtnstosea77', 202557361, 'expand_tile', '10', 240802134L, datetime.datetime(2013, 5, 20, 13, 3, 50), 0.300861742658395, False, 'time']
['mtnstosea77', 202557361, 'expand_tile', '9', 240804360L, datetime.datetime(2013, 5, 20, 13, 4, 6), 0.135631660201431, False, 'time']
['mtnstosea77', 202557361, 'shortlist', '9', 240804360L, datetime.datetime(2013, 5, 20, 13, 4, 14), 0.135631660201431, False, 'time']
['mtnstosea77', 202557361, 'expand_tile', '9', 240804360L, datetime.datetime(2013, 5, 20, 13, 4, 14), 0.135631660201431, False, 'time']
['mtnstosea77', 202557361, 'view_full_application', '10', 240802134L, datetime.datetime(2013, 5, 20, 13, 4, 19), 0.300861742658395, False, 'time']
['mtnstosea77', 202557361, 'impression', '11', 240801401L, datetime.datetime(2013, 5, 20, 13, 5, 13), 0.136742731646314, False, 'time']
['mtnstosea77', 202557361, 'impression', '13', 240799554L, datetime.datetime(2013, 5, 20, 13, 5, 13), 0.0793266146835747, False, 'time']
['mtnstosea77', 202557361, 'impression', '2', 240811898L, datetime.datetime(2013, 5, 20, 13, 5, 13), 0.128486930550972, False, 'time']
['mtnstosea77', 202557361, 'impression', '17', 240796271L, datetime.datetime(2013, 5, 20, 13, 5, 13), 0.0381274848429222, False, 'time']
['mtnstosea77', 202557361, 'impression', '15', 240796407L, datetime.datetime(2013, 5, 20, 13, 5, 13), 0.05619137962723, False, 'time']
['mtnstosea77', 202557361, 'impression', '12', 240800054L, datetime.datetime(2013, 5, 20, 13, 5, 13), 0.100763886401028, False, 'time']
['mtnstosea77', 202557361, 'impression', '10', 240802134L, datetime.datetime(2013, 5, 20, 13, 5, 13), 0.300861742658395, False, 'time']
['mtnstosea77', 202557361, 'impression', '18', 240795694L, datetime.datetime(2013, 5, 20, 13, 5, 13), 0.158182926069328, False, 'time']
['mtnstosea77', 202557361, 'impression', '19', 240795603L, datetime.datetime(2013, 5, 20, 13, 5, 13), 0.0898161527480519, False, 'time']
['mtnstosea77', 202557361, 'impression', '4', 240809367L, datetime.datetime(2013, 5, 20, 13, 5, 13), 0.331138067310173, True, 'time']
['mtnstosea77', 202557361, 'impression', '7', 240806723L, datetime.datetime(2013, 5, 20, 13, 5, 13), 0.217479916605039, False, 'time']
['mtnstosea77', 202557361, 'impression', '9', 240804360L, datetime.datetime(2013, 5, 20, 13, 5, 13), 0.135631660201431, False, 'time']
['mtnstosea77', 202557361, 'impression', '6', 240807006L, datetime.datetime(2013, 5, 20, 13, 5, 13), 0.125421286784271, False, 'time']
['mtnstosea77', 202557361, 'impression', '1', 240822581L, datetime.datetime(2013, 5, 20, 13, 5, 13), 0.209908419898574, False, 'time']
['mtnstosea77', 202557361, 'impression', '16', 240796280L, datetime.datetime(2013, 5, 20, 13, 5, 13), 0.0551535628484675, False, 'time']
['mtnstosea77', 202557361, 'impression', '14', 240796737L, datetime.datetime(2013, 5, 20, 13, 5, 13), 0.0395561354854901, False, 'time']
['mtnstosea77', 202557361, 'impression', '3', 240810306L, datetime.datetime(2013, 5, 20, 13, 5, 13), 0.0816462472555297, False, 'time']
['mtnstosea77', 202557361, 'impression', '20', 240795548L, datetime.datetime(2013, 5, 20, 13, 5, 13), 0.0208567490574514, False, 'time']
['mtnstosea77', 202557361, 'impression', '5', 240808298L, datetime.datetime(2013, 5, 20, 13, 5, 13), 0.0559101288227545, False, 'time']
['mtnstosea77', 202557361, 'impression', '8', 240805692L, datetime.datetime(2013, 5, 20, 13, 5, 13), 0.164612586303411, False, 'time']
['mtnstosea77', 202557361, 'impression', '12', 240800054L, datetime.datetime(2013, 5, 20, 13, 5, 25), 0.100763886401028, False, 'time']
['mtnstosea77', 202557361, 'expand_tile', '12', 240800054L, datetime.datetime(2013, 5, 20, 13, 5, 27), 0.100763886401028, False, 'time']
['mtnstosea77', 202557361, 'shortlist', '12', 240800054L, datetime.datetime(2013, 5, 20, 13, 5, 47), 0.100763886401028, False, 'time']
['mtnstosea77', 202557361, 'expand_tile', '12', 240800054L, datetime.datetime(2013, 5, 20, 13, 5, 47), 0.100763886401028, False, 'time']
['mtnstosea77', 202557361, 'expand_tile', '14', 240796737L, datetime.datetime(2013, 5, 20, 13, 6), 0.0395561354854901, False, 'time']
['mtnstosea77', 202557361, 'view_full_application', '14', 240796737L, datetime.datetime(2013, 5, 20, 13, 6, 17), 0.0395561354854901, False, 'time']
['mtnstosea77', 202557361, 'impression', '19', 240796280L, datetime.datetime(2013, 5, 20, 13, 35, 26), 0.0551535628484675, False, 'time']
['mtnstosea77', 202557361, 'impression', '8', 240807006L, datetime.datetime(2013, 5, 20, 13, 35, 26), 0.125421286784271, False, 'time']
['mtnstosea77', 202557361, 'impression', '11', 240804360L, datetime.datetime(2013, 5, 20, 13, 35, 26), 0.135631660201431, False, 'time']
['mtnstosea77', 202557361, 'impression', '1', 240822581L, datetime.datetime(2013, 5, 20, 13, 35, 26), 0.209908419898574, False, 'time']
['mtnstosea77', 202557361, 'impression', '9', 240806723L, datetime.datetime(2013, 5, 20, 13, 35, 26), 0.217479916605039, False, 'time']
['mtnstosea77', 202557361, 'impression', '2', 240811898L, datetime.datetime(2013, 5, 20, 13, 35, 26), 0.128486930550972, False, 'time']
['mtnstosea77', 202557361, 'impression', '6', 240809328L, datetime.datetime(2013, 5, 20, 13, 35, 26), 0.113435532795179, False, 'time']
['mtnstosea77', 202557361, 'impression', '16', 240799554L, datetime.datetime(2013, 5, 20, 13, 35, 26), 0.0793266146835747, False, 'time']
['mtnstosea77', 202557361, 'impression', '14', 240801401L, datetime.datetime(2013, 5, 20, 13, 35, 26), 0.136742731646314, False, 'time']
['mtnstosea77', 202557361, 'impression', '13', 240801971L, datetime.datetime(2013, 5, 20, 13, 35, 26), 0.279158655711785, False, 'time']
['mtnstosea77', 202557361, 'impression', '4', 240810306L, datetime.datetime(2013, 5, 20, 13, 35, 26), 0.0816462472555297, False, 'time']
['mtnstosea77', 202557361, 'impression', '10', 240805692L, datetime.datetime(2013, 5, 20, 13, 35, 26), 0.164612586303411, False, 'time']
['mtnstosea77', 202557361, 'impression', '17', 240796737L, datetime.datetime(2013, 5, 20, 13, 35, 26), 0.0395561354854901, False, 'time']
['mtnstosea77', 202557361, 'impression', '7', 240808298L, datetime.datetime(2013, 5, 20, 13, 35, 26), 0.0559101288227545, False, 'time']
['mtnstosea77', 202557361, 'impression', '5', 240809367L, datetime.datetime(2013, 5, 20, 13, 35, 26), 0.331138067310173, True, 'time']
['mtnstosea77', 202557361, 'impression', '20', 240796271L, datetime.datetime(2013, 5, 20, 13, 35, 26), 0.0381274848429222, False, 'time']
['mtnstosea77', 202557361, 'impression', '12', 240802134L, datetime.datetime(2013, 5, 20, 13, 35, 26), 0.300861742658395, False, 'time']
['mtnstosea77', 202557361, 'impression', '18', 240796407L, datetime.datetime(2013, 5, 20, 13, 35, 26), 0.05619137962723, False, 'time']
['mtnstosea77', 202557361, 'impression', '3', 240811896L, datetime.datetime(2013, 5, 20, 13, 35, 26), 0.00423744069929005, False, 'time']
['mtnstosea77', 202557361, 'impression', '15', 240800054L, datetime.datetime(2013, 5, 20, 13, 35, 26), 0.100763886401028, False, 'time']
['mtnstosea77', 202557361, 'impression', '15', 240796407L, datetime.datetime(2013, 5, 20, 13, 35, 35), 0.05619137962723, False, 'time']
['mtnstosea77', 202557361, 'impression', '12', 240800054L, datetime.datetime(2013, 5, 20, 13, 35, 35), 0.100763886401028, False, 'time']
['mtnstosea77', 202557361, 'impression', '17', 240796271L, datetime.datetime(2013, 5, 20, 13, 35, 35), 0.0381274848429222, False, 'time']
['mtnstosea77', 202557361, 'impression', '10', 240802134L, datetime.datetime(2013, 5, 20, 13, 35, 35), 0.300861742658395, False, 'time']
['mtnstosea77', 202557361, 'impression', '4', 240809367L, datetime.datetime(2013, 5, 20, 13, 35, 35), 0.331138067310173, True, 'time']
['mtnstosea77', 202557361, 'impression', '16', 240796280L, datetime.datetime(2013, 5, 20, 13, 35, 35), 0.0551535628484675, False, 'time']
['mtnstosea77', 202557361, 'impression', '1', 240822581L, datetime.datetime(2013, 5, 20, 13, 35, 35), 0.209908419898574, False, 'time']
['mtnstosea77', 202557361, 'impression', '6', 240807006L, datetime.datetime(2013, 5, 20, 13, 35, 35), 0.125421286784271, False, 'time']
['mtnstosea77', 202557361, 'impression', '7', 240806723L, datetime.datetime(2013, 5, 20, 13, 35, 35), 0.217479916605039, False, 'time']
['mtnstosea77', 202557361, 'impression', '9', 240804360L, datetime.datetime(2013, 5, 20, 13, 35, 35), 0.135631660201431, False, 'time']
['mtnstosea77', 202557361, 'impression', '11', 240801401L, datetime.datetime(2013, 5, 20, 13, 35, 35), 0.136742731646314, False, 'time']
['mtnstosea77', 202557361, 'impression', '3', 240810306L, datetime.datetime(2013, 5, 20, 13, 35, 35), 0.0816462472555297, False, 'time']
['mtnstosea77', 202557361, 'impression', '8', 240805692L, datetime.datetime(2013, 5, 20, 13, 35, 35), 0.164612586303411, False, 'time']
['mtnstosea77', 202557361, 'impression', '5', 240808298L, datetime.datetime(2013, 5, 20, 13, 35, 35), 0.0559101288227545, False, 'time']
['mtnstosea77', 202557361, 'impression', '20', 240795548L, datetime.datetime(2013, 5, 20, 13, 35, 35), 0.0208567490574514, False, 'time']
['mtnstosea77', 202557361, 'impression', '14', 240796737L, datetime.datetime(2013, 5, 20, 13, 35, 35), 0.0395561354854901, False, 'time']
['mtnstosea77', 202557361, 'impression', '19', 240795603L, datetime.datetime(2013, 5, 20, 13, 35, 35), 0.0898161527480519, False, 'time']
['mtnstosea77', 202557361, 'impression', '18', 240795694L, datetime.datetime(2013, 5, 20, 13, 35, 35), 0.158182926069328, False, 'time']
['mtnstosea77', 202557361, 'impression', '2', 240811898L, datetime.datetime(2013, 5, 20, 13, 35, 35), 0.128486930550972, False, 'time']
['mtnstosea77', 202557361, 'impression', '13', 240799554L, datetime.datetime(2013, 5, 20, 13, 35, 35), 0.0793266146835747, False, 'time']

['mtnstosea77', 202557361, 'impression', '18', 240796407L, datetime.datetime(2013, 5, 20, 15, 8, 50), 0.05619137962723, False, 'time']
['mtnstosea77', 202557361, 'impression', '15', 240800054L, datetime.datetime(2013, 5, 20, 15, 8, 50), 0.100763886401028, False, 'time']
['mtnstosea77', 202557361, 'impression', '12', 240802134L, datetime.datetime(2013, 5, 20, 15, 8, 50), 0.300861742658395, False, 'time']
['mtnstosea77', 202557361, 'impression', '3', 240811896L, datetime.datetime(2013, 5, 20, 15, 8, 50), 0.00423744069929005, False, 'time']
['mtnstosea77', 202557361, 'impression', '20', 240796271L, datetime.datetime(2013, 5, 20, 15, 8, 50), 0.0381274848429222, False, 'time']
['mtnstosea77', 202557361, 'impression', '2', 240811898L, datetime.datetime(2013, 5, 20, 15, 8, 50), 0.128486930550972, False, 'time']
['mtnstosea77', 202557361, 'impression', '16', 240799554L, datetime.datetime(2013, 5, 20, 15, 8, 50), 0.0793266146835747, False, 'time']
['mtnstosea77', 202557361, 'impression', '6', 240809328L, datetime.datetime(2013, 5, 20, 15, 8, 50), 0.113435532795179, False, 'time']
['mtnstosea77', 202557361, 'impression', '17', 240796737L, datetime.datetime(2013, 5, 20, 15, 8, 50), 0.0395561354854901, False, 'time']
['mtnstosea77', 202557361, 'impression', '10', 240805692L, datetime.datetime(2013, 5, 20, 15, 8, 50), 0.164612586303411, False, 'time']
['mtnstosea77', 202557361, 'impression', '4', 240810306L, datetime.datetime(2013, 5, 20, 15, 8, 50), 0.0816462472555297, False, 'time']
['mtnstosea77', 202557361, 'impression', '7', 240808298L, datetime.datetime(2013, 5, 20, 15, 8, 50), 0.0559101288227545, False, 'time']
['mtnstosea77', 202557361, 'impression', '11', 240804360L, datetime.datetime(2013, 5, 20, 15, 8, 50), 0.135631660201431, False, 'time']
['mtnstosea77', 202557361, 'impression', '1', 240822581L, datetime.datetime(2013, 5, 20, 15, 8, 50), 0.209908419898574, False, 'time']
['mtnstosea77', 202557361, 'impression', '9', 240806723L, datetime.datetime(2013, 5, 20, 15, 8, 50), 0.217479916605039, False, 'time']
['mtnstosea77', 202557361, 'impression', '19', 240796280L, datetime.datetime(2013, 5, 20, 15, 8, 50), 0.0551535628484675, False, 'time']
['mtnstosea77', 202557361, 'impression', '8', 240807006L, datetime.datetime(2013, 5, 20, 15, 8, 50), 0.125421286784271, False, 'time']
['mtnstosea77', 202557361, 'impression', '13', 240801971L, datetime.datetime(2013, 5, 20, 15, 8, 50), 0.279158655711785, False, 'time']
['mtnstosea77', 202557361, 'impression', '14', 240801401L, datetime.datetime(2013, 5, 20, 15, 8, 50), 0.136742731646314, False, 'time']
['mtnstosea77', 202557361, 'impression', '5', 240809367L, datetime.datetime(2013, 5, 20, 15, 8, 50), 0.331138067310173, True, 'time']
['mtnstosea77', 202557361, 'expand_tile', '3', 240811896L, datetime.datetime(2013, 5, 20, 15, 9, 3), 0.00423744069929005, False, 'time']
['mtnstosea77', 202557361, 'expand_tile', '14', 240801401L, datetime.datetime(2013, 5, 20, 15, 9, 31), 0.136742731646314, False, 'time']
['mtnstosea77', 202557361, 'impression', '14', 240801401L, datetime.datetime(2013, 5, 20, 15, 9, 41), 0.136742731646314, False, 'time']
['mtnstosea77', 202557361, 'expand_tile', '13', 240801971L, datetime.datetime(2013, 5, 20, 15, 9, 42), 0.279158655711785, False, 'time']
['mtnstosea77', 202557361, 'impression', '10', 240805692L, datetime.datetime(2013, 5, 20, 15, 11, 47), 0.164612586303411, False, 'time']
['mtnstosea77', 202557361, 'impression', '4', 240810306L, datetime.datetime(2013, 5, 20, 15, 11, 47), 0.0816462472555297, False, 'time']
['mtnstosea77', 202557361, 'impression', '17', 240796737L, datetime.datetime(2013, 5, 20, 15, 11, 47), 0.0395561354854901, False, 'time']
['mtnstosea77', 202557361, 'impression', '7', 240808298L, datetime.datetime(2013, 5, 20, 15, 11, 47), 0.0559101288227545, False, 'time']
['mtnstosea77', 202557361, 'impression', '19', 240796280L, datetime.datetime(2013, 5, 20, 15, 11, 47), 0.0551535628484675, False, 'time']
['mtnstosea77', 202557361, 'impression', '1', 240822581L, datetime.datetime(2013, 5, 20, 15, 11, 47), 0.209908419898574, False, 'time']
['mtnstosea77', 202557361, 'impression', '8', 240807006L, datetime.datetime(2013, 5, 20, 15, 11, 47), 0.125421286784271, False, 'time']
['mtnstosea77', 202557361, 'impression', '9', 240806723L, datetime.datetime(2013, 5, 20, 15, 11, 47), 0.217479916605039, False, 'time']
['mtnstosea77', 202557361, 'impression', '11', 240804360L, datetime.datetime(2013, 5, 20, 15, 11, 47), 0.135631660201431, False, 'time']
['mtnstosea77', 202557361, 'impression', '13', 240801971L, datetime.datetime(2013, 5, 20, 15, 11, 47), 0.279158655711785, False, 'time']
['mtnstosea77', 202557361, 'impression', '14', 240801401L, datetime.datetime(2013, 5, 20, 15, 11, 47), 0.136742731646314, False, 'time']
['mtnstosea77', 202557361, 'impression', '2', 240811898L, datetime.datetime(2013, 5, 20, 15, 11, 47), 0.128486930550972, False, 'time']
['mtnstosea77', 202557361, 'impression', '16', 240799554L, datetime.datetime(2013, 5, 20, 15, 11, 47), 0.0793266146835747, False, 'time']
['mtnstosea77', 202557361, 'impression', '6', 240809328L, datetime.datetime(2013, 5, 20, 15, 11, 47), 0.113435532795179, False, 'time']
['mtnstosea77', 202557361, 'impression', '18', 240796407L, datetime.datetime(2013, 5, 20, 15, 11, 47), 0.05619137962723, False, 'time']
['mtnstosea77', 202557361, 'impression', '20', 240796271L, datetime.datetime(2013, 5, 20, 15, 11, 47), 0.0381274848429222, False, 'time']
['mtnstosea77', 202557361, 'impression', '15', 240800054L, datetime.datetime(2013, 5, 20, 15, 11, 47), 0.100763886401028, False, 'time']
['mtnstosea77', 202557361, 'impression', '12', 240802134L, datetime.datetime(2013, 5, 20, 15, 11, 47), 0.300861742658395, False, 'time']
['mtnstosea77', 202557361, 'impression', '3', 240811896L, datetime.datetime(2013, 5, 20, 15, 11, 47), 0.00423744069929005, False, 'time']
['mtnstosea77', 202557361, 'impression', '5', 240809367L, datetime.datetime(2013, 5, 20, 15, 11, 47), 0.331138067310173, True, 'time']
['mtnstosea77', 202557361, 'impression', '2', 240811898L, datetime.datetime(2013, 5, 20, 15, 12, 14), 0.128486930550972, False, 'time']
['mtnstosea77', 202557361, 'impression', '3', 240811896L, datetime.datetime(2013, 5, 20, 15, 12, 24), 0.00423744069929005, False, 'time']
['mtnstosea77', 202557361, 'impression', '1', 240822581L, datetime.datetime(2013, 5, 20, 15, 12, 26), 0.209908419898574, False, 'time']
['mtnstosea77', 202557361, 'expand_tile', '1', 240822581L, datetime.datetime(2013, 5, 20, 15, 12, 30), 0.209908419898574, False, 'time']
['mtnstosea77', 202557361, 'impression', '1', 240822581L, datetime.datetime(2013, 5, 20, 15, 12, 38), 0.209908419898574, False, 'time']
['mtnstosea77', 202557361, 'expand_tile', '1', 240822581L, datetime.datetime(2013, 5, 20, 15, 12, 45), 0.209908419898574, False, 'time']
['mtnstosea77', 202557361, 'expand_tile', '6', 240809328L, datetime.datetime(2013, 5, 20, 15, 13, 9), 0.113435532795179, False, 'time']
['mtnstosea77', 202557361, 'collapse_tile', '6', 240809328L, datetime.datetime(2013, 5, 20, 15, 13, 14), 0.113435532795179, False, 'time']
['mtnstosea77', 202557361, 'impression', '8', 240807006L, datetime.datetime(2013, 5, 20, 15, 13, 15), 0.125421286784271, False, 'time']
['mtnstosea77', 202557361, 'impression', '12', 240802134L, datetime.datetime(2013, 5, 20, 15, 13, 27), 0.300861742658395, False, 'time']
['mtnstosea77', 202557361, 'impression', '12', 240802134L, datetime.datetime(2013, 5, 20, 15, 13, 34), 0.300861742658395, False, 'time']
['mtnstosea77', 202557361, 'impression', '11', 240804360L, datetime.datetime(2013, 5, 20, 15, 13, 40), 0.135631660201431, False, 'time']
['mtnstosea77', 202557361, 'expand_tile', '12', 240802134L, datetime.datetime(2013, 5, 20, 15, 13, 47), 0.300861742658395, False, 'time']
['mtnstosea77', 202557361, 'impression', '5', 240808298L, datetime.datetime(2013, 5, 20, 15, 24, 38), 0.0559101288227545, False, 'time']
['mtnstosea77', 202557361, 'impression', '8', 240805692L, datetime.datetime(2013, 5, 20, 15, 24, 38), 0.164612586303411, False, 'time']
['mtnstosea77', 202557361, 'impression', '15', 240796737L, datetime.datetime(2013, 5, 20, 15, 24, 38), 0.0395561354854901, False, 'time']
['mtnstosea77', 202557361, 'impression', '2', 240810306L, datetime.datetime(2013, 5, 20, 15, 24, 38), 0.0816462472555297, False, 'time']
['mtnstosea77', 202557361, 'impression', '16', 240796407L, datetime.datetime(2013, 5, 20, 15, 24, 38), 0.05619137962723, False, 'time']
['mtnstosea77', 202557361, 'impression', '1', 240811896L, datetime.datetime(2013, 5, 20, 15, 24, 38), 0.00423744069929005, False, 'time']
['mtnstosea77', 202557361, 'impression', '13', 240800054L, datetime.datetime(2013, 5, 20, 15, 24, 38), 0.100763886401028, False, 'time']
['mtnstosea77', 202557361, 'impression', '10', 240802134L, datetime.datetime(2013, 5, 20, 15, 24, 38), 0.300861742658395, False, 'time']
['mtnstosea77', 202557361, 'impression', '18', 240796271L, datetime.datetime(2013, 5, 20, 15, 24, 38), 0.0381274848429222, False, 'time']
['mtnstosea77', 202557361, 'impression', '6', 240807006L, datetime.datetime(2013, 5, 20, 15, 24, 38), 0.125421286784271, False, 'time']
['mtnstosea77', 202557361, 'impression', '7', 240806723L, datetime.datetime(2013, 5, 20, 15, 24, 38), 0.217479916605039, False, 'time']
['mtnstosea77', 202557361, 'impression', '17', 240796280L, datetime.datetime(2013, 5, 20, 15, 24, 38), 0.0551535628484675, False, 'time']
['mtnstosea77', 202557361, 'impression', '9', 240804360L, datetime.datetime(2013, 5, 20, 15, 24, 38), 0.135631660201431, False, 'time']
['mtnstosea77', 202557361, 'impression', '20', 240795603L, datetime.datetime(2013, 5, 20, 15, 24, 38), 0.0898161527480519, False, 'time']
['mtnstosea77', 202557361, 'impression', '19', 240795694L, datetime.datetime(2013, 5, 20, 15, 24, 38), 0.158182926069328, False, 'time']
['mtnstosea77', 202557361, 'impression', '3', 240809367L, datetime.datetime(2013, 5, 20, 15, 24, 38), 0.331138067310173, True, 'time']
['mtnstosea77', 202557361, 'impression', '11', 240801971L, datetime.datetime(2013, 5, 20, 15, 24, 38), 0.279158655711785, False, 'time']
['mtnstosea77', 202557361, 'impression', '12', 240801401L, datetime.datetime(2013, 5, 20, 15, 24, 38), 0.136742731646314, False, 'time']
['mtnstosea77', 202557361, 'impression', '4', 240809328L, datetime.datetime(2013, 5, 20, 15, 24, 38), 0.113435532795179, False, 'time']
['mtnstosea77', 202557361, 'impression', '14', 240799554L, datetime.datetime(2013, 5, 20, 15, 24, 38), 0.0793266146835747, False, 'time']
['mtnstosea77', 202557361, 'expand_tile', '14', 240799554L, datetime.datetime(2013, 5, 20, 15, 24, 59), 0.0793266146835747, False, 'time']
['mtnstosea77', 202557361, 'impression', '14', 240799554L, datetime.datetime(2013, 5, 20, 15, 25, 1), 0.0793266146835747, False, 'time']
['mtnstosea77', 202557361, 'impression', '14', 240799554L, datetime.datetime(2013, 5, 20, 15, 25, 4), 0.0793266146835747, False, 'time']
['mtnstosea77', 202557361, 'expand_tile', '14', 240799554L, datetime.datetime(2013, 5, 20, 15, 25, 5), 0.0793266146835747, False, 'time']

['mtnstosea77', 202557361, 'impression', '4', 240810306L, datetime.datetime(2013, 5, 20, 16, 7, 50), 0.0816462472555297, False, 'time']
['mtnstosea77', 202557361, 'impression', '10', 240805692L, datetime.datetime(2013, 5, 20, 16, 7, 50), 0.164612586303411, False, 'time']
['mtnstosea77', 202557361, 'impression', '16', 240796737L, datetime.datetime(2013, 5, 20, 16, 7, 50), 0.0395561354854901, False, 'time']
['mtnstosea77', 202557361, 'impression', '7', 240808298L, datetime.datetime(2013, 5, 20, 16, 7, 50), 0.0559101288227545, False, 'time']
['mtnstosea77', 202557361, 'impression', '5', 240809367L, datetime.datetime(2013, 5, 20, 16, 7, 50), 0.331138067310173, True, 'time']
['mtnstosea77', 202557361, 'impression', '19', 240796271L, datetime.datetime(2013, 5, 20, 16, 7, 50), 0.0381274848429222, False, 'time']
['mtnstosea77', 202557361, 'impression', '12', 240802134L, datetime.datetime(2013, 5, 20, 16, 7, 50), 0.300861742658395, False, 'time']
['mtnstosea77', 202557361, 'impression', '3', 240811896L, datetime.datetime(2013, 5, 20, 16, 7, 50), 0.00423744069929005, False, 'time']
['mtnstosea77', 202557361, 'impression', '17', 240796407L, datetime.datetime(2013, 5, 20, 16, 7, 50), 0.05619137962723, False, 'time']
['mtnstosea77', 202557361, 'impression', '15', 240800054L, datetime.datetime(2013, 5, 20, 16, 7, 50), 0.100763886401028, False, 'time']
['mtnstosea77', 202557361, 'impression', '20', 240795694L, datetime.datetime(2013, 5, 20, 16, 7, 50), 0.158182926069328, False, 'time']
['mtnstosea77', 202557361, 'impression', '13', 240801971L, datetime.datetime(2013, 5, 20, 16, 7, 50), 0.279158655711785, False, 'time']
['mtnstosea77', 202557361, 'impression', '2', 240843240L, datetime.datetime(2013, 5, 20, 16, 7, 50), 0.0844362455231181, False, 'time']
['mtnstosea77', 202557361, 'impression', '1', 240844758L, datetime.datetime(2013, 5, 20, 16, 7, 50), 0.085401022697576, False, 'time']
['mtnstosea77', 202557361, 'impression', '14', 240801401L, datetime.datetime(2013, 5, 20, 16, 7, 50), 0.136742731646314, False, 'time']
['mtnstosea77', 202557361, 'impression', '6', 240809328L, datetime.datetime(2013, 5, 20, 16, 7, 50), 0.113435532795179, False, 'time']
['mtnstosea77', 202557361, 'impression', '11', 240804360L, datetime.datetime(2013, 5, 20, 16, 7, 50), 0.135631660201431, False, 'time']
['mtnstosea77', 202557361, 'impression', '18', 240796280L, datetime.datetime(2013, 5, 20, 16, 7, 50), 0.0551535628484675, False, 'time']
['mtnstosea77', 202557361, 'impression', '9', 240806723L, datetime.datetime(2013, 5, 20, 16, 7, 50), 0.217479916605039, False, 'time']
['mtnstosea77', 202557361, 'impression', '8', 240807006L, datetime.datetime(2013, 5, 20, 16, 7, 50), 0.125421286784271, False, 'time']
['mtnstosea77', 202557361, 'expand_tile', '1', 240844758L, datetime.datetime(2013, 5, 20, 16, 8), 0.085401022697576, False, 'time']
['mtnstosea77', 202557361, 'expand_tile', '2', 240843240L, datetime.datetime(2013, 5, 20, 16, 8, 9), 0.0844362455231181, False, 'time']
['mtnstosea77', 202557361, 'impression', '6', 240809328L, datetime.datetime(2013, 5, 20, 16, 8, 50), 0.113435532795179, False, 'time']
['mtnstosea77', 202557361, 'impression', '20', 240795694L, datetime.datetime(2013, 5, 20, 16, 8, 50), 0.158182926069328, False, 'time']
['mtnstosea77', 202557361, 'impression', '10', 240805692L, datetime.datetime(2013, 5, 20, 16, 8, 50), 0.164612586303411, False, 'time']
['mtnstosea77', 202557361, 'impression', '7', 240808298L, datetime.datetime(2013, 5, 20, 16, 8, 50), 0.0559101288227545, False, 'time']
['mtnstosea77', 202557361, 'impression', '16', 240796737L, datetime.datetime(2013, 5, 20, 16, 8, 50), 0.0395561354854901, False, 'time']
['mtnstosea77', 202557361, 'impression', '4', 240810306L, datetime.datetime(2013, 5, 20, 16, 8, 50), 0.0816462472555297, False, 'time']
['mtnstosea77', 202557361, 'impression', '5', 240809367L, datetime.datetime(2013, 5, 20, 16, 8, 50), 0.331138067310173, True, 'time']
['mtnstosea77', 202557361, 'impression', '18', 240796280L, datetime.datetime(2013, 5, 20, 16, 8, 50), 0.0551535628484675, False, 'time']
['mtnstosea77', 202557361, 'impression', '11', 240804360L, datetime.datetime(2013, 5, 20, 16, 8, 50), 0.135631660201431, False, 'time']
['mtnstosea77', 202557361, 'impression', '8', 240807006L, datetime.datetime(2013, 5, 20, 16, 8, 50), 0.125421286784271, False, 'time']
['mtnstosea77', 202557361, 'impression', '9', 240806723L, datetime.datetime(2013, 5, 20, 16, 8, 50), 0.217479916605039, False, 'time']
['mtnstosea77', 202557361, 'impression', '3', 240811896L, datetime.datetime(2013, 5, 20, 16, 8, 50), 0.00423744069929005, False, 'time']
['mtnstosea77', 202557361, 'impression', '17', 240796407L, datetime.datetime(2013, 5, 20, 16, 8, 50), 0.05619137962723, False, 'time']
['mtnstosea77', 202557361, 'impression', '12', 240802134L, datetime.datetime(2013, 5, 20, 16, 8, 50), 0.300861742658395, False, 'time']
['mtnstosea77', 202557361, 'impression', '15', 240800054L, datetime.datetime(2013, 5, 20, 16, 8, 50), 0.100763886401028, False, 'time']
['mtnstosea77', 202557361, 'impression', '19', 240796271L, datetime.datetime(2013, 5, 20, 16, 8, 50), 0.0381274848429222, False, 'time']
['mtnstosea77', 202557361, 'impression', '2', 240843240L, datetime.datetime(2013, 5, 20, 16, 8, 50), 0.0844362455231181, False, 'time']
['mtnstosea77', 202557361, 'impression', '1', 240844758L, datetime.datetime(2013, 5, 20, 16, 8, 50), 0.085401022697576, False, 'time']
['mtnstosea77', 202557361, 'impression', '13', 240801971L, datetime.datetime(2013, 5, 20, 16, 8, 50), 0.279158655711785, False, 'time']
['mtnstosea77', 202557361, 'impression', '14', 240801401L, datetime.datetime(2013, 5, 20, 16, 8, 50), 0.136742731646314, False, 'time']
['mtnstosea77', 202557361, 'impression', '12', 240801971L, datetime.datetime(2013, 5, 20, 16, 23), 0.279158655711785, False, 'time']
['mtnstosea77', 202557361, 'impression', '2', 240843240L, datetime.datetime(2013, 5, 20, 16, 23), 0.0844362455231181, False, 'time']
['mtnstosea77', 202557361, 'impression', '13', 240801401L, datetime.datetime(2013, 5, 20, 16, 23), 0.136742731646314, False, 'time']
['mtnstosea77', 202557361, 'impression', '1', 240844758L, datetime.datetime(2013, 5, 20, 16, 23), 0.085401022697576, False, 'time']
['mtnstosea77', 202557361, 'impression', '4', 240810306L, datetime.datetime(2013, 5, 20, 16, 23), 0.0816462472555297, False, 'time']
['mtnstosea77', 202557361, 'impression', '7', 240808298L, datetime.datetime(2013, 5, 20, 16, 23), 0.0559101288227545, False, 'time']
['mtnstosea77', 202557361, 'impression', '15', 240796737L, datetime.datetime(2013, 5, 20, 16, 23), 0.0395561354854901, False, 'time']
['mtnstosea77', 202557361, 'impression', '6', 240809328L, datetime.datetime(2013, 5, 20, 16, 23), 0.113435532795179, False, 'time']
['mtnstosea77', 202557361, 'impression', '10', 240804360L, datetime.datetime(2013, 5, 20, 16, 23), 0.135631660201431, False, 'time']
['mtnstosea77', 202557361, 'impression', '17', 240796280L, datetime.datetime(2013, 5, 20, 16, 23), 0.0551535628484675, False, 'time']
['mtnstosea77', 202557361, 'impression', '9', 240806723L, datetime.datetime(2013, 5, 20, 16, 23), 0.217479916605039, False, 'time']
['mtnstosea77', 202557361, 'impression', '8', 240807006L, datetime.datetime(2013, 5, 20, 16, 23), 0.125421286784271, False, 'time']
['mtnstosea77', 202557361, 'impression', '5', 240809367L, datetime.datetime(2013, 5, 20, 16, 23), 0.331138067310173, True, 'time']
['mtnstosea77', 202557361, 'impression', '18', 240796271L, datetime.datetime(2013, 5, 20, 16, 23), 0.0381274848429222, False, 'time']
['mtnstosea77', 202557361, 'impression', '14', 240800054L, datetime.datetime(2013, 5, 20, 16, 23), 0.100763886401028, False, 'time']
['mtnstosea77', 202557361, 'impression', '11', 240802134L, datetime.datetime(2013, 5, 20, 16, 23), 0.300861742658395, False, 'time']
['mtnstosea77', 202557361, 'impression', '16', 240796407L, datetime.datetime(2013, 5, 20, 16, 23), 0.05619137962723, False, 'time']
['mtnstosea77', 202557361, 'impression', '3', 240811896L, datetime.datetime(2013, 5, 20, 16, 23), 0.00423744069929005, False, 'time']
['mtnstosea77', 202557361, 'impression', '20', 240795603L, datetime.datetime(2013, 5, 20, 16, 23), 0.0898161527480519, False, 'time']
['mtnstosea77', 202557361, 'impression', '19', 240795694L, datetime.datetime(2013, 5, 20, 16, 23), 0.158182926069328, False, 'time']
['mtnstosea77', 202557361, 'impression', '1', 240844758L, datetime.datetime(2013, 5, 20, 16, 23, 1), 0.085401022697576, False, 'time']
['mtnstosea77', 202557361, 'impression', '8', 240807006L, datetime.datetime(2013, 5, 20, 16, 50, 8), 0.125421286784271, False, 'time']
['mtnstosea77', 202557361, 'impression', '9', 240806723L, datetime.datetime(2013, 5, 20, 16, 50, 8), 0.217479916605039, False, 'time']
['mtnstosea77', 202557361, 'impression', '17', 240796280L, datetime.datetime(2013, 5, 20, 16, 50, 8), 0.0551535628484675, False, 'time']
['mtnstosea77', 202557361, 'impression', '10', 240804360L, datetime.datetime(2013, 5, 20, 16, 50, 8), 0.135631660201431, False, 'time']
['mtnstosea77', 202557361, 'impression', '6', 240809328L, datetime.datetime(2013, 5, 20, 16, 50, 8), 0.113435532795179, False, 'time']
['mtnstosea77', 202557361, 'impression', '19', 240795694L, datetime.datetime(2013, 5, 20, 16, 50, 8), 0.158182926069328, False, 'time']
['mtnstosea77', 202557361, 'impression', '20', 240795603L, datetime.datetime(2013, 5, 20, 16, 50, 8), 0.0898161527480519, False, 'time']
['mtnstosea77', 202557361, 'impression', '16', 240796407L, datetime.datetime(2013, 5, 20, 16, 50, 8), 0.05619137962723, False, 'time']
['mtnstosea77', 202557361, 'impression', '14', 240800054L, datetime.datetime(2013, 5, 20, 16, 50, 8), 0.100763886401028, False, 'time']
['mtnstosea77', 202557361, 'impression', '18', 240796271L, datetime.datetime(2013, 5, 20, 16, 50, 8), 0.0381274848429222, False, 'time']
['mtnstosea77', 202557361, 'impression', '11', 240802134L, datetime.datetime(2013, 5, 20, 16, 50, 8), 0.300861742658395, False, 'time']
['mtnstosea77', 202557361, 'impression', '3', 240811896L, datetime.datetime(2013, 5, 20, 16, 50, 8), 0.00423744069929005, False, 'time']
['mtnstosea77', 202557361, 'impression', '5', 240809367L, datetime.datetime(2013, 5, 20, 16, 50, 8), 0.331138067310173, True, 'time']
['mtnstosea77', 202557361, 'impression', '1', 240844758L, datetime.datetime(2013, 5, 20, 16, 50, 8), 0.085401022697576, False, 'time']
['mtnstosea77', 202557361, 'impression', '2', 240843240L, datetime.datetime(2013, 5, 20, 16, 50, 8), 0.0844362455231181, False, 'time']
['mtnstosea77', 202557361, 'impression', '13', 240801401L, datetime.datetime(2013, 5, 20, 16, 50, 8), 0.136742731646314, False, 'time']
['mtnstosea77', 202557361, 'impression', '12', 240801971L, datetime.datetime(2013, 5, 20, 16, 50, 8), 0.279158655711785, False, 'time']
['mtnstosea77', 202557361, 'impression', '7', 240808298L, datetime.datetime(2013, 5, 20, 16, 50, 8), 0.0559101288227545, False, 'time']
['mtnstosea77', 202557361, 'impression', '15', 240796737L, datetime.datetime(2013, 5, 20, 16, 50, 8), 0.0395561354854901, False, 'time']
['mtnstosea77', 202557361, 'impression', '4', 240810306L, datetime.datetime(2013, 5, 20, 16, 50, 8), 0.0816462472555297, False, 'time']
['mtnstosea77', 202557361, 'impression', '1', 240844758L, datetime.datetime(2013, 5, 20, 16, 50, 9), 0.085401022697576, False, 'time']
['mtnstosea77', 202557361, 'impression', '2', 240843240L, datetime.datetime(2013, 5, 20, 16, 50, 14), 0.0844362455231181, False, 'time']
['mtnstosea77', 202557361, 'impression', '3', 240811896L, datetime.datetime(2013, 5, 20, 16, 50, 15), 0.00423744069929005, False, 'time']
['mtnstosea77', 202557361, 'impression', '4', 240810306L, datetime.datetime(2013, 5, 20, 16, 50, 19), 0.0816462472555297, False, 'time']
['mtnstosea77', 202557361, 'impression', '6', 240809328L, datetime.datetime(2013, 5, 20, 16, 50, 25), 0.113435532795179, False, 'time']
['mtnstosea77', 202557361, 'expand_tile', '7', 240808298L, datetime.datetime(2013, 5, 20, 16, 50, 33), 0.0559101288227545, False, 'time']
['mtnstosea77', 202557361, 'impression', '7', 240808298L, datetime.datetime(2013, 5, 20, 16, 50, 35), 0.0559101288227545, False, 'time']
['mtnstosea77', 202557361, 'expand_tile', '7', 240808298L, datetime.datetime(2013, 5, 20, 16, 50, 40), 0.0559101288227545, False, 'time']
['mtnstosea77', 202557361, 'impression', '8', 240807006L, datetime.datetime(2013, 5, 20, 16, 50, 41), 0.125421286784271, False, 'time']
['mtnstosea77', 202557361, 'expand_tile', '8', 240807006L, datetime.datetime(2013, 5, 20, 16, 50, 44), 0.125421286784271, False, 'time']
['mtnstosea77', 202557361, 'impression', '8', 240807006L, datetime.datetime(2013, 5, 20, 16, 50, 47), 0.125421286784271, False, 'time']
['mtnstosea77', 202557361, 'expand_tile', '8', 240807006L, datetime.datetime(2013, 5, 20, 16, 50, 54), 0.125421286784271, False, 'time']
['mtnstosea77', 202557361, 'impression', '9', 240806723L, datetime.datetime(2013, 5, 20, 16, 50, 55), 0.217479916605039, False, 'time']
['mtnstosea77', 202557361, 'impression', '9', 240806723L, datetime.datetime(2013, 5, 20, 16, 50, 58), 0.217479916605039, False, 'time']
['mtnstosea77', 202557361, 'impression', '10', 240804360L, datetime.datetime(2013, 5, 20, 16, 51, 1), 0.135631660201431, False, 'time']
['mtnstosea77', 202557361, 'impression', '11', 240802134L, datetime.datetime(2013, 5, 20, 16, 51, 5), 0.300861742658395, False, 'time']
['mtnstosea77', 202557361, 'expand_tile', '11', 240802134L, datetime.datetime(2013, 5, 20, 16, 51, 7), 0.300861742658395, False, 'time']
['mtnstosea77', 202557361, 'view_full_application', '11', 240802134L, datetime.datetime(2013, 5, 20, 16, 51, 13), 0.300861742658395, False, 'time']
['mtnstosea77', 202557361, 'impression', '10', 240795145L, datetime.datetime(2013, 5, 20, 16, 52, 55), 0.0248969394025802, False, 'time']
['mtnstosea77', 202557361, 'impression', '12', 240794624L, datetime.datetime(2013, 5, 20, 16, 52, 55), 0.118011323868397, False, 'time']
['mtnstosea77', 202557361, 'impression', '1', 240809367L, datetime.datetime(2013, 5, 20, 16, 52, 55), 0.331138067310173, True, 'time']
['mtnstosea77', 202557361, 'impression', '9', 240795548L, datetime.datetime(2013, 5, 20, 16, 52, 55), 0.0208567490574514, False, 'time']
['mtnstosea77', 202557361, 'impression', '3', 240796737L, datetime.datetime(2013, 5, 20, 16, 52, 55), 0.0395561354854901, False, 'time']
['mtnstosea77', 202557361, 'impression', '5', 240796280L, datetime.datetime(2013, 5, 20, 16, 52, 55), 0.0551535628484675, False, 'time']
['mtnstosea77', 202557361, 'impression', '8', 240795603L, datetime.datetime(2013, 5, 20, 16, 52, 55), 0.0898161527480519, False, 'time']
['mtnstosea77', 202557361, 'impression', '7', 240795694L, datetime.datetime(2013, 5, 20, 16, 52, 55), 0.158182926069328, False, 'time']
['mtnstosea77', 202557361, 'impression', '11', 240794859L, datetime.datetime(2013, 5, 20, 16, 52, 55), 0.0661545413303811, False, 'time']
['mtnstosea77', 202557361, 'impression', '2', 240800054L, datetime.datetime(2013, 5, 20, 16, 52, 55), 0.100763886401028, False, 'time']
['mtnstosea77', 202557361, 'impression', '6', 240796271L, datetime.datetime(2013, 5, 20, 16, 52, 55), 0.0381274848429222, False, 'time']
['mtnstosea77', 202557361, 'impression', '4', 240796407L, datetime.datetime(2013, 5, 20, 16, 52, 55), 0.05619137962723, False, 'time']
['mtnstosea77', 202557361, 'expand_tile', '5', 240796280L, datetime.datetime(2013, 5, 20, 16, 53, 6), 0.0551535628484675, False, 'time']
['mtnstosea77', 202557361, 'impression', '5', 240796280L, datetime.datetime(2013, 5, 20, 16, 53, 11), 0.0551535628484675, False, 'time']
['mtnstosea77', 202557361, 'expand_tile', '5', 240796280L, datetime.datetime(2013, 5, 20, 16, 53, 13), 0.0551535628484675, False, 'time']
['mtnstosea77', 202557361, 'expand_tile', '8', 240795603L, datetime.datetime(2013, 5, 20, 16, 53, 30), 0.0898161527480519, False, 'time']
['mtnstosea77', 202557361, 'impression', '12', 240794624L, datetime.datetime(2013, 5, 20, 16, 53, 40), 0.118011323868397, False, 'time']
['mtnstosea77', 202557361, 'expand_tile', '12', 240794624L, datetime.datetime(2013, 5, 20, 16, 53, 45), 0.118011323868397, False, 'time']
['mtnstosea77', 202557361, 'impression', '12', 240794624L, datetime.datetime(2013, 5, 20, 16, 53, 53), 0.118011323868397, False, 'time']
['mtnstosea77', 202557361, 'expand_tile', '12', 240794624L, datetime.datetime(2013, 5, 20, 16, 53, 58), 0.118011323868397, False, 'time']
['mtnstosea77', 202557361, 'impression', '11', 240794859L, datetime.datetime(2013, 5, 20, 16, 53, 59), 0.0661545413303811, False, 'time']
['mtnstosea77', 202557361, 'expand_tile', '11', 240794859L, datetime.datetime(2013, 5, 20, 16, 54, 2), 0.0661545413303811, False, 'time']
['mtnstosea77', 202557361, 'impression', '11', 240794859L, datetime.datetime(2013, 5, 20, 16, 54, 4), 0.0661545413303811, False, 'time']
['mtnstosea77', 202557361, 'impression', '11', 240794859L, datetime.datetime(2013, 5, 20, 16, 54, 7), 0.0661545413303811, False, 'time']
['mtnstosea77', 202557361, 'expand_tile', '11', 240794859L, datetime.datetime(2013, 5, 20, 16, 54, 7), 0.0661545413303811, False, 'time']
['mtnstosea77', 202557361, 'impression', '10', 240795145L, datetime.datetime(2013, 5, 20, 16, 54, 7), 0.0248969394025802, False, 'time']
['mtnstosea77', 202557361, 'impression', '10', 240795145L, datetime.datetime(2013, 5, 20, 16, 54, 9), 0.0248969394025802, False, 'time']
['mtnstosea77', 202557361, 'impression', '9', 240795145L, datetime.datetime(2013, 5, 20, 16, 55, 21), 0.0248969394025802, False, 'time']
['mtnstosea77', 202557361, 'impression', '4', 240796407L, datetime.datetime(2013, 5, 20, 16, 55, 21), 0.05619137962723, False, 'time']
['mtnstosea77', 202557361, 'impression', '5', 240796271L, datetime.datetime(2013, 5, 20, 16, 55, 21), 0.0381274848429222, False, 'time']
['mtnstosea77', 202557361, 'impression', '2', 240800054L, datetime.datetime(2013, 5, 20, 16, 55, 21), 0.100763886401028, False, 'time']
['mtnstosea77', 202557361, 'impression', '1', 240809367L, datetime.datetime(2013, 5, 20, 16, 55, 21), 0.331138067310173, True, 'time']
['mtnstosea77', 202557361, 'impression', '8', 240795548L, datetime.datetime(2013, 5, 20, 16, 55, 21), 0.0208567490574514, False, 'time']
['mtnstosea77', 202557361, 'impression', '3', 240796737L, datetime.datetime(2013, 5, 20, 16, 55, 21), 0.0395561354854901, False, 'time']
['mtnstosea77', 202557361, 'impression', '7', 240795603L, datetime.datetime(2013, 5, 20, 16, 55, 21), 0.0898161527480519, False, 'time']
['mtnstosea77', 202557361, 'impression', '6', 240795694L, datetime.datetime(2013, 5, 20, 16, 55, 21), 0.158182926069328, False, 'time']
['mtnstosea77', 202557361, 'impression', '1', 240809367L, datetime.datetime(2013, 5, 20, 16, 55, 46), 0.331138067310173, True, 'time']
['mtnstosea77', 202557361, 'impression', '6', 240795694L, datetime.datetime(2013, 5, 20, 16, 55, 46), 0.158182926069328, False, 'time']
['mtnstosea77', 202557361, 'impression', '7', 240795603L, datetime.datetime(2013, 5, 20, 16, 55, 46), 0.0898161527480519, False, 'time']
['mtnstosea77', 202557361, 'impression', '5', 240796271L, datetime.datetime(2013, 5, 20, 16, 55, 46), 0.0381274848429222, False, 'time']
['mtnstosea77', 202557361, 'impression', '2', 240800054L, datetime.datetime(2013, 5, 20, 16, 55, 46), 0.100763886401028, False, 'time']
['mtnstosea77', 202557361, 'impression', '4', 240796407L, datetime.datetime(2013, 5, 20, 16, 55, 46), 0.05619137962723, False, 'time']
['mtnstosea77', 202557361, 'impression', '9', 240795145L, datetime.datetime(2013, 5, 20, 16, 55, 46), 0.0248969394025802, False, 'time']
['mtnstosea77', 202557361, 'impression', '8', 240795548L, datetime.datetime(2013, 5, 20, 16, 55, 46), 0.0208567490574514, False, 'time']
['mtnstosea77', 202557361, 'impression', '3', 240796737L, datetime.datetime(2013, 5, 20, 16, 55, 46), 0.0395561354854901, False, 'time']
['mtnstosea77', 202557361, 'impression', '1', 240809367L, datetime.datetime(2013, 5, 20, 16, 55, 48), 0.331138067310173, True, 'time']
['mtnstosea77', 202557361, 'impression', '1', 240809367L, datetime.datetime(2013, 5, 20, 16, 56, 40), 0.331138067310173, True, 'time']
['mtnstosea77', 202557361, 'impression', '9', 240795145L, datetime.datetime(2013, 5, 20, 16, 56, 40), 0.0248969394025802, False, 'time']
['mtnstosea77', 202557361, 'impression', '6', 240795694L, datetime.datetime(2013, 5, 20, 16, 56, 40), 0.158182926069328, False, 'time']
['mtnstosea77', 202557361, 'impression', '7', 240795603L, datetime.datetime(2013, 5, 20, 16, 56, 40), 0.0898161527480519, False, 'time']
['mtnstosea77', 202557361, 'impression', '8', 240795548L, datetime.datetime(2013, 5, 20, 16, 56, 40), 0.0208567490574514, False, 'time']
['mtnstosea77', 202557361, 'impression', '3', 240796737L, datetime.datetime(2013, 5, 20, 16, 56, 40), 0.0395561354854901, False, 'time']
['mtnstosea77', 202557361, 'impression', '4', 240796407L, datetime.datetime(2013, 5, 20, 16, 56, 40), 0.05619137962723, False, 'time']
['mtnstosea77', 202557361, 'impression', '2', 240800054L, datetime.datetime(2013, 5, 20, 16, 56, 40), 0.100763886401028, False, 'time']
['mtnstosea77', 202557361, 'impression', '5', 240796271L, datetime.datetime(2013, 5, 20, 16, 56, 40), 0.0381274848429222, False, 'time']
['mtnstosea77', 202557361, 'impression', '3', 240800054L, datetime.datetime(2013, 5, 20, 17, 4, 1), 0.100763886401028, False, 'best']
['mtnstosea77', 202557361, 'impression', '7', 240796271L, datetime.datetime(2013, 5, 20, 17, 4, 1), 0.0381274848429222, False, 'best']
['mtnstosea77', 202557361, 'impression', '5', 240796407L, datetime.datetime(2013, 5, 20, 17, 4, 1), 0.05619137962723, False, 'best']
['mtnstosea77', 202557361, 'impression', '2', 240795694L, datetime.datetime(2013, 5, 20, 17, 4, 1), 0.158182926069328, False, 'best']
['mtnstosea77', 202557361, 'impression', '4', 240795603L, datetime.datetime(2013, 5, 20, 17, 4, 1), 0.0898161527480519, False, 'best']
['mtnstosea77', 202557361, 'impression', '1', 240809367L, datetime.datetime(2013, 5, 20, 17, 4, 1), 0.331138067310173, True, 'best']
['mtnstosea77', 202557361, 'impression', '6', 240796737L, datetime.datetime(2013, 5, 20, 17, 4, 1), 0.0395561354854901, False, 'best']
['mtnstosea77', 202557361, 'impression', '9', 240795548L, datetime.datetime(2013, 5, 20, 17, 4, 1), 0.0208567490574514, False, 'best']
['mtnstosea77', 202557361, 'impression', '8', 240795145L, datetime.datetime(2013, 5, 20, 17, 4, 1), 0.0248969394025802, False, 'best']
['mtnstosea77', 202557361, 'expand_tile', '9', 240795548L, datetime.datetime(2013, 5, 20, 17, 4, 26), 0.0208567490574514, False, 'best']
['mtnstosea77', 202557361, 'impression', '8', 240795145L, datetime.datetime(2013, 5, 20, 17, 4, 36), 0.0248969394025802, False, 'best']
['mtnstosea77', 202557361, 'expand_tile', '8', 240795145L, datetime.datetime(2013, 5, 20, 17, 4, 41), 0.0248969394025802, False, 'best']
['mtnstosea77', 202557361, 'expand_tile', '2', 240795694L, datetime.datetime(2013, 5, 20, 17, 4, 48), 0.158182926069328, False, 'best']
['mtnstosea77', 202557361, 'collapse_tile', '2', 240795694L, datetime.datetime(2013, 5, 20, 17, 4, 54), 0.158182926069328, False, 'best']
['mtnstosea77', 202557361, 'expand_tile', '2', 240795694L, datetime.datetime(2013, 5, 20, 17, 4, 55), 0.158182926069328, False, 'best']
['mtnstosea77', 202557361, 'view_full_application', '2', 240795694L, datetime.datetime(2013, 5, 20, 17, 4, 57), 0.158182926069328, False, 'best']
['mtnstosea77', 202557361, 'impression', '6', 240795603L, datetime.datetime(2013, 5, 20, 17, 5, 21), 0.0898161527480519, False, 'time']
['mtnstosea77', 202557361, 'impression', '3', 240796737L, datetime.datetime(2013, 5, 20, 17, 5, 21), 0.0395561354854901, False, 'time']
['mtnstosea77', 202557361, 'impression', '7', 240795548L, datetime.datetime(2013, 5, 20, 17, 5, 21), 0.0208567490574514, False, 'time']
['mtnstosea77', 202557361, 'impression', '8', 240795145L, datetime.datetime(2013, 5, 20, 17, 5, 21), 0.0248969394025802, False, 'time']
['mtnstosea77', 202557361, 'impression', '1', 240809367L, datetime.datetime(2013, 5, 20, 17, 5, 21), 0.331138067310173, True, 'time']
['mtnstosea77', 202557361, 'impression', '5', 240796271L, datetime.datetime(2013, 5, 20, 17, 5, 21), 0.0381274848429222, False, 'time']
['mtnstosea77', 202557361, 'impression', '4', 240796407L, datetime.datetime(2013, 5, 20, 17, 5, 21), 0.05619137962723, False, 'time']
['mtnstosea77', 202557361, 'impression', '2', 240800054L, datetime.datetime(2013, 5, 20, 17, 5, 21), 0.100763886401028, False, 'time']
['mtnstosea77', 202557361, 'expand_tile', '6', 240795603L, datetime.datetime(2013, 5, 20, 17, 5, 35), 0.0898161527480519, False, 'time']
['mtnstosea77', 202557361, 'expand_tile', '7', 240795548L, datetime.datetime(2013, 5, 20, 17, 5, 42), 0.0208567490574514, False, 'time']
['mtnstosea77', 202557361, 'impression', '7', 240795548L, datetime.datetime(2013, 5, 20, 17, 5, 50), 0.0208567490574514, False, 'time']
['mtnstosea77', 202557361, 'view_full_application_via_name', '7', 240795548L, datetime.datetime(2013, 5, 20, 17, 5, 59), 0.0208567490574514, False, 'time']
['mtnstosea77', 202557361, 'impression', '2', 240800054L, datetime.datetime(2013, 5, 20, 17, 7, 31), 0.100763886401028, False, 'time']
['mtnstosea77', 202557361, 'impression', '5', 240796271L, datetime.datetime(2013, 5, 20, 17, 7, 31), 0.0381274848429222, False, 'time']
['mtnstosea77', 202557361, 'impression', '4', 240796407L, datetime.datetime(2013, 5, 20, 17, 7, 31), 0.05619137962723, False, 'time']
['mtnstosea77', 202557361, 'impression', '1', 240809367L, datetime.datetime(2013, 5, 20, 17, 7, 31), 0.331138067310173, True, 'time']
['mtnstosea77', 202557361, 'impression', '6', 240795603L, datetime.datetime(2013, 5, 20, 17, 7, 31), 0.0898161527480519, False, 'time']
['mtnstosea77', 202557361, 'impression', '3', 240796737L, datetime.datetime(2013, 5, 20, 17, 7, 31), 0.0395561354854901, False, 'time']
['mtnstosea77', 202557361, 'view_full_application_via_message', '1', 240809367L, datetime.datetime(2013, 5, 20, 17, 7, 47), 0.331138067310173, True, 'time']

['mtnstosea77', 202557361, 'impression', '1', 240851869L, datetime.datetime(2013, 5, 20, 18, 26, 29), 0.156558433812181, False, 'time']
['mtnstosea77', 202557361, 'impression', '3', 240800054L, datetime.datetime(2013, 5, 20, 18, 26, 29), 0.100763886401028, False, 'time']
['mtnstosea77', 202557361, 'impression', '5', 240796407L, datetime.datetime(2013, 5, 20, 18, 26, 29), 0.05619137962723, False, 'time']
['mtnstosea77', 202557361, 'impression', '6', 240796271L, datetime.datetime(2013, 5, 20, 18, 26, 29), 0.0381274848429222, False, 'time']
['mtnstosea77', 202557361, 'impression', '4', 240796737L, datetime.datetime(2013, 5, 20, 18, 26, 29), 0.0395561354854901, False, 'time']
['mtnstosea77', 202557361, 'impression', '2', 240809367L, datetime.datetime(2013, 5, 20, 18, 26, 29), 0.331138067310173, True, 'time']
['mtnstosea77', 202557361, 'impression', '7', 240795603L, datetime.datetime(2013, 5, 20, 18, 26, 29), 0.0898161527480519, False, 'time']
['mtnstosea77', 202557361, 'impression', '4', 240796737L, datetime.datetime(2013, 5, 20, 18, 27, 1), 0.0395561354854901, False, 'time']
['mtnstosea77', 202557361, 'impression', '1', 240851869L, datetime.datetime(2013, 5, 20, 18, 27, 1), 0.156558433812181, False, 'time']
['mtnstosea77', 202557361, 'impression', '3', 240800054L, datetime.datetime(2013, 5, 20, 18, 27, 1), 0.100763886401028, False, 'time']
['mtnstosea77', 202557361, 'impression', '5', 240796407L, datetime.datetime(2013, 5, 20, 18, 27, 1), 0.05619137962723, False, 'time']
['mtnstosea77', 202557361, 'impression', '6', 240796271L, datetime.datetime(2013, 5, 20, 18, 27, 1), 0.0381274848429222, False, 'time']
['mtnstosea77', 202557361, 'impression', '2', 240809367L, datetime.datetime(2013, 5, 20, 18, 27, 1), 0.331138067310173, True, 'time']
['mtnstosea77', 202557361, 'impression', '7', 240795603L, datetime.datetime(2013, 5, 20, 18, 27, 1), 0.0898161527480519, False, 'time']
['mtnstosea77', 202557361, 'expand_tile', '1', 240851869L, datetime.datetime(2013, 5, 20, 18, 27, 3), 0.156558433812181, False, 'time']
['mtnstosea77', 202557361, 'view_full_application', '1', 240851869L, datetime.datetime(2013, 5, 20, 18, 27, 33), 0.156558433812181, False, 'time']
['mtnstosea77', 202557361, 'impression', '2', 240809367L, datetime.datetime(2013, 5, 20, 18, 28, 25), 0.331138067310173, True, 'time']
['mtnstosea77', 202557361, 'impression', '7', 240795603L, datetime.datetime(2013, 5, 20, 18, 28, 25), 0.0898161527480519, False, 'time']
['mtnstosea77', 202557361, 'impression', '6', 240796271L, datetime.datetime(2013, 5, 20, 18, 28, 25), 0.0381274848429222, False, 'time']
['mtnstosea77', 202557361, 'impression', '1', 240851869L, datetime.datetime(2013, 5, 20, 18, 28, 25), 0.156558433812181, False, 'time']
['mtnstosea77', 202557361, 'impression', '3', 240800054L, datetime.datetime(2013, 5, 20, 18, 28, 25), 0.100763886401028, False, 'time']
['mtnstosea77', 202557361, 'impression', '5', 240796407L, datetime.datetime(2013, 5, 20, 18, 28, 25), 0.05619137962723, False, 'time']
['mtnstosea77', 202557361, 'impression', '4', 240796737L, datetime.datetime(2013, 5, 20, 18, 28, 25), 0.0395561354854901, False, 'time']
['mtnstosea77', 202557361, 'impression', '7', 240795603L, datetime.datetime(2013, 5, 20, 18, 45, 6), 0.0898161527480519, False, 'time']
['mtnstosea77', 202557361, 'impression', '2', 240809367L, datetime.datetime(2013, 5, 20, 18, 45, 6), 0.331138067310173, True, 'time']
['mtnstosea77', 202557361, 'impression', '5', 240796407L, datetime.datetime(2013, 5, 20, 18, 45, 6), 0.05619137962723, False, 'time']
['mtnstosea77', 202557361, 'impression', '1', 240851869L, datetime.datetime(2013, 5, 20, 18, 45, 6), 0.156558433812181, False, 'time']
['mtnstosea77', 202557361, 'impression', '3', 240800054L, datetime.datetime(2013, 5, 20, 18, 45, 6), 0.100763886401028, False, 'time']
['mtnstosea77', 202557361, 'impression', '6', 240796271L, datetime.datetime(2013, 5, 20, 18, 45, 6), 0.0381274848429222, False, 'time']
['mtnstosea77', 202557361, 'impression', '4', 240796737L, datetime.datetime(2013, 5, 20, 18, 45, 6), 0.0395561354854901, False, 'time']
['mtnstosea77', 202557361, 'view_full_application_via_name', '2', 240809367L, datetime.datetime(2013, 5, 20, 18, 45, 12), 0.331138067310173, True, 'time']

