['neelyquinn', 202579462, 'impression', '1', 241243347L, datetime.datetime(2013, 5, 25, 4, 18, 27), 0.064927411608978, False, 'time']
['neelyquinn', 202579462, 'impression', '3', 241243110L, datetime.datetime(2013, 5, 25, 4, 18, 27), 0.0680532561536941, False, 'time']
['neelyquinn', 202579462, 'impression', '2', 241243119L, datetime.datetime(2013, 5, 25, 4, 18, 27), 0.0756000915295421, False, 'time']

['neelyquinn', 202579462, 'impression', '3', 241244686L, datetime.datetime(2013, 5, 25, 4, 52, 51), 0.13469406739929, False, 'time']
['neelyquinn', 202579462, 'impression', '2', 241244731L, datetime.datetime(2013, 5, 25, 4, 52, 51), 0.205152914372802, False, 'time']
['neelyquinn', 202579462, 'impression', '1', 241245217L, datetime.datetime(2013, 5, 25, 4, 52, 51), 0.0312600336913907, False, 'time']
['neelyquinn', 202579462, 'impression', '4', 241243347L, datetime.datetime(2013, 5, 25, 4, 52, 51), 0.064927411608978, False, 'time']
['neelyquinn', 202579462, 'impression', '6', 241243110L, datetime.datetime(2013, 5, 25, 4, 52, 51), 0.0680532561536941, False, 'time']
['neelyquinn', 202579462, 'impression', '5', 241243119L, datetime.datetime(2013, 5, 25, 4, 52, 51), 0.0756000915295421, False, 'time']
['neelyquinn', 202579462, 'impression', '2', 241244731L, datetime.datetime(2013, 5, 25, 4, 58, 35), 0.205152914372802, False, 'time']
['neelyquinn', 202579462, 'impression', '1', 241245217L, datetime.datetime(2013, 5, 25, 4, 58, 35), 0.0312600336913907, False, 'time']
['neelyquinn', 202579462, 'impression', '3', 241244686L, datetime.datetime(2013, 5, 25, 4, 58, 35), 0.13469406739929, False, 'time']
['neelyquinn', 202579462, 'impression', '4', 241243347L, datetime.datetime(2013, 5, 25, 4, 58, 35), 0.064927411608978, False, 'time']
['neelyquinn', 202579462, 'impression', '6', 241243110L, datetime.datetime(2013, 5, 25, 4, 58, 35), 0.0680532561536941, False, 'time']
['neelyquinn', 202579462, 'impression', '5', 241243119L, datetime.datetime(2013, 5, 25, 4, 58, 35), 0.0756000915295421, False, 'time']
['neelyquinn', 202579462, 'view_full_application_via_name', '1', 241245217L, datetime.datetime(2013, 5, 25, 4, 59, 22), 0.0312600336913907, False, 'time']
['neelyquinn', 202579462, 'impression', '3', 241244686L, datetime.datetime(2013, 5, 25, 5, 1, 37), 0.13469406739929, False, 'time']
['neelyquinn', 202579462, 'impression', '4', 241243347L, datetime.datetime(2013, 5, 25, 5, 1, 37), 0.064927411608978, False, 'time']
['neelyquinn', 202579462, 'impression', '6', 241243110L, datetime.datetime(2013, 5, 25, 5, 1, 37), 0.0680532561536941, False, 'time']
['neelyquinn', 202579462, 'impression', '5', 241243119L, datetime.datetime(2013, 5, 25, 5, 1, 37), 0.0756000915295421, False, 'time']
['neelyquinn', 202579462, 'impression', '2', 241244731L, datetime.datetime(2013, 5, 25, 5, 1, 37), 0.205152914372802, False, 'time']
['neelyquinn', 202579462, 'impression', '1', 241245217L, datetime.datetime(2013, 5, 25, 5, 1, 37), 0.0312600336913907, False, 'time']
['neelyquinn', 202579462, 'impression', '1', 241245217L, datetime.datetime(2013, 5, 25, 5, 23, 53), 0.0312600336913907, False, 'time']
['neelyquinn', 202579462, 'impression', '2', 241244731L, datetime.datetime(2013, 5, 25, 5, 23, 53), 0.205152914372802, False, 'time']
['neelyquinn', 202579462, 'impression', '5', 241243119L, datetime.datetime(2013, 5, 25, 5, 23, 53), 0.0756000915295421, False, 'time']
['neelyquinn', 202579462, 'impression', '6', 241243110L, datetime.datetime(2013, 5, 25, 5, 23, 53), 0.0680532561536941, False, 'time']
['neelyquinn', 202579462, 'impression', '4', 241243347L, datetime.datetime(2013, 5, 25, 5, 23, 53), 0.064927411608978, False, 'time']
['neelyquinn', 202579462, 'impression', '3', 241244686L, datetime.datetime(2013, 5, 25, 5, 23, 53), 0.13469406739929, False, 'time']

['neelyquinn', 202579462, 'impression', '11', 241243347L, datetime.datetime(2013, 5, 25, 17, 29), 0.064927411608978, False, 'time']
['neelyquinn', 202579462, 'impression', '6', 241258631L, datetime.datetime(2013, 5, 25, 17, 29), 0.107613308943632, False, 'time']
['neelyquinn', 202579462, 'impression', '13', 241243110L, datetime.datetime(2013, 5, 25, 17, 29), 0.0680532561536941, False, 'time']
['neelyquinn', 202579462, 'impression', '5', 241259376L, datetime.datetime(2013, 5, 25, 17, 29), 0.146524446156955, False, 'time']
['neelyquinn', 202579462, 'impression', '9', 241245217L, datetime.datetime(2013, 5, 25, 17, 29), 0.0312600336913907, False, 'time']
['neelyquinn', 202579462, 'impression', '7', 241251611L, datetime.datetime(2013, 5, 25, 17, 29), 0.0365739318311664, False, 'time']
['neelyquinn', 202579462, 'impression', '10', 241244686L, datetime.datetime(2013, 5, 25, 17, 29), 0.13469406739929, False, 'time']
['neelyquinn', 202579462, 'impression', '14', 241241699L, datetime.datetime(2013, 5, 25, 17, 29), 0.0809578126122346, False, 'time']
['neelyquinn', 202579462, 'impression', '3', 241267962L, datetime.datetime(2013, 5, 25, 17, 29), 0.205830030773611, False, 'time']
['neelyquinn', 202579462, 'impression', '8', 241250040L, datetime.datetime(2013, 5, 25, 17, 29), 0.0740414226496811, False, 'time']
['neelyquinn', 202579462, 'impression', '4', 241260558L, datetime.datetime(2013, 5, 25, 17, 29), 0.179643318422952, False, 'time']
['neelyquinn', 202579462, 'impression', '12', 241243119L, datetime.datetime(2013, 5, 25, 17, 29), 0.0756000915295421, False, 'time']
['neelyquinn', 202579462, 'impression', '1', 241280397L, datetime.datetime(2013, 5, 25, 17, 29), 0.314043022208073, False, 'time']
['neelyquinn', 202579462, 'impression', '2', 241270896L, datetime.datetime(2013, 5, 25, 17, 29), 0.289492480337178, False, 'time']
['neelyquinn', 202579462, 'view_full_application_via_name', '2', 241270896L, datetime.datetime(2013, 5, 25, 17, 29, 13), 0.289492480337178, False, 'time']
['neelyquinn', 202579462, 'impression', '2', 241270896L, datetime.datetime(2013, 5, 25, 17, 34, 11), 0.289492480337178, False, 'time']
['neelyquinn', 202579462, 'impression', '10', 241244686L, datetime.datetime(2013, 5, 25, 17, 34, 11), 0.13469406739929, False, 'time']
['neelyquinn', 202579462, 'impression', '7', 241251611L, datetime.datetime(2013, 5, 25, 17, 34, 11), 0.0365739318311664, False, 'time']
['neelyquinn', 202579462, 'impression', '14', 241241699L, datetime.datetime(2013, 5, 25, 17, 34, 11), 0.0809578126122346, False, 'time']
['neelyquinn', 202579462, 'impression', '5', 241259376L, datetime.datetime(2013, 5, 25, 17, 34, 11), 0.146524446156955, False, 'time']
['neelyquinn', 202579462, 'impression', '9', 241245217L, datetime.datetime(2013, 5, 25, 17, 34, 11), 0.0312600336913907, False, 'time']
['neelyquinn', 202579462, 'impression', '13', 241243110L, datetime.datetime(2013, 5, 25, 17, 34, 11), 0.0680532561536941, False, 'time']
['neelyquinn', 202579462, 'impression', '11', 241243347L, datetime.datetime(2013, 5, 25, 17, 34, 11), 0.064927411608978, False, 'time']
['neelyquinn', 202579462, 'impression', '6', 241258631L, datetime.datetime(2013, 5, 25, 17, 34, 11), 0.107613308943632, False, 'time']
['neelyquinn', 202579462, 'impression', '4', 241260558L, datetime.datetime(2013, 5, 25, 17, 34, 11), 0.179643318422952, False, 'time']
['neelyquinn', 202579462, 'impression', '3', 241267962L, datetime.datetime(2013, 5, 25, 17, 34, 11), 0.205830030773611, False, 'time']
['neelyquinn', 202579462, 'impression', '1', 241280397L, datetime.datetime(2013, 5, 25, 17, 34, 11), 0.314043022208073, False, 'time']
['neelyquinn', 202579462, 'impression', '8', 241250040L, datetime.datetime(2013, 5, 25, 17, 34, 11), 0.0740414226496811, False, 'time']
['neelyquinn', 202579462, 'impression', '12', 241243119L, datetime.datetime(2013, 5, 25, 17, 34, 11), 0.0756000915295421, False, 'time']
['neelyquinn', 202579462, 'shortlist', '2', 241270896L, datetime.datetime(2013, 5, 25, 17, 34, 14), 0.289492480337178, False, 'time']
['neelyquinn', 202579462, 'view_full_application_via_name', '6', 241258631L, datetime.datetime(2013, 5, 25, 17, 34, 39), 0.107613308943632, False, 'time']
['neelyquinn', 202579462, 'impression', '6', 241258631L, datetime.datetime(2013, 5, 25, 17, 35, 21), 0.107613308943632, False, 'time']
['neelyquinn', 202579462, 'impression', '11', 241243347L, datetime.datetime(2013, 5, 25, 17, 35, 21), 0.064927411608978, False, 'time']
['neelyquinn', 202579462, 'impression', '13', 241243110L, datetime.datetime(2013, 5, 25, 17, 35, 21), 0.0680532561536941, False, 'time']
['neelyquinn', 202579462, 'impression', '2', 241270896L, datetime.datetime(2013, 5, 25, 17, 35, 21), 0.289492480337178, False, 'time']
['neelyquinn', 202579462, 'impression', '12', 241243119L, datetime.datetime(2013, 5, 25, 17, 35, 21), 0.0756000915295421, False, 'time']
['neelyquinn', 202579462, 'impression', '1', 241280397L, datetime.datetime(2013, 5, 25, 17, 35, 21), 0.314043022208073, False, 'time']
['neelyquinn', 202579462, 'impression', '4', 241260558L, datetime.datetime(2013, 5, 25, 17, 35, 21), 0.179643318422952, False, 'time']
['neelyquinn', 202579462, 'impression', '8', 241250040L, datetime.datetime(2013, 5, 25, 17, 35, 21), 0.0740414226496811, False, 'time']
['neelyquinn', 202579462, 'impression', '3', 241267962L, datetime.datetime(2013, 5, 25, 17, 35, 21), 0.205830030773611, False, 'time']
['neelyquinn', 202579462, 'impression', '14', 241241699L, datetime.datetime(2013, 5, 25, 17, 35, 21), 0.0809578126122346, False, 'time']
['neelyquinn', 202579462, 'impression', '7', 241251611L, datetime.datetime(2013, 5, 25, 17, 35, 21), 0.0365739318311664, False, 'time']
['neelyquinn', 202579462, 'impression', '10', 241244686L, datetime.datetime(2013, 5, 25, 17, 35, 21), 0.13469406739929, False, 'time']
['neelyquinn', 202579462, 'impression', '5', 241259376L, datetime.datetime(2013, 5, 25, 17, 35, 21), 0.146524446156955, False, 'time']
['neelyquinn', 202579462, 'impression', '9', 241245217L, datetime.datetime(2013, 5, 25, 17, 35, 21), 0.0312600336913907, False, 'time']
['neelyquinn', 202579462, 'expand_tile', '8', 241250040L, datetime.datetime(2013, 5, 25, 17, 35, 43), 0.0740414226496811, False, 'time']
['neelyquinn', 202579462, 'view_full_application', '8', 241250040L, datetime.datetime(2013, 5, 25, 17, 35, 55), 0.0740414226496811, False, 'time']
['neelyquinn', 202579462, 'impression', '2', 241270896L, datetime.datetime(2013, 5, 25, 17, 37, 46), 0.289492480337178, False, 'time']
['neelyquinn', 202579462, 'impression', '14', 241241699L, datetime.datetime(2013, 5, 25, 17, 37, 46), 0.0809578126122346, False, 'time']
['neelyquinn', 202579462, 'impression', '9', 241245217L, datetime.datetime(2013, 5, 25, 17, 37, 46), 0.0312600336913907, False, 'time']
['neelyquinn', 202579462, 'impression', '5', 241259376L, datetime.datetime(2013, 5, 25, 17, 37, 46), 0.146524446156955, False, 'time']
['neelyquinn', 202579462, 'impression', '13', 241243110L, datetime.datetime(2013, 5, 25, 17, 37, 46), 0.0680532561536941, False, 'time']
['neelyquinn', 202579462, 'impression', '6', 241258631L, datetime.datetime(2013, 5, 25, 17, 37, 46), 0.107613308943632, False, 'time']
['neelyquinn', 202579462, 'impression', '11', 241243347L, datetime.datetime(2013, 5, 25, 17, 37, 46), 0.064927411608978, False, 'time']
['neelyquinn', 202579462, 'impression', '7', 241251611L, datetime.datetime(2013, 5, 25, 17, 37, 46), 0.0365739318311664, False, 'time']
['neelyquinn', 202579462, 'impression', '10', 241244686L, datetime.datetime(2013, 5, 25, 17, 37, 46), 0.13469406739929, False, 'time']
['neelyquinn', 202579462, 'impression', '8', 241250040L, datetime.datetime(2013, 5, 25, 17, 37, 46), 0.0740414226496811, False, 'time']
['neelyquinn', 202579462, 'impression', '4', 241260558L, datetime.datetime(2013, 5, 25, 17, 37, 46), 0.179643318422952, False, 'time']
['neelyquinn', 202579462, 'impression', '1', 241280397L, datetime.datetime(2013, 5, 25, 17, 37, 46), 0.314043022208073, False, 'time']
['neelyquinn', 202579462, 'impression', '3', 241267962L, datetime.datetime(2013, 5, 25, 17, 37, 46), 0.205830030773611, False, 'time']
['neelyquinn', 202579462, 'impression', '12', 241243119L, datetime.datetime(2013, 5, 25, 17, 37, 46), 0.0756000915295421, False, 'time']
['neelyquinn', 202579462, 'expand_tile', '14', 241241699L, datetime.datetime(2013, 5, 25, 17, 37, 58), 0.0809578126122346, False, 'time']
['neelyquinn', 202579462, 'view_full_application', '14', 241241699L, datetime.datetime(2013, 5, 25, 17, 38, 1), 0.0809578126122346, False, 'time']
['neelyquinn', 202579462, 'impression', '11', 241243347L, datetime.datetime(2013, 5, 25, 17, 41, 4), 0.064927411608978, False, 'time']
['neelyquinn', 202579462, 'impression', '6', 241258631L, datetime.datetime(2013, 5, 25, 17, 41, 4), 0.107613308943632, False, 'time']
['neelyquinn', 202579462, 'impression', '13', 241243110L, datetime.datetime(2013, 5, 25, 17, 41, 4), 0.0680532561536941, False, 'time']
['neelyquinn', 202579462, 'impression', '2', 241270896L, datetime.datetime(2013, 5, 25, 17, 41, 4), 0.289492480337178, False, 'time']
['neelyquinn', 202579462, 'impression', '9', 241245217L, datetime.datetime(2013, 5, 25, 17, 41, 4), 0.0312600336913907, False, 'time']
['neelyquinn', 202579462, 'impression', '5', 241259376L, datetime.datetime(2013, 5, 25, 17, 41, 4), 0.146524446156955, False, 'time']
['neelyquinn', 202579462, 'impression', '7', 241251611L, datetime.datetime(2013, 5, 25, 17, 41, 4), 0.0365739318311664, False, 'time']
['neelyquinn', 202579462, 'impression', '10', 241244686L, datetime.datetime(2013, 5, 25, 17, 41, 4), 0.13469406739929, False, 'time']
['neelyquinn', 202579462, 'impression', '14', 241241699L, datetime.datetime(2013, 5, 25, 17, 41, 4), 0.0809578126122346, False, 'time']
['neelyquinn', 202579462, 'impression', '1', 241280397L, datetime.datetime(2013, 5, 25, 17, 41, 4), 0.314043022208073, False, 'time']
['neelyquinn', 202579462, 'impression', '12', 241243119L, datetime.datetime(2013, 5, 25, 17, 41, 4), 0.0756000915295421, False, 'time']
['neelyquinn', 202579462, 'impression', '8', 241250040L, datetime.datetime(2013, 5, 25, 17, 41, 4), 0.0740414226496811, False, 'time']
['neelyquinn', 202579462, 'impression', '4', 241260558L, datetime.datetime(2013, 5, 25, 17, 41, 4), 0.179643318422952, False, 'time']
['neelyquinn', 202579462, 'impression', '3', 241267962L, datetime.datetime(2013, 5, 25, 17, 41, 4), 0.205830030773611, False, 'time']
['neelyquinn', 202579462, 'expand_tile', '4', 241260558L, datetime.datetime(2013, 5, 25, 17, 41, 14), 0.179643318422952, False, 'time']
['neelyquinn', 202579462, 'view_full_application', '4', 241260558L, datetime.datetime(2013, 5, 25, 17, 41, 17), 0.179643318422952, False, 'time']
['neelyquinn', 202579462, 'impression', '10', 241244686L, datetime.datetime(2013, 5, 25, 17, 43, 12), 0.13469406739929, False, 'time']
['neelyquinn', 202579462, 'impression', '7', 241251611L, datetime.datetime(2013, 5, 25, 17, 43, 12), 0.0365739318311664, False, 'time']
['neelyquinn', 202579462, 'impression', '9', 241245217L, datetime.datetime(2013, 5, 25, 17, 43, 12), 0.0312600336913907, False, 'time']
['neelyquinn', 202579462, 'impression', '5', 241259376L, datetime.datetime(2013, 5, 25, 17, 43, 12), 0.146524446156955, False, 'time']
['neelyquinn', 202579462, 'impression', '14', 241241699L, datetime.datetime(2013, 5, 25, 17, 43, 12), 0.0809578126122346, False, 'time']
['neelyquinn', 202579462, 'impression', '11', 241243347L, datetime.datetime(2013, 5, 25, 17, 43, 12), 0.064927411608978, False, 'time']
['neelyquinn', 202579462, 'impression', '6', 241258631L, datetime.datetime(2013, 5, 25, 17, 43, 12), 0.107613308943632, False, 'time']
['neelyquinn', 202579462, 'impression', '13', 241243110L, datetime.datetime(2013, 5, 25, 17, 43, 12), 0.0680532561536941, False, 'time']
['neelyquinn', 202579462, 'impression', '2', 241270896L, datetime.datetime(2013, 5, 25, 17, 43, 12), 0.289492480337178, False, 'time']
['neelyquinn', 202579462, 'impression', '12', 241243119L, datetime.datetime(2013, 5, 25, 17, 43, 12), 0.0756000915295421, False, 'time']
['neelyquinn', 202579462, 'impression', '3', 241267962L, datetime.datetime(2013, 5, 25, 17, 43, 12), 0.205830030773611, False, 'time']
['neelyquinn', 202579462, 'impression', '4', 241260558L, datetime.datetime(2013, 5, 25, 17, 43, 12), 0.179643318422952, False, 'time']
['neelyquinn', 202579462, 'impression', '1', 241280397L, datetime.datetime(2013, 5, 25, 17, 43, 12), 0.314043022208073, False, 'time']
['neelyquinn', 202579462, 'impression', '8', 241250040L, datetime.datetime(2013, 5, 25, 17, 43, 12), 0.0740414226496811, False, 'time']

