['nevaleak', 202562373, 'impression', '2', 240900432L, datetime.datetime(2013, 5, 21, 7, 24, 27), 0.338743242047047, False, 'best']
['nevaleak', 202562373, 'impression', '18', 240900291L, datetime.datetime(2013, 5, 21, 7, 24, 27), 0.0609399759206814, False, 'best']
['nevaleak', 202562373, 'impression', '7', 240900962L, datetime.datetime(2013, 5, 21, 7, 24, 27), 0.141455064829012, False, 'best']
['nevaleak', 202562373, 'impression', '20', 240902448L, datetime.datetime(2013, 5, 21, 7, 24, 27), 0.039480844755727, False, 'best']
['nevaleak', 202562373, 'impression', '14', 240900693L, datetime.datetime(2013, 5, 21, 7, 24, 27), 0.0838477425092614, False, 'best']
['nevaleak', 202562373, 'impression', '13', 240901375L, datetime.datetime(2013, 5, 21, 7, 24, 27), 0.100388496921491, False, 'best']
['nevaleak', 202562373, 'impression', '1', 240901051L, datetime.datetime(2013, 5, 21, 7, 24, 27), 0.352514309775326, False, 'best']
['nevaleak', 202562373, 'impression', '19', 240899925L, datetime.datetime(2013, 5, 21, 7, 24, 27), 0.0415584092453222, False, 'best']
['nevaleak', 202562373, 'impression', '17', 240901136L, datetime.datetime(2013, 5, 21, 7, 24, 27), 0.0728978685788583, False, 'best']
['nevaleak', 202562373, 'impression', '8', 240899690L, datetime.datetime(2013, 5, 21, 7, 24, 27), 0.140545394311869, False, 'best']
['nevaleak', 202562373, 'impression', '12', 240901670L, datetime.datetime(2013, 5, 21, 7, 24, 27), 0.106267577678958, False, 'best']
['nevaleak', 202562373, 'impression', '15', 240902443L, datetime.datetime(2013, 5, 21, 7, 24, 27), 0.0837296837259421, False, 'best']
['nevaleak', 202562373, 'impression', '11', 240901838L, datetime.datetime(2013, 5, 21, 7, 24, 27), 0.111725311273, False, 'best']
['nevaleak', 202562373, 'impression', '9', 240899600L, datetime.datetime(2013, 5, 21, 7, 24, 27), 0.13597063284113, False, 'best']
['nevaleak', 202562373, 'impression', '6', 240899784L, datetime.datetime(2013, 5, 21, 7, 24, 27), 0.1476001375772, False, 'best']
['nevaleak', 202562373, 'impression', '4', 240899704L, datetime.datetime(2013, 5, 21, 7, 24, 27), 0.212902629607857, False, 'best']
['nevaleak', 202562373, 'impression', '5', 240900133L, datetime.datetime(2013, 5, 21, 7, 24, 27), 0.154263144911509, False, 'best']
['nevaleak', 202562373, 'impression', '16', 240902253L, datetime.datetime(2013, 5, 21, 7, 24, 27), 0.0797480203016658, False, 'best']
['nevaleak', 202562373, 'impression', '3', 240902586L, datetime.datetime(2013, 5, 21, 7, 24, 27), 0.303955448242683, False, 'best']
['nevaleak', 202562373, 'impression', '10', 240900500L, datetime.datetime(2013, 5, 21, 7, 24, 27), 0.131229058548433, False, 'best']
['nevaleak', 202562373, 'impression', '1', 240901051L, datetime.datetime(2013, 5, 21, 7, 24, 32), 0.352514309775326, False, 'best']
['nevaleak', 202562373, 'view_full_application_via_name', '10', 240900500L, datetime.datetime(2013, 5, 21, 7, 25, 13), 0.131229058548433, False, 'best']
['nevaleak', 202562373, 'impression', '9', 240899600L, datetime.datetime(2013, 5, 21, 7, 26, 34), 0.13597063284113, False, 'best']
['nevaleak', 202562373, 'impression', '4', 240899704L, datetime.datetime(2013, 5, 21, 7, 26, 34), 0.212902629607857, False, 'best']
['nevaleak', 202562373, 'impression', '18', 240902820L, datetime.datetime(2013, 5, 21, 7, 26, 34), 0.0693780432939391, False, 'best']
['nevaleak', 202562373, 'impression', '6', 240899784L, datetime.datetime(2013, 5, 21, 7, 26, 34), 0.1476001375772, False, 'best']
['nevaleak', 202562373, 'impression', '16', 240902253L, datetime.datetime(2013, 5, 21, 7, 26, 34), 0.0797480203016658, False, 'best']
['nevaleak', 202562373, 'impression', '3', 240902586L, datetime.datetime(2013, 5, 21, 7, 26, 34), 0.303955448242683, False, 'best']
['nevaleak', 202562373, 'impression', '5', 240900133L, datetime.datetime(2013, 5, 21, 7, 26, 34), 0.154263144911509, False, 'best']
['nevaleak', 202562373, 'impression', '1', 240901051L, datetime.datetime(2013, 5, 21, 7, 26, 34), 0.352514309775326, False, 'best']
['nevaleak', 202562373, 'impression', '8', 240899690L, datetime.datetime(2013, 5, 21, 7, 26, 34), 0.140545394311869, False, 'best']
['nevaleak', 202562373, 'impression', '17', 240901136L, datetime.datetime(2013, 5, 21, 7, 26, 34), 0.0728978685788583, False, 'best']
['nevaleak', 202562373, 'impression', '2', 240900432L, datetime.datetime(2013, 5, 21, 7, 26, 34), 0.338743242047047, False, 'best']
['nevaleak', 202562373, 'impression', '20', 240900291L, datetime.datetime(2013, 5, 21, 7, 26, 34), 0.0609399759206814, False, 'best']
['nevaleak', 202562373, 'impression', '13', 240901375L, datetime.datetime(2013, 5, 21, 7, 26, 34), 0.100388496921491, False, 'best']
['nevaleak', 202562373, 'impression', '7', 240900962L, datetime.datetime(2013, 5, 21, 7, 26, 34), 0.141455064829012, False, 'best']
['nevaleak', 202562373, 'impression', '19', 240902685L, datetime.datetime(2013, 5, 21, 7, 26, 34), 0.0673675222202603, False, 'best']
['nevaleak', 202562373, 'impression', '14', 240900693L, datetime.datetime(2013, 5, 21, 7, 26, 34), 0.0838477425092614, False, 'best']
['nevaleak', 202562373, 'impression', '10', 240900500L, datetime.datetime(2013, 5, 21, 7, 26, 34), 0.131229058548433, False, 'best']
['nevaleak', 202562373, 'impression', '15', 240902443L, datetime.datetime(2013, 5, 21, 7, 26, 34), 0.0837296837259421, False, 'best']
['nevaleak', 202562373, 'impression', '12', 240901670L, datetime.datetime(2013, 5, 21, 7, 26, 34), 0.106267577678958, False, 'best']
['nevaleak', 202562373, 'impression', '11', 240901838L, datetime.datetime(2013, 5, 21, 7, 26, 34), 0.111725311273, False, 'best']
['nevaleak', 202562373, 'impression', '13', 240901375L, datetime.datetime(2013, 5, 21, 7, 26, 37), 0.100388496921491, False, 'best']
['nevaleak', 202562373, 'impression', '14', 240900693L, datetime.datetime(2013, 5, 21, 7, 26, 39), 0.0838477425092614, False, 'best']
['nevaleak', 202562373, 'impression', '15', 240902443L, datetime.datetime(2013, 5, 21, 7, 26, 41), 0.0837296837259421, False, 'best']
['nevaleak', 202562373, 'impression', '12', 240901670L, datetime.datetime(2013, 5, 21, 7, 26, 45), 0.106267577678958, False, 'best']
['nevaleak', 202562373, 'impression', '12', 240901670L, datetime.datetime(2013, 5, 21, 7, 26, 46), 0.106267577678958, False, 'best']
['nevaleak', 202562373, 'impression', '11', 240901838L, datetime.datetime(2013, 5, 21, 7, 26, 47), 0.111725311273, False, 'best']
['nevaleak', 202562373, 'impression', '11', 240901838L, datetime.datetime(2013, 5, 21, 7, 26, 47), 0.111725311273, False, 'best']
['nevaleak', 202562373, 'impression', '10', 240900500L, datetime.datetime(2013, 5, 21, 7, 26, 48), 0.131229058548433, False, 'best']
['nevaleak', 202562373, 'impression', '9', 240899600L, datetime.datetime(2013, 5, 21, 7, 26, 49), 0.13597063284113, False, 'best']
['nevaleak', 202562373, 'impression', '10', 240900500L, datetime.datetime(2013, 5, 21, 7, 26, 50), 0.131229058548433, False, 'best']
['nevaleak', 202562373, 'impression', '8', 240899690L, datetime.datetime(2013, 5, 21, 7, 26, 55), 0.140545394311869, False, 'best']
['nevaleak', 202562373, 'impression', '7', 240900962L, datetime.datetime(2013, 5, 21, 7, 26, 58), 0.141455064829012, False, 'best']
['nevaleak', 202562373, 'impression', '7', 240900962L, datetime.datetime(2013, 5, 21, 7, 27), 0.141455064829012, False, 'best']
['nevaleak', 202562373, 'impression', '6', 240899784L, datetime.datetime(2013, 5, 21, 7, 27, 1), 0.1476001375772, False, 'best']
['nevaleak', 202562373, 'impression', '6', 240899784L, datetime.datetime(2013, 5, 21, 7, 27, 2), 0.1476001375772, False, 'best']
['nevaleak', 202562373, 'impression', '5', 240900133L, datetime.datetime(2013, 5, 21, 7, 27, 3), 0.154263144911509, False, 'best']
['nevaleak', 202562373, 'impression', '5', 240900133L, datetime.datetime(2013, 5, 21, 7, 27, 3), 0.154263144911509, False, 'best']
['nevaleak', 202562373, 'impression', '4', 240899704L, datetime.datetime(2013, 5, 21, 7, 27, 4), 0.212902629607857, False, 'best']
['nevaleak', 202562373, 'impression', '4', 240899704L, datetime.datetime(2013, 5, 21, 7, 27, 5), 0.212902629607857, False, 'best']
['nevaleak', 202562373, 'impression', '3', 240902586L, datetime.datetime(2013, 5, 21, 7, 27, 8), 0.303955448242683, False, 'best']
['nevaleak', 202562373, 'impression', '3', 240902586L, datetime.datetime(2013, 5, 21, 7, 27, 9), 0.303955448242683, False, 'best']
['nevaleak', 202562373, 'impression', '2', 240900432L, datetime.datetime(2013, 5, 21, 7, 27, 9), 0.338743242047047, False, 'best']
['nevaleak', 202562373, 'impression', '2', 240900432L, datetime.datetime(2013, 5, 21, 7, 27, 11), 0.338743242047047, False, 'best']
['nevaleak', 202562373, 'impression', '1', 240901051L, datetime.datetime(2013, 5, 21, 7, 27, 11), 0.352514309775326, False, 'best']
['nevaleak', 202562373, 'impression', '1', 240901051L, datetime.datetime(2013, 5, 21, 7, 27, 12), 0.352514309775326, False, 'best']
['nevaleak', 202562373, 'impression', '10', 240900500L, datetime.datetime(2013, 5, 21, 7, 27, 12), 0.131229058548433, False, 'best']
['nevaleak', 202562373, 'impression', '16', 240902253L, datetime.datetime(2013, 5, 21, 7, 27, 14), 0.0797480203016658, False, 'best']
['nevaleak', 202562373, 'impression', '16', 240902253L, datetime.datetime(2013, 5, 21, 7, 27, 15), 0.0797480203016658, False, 'best']
['nevaleak', 202562373, 'impression', '17', 240901136L, datetime.datetime(2013, 5, 21, 7, 27, 16), 0.0728978685788583, False, 'best']
['nevaleak', 202562373, 'impression', '18', 240902820L, datetime.datetime(2013, 5, 21, 7, 27, 17), 0.0693780432939391, False, 'best']
['nevaleak', 202562373, 'impression', '19', 240902685L, datetime.datetime(2013, 5, 21, 7, 27, 20), 0.0673675222202603, False, 'best']
['nevaleak', 202562373, 'impression', '19', 240902685L, datetime.datetime(2013, 5, 21, 7, 27, 21), 0.0673675222202603, False, 'best']
['nevaleak', 202562373, 'impression', '20', 240900291L, datetime.datetime(2013, 5, 21, 7, 27, 22), 0.0609399759206814, False, 'best']
['nevaleak', 202562373, 'impression', '21', 240902931L, datetime.datetime(2013, 5, 21, 7, 27, 26), 0.0568780494763715, False, 'best']
['nevaleak', 202562373, 'impression', '21', 240902931L, datetime.datetime(2013, 5, 21, 7, 27, 27), 0.0568780494763715, False, 'best']
['nevaleak', 202562373, 'impression', '21', 240902931L, datetime.datetime(2013, 5, 21, 7, 27, 30), 0.0568780494763715, False, 'best']
['nevaleak', 202562373, 'impression', '22', 240899925L, datetime.datetime(2013, 5, 21, 7, 27, 30), 0.0415584092453222, False, 'best']
['nevaleak', 202562373, 'impression', '23', 240902448L, datetime.datetime(2013, 5, 21, 7, 27, 32), 0.039480844755727, False, 'best']
['nevaleak', 202562373, 'impression', '20', 240900291L, datetime.datetime(2013, 5, 21, 7, 27, 33), 0.0609399759206814, False, 'best']
['nevaleak', 202562373, 'view_full_application_via_name', '20', 240900291L, datetime.datetime(2013, 5, 21, 7, 27, 37), 0.0609399759206814, False, 'best']
['nevaleak', 202562373, 'impression', '4', 240903825L, datetime.datetime(2013, 5, 21, 7, 41, 48), 0.0906132661271417, False, 'best']
['nevaleak', 202562373, 'impression', '8', 240900291L, datetime.datetime(2013, 5, 21, 7, 41, 48), 0.0609399759206814, False, 'best']
['nevaleak', 202562373, 'impression', '10', 240901178L, datetime.datetime(2013, 5, 21, 7, 41, 48), 0.223554250241522, False, 'best']
['nevaleak', 202562373, 'impression', '7', 240902820L, datetime.datetime(2013, 5, 21, 7, 41, 48), 0.0693780432939391, False, 'best']
['nevaleak', 202562373, 'impression', '3', 240904265L, datetime.datetime(2013, 5, 21, 7, 41, 48), 0.0989745098016977, False, 'best']
['nevaleak', 202562373, 'impression', '1', 240900500L, datetime.datetime(2013, 5, 21, 7, 41, 48), 0.131229058548433, False, 'best']
['nevaleak', 202562373, 'impression', '2', 240903664L, datetime.datetime(2013, 5, 21, 7, 41, 48), 0.120982879223505, False, 'best']
['nevaleak', 202562373, 'impression', '6', 240903797L, datetime.datetime(2013, 5, 21, 7, 41, 48), 0.0752825932249877, False, 'best']
['nevaleak', 202562373, 'impression', '5', 240902443L, datetime.datetime(2013, 5, 21, 7, 41, 48), 0.0837296837259421, False, 'best']
['nevaleak', 202562373, 'impression', '11', 240903902L, datetime.datetime(2013, 5, 21, 7, 41, 48), 0.0804650586484311, False, 'best']
['nevaleak', 202562373, 'impression', '9', 240903523L, datetime.datetime(2013, 5, 21, 7, 41, 48), 0.0426604527579359, False, 'best']
['nevaleak', 202562373, 'impression', '4', 240903825L, datetime.datetime(2013, 5, 21, 7, 42, 26), 0.0906132661271417, False, 'best']
['nevaleak', 202562373, 'impression', '4', 240903825L, datetime.datetime(2013, 5, 21, 7, 42, 28), 0.0906132661271417, False, 'best']
['nevaleak', 202562373, 'shortlist', '4', 240903825L, datetime.datetime(2013, 5, 21, 7, 42, 34), 0.0906132661271417, False, 'best']
['nevaleak', 202562373, 'impression', '5', 240902443L, datetime.datetime(2013, 5, 21, 7, 42, 39), 0.0837296837259421, False, 'best']
['nevaleak', 202562373, 'impression', '2', 240903664L, datetime.datetime(2013, 5, 21, 7, 42, 40), 0.120982879223505, False, 'best']
['nevaleak', 202562373, 'impression', '3', 240904265L, datetime.datetime(2013, 5, 21, 7, 42, 45), 0.0989745098016977, False, 'best']
['nevaleak', 202562373, 'impression', '6', 240903797L, datetime.datetime(2013, 5, 21, 7, 42, 48), 0.0752825932249877, False, 'best']
['nevaleak', 202562373, 'impression', '7', 240902820L, datetime.datetime(2013, 5, 21, 7, 42, 49), 0.0693780432939391, False, 'best']
['nevaleak', 202562373, 'impression', '5', 240902443L, datetime.datetime(2013, 5, 21, 7, 42, 50), 0.0837296837259421, False, 'best']
['nevaleak', 202562373, 'impression', '10', 240901178L, datetime.datetime(2013, 5, 21, 7, 42, 55), 0.223554250241522, False, 'best']
['nevaleak', 202562373, 'impression', '11', 240903902L, datetime.datetime(2013, 5, 21, 7, 42, 58), 0.0804650586484311, False, 'best']
['nevaleak', 202562373, 'impression', '9', 240903523L, datetime.datetime(2013, 5, 21, 7, 42, 59), 0.0426604527579359, False, 'best']
['nevaleak', 202562373, 'shortlist', '1', 240900500L, datetime.datetime(2013, 5, 21, 7, 43, 7), 0.131229058548433, False, 'best']
['nevaleak', 202562373, 'shortlist', '3', 240904265L, datetime.datetime(2013, 5, 21, 7, 43, 9), 0.0989745098016977, False, 'best']
['nevaleak', 202562373, 'shortlist', '5', 240902443L, datetime.datetime(2013, 5, 21, 7, 43, 11), 0.0837296837259421, False, 'best']
['nevaleak', 202562373, 'impression', '7', 240902820L, datetime.datetime(2013, 5, 21, 7, 43, 14), 0.0693780432939391, False, 'best']
['nevaleak', 202562373, 'shortlist', '7', 240902820L, datetime.datetime(2013, 5, 21, 7, 43, 15), 0.0693780432939391, False, 'best']
['nevaleak', 202562373, 'shortlist', '8', 240900291L, datetime.datetime(2013, 5, 21, 7, 43, 16), 0.0609399759206814, False, 'best']
['nevaleak', 202562373, 'impression', None, 240900291L, datetime.datetime(2013, 5, 21, 7, 43, 21), 0.0609399759206814, False, 'best']
['nevaleak', 202562373, 'impression', '8', 240900291L, datetime.datetime(2013, 5, 21, 7, 43, 21), 0.0609399759206814, False, 'best']
['nevaleak', 202562373, 'expand_tile', '9', 240903523L, datetime.datetime(2013, 5, 21, 7, 43, 29), 0.0426604527579359, False, 'best']
['nevaleak', 202562373, 'impression', '9', 240903523L, datetime.datetime(2013, 5, 21, 7, 43, 34), 0.0426604527579359, False, 'best']
['nevaleak', 202562373, 'impression', '9', 240903523L, datetime.datetime(2013, 5, 21, 7, 43, 41), 0.0426604527579359, False, 'best']
['nevaleak', 202562373, 'impression', '1', 240900500L, datetime.datetime(2013, 5, 21, 7, 48, 25), 0.131229058548433, False, 'best']
['nevaleak', 202562373, 'impression', None, 240900500L, datetime.datetime(2013, 5, 21, 7, 48, 25), 0.131229058548433, False, 'best']
['nevaleak', 202562373, 'view_full_application_via_name', '3', 240904265L, datetime.datetime(2013, 5, 21, 7, 48, 26), 0.0989745098016977, False, 'best']

['nevaleak', 202562373, 'impression', '7', 240904837L, datetime.datetime(2013, 5, 21, 23, 58, 44), 0.173903290859835, False, 'best']
['nevaleak', 202562373, 'impression', '19', 240928426L, datetime.datetime(2013, 5, 21, 23, 58, 44), 0.0997722775585065, False, 'best']
['nevaleak', 202562373, 'impression', '6', 240933952L, datetime.datetime(2013, 5, 21, 23, 58, 44), 0.178305944270781, False, 'best']
['nevaleak', 202562373, 'impression', '9', 240935101L, datetime.datetime(2013, 5, 21, 23, 58, 44), 0.162968563266876, False, 'best']
['nevaleak', 202562373, 'impression', '15', 240900500L, datetime.datetime(2013, 5, 21, 23, 58, 44), 0.131229058548433, False, 'best']
['nevaleak', 202562373, 'impression', '3', 240920024L, datetime.datetime(2013, 5, 21, 23, 58, 44), 0.270588057915105, False, 'best']
['nevaleak', 202562373, 'impression', '1', 240909172L, datetime.datetime(2013, 5, 21, 23, 58, 44), 0.933648242789189, False, 'best']
['nevaleak', 202562373, 'impression', '5', 240948629L, datetime.datetime(2013, 5, 21, 23, 58, 44), 0.231507952845095, False, 'best']
['nevaleak', 202562373, 'impression', '10', 240918072L, datetime.datetime(2013, 5, 21, 23, 58, 44), 0.154196259855786, False, 'best']
['nevaleak', 202562373, 'impression', '11', 240921754L, datetime.datetime(2013, 5, 21, 23, 58, 44), 0.153069882184472, False, 'best']
['nevaleak', 202562373, 'impression', '12', 240920699L, datetime.datetime(2013, 5, 21, 23, 58, 44), 0.141857745963803, False, 'best']
['nevaleak', 202562373, 'impression', '18', 240921855L, datetime.datetime(2013, 5, 21, 23, 58, 44), 0.104944503388593, False, 'best']
['nevaleak', 202562373, 'impression', '13', 240932513L, datetime.datetime(2013, 5, 21, 23, 58, 44), 0.141444217124853, False, 'best']
['nevaleak', 202562373, 'impression', '17', 240908714L, datetime.datetime(2013, 5, 21, 23, 58, 44), 0.121956220169891, False, 'best']
['nevaleak', 202562373, 'impression', '20', 240958136L, datetime.datetime(2013, 5, 21, 23, 58, 44), 0.0997597271948898, False, 'best']
['nevaleak', 202562373, 'impression', '4', 240963228L, datetime.datetime(2013, 5, 21, 23, 58, 44), 0.240581233712554, False, 'best']
['nevaleak', 202562373, 'impression', '16', 240914877L, datetime.datetime(2013, 5, 21, 23, 58, 44), 0.123185985316998, False, 'best']
['nevaleak', 202562373, 'impression', '14', 240917080L, datetime.datetime(2013, 5, 21, 23, 58, 44), 0.131745105945626, False, 'best']
['nevaleak', 202562373, 'impression', '2', 240905088L, datetime.datetime(2013, 5, 21, 23, 58, 44), 0.418479098891348, False, 'best']
['nevaleak', 202562373, 'impression', '8', 240912952L, datetime.datetime(2013, 5, 21, 23, 58, 44), 0.164301107577974, False, 'best']

