['osoyos', 202574148, 'impression', '2', 241139567L, datetime.datetime(2013, 5, 24, 9, 8, 7), 0.371420163841099, True, 'time']
['osoyos', 202574148, 'impression', '3', 241133599L, datetime.datetime(2013, 5, 24, 9, 8, 7), 0.114700434354119, False, 'time']
['osoyos', 202574148, 'impression', '4', 241133389L, datetime.datetime(2013, 5, 24, 9, 8, 7), 0.121116838680362, False, 'time']
['osoyos', 202574148, 'impression', '1', 241147861L, datetime.datetime(2013, 5, 24, 9, 8, 7), 0.0805221616447606, False, 'time']
['osoyos', 202574148, 'expand_tile', '2', 241139567L, datetime.datetime(2013, 5, 24, 9, 9, 25), 0.371420163841099, True, 'time']
['osoyos', 202574148, 'view_full_application', '2', 241139567L, datetime.datetime(2013, 5, 24, 9, 10, 38), 0.371420163841099, True, 'time']
['osoyos', 202574148, 'impression', '3', 241133599L, datetime.datetime(2013, 5, 24, 9, 13, 51), 0.114700434354119, False, 'time']
['osoyos', 202574148, 'impression', '2', 241139567L, datetime.datetime(2013, 5, 24, 9, 13, 51), 0.371420163841099, True, 'time']
['osoyos', 202574148, 'impression', '4', 241133389L, datetime.datetime(2013, 5, 24, 9, 13, 51), 0.121116838680362, False, 'time']
['osoyos', 202574148, 'impression', '1', 241147861L, datetime.datetime(2013, 5, 24, 9, 13, 51), 0.0805221616447606, False, 'time']
['osoyos', 202574148, 'expand_tile', '1', 241147861L, datetime.datetime(2013, 5, 24, 9, 13, 56), 0.0805221616447606, False, 'time']
['osoyos', 202574148, 'impression', '1', 241147861L, datetime.datetime(2013, 5, 24, 9, 14, 26), 0.0805221616447606, False, 'time']
['osoyos', 202574148, 'view_full_application', '1', 241147861L, datetime.datetime(2013, 5, 24, 9, 14, 28), 0.0805221616447606, False, 'time']
['osoyos', 202574148, 'impression', '3', 241133599L, datetime.datetime(2013, 5, 24, 9, 17, 8), 0.114700434354119, False, 'time']
['osoyos', 202574148, 'impression', '2', 241139567L, datetime.datetime(2013, 5, 24, 9, 17, 8), 0.371420163841099, True, 'time']
['osoyos', 202574148, 'impression', '4', 241133389L, datetime.datetime(2013, 5, 24, 9, 17, 8), 0.121116838680362, False, 'time']
['osoyos', 202574148, 'impression', '1', 241147861L, datetime.datetime(2013, 5, 24, 9, 17, 8), 0.0805221616447606, False, 'time']

['osoyos', 202574148, 'impression', '2', 241139567L, datetime.datetime(2013, 5, 25, 16, 7, 21), 0.371420163841099, True, 'time']
['osoyos', 202574148, 'impression', '3', 241133599L, datetime.datetime(2013, 5, 25, 16, 7, 21), 0.114700434354119, False, 'time']
['osoyos', 202574148, 'impression', '4', 241133389L, datetime.datetime(2013, 5, 25, 16, 7, 21), 0.121116838680362, False, 'time']
['osoyos', 202574148, 'impression', '1', 241147861L, datetime.datetime(2013, 5, 25, 16, 7, 21), 0.0805221616447606, False, 'time']
['osoyos', 202574148, 'expand_tile', '2', 241139567L, datetime.datetime(2013, 5, 25, 16, 8, 32), 0.371420163841099, True, 'time']
['osoyos', 202574148, 'collapse_tile', '2', 241139567L, datetime.datetime(2013, 5, 25, 16, 8, 55), 0.371420163841099, True, 'time']
['osoyos', 202574148, 'expand_tile', '2', 241139567L, datetime.datetime(2013, 5, 25, 16, 9, 2), 0.371420163841099, True, 'time']
['osoyos', 202574148, 'view_full_application', '2', 241139567L, datetime.datetime(2013, 5, 25, 16, 9, 5), 0.371420163841099, True, 'time']

['osoyos', 202574148, 'impression', '4', 241133389L, datetime.datetime(2013, 5, 25, 19, 55, 15), 0.121116838680362, False, 'time']
['osoyos', 202574148, 'impression', '1', 241147861L, datetime.datetime(2013, 5, 25, 19, 55, 15), 0.0805221616447606, False, 'time']
['osoyos', 202574148, 'impression', '2', 241139567L, datetime.datetime(2013, 5, 25, 19, 55, 15), 0.371420163841099, True, 'time']
['osoyos', 202574148, 'impression', '3', 241133599L, datetime.datetime(2013, 5, 25, 19, 55, 15), 0.114700434354119, False, 'time']
['osoyos', 202574148, 'expand_tile', '2', 241139567L, datetime.datetime(2013, 5, 25, 19, 55, 23), 0.371420163841099, True, 'time']
['osoyos', 202574148, 'hire', '2', 241139567L, datetime.datetime(2013, 5, 25, 19, 55, 32), 0.371420163841099, True, 'time']

