['pancrazio77', 202536724, 'impression', '1', 240418409L, datetime.datetime(2013, 5, 15, 5, 42, 20), 0.256500912269731, False, 'time']
['pancrazio77', 202536724, 'impression', '4', 240408955L, datetime.datetime(2013, 5, 15, 5, 42, 20), 0.275650515972797, False, 'time']
['pancrazio77', 202536724, 'impression', '5', 240395827L, datetime.datetime(2013, 5, 15, 5, 42, 20), 0.20493384304344, False, 'time']
['pancrazio77', 202536724, 'impression', '2', 240416563L, datetime.datetime(2013, 5, 15, 5, 42, 20), 0.215845523893849, False, 'time']
['pancrazio77', 202536724, 'impression', '3', 240409849L, datetime.datetime(2013, 5, 15, 5, 42, 20), 0.602351274470116, False, 'time']

['pancrazio77', 202536724, 'impression', '5', 240446670L, datetime.datetime(2013, 5, 16, 12, 1, 39), 0.148740000060382, False, 'time']
['pancrazio77', 202536724, 'impression', '8', 240431995L, datetime.datetime(2013, 5, 16, 12, 1, 39), 0.531043927623043, False, 'time']
['pancrazio77', 202536724, 'impression', '12', 240409849L, datetime.datetime(2013, 5, 16, 12, 1, 39), 0.602351274470116, False, 'time']
['pancrazio77', 202536724, 'impression', '10', 240418409L, datetime.datetime(2013, 5, 16, 12, 1, 39), 0.256500912269731, False, 'time']
['pancrazio77', 202536724, 'impression', '7', 240431994L, datetime.datetime(2013, 5, 16, 12, 1, 39), 0.22660744982188, False, 'time']
['pancrazio77', 202536724, 'impression', '4', 240456977L, datetime.datetime(2013, 5, 16, 12, 1, 39), 0.214811630181614, False, 'time']
['pancrazio77', 202536724, 'impression', '2', 240464726L, datetime.datetime(2013, 5, 16, 12, 1, 39), 0.150048458879735, False, 'time']
['pancrazio77', 202536724, 'impression', '11', 240416563L, datetime.datetime(2013, 5, 16, 12, 1, 39), 0.215845523893849, False, 'time']
['pancrazio77', 202536724, 'impression', '6', 240432907L, datetime.datetime(2013, 5, 16, 12, 1, 39), 0.154590345257064, False, 'time']
['pancrazio77', 202536724, 'impression', '9', 240420779L, datetime.datetime(2013, 5, 16, 12, 1, 39), 0.255876736743291, False, 'time']
['pancrazio77', 202536724, 'impression', '14', 240395827L, datetime.datetime(2013, 5, 16, 12, 1, 39), 0.20493384304344, False, 'time']
['pancrazio77', 202536724, 'impression', '1', 240490035L, datetime.datetime(2013, 5, 16, 12, 1, 39), 0.0820499887636128, False, 'time']
['pancrazio77', 202536724, 'impression', '13', 240408955L, datetime.datetime(2013, 5, 16, 12, 1, 39), 0.275650515972797, False, 'time']
['pancrazio77', 202536724, 'impression', '3', 240457190L, datetime.datetime(2013, 5, 16, 12, 1, 39), 0.080781790754901, False, 'time']
['pancrazio77', 202536724, 'impression', '4', 240446670L, datetime.datetime(2013, 5, 16, 12, 1, 55), 0.148740000060382, False, 'time']
['pancrazio77', 202536724, 'impression', '5', 240431995L, datetime.datetime(2013, 5, 16, 12, 1, 55), 0.531043927623043, False, 'time']
['pancrazio77', 202536724, 'impression', '1', 240464726L, datetime.datetime(2013, 5, 16, 12, 1, 55), 0.150048458879735, False, 'time']
['pancrazio77', 202536724, 'impression', '7', 240409849L, datetime.datetime(2013, 5, 16, 12, 1, 55), 0.602351274470116, False, 'time']
['pancrazio77', 202536724, 'impression', '8', 240408955L, datetime.datetime(2013, 5, 16, 12, 1, 55), 0.275650515972797, False, 'time']
['pancrazio77', 202536724, 'impression', '2', 240457190L, datetime.datetime(2013, 5, 16, 12, 1, 55), 0.080781790754901, False, 'time']
['pancrazio77', 202536724, 'impression', '9', 240395827L, datetime.datetime(2013, 5, 16, 12, 1, 55), 0.20493384304344, False, 'time']
['pancrazio77', 202536724, 'impression', '3', 240456977L, datetime.datetime(2013, 5, 16, 12, 1, 55), 0.214811630181614, False, 'time']
['pancrazio77', 202536724, 'impression', '6', 240418409L, datetime.datetime(2013, 5, 16, 12, 1, 55), 0.256500912269731, False, 'time']
['pancrazio77', 202536724, 'impression', '8', 240431995L, datetime.datetime(2013, 5, 16, 12, 2), 0.531043927623043, False, 'time']
['pancrazio77', 202536724, 'impression', '5', 240446670L, datetime.datetime(2013, 5, 16, 12, 2), 0.148740000060382, False, 'time']
['pancrazio77', 202536724, 'impression', '14', 240395827L, datetime.datetime(2013, 5, 16, 12, 2), 0.20493384304344, False, 'time']
['pancrazio77', 202536724, 'impression', '4', 240456977L, datetime.datetime(2013, 5, 16, 12, 2), 0.214811630181614, False, 'time']
['pancrazio77', 202536724, 'impression', '7', 240431994L, datetime.datetime(2013, 5, 16, 12, 2), 0.22660744982188, False, 'time']
['pancrazio77', 202536724, 'impression', '10', 240418409L, datetime.datetime(2013, 5, 16, 12, 2), 0.256500912269731, False, 'time']
['pancrazio77', 202536724, 'impression', '9', 240420779L, datetime.datetime(2013, 5, 16, 12, 2), 0.255876736743291, False, 'time']
['pancrazio77', 202536724, 'impression', '11', 240416563L, datetime.datetime(2013, 5, 16, 12, 2), 0.215845523893849, False, 'time']
['pancrazio77', 202536724, 'impression', '2', 240464726L, datetime.datetime(2013, 5, 16, 12, 2), 0.150048458879735, False, 'time']
['pancrazio77', 202536724, 'impression', '6', 240432907L, datetime.datetime(2013, 5, 16, 12, 2), 0.154590345257064, False, 'time']
['pancrazio77', 202536724, 'impression', '13', 240408955L, datetime.datetime(2013, 5, 16, 12, 2), 0.275650515972797, False, 'time']
['pancrazio77', 202536724, 'impression', '1', 240490035L, datetime.datetime(2013, 5, 16, 12, 2), 0.0820499887636128, False, 'time']
['pancrazio77', 202536724, 'impression', '3', 240457190L, datetime.datetime(2013, 5, 16, 12, 2), 0.080781790754901, False, 'time']
['pancrazio77', 202536724, 'impression', '12', 240409849L, datetime.datetime(2013, 5, 16, 12, 2), 0.602351274470116, False, 'time']
['pancrazio77', 202536724, 'expand_tile', '1', 240490035L, datetime.datetime(2013, 5, 16, 12, 2, 40), 0.0820499887636128, False, 'time']
['pancrazio77', 202536724, 'impression', '1', 240490035L, datetime.datetime(2013, 5, 16, 12, 2, 50), 0.0820499887636128, False, 'time']
['pancrazio77', 202536724, 'impression', '1', 240490035L, datetime.datetime(2013, 5, 16, 12, 2, 52), 0.0820499887636128, False, 'time']
['pancrazio77', 202536724, 'impression', '1', 240490035L, datetime.datetime(2013, 5, 16, 12, 2, 53), 0.0820499887636128, False, 'time']
['pancrazio77', 202536724, 'expand_tile', '1', 240490035L, datetime.datetime(2013, 5, 16, 12, 2, 54), 0.0820499887636128, False, 'time']
['pancrazio77', 202536724, 'impression', '2', 240464726L, datetime.datetime(2013, 5, 16, 12, 2, 54), 0.150048458879735, False, 'time']
['pancrazio77', 202536724, 'impression', '3', 240457190L, datetime.datetime(2013, 5, 16, 12, 2, 56), 0.080781790754901, False, 'time']
['pancrazio77', 202536724, 'impression', '2', 240464726L, datetime.datetime(2013, 5, 16, 12, 2, 57), 0.150048458879735, False, 'time']
['pancrazio77', 202536724, 'impression', '3', 240457190L, datetime.datetime(2013, 5, 16, 12, 5), 0.080781790754901, False, 'time']
['pancrazio77', 202536724, 'impression', '7', 240431994L, datetime.datetime(2013, 5, 16, 12, 5), 0.22660744982188, False, 'time']
['pancrazio77', 202536724, 'impression', '10', 240418409L, datetime.datetime(2013, 5, 16, 12, 5), 0.256500912269731, False, 'time']
['pancrazio77', 202536724, 'impression', '4', 240456977L, datetime.datetime(2013, 5, 16, 12, 5), 0.214811630181614, False, 'time']
['pancrazio77', 202536724, 'impression', '14', 240395827L, datetime.datetime(2013, 5, 16, 12, 5), 0.20493384304344, False, 'time']
['pancrazio77', 202536724, 'impression', '11', 240416563L, datetime.datetime(2013, 5, 16, 12, 5), 0.215845523893849, False, 'time']
['pancrazio77', 202536724, 'impression', '2', 240464726L, datetime.datetime(2013, 5, 16, 12, 5), 0.150048458879735, False, 'time']
['pancrazio77', 202536724, 'impression', '9', 240420779L, datetime.datetime(2013, 5, 16, 12, 5), 0.255876736743291, False, 'time']
['pancrazio77', 202536724, 'impression', '6', 240432907L, datetime.datetime(2013, 5, 16, 12, 5), 0.154590345257064, False, 'time']
['pancrazio77', 202536724, 'impression', '5', 240446670L, datetime.datetime(2013, 5, 16, 12, 5), 0.148740000060382, False, 'time']
['pancrazio77', 202536724, 'impression', '8', 240431995L, datetime.datetime(2013, 5, 16, 12, 5), 0.531043927623043, False, 'time']
['pancrazio77', 202536724, 'impression', '12', 240409849L, datetime.datetime(2013, 5, 16, 12, 5), 0.602351274470116, False, 'time']
['pancrazio77', 202536724, 'impression', '1', 240490035L, datetime.datetime(2013, 5, 16, 12, 5), 0.0820499887636128, False, 'time']
['pancrazio77', 202536724, 'impression', '13', 240408955L, datetime.datetime(2013, 5, 16, 12, 5), 0.275650515972797, False, 'time']

['pancrazio77', 202536724, 'impression', '3', 240457190L, datetime.datetime(2013, 5, 16, 20, 44, 48), 0.080781790754901, False, 'time']
['pancrazio77', 202536724, 'impression', '14', 240395827L, datetime.datetime(2013, 5, 16, 20, 44, 48), 0.20493384304344, False, 'time']
['pancrazio77', 202536724, 'impression', '12', 240409849L, datetime.datetime(2013, 5, 16, 20, 44, 48), 0.602351274470116, False, 'time']
['pancrazio77', 202536724, 'impression', '4', 240456977L, datetime.datetime(2013, 5, 16, 20, 44, 48), 0.214811630181614, False, 'time']
['pancrazio77', 202536724, 'impression', '10', 240418409L, datetime.datetime(2013, 5, 16, 20, 44, 48), 0.256500912269731, False, 'time']
['pancrazio77', 202536724, 'impression', '7', 240431994L, datetime.datetime(2013, 5, 16, 20, 44, 48), 0.22660744982188, False, 'time']
['pancrazio77', 202536724, 'impression', '5', 240446670L, datetime.datetime(2013, 5, 16, 20, 44, 48), 0.148740000060382, False, 'time']
['pancrazio77', 202536724, 'impression', '8', 240431995L, datetime.datetime(2013, 5, 16, 20, 44, 48), 0.531043927623043, False, 'time']
['pancrazio77', 202536724, 'impression', '13', 240408955L, datetime.datetime(2013, 5, 16, 20, 44, 48), 0.275650515972797, False, 'time']
['pancrazio77', 202536724, 'impression', '1', 240490035L, datetime.datetime(2013, 5, 16, 20, 44, 48), 0.0820499887636128, False, 'time']
['pancrazio77', 202536724, 'impression', '6', 240432907L, datetime.datetime(2013, 5, 16, 20, 44, 48), 0.154590345257064, False, 'time']
['pancrazio77', 202536724, 'impression', '9', 240420779L, datetime.datetime(2013, 5, 16, 20, 44, 48), 0.255876736743291, False, 'time']
['pancrazio77', 202536724, 'impression', '2', 240464726L, datetime.datetime(2013, 5, 16, 20, 44, 48), 0.150048458879735, False, 'time']
['pancrazio77', 202536724, 'impression', '11', 240416563L, datetime.datetime(2013, 5, 16, 20, 44, 48), 0.215845523893849, False, 'time']

['pancrazio77', 202536724, 'impression', '15', 240395827L, datetime.datetime(2013, 5, 17, 12, 21, 22), 0.20493384304344, False, 'time']
['pancrazio77', 202536724, 'impression', '4', 240457190L, datetime.datetime(2013, 5, 17, 12, 21, 22), 0.080781790754901, False, 'time']
['pancrazio77', 202536724, 'impression', '12', 240416563L, datetime.datetime(2013, 5, 17, 12, 21, 22), 0.215845523893849, False, 'time']
['pancrazio77', 202536724, 'impression', '3', 240464726L, datetime.datetime(2013, 5, 17, 12, 21, 22), 0.150048458879735, False, 'time']
['pancrazio77', 202536724, 'impression', '10', 240420779L, datetime.datetime(2013, 5, 17, 12, 21, 22), 0.255876736743291, False, 'time']
['pancrazio77', 202536724, 'impression', '7', 240432907L, datetime.datetime(2013, 5, 17, 12, 21, 22), 0.154590345257064, False, 'time']
['pancrazio77', 202536724, 'impression', '13', 240409849L, datetime.datetime(2013, 5, 17, 12, 21, 22), 0.602351274470116, False, 'time']
['pancrazio77', 202536724, 'impression', '2', 240490035L, datetime.datetime(2013, 5, 17, 12, 21, 22), 0.0820499887636128, False, 'time']
['pancrazio77', 202536724, 'impression', '14', 240408955L, datetime.datetime(2013, 5, 17, 12, 21, 22), 0.275650515972797, False, 'time']
['pancrazio77', 202536724, 'impression', '5', 240456977L, datetime.datetime(2013, 5, 17, 12, 21, 22), 0.214811630181614, False, 'time']
['pancrazio77', 202536724, 'impression', '1', 240617739L, datetime.datetime(2013, 5, 17, 12, 21, 22), 0.165964466070291, False, 'time']
['pancrazio77', 202536724, 'impression', '11', 240418409L, datetime.datetime(2013, 5, 17, 12, 21, 22), 0.256500912269731, False, 'time']
['pancrazio77', 202536724, 'impression', '8', 240431994L, datetime.datetime(2013, 5, 17, 12, 21, 22), 0.22660744982188, False, 'time']
['pancrazio77', 202536724, 'impression', '6', 240446670L, datetime.datetime(2013, 5, 17, 12, 21, 22), 0.148740000060382, False, 'time']
['pancrazio77', 202536724, 'impression', '9', 240431995L, datetime.datetime(2013, 5, 17, 12, 21, 22), 0.531043927623043, False, 'time']

['pancrazio77', 202536724, 'impression', '7', 240446670L, datetime.datetime(2013, 5, 20, 7, 55, 49), 0.148740000060382, False, 'time']
['pancrazio77', 202536724, 'impression', '10', 240431995L, datetime.datetime(2013, 5, 20, 7, 55, 49), 0.531043927623043, False, 'time']
['pancrazio77', 202536724, 'impression', '3', 240490035L, datetime.datetime(2013, 5, 20, 7, 55, 49), 0.0820499887636128, False, 'time']
['pancrazio77', 202536724, 'impression', '15', 240408955L, datetime.datetime(2013, 5, 20, 7, 55, 49), 0.275650515972797, False, 'time']
['pancrazio77', 202536724, 'impression', '14', 240409849L, datetime.datetime(2013, 5, 20, 7, 55, 49), 0.602351274470116, False, 'time']
['pancrazio77', 202536724, 'impression', '2', 240617739L, datetime.datetime(2013, 5, 20, 7, 55, 49), 0.165964466070291, False, 'time']
['pancrazio77', 202536724, 'impression', '9', 240431994L, datetime.datetime(2013, 5, 20, 7, 55, 49), 0.22660744982188, False, 'time']
['pancrazio77', 202536724, 'impression', '12', 240418409L, datetime.datetime(2013, 5, 20, 7, 55, 49), 0.256500912269731, False, 'time']
['pancrazio77', 202536724, 'impression', '6', 240456977L, datetime.datetime(2013, 5, 20, 7, 55, 49), 0.214811630181614, False, 'time']
['pancrazio77', 202536724, 'impression', '16', 240395827L, datetime.datetime(2013, 5, 20, 7, 55, 49), 0.20493384304344, False, 'time']
['pancrazio77', 202536724, 'impression', '5', 240457190L, datetime.datetime(2013, 5, 20, 7, 55, 49), 0.080781790754901, False, 'time']
['pancrazio77', 202536724, 'impression', '1', 240725247L, datetime.datetime(2013, 5, 20, 7, 55, 49), 0.140470169679583, False, 'time']
['pancrazio77', 202536724, 'impression', '13', 240416563L, datetime.datetime(2013, 5, 20, 7, 55, 49), 0.215845523893849, False, 'time']
['pancrazio77', 202536724, 'impression', '4', 240464726L, datetime.datetime(2013, 5, 20, 7, 55, 49), 0.150048458879735, False, 'time']
['pancrazio77', 202536724, 'impression', '11', 240420779L, datetime.datetime(2013, 5, 20, 7, 55, 49), 0.255876736743291, False, 'time']
['pancrazio77', 202536724, 'impression', '8', 240432907L, datetime.datetime(2013, 5, 20, 7, 55, 49), 0.154590345257064, False, 'time']
['pancrazio77', 202536724, 'impression', '13', 240416563L, datetime.datetime(2013, 5, 20, 7, 56, 52), 0.215845523893849, False, 'time']
['pancrazio77', 202536724, 'impression', '1', 240725247L, datetime.datetime(2013, 5, 20, 7, 56, 52), 0.140470169679583, False, 'time']
['pancrazio77', 202536724, 'impression', '4', 240464726L, datetime.datetime(2013, 5, 20, 7, 56, 52), 0.150048458879735, False, 'time']
['pancrazio77', 202536724, 'impression', '8', 240432907L, datetime.datetime(2013, 5, 20, 7, 56, 52), 0.154590345257064, False, 'time']
['pancrazio77', 202536724, 'impression', '11', 240420779L, datetime.datetime(2013, 5, 20, 7, 56, 52), 0.255876736743291, False, 'time']
['pancrazio77', 202536724, 'impression', '15', 240408955L, datetime.datetime(2013, 5, 20, 7, 56, 52), 0.275650515972797, False, 'time']
['pancrazio77', 202536724, 'impression', '3', 240490035L, datetime.datetime(2013, 5, 20, 7, 56, 52), 0.0820499887636128, False, 'time']
['pancrazio77', 202536724, 'impression', '5', 240457190L, datetime.datetime(2013, 5, 20, 7, 56, 52), 0.080781790754901, False, 'time']
['pancrazio77', 202536724, 'impression', '14', 240409849L, datetime.datetime(2013, 5, 20, 7, 56, 52), 0.602351274470116, False, 'time']
['pancrazio77', 202536724, 'impression', '6', 240456977L, datetime.datetime(2013, 5, 20, 7, 56, 52), 0.214811630181614, False, 'time']
['pancrazio77', 202536724, 'impression', '9', 240431994L, datetime.datetime(2013, 5, 20, 7, 56, 52), 0.22660744982188, False, 'time']
['pancrazio77', 202536724, 'impression', '2', 240617739L, datetime.datetime(2013, 5, 20, 7, 56, 52), 0.165964466070291, False, 'time']
['pancrazio77', 202536724, 'impression', '12', 240418409L, datetime.datetime(2013, 5, 20, 7, 56, 52), 0.256500912269731, False, 'time']
['pancrazio77', 202536724, 'impression', '10', 240431995L, datetime.datetime(2013, 5, 20, 7, 56, 52), 0.531043927623043, False, 'time']
['pancrazio77', 202536724, 'impression', '7', 240446670L, datetime.datetime(2013, 5, 20, 7, 56, 52), 0.148740000060382, False, 'time']
['pancrazio77', 202536724, 'impression', '16', 240395827L, datetime.datetime(2013, 5, 20, 7, 56, 52), 0.20493384304344, False, 'time']
['pancrazio77', 202536724, 'impression', '14', 240409849L, datetime.datetime(2013, 5, 20, 7, 59, 15), 0.602351274470116, False, 'time']
['pancrazio77', 202536724, 'impression', '3', 240490035L, datetime.datetime(2013, 5, 20, 7, 59, 15), 0.0820499887636128, False, 'time']
['pancrazio77', 202536724, 'impression', '15', 240408955L, datetime.datetime(2013, 5, 20, 7, 59, 15), 0.275650515972797, False, 'time']
['pancrazio77', 202536724, 'impression', '8', 240432907L, datetime.datetime(2013, 5, 20, 7, 59, 15), 0.154590345257064, False, 'time']
['pancrazio77', 202536724, 'impression', '13', 240416563L, datetime.datetime(2013, 5, 20, 7, 59, 15), 0.215845523893849, False, 'time']
['pancrazio77', 202536724, 'impression', '4', 240464726L, datetime.datetime(2013, 5, 20, 7, 59, 15), 0.150048458879735, False, 'time']
['pancrazio77', 202536724, 'impression', '1', 240725247L, datetime.datetime(2013, 5, 20, 7, 59, 15), 0.140470169679583, False, 'time']
['pancrazio77', 202536724, 'impression', '11', 240420779L, datetime.datetime(2013, 5, 20, 7, 59, 15), 0.255876736743291, False, 'time']
['pancrazio77', 202536724, 'impression', '16', 240395827L, datetime.datetime(2013, 5, 20, 7, 59, 15), 0.20493384304344, False, 'time']
['pancrazio77', 202536724, 'impression', '6', 240456977L, datetime.datetime(2013, 5, 20, 7, 59, 15), 0.214811630181614, False, 'time']
['pancrazio77', 202536724, 'impression', '2', 240617739L, datetime.datetime(2013, 5, 20, 7, 59, 15), 0.165964466070291, False, 'time']
['pancrazio77', 202536724, 'impression', '12', 240418409L, datetime.datetime(2013, 5, 20, 7, 59, 15), 0.256500912269731, False, 'time']
['pancrazio77', 202536724, 'impression', '9', 240431994L, datetime.datetime(2013, 5, 20, 7, 59, 15), 0.22660744982188, False, 'time']
['pancrazio77', 202536724, 'impression', '10', 240431995L, datetime.datetime(2013, 5, 20, 7, 59, 15), 0.531043927623043, False, 'time']
['pancrazio77', 202536724, 'impression', '7', 240446670L, datetime.datetime(2013, 5, 20, 7, 59, 15), 0.148740000060382, False, 'time']
['pancrazio77', 202536724, 'impression', '5', 240457190L, datetime.datetime(2013, 5, 20, 7, 59, 15), 0.080781790754901, False, 'time']
['pancrazio77', 202536724, 'expand_tile', '1', 240725247L, datetime.datetime(2013, 5, 20, 7, 59, 20), 0.140470169679583, False, 'time']
['pancrazio77', 202536724, 'view_full_application', '1', 240725247L, datetime.datetime(2013, 5, 20, 7, 59, 45), 0.140470169679583, False, 'time']
['pancrazio77', 202536724, 'impression', '3', 240490035L, datetime.datetime(2013, 5, 20, 8, 3, 23), 0.0820499887636128, False, 'time']
['pancrazio77', 202536724, 'impression', '15', 240408955L, datetime.datetime(2013, 5, 20, 8, 3, 23), 0.275650515972797, False, 'time']
['pancrazio77', 202536724, 'impression', '12', 240418409L, datetime.datetime(2013, 5, 20, 8, 3, 23), 0.256500912269731, False, 'time']
['pancrazio77', 202536724, 'impression', '2', 240617739L, datetime.datetime(2013, 5, 20, 8, 3, 23), 0.165964466070291, False, 'time']
['pancrazio77', 202536724, 'impression', '9', 240431994L, datetime.datetime(2013, 5, 20, 8, 3, 23), 0.22660744982188, False, 'time']
['pancrazio77', 202536724, 'impression', '6', 240456977L, datetime.datetime(2013, 5, 20, 8, 3, 23), 0.214811630181614, False, 'time']
['pancrazio77', 202536724, 'impression', '4', 240464726L, datetime.datetime(2013, 5, 20, 8, 3, 23), 0.150048458879735, False, 'time']
['pancrazio77', 202536724, 'impression', '13', 240416563L, datetime.datetime(2013, 5, 20, 8, 3, 23), 0.215845523893849, False, 'time']
['pancrazio77', 202536724, 'impression', '8', 240432907L, datetime.datetime(2013, 5, 20, 8, 3, 23), 0.154590345257064, False, 'time']
['pancrazio77', 202536724, 'impression', '11', 240420779L, datetime.datetime(2013, 5, 20, 8, 3, 23), 0.255876736743291, False, 'time']
['pancrazio77', 202536724, 'impression', '1', 240725247L, datetime.datetime(2013, 5, 20, 8, 3, 23), 0.140470169679583, False, 'time']
['pancrazio77', 202536724, 'impression', '7', 240446670L, datetime.datetime(2013, 5, 20, 8, 3, 23), 0.148740000060382, False, 'time']
['pancrazio77', 202536724, 'impression', '10', 240431995L, datetime.datetime(2013, 5, 20, 8, 3, 23), 0.531043927623043, False, 'time']
['pancrazio77', 202536724, 'impression', '14', 240409849L, datetime.datetime(2013, 5, 20, 8, 3, 23), 0.602351274470116, False, 'time']
['pancrazio77', 202536724, 'impression', '16', 240395827L, datetime.datetime(2013, 5, 20, 8, 3, 23), 0.20493384304344, False, 'time']
['pancrazio77', 202536724, 'impression', '5', 240457190L, datetime.datetime(2013, 5, 20, 8, 3, 23), 0.080781790754901, False, 'time']

['pancrazio77', 202536724, 'impression', '13', 240416563L, datetime.datetime(2013, 5, 20, 19, 1, 29), 0.215845523893849, False, 'time']
['pancrazio77', 202536724, 'impression', '1', 240725247L, datetime.datetime(2013, 5, 20, 19, 1, 29), 0.140470169679583, False, 'time']
['pancrazio77', 202536724, 'impression', '8', 240432907L, datetime.datetime(2013, 5, 20, 19, 1, 29), 0.154590345257064, False, 'time']
['pancrazio77', 202536724, 'impression', '11', 240420779L, datetime.datetime(2013, 5, 20, 19, 1, 29), 0.255876736743291, False, 'time']
['pancrazio77', 202536724, 'impression', '4', 240464726L, datetime.datetime(2013, 5, 20, 19, 1, 29), 0.150048458879735, False, 'time']
['pancrazio77', 202536724, 'impression', '3', 240490035L, datetime.datetime(2013, 5, 20, 19, 1, 29), 0.0820499887636128, False, 'time']
['pancrazio77', 202536724, 'impression', '14', 240409849L, datetime.datetime(2013, 5, 20, 19, 1, 29), 0.602351274470116, False, 'time']
['pancrazio77', 202536724, 'impression', '5', 240457190L, datetime.datetime(2013, 5, 20, 19, 1, 29), 0.080781790754901, False, 'time']
['pancrazio77', 202536724, 'impression', '7', 240446670L, datetime.datetime(2013, 5, 20, 19, 1, 29), 0.148740000060382, False, 'time']
['pancrazio77', 202536724, 'impression', '10', 240431995L, datetime.datetime(2013, 5, 20, 19, 1, 29), 0.531043927623043, False, 'time']
['pancrazio77', 202536724, 'impression', '6', 240456977L, datetime.datetime(2013, 5, 20, 19, 1, 29), 0.214811630181614, False, 'time']
['pancrazio77', 202536724, 'impression', '12', 240418409L, datetime.datetime(2013, 5, 20, 19, 1, 29), 0.256500912269731, False, 'time']
['pancrazio77', 202536724, 'impression', '2', 240617739L, datetime.datetime(2013, 5, 20, 19, 1, 29), 0.165964466070291, False, 'time']
['pancrazio77', 202536724, 'impression', '9', 240431994L, datetime.datetime(2013, 5, 20, 19, 1, 29), 0.22660744982188, False, 'time']
['pancrazio77', 202536724, 'impression', '15', 240395827L, datetime.datetime(2013, 5, 20, 19, 1, 29), 0.20493384304344, False, 'time']

['pancrazio77', 202536724, 'impression', '7', 240457190L, datetime.datetime(2013, 5, 24, 11, 59, 3), 0.080781790754901, False, 'time']
['pancrazio77', 202536724, 'impression', '14', 240418409L, datetime.datetime(2013, 5, 24, 11, 59, 3), 0.256500912269731, False, 'time']
['pancrazio77', 202536724, 'impression', '8', 240456977L, datetime.datetime(2013, 5, 24, 11, 59, 3), 0.214811630181614, False, 'time']
['pancrazio77', 202536724, 'impression', '2', 241074646L, datetime.datetime(2013, 5, 24, 11, 59, 3), 0.0347284284931654, False, 'time']
['pancrazio77', 202536724, 'impression', '11', 240431994L, datetime.datetime(2013, 5, 24, 11, 59, 3), 0.22660744982188, False, 'time']
['pancrazio77', 202536724, 'impression', '4', 240617739L, datetime.datetime(2013, 5, 24, 11, 59, 3), 0.165964466070291, False, 'time']
['pancrazio77', 202536724, 'impression', '3', 240725247L, datetime.datetime(2013, 5, 24, 11, 59, 3), 0.140470169679583, False, 'time']
['pancrazio77', 202536724, 'impression', '13', 240420779L, datetime.datetime(2013, 5, 24, 11, 59, 3), 0.255876736743291, False, 'time']
['pancrazio77', 202536724, 'impression', '6', 240464726L, datetime.datetime(2013, 5, 24, 11, 59, 3), 0.150048458879735, False, 'time']
['pancrazio77', 202536724, 'impression', '10', 240432907L, datetime.datetime(2013, 5, 24, 11, 59, 3), 0.154590345257064, False, 'time']
['pancrazio77', 202536724, 'impression', '15', 240416563L, datetime.datetime(2013, 5, 24, 11, 59, 3), 0.215845523893849, False, 'time']
['pancrazio77', 202536724, 'impression', '16', 240409849L, datetime.datetime(2013, 5, 24, 11, 59, 3), 0.602351274470116, False, 'time']
['pancrazio77', 202536724, 'impression', '9', 240446670L, datetime.datetime(2013, 5, 24, 11, 59, 3), 0.148740000060382, False, 'time']
['pancrazio77', 202536724, 'impression', '12', 240431995L, datetime.datetime(2013, 5, 24, 11, 59, 3), 0.531043927623043, False, 'time']
['pancrazio77', 202536724, 'impression', '17', 240395827L, datetime.datetime(2013, 5, 24, 11, 59, 3), 0.20493384304344, False, 'time']
['pancrazio77', 202536724, 'impression', '1', 241160267L, datetime.datetime(2013, 5, 24, 11, 59, 3), 0.0103762478218932, False, 'time']
['pancrazio77', 202536724, 'impression', '5', 240490035L, datetime.datetime(2013, 5, 24, 11, 59, 3), 0.0820499887636128, False, 'time']

['pancrazio77', 202536724, 'impression', '14', 240420779L, datetime.datetime(2013, 5, 24, 17, 58, 26), 0.255876736743291, False, 'time']
['pancrazio77', 202536724, 'impression', '7', 240464726L, datetime.datetime(2013, 5, 24, 17, 58, 26), 0.150048458879735, False, 'time']
['pancrazio77', 202536724, 'impression', '16', 240416563L, datetime.datetime(2013, 5, 24, 17, 58, 26), 0.215845523893849, False, 'time']
['pancrazio77', 202536724, 'impression', '4', 240725247L, datetime.datetime(2013, 5, 24, 17, 58, 26), 0.140470169679583, False, 'time']
['pancrazio77', 202536724, 'impression', '11', 240432907L, datetime.datetime(2013, 5, 24, 17, 58, 26), 0.154590345257064, False, 'time']
['pancrazio77', 202536724, 'impression', '8', 240457190L, datetime.datetime(2013, 5, 24, 17, 58, 26), 0.080781790754901, False, 'time']
['pancrazio77', 202536724, 'impression', '1', 241194204L, datetime.datetime(2013, 5, 24, 17, 58, 26), 0.102405700706544, False, 'time']
['pancrazio77', 202536724, 'impression', '3', 241074646L, datetime.datetime(2013, 5, 24, 17, 58, 26), 0.0347284284931654, False, 'time']
['pancrazio77', 202536724, 'impression', '9', 240456977L, datetime.datetime(2013, 5, 24, 17, 58, 26), 0.214811630181614, False, 'time']
['pancrazio77', 202536724, 'impression', '15', 240418409L, datetime.datetime(2013, 5, 24, 17, 58, 26), 0.256500912269731, False, 'time']
['pancrazio77', 202536724, 'impression', '12', 240431994L, datetime.datetime(2013, 5, 24, 17, 58, 26), 0.22660744982188, False, 'time']
['pancrazio77', 202536724, 'impression', '5', 240617739L, datetime.datetime(2013, 5, 24, 17, 58, 26), 0.165964466070291, False, 'time']
['pancrazio77', 202536724, 'impression', '18', 240395827L, datetime.datetime(2013, 5, 24, 17, 58, 26), 0.20493384304344, False, 'time']
['pancrazio77', 202536724, 'impression', '2', 241160267L, datetime.datetime(2013, 5, 24, 17, 58, 26), 0.0103762478218932, False, 'time']
['pancrazio77', 202536724, 'impression', '6', 240490035L, datetime.datetime(2013, 5, 24, 17, 58, 26), 0.0820499887636128, False, 'time']
['pancrazio77', 202536724, 'impression', '17', 240409849L, datetime.datetime(2013, 5, 24, 17, 58, 26), 0.602351274470116, False, 'time']
['pancrazio77', 202536724, 'impression', '10', 240446670L, datetime.datetime(2013, 5, 24, 17, 58, 26), 0.148740000060382, False, 'time']
['pancrazio77', 202536724, 'impression', '13', 240431995L, datetime.datetime(2013, 5, 24, 17, 58, 26), 0.531043927623043, False, 'time']
['pancrazio77', 202536724, 'impression', '4', 240725247L, datetime.datetime(2013, 5, 24, 17, 58, 33), 0.140470169679583, False, 'time']
['pancrazio77', 202536724, 'impression', '11', 240432907L, datetime.datetime(2013, 5, 24, 17, 58, 37), 0.154590345257064, False, 'time']
['pancrazio77', 202536724, 'impression', '16', 240416563L, datetime.datetime(2013, 5, 24, 17, 58, 38), 0.215845523893849, False, 'time']

['pancrazio77', 202536724, 'view_full_application_via_name', '1', 241194204L, datetime.datetime(2013, 5, 24, 18, 29, 46), 0.102405700706544, False, 'time']

['pancrazio77', 202536724, 'impression', '20', 240395827L, datetime.datetime(2013, 5, 25, 16, 3, 32), 0.20493384304344, False, 'time']
['pancrazio77', 202536724, 'impression', '4', 241160267L, datetime.datetime(2013, 5, 25, 16, 3, 32), 0.0103762478218932, False, 'time']
['pancrazio77', 202536724, 'impression', '8', 240490035L, datetime.datetime(2013, 5, 25, 16, 3, 32), 0.0820499887636128, False, 'time']
['pancrazio77', 202536724, 'impression', '14', 240431994L, datetime.datetime(2013, 5, 25, 16, 3, 32), 0.22660744982188, False, 'time']
['pancrazio77', 202536724, 'impression', '7', 240617739L, datetime.datetime(2013, 5, 25, 16, 3, 32), 0.165964466070291, False, 'time']
['pancrazio77', 202536724, 'impression', '11', 240456977L, datetime.datetime(2013, 5, 25, 16, 3, 32), 0.214811630181614, False, 'time']
['pancrazio77', 202536724, 'impression', '2', 241271978L, datetime.datetime(2013, 5, 25, 16, 3, 32), 0.0756221504996761, False, 'time']
['pancrazio77', 202536724, 'impression', '5', 241074646L, datetime.datetime(2013, 5, 25, 16, 3, 32), 0.0347284284931654, False, 'time']
['pancrazio77', 202536724, 'impression', '17', 240418409L, datetime.datetime(2013, 5, 25, 16, 3, 32), 0.256500912269731, False, 'time']
['pancrazio77', 202536724, 'impression', '18', 240416563L, datetime.datetime(2013, 5, 25, 16, 3, 32), 0.215845523893849, False, 'time']
['pancrazio77', 202536724, 'impression', '16', 240420779L, datetime.datetime(2013, 5, 25, 16, 3, 32), 0.255876736743291, False, 'time']
['pancrazio77', 202536724, 'impression', '13', 240432907L, datetime.datetime(2013, 5, 25, 16, 3, 32), 0.154590345257064, False, 'time']
['pancrazio77', 202536724, 'impression', '9', 240464726L, datetime.datetime(2013, 5, 25, 16, 3, 32), 0.150048458879735, False, 'time']
['pancrazio77', 202536724, 'impression', '6', 240725247L, datetime.datetime(2013, 5, 25, 16, 3, 32), 0.140470169679583, False, 'time']
['pancrazio77', 202536724, 'impression', '1', 241277027L, datetime.datetime(2013, 5, 25, 16, 3, 32), 0.0700082343412959, False, 'time']
['pancrazio77', 202536724, 'impression', '12', 240446670L, datetime.datetime(2013, 5, 25, 16, 3, 32), 0.148740000060382, False, 'time']
['pancrazio77', 202536724, 'impression', '15', 240431995L, datetime.datetime(2013, 5, 25, 16, 3, 32), 0.531043927623043, False, 'time']
['pancrazio77', 202536724, 'impression', '19', 240409849L, datetime.datetime(2013, 5, 25, 16, 3, 32), 0.602351274470116, False, 'time']
['pancrazio77', 202536724, 'impression', '10', 240457190L, datetime.datetime(2013, 5, 25, 16, 3, 32), 0.080781790754901, False, 'time']
['pancrazio77', 202536724, 'impression', '3', 241194204L, datetime.datetime(2013, 5, 25, 16, 3, 32), 0.102405700706544, False, 'time']
['pancrazio77', 202536724, 'view_full_application_via_name', '1', 241277027L, datetime.datetime(2013, 5, 25, 16, 3, 44), 0.0700082343412959, False, 'time']
['pancrazio77', 202536724, 'view_full_application_via_name', '1', 241277027L, datetime.datetime(2013, 5, 25, 16, 3, 47), 0.0700082343412959, False, 'time']
['pancrazio77', 202536724, 'impression', '1', 241277027L, datetime.datetime(2013, 5, 25, 16, 4, 43), 0.0700082343412959, False, 'time']
['pancrazio77', 202536724, 'impression', '16', 240420779L, datetime.datetime(2013, 5, 25, 16, 4, 43), 0.255876736743291, False, 'time']
['pancrazio77', 202536724, 'impression', '18', 240416563L, datetime.datetime(2013, 5, 25, 16, 4, 43), 0.215845523893849, False, 'time']
['pancrazio77', 202536724, 'impression', '9', 240464726L, datetime.datetime(2013, 5, 25, 16, 4, 43), 0.150048458879735, False, 'time']
['pancrazio77', 202536724, 'impression', '13', 240432907L, datetime.datetime(2013, 5, 25, 16, 4, 43), 0.154590345257064, False, 'time']
['pancrazio77', 202536724, 'impression', '6', 240725247L, datetime.datetime(2013, 5, 25, 16, 4, 43), 0.140470169679583, False, 'time']
['pancrazio77', 202536724, 'impression', '10', 240457190L, datetime.datetime(2013, 5, 25, 16, 4, 43), 0.080781790754901, False, 'time']
['pancrazio77', 202536724, 'impression', '3', 241194204L, datetime.datetime(2013, 5, 25, 16, 4, 43), 0.102405700706544, False, 'time']
['pancrazio77', 202536724, 'impression', '2', 241271978L, datetime.datetime(2013, 5, 25, 16, 4, 43), 0.0756221504996761, False, 'time']
['pancrazio77', 202536724, 'impression', '17', 240418409L, datetime.datetime(2013, 5, 25, 16, 4, 43), 0.256500912269731, False, 'time']
['pancrazio77', 202536724, 'impression', '11', 240456977L, datetime.datetime(2013, 5, 25, 16, 4, 43), 0.214811630181614, False, 'time']
['pancrazio77', 202536724, 'impression', '14', 240431994L, datetime.datetime(2013, 5, 25, 16, 4, 43), 0.22660744982188, False, 'time']
['pancrazio77', 202536724, 'impression', '7', 240617739L, datetime.datetime(2013, 5, 25, 16, 4, 43), 0.165964466070291, False, 'time']
['pancrazio77', 202536724, 'impression', '5', 241074646L, datetime.datetime(2013, 5, 25, 16, 4, 43), 0.0347284284931654, False, 'time']
['pancrazio77', 202536724, 'impression', '15', 240431995L, datetime.datetime(2013, 5, 25, 16, 4, 43), 0.531043927623043, False, 'time']
['pancrazio77', 202536724, 'impression', '12', 240446670L, datetime.datetime(2013, 5, 25, 16, 4, 43), 0.148740000060382, False, 'time']
['pancrazio77', 202536724, 'impression', '20', 240395827L, datetime.datetime(2013, 5, 25, 16, 4, 43), 0.20493384304344, False, 'time']
['pancrazio77', 202536724, 'impression', '19', 240409849L, datetime.datetime(2013, 5, 25, 16, 4, 43), 0.602351274470116, False, 'time']
['pancrazio77', 202536724, 'impression', '4', 241160267L, datetime.datetime(2013, 5, 25, 16, 4, 43), 0.0103762478218932, False, 'time']
['pancrazio77', 202536724, 'impression', '8', 240490035L, datetime.datetime(2013, 5, 25, 16, 4, 43), 0.0820499887636128, False, 'time']

['pancrazio77', 202536724, 'impression', '14', 240431994L, datetime.datetime(2013, 5, 25, 16, 48, 20), 0.22660744982188, False, 'time']
['pancrazio77', 202536724, 'impression', '7', 240617739L, datetime.datetime(2013, 5, 25, 16, 48, 20), 0.165964466070291, False, 'time']
['pancrazio77', 202536724, 'impression', '11', 240456977L, datetime.datetime(2013, 5, 25, 16, 48, 20), 0.214811630181614, False, 'time']
['pancrazio77', 202536724, 'impression', '5', 241074646L, datetime.datetime(2013, 5, 25, 16, 48, 20), 0.0347284284931654, False, 'time']
['pancrazio77', 202536724, 'impression', '17', 240418409L, datetime.datetime(2013, 5, 25, 16, 48, 20), 0.256500912269731, False, 'time']
['pancrazio77', 202536724, 'impression', '2', 241271978L, datetime.datetime(2013, 5, 25, 16, 48, 20), 0.0756221504996761, False, 'time']
['pancrazio77', 202536724, 'impression', '20', 240395827L, datetime.datetime(2013, 5, 25, 16, 48, 20), 0.20493384304344, False, 'time']
['pancrazio77', 202536724, 'impression', '15', 240431995L, datetime.datetime(2013, 5, 25, 16, 48, 20), 0.531043927623043, False, 'time']
['pancrazio77', 202536724, 'impression', '12', 240446670L, datetime.datetime(2013, 5, 25, 16, 48, 20), 0.148740000060382, False, 'time']
['pancrazio77', 202536724, 'impression', '10', 240457190L, datetime.datetime(2013, 5, 25, 16, 48, 20), 0.080781790754901, False, 'time']
['pancrazio77', 202536724, 'impression', '3', 241194204L, datetime.datetime(2013, 5, 25, 16, 48, 20), 0.102405700706544, False, 'time']
['pancrazio77', 202536724, 'impression', '8', 240490035L, datetime.datetime(2013, 5, 25, 16, 48, 20), 0.0820499887636128, False, 'time']
['pancrazio77', 202536724, 'impression', '4', 241160267L, datetime.datetime(2013, 5, 25, 16, 48, 20), 0.0103762478218932, False, 'time']
['pancrazio77', 202536724, 'impression', '19', 240409849L, datetime.datetime(2013, 5, 25, 16, 48, 20), 0.602351274470116, False, 'time']
['pancrazio77', 202536724, 'impression', '6', 240725247L, datetime.datetime(2013, 5, 25, 16, 48, 20), 0.140470169679583, False, 'time']
['pancrazio77', 202536724, 'impression', '13', 240432907L, datetime.datetime(2013, 5, 25, 16, 48, 20), 0.154590345257064, False, 'time']
['pancrazio77', 202536724, 'impression', '1', 241277027L, datetime.datetime(2013, 5, 25, 16, 48, 20), 0.0700082343412959, False, 'time']
['pancrazio77', 202536724, 'impression', '16', 240420779L, datetime.datetime(2013, 5, 25, 16, 48, 20), 0.255876736743291, False, 'time']
['pancrazio77', 202536724, 'impression', '9', 240464726L, datetime.datetime(2013, 5, 25, 16, 48, 20), 0.150048458879735, False, 'time']
['pancrazio77', 202536724, 'impression', '18', 240416563L, datetime.datetime(2013, 5, 25, 16, 48, 20), 0.215845523893849, False, 'time']
['pancrazio77', 202536724, 'impression', '14', 240431994L, datetime.datetime(2013, 5, 25, 16, 52, 16), 0.22660744982188, False, 'time']
['pancrazio77', 202536724, 'impression', '2', 241271978L, datetime.datetime(2013, 5, 25, 16, 52, 16), 0.0756221504996761, False, 'time']
['pancrazio77', 202536724, 'impression', '17', 240418409L, datetime.datetime(2013, 5, 25, 16, 52, 16), 0.256500912269731, False, 'time']
['pancrazio77', 202536724, 'impression', '7', 240617739L, datetime.datetime(2013, 5, 25, 16, 52, 16), 0.165964466070291, False, 'time']
['pancrazio77', 202536724, 'impression', '11', 240456977L, datetime.datetime(2013, 5, 25, 16, 52, 16), 0.214811630181614, False, 'time']
['pancrazio77', 202536724, 'impression', '5', 241074646L, datetime.datetime(2013, 5, 25, 16, 52, 16), 0.0347284284931654, False, 'time']
['pancrazio77', 202536724, 'impression', '20', 240395827L, datetime.datetime(2013, 5, 25, 16, 52, 16), 0.20493384304344, False, 'time']
['pancrazio77', 202536724, 'impression', '18', 240416563L, datetime.datetime(2013, 5, 25, 16, 52, 16), 0.215845523893849, False, 'time']
['pancrazio77', 202536724, 'impression', '6', 240725247L, datetime.datetime(2013, 5, 25, 16, 52, 16), 0.140470169679583, False, 'time']
['pancrazio77', 202536724, 'impression', '1', 241277027L, datetime.datetime(2013, 5, 25, 16, 52, 16), 0.0700082343412959, False, 'time']
['pancrazio77', 202536724, 'impression', '13', 240432907L, datetime.datetime(2013, 5, 25, 16, 52, 16), 0.154590345257064, False, 'time']
['pancrazio77', 202536724, 'impression', '9', 240464726L, datetime.datetime(2013, 5, 25, 16, 52, 16), 0.150048458879735, False, 'time']
['pancrazio77', 202536724, 'impression', '16', 240420779L, datetime.datetime(2013, 5, 25, 16, 52, 16), 0.255876736743291, False, 'time']
['pancrazio77', 202536724, 'impression', '10', 240457190L, datetime.datetime(2013, 5, 25, 16, 52, 16), 0.080781790754901, False, 'time']
['pancrazio77', 202536724, 'impression', '3', 241194204L, datetime.datetime(2013, 5, 25, 16, 52, 16), 0.102405700706544, False, 'time']
['pancrazio77', 202536724, 'impression', '4', 241160267L, datetime.datetime(2013, 5, 25, 16, 52, 16), 0.0103762478218932, False, 'time']
['pancrazio77', 202536724, 'impression', '8', 240490035L, datetime.datetime(2013, 5, 25, 16, 52, 16), 0.0820499887636128, False, 'time']
['pancrazio77', 202536724, 'impression', '12', 240446670L, datetime.datetime(2013, 5, 25, 16, 52, 16), 0.148740000060382, False, 'time']
['pancrazio77', 202536724, 'impression', '15', 240431995L, datetime.datetime(2013, 5, 25, 16, 52, 16), 0.531043927623043, False, 'time']
['pancrazio77', 202536724, 'impression', '19', 240409849L, datetime.datetime(2013, 5, 25, 16, 52, 16), 0.602351274470116, False, 'time']

['pancrazio77', 202536724, 'impression', '10', 240457190L, datetime.datetime(2013, 5, 26, 19, 39, 7), 0.080781790754901, False, 'time']
['pancrazio77', 202536724, 'impression', '3', 241194204L, datetime.datetime(2013, 5, 26, 19, 39, 7), 0.102405700706544, False, 'time']
['pancrazio77', 202536724, 'impression', '19', 240409849L, datetime.datetime(2013, 5, 26, 19, 39, 7), 0.602351274470116, False, 'time']
['pancrazio77', 202536724, 'impression', '15', 240431995L, datetime.datetime(2013, 5, 26, 19, 39, 7), 0.531043927623043, False, 'time']
['pancrazio77', 202536724, 'impression', '12', 240446670L, datetime.datetime(2013, 5, 26, 19, 39, 7), 0.148740000060382, False, 'time']
['pancrazio77', 202536724, 'impression', '2', 241271978L, datetime.datetime(2013, 5, 26, 19, 39, 7), 0.0756221504996761, False, 'time']
['pancrazio77', 202536724, 'impression', '14', 240431994L, datetime.datetime(2013, 5, 26, 19, 39, 7), 0.22660744982188, False, 'time']
['pancrazio77', 202536724, 'impression', '11', 240456977L, datetime.datetime(2013, 5, 26, 19, 39, 7), 0.214811630181614, False, 'time']
['pancrazio77', 202536724, 'impression', '7', 240617739L, datetime.datetime(2013, 5, 26, 19, 39, 7), 0.165964466070291, False, 'time']
['pancrazio77', 202536724, 'impression', '5', 241074646L, datetime.datetime(2013, 5, 26, 19, 39, 7), 0.0347284284931654, False, 'time']
['pancrazio77', 202536724, 'impression', '17', 240418409L, datetime.datetime(2013, 5, 26, 19, 39, 7), 0.256500912269731, False, 'time']
['pancrazio77', 202536724, 'impression', '1', 241277027L, datetime.datetime(2013, 5, 26, 19, 39, 7), 0.0700082343412959, False, 'time']
['pancrazio77', 202536724, 'impression', '9', 240464726L, datetime.datetime(2013, 5, 26, 19, 39, 7), 0.150048458879735, False, 'time']
['pancrazio77', 202536724, 'impression', '18', 240416563L, datetime.datetime(2013, 5, 26, 19, 39, 7), 0.215845523893849, False, 'time']
['pancrazio77', 202536724, 'impression', '6', 240725247L, datetime.datetime(2013, 5, 26, 19, 39, 7), 0.140470169679583, False, 'time']
['pancrazio77', 202536724, 'impression', '13', 240432907L, datetime.datetime(2013, 5, 26, 19, 39, 7), 0.154590345257064, False, 'time']
['pancrazio77', 202536724, 'impression', '16', 240420779L, datetime.datetime(2013, 5, 26, 19, 39, 7), 0.255876736743291, False, 'time']
['pancrazio77', 202536724, 'impression', '20', 240395827L, datetime.datetime(2013, 5, 26, 19, 39, 7), 0.20493384304344, False, 'time']
['pancrazio77', 202536724, 'impression', '4', 241160267L, datetime.datetime(2013, 5, 26, 19, 39, 7), 0.0103762478218932, False, 'time']
['pancrazio77', 202536724, 'impression', '8', 240490035L, datetime.datetime(2013, 5, 26, 19, 39, 7), 0.0820499887636128, False, 'time']
['pancrazio77', 202536724, 'impression', '4', 241160267L, datetime.datetime(2013, 5, 26, 19, 46, 36), 0.0103762478218932, False, 'time']

['pancrazio77', 202536724, 'impression', '10', 240457190L, datetime.datetime(2013, 5, 28, 9, 55, 35), 0.080781790754901, False, 'time']
['pancrazio77', 202536724, 'impression', '3', 241194204L, datetime.datetime(2013, 5, 28, 9, 55, 35), 0.102405700706544, False, 'time']
['pancrazio77', 202536724, 'impression', '8', 240490035L, datetime.datetime(2013, 5, 28, 9, 55, 35), 0.0820499887636128, False, 'time']
['pancrazio77', 202536724, 'impression', '4', 241160267L, datetime.datetime(2013, 5, 28, 9, 55, 35), 0.0103762478218932, False, 'time']
['pancrazio77', 202536724, 'impression', '15', 240431995L, datetime.datetime(2013, 5, 28, 9, 55, 35), 0.531043927623043, False, 'time']
['pancrazio77', 202536724, 'impression', '12', 240446670L, datetime.datetime(2013, 5, 28, 9, 55, 35), 0.148740000060382, False, 'time']
['pancrazio77', 202536724, 'impression', '18', 240416563L, datetime.datetime(2013, 5, 28, 9, 55, 35), 0.215845523893849, False, 'time']
['pancrazio77', 202536724, 'impression', '1', 241277027L, datetime.datetime(2013, 5, 28, 9, 55, 35), 0.0700082343412959, False, 'time']
['pancrazio77', 202536724, 'impression', '9', 240464726L, datetime.datetime(2013, 5, 28, 9, 55, 35), 0.150048458879735, False, 'time']
['pancrazio77', 202536724, 'impression', '6', 240725247L, datetime.datetime(2013, 5, 28, 9, 55, 35), 0.140470169679583, False, 'time']
['pancrazio77', 202536724, 'impression', '13', 240432907L, datetime.datetime(2013, 5, 28, 9, 55, 35), 0.154590345257064, False, 'time']
['pancrazio77', 202536724, 'impression', '16', 240420779L, datetime.datetime(2013, 5, 28, 9, 55, 35), 0.255876736743291, False, 'time']
['pancrazio77', 202536724, 'impression', '14', 240431994L, datetime.datetime(2013, 5, 28, 9, 55, 35), 0.22660744982188, False, 'time']
['pancrazio77', 202536724, 'impression', '17', 240418409L, datetime.datetime(2013, 5, 28, 9, 55, 35), 0.256500912269731, False, 'time']
['pancrazio77', 202536724, 'impression', '5', 241074646L, datetime.datetime(2013, 5, 28, 9, 55, 35), 0.0347284284931654, False, 'time']
['pancrazio77', 202536724, 'impression', '2', 241271978L, datetime.datetime(2013, 5, 28, 9, 55, 35), 0.0756221504996761, False, 'time']
['pancrazio77', 202536724, 'impression', '11', 240456977L, datetime.datetime(2013, 5, 28, 9, 55, 35), 0.214811630181614, False, 'time']
['pancrazio77', 202536724, 'impression', '7', 240617739L, datetime.datetime(2013, 5, 28, 9, 55, 35), 0.165964466070291, False, 'time']
['pancrazio77', 202536724, 'impression', '20', 240395827L, datetime.datetime(2013, 5, 28, 9, 55, 35), 0.20493384304344, False, 'time']
['pancrazio77', 202536724, 'impression', '19', 240409849L, datetime.datetime(2013, 5, 28, 9, 55, 35), 0.602351274470116, False, 'time']
['pancrazio77', 202536724, 'view_full_application_via_name', '1', 241277027L, datetime.datetime(2013, 5, 28, 9, 55, 46), 0.0700082343412959, False, 'time']
['pancrazio77', 202536724, 'impression', '12', 240446670L, datetime.datetime(2013, 5, 28, 10, 14, 42), 0.148740000060382, False, 'time']
['pancrazio77', 202536724, 'impression', '15', 240431995L, datetime.datetime(2013, 5, 28, 10, 14, 42), 0.531043927623043, False, 'time']
['pancrazio77', 202536724, 'impression', '14', 240431994L, datetime.datetime(2013, 5, 28, 10, 14, 42), 0.22660744982188, False, 'time']
['pancrazio77', 202536724, 'impression', '5', 241074646L, datetime.datetime(2013, 5, 28, 10, 14, 42), 0.0347284284931654, False, 'time']
['pancrazio77', 202536724, 'impression', '11', 240456977L, datetime.datetime(2013, 5, 28, 10, 14, 42), 0.214811630181614, False, 'time']
['pancrazio77', 202536724, 'impression', '2', 241271978L, datetime.datetime(2013, 5, 28, 10, 14, 42), 0.0756221504996761, False, 'time']
['pancrazio77', 202536724, 'impression', '7', 240617739L, datetime.datetime(2013, 5, 28, 10, 14, 42), 0.165964466070291, False, 'time']
['pancrazio77', 202536724, 'impression', '17', 240418409L, datetime.datetime(2013, 5, 28, 10, 14, 42), 0.256500912269731, False, 'time']
['pancrazio77', 202536724, 'impression', '4', 241160267L, datetime.datetime(2013, 5, 28, 10, 14, 42), 0.0103762478218932, False, 'time']
['pancrazio77', 202536724, 'impression', '8', 240490035L, datetime.datetime(2013, 5, 28, 10, 14, 42), 0.0820499887636128, False, 'time']
['pancrazio77', 202536724, 'impression', '19', 240409849L, datetime.datetime(2013, 5, 28, 10, 14, 42), 0.602351274470116, False, 'time']
['pancrazio77', 202536724, 'impression', '9', 240464726L, datetime.datetime(2013, 5, 28, 10, 14, 42), 0.150048458879735, False, 'time']
['pancrazio77', 202536724, 'impression', '18', 240416563L, datetime.datetime(2013, 5, 28, 10, 14, 42), 0.215845523893849, False, 'time']
['pancrazio77', 202536724, 'impression', '13', 240432907L, datetime.datetime(2013, 5, 28, 10, 14, 42), 0.154590345257064, False, 'time']
['pancrazio77', 202536724, 'impression', '6', 240725247L, datetime.datetime(2013, 5, 28, 10, 14, 42), 0.140470169679583, False, 'time']
['pancrazio77', 202536724, 'impression', '1', 241277027L, datetime.datetime(2013, 5, 28, 10, 14, 42), 0.0700082343412959, False, 'time']
['pancrazio77', 202536724, 'impression', '16', 240420779L, datetime.datetime(2013, 5, 28, 10, 14, 42), 0.255876736743291, False, 'time']
['pancrazio77', 202536724, 'impression', '3', 241194204L, datetime.datetime(2013, 5, 28, 10, 14, 42), 0.102405700706544, False, 'time']
['pancrazio77', 202536724, 'impression', '10', 240457190L, datetime.datetime(2013, 5, 28, 10, 14, 42), 0.080781790754901, False, 'time']
['pancrazio77', 202536724, 'impression', '20', 240395827L, datetime.datetime(2013, 5, 28, 10, 14, 42), 0.20493384304344, False, 'time']

['pancrazio77', 202536724, 'impression', '13', 240432907L, datetime.datetime(2013, 5, 28, 12, 42, 26), 0.154590345257064, False, 'time']
['pancrazio77', 202536724, 'impression', '16', 240420779L, datetime.datetime(2013, 5, 28, 12, 42, 26), 0.255876736743291, False, 'time']
['pancrazio77', 202536724, 'impression', '6', 240725247L, datetime.datetime(2013, 5, 28, 12, 42, 26), 0.140470169679583, False, 'time']
['pancrazio77', 202536724, 'impression', '18', 240416563L, datetime.datetime(2013, 5, 28, 12, 42, 26), 0.215845523893849, False, 'time']
['pancrazio77', 202536724, 'impression', '1', 241277027L, datetime.datetime(2013, 5, 28, 12, 42, 26), 0.0700082343412959, False, 'time']
['pancrazio77', 202536724, 'impression', '9', 240464726L, datetime.datetime(2013, 5, 28, 12, 42, 26), 0.150048458879735, False, 'time']
['pancrazio77', 202536724, 'impression', '7', 240617739L, datetime.datetime(2013, 5, 28, 12, 42, 26), 0.165964466070291, False, 'time']
['pancrazio77', 202536724, 'impression', '5', 241074646L, datetime.datetime(2013, 5, 28, 12, 42, 26), 0.0347284284931654, False, 'time']
['pancrazio77', 202536724, 'impression', '2', 241271978L, datetime.datetime(2013, 5, 28, 12, 42, 26), 0.0756221504996761, False, 'time']
['pancrazio77', 202536724, 'impression', '11', 240456977L, datetime.datetime(2013, 5, 28, 12, 42, 26), 0.214811630181614, False, 'time']
['pancrazio77', 202536724, 'impression', '14', 240431994L, datetime.datetime(2013, 5, 28, 12, 42, 26), 0.22660744982188, False, 'time']
['pancrazio77', 202536724, 'impression', '17', 240418409L, datetime.datetime(2013, 5, 28, 12, 42, 26), 0.256500912269731, False, 'time']
['pancrazio77', 202536724, 'impression', '8', 240490035L, datetime.datetime(2013, 5, 28, 12, 42, 26), 0.0820499887636128, False, 'time']
['pancrazio77', 202536724, 'impression', '4', 241160267L, datetime.datetime(2013, 5, 28, 12, 42, 26), 0.0103762478218932, False, 'time']
['pancrazio77', 202536724, 'impression', '3', 241194204L, datetime.datetime(2013, 5, 28, 12, 42, 26), 0.102405700706544, False, 'time']
['pancrazio77', 202536724, 'impression', '10', 240457190L, datetime.datetime(2013, 5, 28, 12, 42, 26), 0.080781790754901, False, 'time']
['pancrazio77', 202536724, 'impression', '19', 240409849L, datetime.datetime(2013, 5, 28, 12, 42, 26), 0.602351274470116, False, 'time']
['pancrazio77', 202536724, 'impression', '12', 240446670L, datetime.datetime(2013, 5, 28, 12, 42, 26), 0.148740000060382, False, 'time']
['pancrazio77', 202536724, 'impression', '15', 240431995L, datetime.datetime(2013, 5, 28, 12, 42, 26), 0.531043927623043, False, 'time']
['pancrazio77', 202536724, 'impression', '20', 240395827L, datetime.datetime(2013, 5, 28, 12, 42, 26), 0.20493384304344, False, 'time']
['pancrazio77', 202536724, 'expand_tile', '1', 241277027L, datetime.datetime(2013, 5, 28, 12, 42, 31), 0.0700082343412959, False, 'time']
['pancrazio77', 202536724, 'view_full_application', '1', 241277027L, datetime.datetime(2013, 5, 28, 12, 42, 36), 0.0700082343412959, False, 'time']

