['paramjots', 202539827, 'impression', '20', 240426106L, datetime.datetime(2013, 5, 16, 4, 15, 13), 0.104108950035186, False, 'best']
['paramjots', 202539827, 'impression', '11', 240423500L, datetime.datetime(2013, 5, 16, 4, 15, 13), 0.177325601047028, False, 'best']
['paramjots', 202539827, 'impression', '2', 240420739L, datetime.datetime(2013, 5, 16, 4, 15, 13), 0.310407651192529, False, 'best']
['paramjots', 202539827, 'impression', '7', 240441860L, datetime.datetime(2013, 5, 16, 4, 15, 13), 0.225656104024447, False, 'best']
['paramjots', 202539827, 'impression', '9', 240423659L, datetime.datetime(2013, 5, 16, 4, 15, 13), 0.18908735523233, False, 'best']
['paramjots', 202539827, 'impression', '10', 240430534L, datetime.datetime(2013, 5, 16, 4, 15, 13), 0.177539115448806, False, 'best']
['paramjots', 202539827, 'impression', '8', 240446131L, datetime.datetime(2013, 5, 16, 4, 15, 13), 0.218752331614658, False, 'best']
['paramjots', 202539827, 'impression', '5', 240424206L, datetime.datetime(2013, 5, 16, 4, 15, 13), 0.255187901908368, False, 'best']
['paramjots', 202539827, 'impression', '13', 240423065L, datetime.datetime(2013, 5, 16, 4, 15, 13), 0.144135041349713, False, 'best']
['paramjots', 202539827, 'impression', '15', 240428563L, datetime.datetime(2013, 5, 16, 4, 15, 13), 0.130045728077058, False, 'best']
['paramjots', 202539827, 'impression', '6', 240433831L, datetime.datetime(2013, 5, 16, 4, 15, 13), 0.240815554239199, False, 'best']
['paramjots', 202539827, 'impression', '19', 240423406L, datetime.datetime(2013, 5, 16, 4, 15, 13), 0.105488322149329, False, 'best']
['paramjots', 202539827, 'impression', '18', 240433985L, datetime.datetime(2013, 5, 16, 4, 15, 13), 0.107323453695041, False, 'best']
['paramjots', 202539827, 'impression', '3', 240440432L, datetime.datetime(2013, 5, 16, 4, 15, 13), 0.29151806130534, False, 'best']
['paramjots', 202539827, 'impression', '12', 240420645L, datetime.datetime(2013, 5, 16, 4, 15, 13), 0.165206546753666, False, 'best']
['paramjots', 202539827, 'impression', '14', 240422275L, datetime.datetime(2013, 5, 16, 4, 15, 13), 0.130183293320331, False, 'best']
['paramjots', 202539827, 'impression', '16', 240428339L, datetime.datetime(2013, 5, 16, 4, 15, 13), 0.129884371492253, False, 'best']
['paramjots', 202539827, 'impression', '1', 240443819L, datetime.datetime(2013, 5, 16, 4, 15, 13), 0.387765975874214, False, 'best']
['paramjots', 202539827, 'impression', '17', 240422582L, datetime.datetime(2013, 5, 16, 4, 15, 13), 0.110812558757864, False, 'best']
['paramjots', 202539827, 'impression', '4', 240430180L, datetime.datetime(2013, 5, 16, 4, 15, 13), 0.258165805471924, False, 'best']
['paramjots', 202539827, 'impression', '16', 240428339L, datetime.datetime(2013, 5, 16, 4, 41, 34), 0.129884371492253, False, 'best']
['paramjots', 202539827, 'impression', '18', 240433985L, datetime.datetime(2013, 5, 16, 4, 41, 34), 0.107323453695041, False, 'best']
['paramjots', 202539827, 'impression', '3', 240440432L, datetime.datetime(2013, 5, 16, 4, 41, 34), 0.29151806130534, False, 'best']
['paramjots', 202539827, 'impression', '14', 240422275L, datetime.datetime(2013, 5, 16, 4, 41, 34), 0.130183293320331, False, 'best']
['paramjots', 202539827, 'impression', '12', 240420645L, datetime.datetime(2013, 5, 16, 4, 41, 34), 0.165206546753666, False, 'best']
['paramjots', 202539827, 'impression', '6', 240433831L, datetime.datetime(2013, 5, 16, 4, 41, 34), 0.240815554239199, False, 'best']
['paramjots', 202539827, 'impression', '19', 240423406L, datetime.datetime(2013, 5, 16, 4, 41, 34), 0.105488322149329, False, 'best']
['paramjots', 202539827, 'impression', '13', 240423065L, datetime.datetime(2013, 5, 16, 4, 41, 34), 0.144135041349713, False, 'best']
['paramjots', 202539827, 'impression', '15', 240428563L, datetime.datetime(2013, 5, 16, 4, 41, 34), 0.130045728077058, False, 'best']
['paramjots', 202539827, 'impression', '2', 240420739L, datetime.datetime(2013, 5, 16, 4, 41, 34), 0.310407651192529, False, 'best']
['paramjots', 202539827, 'impression', '7', 240441860L, datetime.datetime(2013, 5, 16, 4, 41, 34), 0.225656104024447, False, 'best']
['paramjots', 202539827, 'impression', '20', 240426106L, datetime.datetime(2013, 5, 16, 4, 41, 34), 0.104108950035186, False, 'best']
['paramjots', 202539827, 'impression', '11', 240423500L, datetime.datetime(2013, 5, 16, 4, 41, 34), 0.177325601047028, False, 'best']
['paramjots', 202539827, 'impression', '8', 240446131L, datetime.datetime(2013, 5, 16, 4, 41, 34), 0.218752331614658, False, 'best']
['paramjots', 202539827, 'impression', '9', 240423659L, datetime.datetime(2013, 5, 16, 4, 41, 34), 0.18908735523233, False, 'best']
['paramjots', 202539827, 'impression', '10', 240430534L, datetime.datetime(2013, 5, 16, 4, 41, 34), 0.177539115448806, False, 'best']
['paramjots', 202539827, 'impression', '5', 240424206L, datetime.datetime(2013, 5, 16, 4, 41, 34), 0.255187901908368, False, 'best']
['paramjots', 202539827, 'impression', '17', 240422582L, datetime.datetime(2013, 5, 16, 4, 41, 34), 0.110812558757864, False, 'best']
['paramjots', 202539827, 'impression', '1', 240443819L, datetime.datetime(2013, 5, 16, 4, 41, 34), 0.387765975874214, False, 'best']
['paramjots', 202539827, 'impression', '4', 240430180L, datetime.datetime(2013, 5, 16, 4, 41, 34), 0.258165805471924, False, 'best']

['paramjots', 202539827, 'impression', '20', 240422582L, datetime.datetime(2013, 5, 17, 4, 14, 29), 0.110812558757864, False, 'best']
['paramjots', 202539827, 'impression', '4', 240485111L, datetime.datetime(2013, 5, 17, 4, 14, 29), 0.292628657809635, False, 'best']
['paramjots', 202539827, 'impression', '6', 240430180L, datetime.datetime(2013, 5, 17, 4, 14, 29), 0.258165805471924, False, 'best']
['paramjots', 202539827, 'impression', '2', 240443819L, datetime.datetime(2013, 5, 17, 4, 14, 29), 0.387765975874214, False, 'best']
['paramjots', 202539827, 'impression', '7', 240424206L, datetime.datetime(2013, 5, 17, 4, 14, 29), 0.255187901908368, False, 'best']
['paramjots', 202539827, 'impression', '12', 240423659L, datetime.datetime(2013, 5, 17, 4, 14, 29), 0.18908735523233, False, 'best']
['paramjots', 202539827, 'impression', '10', 240446131L, datetime.datetime(2013, 5, 17, 4, 14, 29), 0.218752331614658, False, 'best']
['paramjots', 202539827, 'impression', '13', 240430534L, datetime.datetime(2013, 5, 17, 4, 14, 29), 0.177539115448806, False, 'best']
['paramjots', 202539827, 'impression', '5', 240440432L, datetime.datetime(2013, 5, 17, 4, 14, 29), 0.29151806130534, False, 'best']
['paramjots', 202539827, 'impression', '19', 240428339L, datetime.datetime(2013, 5, 17, 4, 14, 29), 0.129884371492253, False, 'best']
['paramjots', 202539827, 'impression', '17', 240422275L, datetime.datetime(2013, 5, 17, 4, 14, 29), 0.130183293320331, False, 'best']
['paramjots', 202539827, 'impression', '15', 240420645L, datetime.datetime(2013, 5, 17, 4, 14, 29), 0.165206546753666, False, 'best']
['paramjots', 202539827, 'impression', '1', 240514975L, datetime.datetime(2013, 5, 17, 4, 14, 29), 0.50038117490389, False, 'best']
['paramjots', 202539827, 'impression', '11', 240461682L, datetime.datetime(2013, 5, 17, 4, 14, 29), 0.197406434971795, False, 'best']
['paramjots', 202539827, 'impression', '3', 240420739L, datetime.datetime(2013, 5, 17, 4, 14, 29), 0.310407651192529, False, 'best']
['paramjots', 202539827, 'impression', '9', 240441860L, datetime.datetime(2013, 5, 17, 4, 14, 29), 0.225656104024447, False, 'best']
['paramjots', 202539827, 'impression', '14', 240423500L, datetime.datetime(2013, 5, 17, 4, 14, 29), 0.177325601047028, False, 'best']
['paramjots', 202539827, 'impression', '16', 240423065L, datetime.datetime(2013, 5, 17, 4, 14, 29), 0.144135041349713, False, 'best']
['paramjots', 202539827, 'impression', '8', 240433831L, datetime.datetime(2013, 5, 17, 4, 14, 29), 0.240815554239199, False, 'best']
['paramjots', 202539827, 'impression', '18', 240428563L, datetime.datetime(2013, 5, 17, 4, 14, 29), 0.130045728077058, False, 'best']

['paramjots', 202539827, 'impression', '5', 240440432L, datetime.datetime(2013, 5, 17, 9, 20, 58), 0.29151806130534, False, 'best']
['paramjots', 202539827, 'impression', '19', 240428339L, datetime.datetime(2013, 5, 17, 9, 20, 58), 0.129884371492253, False, 'best']
['paramjots', 202539827, 'impression', '17', 240422275L, datetime.datetime(2013, 5, 17, 9, 20, 58), 0.130183293320331, False, 'best']
['paramjots', 202539827, 'impression', '15', 240420645L, datetime.datetime(2013, 5, 17, 9, 20, 58), 0.165206546753666, False, 'best']
['paramjots', 202539827, 'impression', '18', 240428563L, datetime.datetime(2013, 5, 17, 9, 20, 58), 0.130045728077058, False, 'best']
['paramjots', 202539827, 'impression', '16', 240423065L, datetime.datetime(2013, 5, 17, 9, 20, 58), 0.144135041349713, False, 'best']
['paramjots', 202539827, 'impression', '8', 240433831L, datetime.datetime(2013, 5, 17, 9, 20, 58), 0.240815554239199, False, 'best']
['paramjots', 202539827, 'impression', '7', 240424206L, datetime.datetime(2013, 5, 17, 9, 20, 58), 0.255187901908368, False, 'best']
['paramjots', 202539827, 'impression', '10', 240446131L, datetime.datetime(2013, 5, 17, 9, 20, 58), 0.218752331614658, False, 'best']
['paramjots', 202539827, 'impression', '13', 240430534L, datetime.datetime(2013, 5, 17, 9, 20, 58), 0.177539115448806, False, 'best']
['paramjots', 202539827, 'impression', '12', 240423659L, datetime.datetime(2013, 5, 17, 9, 20, 58), 0.18908735523233, False, 'best']
['paramjots', 202539827, 'impression', '1', 240514975L, datetime.datetime(2013, 5, 17, 9, 20, 58), 0.50038117490389, False, 'best']
['paramjots', 202539827, 'impression', '20', 240422582L, datetime.datetime(2013, 5, 17, 9, 20, 58), 0.110812558757864, False, 'best']
['paramjots', 202539827, 'impression', '6', 240430180L, datetime.datetime(2013, 5, 17, 9, 20, 58), 0.258165805471924, False, 'best']
['paramjots', 202539827, 'impression', '4', 240485111L, datetime.datetime(2013, 5, 17, 9, 20, 58), 0.292628657809635, False, 'best']
['paramjots', 202539827, 'impression', '2', 240443819L, datetime.datetime(2013, 5, 17, 9, 20, 58), 0.387765975874214, False, 'best']
['paramjots', 202539827, 'impression', '14', 240423500L, datetime.datetime(2013, 5, 17, 9, 20, 58), 0.177325601047028, False, 'best']
['paramjots', 202539827, 'impression', '11', 240461682L, datetime.datetime(2013, 5, 17, 9, 20, 58), 0.197406434971795, False, 'best']
['paramjots', 202539827, 'impression', '9', 240441860L, datetime.datetime(2013, 5, 17, 9, 20, 58), 0.225656104024447, False, 'best']
['paramjots', 202539827, 'impression', '3', 240420739L, datetime.datetime(2013, 5, 17, 9, 20, 58), 0.310407651192529, False, 'best']
['paramjots', 202539827, 'impression', '6', 240430180L, datetime.datetime(2013, 5, 17, 9, 21, 48), 0.258165805471924, False, 'best']
['paramjots', 202539827, 'impression', '2', 240443819L, datetime.datetime(2013, 5, 17, 9, 21, 48), 0.387765975874214, False, 'best']
['paramjots', 202539827, 'impression', '4', 240485111L, datetime.datetime(2013, 5, 17, 9, 21, 48), 0.292628657809635, False, 'best']
['paramjots', 202539827, 'impression', '20', 240422582L, datetime.datetime(2013, 5, 17, 9, 21, 48), 0.110812558757864, False, 'best']
['paramjots', 202539827, 'impression', '10', 240446131L, datetime.datetime(2013, 5, 17, 9, 21, 48), 0.218752331614658, False, 'best']
['paramjots', 202539827, 'impression', '12', 240423659L, datetime.datetime(2013, 5, 17, 9, 21, 48), 0.18908735523233, False, 'best']
['paramjots', 202539827, 'impression', '7', 240424206L, datetime.datetime(2013, 5, 17, 9, 21, 48), 0.255187901908368, False, 'best']
['paramjots', 202539827, 'impression', '13', 240430534L, datetime.datetime(2013, 5, 17, 9, 21, 48), 0.177539115448806, False, 'best']
['paramjots', 202539827, 'impression', '18', 240428563L, datetime.datetime(2013, 5, 17, 9, 21, 48), 0.130045728077058, False, 'best']
['paramjots', 202539827, 'impression', '16', 240423065L, datetime.datetime(2013, 5, 17, 9, 21, 48), 0.144135041349713, False, 'best']
['paramjots', 202539827, 'impression', '8', 240433831L, datetime.datetime(2013, 5, 17, 9, 21, 48), 0.240815554239199, False, 'best']
['paramjots', 202539827, 'impression', '5', 240440432L, datetime.datetime(2013, 5, 17, 9, 21, 48), 0.29151806130534, False, 'best']
['paramjots', 202539827, 'impression', '15', 240420645L, datetime.datetime(2013, 5, 17, 9, 21, 48), 0.165206546753666, False, 'best']
['paramjots', 202539827, 'impression', '19', 240428339L, datetime.datetime(2013, 5, 17, 9, 21, 48), 0.129884371492253, False, 'best']
['paramjots', 202539827, 'impression', '17', 240422275L, datetime.datetime(2013, 5, 17, 9, 21, 48), 0.130183293320331, False, 'best']
['paramjots', 202539827, 'impression', '1', 240514975L, datetime.datetime(2013, 5, 17, 9, 21, 48), 0.50038117490389, False, 'best']
['paramjots', 202539827, 'impression', '11', 240461682L, datetime.datetime(2013, 5, 17, 9, 21, 48), 0.197406434971795, False, 'best']
['paramjots', 202539827, 'impression', '9', 240441860L, datetime.datetime(2013, 5, 17, 9, 21, 48), 0.225656104024447, False, 'best']
['paramjots', 202539827, 'impression', '14', 240423500L, datetime.datetime(2013, 5, 17, 9, 21, 48), 0.177325601047028, False, 'best']
['paramjots', 202539827, 'impression', '3', 240420739L, datetime.datetime(2013, 5, 17, 9, 21, 48), 0.310407651192529, False, 'best']
['paramjots', 202539827, 'impression', '2', 240443819L, datetime.datetime(2013, 5, 17, 9, 23, 38), 0.387765975874214, False, 'best']
['paramjots', 202539827, 'impression', '6', 240430180L, datetime.datetime(2013, 5, 17, 9, 23, 38), 0.258165805471924, False, 'best']
['paramjots', 202539827, 'impression', '20', 240422582L, datetime.datetime(2013, 5, 17, 9, 23, 38), 0.110812558757864, False, 'best']
['paramjots', 202539827, 'impression', '4', 240485111L, datetime.datetime(2013, 5, 17, 9, 23, 38), 0.292628657809635, False, 'best']
['paramjots', 202539827, 'impression', '8', 240433831L, datetime.datetime(2013, 5, 17, 9, 23, 38), 0.240815554239199, False, 'best']
['paramjots', 202539827, 'impression', '16', 240423065L, datetime.datetime(2013, 5, 17, 9, 23, 38), 0.144135041349713, False, 'best']
['paramjots', 202539827, 'impression', '18', 240428563L, datetime.datetime(2013, 5, 17, 9, 23, 38), 0.130045728077058, False, 'best']
['paramjots', 202539827, 'impression', '19', 240428339L, datetime.datetime(2013, 5, 17, 9, 23, 38), 0.129884371492253, False, 'best']
['paramjots', 202539827, 'impression', '15', 240420645L, datetime.datetime(2013, 5, 17, 9, 23, 38), 0.165206546753666, False, 'best']
['paramjots', 202539827, 'impression', '5', 240440432L, datetime.datetime(2013, 5, 17, 9, 23, 38), 0.29151806130534, False, 'best']
['paramjots', 202539827, 'impression', '17', 240422275L, datetime.datetime(2013, 5, 17, 9, 23, 38), 0.130183293320331, False, 'best']
['paramjots', 202539827, 'impression', '3', 240420739L, datetime.datetime(2013, 5, 17, 9, 23, 38), 0.310407651192529, False, 'best']
['paramjots', 202539827, 'impression', '9', 240441860L, datetime.datetime(2013, 5, 17, 9, 23, 38), 0.225656104024447, False, 'best']
['paramjots', 202539827, 'impression', '14', 240423500L, datetime.datetime(2013, 5, 17, 9, 23, 38), 0.177325601047028, False, 'best']
['paramjots', 202539827, 'impression', '11', 240461682L, datetime.datetime(2013, 5, 17, 9, 23, 38), 0.197406434971795, False, 'best']
['paramjots', 202539827, 'impression', '1', 240514975L, datetime.datetime(2013, 5, 17, 9, 23, 38), 0.50038117490389, False, 'best']
['paramjots', 202539827, 'impression', '10', 240446131L, datetime.datetime(2013, 5, 17, 9, 23, 38), 0.218752331614658, False, 'best']
['paramjots', 202539827, 'impression', '12', 240423659L, datetime.datetime(2013, 5, 17, 9, 23, 38), 0.18908735523233, False, 'best']
['paramjots', 202539827, 'impression', '7', 240424206L, datetime.datetime(2013, 5, 17, 9, 23, 38), 0.255187901908368, False, 'best']
['paramjots', 202539827, 'impression', '13', 240430534L, datetime.datetime(2013, 5, 17, 9, 23, 38), 0.177539115448806, False, 'best']

['paramjots', 202539827, 'impression', '5', 240440432L, datetime.datetime(2013, 5, 17, 10, 19, 38), 0.29151806130534, False, 'best']
['paramjots', 202539827, 'impression', '15', 240420645L, datetime.datetime(2013, 5, 17, 10, 19, 38), 0.165206546753666, False, 'best']
['paramjots', 202539827, 'impression', '17', 240422275L, datetime.datetime(2013, 5, 17, 10, 19, 38), 0.130183293320331, False, 'best']
['paramjots', 202539827, 'impression', '19', 240428339L, datetime.datetime(2013, 5, 17, 10, 19, 38), 0.129884371492253, False, 'best']
['paramjots', 202539827, 'impression', '13', 240430534L, datetime.datetime(2013, 5, 17, 10, 19, 38), 0.177539115448806, False, 'best']
['paramjots', 202539827, 'impression', '7', 240424206L, datetime.datetime(2013, 5, 17, 10, 19, 38), 0.255187901908368, False, 'best']
['paramjots', 202539827, 'impression', '12', 240423659L, datetime.datetime(2013, 5, 17, 10, 19, 38), 0.18908735523233, False, 'best']
['paramjots', 202539827, 'impression', '10', 240446131L, datetime.datetime(2013, 5, 17, 10, 19, 38), 0.218752331614658, False, 'best']
['paramjots', 202539827, 'impression', '9', 240441860L, datetime.datetime(2013, 5, 17, 10, 19, 38), 0.225656104024447, False, 'best']
['paramjots', 202539827, 'impression', '14', 240423500L, datetime.datetime(2013, 5, 17, 10, 19, 38), 0.177325601047028, False, 'best']
['paramjots', 202539827, 'impression', '3', 240420739L, datetime.datetime(2013, 5, 17, 10, 19, 38), 0.310407651192529, False, 'best']
['paramjots', 202539827, 'impression', '11', 240461682L, datetime.datetime(2013, 5, 17, 10, 19, 38), 0.197406434971795, False, 'best']
['paramjots', 202539827, 'impression', '1', 240514975L, datetime.datetime(2013, 5, 17, 10, 19, 38), 0.50038117490389, False, 'best']
['paramjots', 202539827, 'impression', '6', 240430180L, datetime.datetime(2013, 5, 17, 10, 19, 38), 0.258165805471924, False, 'best']
['paramjots', 202539827, 'impression', '20', 240422582L, datetime.datetime(2013, 5, 17, 10, 19, 38), 0.110812558757864, False, 'best']
['paramjots', 202539827, 'impression', '4', 240485111L, datetime.datetime(2013, 5, 17, 10, 19, 38), 0.292628657809635, False, 'best']
['paramjots', 202539827, 'impression', '2', 240443819L, datetime.datetime(2013, 5, 17, 10, 19, 38), 0.387765975874214, False, 'best']
['paramjots', 202539827, 'impression', '18', 240428563L, datetime.datetime(2013, 5, 17, 10, 19, 38), 0.130045728077058, False, 'best']
['paramjots', 202539827, 'impression', '8', 240433831L, datetime.datetime(2013, 5, 17, 10, 19, 38), 0.240815554239199, False, 'best']
['paramjots', 202539827, 'impression', '16', 240423065L, datetime.datetime(2013, 5, 17, 10, 19, 38), 0.144135041349713, False, 'best']

['paramjots', 202539827, 'impression', '1', 240514975L, datetime.datetime(2013, 5, 18, 8, 12, 17), 0.50038117490389, False, 'best']
['paramjots', 202539827, 'impression', '20', 240428339L, datetime.datetime(2013, 5, 18, 8, 12, 17), 0.129884371492253, False, 'best']
['paramjots', 202539827, 'impression', '18', 240422275L, datetime.datetime(2013, 5, 18, 8, 12, 17), 0.130183293320331, False, 'best']
['paramjots', 202539827, 'impression', '4', 240440432L, datetime.datetime(2013, 5, 18, 8, 12, 17), 0.29151806130534, False, 'best']
['paramjots', 202539827, 'impression', '14', 240420645L, datetime.datetime(2013, 5, 18, 8, 12, 17), 0.165206546753666, False, 'best']
['paramjots', 202539827, 'impression', '19', 240428563L, datetime.datetime(2013, 5, 18, 8, 12, 17), 0.130045728077058, False, 'best']
['paramjots', 202539827, 'impression', '16', 240423065L, datetime.datetime(2013, 5, 18, 8, 12, 17), 0.144135041349713, False, 'best']
['paramjots', 202539827, 'impression', '7', 240433831L, datetime.datetime(2013, 5, 18, 8, 12, 17), 0.240815554239199, False, 'best']
['paramjots', 202539827, 'impression', '17', 240637096L, datetime.datetime(2013, 5, 18, 8, 12, 17), 0.135553281921875, False, 'best']
['paramjots', 202539827, 'impression', '13', 240423500L, datetime.datetime(2013, 5, 18, 8, 12, 17), 0.177325601047028, False, 'best']
['paramjots', 202539827, 'impression', '10', 240461682L, datetime.datetime(2013, 5, 18, 8, 12, 17), 0.197406434971795, False, 'best']
['paramjots', 202539827, 'impression', '8', 240441860L, datetime.datetime(2013, 5, 18, 8, 12, 17), 0.225656104024447, False, 'best']
['paramjots', 202539827, 'impression', '2', 240420739L, datetime.datetime(2013, 5, 18, 8, 12, 17), 0.310407651192529, False, 'best']
['paramjots', 202539827, 'impression', '5', 240430180L, datetime.datetime(2013, 5, 18, 8, 12, 17), 0.258165805471924, False, 'best']
['paramjots', 202539827, 'impression', '3', 240485111L, datetime.datetime(2013, 5, 18, 8, 12, 17), 0.292628657809635, False, 'best']
['paramjots', 202539827, 'impression', '15', 240623347L, datetime.datetime(2013, 5, 18, 8, 12, 17), 0.145438142332591, False, 'best']
['paramjots', 202539827, 'impression', '11', 240423659L, datetime.datetime(2013, 5, 18, 8, 12, 17), 0.18908735523233, False, 'best']
['paramjots', 202539827, 'impression', '12', 240430534L, datetime.datetime(2013, 5, 18, 8, 12, 17), 0.177539115448806, False, 'best']
['paramjots', 202539827, 'impression', '9', 240446131L, datetime.datetime(2013, 5, 18, 8, 12, 17), 0.218752331614658, False, 'best']
['paramjots', 202539827, 'impression', '6', 240424206L, datetime.datetime(2013, 5, 18, 8, 12, 17), 0.255187901908368, False, 'best']

['paramjots', 202539827, 'impression', '15', 240637096L, datetime.datetime(2013, 5, 21, 10, 53, 5), 0.135553281921875, False, 'best']
['paramjots', 202539827, 'impression', '16', 240422275L, datetime.datetime(2013, 5, 21, 10, 53, 5), 0.130183293320331, False, 'best']
['paramjots', 202539827, 'impression', '18', 240428339L, datetime.datetime(2013, 5, 21, 10, 53, 5), 0.129884371492253, False, 'best']
['paramjots', 202539827, 'impression', '20', 240433985L, datetime.datetime(2013, 5, 21, 10, 53, 5), 0.107323453695041, False, 'best']
['paramjots', 202539827, 'impression', '3', 240440432L, datetime.datetime(2013, 5, 21, 10, 53, 5), 0.29151806130534, False, 'best']
['paramjots', 202539827, 'impression', '13', 240623347L, datetime.datetime(2013, 5, 21, 10, 53, 5), 0.145438142332591, False, 'best']
['paramjots', 202539827, 'impression', '8', 240446131L, datetime.datetime(2013, 5, 21, 10, 53, 5), 0.218752331614658, False, 'best']
['paramjots', 202539827, 'impression', '5', 240424206L, datetime.datetime(2013, 5, 21, 10, 53, 5), 0.255187901908368, False, 'best']
['paramjots', 202539827, 'impression', '11', 240430534L, datetime.datetime(2013, 5, 21, 10, 53, 5), 0.177539115448806, False, 'best']
['paramjots', 202539827, 'impression', '10', 240423659L, datetime.datetime(2013, 5, 21, 10, 53, 5), 0.18908735523233, False, 'best']
['paramjots', 202539827, 'impression', '2', 240420739L, datetime.datetime(2013, 5, 21, 10, 53, 5), 0.310407651192529, False, 'best']
['paramjots', 202539827, 'impression', '9', 240461682L, datetime.datetime(2013, 5, 21, 10, 53, 5), 0.197406434971795, False, 'best']
['paramjots', 202539827, 'impression', '7', 240441860L, datetime.datetime(2013, 5, 21, 10, 53, 5), 0.225656104024447, False, 'best']
['paramjots', 202539827, 'impression', '12', 240423500L, datetime.datetime(2013, 5, 21, 10, 53, 5), 0.177325601047028, False, 'best']
['paramjots', 202539827, 'impression', '6', 240433831L, datetime.datetime(2013, 5, 21, 10, 53, 5), 0.240815554239199, False, 'best']
['paramjots', 202539827, 'impression', '14', 240423065L, datetime.datetime(2013, 5, 21, 10, 53, 5), 0.144135041349713, False, 'best']
['paramjots', 202539827, 'impression', '17', 240428563L, datetime.datetime(2013, 5, 21, 10, 53, 5), 0.130045728077058, False, 'best']
['paramjots', 202539827, 'impression', '1', 240514975L, datetime.datetime(2013, 5, 21, 10, 53, 5), 0.50038117490389, False, 'best']
['paramjots', 202539827, 'impression', '4', 240430180L, datetime.datetime(2013, 5, 21, 10, 53, 5), 0.258165805471924, False, 'best']
['paramjots', 202539827, 'impression', '19', 240422582L, datetime.datetime(2013, 5, 21, 10, 53, 5), 0.110812558757864, False, 'best']

['paramjots', 202539827, 'impression', '17', 240428563L, datetime.datetime(2013, 5, 21, 11, 53, 11), 0.130045728077058, False, 'best']
['paramjots', 202539827, 'impression', '14', 240423065L, datetime.datetime(2013, 5, 21, 11, 53, 11), 0.144135041349713, False, 'best']
['paramjots', 202539827, 'impression', '6', 240433831L, datetime.datetime(2013, 5, 21, 11, 53, 11), 0.240815554239199, False, 'best']
['paramjots', 202539827, 'impression', '9', 240461682L, datetime.datetime(2013, 5, 21, 11, 53, 11), 0.197406434971795, False, 'best']
['paramjots', 202539827, 'impression', '12', 240423500L, datetime.datetime(2013, 5, 21, 11, 53, 11), 0.177325601047028, False, 'best']
['paramjots', 202539827, 'impression', '7', 240441860L, datetime.datetime(2013, 5, 21, 11, 53, 11), 0.225656104024447, False, 'best']
['paramjots', 202539827, 'impression', '2', 240420739L, datetime.datetime(2013, 5, 21, 11, 53, 11), 0.310407651192529, False, 'best']
['paramjots', 202539827, 'impression', '5', 240424206L, datetime.datetime(2013, 5, 21, 11, 53, 11), 0.255187901908368, False, 'best']
['paramjots', 202539827, 'impression', '11', 240430534L, datetime.datetime(2013, 5, 21, 11, 53, 11), 0.177539115448806, False, 'best']
['paramjots', 202539827, 'impression', '8', 240446131L, datetime.datetime(2013, 5, 21, 11, 53, 11), 0.218752331614658, False, 'best']
['paramjots', 202539827, 'impression', '10', 240423659L, datetime.datetime(2013, 5, 21, 11, 53, 11), 0.18908735523233, False, 'best']
['paramjots', 202539827, 'impression', '1', 240514975L, datetime.datetime(2013, 5, 21, 11, 53, 11), 0.50038117490389, False, 'best']
['paramjots', 202539827, 'impression', '4', 240430180L, datetime.datetime(2013, 5, 21, 11, 53, 11), 0.258165805471924, False, 'best']
['paramjots', 202539827, 'impression', '19', 240422582L, datetime.datetime(2013, 5, 21, 11, 53, 11), 0.110812558757864, False, 'best']
['paramjots', 202539827, 'impression', '13', 240623347L, datetime.datetime(2013, 5, 21, 11, 53, 11), 0.145438142332591, False, 'best']
['paramjots', 202539827, 'impression', '15', 240637096L, datetime.datetime(2013, 5, 21, 11, 53, 11), 0.135553281921875, False, 'best']
['paramjots', 202539827, 'impression', '20', 240433985L, datetime.datetime(2013, 5, 21, 11, 53, 11), 0.107323453695041, False, 'best']
['paramjots', 202539827, 'impression', '16', 240422275L, datetime.datetime(2013, 5, 21, 11, 53, 11), 0.130183293320331, False, 'best']
['paramjots', 202539827, 'impression', '3', 240440432L, datetime.datetime(2013, 5, 21, 11, 53, 11), 0.29151806130534, False, 'best']
['paramjots', 202539827, 'impression', '18', 240428339L, datetime.datetime(2013, 5, 21, 11, 53, 11), 0.129884371492253, False, 'best']
['paramjots', 202539827, 'impression', '9', 240461682L, datetime.datetime(2013, 5, 21, 11, 53, 34), 0.197406434971795, False, 'best']
['paramjots', 202539827, 'shortlist', '10', 240423659L, datetime.datetime(2013, 5, 21, 11, 53, 35), 0.18908735523233, False, 'best']
['paramjots', 202539827, 'view_full_application_via_name', '10', 240423659L, datetime.datetime(2013, 5, 21, 11, 53, 40), 0.18908735523233, False, 'best']

['paramjots', 202539827, 'impression', '12', 240623347L, datetime.datetime(2013, 5, 21, 14, 52, 23), 0.145438142332591, False, 'best']
['paramjots', 202539827, 'impression', '17', 240428339L, datetime.datetime(2013, 5, 21, 14, 52, 23), 0.129884371492253, False, 'best']
['paramjots', 202539827, 'impression', '3', 240440432L, datetime.datetime(2013, 5, 21, 14, 52, 23), 0.29151806130534, False, 'best']
['paramjots', 202539827, 'impression', '19', 240433985L, datetime.datetime(2013, 5, 21, 14, 52, 23), 0.107323453695041, False, 'best']
['paramjots', 202539827, 'impression', '15', 240422275L, datetime.datetime(2013, 5, 21, 14, 52, 23), 0.130183293320331, False, 'best']
['paramjots', 202539827, 'impression', '1', 240514975L, datetime.datetime(2013, 5, 21, 14, 52, 23), 0.50038117490389, False, 'best']
['paramjots', 202539827, 'impression', '18', 240422582L, datetime.datetime(2013, 5, 21, 14, 52, 23), 0.110812558757864, False, 'best']
['paramjots', 202539827, 'impression', '4', 240430180L, datetime.datetime(2013, 5, 21, 14, 52, 23), 0.258165805471924, False, 'best']
['paramjots', 202539827, 'impression', '16', 240428563L, datetime.datetime(2013, 5, 21, 14, 52, 23), 0.130045728077058, False, 'best']
['paramjots', 202539827, 'impression', '20', 240423406L, datetime.datetime(2013, 5, 21, 14, 52, 23), 0.105488322149329, False, 'best']
['paramjots', 202539827, 'impression', '5', 240433831L, datetime.datetime(2013, 5, 21, 14, 52, 23), 0.240815554239199, False, 'best']
['paramjots', 202539827, 'impression', '13', 240423065L, datetime.datetime(2013, 5, 21, 14, 52, 23), 0.144135041349713, False, 'best']
['paramjots', 202539827, 'impression', '7', 240446131L, datetime.datetime(2013, 5, 21, 14, 52, 23), 0.218752331614658, False, 'best']
['paramjots', 202539827, 'impression', '9', 240423659L, datetime.datetime(2013, 5, 21, 14, 52, 23), 0.18908735523233, False, 'best']
['paramjots', 202539827, 'impression', '10', 240430534L, datetime.datetime(2013, 5, 21, 14, 52, 23), 0.177539115448806, False, 'best']
['paramjots', 202539827, 'impression', '8', 240461682L, datetime.datetime(2013, 5, 21, 14, 52, 23), 0.197406434971795, False, 'best']
['paramjots', 202539827, 'impression', '2', 240420739L, datetime.datetime(2013, 5, 21, 14, 52, 23), 0.310407651192529, False, 'best']
['paramjots', 202539827, 'impression', '11', 240423500L, datetime.datetime(2013, 5, 21, 14, 52, 23), 0.177325601047028, False, 'best']
['paramjots', 202539827, 'impression', '6', 240441860L, datetime.datetime(2013, 5, 21, 14, 52, 23), 0.225656104024447, False, 'best']
['paramjots', 202539827, 'impression', '14', 240637096L, datetime.datetime(2013, 5, 21, 14, 52, 23), 0.135553281921875, False, 'best']
['paramjots', 202539827, 'view_full_application_via_name', '9', 240423659L, datetime.datetime(2013, 5, 21, 14, 52, 28), 0.18908735523233, False, 'best']
['paramjots', 202539827, 'impression', '3', 240440432L, datetime.datetime(2013, 5, 21, 14, 56, 27), 0.29151806130534, False, 'best']
['paramjots', 202539827, 'impression', '19', 240433985L, datetime.datetime(2013, 5, 21, 14, 56, 27), 0.107323453695041, False, 'best']
['paramjots', 202539827, 'impression', '17', 240428339L, datetime.datetime(2013, 5, 21, 14, 56, 27), 0.129884371492253, False, 'best']
['paramjots', 202539827, 'impression', '15', 240422275L, datetime.datetime(2013, 5, 21, 14, 56, 27), 0.130183293320331, False, 'best']
['paramjots', 202539827, 'impression', '14', 240637096L, datetime.datetime(2013, 5, 21, 14, 56, 27), 0.135553281921875, False, 'best']
['paramjots', 202539827, 'impression', '11', 240423500L, datetime.datetime(2013, 5, 21, 14, 56, 27), 0.177325601047028, False, 'best']
['paramjots', 202539827, 'impression', '2', 240420739L, datetime.datetime(2013, 5, 21, 14, 56, 27), 0.310407651192529, False, 'best']
['paramjots', 202539827, 'impression', '6', 240441860L, datetime.datetime(2013, 5, 21, 14, 56, 27), 0.225656104024447, False, 'best']
['paramjots', 202539827, 'impression', '8', 240461682L, datetime.datetime(2013, 5, 21, 14, 56, 27), 0.197406434971795, False, 'best']
['paramjots', 202539827, 'impression', '16', 240428563L, datetime.datetime(2013, 5, 21, 14, 56, 27), 0.130045728077058, False, 'best']
['paramjots', 202539827, 'impression', '13', 240423065L, datetime.datetime(2013, 5, 21, 14, 56, 27), 0.144135041349713, False, 'best']
['paramjots', 202539827, 'impression', '20', 240423406L, datetime.datetime(2013, 5, 21, 14, 56, 27), 0.105488322149329, False, 'best']
['paramjots', 202539827, 'impression', '5', 240433831L, datetime.datetime(2013, 5, 21, 14, 56, 27), 0.240815554239199, False, 'best']
['paramjots', 202539827, 'impression', '18', 240422582L, datetime.datetime(2013, 5, 21, 14, 56, 27), 0.110812558757864, False, 'best']
['paramjots', 202539827, 'impression', '4', 240430180L, datetime.datetime(2013, 5, 21, 14, 56, 27), 0.258165805471924, False, 'best']
['paramjots', 202539827, 'impression', '12', 240623347L, datetime.datetime(2013, 5, 21, 14, 56, 27), 0.145438142332591, False, 'best']
['paramjots', 202539827, 'impression', '10', 240430534L, datetime.datetime(2013, 5, 21, 14, 56, 27), 0.177539115448806, False, 'best']
['paramjots', 202539827, 'impression', '7', 240446131L, datetime.datetime(2013, 5, 21, 14, 56, 27), 0.218752331614658, False, 'best']
['paramjots', 202539827, 'impression', '9', 240423659L, datetime.datetime(2013, 5, 21, 14, 56, 27), 0.18908735523233, False, 'best']
['paramjots', 202539827, 'impression', '1', 240514975L, datetime.datetime(2013, 5, 21, 14, 56, 27), 0.50038117490389, False, 'best']
['paramjots', 202539827, 'view_full_application_via_name', '13', 240423065L, datetime.datetime(2013, 5, 21, 14, 56, 46), 0.144135041349713, False, 'best']

['paramjots', 202539827, 'impression', '17', 240428339L, datetime.datetime(2013, 5, 23, 10, 16, 24), 0.129884371492253, False, 'best']
['paramjots', 202539827, 'impression', '3', 240440432L, datetime.datetime(2013, 5, 23, 10, 16, 24), 0.29151806130534, False, 'best']
['paramjots', 202539827, 'impression', '19', 240433985L, datetime.datetime(2013, 5, 23, 10, 16, 24), 0.107323453695041, False, 'best']
['paramjots', 202539827, 'impression', '15', 240422275L, datetime.datetime(2013, 5, 23, 10, 16, 24), 0.130183293320331, False, 'best']
['paramjots', 202539827, 'impression', '1', 240514975L, datetime.datetime(2013, 5, 23, 10, 16, 24), 0.50038117490389, False, 'best']
['paramjots', 202539827, 'impression', '13', 240423065L, datetime.datetime(2013, 5, 23, 10, 16, 24), 0.144135041349713, False, 'best']
['paramjots', 202539827, 'impression', '16', 240428563L, datetime.datetime(2013, 5, 23, 10, 16, 24), 0.130045728077058, False, 'best']
['paramjots', 202539827, 'impression', '5', 240433831L, datetime.datetime(2013, 5, 23, 10, 16, 24), 0.240815554239199, False, 'best']
['paramjots', 202539827, 'impression', '20', 240423406L, datetime.datetime(2013, 5, 23, 10, 16, 24), 0.105488322149329, False, 'best']
['paramjots', 202539827, 'impression', '4', 240430180L, datetime.datetime(2013, 5, 23, 10, 16, 24), 0.258165805471924, False, 'best']
['paramjots', 202539827, 'impression', '18', 240422582L, datetime.datetime(2013, 5, 23, 10, 16, 24), 0.110812558757864, False, 'best']
['paramjots', 202539827, 'impression', '9', 240423659L, datetime.datetime(2013, 5, 23, 10, 16, 24), 0.18908735523233, False, 'best']
['paramjots', 202539827, 'impression', '10', 240430534L, datetime.datetime(2013, 5, 23, 10, 16, 24), 0.177539115448806, False, 'best']
['paramjots', 202539827, 'impression', '7', 240446131L, datetime.datetime(2013, 5, 23, 10, 16, 24), 0.218752331614658, False, 'best']
['paramjots', 202539827, 'impression', '14', 240637096L, datetime.datetime(2013, 5, 23, 10, 16, 24), 0.135553281921875, False, 'best']
['paramjots', 202539827, 'impression', '8', 240461682L, datetime.datetime(2013, 5, 23, 10, 16, 24), 0.197406434971795, False, 'best']
['paramjots', 202539827, 'impression', '2', 240420739L, datetime.datetime(2013, 5, 23, 10, 16, 24), 0.310407651192529, False, 'best']
['paramjots', 202539827, 'impression', '6', 240441860L, datetime.datetime(2013, 5, 23, 10, 16, 24), 0.225656104024447, False, 'best']
['paramjots', 202539827, 'impression', '11', 240423500L, datetime.datetime(2013, 5, 23, 10, 16, 24), 0.177325601047028, False, 'best']
['paramjots', 202539827, 'impression', '12', 240623347L, datetime.datetime(2013, 5, 23, 10, 16, 24), 0.145438142332591, False, 'best']
['paramjots', 202539827, 'impression', '14', 240637096L, datetime.datetime(2013, 5, 23, 10, 16, 28), 0.135553281921875, False, 'best']
['paramjots', 202539827, 'view_full_application_via_name', '13', 240423065L, datetime.datetime(2013, 5, 23, 10, 16, 30), 0.144135041349713, False, 'best']

['paramjots', 202539827, 'impression', '1', 240514975L, datetime.datetime(2013, 5, 26, 10, 15, 23), 0.50038117490389, False, 'best']
['paramjots', 202539827, 'impression', '16', 240428563L, datetime.datetime(2013, 5, 26, 10, 15, 23), 0.130045728077058, False, 'best']
['paramjots', 202539827, 'impression', '13', 240423065L, datetime.datetime(2013, 5, 26, 10, 15, 23), 0.144135041349713, False, 'best']
['paramjots', 202539827, 'impression', '20', 240423406L, datetime.datetime(2013, 5, 26, 10, 15, 23), 0.105488322149329, False, 'best']
['paramjots', 202539827, 'impression', '5', 240433831L, datetime.datetime(2013, 5, 26, 10, 15, 23), 0.240815554239199, False, 'best']
['paramjots', 202539827, 'impression', '7', 240446131L, datetime.datetime(2013, 5, 26, 10, 15, 23), 0.218752331614658, False, 'best']
['paramjots', 202539827, 'impression', '9', 240423659L, datetime.datetime(2013, 5, 26, 10, 15, 23), 0.18908735523233, False, 'best']
['paramjots', 202539827, 'impression', '10', 240430534L, datetime.datetime(2013, 5, 26, 10, 15, 23), 0.177539115448806, False, 'best']
['paramjots', 202539827, 'impression', '2', 240420739L, datetime.datetime(2013, 5, 26, 10, 15, 23), 0.310407651192529, False, 'best']
['paramjots', 202539827, 'impression', '6', 240441860L, datetime.datetime(2013, 5, 26, 10, 15, 23), 0.225656104024447, False, 'best']
['paramjots', 202539827, 'impression', '8', 240461682L, datetime.datetime(2013, 5, 26, 10, 15, 23), 0.197406434971795, False, 'best']
['paramjots', 202539827, 'impression', '11', 240423500L, datetime.datetime(2013, 5, 26, 10, 15, 23), 0.177325601047028, False, 'best']
['paramjots', 202539827, 'impression', '19', 240433985L, datetime.datetime(2013, 5, 26, 10, 15, 23), 0.107323453695041, False, 'best']
['paramjots', 202539827, 'impression', '15', 240422275L, datetime.datetime(2013, 5, 26, 10, 15, 23), 0.130183293320331, False, 'best']
['paramjots', 202539827, 'impression', '17', 240428339L, datetime.datetime(2013, 5, 26, 10, 15, 23), 0.129884371492253, False, 'best']
['paramjots', 202539827, 'impression', '3', 240440432L, datetime.datetime(2013, 5, 26, 10, 15, 23), 0.29151806130534, False, 'best']
['paramjots', 202539827, 'impression', '4', 240430180L, datetime.datetime(2013, 5, 26, 10, 15, 23), 0.258165805471924, False, 'best']
['paramjots', 202539827, 'impression', '18', 240422582L, datetime.datetime(2013, 5, 26, 10, 15, 23), 0.110812558757864, False, 'best']
['paramjots', 202539827, 'impression', '14', 240637096L, datetime.datetime(2013, 5, 26, 10, 15, 23), 0.135553281921875, False, 'best']
['paramjots', 202539827, 'impression', '12', 240623347L, datetime.datetime(2013, 5, 26, 10, 15, 23), 0.145438142332591, False, 'best']
['paramjots', 202539827, 'impression', '8', 240461682L, datetime.datetime(2013, 5, 26, 10, 15, 55), 0.197406434971795, False, 'best']
['paramjots', 202539827, 'impression', '6', 240441860L, datetime.datetime(2013, 5, 26, 10, 15, 55), 0.225656104024447, False, 'best']
['paramjots', 202539827, 'impression', '11', 240423500L, datetime.datetime(2013, 5, 26, 10, 15, 55), 0.177325601047028, False, 'best']
['paramjots', 202539827, 'impression', '2', 240420739L, datetime.datetime(2013, 5, 26, 10, 15, 55), 0.310407651192529, False, 'best']
['paramjots', 202539827, 'impression', '9', 240423659L, datetime.datetime(2013, 5, 26, 10, 15, 55), 0.18908735523233, False, 'best']
['paramjots', 202539827, 'impression', '7', 240446131L, datetime.datetime(2013, 5, 26, 10, 15, 55), 0.218752331614658, False, 'best']
['paramjots', 202539827, 'impression', '10', 240430534L, datetime.datetime(2013, 5, 26, 10, 15, 55), 0.177539115448806, False, 'best']
['paramjots', 202539827, 'impression', '14', 240637096L, datetime.datetime(2013, 5, 26, 10, 15, 55), 0.135553281921875, False, 'best']
['paramjots', 202539827, 'impression', '4', 240430180L, datetime.datetime(2013, 5, 26, 10, 15, 55), 0.258165805471924, False, 'best']
['paramjots', 202539827, 'impression', '18', 240422582L, datetime.datetime(2013, 5, 26, 10, 15, 55), 0.110812558757864, False, 'best']
['paramjots', 202539827, 'impression', '15', 240422275L, datetime.datetime(2013, 5, 26, 10, 15, 55), 0.130183293320331, False, 'best']
['paramjots', 202539827, 'impression', '3', 240440432L, datetime.datetime(2013, 5, 26, 10, 15, 55), 0.29151806130534, False, 'best']
['paramjots', 202539827, 'impression', '17', 240428339L, datetime.datetime(2013, 5, 26, 10, 15, 55), 0.129884371492253, False, 'best']
['paramjots', 202539827, 'impression', '19', 240433985L, datetime.datetime(2013, 5, 26, 10, 15, 55), 0.107323453695041, False, 'best']
['paramjots', 202539827, 'impression', '16', 240428563L, datetime.datetime(2013, 5, 26, 10, 15, 55), 0.130045728077058, False, 'best']
['paramjots', 202539827, 'impression', '13', 240423065L, datetime.datetime(2013, 5, 26, 10, 15, 55), 0.144135041349713, False, 'best']
['paramjots', 202539827, 'impression', '20', 240423406L, datetime.datetime(2013, 5, 26, 10, 15, 55), 0.105488322149329, False, 'best']
['paramjots', 202539827, 'impression', '5', 240433831L, datetime.datetime(2013, 5, 26, 10, 15, 55), 0.240815554239199, False, 'best']
['paramjots', 202539827, 'impression', '1', 240514975L, datetime.datetime(2013, 5, 26, 10, 15, 55), 0.50038117490389, False, 'best']
['paramjots', 202539827, 'impression', '12', 240623347L, datetime.datetime(2013, 5, 26, 10, 15, 55), 0.145438142332591, False, 'best']
['paramjots', 202539827, 'impression', '1', 240514975L, datetime.datetime(2013, 5, 26, 10, 16), 0.50038117490389, False, 'best']
['paramjots', 202539827, 'impression', '7', 240446131L, datetime.datetime(2013, 5, 26, 10, 16, 33), 0.218752331614658, False, 'best']
['paramjots', 202539827, 'impression', '10', 240430534L, datetime.datetime(2013, 5, 26, 10, 16, 33), 0.177539115448806, False, 'best']
['paramjots', 202539827, 'impression', '9', 240423659L, datetime.datetime(2013, 5, 26, 10, 16, 33), 0.18908735523233, False, 'best']
['paramjots', 202539827, 'impression', '1', 240514975L, datetime.datetime(2013, 5, 26, 10, 16, 33), 0.50038117490389, False, 'best']
['paramjots', 202539827, 'impression', '12', 240623347L, datetime.datetime(2013, 5, 26, 10, 16, 33), 0.145438142332591, False, 'best']
['paramjots', 202539827, 'impression', '13', 240423065L, datetime.datetime(2013, 5, 26, 10, 16, 33), 0.144135041349713, False, 'best']
['paramjots', 202539827, 'impression', '16', 240428563L, datetime.datetime(2013, 5, 26, 10, 16, 33), 0.130045728077058, False, 'best']
['paramjots', 202539827, 'impression', '20', 240423406L, datetime.datetime(2013, 5, 26, 10, 16, 33), 0.105488322149329, False, 'best']
['paramjots', 202539827, 'impression', '5', 240433831L, datetime.datetime(2013, 5, 26, 10, 16, 33), 0.240815554239199, False, 'best']
['paramjots', 202539827, 'impression', '2', 240420739L, datetime.datetime(2013, 5, 26, 10, 16, 33), 0.310407651192529, False, 'best']
['paramjots', 202539827, 'impression', '8', 240461682L, datetime.datetime(2013, 5, 26, 10, 16, 33), 0.197406434971795, False, 'best']
['paramjots', 202539827, 'impression', '11', 240423500L, datetime.datetime(2013, 5, 26, 10, 16, 33), 0.177325601047028, False, 'best']
['paramjots', 202539827, 'impression', '6', 240441860L, datetime.datetime(2013, 5, 26, 10, 16, 33), 0.225656104024447, False, 'best']
['paramjots', 202539827, 'impression', '3', 240440432L, datetime.datetime(2013, 5, 26, 10, 16, 33), 0.29151806130534, False, 'best']
['paramjots', 202539827, 'impression', '15', 240422275L, datetime.datetime(2013, 5, 26, 10, 16, 33), 0.130183293320331, False, 'best']
['paramjots', 202539827, 'impression', '19', 240433985L, datetime.datetime(2013, 5, 26, 10, 16, 33), 0.107323453695041, False, 'best']
['paramjots', 202539827, 'impression', '17', 240428339L, datetime.datetime(2013, 5, 26, 10, 16, 33), 0.129884371492253, False, 'best']
['paramjots', 202539827, 'impression', '14', 240637096L, datetime.datetime(2013, 5, 26, 10, 16, 33), 0.135553281921875, False, 'best']
['paramjots', 202539827, 'impression', '4', 240430180L, datetime.datetime(2013, 5, 26, 10, 16, 33), 0.258165805471924, False, 'best']
['paramjots', 202539827, 'impression', '18', 240422582L, datetime.datetime(2013, 5, 26, 10, 16, 33), 0.110812558757864, False, 'best']
['paramjots', 202539827, 'view_full_application_via_name', '14', 240637096L, datetime.datetime(2013, 5, 26, 10, 16, 45), 0.135553281921875, False, 'best']

['paramjots', 202539827, 'impression', '14', 240637096L, datetime.datetime(2013, 5, 26, 11, 0, 37), 0.135553281921875, False, 'best']
['paramjots', 202539827, 'impression', '13', 240423065L, datetime.datetime(2013, 5, 26, 11, 0, 37), 0.144135041349713, False, 'best']
['paramjots', 202539827, 'impression', '5', 240433831L, datetime.datetime(2013, 5, 26, 11, 0, 37), 0.240815554239199, False, 'best']
['paramjots', 202539827, 'impression', '16', 240428563L, datetime.datetime(2013, 5, 26, 11, 0, 37), 0.130045728077058, False, 'best']
['paramjots', 202539827, 'impression', '20', 240423406L, datetime.datetime(2013, 5, 26, 11, 0, 37), 0.105488322149329, False, 'best']
['paramjots', 202539827, 'impression', '6', 240441860L, datetime.datetime(2013, 5, 26, 11, 0, 37), 0.225656104024447, False, 'best']
['paramjots', 202539827, 'impression', '8', 240461682L, datetime.datetime(2013, 5, 26, 11, 0, 37), 0.197406434971795, False, 'best']
['paramjots', 202539827, 'impression', '2', 240420739L, datetime.datetime(2013, 5, 26, 11, 0, 37), 0.310407651192529, False, 'best']
['paramjots', 202539827, 'impression', '11', 240423500L, datetime.datetime(2013, 5, 26, 11, 0, 37), 0.177325601047028, False, 'best']
['paramjots', 202539827, 'impression', '12', 240623347L, datetime.datetime(2013, 5, 26, 11, 0, 37), 0.145438142332591, False, 'best']
['paramjots', 202539827, 'impression', '7', 240446131L, datetime.datetime(2013, 5, 26, 11, 0, 37), 0.218752331614658, False, 'best']
['paramjots', 202539827, 'impression', '10', 240430534L, datetime.datetime(2013, 5, 26, 11, 0, 37), 0.177539115448806, False, 'best']
['paramjots', 202539827, 'impression', '9', 240423659L, datetime.datetime(2013, 5, 26, 11, 0, 37), 0.18908735523233, False, 'best']
['paramjots', 202539827, 'impression', '19', 240433985L, datetime.datetime(2013, 5, 26, 11, 0, 37), 0.107323453695041, False, 'best']
['paramjots', 202539827, 'impression', '15', 240422275L, datetime.datetime(2013, 5, 26, 11, 0, 37), 0.130183293320331, False, 'best']
['paramjots', 202539827, 'impression', '3', 240440432L, datetime.datetime(2013, 5, 26, 11, 0, 37), 0.29151806130534, False, 'best']
['paramjots', 202539827, 'impression', '17', 240428339L, datetime.datetime(2013, 5, 26, 11, 0, 37), 0.129884371492253, False, 'best']
['paramjots', 202539827, 'impression', '18', 240422582L, datetime.datetime(2013, 5, 26, 11, 0, 37), 0.110812558757864, False, 'best']
['paramjots', 202539827, 'impression', '4', 240430180L, datetime.datetime(2013, 5, 26, 11, 0, 37), 0.258165805471924, False, 'best']
['paramjots', 202539827, 'impression', '1', 240514975L, datetime.datetime(2013, 5, 26, 11, 0, 37), 0.50038117490389, False, 'best']
['paramjots', 202539827, 'view_full_application_via_name', '14', 240637096L, datetime.datetime(2013, 5, 26, 11, 0, 45), 0.135553281921875, False, 'best']

