['pbooker1105', 202547207, 'impression', '17', 240600730L, datetime.datetime(2013, 5, 17, 17, 4, 45), 0.062454294099071, False, 'best']
['pbooker1105', 202547207, 'impression', '20', 240621887L, datetime.datetime(2013, 5, 17, 17, 4, 45), 0.0287849930896105, False, 'best']
['pbooker1105', 202547207, 'impression', '16', 240609532L, datetime.datetime(2013, 5, 17, 17, 4, 45), 0.0664985729702746, False, 'best']
['pbooker1105', 202547207, 'impression', '19', 240639267L, datetime.datetime(2013, 5, 17, 17, 4, 45), 0.0494854122097207, False, 'best']
['pbooker1105', 202547207, 'impression', '12', 240579819L, datetime.datetime(2013, 5, 17, 17, 4, 45), 0.0979984928572325, False, 'best']
['pbooker1105', 202547207, 'impression', '7', 240611462L, datetime.datetime(2013, 5, 17, 17, 4, 45), 0.186007978850642, False, 'best']
['pbooker1105', 202547207, 'impression', '10', 240582275L, datetime.datetime(2013, 5, 17, 17, 4, 45), 0.136287292248508, False, 'best']
['pbooker1105', 202547207, 'impression', '5', 240574870L, datetime.datetime(2013, 5, 17, 17, 4, 45), 0.255529907524589, False, 'best']
['pbooker1105', 202547207, 'impression', '2', 240576083L, datetime.datetime(2013, 5, 17, 17, 4, 45), 0.37547962213459, False, 'best']
['pbooker1105', 202547207, 'impression', '9', 240577969L, datetime.datetime(2013, 5, 17, 17, 4, 45), 0.171018590048766, False, 'best']
['pbooker1105', 202547207, 'impression', '6', 240577229L, datetime.datetime(2013, 5, 17, 17, 4, 45), 0.196161899596004, False, 'best']
['pbooker1105', 202547207, 'impression', '8', 240575852L, datetime.datetime(2013, 5, 17, 17, 4, 45), 0.172855992174764, False, 'best']
['pbooker1105', 202547207, 'impression', '11', 240604326L, datetime.datetime(2013, 5, 17, 17, 4, 45), 0.126373439237542, False, 'best']
['pbooker1105', 202547207, 'impression', '14', 240579229L, datetime.datetime(2013, 5, 17, 17, 4, 45), 0.0870021462348936, False, 'best']
['pbooker1105', 202547207, 'impression', '1', 240575333L, datetime.datetime(2013, 5, 17, 17, 4, 45), 0.433663377143885, False, 'best']
['pbooker1105', 202547207, 'impression', '13', 240584427L, datetime.datetime(2013, 5, 17, 17, 4, 45), 0.092425657915043, False, 'best']
['pbooker1105', 202547207, 'impression', '4', 240575644L, datetime.datetime(2013, 5, 17, 17, 4, 45), 0.292327597446101, False, 'best']
['pbooker1105', 202547207, 'impression', '15', 240594848L, datetime.datetime(2013, 5, 17, 17, 4, 45), 0.0779538220401091, False, 'best']
['pbooker1105', 202547207, 'impression', '3', 240575616L, datetime.datetime(2013, 5, 17, 17, 4, 45), 0.305965537200353, False, 'best']
['pbooker1105', 202547207, 'impression', '18', 240574604L, datetime.datetime(2013, 5, 17, 17, 4, 45), 0.0566996270983889, False, 'best']

