['queencoco', 202582937, 'impression', '1', 241327494L, datetime.datetime(2013, 5, 27, 1, 36, 37), 0.478123650076958, False, 'best']
['queencoco', 202582937, 'impression', '1', 241327494L, datetime.datetime(2013, 5, 27, 1, 37, 18), 0.478123650076958, False, 'best']
['queencoco', 202582937, 'impression', '1', 241327494L, datetime.datetime(2013, 5, 27, 1, 41, 40), 0.478123650076958, False, 'best']

['queencoco', 202582937, 'impression', '2', 241327494L, datetime.datetime(2013, 5, 28, 5, 18, 57), 0.478123650076958, False, 'best']
['queencoco', 202582937, 'impression', '4', 241369284L, datetime.datetime(2013, 5, 28, 5, 18, 57), 0.268828648174264, False, 'best']
['queencoco', 202582937, 'impression', '1', 241406925L, datetime.datetime(2013, 5, 28, 5, 18, 57), 0.499381874555583, False, 'best']
['queencoco', 202582937, 'impression', '3', 241376735L, datetime.datetime(2013, 5, 28, 5, 18, 57), 0.376345523650771, False, 'best']
['queencoco', 202582937, 'expand_tile', '1', 241406925L, datetime.datetime(2013, 5, 28, 5, 19, 5), 0.499381874555583, False, 'best']
['queencoco', 202582937, 'collapse_tile', '1', 241406925L, datetime.datetime(2013, 5, 28, 5, 19, 25), 0.499381874555583, False, 'best']
['queencoco', 202582937, 'expand_tile', '1', 241406925L, datetime.datetime(2013, 5, 28, 5, 19, 26), 0.499381874555583, False, 'best']
['queencoco', 202582937, 'view_full_application', '1', 241406925L, datetime.datetime(2013, 5, 28, 5, 19, 29), 0.499381874555583, False, 'best']
['queencoco', 202582937, 'impression', '3', 241376735L, datetime.datetime(2013, 5, 28, 5, 20, 25), 0.376345523650771, False, 'best']
['queencoco', 202582937, 'impression', '1', 241406925L, datetime.datetime(2013, 5, 28, 5, 20, 25), 0.499381874555583, False, 'best']
['queencoco', 202582937, 'impression', '2', 241327494L, datetime.datetime(2013, 5, 28, 5, 20, 25), 0.478123650076958, False, 'best']
['queencoco', 202582937, 'impression', '4', 241369284L, datetime.datetime(2013, 5, 28, 5, 20, 25), 0.268828648174264, False, 'best']
['queencoco', 202582937, 'expand_tile', '3', 241376735L, datetime.datetime(2013, 5, 28, 5, 20, 35), 0.376345523650771, False, 'best']
['queencoco', 202582937, 'view_full_application', '3', 241376735L, datetime.datetime(2013, 5, 28, 5, 20, 42), 0.376345523650771, False, 'best']
['queencoco', 202582937, 'impression', '3', 241376735L, datetime.datetime(2013, 5, 28, 5, 25, 5), 0.376345523650771, False, 'best']
['queencoco', 202582937, 'impression', '1', 241406925L, datetime.datetime(2013, 5, 28, 5, 25, 5), 0.499381874555583, False, 'best']
['queencoco', 202582937, 'impression', '2', 241327494L, datetime.datetime(2013, 5, 28, 5, 25, 5), 0.478123650076958, False, 'best']
['queencoco', 202582937, 'impression', '4', 241369284L, datetime.datetime(2013, 5, 28, 5, 25, 5), 0.268828648174264, False, 'best']
['queencoco', 202582937, 'expand_tile', '4', 241369284L, datetime.datetime(2013, 5, 28, 5, 25, 9), 0.268828648174264, False, 'best']
['queencoco', 202582937, 'view_full_application', '4', 241369284L, datetime.datetime(2013, 5, 28, 5, 25, 15), 0.268828648174264, False, 'best']

