['rodrigoq', 202551723, 'impression', '3', 240665323L, datetime.datetime(2013, 5, 18, 4, 36, 42), 0.162388811731319, False, 'best']
['rodrigoq', 202551723, 'impression', '1', 240664637L, datetime.datetime(2013, 5, 18, 4, 36, 42), 0.312277808905928, False, 'best']
['rodrigoq', 202551723, 'impression', '2', 240666577L, datetime.datetime(2013, 5, 18, 4, 36, 42), 0.21164549727497, False, 'best']
['rodrigoq', 202551723, 'impression', '5', 240669802L, datetime.datetime(2013, 5, 18, 4, 36, 42), 0.0644462572224766, False, 'best']
['rodrigoq', 202551723, 'impression', '4', 240667500L, datetime.datetime(2013, 5, 18, 4, 36, 42), 0.149985668352199, False, 'best']
['rodrigoq', 202551723, 'expand_tile', '2', 240666577L, datetime.datetime(2013, 5, 18, 4, 36, 56), 0.21164549727497, False, 'best']
['rodrigoq', 202551723, 'expand_tile', '1', 240664637L, datetime.datetime(2013, 5, 18, 4, 36, 59), 0.312277808905928, False, 'best']
['rodrigoq', 202551723, 'expand_tile', '3', 240665323L, datetime.datetime(2013, 5, 18, 4, 38, 33), 0.162388811731319, False, 'best']
['rodrigoq', 202551723, 'view_full_application', '3', 240665323L, datetime.datetime(2013, 5, 18, 4, 38, 37), 0.162388811731319, False, 'best']
['rodrigoq', 202551723, 'impression', '1', 240664637L, datetime.datetime(2013, 5, 18, 4, 38, 53), 0.312277808905928, False, 'best']
['rodrigoq', 202551723, 'impression', '3', 240665323L, datetime.datetime(2013, 5, 18, 4, 38, 53), 0.162388811731319, False, 'best']
['rodrigoq', 202551723, 'impression', '5', 240669802L, datetime.datetime(2013, 5, 18, 4, 38, 53), 0.0644462572224766, False, 'best']
['rodrigoq', 202551723, 'impression', '2', 240666577L, datetime.datetime(2013, 5, 18, 4, 38, 53), 0.21164549727497, False, 'best']
['rodrigoq', 202551723, 'impression', '4', 240667500L, datetime.datetime(2013, 5, 18, 4, 38, 53), 0.149985668352199, False, 'best']
['rodrigoq', 202551723, 'expand_tile', '4', 240667500L, datetime.datetime(2013, 5, 18, 4, 38, 55), 0.149985668352199, False, 'best']
['rodrigoq', 202551723, 'expand_tile', '5', 240669802L, datetime.datetime(2013, 5, 18, 4, 40, 50), 0.0644462572224766, False, 'best']

['rodrigoq', 202551723, 'impression', '3', 240666577L, datetime.datetime(2013, 5, 18, 20, 39, 15), 0.21164549727497, False, 'best']
['rodrigoq', 202551723, 'impression', '19', 240693241L, datetime.datetime(2013, 5, 18, 20, 39, 15), 0.0488517810317362, False, 'best']
['rodrigoq', 202551723, 'impression', '11', 240708363L, datetime.datetime(2013, 5, 18, 20, 39, 15), 0.138013462090964, False, 'best']
['rodrigoq', 202551723, 'impression', '4', 240696299L, datetime.datetime(2013, 5, 18, 20, 39, 15), 0.192056086541729, False, 'best']
['rodrigoq', 202551723, 'impression', '7', 240663775L, datetime.datetime(2013, 5, 18, 20, 39, 15), 0.161022777513624, False, 'best']
['rodrigoq', 202551723, 'impression', '16', 240689347L, datetime.datetime(2013, 5, 18, 20, 39, 15), 0.0713825641194873, False, 'best']
['rodrigoq', 202551723, 'impression', '9', 240703585L, datetime.datetime(2013, 5, 18, 20, 39, 15), 0.144178838311325, False, 'best']
['rodrigoq', 202551723, 'impression', '13', 240663773L, datetime.datetime(2013, 5, 18, 20, 39, 15), 0.107357341465114, False, 'best']
['rodrigoq', 202551723, 'impression', '20', 240663781L, datetime.datetime(2013, 5, 18, 20, 39, 15), 0.0239384110572009, False, 'best']
['rodrigoq', 202551723, 'impression', '5', 240685591L, datetime.datetime(2013, 5, 18, 20, 39, 15), 0.168442991487457, False, 'best']
['rodrigoq', 202551723, 'impression', '18', 240674993L, datetime.datetime(2013, 5, 18, 20, 39, 15), 0.0616292721547816, False, 'best']
['rodrigoq', 202551723, 'impression', '8', 240667500L, datetime.datetime(2013, 5, 18, 20, 39, 15), 0.149985668352199, False, 'best']
['rodrigoq', 202551723, 'impression', '12', 240688145L, datetime.datetime(2013, 5, 18, 20, 39, 15), 0.137448968352363, False, 'best']
['rodrigoq', 202551723, 'impression', '2', 240664637L, datetime.datetime(2013, 5, 18, 20, 39, 15), 0.312277808905928, False, 'best']
['rodrigoq', 202551723, 'impression', '6', 240665323L, datetime.datetime(2013, 5, 18, 20, 39, 15), 0.162388811731319, False, 'best']
['rodrigoq', 202551723, 'impression', '15', 240698359L, datetime.datetime(2013, 5, 18, 20, 39, 15), 0.0966402388449521, False, 'best']
['rodrigoq', 202551723, 'impression', '1', 240716537L, datetime.datetime(2013, 5, 18, 20, 39, 15), 0.340089471493302, True, 'best']
['rodrigoq', 202551723, 'impression', '17', 240669802L, datetime.datetime(2013, 5, 18, 20, 39, 15), 0.0644462572224766, False, 'best']
['rodrigoq', 202551723, 'impression', '14', 240685644L, datetime.datetime(2013, 5, 18, 20, 39, 15), 0.0969472512391343, False, 'best']
['rodrigoq', 202551723, 'impression', '10', 240714369L, datetime.datetime(2013, 5, 18, 20, 39, 15), 0.139949895623604, False, 'best']
['rodrigoq', 202551723, 'impression', '7', 240663775L, datetime.datetime(2013, 5, 18, 20, 39, 28), 0.161022777513624, False, 'best']
['rodrigoq', 202551723, 'impression', '16', 240689347L, datetime.datetime(2013, 5, 18, 20, 39, 28), 0.0713825641194873, False, 'best']
['rodrigoq', 202551723, 'impression', '20', 240663781L, datetime.datetime(2013, 5, 18, 20, 39, 28), 0.0239384110572009, False, 'best']
['rodrigoq', 202551723, 'impression', '13', 240663773L, datetime.datetime(2013, 5, 18, 20, 39, 28), 0.107357341465114, False, 'best']
['rodrigoq', 202551723, 'impression', '8', 240667500L, datetime.datetime(2013, 5, 18, 20, 39, 28), 0.149985668352199, False, 'best']
['rodrigoq', 202551723, 'impression', '18', 240674993L, datetime.datetime(2013, 5, 18, 20, 39, 28), 0.0616292721547816, False, 'best']
['rodrigoq', 202551723, 'impression', '9', 240703585L, datetime.datetime(2013, 5, 18, 20, 39, 28), 0.144178838311325, False, 'best']
['rodrigoq', 202551723, 'impression', '5', 240685591L, datetime.datetime(2013, 5, 18, 20, 39, 28), 0.168442991487457, False, 'best']
['rodrigoq', 202551723, 'impression', '4', 240696299L, datetime.datetime(2013, 5, 18, 20, 39, 28), 0.192056086541729, False, 'best']
['rodrigoq', 202551723, 'impression', '11', 240708363L, datetime.datetime(2013, 5, 18, 20, 39, 28), 0.138013462090964, False, 'best']
['rodrigoq', 202551723, 'impression', '15', 240698359L, datetime.datetime(2013, 5, 18, 20, 39, 28), 0.0966402388449521, False, 'best']
['rodrigoq', 202551723, 'impression', '17', 240669802L, datetime.datetime(2013, 5, 18, 20, 39, 28), 0.0644462572224766, False, 'best']
['rodrigoq', 202551723, 'impression', '1', 240716537L, datetime.datetime(2013, 5, 18, 20, 39, 28), 0.340089471493302, True, 'best']
['rodrigoq', 202551723, 'impression', '10', 240714369L, datetime.datetime(2013, 5, 18, 20, 39, 28), 0.139949895623604, False, 'best']
['rodrigoq', 202551723, 'impression', '14', 240685644L, datetime.datetime(2013, 5, 18, 20, 39, 28), 0.0969472512391343, False, 'best']
['rodrigoq', 202551723, 'impression', '19', 240693241L, datetime.datetime(2013, 5, 18, 20, 39, 28), 0.0488517810317362, False, 'best']
['rodrigoq', 202551723, 'impression', '3', 240666577L, datetime.datetime(2013, 5, 18, 20, 39, 28), 0.21164549727497, False, 'best']
['rodrigoq', 202551723, 'impression', '6', 240665323L, datetime.datetime(2013, 5, 18, 20, 39, 28), 0.162388811731319, False, 'best']
['rodrigoq', 202551723, 'impression', '12', 240688145L, datetime.datetime(2013, 5, 18, 20, 39, 28), 0.137448968352363, False, 'best']
['rodrigoq', 202551723, 'impression', '2', 240664637L, datetime.datetime(2013, 5, 18, 20, 39, 28), 0.312277808905928, False, 'best']
['rodrigoq', 202551723, 'expand_tile', '1', 240716537L, datetime.datetime(2013, 5, 18, 20, 39, 38), 0.340089471493302, True, 'best']
['rodrigoq', 202551723, 'collapse_tile', '1', 240716537L, datetime.datetime(2013, 5, 18, 20, 40, 31), 0.340089471493302, True, 'best']
['rodrigoq', 202551723, 'expand_tile', '1', 240716537L, datetime.datetime(2013, 5, 18, 20, 40, 33), 0.340089471493302, True, 'best']
['rodrigoq', 202551723, 'view_full_application', '1', 240716537L, datetime.datetime(2013, 5, 18, 20, 40, 35), 0.340089471493302, True, 'best']
['rodrigoq', 202551723, 'impression', '17', 240669802L, datetime.datetime(2013, 5, 18, 20, 44, 45), 0.0644462572224766, False, 'best']
['rodrigoq', 202551723, 'impression', '15', 240698359L, datetime.datetime(2013, 5, 18, 20, 44, 45), 0.0966402388449521, False, 'best']
['rodrigoq', 202551723, 'impression', '10', 240714369L, datetime.datetime(2013, 5, 18, 20, 44, 45), 0.139949895623604, False, 'best']
['rodrigoq', 202551723, 'impression', '14', 240685644L, datetime.datetime(2013, 5, 18, 20, 44, 45), 0.0969472512391343, False, 'best']
['rodrigoq', 202551723, 'impression', '1', 240716537L, datetime.datetime(2013, 5, 18, 20, 44, 45), 0.340089471493302, True, 'best']
['rodrigoq', 202551723, 'impression', '7', 240663775L, datetime.datetime(2013, 5, 18, 20, 44, 45), 0.161022777513624, False, 'best']
['rodrigoq', 202551723, 'impression', '16', 240689347L, datetime.datetime(2013, 5, 18, 20, 44, 45), 0.0713825641194873, False, 'best']
['rodrigoq', 202551723, 'impression', '18', 240674993L, datetime.datetime(2013, 5, 18, 20, 44, 45), 0.0616292721547816, False, 'best']
['rodrigoq', 202551723, 'impression', '8', 240667500L, datetime.datetime(2013, 5, 18, 20, 44, 45), 0.149985668352199, False, 'best']
['rodrigoq', 202551723, 'impression', '20', 240663781L, datetime.datetime(2013, 5, 18, 20, 44, 45), 0.0239384110572009, False, 'best']
['rodrigoq', 202551723, 'impression', '5', 240685591L, datetime.datetime(2013, 5, 18, 20, 44, 45), 0.168442991487457, False, 'best']
['rodrigoq', 202551723, 'impression', '13', 240663773L, datetime.datetime(2013, 5, 18, 20, 44, 45), 0.107357341465114, False, 'best']
['rodrigoq', 202551723, 'impression', '9', 240703585L, datetime.datetime(2013, 5, 18, 20, 44, 45), 0.144178838311325, False, 'best']
['rodrigoq', 202551723, 'impression', '12', 240688145L, datetime.datetime(2013, 5, 18, 20, 44, 45), 0.137448968352363, False, 'best']
['rodrigoq', 202551723, 'impression', '2', 240664637L, datetime.datetime(2013, 5, 18, 20, 44, 45), 0.312277808905928, False, 'best']
['rodrigoq', 202551723, 'impression', '6', 240665323L, datetime.datetime(2013, 5, 18, 20, 44, 45), 0.162388811731319, False, 'best']
['rodrigoq', 202551723, 'impression', '4', 240696299L, datetime.datetime(2013, 5, 18, 20, 44, 45), 0.192056086541729, False, 'best']
['rodrigoq', 202551723, 'impression', '11', 240708363L, datetime.datetime(2013, 5, 18, 20, 44, 45), 0.138013462090964, False, 'best']
['rodrigoq', 202551723, 'impression', '3', 240666577L, datetime.datetime(2013, 5, 18, 20, 44, 45), 0.21164549727497, False, 'best']
['rodrigoq', 202551723, 'impression', '19', 240693241L, datetime.datetime(2013, 5, 18, 20, 44, 45), 0.0488517810317362, False, 'best']
['rodrigoq', 202551723, 'expand_tile', '12', 240688145L, datetime.datetime(2013, 5, 18, 20, 44, 56), 0.137448968352363, False, 'best']
['rodrigoq', 202551723, 'expand_tile', '18', 240674993L, datetime.datetime(2013, 5, 18, 20, 45, 25), 0.0616292721547816, False, 'best']
['rodrigoq', 202551723, 'expand_tile', '19', 240693241L, datetime.datetime(2013, 5, 18, 20, 45, 43), 0.0488517810317362, False, 'best']
['rodrigoq', 202551723, 'expand_tile', '20', 240663781L, datetime.datetime(2013, 5, 18, 20, 46, 10), 0.0239384110572009, False, 'best']
['rodrigoq', 202551723, 'view_full_application_via_message', '20', 240663781L, datetime.datetime(2013, 5, 18, 20, 46, 12), 0.0239384110572009, False, 'best']
['rodrigoq', 202551723, 'impression', '7', 240663775L, datetime.datetime(2013, 5, 18, 20, 46, 33), 0.161022777513624, False, 'best']
['rodrigoq', 202551723, 'impression', '16', 240689347L, datetime.datetime(2013, 5, 18, 20, 46, 33), 0.0713825641194873, False, 'best']
['rodrigoq', 202551723, 'impression', '8', 240667500L, datetime.datetime(2013, 5, 18, 20, 46, 33), 0.149985668352199, False, 'best']
['rodrigoq', 202551723, 'impression', '20', 240663781L, datetime.datetime(2013, 5, 18, 20, 46, 33), 0.0239384110572009, False, 'best']
['rodrigoq', 202551723, 'impression', '9', 240703585L, datetime.datetime(2013, 5, 18, 20, 46, 33), 0.144178838311325, False, 'best']
['rodrigoq', 202551723, 'impression', '18', 240674993L, datetime.datetime(2013, 5, 18, 20, 46, 33), 0.0616292721547816, False, 'best']
['rodrigoq', 202551723, 'impression', '5', 240685591L, datetime.datetime(2013, 5, 18, 20, 46, 33), 0.168442991487457, False, 'best']
['rodrigoq', 202551723, 'impression', '13', 240663773L, datetime.datetime(2013, 5, 18, 20, 46, 33), 0.107357341465114, False, 'best']
['rodrigoq', 202551723, 'impression', '6', 240665323L, datetime.datetime(2013, 5, 18, 20, 46, 33), 0.162388811731319, False, 'best']
['rodrigoq', 202551723, 'impression', '2', 240664637L, datetime.datetime(2013, 5, 18, 20, 46, 33), 0.312277808905928, False, 'best']
['rodrigoq', 202551723, 'impression', '12', 240688145L, datetime.datetime(2013, 5, 18, 20, 46, 33), 0.137448968352363, False, 'best']
['rodrigoq', 202551723, 'impression', '19', 240693241L, datetime.datetime(2013, 5, 18, 20, 46, 33), 0.0488517810317362, False, 'best']
['rodrigoq', 202551723, 'impression', '3', 240666577L, datetime.datetime(2013, 5, 18, 20, 46, 33), 0.21164549727497, False, 'best']
['rodrigoq', 202551723, 'impression', '17', 240669802L, datetime.datetime(2013, 5, 18, 20, 46, 33), 0.0644462572224766, False, 'best']
['rodrigoq', 202551723, 'impression', '14', 240685644L, datetime.datetime(2013, 5, 18, 20, 46, 33), 0.0969472512391343, False, 'best']
['rodrigoq', 202551723, 'impression', '15', 240698359L, datetime.datetime(2013, 5, 18, 20, 46, 33), 0.0966402388449521, False, 'best']
['rodrigoq', 202551723, 'impression', '10', 240714369L, datetime.datetime(2013, 5, 18, 20, 46, 33), 0.139949895623604, False, 'best']
['rodrigoq', 202551723, 'impression', '1', 240716537L, datetime.datetime(2013, 5, 18, 20, 46, 33), 0.340089471493302, True, 'best']
['rodrigoq', 202551723, 'impression', '4', 240696299L, datetime.datetime(2013, 5, 18, 20, 46, 33), 0.192056086541729, False, 'best']
['rodrigoq', 202551723, 'impression', '11', 240708363L, datetime.datetime(2013, 5, 18, 20, 46, 33), 0.138013462090964, False, 'best']
['rodrigoq', 202551723, 'shortlist', '1', 240716537L, datetime.datetime(2013, 5, 18, 20, 48, 7), 0.340089471493302, True, 'best']
['rodrigoq', 202551723, 'expand_tile', '2', 240664637L, datetime.datetime(2013, 5, 18, 20, 48, 9), 0.312277808905928, False, 'best']
['rodrigoq', 202551723, 'view_full_application', '2', 240664637L, datetime.datetime(2013, 5, 18, 20, 48, 18), 0.312277808905928, False, 'best']
['rodrigoq', 202551723, 'impression', '17', 240669802L, datetime.datetime(2013, 5, 18, 20, 50, 26), 0.0644462572224766, False, 'best']
['rodrigoq', 202551723, 'impression', '1', 240716537L, datetime.datetime(2013, 5, 18, 20, 50, 26), 0.340089471493302, True, 'best']
['rodrigoq', 202551723, 'impression', '15', 240698359L, datetime.datetime(2013, 5, 18, 20, 50, 26), 0.0966402388449521, False, 'best']
['rodrigoq', 202551723, 'impression', '14', 240685644L, datetime.datetime(2013, 5, 18, 20, 50, 26), 0.0969472512391343, False, 'best']
['rodrigoq', 202551723, 'impression', '10', 240714369L, datetime.datetime(2013, 5, 18, 20, 50, 26), 0.139949895623604, False, 'best']
['rodrigoq', 202551723, 'impression', '7', 240663775L, datetime.datetime(2013, 5, 18, 20, 50, 26), 0.161022777513624, False, 'best']
['rodrigoq', 202551723, 'impression', '16', 240689347L, datetime.datetime(2013, 5, 18, 20, 50, 26), 0.0713825641194873, False, 'best']
['rodrigoq', 202551723, 'impression', '6', 240665323L, datetime.datetime(2013, 5, 18, 20, 50, 26), 0.162388811731319, False, 'best']
['rodrigoq', 202551723, 'impression', '2', 240664637L, datetime.datetime(2013, 5, 18, 20, 50, 26), 0.312277808905928, False, 'best']
['rodrigoq', 202551723, 'impression', '12', 240688145L, datetime.datetime(2013, 5, 18, 20, 50, 26), 0.137448968352363, False, 'best']
['rodrigoq', 202551723, 'impression', '19', 240693241L, datetime.datetime(2013, 5, 18, 20, 50, 26), 0.0488517810317362, False, 'best']
['rodrigoq', 202551723, 'impression', '3', 240666577L, datetime.datetime(2013, 5, 18, 20, 50, 26), 0.21164549727497, False, 'best']
['rodrigoq', 202551723, 'impression', '8', 240667500L, datetime.datetime(2013, 5, 18, 20, 50, 26), 0.149985668352199, False, 'best']
['rodrigoq', 202551723, 'impression', '20', 240663781L, datetime.datetime(2013, 5, 18, 20, 50, 26), 0.0239384110572009, False, 'best']
['rodrigoq', 202551723, 'impression', '13', 240663773L, datetime.datetime(2013, 5, 18, 20, 50, 26), 0.107357341465114, False, 'best']
['rodrigoq', 202551723, 'impression', '18', 240674993L, datetime.datetime(2013, 5, 18, 20, 50, 26), 0.0616292721547816, False, 'best']
['rodrigoq', 202551723, 'impression', '9', 240703585L, datetime.datetime(2013, 5, 18, 20, 50, 26), 0.144178838311325, False, 'best']
['rodrigoq', 202551723, 'impression', '5', 240685591L, datetime.datetime(2013, 5, 18, 20, 50, 26), 0.168442991487457, False, 'best']
['rodrigoq', 202551723, 'impression', '11', 240708363L, datetime.datetime(2013, 5, 18, 20, 50, 26), 0.138013462090964, False, 'best']
['rodrigoq', 202551723, 'impression', '4', 240696299L, datetime.datetime(2013, 5, 18, 20, 50, 26), 0.192056086541729, False, 'best']
['rodrigoq', 202551723, 'expand_tile', '3', 240666577L, datetime.datetime(2013, 5, 18, 20, 56, 9), 0.21164549727497, False, 'best']
['rodrigoq', 202551723, 'view_full_application', '3', 240666577L, datetime.datetime(2013, 5, 18, 20, 56, 12), 0.21164549727497, False, 'best']
['rodrigoq', 202551723, 'impression', '16', 240689347L, datetime.datetime(2013, 5, 18, 20, 56, 49), 0.0713825641194873, False, 'best']
['rodrigoq', 202551723, 'impression', '7', 240663775L, datetime.datetime(2013, 5, 18, 20, 56, 49), 0.161022777513624, False, 'best']
['rodrigoq', 202551723, 'impression', '20', 240663781L, datetime.datetime(2013, 5, 18, 20, 56, 49), 0.0239384110572009, False, 'best']
['rodrigoq', 202551723, 'impression', '5', 240685591L, datetime.datetime(2013, 5, 18, 20, 56, 49), 0.168442991487457, False, 'best']
['rodrigoq', 202551723, 'impression', '8', 240667500L, datetime.datetime(2013, 5, 18, 20, 56, 49), 0.149985668352199, False, 'best']
['rodrigoq', 202551723, 'impression', '13', 240663773L, datetime.datetime(2013, 5, 18, 20, 56, 49), 0.107357341465114, False, 'best']
['rodrigoq', 202551723, 'impression', '18', 240674993L, datetime.datetime(2013, 5, 18, 20, 56, 49), 0.0616292721547816, False, 'best']
['rodrigoq', 202551723, 'impression', '9', 240703585L, datetime.datetime(2013, 5, 18, 20, 56, 49), 0.144178838311325, False, 'best']
['rodrigoq', 202551723, 'impression', '11', 240708363L, datetime.datetime(2013, 5, 18, 20, 56, 49), 0.138013462090964, False, 'best']
['rodrigoq', 202551723, 'impression', '4', 240696299L, datetime.datetime(2013, 5, 18, 20, 56, 49), 0.192056086541729, False, 'best']
['rodrigoq', 202551723, 'impression', '2', 240664637L, datetime.datetime(2013, 5, 18, 20, 56, 49), 0.312277808905928, False, 'best']
['rodrigoq', 202551723, 'impression', '12', 240688145L, datetime.datetime(2013, 5, 18, 20, 56, 49), 0.137448968352363, False, 'best']
['rodrigoq', 202551723, 'impression', '6', 240665323L, datetime.datetime(2013, 5, 18, 20, 56, 49), 0.162388811731319, False, 'best']
['rodrigoq', 202551723, 'impression', '19', 240693241L, datetime.datetime(2013, 5, 18, 20, 56, 49), 0.0488517810317362, False, 'best']
['rodrigoq', 202551723, 'impression', '3', 240666577L, datetime.datetime(2013, 5, 18, 20, 56, 49), 0.21164549727497, False, 'best']
['rodrigoq', 202551723, 'impression', '14', 240685644L, datetime.datetime(2013, 5, 18, 20, 56, 49), 0.0969472512391343, False, 'best']
['rodrigoq', 202551723, 'impression', '17', 240669802L, datetime.datetime(2013, 5, 18, 20, 56, 49), 0.0644462572224766, False, 'best']
['rodrigoq', 202551723, 'impression', '1', 240716537L, datetime.datetime(2013, 5, 18, 20, 56, 49), 0.340089471493302, True, 'best']
['rodrigoq', 202551723, 'impression', '10', 240714369L, datetime.datetime(2013, 5, 18, 20, 56, 49), 0.139949895623604, False, 'best']
['rodrigoq', 202551723, 'impression', '15', 240698359L, datetime.datetime(2013, 5, 18, 20, 56, 49), 0.0966402388449521, False, 'best']
['rodrigoq', 202551723, 'expand_tile', '4', 240696299L, datetime.datetime(2013, 5, 18, 20, 56, 52), 0.192056086541729, False, 'best']
['rodrigoq', 202551723, 'view_full_application', '4', 240696299L, datetime.datetime(2013, 5, 18, 20, 56, 58), 0.192056086541729, False, 'best']
['rodrigoq', 202551723, 'impression', '11', 240708363L, datetime.datetime(2013, 5, 18, 20, 58, 9), 0.138013462090964, False, 'best']
['rodrigoq', 202551723, 'impression', '4', 240696299L, datetime.datetime(2013, 5, 18, 20, 58, 9), 0.192056086541729, False, 'best']
['rodrigoq', 202551723, 'impression', '19', 240693241L, datetime.datetime(2013, 5, 18, 20, 58, 9), 0.0488517810317362, False, 'best']
['rodrigoq', 202551723, 'impression', '3', 240666577L, datetime.datetime(2013, 5, 18, 20, 58, 9), 0.21164549727497, False, 'best']
['rodrigoq', 202551723, 'impression', '17', 240669802L, datetime.datetime(2013, 5, 18, 20, 58, 9), 0.0644462572224766, False, 'best']
['rodrigoq', 202551723, 'impression', '10', 240714369L, datetime.datetime(2013, 5, 18, 20, 58, 9), 0.139949895623604, False, 'best']
['rodrigoq', 202551723, 'impression', '1', 240716537L, datetime.datetime(2013, 5, 18, 20, 58, 9), 0.340089471493302, True, 'best']
['rodrigoq', 202551723, 'impression', '15', 240698359L, datetime.datetime(2013, 5, 18, 20, 58, 9), 0.0966402388449521, False, 'best']
['rodrigoq', 202551723, 'impression', '14', 240685644L, datetime.datetime(2013, 5, 18, 20, 58, 9), 0.0969472512391343, False, 'best']
['rodrigoq', 202551723, 'impression', '8', 240667500L, datetime.datetime(2013, 5, 18, 20, 58, 9), 0.149985668352199, False, 'best']
['rodrigoq', 202551723, 'impression', '20', 240663781L, datetime.datetime(2013, 5, 18, 20, 58, 9), 0.0239384110572009, False, 'best']
['rodrigoq', 202551723, 'impression', '5', 240685591L, datetime.datetime(2013, 5, 18, 20, 58, 9), 0.168442991487457, False, 'best']
['rodrigoq', 202551723, 'impression', '9', 240703585L, datetime.datetime(2013, 5, 18, 20, 58, 9), 0.144178838311325, False, 'best']
['rodrigoq', 202551723, 'impression', '18', 240674993L, datetime.datetime(2013, 5, 18, 20, 58, 9), 0.0616292721547816, False, 'best']
['rodrigoq', 202551723, 'impression', '13', 240663773L, datetime.datetime(2013, 5, 18, 20, 58, 9), 0.107357341465114, False, 'best']
['rodrigoq', 202551723, 'impression', '7', 240663775L, datetime.datetime(2013, 5, 18, 20, 58, 9), 0.161022777513624, False, 'best']
['rodrigoq', 202551723, 'impression', '16', 240689347L, datetime.datetime(2013, 5, 18, 20, 58, 9), 0.0713825641194873, False, 'best']
['rodrigoq', 202551723, 'impression', '2', 240664637L, datetime.datetime(2013, 5, 18, 20, 58, 9), 0.312277808905928, False, 'best']
['rodrigoq', 202551723, 'impression', '6', 240665323L, datetime.datetime(2013, 5, 18, 20, 58, 9), 0.162388811731319, False, 'best']
['rodrigoq', 202551723, 'impression', '12', 240688145L, datetime.datetime(2013, 5, 18, 20, 58, 9), 0.137448968352363, False, 'best']
['rodrigoq', 202551723, 'expand_tile', '5', 240685591L, datetime.datetime(2013, 5, 18, 20, 58, 11), 0.168442991487457, False, 'best']
['rodrigoq', 202551723, 'expand_tile', '6', 240665323L, datetime.datetime(2013, 5, 18, 20, 58, 26), 0.162388811731319, False, 'best']
['rodrigoq', 202551723, 'collapse_tile', '5', 240685591L, datetime.datetime(2013, 5, 18, 20, 58, 26), 0.168442991487457, False, 'best']
['rodrigoq', 202551723, 'expand_tile', '5', 240685591L, datetime.datetime(2013, 5, 18, 20, 58, 27), 0.168442991487457, False, 'best']
['rodrigoq', 202551723, 'expand_tile', '5', 240685591L, datetime.datetime(2013, 5, 18, 20, 59, 12), 0.168442991487457, False, 'best']
['rodrigoq', 202551723, 'shortlist', '5', 240685591L, datetime.datetime(2013, 5, 18, 20, 59, 12), 0.168442991487457, False, 'best']
['rodrigoq', 202551723, 'view_full_application', '6', 240665323L, datetime.datetime(2013, 5, 18, 20, 59, 22), 0.162388811731319, False, 'best']
['rodrigoq', 202551723, 'impression', '2', 240664637L, datetime.datetime(2013, 5, 18, 20, 59, 34), 0.312277808905928, False, 'best']
['rodrigoq', 202551723, 'impression', '12', 240688145L, datetime.datetime(2013, 5, 18, 20, 59, 34), 0.137448968352363, False, 'best']
['rodrigoq', 202551723, 'impression', '6', 240665323L, datetime.datetime(2013, 5, 18, 20, 59, 34), 0.162388811731319, False, 'best']
['rodrigoq', 202551723, 'impression', '18', 240674993L, datetime.datetime(2013, 5, 18, 20, 59, 34), 0.0616292721547816, False, 'best']
['rodrigoq', 202551723, 'impression', '8', 240667500L, datetime.datetime(2013, 5, 18, 20, 59, 34), 0.149985668352199, False, 'best']
['rodrigoq', 202551723, 'impression', '5', 240685591L, datetime.datetime(2013, 5, 18, 20, 59, 34), 0.168442991487457, False, 'best']
['rodrigoq', 202551723, 'impression', '13', 240663773L, datetime.datetime(2013, 5, 18, 20, 59, 34), 0.107357341465114, False, 'best']
['rodrigoq', 202551723, 'impression', '20', 240663781L, datetime.datetime(2013, 5, 18, 20, 59, 34), 0.0239384110572009, False, 'best']
['rodrigoq', 202551723, 'impression', '9', 240703585L, datetime.datetime(2013, 5, 18, 20, 59, 34), 0.144178838311325, False, 'best']
['rodrigoq', 202551723, 'impression', '4', 240696299L, datetime.datetime(2013, 5, 18, 20, 59, 34), 0.192056086541729, False, 'best']
['rodrigoq', 202551723, 'impression', '11', 240708363L, datetime.datetime(2013, 5, 18, 20, 59, 34), 0.138013462090964, False, 'best']
['rodrigoq', 202551723, 'impression', '7', 240663775L, datetime.datetime(2013, 5, 18, 20, 59, 34), 0.161022777513624, False, 'best']
['rodrigoq', 202551723, 'impression', '16', 240689347L, datetime.datetime(2013, 5, 18, 20, 59, 34), 0.0713825641194873, False, 'best']
['rodrigoq', 202551723, 'impression', '3', 240666577L, datetime.datetime(2013, 5, 18, 20, 59, 34), 0.21164549727497, False, 'best']
['rodrigoq', 202551723, 'impression', '19', 240693241L, datetime.datetime(2013, 5, 18, 20, 59, 34), 0.0488517810317362, False, 'best']
['rodrigoq', 202551723, 'impression', '14', 240685644L, datetime.datetime(2013, 5, 18, 20, 59, 34), 0.0969472512391343, False, 'best']
['rodrigoq', 202551723, 'impression', '1', 240716537L, datetime.datetime(2013, 5, 18, 20, 59, 34), 0.340089471493302, True, 'best']
['rodrigoq', 202551723, 'impression', '10', 240714369L, datetime.datetime(2013, 5, 18, 20, 59, 34), 0.139949895623604, False, 'best']
['rodrigoq', 202551723, 'impression', '15', 240698359L, datetime.datetime(2013, 5, 18, 20, 59, 34), 0.0966402388449521, False, 'best']
['rodrigoq', 202551723, 'impression', '17', 240669802L, datetime.datetime(2013, 5, 18, 20, 59, 34), 0.0644462572224766, False, 'best']
['rodrigoq', 202551723, 'expand_tile', '9', 240703585L, datetime.datetime(2013, 5, 18, 20, 59, 40), 0.144178838311325, False, 'best']
['rodrigoq', 202551723, 'view_full_application', '9', 240703585L, datetime.datetime(2013, 5, 18, 20, 59, 45), 0.144178838311325, False, 'best']
['rodrigoq', 202551723, 'impression', '7', 240663775L, datetime.datetime(2013, 5, 18, 21, 0, 56), 0.161022777513624, False, 'best']
['rodrigoq', 202551723, 'impression', '16', 240689347L, datetime.datetime(2013, 5, 18, 21, 0, 56), 0.0713825641194873, False, 'best']
['rodrigoq', 202551723, 'impression', '11', 240708363L, datetime.datetime(2013, 5, 18, 21, 0, 56), 0.138013462090964, False, 'best']
['rodrigoq', 202551723, 'impression', '4', 240696299L, datetime.datetime(2013, 5, 18, 21, 0, 56), 0.192056086541729, False, 'best']
['rodrigoq', 202551723, 'impression', '20', 240663781L, datetime.datetime(2013, 5, 18, 21, 0, 56), 0.0239384110572009, False, 'best']
['rodrigoq', 202551723, 'impression', '13', 240663773L, datetime.datetime(2013, 5, 18, 21, 0, 56), 0.107357341465114, False, 'best']
['rodrigoq', 202551723, 'impression', '9', 240703585L, datetime.datetime(2013, 5, 18, 21, 0, 56), 0.144178838311325, False, 'best']
['rodrigoq', 202551723, 'impression', '5', 240685591L, datetime.datetime(2013, 5, 18, 21, 0, 56), 0.168442991487457, False, 'best']
['rodrigoq', 202551723, 'impression', '18', 240674993L, datetime.datetime(2013, 5, 18, 21, 0, 56), 0.0616292721547816, False, 'best']
['rodrigoq', 202551723, 'impression', '8', 240667500L, datetime.datetime(2013, 5, 18, 21, 0, 56), 0.149985668352199, False, 'best']
['rodrigoq', 202551723, 'impression', '12', 240688145L, datetime.datetime(2013, 5, 18, 21, 0, 56), 0.137448968352363, False, 'best']
['rodrigoq', 202551723, 'impression', '6', 240665323L, datetime.datetime(2013, 5, 18, 21, 0, 56), 0.162388811731319, False, 'best']
['rodrigoq', 202551723, 'impression', '2', 240664637L, datetime.datetime(2013, 5, 18, 21, 0, 56), 0.312277808905928, False, 'best']
['rodrigoq', 202551723, 'impression', '17', 240669802L, datetime.datetime(2013, 5, 18, 21, 0, 56), 0.0644462572224766, False, 'best']
['rodrigoq', 202551723, 'impression', '14', 240685644L, datetime.datetime(2013, 5, 18, 21, 0, 56), 0.0969472512391343, False, 'best']
['rodrigoq', 202551723, 'impression', '15', 240698359L, datetime.datetime(2013, 5, 18, 21, 0, 56), 0.0966402388449521, False, 'best']
['rodrigoq', 202551723, 'impression', '1', 240716537L, datetime.datetime(2013, 5, 18, 21, 0, 56), 0.340089471493302, True, 'best']
['rodrigoq', 202551723, 'impression', '10', 240714369L, datetime.datetime(2013, 5, 18, 21, 0, 56), 0.139949895623604, False, 'best']
['rodrigoq', 202551723, 'impression', '3', 240666577L, datetime.datetime(2013, 5, 18, 21, 0, 56), 0.21164549727497, False, 'best']
['rodrigoq', 202551723, 'impression', '19', 240693241L, datetime.datetime(2013, 5, 18, 21, 0, 56), 0.0488517810317362, False, 'best']
['rodrigoq', 202551723, 'expand_tile', '10', 240714369L, datetime.datetime(2013, 5, 18, 21, 1, 2), 0.139949895623604, False, 'best']
['rodrigoq', 202551723, 'collapse_tile', '10', 240714369L, datetime.datetime(2013, 5, 18, 21, 1, 13), 0.139949895623604, False, 'best']
['rodrigoq', 202551723, 'expand_tile', '10', 240714369L, datetime.datetime(2013, 5, 18, 21, 1, 15), 0.139949895623604, False, 'best']
['rodrigoq', 202551723, 'view_full_application', '10', 240714369L, datetime.datetime(2013, 5, 18, 21, 1, 20), 0.139949895623604, False, 'best']
['rodrigoq', 202551723, 'impression', '16', 240689347L, datetime.datetime(2013, 5, 18, 21, 11), 0.0713825641194873, False, 'best']
['rodrigoq', 202551723, 'impression', '7', 240663775L, datetime.datetime(2013, 5, 18, 21, 11), 0.161022777513624, False, 'best']
['rodrigoq', 202551723, 'impression', '10', 240714369L, datetime.datetime(2013, 5, 18, 21, 11), 0.139949895623604, False, 'best']
['rodrigoq', 202551723, 'impression', '1', 240716537L, datetime.datetime(2013, 5, 18, 21, 11), 0.340089471493302, True, 'best']
['rodrigoq', 202551723, 'impression', '17', 240669802L, datetime.datetime(2013, 5, 18, 21, 11), 0.0644462572224766, False, 'best']
['rodrigoq', 202551723, 'impression', '15', 240698359L, datetime.datetime(2013, 5, 18, 21, 11), 0.0966402388449521, False, 'best']
['rodrigoq', 202551723, 'impression', '14', 240685644L, datetime.datetime(2013, 5, 18, 21, 11), 0.0969472512391343, False, 'best']
['rodrigoq', 202551723, 'impression', '11', 240708363L, datetime.datetime(2013, 5, 18, 21, 11), 0.138013462090964, False, 'best']
['rodrigoq', 202551723, 'impression', '4', 240696299L, datetime.datetime(2013, 5, 18, 21, 11), 0.192056086541729, False, 'best']
['rodrigoq', 202551723, 'impression', '3', 240666577L, datetime.datetime(2013, 5, 18, 21, 11), 0.21164549727497, False, 'best']
['rodrigoq', 202551723, 'impression', '19', 240693241L, datetime.datetime(2013, 5, 18, 21, 11), 0.0488517810317362, False, 'best']
['rodrigoq', 202551723, 'impression', '20', 240663781L, datetime.datetime(2013, 5, 18, 21, 11), 0.0239384110572009, False, 'best']
['rodrigoq', 202551723, 'impression', '8', 240667500L, datetime.datetime(2013, 5, 18, 21, 11), 0.149985668352199, False, 'best']
['rodrigoq', 202551723, 'impression', '5', 240685591L, datetime.datetime(2013, 5, 18, 21, 11), 0.168442991487457, False, 'best']
['rodrigoq', 202551723, 'impression', '9', 240703585L, datetime.datetime(2013, 5, 18, 21, 11), 0.144178838311325, False, 'best']
['rodrigoq', 202551723, 'impression', '18', 240674993L, datetime.datetime(2013, 5, 18, 21, 11), 0.0616292721547816, False, 'best']
['rodrigoq', 202551723, 'impression', '13', 240663773L, datetime.datetime(2013, 5, 18, 21, 11), 0.107357341465114, False, 'best']
['rodrigoq', 202551723, 'impression', '12', 240688145L, datetime.datetime(2013, 5, 18, 21, 11), 0.137448968352363, False, 'best']
['rodrigoq', 202551723, 'impression', '2', 240664637L, datetime.datetime(2013, 5, 18, 21, 11), 0.312277808905928, False, 'best']
['rodrigoq', 202551723, 'impression', '6', 240665323L, datetime.datetime(2013, 5, 18, 21, 11), 0.162388811731319, False, 'best']
['rodrigoq', 202551723, 'expand_tile', '11', 240708363L, datetime.datetime(2013, 5, 18, 21, 11, 6), 0.138013462090964, False, 'best']
['rodrigoq', 202551723, 'view_full_application', '11', 240708363L, datetime.datetime(2013, 5, 18, 21, 11, 31), 0.138013462090964, False, 'best']
['rodrigoq', 202551723, 'impression', '12', 240688145L, datetime.datetime(2013, 5, 18, 21, 12, 3), 0.137448968352363, False, 'best']
['rodrigoq', 202551723, 'impression', '6', 240665323L, datetime.datetime(2013, 5, 18, 21, 12, 3), 0.162388811731319, False, 'best']
['rodrigoq', 202551723, 'impression', '2', 240664637L, datetime.datetime(2013, 5, 18, 21, 12, 3), 0.312277808905928, False, 'best']
['rodrigoq', 202551723, 'impression', '11', 240708363L, datetime.datetime(2013, 5, 18, 21, 12, 3), 0.138013462090964, False, 'best']
['rodrigoq', 202551723, 'impression', '4', 240696299L, datetime.datetime(2013, 5, 18, 21, 12, 3), 0.192056086541729, False, 'best']
['rodrigoq', 202551723, 'impression', '5', 240685591L, datetime.datetime(2013, 5, 18, 21, 12, 3), 0.168442991487457, False, 'best']
['rodrigoq', 202551723, 'impression', '20', 240663781L, datetime.datetime(2013, 5, 18, 21, 12, 3), 0.0239384110572009, False, 'best']
['rodrigoq', 202551723, 'impression', '13', 240663773L, datetime.datetime(2013, 5, 18, 21, 12, 3), 0.107357341465114, False, 'best']
['rodrigoq', 202551723, 'impression', '9', 240703585L, datetime.datetime(2013, 5, 18, 21, 12, 3), 0.144178838311325, False, 'best']
['rodrigoq', 202551723, 'impression', '18', 240674993L, datetime.datetime(2013, 5, 18, 21, 12, 3), 0.0616292721547816, False, 'best']
['rodrigoq', 202551723, 'impression', '8', 240667500L, datetime.datetime(2013, 5, 18, 21, 12, 3), 0.149985668352199, False, 'best']
['rodrigoq', 202551723, 'impression', '17', 240669802L, datetime.datetime(2013, 5, 18, 21, 12, 3), 0.0644462572224766, False, 'best']
['rodrigoq', 202551723, 'impression', '14', 240685644L, datetime.datetime(2013, 5, 18, 21, 12, 3), 0.0969472512391343, False, 'best']
['rodrigoq', 202551723, 'impression', '15', 240698359L, datetime.datetime(2013, 5, 18, 21, 12, 3), 0.0966402388449521, False, 'best']
['rodrigoq', 202551723, 'impression', '1', 240716537L, datetime.datetime(2013, 5, 18, 21, 12, 3), 0.340089471493302, True, 'best']
['rodrigoq', 202551723, 'impression', '10', 240714369L, datetime.datetime(2013, 5, 18, 21, 12, 3), 0.139949895623604, False, 'best']
['rodrigoq', 202551723, 'impression', '19', 240693241L, datetime.datetime(2013, 5, 18, 21, 12, 3), 0.0488517810317362, False, 'best']
['rodrigoq', 202551723, 'impression', '3', 240666577L, datetime.datetime(2013, 5, 18, 21, 12, 3), 0.21164549727497, False, 'best']
['rodrigoq', 202551723, 'impression', '16', 240689347L, datetime.datetime(2013, 5, 18, 21, 12, 3), 0.0713825641194873, False, 'best']
['rodrigoq', 202551723, 'impression', '7', 240663775L, datetime.datetime(2013, 5, 18, 21, 12, 3), 0.161022777513624, False, 'best']
['rodrigoq', 202551723, 'expand_tile', '12', 240688145L, datetime.datetime(2013, 5, 18, 21, 12, 9), 0.137448968352363, False, 'best']
['rodrigoq', 202551723, 'view_full_application', '12', 240688145L, datetime.datetime(2013, 5, 18, 21, 12, 15), 0.137448968352363, False, 'best']
['rodrigoq', 202551723, 'impression', '5', 240685591L, datetime.datetime(2013, 5, 18, 21, 12, 36), 0.168442991487457, False, 'best']
['rodrigoq', 202551723, 'impression', '8', 240667500L, datetime.datetime(2013, 5, 18, 21, 12, 36), 0.149985668352199, False, 'best']
['rodrigoq', 202551723, 'impression', '13', 240663773L, datetime.datetime(2013, 5, 18, 21, 12, 36), 0.107357341465114, False, 'best']
['rodrigoq', 202551723, 'impression', '18', 240674993L, datetime.datetime(2013, 5, 18, 21, 12, 36), 0.0616292721547816, False, 'best']
['rodrigoq', 202551723, 'impression', '20', 240663781L, datetime.datetime(2013, 5, 18, 21, 12, 36), 0.0239384110572009, False, 'best']
['rodrigoq', 202551723, 'impression', '9', 240703585L, datetime.datetime(2013, 5, 18, 21, 12, 36), 0.144178838311325, False, 'best']
['rodrigoq', 202551723, 'impression', '12', 240688145L, datetime.datetime(2013, 5, 18, 21, 12, 36), 0.137448968352363, False, 'best']
['rodrigoq', 202551723, 'impression', '6', 240665323L, datetime.datetime(2013, 5, 18, 21, 12, 36), 0.162388811731319, False, 'best']
['rodrigoq', 202551723, 'impression', '2', 240664637L, datetime.datetime(2013, 5, 18, 21, 12, 36), 0.312277808905928, False, 'best']
['rodrigoq', 202551723, 'impression', '7', 240663775L, datetime.datetime(2013, 5, 18, 21, 12, 36), 0.161022777513624, False, 'best']
['rodrigoq', 202551723, 'impression', '16', 240689347L, datetime.datetime(2013, 5, 18, 21, 12, 36), 0.0713825641194873, False, 'best']
['rodrigoq', 202551723, 'impression', '19', 240693241L, datetime.datetime(2013, 5, 18, 21, 12, 36), 0.0488517810317362, False, 'best']
['rodrigoq', 202551723, 'impression', '3', 240666577L, datetime.datetime(2013, 5, 18, 21, 12, 36), 0.21164549727497, False, 'best']
['rodrigoq', 202551723, 'impression', '4', 240696299L, datetime.datetime(2013, 5, 18, 21, 12, 36), 0.192056086541729, False, 'best']
['rodrigoq', 202551723, 'impression', '11', 240708363L, datetime.datetime(2013, 5, 18, 21, 12, 36), 0.138013462090964, False, 'best']
['rodrigoq', 202551723, 'impression', '15', 240698359L, datetime.datetime(2013, 5, 18, 21, 12, 36), 0.0966402388449521, False, 'best']
['rodrigoq', 202551723, 'impression', '1', 240716537L, datetime.datetime(2013, 5, 18, 21, 12, 36), 0.340089471493302, True, 'best']
['rodrigoq', 202551723, 'impression', '17', 240669802L, datetime.datetime(2013, 5, 18, 21, 12, 36), 0.0644462572224766, False, 'best']
['rodrigoq', 202551723, 'impression', '14', 240685644L, datetime.datetime(2013, 5, 18, 21, 12, 36), 0.0969472512391343, False, 'best']
['rodrigoq', 202551723, 'impression', '10', 240714369L, datetime.datetime(2013, 5, 18, 21, 12, 36), 0.139949895623604, False, 'best']
['rodrigoq', 202551723, 'impression', '12', 240688145L, datetime.datetime(2013, 5, 18, 21, 13, 26), 0.137448968352363, False, 'best']
['rodrigoq', 202551723, 'impression', '6', 240665323L, datetime.datetime(2013, 5, 18, 21, 13, 26), 0.162388811731319, False, 'best']
['rodrigoq', 202551723, 'impression', '2', 240664637L, datetime.datetime(2013, 5, 18, 21, 13, 26), 0.312277808905928, False, 'best']
['rodrigoq', 202551723, 'impression', '9', 240703585L, datetime.datetime(2013, 5, 18, 21, 13, 26), 0.144178838311325, False, 'best']
['rodrigoq', 202551723, 'impression', '8', 240667500L, datetime.datetime(2013, 5, 18, 21, 13, 26), 0.149985668352199, False, 'best']
['rodrigoq', 202551723, 'impression', '13', 240663773L, datetime.datetime(2013, 5, 18, 21, 13, 26), 0.107357341465114, False, 'best']
['rodrigoq', 202551723, 'impression', '5', 240685591L, datetime.datetime(2013, 5, 18, 21, 13, 26), 0.168442991487457, False, 'best']
['rodrigoq', 202551723, 'impression', '20', 240663781L, datetime.datetime(2013, 5, 18, 21, 13, 26), 0.0239384110572009, False, 'best']
['rodrigoq', 202551723, 'impression', '18', 240674993L, datetime.datetime(2013, 5, 18, 21, 13, 26), 0.0616292721547816, False, 'best']
['rodrigoq', 202551723, 'impression', '4', 240696299L, datetime.datetime(2013, 5, 18, 21, 13, 26), 0.192056086541729, False, 'best']
['rodrigoq', 202551723, 'impression', '11', 240708363L, datetime.datetime(2013, 5, 18, 21, 13, 26), 0.138013462090964, False, 'best']
['rodrigoq', 202551723, 'impression', '19', 240693241L, datetime.datetime(2013, 5, 18, 21, 13, 26), 0.0488517810317362, False, 'best']
['rodrigoq', 202551723, 'impression', '3', 240666577L, datetime.datetime(2013, 5, 18, 21, 13, 26), 0.21164549727497, False, 'best']
['rodrigoq', 202551723, 'impression', '7', 240663775L, datetime.datetime(2013, 5, 18, 21, 13, 26), 0.161022777513624, False, 'best']
['rodrigoq', 202551723, 'impression', '16', 240689347L, datetime.datetime(2013, 5, 18, 21, 13, 26), 0.0713825641194873, False, 'best']
['rodrigoq', 202551723, 'impression', '17', 240669802L, datetime.datetime(2013, 5, 18, 21, 13, 26), 0.0644462572224766, False, 'best']
['rodrigoq', 202551723, 'impression', '15', 240698359L, datetime.datetime(2013, 5, 18, 21, 13, 26), 0.0966402388449521, False, 'best']
['rodrigoq', 202551723, 'impression', '10', 240714369L, datetime.datetime(2013, 5, 18, 21, 13, 26), 0.139949895623604, False, 'best']
['rodrigoq', 202551723, 'impression', '14', 240685644L, datetime.datetime(2013, 5, 18, 21, 13, 26), 0.0969472512391343, False, 'best']
['rodrigoq', 202551723, 'impression', '1', 240716537L, datetime.datetime(2013, 5, 18, 21, 13, 26), 0.340089471493302, True, 'best']
['rodrigoq', 202551723, 'expand_tile', '13', 240663773L, datetime.datetime(2013, 5, 18, 21, 13, 32), 0.107357341465114, False, 'best']
['rodrigoq', 202551723, 'view_full_application', '13', 240663773L, datetime.datetime(2013, 5, 18, 21, 13, 34), 0.107357341465114, False, 'best']
['rodrigoq', 202551723, 'impression', '3', 240666577L, datetime.datetime(2013, 5, 18, 21, 15, 41), 0.21164549727497, False, 'best']
['rodrigoq', 202551723, 'impression', '19', 240693241L, datetime.datetime(2013, 5, 18, 21, 15, 41), 0.0488517810317362, False, 'best']
['rodrigoq', 202551723, 'impression', '7', 240663775L, datetime.datetime(2013, 5, 18, 21, 15, 41), 0.161022777513624, False, 'best']
['rodrigoq', 202551723, 'impression', '16', 240689347L, datetime.datetime(2013, 5, 18, 21, 15, 41), 0.0713825641194873, False, 'best']
['rodrigoq', 202551723, 'impression', '2', 240664637L, datetime.datetime(2013, 5, 18, 21, 15, 41), 0.312277808905928, False, 'best']
['rodrigoq', 202551723, 'impression', '6', 240665323L, datetime.datetime(2013, 5, 18, 21, 15, 41), 0.162388811731319, False, 'best']
['rodrigoq', 202551723, 'impression', '12', 240688145L, datetime.datetime(2013, 5, 18, 21, 15, 41), 0.137448968352363, False, 'best']
['rodrigoq', 202551723, 'impression', '10', 240714369L, datetime.datetime(2013, 5, 18, 21, 15, 41), 0.139949895623604, False, 'best']
['rodrigoq', 202551723, 'impression', '14', 240685644L, datetime.datetime(2013, 5, 18, 21, 15, 41), 0.0969472512391343, False, 'best']
['rodrigoq', 202551723, 'impression', '15', 240698359L, datetime.datetime(2013, 5, 18, 21, 15, 41), 0.0966402388449521, False, 'best']
['rodrigoq', 202551723, 'impression', '1', 240716537L, datetime.datetime(2013, 5, 18, 21, 15, 41), 0.340089471493302, True, 'best']
['rodrigoq', 202551723, 'impression', '17', 240669802L, datetime.datetime(2013, 5, 18, 21, 15, 41), 0.0644462572224766, False, 'best']
['rodrigoq', 202551723, 'impression', '18', 240674993L, datetime.datetime(2013, 5, 18, 21, 15, 41), 0.0616292721547816, False, 'best']
['rodrigoq', 202551723, 'impression', '9', 240703585L, datetime.datetime(2013, 5, 18, 21, 15, 41), 0.144178838311325, False, 'best']
['rodrigoq', 202551723, 'impression', '20', 240663781L, datetime.datetime(2013, 5, 18, 21, 15, 41), 0.0239384110572009, False, 'best']
['rodrigoq', 202551723, 'impression', '5', 240685591L, datetime.datetime(2013, 5, 18, 21, 15, 41), 0.168442991487457, False, 'best']
['rodrigoq', 202551723, 'impression', '13', 240663773L, datetime.datetime(2013, 5, 18, 21, 15, 41), 0.107357341465114, False, 'best']
['rodrigoq', 202551723, 'impression', '8', 240667500L, datetime.datetime(2013, 5, 18, 21, 15, 41), 0.149985668352199, False, 'best']
['rodrigoq', 202551723, 'impression', '11', 240708363L, datetime.datetime(2013, 5, 18, 21, 15, 41), 0.138013462090964, False, 'best']
['rodrigoq', 202551723, 'impression', '4', 240696299L, datetime.datetime(2013, 5, 18, 21, 15, 41), 0.192056086541729, False, 'best']
['rodrigoq', 202551723, 'expand_tile', '14', 240685644L, datetime.datetime(2013, 5, 18, 21, 15, 45), 0.0969472512391343, False, 'best']
['rodrigoq', 202551723, 'view_full_application', '14', 240685644L, datetime.datetime(2013, 5, 18, 21, 15, 48), 0.0969472512391343, False, 'best']
['rodrigoq', 202551723, 'impression', '20', 240663781L, datetime.datetime(2013, 5, 18, 21, 18, 58), 0.0239384110572009, False, 'best']
['rodrigoq', 202551723, 'impression', '13', 240663773L, datetime.datetime(2013, 5, 18, 21, 18, 58), 0.107357341465114, False, 'best']
['rodrigoq', 202551723, 'impression', '18', 240674993L, datetime.datetime(2013, 5, 18, 21, 18, 58), 0.0616292721547816, False, 'best']
['rodrigoq', 202551723, 'impression', '5', 240685591L, datetime.datetime(2013, 5, 18, 21, 18, 58), 0.168442991487457, False, 'best']
['rodrigoq', 202551723, 'impression', '9', 240703585L, datetime.datetime(2013, 5, 18, 21, 18, 58), 0.144178838311325, False, 'best']
['rodrigoq', 202551723, 'impression', '8', 240667500L, datetime.datetime(2013, 5, 18, 21, 18, 58), 0.149985668352199, False, 'best']
['rodrigoq', 202551723, 'impression', '4', 240696299L, datetime.datetime(2013, 5, 18, 21, 18, 58), 0.192056086541729, False, 'best']
['rodrigoq', 202551723, 'impression', '11', 240708363L, datetime.datetime(2013, 5, 18, 21, 18, 58), 0.138013462090964, False, 'best']
['rodrigoq', 202551723, 'impression', '19', 240693241L, datetime.datetime(2013, 5, 18, 21, 18, 58), 0.0488517810317362, False, 'best']
['rodrigoq', 202551723, 'impression', '3', 240666577L, datetime.datetime(2013, 5, 18, 21, 18, 58), 0.21164549727497, False, 'best']
['rodrigoq', 202551723, 'impression', '2', 240664637L, datetime.datetime(2013, 5, 18, 21, 18, 58), 0.312277808905928, False, 'best']
['rodrigoq', 202551723, 'impression', '12', 240688145L, datetime.datetime(2013, 5, 18, 21, 18, 58), 0.137448968352363, False, 'best']
['rodrigoq', 202551723, 'impression', '6', 240665323L, datetime.datetime(2013, 5, 18, 21, 18, 58), 0.162388811731319, False, 'best']
['rodrigoq', 202551723, 'impression', '16', 240689347L, datetime.datetime(2013, 5, 18, 21, 18, 58), 0.0713825641194873, False, 'best']
['rodrigoq', 202551723, 'impression', '7', 240663775L, datetime.datetime(2013, 5, 18, 21, 18, 58), 0.161022777513624, False, 'best']
['rodrigoq', 202551723, 'impression', '10', 240714369L, datetime.datetime(2013, 5, 18, 21, 18, 58), 0.139949895623604, False, 'best']
['rodrigoq', 202551723, 'impression', '15', 240698359L, datetime.datetime(2013, 5, 18, 21, 18, 58), 0.0966402388449521, False, 'best']
['rodrigoq', 202551723, 'impression', '17', 240669802L, datetime.datetime(2013, 5, 18, 21, 18, 58), 0.0644462572224766, False, 'best']
['rodrigoq', 202551723, 'impression', '14', 240685644L, datetime.datetime(2013, 5, 18, 21, 18, 58), 0.0969472512391343, False, 'best']
['rodrigoq', 202551723, 'impression', '1', 240716537L, datetime.datetime(2013, 5, 18, 21, 18, 58), 0.340089471493302, True, 'best']
['rodrigoq', 202551723, 'expand_tile', '15', 240698359L, datetime.datetime(2013, 5, 18, 21, 19, 3), 0.0966402388449521, False, 'best']
['rodrigoq', 202551723, 'view_full_application', '15', 240698359L, datetime.datetime(2013, 5, 18, 21, 19, 5), 0.0966402388449521, False, 'best']
['rodrigoq', 202551723, 'impression', '6', 240665323L, datetime.datetime(2013, 5, 18, 21, 20, 18), 0.162388811731319, False, 'best']
['rodrigoq', 202551723, 'impression', '2', 240664637L, datetime.datetime(2013, 5, 18, 21, 20, 18), 0.312277808905928, False, 'best']
['rodrigoq', 202551723, 'impression', '12', 240688145L, datetime.datetime(2013, 5, 18, 21, 20, 18), 0.137448968352363, False, 'best']
['rodrigoq', 202551723, 'impression', '4', 240696299L, datetime.datetime(2013, 5, 18, 21, 20, 18), 0.192056086541729, False, 'best']
['rodrigoq', 202551723, 'impression', '11', 240708363L, datetime.datetime(2013, 5, 18, 21, 20, 18), 0.138013462090964, False, 'best']
['rodrigoq', 202551723, 'impression', '18', 240674993L, datetime.datetime(2013, 5, 18, 21, 20, 18), 0.0616292721547816, False, 'best']
['rodrigoq', 202551723, 'impression', '5', 240685591L, datetime.datetime(2013, 5, 18, 21, 20, 18), 0.168442991487457, False, 'best']
['rodrigoq', 202551723, 'impression', '13', 240663773L, datetime.datetime(2013, 5, 18, 21, 20, 18), 0.107357341465114, False, 'best']
['rodrigoq', 202551723, 'impression', '9', 240703585L, datetime.datetime(2013, 5, 18, 21, 20, 18), 0.144178838311325, False, 'best']
['rodrigoq', 202551723, 'impression', '8', 240667500L, datetime.datetime(2013, 5, 18, 21, 20, 18), 0.149985668352199, False, 'best']
['rodrigoq', 202551723, 'impression', '20', 240663781L, datetime.datetime(2013, 5, 18, 21, 20, 18), 0.0239384110572009, False, 'best']
['rodrigoq', 202551723, 'impression', '7', 240663775L, datetime.datetime(2013, 5, 18, 21, 20, 18), 0.161022777513624, False, 'best']
['rodrigoq', 202551723, 'impression', '16', 240689347L, datetime.datetime(2013, 5, 18, 21, 20, 18), 0.0713825641194873, False, 'best']
['rodrigoq', 202551723, 'impression', '14', 240685644L, datetime.datetime(2013, 5, 18, 21, 20, 18), 0.0969472512391343, False, 'best']
['rodrigoq', 202551723, 'impression', '1', 240716537L, datetime.datetime(2013, 5, 18, 21, 20, 18), 0.340089471493302, True, 'best']
['rodrigoq', 202551723, 'impression', '10', 240714369L, datetime.datetime(2013, 5, 18, 21, 20, 18), 0.139949895623604, False, 'best']
['rodrigoq', 202551723, 'impression', '15', 240698359L, datetime.datetime(2013, 5, 18, 21, 20, 18), 0.0966402388449521, False, 'best']
['rodrigoq', 202551723, 'impression', '17', 240669802L, datetime.datetime(2013, 5, 18, 21, 20, 18), 0.0644462572224766, False, 'best']
['rodrigoq', 202551723, 'impression', '3', 240666577L, datetime.datetime(2013, 5, 18, 21, 20, 18), 0.21164549727497, False, 'best']
['rodrigoq', 202551723, 'impression', '19', 240693241L, datetime.datetime(2013, 5, 18, 21, 20, 18), 0.0488517810317362, False, 'best']
['rodrigoq', 202551723, 'expand_tile', '16', 240689347L, datetime.datetime(2013, 5, 18, 21, 20, 21), 0.0713825641194873, False, 'best']
['rodrigoq', 202551723, 'view_full_application', '16', 240689347L, datetime.datetime(2013, 5, 18, 21, 20, 22), 0.0713825641194873, False, 'best']
['rodrigoq', 202551723, 'impression', '9', 240703585L, datetime.datetime(2013, 5, 18, 21, 23, 11), 0.144178838311325, False, 'best']
['rodrigoq', 202551723, 'impression', '13', 240663773L, datetime.datetime(2013, 5, 18, 21, 23, 11), 0.107357341465114, False, 'best']
['rodrigoq', 202551723, 'impression', '20', 240663781L, datetime.datetime(2013, 5, 18, 21, 23, 11), 0.0239384110572009, False, 'best']
['rodrigoq', 202551723, 'impression', '18', 240674993L, datetime.datetime(2013, 5, 18, 21, 23, 11), 0.0616292721547816, False, 'best']
['rodrigoq', 202551723, 'impression', '8', 240667500L, datetime.datetime(2013, 5, 18, 21, 23, 11), 0.149985668352199, False, 'best']
['rodrigoq', 202551723, 'impression', '5', 240685591L, datetime.datetime(2013, 5, 18, 21, 23, 11), 0.168442991487457, False, 'best']
['rodrigoq', 202551723, 'impression', '14', 240685644L, datetime.datetime(2013, 5, 18, 21, 23, 11), 0.0969472512391343, False, 'best']
['rodrigoq', 202551723, 'impression', '17', 240669802L, datetime.datetime(2013, 5, 18, 21, 23, 11), 0.0644462572224766, False, 'best']
['rodrigoq', 202551723, 'impression', '1', 240716537L, datetime.datetime(2013, 5, 18, 21, 23, 11), 0.340089471493302, True, 'best']
['rodrigoq', 202551723, 'impression', '15', 240698359L, datetime.datetime(2013, 5, 18, 21, 23, 11), 0.0966402388449521, False, 'best']
['rodrigoq', 202551723, 'impression', '10', 240714369L, datetime.datetime(2013, 5, 18, 21, 23, 11), 0.139949895623604, False, 'best']
['rodrigoq', 202551723, 'impression', '4', 240696299L, datetime.datetime(2013, 5, 18, 21, 23, 11), 0.192056086541729, False, 'best']
['rodrigoq', 202551723, 'impression', '11', 240708363L, datetime.datetime(2013, 5, 18, 21, 23, 11), 0.138013462090964, False, 'best']
['rodrigoq', 202551723, 'impression', '7', 240663775L, datetime.datetime(2013, 5, 18, 21, 23, 11), 0.161022777513624, False, 'best']
['rodrigoq', 202551723, 'impression', '16', 240689347L, datetime.datetime(2013, 5, 18, 21, 23, 11), 0.0713825641194873, False, 'best']
['rodrigoq', 202551723, 'impression', '12', 240688145L, datetime.datetime(2013, 5, 18, 21, 23, 11), 0.137448968352363, False, 'best']
['rodrigoq', 202551723, 'impression', '2', 240664637L, datetime.datetime(2013, 5, 18, 21, 23, 11), 0.312277808905928, False, 'best']
['rodrigoq', 202551723, 'impression', '6', 240665323L, datetime.datetime(2013, 5, 18, 21, 23, 11), 0.162388811731319, False, 'best']
['rodrigoq', 202551723, 'impression', '3', 240666577L, datetime.datetime(2013, 5, 18, 21, 23, 11), 0.21164549727497, False, 'best']
['rodrigoq', 202551723, 'impression', '19', 240693241L, datetime.datetime(2013, 5, 18, 21, 23, 11), 0.0488517810317362, False, 'best']
['rodrigoq', 202551723, 'expand_tile', '17', 240669802L, datetime.datetime(2013, 5, 18, 21, 23, 14), 0.0644462572224766, False, 'best']
['rodrigoq', 202551723, 'view_full_application', '17', 240669802L, datetime.datetime(2013, 5, 18, 21, 23, 22), 0.0644462572224766, False, 'best']
['rodrigoq', 202551723, 'impression', '5', 240685591L, datetime.datetime(2013, 5, 18, 21, 24, 16), 0.168442991487457, False, 'best']
['rodrigoq', 202551723, 'impression', '18', 240674993L, datetime.datetime(2013, 5, 18, 21, 24, 16), 0.0616292721547816, False, 'best']
['rodrigoq', 202551723, 'impression', '8', 240667500L, datetime.datetime(2013, 5, 18, 21, 24, 16), 0.149985668352199, False, 'best']
['rodrigoq', 202551723, 'impression', '13', 240663773L, datetime.datetime(2013, 5, 18, 21, 24, 16), 0.107357341465114, False, 'best']
['rodrigoq', 202551723, 'impression', '20', 240663781L, datetime.datetime(2013, 5, 18, 21, 24, 16), 0.0239384110572009, False, 'best']
['rodrigoq', 202551723, 'impression', '9', 240703585L, datetime.datetime(2013, 5, 18, 21, 24, 16), 0.144178838311325, False, 'best']
['rodrigoq', 202551723, 'impression', '2', 240664637L, datetime.datetime(2013, 5, 18, 21, 24, 16), 0.312277808905928, False, 'best']
['rodrigoq', 202551723, 'impression', '12', 240688145L, datetime.datetime(2013, 5, 18, 21, 24, 16), 0.137448968352363, False, 'best']
['rodrigoq', 202551723, 'impression', '6', 240665323L, datetime.datetime(2013, 5, 18, 21, 24, 16), 0.162388811731319, False, 'best']
['rodrigoq', 202551723, 'impression', '11', 240708363L, datetime.datetime(2013, 5, 18, 21, 24, 16), 0.138013462090964, False, 'best']
['rodrigoq', 202551723, 'impression', '4', 240696299L, datetime.datetime(2013, 5, 18, 21, 24, 16), 0.192056086541729, False, 'best']
['rodrigoq', 202551723, 'impression', '16', 240689347L, datetime.datetime(2013, 5, 18, 21, 24, 16), 0.0713825641194873, False, 'best']
['rodrigoq', 202551723, 'impression', '7', 240663775L, datetime.datetime(2013, 5, 18, 21, 24, 16), 0.161022777513624, False, 'best']
['rodrigoq', 202551723, 'impression', '1', 240716537L, datetime.datetime(2013, 5, 18, 21, 24, 16), 0.340089471493302, True, 'best']
['rodrigoq', 202551723, 'impression', '10', 240714369L, datetime.datetime(2013, 5, 18, 21, 24, 16), 0.139949895623604, False, 'best']
['rodrigoq', 202551723, 'impression', '14', 240685644L, datetime.datetime(2013, 5, 18, 21, 24, 16), 0.0969472512391343, False, 'best']
['rodrigoq', 202551723, 'impression', '17', 240669802L, datetime.datetime(2013, 5, 18, 21, 24, 16), 0.0644462572224766, False, 'best']
['rodrigoq', 202551723, 'impression', '15', 240698359L, datetime.datetime(2013, 5, 18, 21, 24, 16), 0.0966402388449521, False, 'best']
['rodrigoq', 202551723, 'impression', '19', 240693241L, datetime.datetime(2013, 5, 18, 21, 24, 16), 0.0488517810317362, False, 'best']
['rodrigoq', 202551723, 'impression', '3', 240666577L, datetime.datetime(2013, 5, 18, 21, 24, 16), 0.21164549727497, False, 'best']
['rodrigoq', 202551723, 'expand_tile', '18', 240674993L, datetime.datetime(2013, 5, 18, 21, 24, 21), 0.0616292721547816, False, 'best']
['rodrigoq', 202551723, 'view_full_application', '18', 240674993L, datetime.datetime(2013, 5, 18, 21, 24, 27), 0.0616292721547816, False, 'best']
['rodrigoq', 202551723, 'impression', '11', 240708363L, datetime.datetime(2013, 5, 18, 21, 26, 11), 0.138013462090964, False, 'best']
['rodrigoq', 202551723, 'impression', '4', 240696299L, datetime.datetime(2013, 5, 18, 21, 26, 11), 0.192056086541729, False, 'best']
['rodrigoq', 202551723, 'impression', '19', 240693241L, datetime.datetime(2013, 5, 18, 21, 26, 11), 0.0488517810317362, False, 'best']
['rodrigoq', 202551723, 'impression', '3', 240666577L, datetime.datetime(2013, 5, 18, 21, 26, 11), 0.21164549727497, False, 'best']
['rodrigoq', 202551723, 'impression', '5', 240685591L, datetime.datetime(2013, 5, 18, 21, 26, 11), 0.168442991487457, False, 'best']
['rodrigoq', 202551723, 'impression', '13', 240663773L, datetime.datetime(2013, 5, 18, 21, 26, 11), 0.107357341465114, False, 'best']
['rodrigoq', 202551723, 'impression', '20', 240663781L, datetime.datetime(2013, 5, 18, 21, 26, 11), 0.0239384110572009, False, 'best']
['rodrigoq', 202551723, 'impression', '8', 240667500L, datetime.datetime(2013, 5, 18, 21, 26, 11), 0.149985668352199, False, 'best']
['rodrigoq', 202551723, 'impression', '18', 240674993L, datetime.datetime(2013, 5, 18, 21, 26, 11), 0.0616292721547816, False, 'best']
['rodrigoq', 202551723, 'impression', '9', 240703585L, datetime.datetime(2013, 5, 18, 21, 26, 11), 0.144178838311325, False, 'best']
['rodrigoq', 202551723, 'impression', '16', 240689347L, datetime.datetime(2013, 5, 18, 21, 26, 11), 0.0713825641194873, False, 'best']
['rodrigoq', 202551723, 'impression', '7', 240663775L, datetime.datetime(2013, 5, 18, 21, 26, 11), 0.161022777513624, False, 'best']
['rodrigoq', 202551723, 'impression', '17', 240669802L, datetime.datetime(2013, 5, 18, 21, 26, 11), 0.0644462572224766, False, 'best']
['rodrigoq', 202551723, 'impression', '15', 240698359L, datetime.datetime(2013, 5, 18, 21, 26, 11), 0.0966402388449521, False, 'best']
['rodrigoq', 202551723, 'impression', '10', 240714369L, datetime.datetime(2013, 5, 18, 21, 26, 11), 0.139949895623604, False, 'best']
['rodrigoq', 202551723, 'impression', '1', 240716537L, datetime.datetime(2013, 5, 18, 21, 26, 11), 0.340089471493302, True, 'best']
['rodrigoq', 202551723, 'impression', '14', 240685644L, datetime.datetime(2013, 5, 18, 21, 26, 11), 0.0969472512391343, False, 'best']
['rodrigoq', 202551723, 'impression', '2', 240664637L, datetime.datetime(2013, 5, 18, 21, 26, 11), 0.312277808905928, False, 'best']
['rodrigoq', 202551723, 'impression', '6', 240665323L, datetime.datetime(2013, 5, 18, 21, 26, 11), 0.162388811731319, False, 'best']
['rodrigoq', 202551723, 'impression', '12', 240688145L, datetime.datetime(2013, 5, 18, 21, 26, 11), 0.137448968352363, False, 'best']
['rodrigoq', 202551723, 'impression', '20', 240663781L, datetime.datetime(2013, 5, 18, 21, 26, 50), 0.0239384110572009, False, 'best']
['rodrigoq', 202551723, 'impression', '5', 240685591L, datetime.datetime(2013, 5, 18, 21, 26, 50), 0.168442991487457, False, 'best']
['rodrigoq', 202551723, 'impression', '13', 240663773L, datetime.datetime(2013, 5, 18, 21, 26, 50), 0.107357341465114, False, 'best']
['rodrigoq', 202551723, 'impression', '9', 240703585L, datetime.datetime(2013, 5, 18, 21, 26, 50), 0.144178838311325, False, 'best']
['rodrigoq', 202551723, 'impression', '18', 240674993L, datetime.datetime(2013, 5, 18, 21, 26, 50), 0.0616292721547816, False, 'best']
['rodrigoq', 202551723, 'impression', '8', 240667500L, datetime.datetime(2013, 5, 18, 21, 26, 50), 0.149985668352199, False, 'best']
['rodrigoq', 202551723, 'impression', '1', 240716537L, datetime.datetime(2013, 5, 18, 21, 26, 50), 0.340089471493302, True, 'best']
['rodrigoq', 202551723, 'impression', '10', 240714369L, datetime.datetime(2013, 5, 18, 21, 26, 50), 0.139949895623604, False, 'best']
['rodrigoq', 202551723, 'impression', '15', 240698359L, datetime.datetime(2013, 5, 18, 21, 26, 50), 0.0966402388449521, False, 'best']
['rodrigoq', 202551723, 'impression', '14', 240685644L, datetime.datetime(2013, 5, 18, 21, 26, 50), 0.0969472512391343, False, 'best']
['rodrigoq', 202551723, 'impression', '17', 240669802L, datetime.datetime(2013, 5, 18, 21, 26, 50), 0.0644462572224766, False, 'best']
['rodrigoq', 202551723, 'impression', '2', 240664637L, datetime.datetime(2013, 5, 18, 21, 26, 50), 0.312277808905928, False, 'best']
['rodrigoq', 202551723, 'impression', '6', 240665323L, datetime.datetime(2013, 5, 18, 21, 26, 50), 0.162388811731319, False, 'best']
['rodrigoq', 202551723, 'impression', '12', 240688145L, datetime.datetime(2013, 5, 18, 21, 26, 50), 0.137448968352363, False, 'best']
['rodrigoq', 202551723, 'impression', '11', 240708363L, datetime.datetime(2013, 5, 18, 21, 26, 50), 0.138013462090964, False, 'best']
['rodrigoq', 202551723, 'impression', '4', 240696299L, datetime.datetime(2013, 5, 18, 21, 26, 50), 0.192056086541729, False, 'best']
['rodrigoq', 202551723, 'impression', '16', 240689347L, datetime.datetime(2013, 5, 18, 21, 26, 50), 0.0713825641194873, False, 'best']
['rodrigoq', 202551723, 'impression', '7', 240663775L, datetime.datetime(2013, 5, 18, 21, 26, 50), 0.161022777513624, False, 'best']
['rodrigoq', 202551723, 'impression', '19', 240693241L, datetime.datetime(2013, 5, 18, 21, 26, 50), 0.0488517810317362, False, 'best']
['rodrigoq', 202551723, 'impression', '3', 240666577L, datetime.datetime(2013, 5, 18, 21, 26, 50), 0.21164549727497, False, 'best']
['rodrigoq', 202551723, 'view_full_application_via_name', '18', 240674993L, datetime.datetime(2013, 5, 18, 21, 27, 7), 0.0616292721547816, False, 'best']
['rodrigoq', 202551723, 'impression', '4', 240696299L, datetime.datetime(2013, 5, 18, 21, 29, 20), 0.192056086541729, False, 'best']
['rodrigoq', 202551723, 'impression', '11', 240708363L, datetime.datetime(2013, 5, 18, 21, 29, 20), 0.138013462090964, False, 'best']
['rodrigoq', 202551723, 'impression', '3', 240666577L, datetime.datetime(2013, 5, 18, 21, 29, 20), 0.21164549727497, False, 'best']
['rodrigoq', 202551723, 'impression', '19', 240693241L, datetime.datetime(2013, 5, 18, 21, 29, 20), 0.0488517810317362, False, 'best']
['rodrigoq', 202551723, 'impression', '2', 240664637L, datetime.datetime(2013, 5, 18, 21, 29, 20), 0.312277808905928, False, 'best']
['rodrigoq', 202551723, 'impression', '6', 240665323L, datetime.datetime(2013, 5, 18, 21, 29, 20), 0.162388811731319, False, 'best']
['rodrigoq', 202551723, 'impression', '12', 240688145L, datetime.datetime(2013, 5, 18, 21, 29, 20), 0.137448968352363, False, 'best']
['rodrigoq', 202551723, 'impression', '7', 240663775L, datetime.datetime(2013, 5, 18, 21, 29, 20), 0.161022777513624, False, 'best']
['rodrigoq', 202551723, 'impression', '16', 240689347L, datetime.datetime(2013, 5, 18, 21, 29, 20), 0.0713825641194873, False, 'best']
['rodrigoq', 202551723, 'impression', '18', 240674993L, datetime.datetime(2013, 5, 18, 21, 29, 20), 0.0616292721547816, False, 'best']
['rodrigoq', 202551723, 'impression', '9', 240703585L, datetime.datetime(2013, 5, 18, 21, 29, 20), 0.144178838311325, False, 'best']
['rodrigoq', 202551723, 'impression', '8', 240667500L, datetime.datetime(2013, 5, 18, 21, 29, 20), 0.149985668352199, False, 'best']
['rodrigoq', 202551723, 'impression', '20', 240663781L, datetime.datetime(2013, 5, 18, 21, 29, 20), 0.0239384110572009, False, 'best']
['rodrigoq', 202551723, 'impression', '13', 240663773L, datetime.datetime(2013, 5, 18, 21, 29, 20), 0.107357341465114, False, 'best']
['rodrigoq', 202551723, 'impression', '5', 240685591L, datetime.datetime(2013, 5, 18, 21, 29, 20), 0.168442991487457, False, 'best']
['rodrigoq', 202551723, 'impression', '1', 240716537L, datetime.datetime(2013, 5, 18, 21, 29, 20), 0.340089471493302, True, 'best']
['rodrigoq', 202551723, 'impression', '14', 240685644L, datetime.datetime(2013, 5, 18, 21, 29, 20), 0.0969472512391343, False, 'best']
['rodrigoq', 202551723, 'impression', '10', 240714369L, datetime.datetime(2013, 5, 18, 21, 29, 20), 0.139949895623604, False, 'best']
['rodrigoq', 202551723, 'impression', '15', 240698359L, datetime.datetime(2013, 5, 18, 21, 29, 20), 0.0966402388449521, False, 'best']
['rodrigoq', 202551723, 'impression', '17', 240669802L, datetime.datetime(2013, 5, 18, 21, 29, 20), 0.0644462572224766, False, 'best']
['rodrigoq', 202551723, 'expand_tile', '19', 240693241L, datetime.datetime(2013, 5, 18, 21, 29, 28), 0.0488517810317362, False, 'best']
['rodrigoq', 202551723, 'view_full_application', '19', 240693241L, datetime.datetime(2013, 5, 18, 21, 29, 42), 0.0488517810317362, False, 'best']
['rodrigoq', 202551723, 'impression', '14', 240685644L, datetime.datetime(2013, 5, 18, 21, 29, 55), 0.0969472512391343, False, 'best']
['rodrigoq', 202551723, 'impression', '10', 240714369L, datetime.datetime(2013, 5, 18, 21, 29, 55), 0.139949895623604, False, 'best']
['rodrigoq', 202551723, 'impression', '17', 240669802L, datetime.datetime(2013, 5, 18, 21, 29, 55), 0.0644462572224766, False, 'best']
['rodrigoq', 202551723, 'impression', '15', 240698359L, datetime.datetime(2013, 5, 18, 21, 29, 55), 0.0966402388449521, False, 'best']
['rodrigoq', 202551723, 'impression', '1', 240716537L, datetime.datetime(2013, 5, 18, 21, 29, 55), 0.340089471493302, True, 'best']
['rodrigoq', 202551723, 'impression', '3', 240666577L, datetime.datetime(2013, 5, 18, 21, 29, 55), 0.21164549727497, False, 'best']
['rodrigoq', 202551723, 'impression', '19', 240693241L, datetime.datetime(2013, 5, 18, 21, 29, 55), 0.0488517810317362, False, 'best']
['rodrigoq', 202551723, 'impression', '18', 240674993L, datetime.datetime(2013, 5, 18, 21, 29, 55), 0.0616292721547816, False, 'best']
['rodrigoq', 202551723, 'impression', '20', 240663781L, datetime.datetime(2013, 5, 18, 21, 29, 55), 0.0239384110572009, False, 'best']
['rodrigoq', 202551723, 'impression', '9', 240703585L, datetime.datetime(2013, 5, 18, 21, 29, 55), 0.144178838311325, False, 'best']
['rodrigoq', 202551723, 'impression', '5', 240685591L, datetime.datetime(2013, 5, 18, 21, 29, 55), 0.168442991487457, False, 'best']
['rodrigoq', 202551723, 'impression', '13', 240663773L, datetime.datetime(2013, 5, 18, 21, 29, 55), 0.107357341465114, False, 'best']
['rodrigoq', 202551723, 'impression', '8', 240667500L, datetime.datetime(2013, 5, 18, 21, 29, 55), 0.149985668352199, False, 'best']
['rodrigoq', 202551723, 'impression', '11', 240708363L, datetime.datetime(2013, 5, 18, 21, 29, 55), 0.138013462090964, False, 'best']
['rodrigoq', 202551723, 'impression', '4', 240696299L, datetime.datetime(2013, 5, 18, 21, 29, 55), 0.192056086541729, False, 'best']
['rodrigoq', 202551723, 'impression', '2', 240664637L, datetime.datetime(2013, 5, 18, 21, 29, 55), 0.312277808905928, False, 'best']
['rodrigoq', 202551723, 'impression', '6', 240665323L, datetime.datetime(2013, 5, 18, 21, 29, 55), 0.162388811731319, False, 'best']
['rodrigoq', 202551723, 'impression', '12', 240688145L, datetime.datetime(2013, 5, 18, 21, 29, 55), 0.137448968352363, False, 'best']
['rodrigoq', 202551723, 'impression', '16', 240689347L, datetime.datetime(2013, 5, 18, 21, 29, 55), 0.0713825641194873, False, 'best']
['rodrigoq', 202551723, 'impression', '7', 240663775L, datetime.datetime(2013, 5, 18, 21, 29, 55), 0.161022777513624, False, 'best']

['rodrigoq', 202551723, 'impression', '5', 240663775L, datetime.datetime(2013, 5, 20, 20, 31, 47), 0.161022777513624, False, 'best']
['rodrigoq', 202551723, 'impression', '16', 240732322L, datetime.datetime(2013, 5, 20, 20, 31, 47), 0.0597124763736187, False, 'best']
['rodrigoq', 202551723, 'impression', '12', 240689347L, datetime.datetime(2013, 5, 20, 20, 31, 47), 0.0713825641194873, False, 'best']
['rodrigoq', 202551723, 'impression', '17', 240752239L, datetime.datetime(2013, 5, 20, 20, 31, 47), 0.0498223559979072, False, 'best']
['rodrigoq', 202551723, 'impression', '7', 240714369L, datetime.datetime(2013, 5, 20, 20, 31, 47), 0.139949895623604, False, 'best']
['rodrigoq', 202551723, 'impression', '14', 240669802L, datetime.datetime(2013, 5, 20, 20, 31, 47), 0.0644462572224766, False, 'best']
['rodrigoq', 202551723, 'impression', '11', 240698359L, datetime.datetime(2013, 5, 20, 20, 31, 47), 0.0966402388449521, False, 'best']
['rodrigoq', 202551723, 'impression', '1', 240664637L, datetime.datetime(2013, 5, 20, 20, 31, 47), 0.312277808905928, False, 'best']
['rodrigoq', 202551723, 'impression', '9', 240688145L, datetime.datetime(2013, 5, 20, 20, 31, 47), 0.137448968352363, False, 'best']
['rodrigoq', 202551723, 'impression', '13', 240761271L, datetime.datetime(2013, 5, 20, 20, 31, 47), 0.065380713597591, False, 'best']
['rodrigoq', 202551723, 'impression', '2', 240666577L, datetime.datetime(2013, 5, 20, 20, 31, 47), 0.21164549727497, False, 'best']
['rodrigoq', 202551723, 'impression', '18', 240693241L, datetime.datetime(2013, 5, 20, 20, 31, 47), 0.0488517810317362, False, 'best']
['rodrigoq', 202551723, 'impression', '6', 240703585L, datetime.datetime(2013, 5, 20, 20, 31, 47), 0.144178838311325, False, 'best']
['rodrigoq', 202551723, 'impression', '15', 240674993L, datetime.datetime(2013, 5, 20, 20, 31, 47), 0.0616292721547816, False, 'best']
['rodrigoq', 202551723, 'impression', '19', 240663781L, datetime.datetime(2013, 5, 20, 20, 31, 47), 0.0239384110572009, False, 'best']
['rodrigoq', 202551723, 'impression', '4', 240685591L, datetime.datetime(2013, 5, 20, 20, 31, 47), 0.168442991487457, False, 'best']
['rodrigoq', 202551723, 'impression', '10', 240663773L, datetime.datetime(2013, 5, 20, 20, 31, 47), 0.107357341465114, False, 'best']
['rodrigoq', 202551723, 'impression', '3', 240696299L, datetime.datetime(2013, 5, 20, 20, 31, 47), 0.192056086541729, False, 'best']
['rodrigoq', 202551723, 'impression', '20', 240681819L, datetime.datetime(2013, 5, 20, 20, 31, 47), 0.147795245652886, False, 'best']
['rodrigoq', 202551723, 'impression', '8', 240708363L, datetime.datetime(2013, 5, 20, 20, 31, 47), 0.138013462090964, False, 'best']

['rodrigoq', 202551723, 'impression', '18', 240681819L, datetime.datetime(2013, 5, 28, 15, 5, 46), 0.147795245652886, False, 'best']
['rodrigoq', 202551723, 'impression', '3', 240696299L, datetime.datetime(2013, 5, 28, 15, 5, 46), 0.192056086541729, False, 'best']
['rodrigoq', 202551723, 'impression', '2', 240666577L, datetime.datetime(2013, 5, 28, 15, 5, 46), 0.21164549727497, False, 'best']
['rodrigoq', 202551723, 'impression', '16', 240693241L, datetime.datetime(2013, 5, 28, 15, 5, 46), 0.0488517810317362, False, 'best']
['rodrigoq', 202551723, 'impression', '10', 240698359L, datetime.datetime(2013, 5, 28, 15, 5, 46), 0.0966402388449521, False, 'best']
['rodrigoq', 202551723, 'impression', '7', 240714369L, datetime.datetime(2013, 5, 28, 15, 5, 46), 0.139949895623604, False, 'best']
['rodrigoq', 202551723, 'impression', '1', 240664637L, datetime.datetime(2013, 5, 28, 15, 5, 46), 0.312277808905928, False, 'best']
['rodrigoq', 202551723, 'impression', '8', 240688145L, datetime.datetime(2013, 5, 28, 15, 5, 46), 0.137448968352363, False, 'best']
['rodrigoq', 202551723, 'impression', '12', 240761271L, datetime.datetime(2013, 5, 28, 15, 5, 46), 0.065380713597591, False, 'best']
['rodrigoq', 202551723, 'impression', '9', 240663773L, datetime.datetime(2013, 5, 28, 15, 5, 46), 0.107357341465114, False, 'best']
['rodrigoq', 202551723, 'impression', '17', 240663781L, datetime.datetime(2013, 5, 28, 15, 5, 46), 0.0239384110572009, False, 'best']
['rodrigoq', 202551723, 'impression', '4', 240685591L, datetime.datetime(2013, 5, 28, 15, 5, 46), 0.168442991487457, False, 'best']
['rodrigoq', 202551723, 'impression', '13', 240674993L, datetime.datetime(2013, 5, 28, 15, 5, 46), 0.0616292721547816, False, 'best']
['rodrigoq', 202551723, 'impression', '6', 240703585L, datetime.datetime(2013, 5, 28, 15, 5, 46), 0.144178838311325, False, 'best']
['rodrigoq', 202551723, 'impression', '11', 240689347L, datetime.datetime(2013, 5, 28, 15, 5, 46), 0.0713825641194873, False, 'best']
['rodrigoq', 202551723, 'impression', '5', 240663775L, datetime.datetime(2013, 5, 28, 15, 5, 46), 0.161022777513624, False, 'best']
['rodrigoq', 202551723, 'impression', '14', 240732322L, datetime.datetime(2013, 5, 28, 15, 5, 46), 0.0597124763736187, False, 'best']
['rodrigoq', 202551723, 'impression', '15', 240752239L, datetime.datetime(2013, 5, 28, 15, 5, 46), 0.0498223559979072, False, 'best']

