['sbtb', 202565454, 'impression', '1', 240962626L, datetime.datetime(2013, 5, 21, 21, 39, 50), 0.146824317796497, False, 'best']
['sbtb', 202565454, 'expand_tile', '1', 240962626L, datetime.datetime(2013, 5, 21, 21, 40, 1), 0.146824317796497, False, 'best']
['sbtb', 202565454, 'view_full_application', '1', 240962626L, datetime.datetime(2013, 5, 21, 21, 40, 37), 0.146824317796497, False, 'best']
['sbtb', 202565454, 'impression', '1', 240963201L, datetime.datetime(2013, 5, 21, 21, 42, 5), 0.0530697592897598, False, 'best']
['sbtb', 202565454, 'view_full_application_via_name', '1', 240963201L, datetime.datetime(2013, 5, 21, 21, 42, 10), 0.0530697592897598, False, 'best']

['sbtb', 202565454, 'impression', '3', 240965466L, datetime.datetime(2013, 5, 22, 1, 45, 2), 0.152428748208237, False, 'best']
['sbtb', 202565454, 'impression', '4', 240964254L, datetime.datetime(2013, 5, 22, 1, 45, 2), 0.124837430128123, False, 'best']
['sbtb', 202565454, 'impression', '2', 240963467L, datetime.datetime(2013, 5, 22, 1, 45, 2), 0.216744899401488, False, 'best']
['sbtb', 202565454, 'impression', '1', 240963701L, datetime.datetime(2013, 5, 22, 1, 45, 2), 0.219476177431865, False, 'best']
['sbtb', 202565454, 'expand_tile', '4', 240964254L, datetime.datetime(2013, 5, 22, 1, 56, 58), 0.124837430128123, False, 'best']

['sbtb', 202565454, 'impression', '3', 240963467L, datetime.datetime(2013, 5, 22, 4, 19, 4), 0.216744899401488, False, 'best']
['sbtb', 202565454, 'impression', '6', 240973309L, datetime.datetime(2013, 5, 22, 4, 19, 4), 0.0520060293887674, False, 'best']
['sbtb', 202565454, 'impression', '2', 240963701L, datetime.datetime(2013, 5, 22, 4, 19, 4), 0.219476177431865, False, 'best']
['sbtb', 202565454, 'impression', '4', 240965466L, datetime.datetime(2013, 5, 22, 4, 19, 4), 0.152428748208237, False, 'best']
['sbtb', 202565454, 'impression', '1', 240977090L, datetime.datetime(2013, 5, 22, 4, 19, 4), 0.519876858758974, False, 'best']
['sbtb', 202565454, 'impression', '5', 240964254L, datetime.datetime(2013, 5, 22, 4, 19, 4), 0.124837430128123, False, 'best']
['sbtb', 202565454, 'view_full_application_via_name', '1', 240977090L, datetime.datetime(2013, 5, 22, 4, 19, 22), 0.519876858758974, False, 'best']
['sbtb', 202565454, 'impression', '5', 240964254L, datetime.datetime(2013, 5, 22, 4, 25, 7), 0.124837430128123, False, 'best']
['sbtb', 202565454, 'impression', '2', 240963701L, datetime.datetime(2013, 5, 22, 4, 25, 7), 0.219476177431865, False, 'best']
['sbtb', 202565454, 'impression', '6', 240973309L, datetime.datetime(2013, 5, 22, 4, 25, 7), 0.0520060293887674, False, 'best']
['sbtb', 202565454, 'impression', '3', 240963467L, datetime.datetime(2013, 5, 22, 4, 25, 7), 0.216744899401488, False, 'best']
['sbtb', 202565454, 'impression', '4', 240965466L, datetime.datetime(2013, 5, 22, 4, 25, 7), 0.152428748208237, False, 'best']
['sbtb', 202565454, 'impression', '1', 240977090L, datetime.datetime(2013, 5, 22, 4, 25, 7), 0.519876858758974, False, 'best']
['sbtb', 202565454, 'view_full_application_via_name', '3', 240963467L, datetime.datetime(2013, 5, 22, 4, 25, 12), 0.216744899401488, False, 'best']
['sbtb', 202565454, 'impression', '3', 240963467L, datetime.datetime(2013, 5, 22, 4, 27, 45), 0.216744899401488, False, 'best']
['sbtb', 202565454, 'impression', '6', 240973309L, datetime.datetime(2013, 5, 22, 4, 27, 45), 0.0520060293887674, False, 'best']
['sbtb', 202565454, 'impression', '2', 240963701L, datetime.datetime(2013, 5, 22, 4, 27, 45), 0.219476177431865, False, 'best']
['sbtb', 202565454, 'impression', '4', 240965466L, datetime.datetime(2013, 5, 22, 4, 27, 45), 0.152428748208237, False, 'best']
['sbtb', 202565454, 'impression', '1', 240977090L, datetime.datetime(2013, 5, 22, 4, 27, 45), 0.519876858758974, False, 'best']
['sbtb', 202565454, 'impression', '5', 240964254L, datetime.datetime(2013, 5, 22, 4, 27, 45), 0.124837430128123, False, 'best']
['sbtb', 202565454, 'view_full_application_via_name', '6', 240973309L, datetime.datetime(2013, 5, 22, 4, 27, 57), 0.0520060293887674, False, 'best']
['sbtb', 202565454, 'impression', '6', 240973309L, datetime.datetime(2013, 5, 22, 4, 29, 18), 0.0520060293887674, False, 'best']
['sbtb', 202565454, 'impression', '3', 240963467L, datetime.datetime(2013, 5, 22, 4, 29, 18), 0.216744899401488, False, 'best']
['sbtb', 202565454, 'impression', '1', 240977090L, datetime.datetime(2013, 5, 22, 4, 29, 18), 0.519876858758974, False, 'best']
['sbtb', 202565454, 'impression', '4', 240965466L, datetime.datetime(2013, 5, 22, 4, 29, 18), 0.152428748208237, False, 'best']
['sbtb', 202565454, 'impression', '5', 240964254L, datetime.datetime(2013, 5, 22, 4, 29, 18), 0.124837430128123, False, 'best']
['sbtb', 202565454, 'impression', '2', 240963701L, datetime.datetime(2013, 5, 22, 4, 29, 18), 0.219476177431865, False, 'best']
['sbtb', 202565454, 'view_full_application_via_name', '5', 240964254L, datetime.datetime(2013, 5, 22, 4, 29, 21), 0.124837430128123, False, 'best']
['sbtb', 202565454, 'impression', '2', 240963701L, datetime.datetime(2013, 5, 22, 4, 42, 28), 0.219476177431865, False, 'best']
['sbtb', 202565454, 'impression', '4', 240973309L, datetime.datetime(2013, 5, 22, 4, 42, 28), 0.0520060293887674, False, 'best']
['sbtb', 202565454, 'impression', '3', 240963467L, datetime.datetime(2013, 5, 22, 4, 42, 28), 0.216744899401488, False, 'best']
['sbtb', 202565454, 'impression', '1', 240977090L, datetime.datetime(2013, 5, 22, 4, 42, 28), 0.519876858758974, False, 'best']
['sbtb', 202565454, 'view_full_application_via_name', '3', 240963467L, datetime.datetime(2013, 5, 22, 4, 42, 33), 0.216744899401488, False, 'best']
['sbtb', 202565454, 'impression', '2', 240963701L, datetime.datetime(2013, 5, 22, 4, 44, 42), 0.219476177431865, False, 'best']
['sbtb', 202565454, 'impression', '3', 240973309L, datetime.datetime(2013, 5, 22, 4, 44, 42), 0.0520060293887674, False, 'best']
['sbtb', 202565454, 'impression', '1', 240977090L, datetime.datetime(2013, 5, 22, 4, 44, 42), 0.519876858758974, False, 'best']
['sbtb', 202565454, 'view_full_application_via_name', '2', 240963701L, datetime.datetime(2013, 5, 22, 4, 44, 45), 0.219476177431865, False, 'best']
['sbtb', 202565454, 'impression', '2', 240963701L, datetime.datetime(2013, 5, 22, 4, 53, 5), 0.219476177431865, False, 'best']
['sbtb', 202565454, 'impression', '3', 240973309L, datetime.datetime(2013, 5, 22, 4, 53, 5), 0.0520060293887674, False, 'best']
['sbtb', 202565454, 'impression', '1', 240977090L, datetime.datetime(2013, 5, 22, 4, 53, 5), 0.519876858758974, False, 'best']
['sbtb', 202565454, 'impression', '2', 240963701L, datetime.datetime(2013, 5, 22, 5, 0, 56), 0.219476177431865, False, 'best']
['sbtb', 202565454, 'impression', '1', 240977090L, datetime.datetime(2013, 5, 22, 5, 0, 56), 0.519876858758974, False, 'best']
['sbtb', 202565454, 'impression', '3', 240973309L, datetime.datetime(2013, 5, 22, 5, 0, 56), 0.0520060293887674, False, 'best']
['sbtb', 202565454, 'impression', '2', 240963701L, datetime.datetime(2013, 5, 22, 5, 1), 0.219476177431865, False, 'best']
['sbtb', 202565454, 'view_full_application_via_name', '2', 240963701L, datetime.datetime(2013, 5, 22, 5, 1, 3), 0.219476177431865, False, 'best']
['sbtb', 202565454, 'impression', '2', 240973309L, datetime.datetime(2013, 5, 22, 5, 1, 25), 0.0520060293887674, False, 'best']
['sbtb', 202565454, 'impression', '1', 240977090L, datetime.datetime(2013, 5, 22, 5, 1, 25), 0.519876858758974, False, 'best']
['sbtb', 202565454, 'view_full_application_via_name', '2', 240973309L, datetime.datetime(2013, 5, 22, 5, 1, 34), 0.0520060293887674, False, 'best']
['sbtb', 202565454, 'impression', '1', 240977090L, datetime.datetime(2013, 5, 22, 5, 14, 37), 0.519876858758974, False, 'best']
['sbtb', 202565454, 'impression', '2', 240982759L, datetime.datetime(2013, 5, 22, 5, 14, 37), 0.215266485774516, True, 'best']
['sbtb', 202565454, 'impression', '3', 240973309L, datetime.datetime(2013, 5, 22, 5, 14, 37), 0.0520060293887674, False, 'best']
['sbtb', 202565454, 'shortlist', '2', 240982759L, datetime.datetime(2013, 5, 22, 5, 14, 48), 0.215266485774516, True, 'best']
['sbtb', 202565454, 'impression', '2', 240982759L, datetime.datetime(2013, 5, 22, 5, 15, 4), 0.215266485774516, True, 'best']
['sbtb', 202565454, 'impression', None, 240982759L, datetime.datetime(2013, 5, 22, 5, 15, 4), 0.215266485774516, True, 'best']

['sbtb', 202565454, 'impression', '3', 240973309L, datetime.datetime(2013, 5, 22, 6, 12, 25), 0.0520060293887674, False, 'best']
['sbtb', 202565454, 'impression', '2', 240982759L, datetime.datetime(2013, 5, 22, 6, 12, 25), 0.215266485774516, True, 'best']
['sbtb', 202565454, 'impression', '1', 240977090L, datetime.datetime(2013, 5, 22, 6, 12, 25), 0.519876858758974, False, 'best']
['sbtb', 202565454, 'impression', '2', 240982759L, datetime.datetime(2013, 5, 22, 6, 12, 51), 0.215266485774516, True, 'best']

['sbtb', 202565454, 'impression', '4', 240994637L, datetime.datetime(2013, 5, 22, 13, 36, 29), 0.0567930060881193, False, 'best']
['sbtb', 202565454, 'impression', '5', 240973309L, datetime.datetime(2013, 5, 22, 13, 36, 29), 0.0520060293887674, False, 'best']
['sbtb', 202565454, 'impression', '2', 240982654L, datetime.datetime(2013, 5, 22, 13, 36, 29), 0.322102609995077, False, 'best']
['sbtb', 202565454, 'impression', '1', 240977090L, datetime.datetime(2013, 5, 22, 13, 36, 29), 0.519876858758974, False, 'best']
['sbtb', 202565454, 'impression', '3', 240982759L, datetime.datetime(2013, 5, 22, 13, 36, 29), 0.215266485774516, True, 'best']
['sbtb', 202565454, 'view_full_application_via_name', '4', 240994637L, datetime.datetime(2013, 5, 22, 13, 36, 42), 0.0567930060881193, False, 'best']

['sbtb', 202565454, 'impression', '3', 240982759L, datetime.datetime(2013, 5, 22, 18, 20, 33), 0.215266485774516, True, 'best']
['sbtb', 202565454, 'impression', '4', 240994637L, datetime.datetime(2013, 5, 22, 18, 20, 33), 0.0567930060881193, False, 'best']
['sbtb', 202565454, 'impression', '2', 240982654L, datetime.datetime(2013, 5, 22, 18, 20, 33), 0.322102609995077, False, 'best']
['sbtb', 202565454, 'impression', '2', 240982654L, datetime.datetime(2013, 5, 22, 18, 20, 33), 0.322102609995077, False, 'best']
['sbtb', 202565454, 'impression', '5', 240973309L, datetime.datetime(2013, 5, 22, 18, 20, 33), 0.0520060293887674, False, 'best']
['sbtb', 202565454, 'impression', '1', 240977090L, datetime.datetime(2013, 5, 22, 18, 20, 33), 0.519876858758974, False, 'best']
['sbtb', 202565454, 'shortlist', '2', 240982654L, datetime.datetime(2013, 5, 22, 18, 20, 36), 0.322102609995077, False, 'best']
['sbtb', 202565454, 'view_full_application_via_name', '4', 240994637L, datetime.datetime(2013, 5, 22, 18, 20, 39), 0.0567930060881193, False, 'best']

['sbtb', 202565454, 'impression', '4', 240994637L, datetime.datetime(2013, 5, 22, 19, 18, 13), 0.0567930060881193, False, 'best']
['sbtb', 202565454, 'impression', '2', 240982654L, datetime.datetime(2013, 5, 22, 19, 18, 13), 0.322102609995077, False, 'best']
['sbtb', 202565454, 'impression', '3', 240982759L, datetime.datetime(2013, 5, 22, 19, 18, 13), 0.215266485774516, True, 'best']
['sbtb', 202565454, 'impression', '1', 240977090L, datetime.datetime(2013, 5, 22, 19, 18, 13), 0.519876858758974, False, 'best']
['sbtb', 202565454, 'impression', '5', 240973309L, datetime.datetime(2013, 5, 22, 19, 18, 13), 0.0520060293887674, False, 'best']
['sbtb', 202565454, 'expand_tile', '4', 240994637L, datetime.datetime(2013, 5, 22, 19, 18, 31), 0.0567930060881193, False, 'best']
['sbtb', 202565454, 'impression', '5', 240973309L, datetime.datetime(2013, 5, 22, 19, 19, 17), 0.0520060293887674, False, 'best']

['sbtb', 202565454, 'impression', '3', 240982759L, datetime.datetime(2013, 5, 22, 20, 53, 31), 0.215266485774516, True, 'best']
['sbtb', 202565454, 'impression', '1', 240977090L, datetime.datetime(2013, 5, 22, 20, 53, 31), 0.519876858758974, False, 'best']
['sbtb', 202565454, 'impression', '4', 240994637L, datetime.datetime(2013, 5, 22, 20, 53, 31), 0.0567930060881193, False, 'best']
['sbtb', 202565454, 'impression', '5', 240973309L, datetime.datetime(2013, 5, 22, 20, 53, 31), 0.0520060293887674, False, 'best']
['sbtb', 202565454, 'impression', '2', 240982654L, datetime.datetime(2013, 5, 22, 20, 53, 31), 0.322102609995077, False, 'best']
['sbtb', 202565454, 'view_full_application_via_name', '2', 240982654L, datetime.datetime(2013, 5, 22, 20, 53, 33), 0.322102609995077, False, 'best']
['sbtb', 202565454, 'impression', '3', 240982759L, datetime.datetime(2013, 5, 22, 20, 54, 16), 0.215266485774516, True, 'best']
['sbtb', 202565454, 'impression', '1', 240977090L, datetime.datetime(2013, 5, 22, 20, 54, 16), 0.519876858758974, False, 'best']
['sbtb', 202565454, 'impression', '2', 240982654L, datetime.datetime(2013, 5, 22, 20, 54, 16), 0.322102609995077, False, 'best']
['sbtb', 202565454, 'impression', '4', 240994637L, datetime.datetime(2013, 5, 22, 20, 54, 16), 0.0567930060881193, False, 'best']
['sbtb', 202565454, 'impression', '5', 240973309L, datetime.datetime(2013, 5, 22, 20, 54, 16), 0.0520060293887674, False, 'best']
['sbtb', 202565454, 'view_full_application_via_name', '1', 240977090L, datetime.datetime(2013, 5, 22, 20, 54, 17), 0.519876858758974, False, 'best']

['sbtb', 202565454, 'impression', '4', 240994637L, datetime.datetime(2013, 5, 23, 3, 30, 46), 0.0567930060881193, False, 'best']
['sbtb', 202565454, 'impression', '5', 240973309L, datetime.datetime(2013, 5, 23, 3, 30, 46), 0.0520060293887674, False, 'best']
['sbtb', 202565454, 'impression', '2', 240982654L, datetime.datetime(2013, 5, 23, 3, 30, 46), 0.322102609995077, False, 'best']
['sbtb', 202565454, 'impression', '3', 240982759L, datetime.datetime(2013, 5, 23, 3, 30, 46), 0.215266485774516, True, 'best']
['sbtb', 202565454, 'impression', '1', 240977090L, datetime.datetime(2013, 5, 23, 3, 30, 46), 0.519876858758974, False, 'best']
['sbtb', 202565454, 'impression', '5', 240973309L, datetime.datetime(2013, 5, 23, 3, 36, 13), 0.0520060293887674, False, 'best']
['sbtb', 202565454, 'impression', '2', 240982654L, datetime.datetime(2013, 5, 23, 3, 36, 13), 0.322102609995077, False, 'best']
['sbtb', 202565454, 'impression', '1', 240977090L, datetime.datetime(2013, 5, 23, 3, 36, 13), 0.519876858758974, False, 'best']
['sbtb', 202565454, 'impression', '3', 240982759L, datetime.datetime(2013, 5, 23, 3, 36, 13), 0.215266485774516, True, 'best']
['sbtb', 202565454, 'impression', '4', 240994637L, datetime.datetime(2013, 5, 23, 3, 36, 13), 0.0567930060881193, False, 'best']
['sbtb', 202565454, 'impression', '1', 240977090L, datetime.datetime(2013, 5, 23, 3, 43, 42), 0.519876858758974, False, 'best']
['sbtb', 202565454, 'impression', '4', 240994637L, datetime.datetime(2013, 5, 23, 3, 43, 42), 0.0567930060881193, False, 'best']
['sbtb', 202565454, 'impression', '3', 240982759L, datetime.datetime(2013, 5, 23, 3, 43, 42), 0.215266485774516, True, 'best']
['sbtb', 202565454, 'impression', '5', 240973309L, datetime.datetime(2013, 5, 23, 3, 43, 42), 0.0520060293887674, False, 'best']
['sbtb', 202565454, 'impression', '2', 240982654L, datetime.datetime(2013, 5, 23, 3, 43, 42), 0.322102609995077, False, 'best']
['sbtb', 202565454, 'view_full_application_via_name', '2', 240982654L, datetime.datetime(2013, 5, 23, 3, 43, 48), 0.322102609995077, False, 'best']

['sbtb', 202565454, 'impression', '1', 240977090L, datetime.datetime(2013, 5, 23, 5, 6, 21), 0.519876858758974, False, 'best']
['sbtb', 202565454, 'impression', '4', 240994637L, datetime.datetime(2013, 5, 23, 5, 6, 21), 0.0567930060881193, False, 'best']
['sbtb', 202565454, 'impression', '3', 240982759L, datetime.datetime(2013, 5, 23, 5, 6, 21), 0.215266485774516, True, 'best']
['sbtb', 202565454, 'impression', '5', 240973309L, datetime.datetime(2013, 5, 23, 5, 6, 21), 0.0520060293887674, False, 'best']
['sbtb', 202565454, 'impression', '2', 240982654L, datetime.datetime(2013, 5, 23, 5, 6, 21), 0.322102609995077, False, 'best']
['sbtb', 202565454, 'impression', '2', 240982654L, datetime.datetime(2013, 5, 23, 5, 6, 22), 0.322102609995077, False, 'best']
['sbtb', 202565454, 'view_full_application_via_name', '4', 240994637L, datetime.datetime(2013, 5, 23, 5, 6, 38), 0.0567930060881193, False, 'best']
['sbtb', 202565454, 'view_full_application_via_name', '4', 240994637L, datetime.datetime(2013, 5, 23, 5, 6, 39), 0.0567930060881193, False, 'best']
['sbtb', 202565454, 'impression', '3', 240982759L, datetime.datetime(2013, 5, 23, 5, 9, 36), 0.215266485774516, True, 'best']
['sbtb', 202565454, 'impression', '4', 240973309L, datetime.datetime(2013, 5, 23, 5, 9, 36), 0.0520060293887674, False, 'best']
['sbtb', 202565454, 'impression', '1', 240977090L, datetime.datetime(2013, 5, 23, 5, 9, 36), 0.519876858758974, False, 'best']
['sbtb', 202565454, 'impression', '2', 240982654L, datetime.datetime(2013, 5, 23, 5, 9, 36), 0.322102609995077, False, 'best']
['sbtb', 202565454, 'view_full_application_via_name', '4', 240973309L, datetime.datetime(2013, 5, 23, 5, 9, 50), 0.0520060293887674, False, 'best']
['sbtb', 202565454, 'impression', '2', 240982654L, datetime.datetime(2013, 5, 23, 5, 10, 14), 0.322102609995077, False, 'best']
['sbtb', 202565454, 'impression', '3', 240982759L, datetime.datetime(2013, 5, 23, 5, 10, 14), 0.215266485774516, True, 'best']
['sbtb', 202565454, 'impression', '1', 240977090L, datetime.datetime(2013, 5, 23, 5, 10, 14), 0.519876858758974, False, 'best']
['sbtb', 202565454, 'impression', '4', 240973309L, datetime.datetime(2013, 5, 23, 5, 10, 14), 0.0520060293887674, False, 'best']
['sbtb', 202565454, 'view_full_application_via_name', '3', 240982759L, datetime.datetime(2013, 5, 23, 5, 10, 15), 0.215266485774516, True, 'best']
['sbtb', 202565454, 'impression', '4', 240994637L, datetime.datetime(2013, 5, 23, 5, 21, 19), 0.0567930060881193, False, 'best']
['sbtb', 202565454, 'impression', '1', 240977090L, datetime.datetime(2013, 5, 23, 5, 21, 19), 0.519876858758974, False, 'best']
['sbtb', 202565454, 'impression', '2', 240982654L, datetime.datetime(2013, 5, 23, 5, 21, 19), 0.322102609995077, False, 'best']
['sbtb', 202565454, 'impression', '5', 240973309L, datetime.datetime(2013, 5, 23, 5, 21, 19), 0.0520060293887674, False, 'best']
['sbtb', 202565454, 'impression', '3', 240982759L, datetime.datetime(2013, 5, 23, 5, 21, 19), 0.215266485774516, True, 'best']

