['sbtb', 202562212, 'impression', '3', 240894589L, datetime.datetime(2013, 5, 21, 5, 58, 15), 0.0235126786838001, False, 'best']
['sbtb', 202562212, 'impression', '2', 240894766L, datetime.datetime(2013, 5, 21, 5, 58, 15), 0.0285050588724694, False, 'best']
['sbtb', 202562212, 'impression', '1', 240894704L, datetime.datetime(2013, 5, 21, 5, 58, 15), 0.0320804221079822, False, 'best']
['sbtb', 202562212, 'expand_tile', '1', 240894704L, datetime.datetime(2013, 5, 21, 5, 58, 33), 0.0320804221079822, False, 'best']
['sbtb', 202562212, 'collapse_tile', '1', 240894704L, datetime.datetime(2013, 5, 21, 5, 59, 25), 0.0320804221079822, False, 'best']
['sbtb', 202562212, 'expand_tile', '1', 240894704L, datetime.datetime(2013, 5, 21, 5, 59, 27), 0.0320804221079822, False, 'best']
['sbtb', 202562212, 'view_full_application', '1', 240894704L, datetime.datetime(2013, 5, 21, 5, 59, 30), 0.0320804221079822, False, 'best']
['sbtb', 202562212, 'impression', '1', 240895070L, datetime.datetime(2013, 5, 21, 6, 1, 36), 0.0367507767260196, False, 'best']
['sbtb', 202562212, 'impression', '2', 240894704L, datetime.datetime(2013, 5, 21, 6, 1, 36), 0.0320804221079822, False, 'best']
['sbtb', 202562212, 'impression', '4', 240894589L, datetime.datetime(2013, 5, 21, 6, 1, 36), 0.0235126786838001, False, 'best']
['sbtb', 202562212, 'impression', '3', 240894766L, datetime.datetime(2013, 5, 21, 6, 1, 36), 0.0285050588724694, False, 'best']
['sbtb', 202562212, 'expand_tile', '3', 240894766L, datetime.datetime(2013, 5, 21, 6, 1, 43), 0.0285050588724694, False, 'best']
['sbtb', 202562212, 'view_full_application', '3', 240894766L, datetime.datetime(2013, 5, 21, 6, 1, 53), 0.0285050588724694, False, 'best']
['sbtb', 202562212, 'impression', '1', 240895070L, datetime.datetime(2013, 5, 21, 6, 2, 5), 0.0367507767260196, False, 'best']
['sbtb', 202562212, 'impression', '2', 240894704L, datetime.datetime(2013, 5, 21, 6, 2, 5), 0.0320804221079822, False, 'best']
['sbtb', 202562212, 'impression', '3', 240894766L, datetime.datetime(2013, 5, 21, 6, 2, 5), 0.0285050588724694, False, 'best']
['sbtb', 202562212, 'impression', '4', 240894589L, datetime.datetime(2013, 5, 21, 6, 2, 5), 0.0235126786838001, False, 'best']
['sbtb', 202562212, 'view_full_application_via_name', '4', 240894589L, datetime.datetime(2013, 5, 21, 6, 2, 8), 0.0235126786838001, False, 'best']
['sbtb', 202562212, 'impression', '9', 240894589L, datetime.datetime(2013, 5, 21, 6, 10, 10), 0.0235126786838001, False, 'best']
['sbtb', 202562212, 'impression', '12', 240895311L, datetime.datetime(2013, 5, 21, 6, 10, 10), 0.00763245982116498, False, 'best']
['sbtb', 202562212, 'impression', '13', 240895953L, datetime.datetime(2013, 5, 21, 6, 10, 10), 0.00375268078666592, False, 'best']
['sbtb', 202562212, 'impression', '10', 240895558L, datetime.datetime(2013, 5, 21, 6, 10, 10), 0.0212802111870581, False, 'best']
['sbtb', 202562212, 'impression', '5', 240896052L, datetime.datetime(2013, 5, 21, 6, 10, 10), 0.0353875415031731, False, 'best']
['sbtb', 202562212, 'impression', '2', 240895843L, datetime.datetime(2013, 5, 21, 6, 10, 10), 0.0410939241513044, False, 'best']
['sbtb', 202562212, 'impression', '7', 240895688L, datetime.datetime(2013, 5, 21, 6, 10, 10), 0.0307007592902782, False, 'best']
['sbtb', 202562212, 'impression', '6', 240894704L, datetime.datetime(2013, 5, 21, 6, 10, 10), 0.0320804221079822, False, 'best']
['sbtb', 202562212, 'impression', '4', 240895070L, datetime.datetime(2013, 5, 21, 6, 10, 10), 0.0367507767260196, False, 'best']
['sbtb', 202562212, 'impression', '8', 240894766L, datetime.datetime(2013, 5, 21, 6, 10, 10), 0.0285050588724694, False, 'best']
['sbtb', 202562212, 'impression', '11', 240895661L, datetime.datetime(2013, 5, 21, 6, 10, 10), 0.0114158336914751, False, 'best']
['sbtb', 202562212, 'impression', '3', 240895906L, datetime.datetime(2013, 5, 21, 6, 10, 10), 0.0400118846971314, False, 'best']
['sbtb', 202562212, 'impression', '1', 240895744L, datetime.datetime(2013, 5, 21, 6, 10, 10), 0.041544559936609, False, 'best']
['sbtb', 202562212, 'shortlist', '9', 240894589L, datetime.datetime(2013, 5, 21, 6, 10, 24), 0.0235126786838001, False, 'best']
['sbtb', 202562212, 'view_full_application_via_name', '13', 240895953L, datetime.datetime(2013, 5, 21, 6, 10, 58), 0.00375268078666592, False, 'best']
['sbtb', 202562212, 'impression', '9', 240894589L, datetime.datetime(2013, 5, 21, 6, 12, 13), 0.0235126786838001, False, 'best']
['sbtb', 202562212, 'impression', '1', 240895744L, datetime.datetime(2013, 5, 21, 6, 12, 13), 0.041544559936609, False, 'best']
['sbtb', 202562212, 'impression', '2', 240895843L, datetime.datetime(2013, 5, 21, 6, 12, 13), 0.0410939241513044, False, 'best']
['sbtb', 202562212, 'impression', '7', 240895688L, datetime.datetime(2013, 5, 21, 6, 12, 13), 0.0307007592902782, False, 'best']
['sbtb', 202562212, 'impression', '10', 240895558L, datetime.datetime(2013, 5, 21, 6, 12, 13), 0.0212802111870581, False, 'best']
['sbtb', 202562212, 'impression', '12', 240895311L, datetime.datetime(2013, 5, 21, 6, 12, 13), 0.00763245982116498, False, 'best']
['sbtb', 202562212, 'impression', '8', 240894766L, datetime.datetime(2013, 5, 21, 6, 12, 13), 0.0285050588724694, False, 'best']
['sbtb', 202562212, 'impression', '3', 240895906L, datetime.datetime(2013, 5, 21, 6, 12, 13), 0.0400118846971314, False, 'best']
['sbtb', 202562212, 'impression', '11', 240895661L, datetime.datetime(2013, 5, 21, 6, 12, 13), 0.0114158336914751, False, 'best']
['sbtb', 202562212, 'impression', '4', 240895070L, datetime.datetime(2013, 5, 21, 6, 12, 13), 0.0367507767260196, False, 'best']
['sbtb', 202562212, 'impression', '6', 240894704L, datetime.datetime(2013, 5, 21, 6, 12, 13), 0.0320804221079822, False, 'best']
['sbtb', 202562212, 'impression', '5', 240896052L, datetime.datetime(2013, 5, 21, 6, 12, 13), 0.0353875415031731, False, 'best']
['sbtb', 202562212, 'view_full_application_via_name', '1', 240895744L, datetime.datetime(2013, 5, 21, 6, 12, 15), 0.041544559936609, False, 'best']
['sbtb', 202562212, 'impression', '11', 240894766L, datetime.datetime(2013, 5, 21, 6, 15, 22), 0.0285050588724694, False, 'best']
['sbtb', 202562212, 'impression', '3', 240896561L, datetime.datetime(2013, 5, 21, 6, 15, 22), 0.0414522543677081, False, 'best']
['sbtb', 202562212, 'impression', '14', 240895661L, datetime.datetime(2013, 5, 21, 6, 15, 22), 0.0114158336914751, False, 'best']
['sbtb', 202562212, 'impression', '5', 240895906L, datetime.datetime(2013, 5, 21, 6, 15, 22), 0.0400118846971314, False, 'best']
['sbtb', 202562212, 'impression', '10', 240896484L, datetime.datetime(2013, 5, 21, 6, 15, 22), 0.0297719313611268, False, 'best']
['sbtb', 202562212, 'impression', '13', 240895558L, datetime.datetime(2013, 5, 21, 6, 15, 22), 0.0212802111870581, False, 'best']
['sbtb', 202562212, 'impression', '15', 240895311L, datetime.datetime(2013, 5, 21, 6, 15, 22), 0.00763245982116498, False, 'best']
['sbtb', 202562212, 'impression', '7', 240896052L, datetime.datetime(2013, 5, 21, 6, 15, 22), 0.0353875415031731, False, 'best']
['sbtb', 202562212, 'impression', '1', 240896264L, datetime.datetime(2013, 5, 21, 6, 15, 22), 0.073307236271323, False, 'best']
['sbtb', 202562212, 'impression', '12', 240894589L, datetime.datetime(2013, 5, 21, 6, 15, 22), 0.0235126786838001, False, 'best']
['sbtb', 202562212, 'impression', '2', 240895744L, datetime.datetime(2013, 5, 21, 6, 15, 22), 0.041544559936609, False, 'best']
['sbtb', 202562212, 'impression', '9', 240895688L, datetime.datetime(2013, 5, 21, 6, 15, 22), 0.0307007592902782, False, 'best']
['sbtb', 202562212, 'impression', '4', 240895843L, datetime.datetime(2013, 5, 21, 6, 15, 22), 0.0410939241513044, False, 'best']
['sbtb', 202562212, 'impression', '8', 240894704L, datetime.datetime(2013, 5, 21, 6, 15, 22), 0.0320804221079822, False, 'best']
['sbtb', 202562212, 'impression', '6', 240895070L, datetime.datetime(2013, 5, 21, 6, 15, 22), 0.0367507767260196, False, 'best']
['sbtb', 202562212, 'impression', '2', 240895744L, datetime.datetime(2013, 5, 21, 6, 15, 27), 0.041544559936609, False, 'best']
['sbtb', 202562212, 'impression', '2', 240895744L, datetime.datetime(2013, 5, 21, 6, 15, 28), 0.041544559936609, False, 'best']
['sbtb', 202562212, 'view_full_application_via_name', '1', 240896264L, datetime.datetime(2013, 5, 21, 6, 15, 30), 0.073307236271323, False, 'best']
['sbtb', 202562212, 'impression', '8', 240894704L, datetime.datetime(2013, 5, 21, 6, 26, 46), 0.0320804221079822, False, 'best']
['sbtb', 202562212, 'impression', '6', 240895070L, datetime.datetime(2013, 5, 21, 6, 26, 46), 0.0367507767260196, False, 'best']
['sbtb', 202562212, 'impression', '9', 240895688L, datetime.datetime(2013, 5, 21, 6, 26, 46), 0.0307007592902782, False, 'best']
['sbtb', 202562212, 'impression', '3', 240895843L, datetime.datetime(2013, 5, 21, 6, 26, 46), 0.0410939241513044, False, 'best']
['sbtb', 202562212, 'impression', '10', 240896484L, datetime.datetime(2013, 5, 21, 6, 26, 46), 0.0297719313611268, False, 'best']
['sbtb', 202562212, 'impression', '11', 240894766L, datetime.datetime(2013, 5, 21, 6, 26, 46), 0.0285050588724694, False, 'best']
['sbtb', 202562212, 'impression', '15', 240895661L, datetime.datetime(2013, 5, 21, 6, 26, 46), 0.0114158336914751, False, 'best']
['sbtb', 202562212, 'impression', '4', 240895906L, datetime.datetime(2013, 5, 21, 6, 26, 46), 0.0400118846971314, False, 'best']
['sbtb', 202562212, 'impression', '2', 240896561L, datetime.datetime(2013, 5, 21, 6, 26, 46), 0.0414522543677081, False, 'best']
['sbtb', 202562212, 'impression', '1', 240896264L, datetime.datetime(2013, 5, 21, 6, 26, 46), 0.073307236271323, False, 'best']
['sbtb', 202562212, 'impression', '12', 240894589L, datetime.datetime(2013, 5, 21, 6, 26, 46), 0.0235126786838001, False, 'best']
['sbtb', 202562212, 'impression', '16', 240895311L, datetime.datetime(2013, 5, 21, 6, 26, 46), 0.00763245982116498, False, 'best']
['sbtb', 202562212, 'impression', '13', 240895558L, datetime.datetime(2013, 5, 21, 6, 26, 46), 0.0212802111870581, False, 'best']
['sbtb', 202562212, 'impression', '5', 240897383L, datetime.datetime(2013, 5, 21, 6, 26, 46), 0.0375326071185242, False, 'best']
['sbtb', 202562212, 'impression', '14', 240897245L, datetime.datetime(2013, 5, 21, 6, 26, 46), 0.0157779504592569, False, 'best']
['sbtb', 202562212, 'impression', '7', 240896052L, datetime.datetime(2013, 5, 21, 6, 26, 46), 0.0353875415031731, False, 'best']
['sbtb', 202562212, 'shortlist', '1', 240896264L, datetime.datetime(2013, 5, 21, 6, 26, 48), 0.073307236271323, False, 'best']
['sbtb', 202562212, 'impression', '7', 240896052L, datetime.datetime(2013, 5, 21, 6, 28, 44), 0.0353875415031731, False, 'best']
['sbtb', 202562212, 'impression', '1', 240896264L, datetime.datetime(2013, 5, 21, 6, 28, 44), 0.073307236271323, False, 'best']
['sbtb', 202562212, 'impression', '12', 240894589L, datetime.datetime(2013, 5, 21, 6, 28, 44), 0.0235126786838001, False, 'best']
['sbtb', 202562212, 'impression', '6', 240895070L, datetime.datetime(2013, 5, 21, 6, 28, 44), 0.0367507767260196, False, 'best']
['sbtb', 202562212, 'impression', '8', 240894704L, datetime.datetime(2013, 5, 21, 6, 28, 44), 0.0320804221079822, False, 'best']
['sbtb', 202562212, 'impression', '15', 240895661L, datetime.datetime(2013, 5, 21, 6, 28, 44), 0.0114158336914751, False, 'best']
['sbtb', 202562212, 'impression', '11', 240894766L, datetime.datetime(2013, 5, 21, 6, 28, 44), 0.0285050588724694, False, 'best']
['sbtb', 202562212, 'impression', '4', 240895906L, datetime.datetime(2013, 5, 21, 6, 28, 44), 0.0400118846971314, False, 'best']
['sbtb', 202562212, 'impression', '2', 240896561L, datetime.datetime(2013, 5, 21, 6, 28, 44), 0.0414522543677081, False, 'best']
['sbtb', 202562212, 'impression', '10', 240896484L, datetime.datetime(2013, 5, 21, 6, 28, 44), 0.0297719313611268, False, 'best']
['sbtb', 202562212, 'impression', '9', 240895688L, datetime.datetime(2013, 5, 21, 6, 28, 44), 0.0307007592902782, False, 'best']
['sbtb', 202562212, 'impression', '3', 240895843L, datetime.datetime(2013, 5, 21, 6, 28, 44), 0.0410939241513044, False, 'best']
['sbtb', 202562212, 'impression', '16', 240895311L, datetime.datetime(2013, 5, 21, 6, 28, 44), 0.00763245982116498, False, 'best']
['sbtb', 202562212, 'impression', '5', 240897383L, datetime.datetime(2013, 5, 21, 6, 28, 44), 0.0375326071185242, False, 'best']
['sbtb', 202562212, 'impression', '13', 240895558L, datetime.datetime(2013, 5, 21, 6, 28, 44), 0.0212802111870581, False, 'best']
['sbtb', 202562212, 'impression', '14', 240897245L, datetime.datetime(2013, 5, 21, 6, 28, 44), 0.0157779504592569, False, 'best']
['sbtb', 202562212, 'impression', '3', 240895843L, datetime.datetime(2013, 5, 21, 6, 28, 45), 0.0410939241513044, False, 'best']
['sbtb', 202562212, 'impression', '2', 240896561L, datetime.datetime(2013, 5, 21, 6, 28, 49), 0.0414522543677081, False, 'best']
['sbtb', 202562212, 'view_full_application_via_name', '2', 240896561L, datetime.datetime(2013, 5, 21, 6, 28, 50), 0.0414522543677081, False, 'best']

['sbtb', 202562212, 'impression', '1', 240911312L, datetime.datetime(2013, 5, 21, 17, 52, 46), 0.816943118239462, False, 'best']
['sbtb', 202562212, 'impression', '16', 240895070L, datetime.datetime(2013, 5, 21, 17, 52, 46), 0.0367507767260196, False, 'best']
['sbtb', 202562212, 'impression', '20', 240894704L, datetime.datetime(2013, 5, 21, 17, 52, 46), 0.0320804221079822, False, 'best']
['sbtb', 202562212, 'impression', '8', 240905796L, datetime.datetime(2013, 5, 21, 17, 52, 46), 0.0622770536131655, False, 'best']
['sbtb', 202562212, 'impression', '14', 240895906L, datetime.datetime(2013, 5, 21, 17, 52, 46), 0.0400118846971314, False, 'best']
['sbtb', 202562212, 'impression', '12', 240896561L, datetime.datetime(2013, 5, 21, 17, 52, 46), 0.0414522543677081, False, 'best']
['sbtb', 202562212, 'impression', '7', 240904556L, datetime.datetime(2013, 5, 21, 17, 52, 46), 0.0717901156351259, False, 'best']
['sbtb', 202562212, 'impression', '6', 240896264L, datetime.datetime(2013, 5, 21, 17, 52, 46), 0.073307236271323, False, 'best']
['sbtb', 202562212, 'impression', '9', 240915963L, datetime.datetime(2013, 5, 21, 17, 52, 46), 0.0506895411082376, False, 'best']
['sbtb', 202562212, 'impression', '5', 240924892L, datetime.datetime(2013, 5, 21, 17, 52, 46), 0.0848138488307753, True, 'best']
['sbtb', 202562212, 'impression', '11', 240915118L, datetime.datetime(2013, 5, 21, 17, 52, 46), 0.0460656510656627, False, 'best']
['sbtb', 202562212, 'impression', '18', 240896052L, datetime.datetime(2013, 5, 21, 17, 52, 46), 0.0353875415031731, False, 'best']
['sbtb', 202562212, 'impression', '2', 240898021L, datetime.datetime(2013, 5, 21, 17, 52, 46), 0.141525938141529, False, 'best']
['sbtb', 202562212, 'impression', '19', 240899192L, datetime.datetime(2013, 5, 21, 17, 52, 46), 0.0324098719324536, False, 'best']
['sbtb', 202562212, 'impression', '10', 240920188L, datetime.datetime(2013, 5, 21, 17, 52, 46), 0.0488471511386443, False, 'best']
['sbtb', 202562212, 'impression', '17', 240900831L, datetime.datetime(2013, 5, 21, 17, 52, 46), 0.0356871778606422, False, 'best']
['sbtb', 202562212, 'impression', '13', 240895843L, datetime.datetime(2013, 5, 21, 17, 52, 46), 0.0410939241513044, False, 'best']
['sbtb', 202562212, 'impression', '4', 240921968L, datetime.datetime(2013, 5, 21, 17, 52, 46), 0.0974870415033173, False, 'best']
['sbtb', 202562212, 'impression', '15', 240897383L, datetime.datetime(2013, 5, 21, 17, 52, 46), 0.0375326071185242, False, 'best']
['sbtb', 202562212, 'impression', '3', 240936240L, datetime.datetime(2013, 5, 21, 17, 52, 46), 0.114821760408484, False, 'best']
['sbtb', 202562212, 'impression', '11', 240915118L, datetime.datetime(2013, 5, 21, 17, 56, 6), 0.0460656510656627, False, 'best']
['sbtb', 202562212, 'impression', '5', 240924892L, datetime.datetime(2013, 5, 21, 17, 56, 6), 0.0848138488307753, True, 'best']
['sbtb', 202562212, 'impression', '9', 240915963L, datetime.datetime(2013, 5, 21, 17, 56, 6), 0.0506895411082376, False, 'best']
['sbtb', 202562212, 'impression', '6', 240896264L, datetime.datetime(2013, 5, 21, 17, 56, 6), 0.073307236271323, False, 'best']
['sbtb', 202562212, 'impression', '20', 240894704L, datetime.datetime(2013, 5, 21, 17, 56, 6), 0.0320804221079822, False, 'best']
['sbtb', 202562212, 'impression', '1', 240911312L, datetime.datetime(2013, 5, 21, 17, 56, 6), 0.816943118239462, False, 'best']
['sbtb', 202562212, 'impression', '8', 240905796L, datetime.datetime(2013, 5, 21, 17, 56, 6), 0.0622770536131655, False, 'best']
['sbtb', 202562212, 'impression', '16', 240895070L, datetime.datetime(2013, 5, 21, 17, 56, 6), 0.0367507767260196, False, 'best']
['sbtb', 202562212, 'impression', '12', 240896561L, datetime.datetime(2013, 5, 21, 17, 56, 6), 0.0414522543677081, False, 'best']
['sbtb', 202562212, 'impression', '7', 240904556L, datetime.datetime(2013, 5, 21, 17, 56, 6), 0.0717901156351259, False, 'best']
['sbtb', 202562212, 'impression', '14', 240895906L, datetime.datetime(2013, 5, 21, 17, 56, 6), 0.0400118846971314, False, 'best']
['sbtb', 202562212, 'impression', '15', 240897383L, datetime.datetime(2013, 5, 21, 17, 56, 6), 0.0375326071185242, False, 'best']
['sbtb', 202562212, 'impression', '3', 240936240L, datetime.datetime(2013, 5, 21, 17, 56, 6), 0.114821760408484, False, 'best']
['sbtb', 202562212, 'impression', '4', 240921968L, datetime.datetime(2013, 5, 21, 17, 56, 6), 0.0974870415033173, False, 'best']
['sbtb', 202562212, 'impression', '17', 240900831L, datetime.datetime(2013, 5, 21, 17, 56, 6), 0.0356871778606422, False, 'best']
['sbtb', 202562212, 'impression', '13', 240895843L, datetime.datetime(2013, 5, 21, 17, 56, 6), 0.0410939241513044, False, 'best']
['sbtb', 202562212, 'impression', '18', 240896052L, datetime.datetime(2013, 5, 21, 17, 56, 6), 0.0353875415031731, False, 'best']
['sbtb', 202562212, 'impression', '2', 240898021L, datetime.datetime(2013, 5, 21, 17, 56, 6), 0.141525938141529, False, 'best']
['sbtb', 202562212, 'impression', '19', 240899192L, datetime.datetime(2013, 5, 21, 17, 56, 6), 0.0324098719324536, False, 'best']
['sbtb', 202562212, 'impression', '10', 240920188L, datetime.datetime(2013, 5, 21, 17, 56, 6), 0.0488471511386443, False, 'best']
['sbtb', 202562212, 'view_full_application_via_name', '1', 240911312L, datetime.datetime(2013, 5, 21, 17, 56, 13), 0.816943118239462, False, 'best']
['sbtb', 202562212, 'impression', '15', 240897383L, datetime.datetime(2013, 5, 21, 18, 1, 50), 0.0375326071185242, False, 'best']
['sbtb', 202562212, 'impression', '4', 240921968L, datetime.datetime(2013, 5, 21, 18, 1, 50), 0.0974870415033173, False, 'best']
['sbtb', 202562212, 'impression', '3', 240936240L, datetime.datetime(2013, 5, 21, 18, 1, 50), 0.114821760408484, False, 'best']
['sbtb', 202562212, 'impression', '10', 240920188L, datetime.datetime(2013, 5, 21, 18, 1, 50), 0.0488471511386443, False, 'best']
['sbtb', 202562212, 'impression', '5', 240924892L, datetime.datetime(2013, 5, 21, 18, 1, 50), 0.0848138488307753, True, 'best']
['sbtb', 202562212, 'impression', '6', 240896264L, datetime.datetime(2013, 5, 21, 18, 1, 50), 0.073307236271323, False, 'best']
['sbtb', 202562212, 'impression', '9', 240915963L, datetime.datetime(2013, 5, 21, 18, 1, 50), 0.0506895411082376, False, 'best']
['sbtb', 202562212, 'impression', '11', 240915118L, datetime.datetime(2013, 5, 21, 18, 1, 50), 0.0460656510656627, False, 'best']
['sbtb', 202562212, 'impression', '1', 240911312L, datetime.datetime(2013, 5, 21, 18, 1, 50), 0.816943118239462, False, 'best']
['sbtb', 202562212, 'impression', '8', 240905796L, datetime.datetime(2013, 5, 21, 18, 1, 50), 0.0622770536131655, False, 'best']
['sbtb', 202562212, 'impression', '16', 240895070L, datetime.datetime(2013, 5, 21, 18, 1, 50), 0.0367507767260196, False, 'best']
['sbtb', 202562212, 'impression', '20', 240894704L, datetime.datetime(2013, 5, 21, 18, 1, 50), 0.0320804221079822, False, 'best']
['sbtb', 202562212, 'impression', '13', 240895843L, datetime.datetime(2013, 5, 21, 18, 1, 50), 0.0410939241513044, False, 'best']
['sbtb', 202562212, 'impression', '2', 240898021L, datetime.datetime(2013, 5, 21, 18, 1, 50), 0.141525938141529, False, 'best']
['sbtb', 202562212, 'impression', '18', 240896052L, datetime.datetime(2013, 5, 21, 18, 1, 50), 0.0353875415031731, False, 'best']
['sbtb', 202562212, 'impression', '19', 240899192L, datetime.datetime(2013, 5, 21, 18, 1, 50), 0.0324098719324536, False, 'best']
['sbtb', 202562212, 'impression', '17', 240900831L, datetime.datetime(2013, 5, 21, 18, 1, 50), 0.0356871778606422, False, 'best']
['sbtb', 202562212, 'impression', '12', 240896561L, datetime.datetime(2013, 5, 21, 18, 1, 50), 0.0414522543677081, False, 'best']
['sbtb', 202562212, 'impression', '7', 240904556L, datetime.datetime(2013, 5, 21, 18, 1, 50), 0.0717901156351259, False, 'best']
['sbtb', 202562212, 'impression', '14', 240895906L, datetime.datetime(2013, 5, 21, 18, 1, 50), 0.0400118846971314, False, 'best']
['sbtb', 202562212, 'view_full_application_via_name', '2', 240898021L, datetime.datetime(2013, 5, 21, 18, 1, 53), 0.141525938141529, False, 'best']
['sbtb', 202562212, 'impression', '20', 240895688L, datetime.datetime(2013, 5, 21, 18, 10, 3), 0.0307007592902782, False, 'best']
['sbtb', 202562212, 'impression', '12', 240895843L, datetime.datetime(2013, 5, 21, 18, 10, 3), 0.0410939241513044, False, 'best']
['sbtb', 202562212, 'impression', '1', 240911312L, datetime.datetime(2013, 5, 21, 18, 10, 3), 0.816943118239462, False, 'best']
['sbtb', 202562212, 'impression', '15', 240895070L, datetime.datetime(2013, 5, 21, 18, 10, 3), 0.0367507767260196, False, 'best']
['sbtb', 202562212, 'impression', '7', 240905796L, datetime.datetime(2013, 5, 21, 18, 10, 3), 0.0622770536131655, False, 'best']
['sbtb', 202562212, 'impression', '19', 240894704L, datetime.datetime(2013, 5, 21, 18, 10, 3), 0.0320804221079822, False, 'best']
['sbtb', 202562212, 'impression', '2', 240936240L, datetime.datetime(2013, 5, 21, 18, 10, 3), 0.114821760408484, False, 'best']
['sbtb', 202562212, 'impression', '3', 240921968L, datetime.datetime(2013, 5, 21, 18, 10, 3), 0.0974870415033173, False, 'best']
['sbtb', 202562212, 'impression', '14', 240897383L, datetime.datetime(2013, 5, 21, 18, 10, 3), 0.0375326071185242, False, 'best']
['sbtb', 202562212, 'impression', '8', 240915963L, datetime.datetime(2013, 5, 21, 18, 10, 3), 0.0506895411082376, False, 'best']
['sbtb', 202562212, 'impression', '5', 240896264L, datetime.datetime(2013, 5, 21, 18, 10, 3), 0.073307236271323, False, 'best']
['sbtb', 202562212, 'impression', '10', 240915118L, datetime.datetime(2013, 5, 21, 18, 10, 3), 0.0460656510656627, False, 'best']
['sbtb', 202562212, 'impression', '4', 240924892L, datetime.datetime(2013, 5, 21, 18, 10, 3), 0.0848138488307753, True, 'best']
['sbtb', 202562212, 'impression', '18', 240899192L, datetime.datetime(2013, 5, 21, 18, 10, 3), 0.0324098719324536, False, 'best']
['sbtb', 202562212, 'impression', '17', 240896052L, datetime.datetime(2013, 5, 21, 18, 10, 3), 0.0353875415031731, False, 'best']
['sbtb', 202562212, 'impression', '13', 240895906L, datetime.datetime(2013, 5, 21, 18, 10, 3), 0.0400118846971314, False, 'best']
['sbtb', 202562212, 'impression', '11', 240896561L, datetime.datetime(2013, 5, 21, 18, 10, 3), 0.0414522543677081, False, 'best']
['sbtb', 202562212, 'impression', '6', 240904556L, datetime.datetime(2013, 5, 21, 18, 10, 3), 0.0717901156351259, False, 'best']
['sbtb', 202562212, 'impression', '9', 240920188L, datetime.datetime(2013, 5, 21, 18, 10, 3), 0.0488471511386443, False, 'best']
['sbtb', 202562212, 'impression', '16', 240900831L, datetime.datetime(2013, 5, 21, 18, 10, 3), 0.0356871778606422, False, 'best']
['sbtb', 202562212, 'view_full_application_via_name', '2', 240936240L, datetime.datetime(2013, 5, 21, 18, 10, 44), 0.114821760408484, False, 'best']
['sbtb', 202562212, 'view_full_application_via_name', '2', 240936240L, datetime.datetime(2013, 5, 21, 18, 10, 44), 0.114821760408484, False, 'best']
['sbtb', 202562212, 'impression', '16', 240900831L, datetime.datetime(2013, 5, 21, 18, 22, 38), 0.0356871778606422, False, 'best']
['sbtb', 202562212, 'impression', '12', 240895843L, datetime.datetime(2013, 5, 21, 18, 22, 38), 0.0410939241513044, False, 'best']
['sbtb', 202562212, 'impression', '20', 240895688L, datetime.datetime(2013, 5, 21, 18, 22, 38), 0.0307007592902782, False, 'best']
['sbtb', 202562212, 'impression', '17', 240896052L, datetime.datetime(2013, 5, 21, 18, 22, 38), 0.0353875415031731, False, 'best']
['sbtb', 202562212, 'impression', '2', 240898021L, datetime.datetime(2013, 5, 21, 18, 22, 38), 0.141525938141529, False, 'best']
['sbtb', 202562212, 'impression', '18', 240899192L, datetime.datetime(2013, 5, 21, 18, 22, 38), 0.0324098719324536, False, 'best']
['sbtb', 202562212, 'impression', '11', 240896561L, datetime.datetime(2013, 5, 21, 18, 22, 38), 0.0414522543677081, False, 'best']
['sbtb', 202562212, 'impression', '13', 240895906L, datetime.datetime(2013, 5, 21, 18, 22, 38), 0.0400118846971314, False, 'best']
['sbtb', 202562212, 'impression', '6', 240904556L, datetime.datetime(2013, 5, 21, 18, 22, 38), 0.0717901156351259, False, 'best']
['sbtb', 202562212, 'impression', '3', 240921968L, datetime.datetime(2013, 5, 21, 18, 22, 38), 0.0974870415033173, False, 'best']
['sbtb', 202562212, 'impression', '14', 240897383L, datetime.datetime(2013, 5, 21, 18, 22, 38), 0.0375326071185242, False, 'best']
['sbtb', 202562212, 'impression', '15', 240895070L, datetime.datetime(2013, 5, 21, 18, 22, 38), 0.0367507767260196, False, 'best']
['sbtb', 202562212, 'impression', '1', 240911312L, datetime.datetime(2013, 5, 21, 18, 22, 38), 0.816943118239462, False, 'best']
['sbtb', 202562212, 'impression', '7', 240905796L, datetime.datetime(2013, 5, 21, 18, 22, 38), 0.0622770536131655, False, 'best']
['sbtb', 202562212, 'impression', '19', 240894704L, datetime.datetime(2013, 5, 21, 18, 22, 38), 0.0320804221079822, False, 'best']
['sbtb', 202562212, 'impression', '5', 240896264L, datetime.datetime(2013, 5, 21, 18, 22, 38), 0.073307236271323, False, 'best']
['sbtb', 202562212, 'impression', '4', 240924892L, datetime.datetime(2013, 5, 21, 18, 22, 38), 0.0848138488307753, True, 'best']
['sbtb', 202562212, 'impression', '10', 240915118L, datetime.datetime(2013, 5, 21, 18, 22, 38), 0.0460656510656627, False, 'best']
['sbtb', 202562212, 'impression', '8', 240915963L, datetime.datetime(2013, 5, 21, 18, 22, 38), 0.0506895411082376, False, 'best']
['sbtb', 202562212, 'impression', '9', 240920188L, datetime.datetime(2013, 5, 21, 18, 22, 38), 0.0488471511386443, False, 'best']
['sbtb', 202562212, 'impression', '3', 240921968L, datetime.datetime(2013, 5, 21, 18, 22, 42), 0.0974870415033173, False, 'best']
['sbtb', 202562212, 'view_full_application_via_name', '3', 240921968L, datetime.datetime(2013, 5, 21, 18, 22, 44), 0.0974870415033173, False, 'best']
['sbtb', 202562212, 'impression', '7', 240915963L, datetime.datetime(2013, 5, 21, 18, 24, 37), 0.0506895411082376, False, 'best']
['sbtb', 202562212, 'impression', '4', 240896264L, datetime.datetime(2013, 5, 21, 18, 24, 37), 0.073307236271323, False, 'best']
['sbtb', 202562212, 'impression', '3', 240924892L, datetime.datetime(2013, 5, 21, 18, 24, 37), 0.0848138488307753, True, 'best']
['sbtb', 202562212, 'impression', '9', 240915118L, datetime.datetime(2013, 5, 21, 18, 24, 37), 0.0460656510656627, False, 'best']
['sbtb', 202562212, 'impression', '6', 240905796L, datetime.datetime(2013, 5, 21, 18, 24, 37), 0.0622770536131655, False, 'best']
['sbtb', 202562212, 'impression', '18', 240894704L, datetime.datetime(2013, 5, 21, 18, 24, 37), 0.0320804221079822, False, 'best']
['sbtb', 202562212, 'impression', '1', 240911312L, datetime.datetime(2013, 5, 21, 18, 24, 37), 0.816943118239462, False, 'best']
['sbtb', 202562212, 'impression', '14', 240895070L, datetime.datetime(2013, 5, 21, 18, 24, 37), 0.0367507767260196, False, 'best']
['sbtb', 202562212, 'impression', '15', 240900831L, datetime.datetime(2013, 5, 21, 18, 24, 37), 0.0356871778606422, False, 'best']
['sbtb', 202562212, 'impression', '17', 240899192L, datetime.datetime(2013, 5, 21, 18, 24, 37), 0.0324098719324536, False, 'best']
['sbtb', 202562212, 'impression', '2', 240898021L, datetime.datetime(2013, 5, 21, 18, 24, 37), 0.141525938141529, False, 'best']
['sbtb', 202562212, 'impression', '16', 240896052L, datetime.datetime(2013, 5, 21, 18, 24, 37), 0.0353875415031731, False, 'best']
['sbtb', 202562212, 'impression', '20', 240896484L, datetime.datetime(2013, 5, 21, 18, 24, 37), 0.0297719313611268, False, 'best']
['sbtb', 202562212, 'impression', '5', 240904556L, datetime.datetime(2013, 5, 21, 18, 24, 37), 0.0717901156351259, False, 'best']
['sbtb', 202562212, 'impression', '12', 240895906L, datetime.datetime(2013, 5, 21, 18, 24, 37), 0.0400118846971314, False, 'best']
['sbtb', 202562212, 'impression', '10', 240896561L, datetime.datetime(2013, 5, 21, 18, 24, 37), 0.0414522543677081, False, 'best']
['sbtb', 202562212, 'impression', '13', 240897383L, datetime.datetime(2013, 5, 21, 18, 24, 37), 0.0375326071185242, False, 'best']
['sbtb', 202562212, 'impression', '8', 240920188L, datetime.datetime(2013, 5, 21, 18, 24, 37), 0.0488471511386443, False, 'best']
['sbtb', 202562212, 'impression', '11', 240895843L, datetime.datetime(2013, 5, 21, 18, 24, 37), 0.0410939241513044, False, 'best']
['sbtb', 202562212, 'impression', '19', 240895688L, datetime.datetime(2013, 5, 21, 18, 24, 37), 0.0307007592902782, False, 'best']
['sbtb', 202562212, 'view_full_application_via_name', '3', 240924892L, datetime.datetime(2013, 5, 21, 18, 24, 43), 0.0848138488307753, True, 'best']
['sbtb', 202562212, 'impression', '6', 240905796L, datetime.datetime(2013, 5, 21, 18, 40, 26), 0.0622770536131655, False, 'best']
['sbtb', 202562212, 'impression', '1', 240911312L, datetime.datetime(2013, 5, 21, 18, 40, 26), 0.816943118239462, False, 'best']
['sbtb', 202562212, 'impression', '18', 240894704L, datetime.datetime(2013, 5, 21, 18, 40, 26), 0.0320804221079822, False, 'best']
['sbtb', 202562212, 'impression', '14', 240895070L, datetime.datetime(2013, 5, 21, 18, 40, 26), 0.0367507767260196, False, 'best']
['sbtb', 202562212, 'impression', '9', 240915118L, datetime.datetime(2013, 5, 21, 18, 40, 26), 0.0460656510656627, False, 'best']
['sbtb', 202562212, 'impression', '3', 240924892L, datetime.datetime(2013, 5, 21, 18, 40, 26), 0.0848138488307753, True, 'best']
['sbtb', 202562212, 'impression', '4', 240896264L, datetime.datetime(2013, 5, 21, 18, 40, 26), 0.073307236271323, False, 'best']
['sbtb', 202562212, 'impression', '7', 240915963L, datetime.datetime(2013, 5, 21, 18, 40, 26), 0.0506895411082376, False, 'best']
['sbtb', 202562212, 'impression', '5', 240904556L, datetime.datetime(2013, 5, 21, 18, 40, 26), 0.0717901156351259, False, 'best']
['sbtb', 202562212, 'impression', '10', 240896561L, datetime.datetime(2013, 5, 21, 18, 40, 26), 0.0414522543677081, False, 'best']
['sbtb', 202562212, 'impression', '12', 240895906L, datetime.datetime(2013, 5, 21, 18, 40, 26), 0.0400118846971314, False, 'best']
['sbtb', 202562212, 'impression', '20', 240896484L, datetime.datetime(2013, 5, 21, 18, 40, 26), 0.0297719313611268, False, 'best']
['sbtb', 202562212, 'impression', '11', 240895843L, datetime.datetime(2013, 5, 21, 18, 40, 26), 0.0410939241513044, False, 'best']
['sbtb', 202562212, 'impression', '19', 240895688L, datetime.datetime(2013, 5, 21, 18, 40, 26), 0.0307007592902782, False, 'best']
['sbtb', 202562212, 'impression', '17', 240899192L, datetime.datetime(2013, 5, 21, 18, 40, 26), 0.0324098719324536, False, 'best']
['sbtb', 202562212, 'impression', '2', 240898021L, datetime.datetime(2013, 5, 21, 18, 40, 26), 0.141525938141529, False, 'best']
['sbtb', 202562212, 'impression', '16', 240896052L, datetime.datetime(2013, 5, 21, 18, 40, 26), 0.0353875415031731, False, 'best']
['sbtb', 202562212, 'impression', '13', 240897383L, datetime.datetime(2013, 5, 21, 18, 40, 26), 0.0375326071185242, False, 'best']
['sbtb', 202562212, 'impression', '8', 240920188L, datetime.datetime(2013, 5, 21, 18, 40, 26), 0.0488471511386443, False, 'best']
['sbtb', 202562212, 'impression', '15', 240900831L, datetime.datetime(2013, 5, 21, 18, 40, 26), 0.0356871778606422, False, 'best']
['sbtb', 202562212, 'view_full_application_via_name', '5', 240904556L, datetime.datetime(2013, 5, 21, 18, 40, 30), 0.0717901156351259, False, 'best']

['sbtb', 202562212, 'impression', '2', 240924892L, datetime.datetime(2013, 5, 21, 19, 42, 45), 0.0848138488307753, True, 'best']
['sbtb', 202562212, 'impression', '3', 240896264L, datetime.datetime(2013, 5, 21, 19, 42, 45), 0.073307236271323, False, 'best']
['sbtb', 202562212, 'impression', '6', 240915963L, datetime.datetime(2013, 5, 21, 19, 42, 45), 0.0506895411082376, False, 'best']
['sbtb', 202562212, 'impression', '8', 240915118L, datetime.datetime(2013, 5, 21, 19, 42, 45), 0.0460656510656627, False, 'best']
['sbtb', 202562212, 'impression', '3', 240896264L, datetime.datetime(2013, 5, 21, 19, 42, 45), 0.073307236271323, False, 'best']
['sbtb', 202562212, 'impression', '10', 240895843L, datetime.datetime(2013, 5, 21, 19, 42, 45), 0.0410939241513044, False, 'best']
['sbtb', 202562212, 'impression', '20', 240905258L, datetime.datetime(2013, 5, 21, 19, 42, 45), 0.0291664144454763, False, 'best']
['sbtb', 202562212, 'impression', '18', 240895688L, datetime.datetime(2013, 5, 21, 19, 42, 45), 0.0307007592902782, False, 'best']
['sbtb', 202562212, 'impression', '14', 240900831L, datetime.datetime(2013, 5, 21, 19, 42, 45), 0.0356871778606422, False, 'best']
['sbtb', 202562212, 'impression', '19', 240896484L, datetime.datetime(2013, 5, 21, 19, 42, 45), 0.0297719313611268, False, 'best']
['sbtb', 202562212, 'impression', '9', 240896561L, datetime.datetime(2013, 5, 21, 19, 42, 45), 0.0414522543677081, False, 'best']
['sbtb', 202562212, 'impression', '11', 240895906L, datetime.datetime(2013, 5, 21, 19, 42, 45), 0.0400118846971314, False, 'best']
['sbtb', 202562212, 'impression', '4', 240904556L, datetime.datetime(2013, 5, 21, 19, 42, 45), 0.0717901156351259, False, 'best']
['sbtb', 202562212, 'impression', '15', 240896052L, datetime.datetime(2013, 5, 21, 19, 42, 45), 0.0353875415031731, False, 'best']
['sbtb', 202562212, 'impression', '16', 240899192L, datetime.datetime(2013, 5, 21, 19, 42, 45), 0.0324098719324536, False, 'best']
['sbtb', 202562212, 'impression', '17', 240894704L, datetime.datetime(2013, 5, 21, 19, 42, 45), 0.0320804221079822, False, 'best']
['sbtb', 202562212, 'impression', '13', 240895070L, datetime.datetime(2013, 5, 21, 19, 42, 45), 0.0367507767260196, False, 'best']
['sbtb', 202562212, 'impression', '1', 240911312L, datetime.datetime(2013, 5, 21, 19, 42, 45), 0.816943118239462, False, 'best']
['sbtb', 202562212, 'impression', '5', 240905796L, datetime.datetime(2013, 5, 21, 19, 42, 45), 0.0622770536131655, False, 'best']
['sbtb', 202562212, 'impression', '12', 240897383L, datetime.datetime(2013, 5, 21, 19, 42, 45), 0.0375326071185242, False, 'best']
['sbtb', 202562212, 'impression', '7', 240920188L, datetime.datetime(2013, 5, 21, 19, 42, 45), 0.0488471511386443, False, 'best']
['sbtb', 202562212, 'impression', '2', 240924892L, datetime.datetime(2013, 5, 21, 19, 42, 51), 0.0848138488307753, True, 'best']
['sbtb', 202562212, 'view_full_application_via_name', '5', 240905796L, datetime.datetime(2013, 5, 21, 19, 42, 59), 0.0622770536131655, False, 'best']
['sbtb', 202562212, 'impression', '13', 240900831L, datetime.datetime(2013, 5, 21, 19, 43, 35), 0.0356871778606422, False, 'best']
['sbtb', 202562212, 'impression', '16', 240894704L, datetime.datetime(2013, 5, 21, 19, 43, 35), 0.0320804221079822, False, 'best']
['sbtb', 202562212, 'impression', '12', 240895070L, datetime.datetime(2013, 5, 21, 19, 43, 35), 0.0367507767260196, False, 'best']
['sbtb', 202562212, 'impression', '1', 240911312L, datetime.datetime(2013, 5, 21, 19, 43, 35), 0.816943118239462, False, 'best']
['sbtb', 202562212, 'impression', '11', 240897383L, datetime.datetime(2013, 5, 21, 19, 43, 35), 0.0375326071185242, False, 'best']
['sbtb', 202562212, 'impression', '5', 240915963L, datetime.datetime(2013, 5, 21, 19, 43, 35), 0.0506895411082376, False, 'best']
['sbtb', 202562212, 'impression', '3', 240896264L, datetime.datetime(2013, 5, 21, 19, 43, 35), 0.073307236271323, False, 'best']
['sbtb', 202562212, 'impression', '2', 240924892L, datetime.datetime(2013, 5, 21, 19, 43, 35), 0.0848138488307753, True, 'best']
['sbtb', 202562212, 'impression', '7', 240915118L, datetime.datetime(2013, 5, 21, 19, 43, 35), 0.0460656510656627, False, 'best']
['sbtb', 202562212, 'impression', '9', 240895843L, datetime.datetime(2013, 5, 21, 19, 43, 35), 0.0410939241513044, False, 'best']
['sbtb', 202562212, 'impression', '19', 240905258L, datetime.datetime(2013, 5, 21, 19, 43, 35), 0.0291664144454763, False, 'best']
['sbtb', 202562212, 'impression', '17', 240895688L, datetime.datetime(2013, 5, 21, 19, 43, 35), 0.0307007592902782, False, 'best']
['sbtb', 202562212, 'impression', '8', 240896561L, datetime.datetime(2013, 5, 21, 19, 43, 35), 0.0414522543677081, False, 'best']
['sbtb', 202562212, 'impression', '20', 240894766L, datetime.datetime(2013, 5, 21, 19, 43, 35), 0.0285050588724694, False, 'best']
['sbtb', 202562212, 'impression', '4', 240904556L, datetime.datetime(2013, 5, 21, 19, 43, 35), 0.0717901156351259, False, 'best']
['sbtb', 202562212, 'impression', '10', 240895906L, datetime.datetime(2013, 5, 21, 19, 43, 35), 0.0400118846971314, False, 'best']
['sbtb', 202562212, 'impression', '18', 240896484L, datetime.datetime(2013, 5, 21, 19, 43, 35), 0.0297719313611268, False, 'best']
['sbtb', 202562212, 'impression', '6', 240920188L, datetime.datetime(2013, 5, 21, 19, 43, 35), 0.0488471511386443, False, 'best']
['sbtb', 202562212, 'impression', '15', 240899192L, datetime.datetime(2013, 5, 21, 19, 43, 35), 0.0324098719324536, False, 'best']
['sbtb', 202562212, 'impression', '14', 240896052L, datetime.datetime(2013, 5, 21, 19, 43, 35), 0.0353875415031731, False, 'best']
['sbtb', 202562212, 'view_full_application_via_name', '5', 240915963L, datetime.datetime(2013, 5, 21, 19, 43, 42), 0.0506895411082376, False, 'best']
['sbtb', 202562212, 'impression', '13', 240900831L, datetime.datetime(2013, 5, 21, 19, 45, 3), 0.0356871778606422, False, 'best']
['sbtb', 202562212, 'impression', '14', 240896052L, datetime.datetime(2013, 5, 21, 19, 45, 3), 0.0353875415031731, False, 'best']
['sbtb', 202562212, 'impression', '15', 240899192L, datetime.datetime(2013, 5, 21, 19, 45, 3), 0.0324098719324536, False, 'best']
['sbtb', 202562212, 'impression', '10', 240895906L, datetime.datetime(2013, 5, 21, 19, 45, 3), 0.0400118846971314, False, 'best']
['sbtb', 202562212, 'impression', '20', 240894766L, datetime.datetime(2013, 5, 21, 19, 45, 3), 0.0285050588724694, False, 'best']
['sbtb', 202562212, 'impression', '8', 240896561L, datetime.datetime(2013, 5, 21, 19, 45, 3), 0.0414522543677081, False, 'best']
['sbtb', 202562212, 'impression', '4', 240904556L, datetime.datetime(2013, 5, 21, 19, 45, 3), 0.0717901156351259, False, 'best']
['sbtb', 202562212, 'impression', '18', 240896484L, datetime.datetime(2013, 5, 21, 19, 45, 3), 0.0297719313611268, False, 'best']
['sbtb', 202562212, 'impression', '19', 240905258L, datetime.datetime(2013, 5, 21, 19, 45, 3), 0.0291664144454763, False, 'best']
['sbtb', 202562212, 'impression', '17', 240895688L, datetime.datetime(2013, 5, 21, 19, 45, 3), 0.0307007592902782, False, 'best']
['sbtb', 202562212, 'impression', '9', 240895843L, datetime.datetime(2013, 5, 21, 19, 45, 3), 0.0410939241513044, False, 'best']
['sbtb', 202562212, 'impression', '1', 240911312L, datetime.datetime(2013, 5, 21, 19, 45, 3), 0.816943118239462, False, 'best']
['sbtb', 202562212, 'impression', '16', 240894704L, datetime.datetime(2013, 5, 21, 19, 45, 3), 0.0320804221079822, False, 'best']
['sbtb', 202562212, 'impression', '12', 240895070L, datetime.datetime(2013, 5, 21, 19, 45, 3), 0.0367507767260196, False, 'best']
['sbtb', 202562212, 'impression', '3', 240896264L, datetime.datetime(2013, 5, 21, 19, 45, 3), 0.073307236271323, False, 'best']
['sbtb', 202562212, 'impression', '7', 240915118L, datetime.datetime(2013, 5, 21, 19, 45, 3), 0.0460656510656627, False, 'best']
['sbtb', 202562212, 'impression', '2', 240924892L, datetime.datetime(2013, 5, 21, 19, 45, 3), 0.0848138488307753, True, 'best']
['sbtb', 202562212, 'impression', '5', 240915963L, datetime.datetime(2013, 5, 21, 19, 45, 3), 0.0506895411082376, False, 'best']
['sbtb', 202562212, 'impression', '11', 240897383L, datetime.datetime(2013, 5, 21, 19, 45, 3), 0.0375326071185242, False, 'best']
['sbtb', 202562212, 'impression', '6', 240920188L, datetime.datetime(2013, 5, 21, 19, 45, 3), 0.0488471511386443, False, 'best']
['sbtb', 202562212, 'view_full_application_via_name', '6', 240920188L, datetime.datetime(2013, 5, 21, 19, 45, 7), 0.0488471511386443, False, 'best']
['sbtb', 202562212, 'impression', '10', 240897383L, datetime.datetime(2013, 5, 21, 19, 47, 13), 0.0375326071185242, False, 'best']
['sbtb', 202562212, 'impression', '3', 240896264L, datetime.datetime(2013, 5, 21, 19, 47, 13), 0.073307236271323, False, 'best']
['sbtb', 202562212, 'impression', '20', 240899444L, datetime.datetime(2013, 5, 21, 19, 47, 13), 0.0269931828308419, False, 'best']
['sbtb', 202562212, 'impression', '2', 240924892L, datetime.datetime(2013, 5, 21, 19, 47, 13), 0.0848138488307753, True, 'best']
['sbtb', 202562212, 'impression', '6', 240915118L, datetime.datetime(2013, 5, 21, 19, 47, 13), 0.0460656510656627, False, 'best']
['sbtb', 202562212, 'impression', '5', 240915963L, datetime.datetime(2013, 5, 21, 19, 47, 13), 0.0506895411082376, False, 'best']
['sbtb', 202562212, 'impression', '16', 240895688L, datetime.datetime(2013, 5, 21, 19, 47, 13), 0.0307007592902782, False, 'best']
['sbtb', 202562212, 'impression', '18', 240905258L, datetime.datetime(2013, 5, 21, 19, 47, 13), 0.0291664144454763, False, 'best']
['sbtb', 202562212, 'impression', '8', 240895843L, datetime.datetime(2013, 5, 21, 19, 47, 13), 0.0410939241513044, False, 'best']
['sbtb', 202562212, 'impression', '13', 240896052L, datetime.datetime(2013, 5, 21, 19, 47, 13), 0.0353875415031731, False, 'best']
['sbtb', 202562212, 'impression', '14', 240899192L, datetime.datetime(2013, 5, 21, 19, 47, 13), 0.0324098719324536, False, 'best']
['sbtb', 202562212, 'impression', '7', 240896561L, datetime.datetime(2013, 5, 21, 19, 47, 13), 0.0414522543677081, False, 'best']
['sbtb', 202562212, 'impression', '9', 240895906L, datetime.datetime(2013, 5, 21, 19, 47, 13), 0.0400118846971314, False, 'best']
['sbtb', 202562212, 'impression', '4', 240904556L, datetime.datetime(2013, 5, 21, 19, 47, 13), 0.0717901156351259, False, 'best']
['sbtb', 202562212, 'impression', '17', 240896484L, datetime.datetime(2013, 5, 21, 19, 47, 13), 0.0297719313611268, False, 'best']
['sbtb', 202562212, 'impression', '19', 240894766L, datetime.datetime(2013, 5, 21, 19, 47, 13), 0.0285050588724694, False, 'best']
['sbtb', 202562212, 'impression', '12', 240900831L, datetime.datetime(2013, 5, 21, 19, 47, 13), 0.0356871778606422, False, 'best']
['sbtb', 202562212, 'impression', '15', 240894704L, datetime.datetime(2013, 5, 21, 19, 47, 13), 0.0320804221079822, False, 'best']
['sbtb', 202562212, 'impression', '1', 240911312L, datetime.datetime(2013, 5, 21, 19, 47, 13), 0.816943118239462, False, 'best']
['sbtb', 202562212, 'impression', '11', 240895070L, datetime.datetime(2013, 5, 21, 19, 47, 13), 0.0367507767260196, False, 'best']
['sbtb', 202562212, 'view_full_application_via_name', '6', 240915118L, datetime.datetime(2013, 5, 21, 19, 47, 16), 0.0460656510656627, False, 'best']
['sbtb', 202562212, 'impression', '3', 240896264L, datetime.datetime(2013, 5, 21, 19, 51, 45), 0.073307236271323, False, 'best']
['sbtb', 202562212, 'impression', '2', 240924892L, datetime.datetime(2013, 5, 21, 19, 51, 45), 0.0848138488307753, True, 'best']
['sbtb', 202562212, 'impression', '5', 240915963L, datetime.datetime(2013, 5, 21, 19, 51, 45), 0.0506895411082376, False, 'best']
['sbtb', 202562212, 'impression', '20', 240899444L, datetime.datetime(2013, 5, 21, 19, 51, 45), 0.0269931828308419, False, 'best']
['sbtb', 202562212, 'impression', '3', 240896264L, datetime.datetime(2013, 5, 21, 19, 51, 45), 0.073307236271323, False, 'best']
['sbtb', 202562212, 'impression', '6', 240915118L, datetime.datetime(2013, 5, 21, 19, 51, 45), 0.0460656510656627, False, 'best']
['sbtb', 202562212, 'impression', '15', 240894704L, datetime.datetime(2013, 5, 21, 19, 51, 45), 0.0320804221079822, False, 'best']
['sbtb', 202562212, 'impression', '1', 240911312L, datetime.datetime(2013, 5, 21, 19, 51, 45), 0.816943118239462, False, 'best']
['sbtb', 202562212, 'impression', '11', 240895070L, datetime.datetime(2013, 5, 21, 19, 51, 45), 0.0367507767260196, False, 'best']
['sbtb', 202562212, 'impression', '9', 240895906L, datetime.datetime(2013, 5, 21, 19, 51, 45), 0.0400118846971314, False, 'best']
['sbtb', 202562212, 'impression', '7', 240896561L, datetime.datetime(2013, 5, 21, 19, 51, 45), 0.0414522543677081, False, 'best']
['sbtb', 202562212, 'impression', '17', 240896484L, datetime.datetime(2013, 5, 21, 19, 51, 45), 0.0297719313611268, False, 'best']
['sbtb', 202562212, 'impression', '19', 240894766L, datetime.datetime(2013, 5, 21, 19, 51, 45), 0.0285050588724694, False, 'best']
['sbtb', 202562212, 'impression', '4', 240904556L, datetime.datetime(2013, 5, 21, 19, 51, 45), 0.0717901156351259, False, 'best']
['sbtb', 202562212, 'impression', '13', 240896052L, datetime.datetime(2013, 5, 21, 19, 51, 45), 0.0353875415031731, False, 'best']
['sbtb', 202562212, 'impression', '14', 240899192L, datetime.datetime(2013, 5, 21, 19, 51, 45), 0.0324098719324536, False, 'best']
['sbtb', 202562212, 'impression', '12', 240900831L, datetime.datetime(2013, 5, 21, 19, 51, 45), 0.0356871778606422, False, 'best']
['sbtb', 202562212, 'impression', '8', 240895843L, datetime.datetime(2013, 5, 21, 19, 51, 45), 0.0410939241513044, False, 'best']
['sbtb', 202562212, 'impression', '16', 240895688L, datetime.datetime(2013, 5, 21, 19, 51, 45), 0.0307007592902782, False, 'best']
['sbtb', 202562212, 'impression', '18', 240905258L, datetime.datetime(2013, 5, 21, 19, 51, 45), 0.0291664144454763, False, 'best']
['sbtb', 202562212, 'impression', '10', 240897383L, datetime.datetime(2013, 5, 21, 19, 51, 45), 0.0375326071185242, False, 'best']
['sbtb', 202562212, 'impression', '1', 240911312L, datetime.datetime(2013, 5, 21, 19, 58, 12), 0.816943118239462, False, 'best']
['sbtb', 202562212, 'impression', '11', 240895070L, datetime.datetime(2013, 5, 21, 19, 58, 12), 0.0367507767260196, False, 'best']
['sbtb', 202562212, 'impression', '12', 240900831L, datetime.datetime(2013, 5, 21, 19, 58, 12), 0.0356871778606422, False, 'best']
['sbtb', 202562212, 'impression', '17', 240897245L, datetime.datetime(2013, 5, 21, 19, 58, 12), 0.0157779504592569, False, 'best']
['sbtb', 202562212, 'impression', '6', 240915118L, datetime.datetime(2013, 5, 21, 19, 58, 12), 0.0460656510656627, False, 'best']
['sbtb', 202562212, 'impression', '3', 240896264L, datetime.datetime(2013, 5, 21, 19, 58, 12), 0.073307236271323, False, 'best']
['sbtb', 202562212, 'impression', '2', 240924892L, datetime.datetime(2013, 5, 21, 19, 58, 12), 0.0848138488307753, True, 'best']
['sbtb', 202562212, 'impression', '14', 240894589L, datetime.datetime(2013, 5, 21, 19, 58, 12), 0.0235126786838001, False, 'best']
['sbtb', 202562212, 'impression', '5', 240915963L, datetime.datetime(2013, 5, 21, 19, 58, 12), 0.0506895411082376, False, 'best']
['sbtb', 202562212, 'impression', '16', 240922202L, datetime.datetime(2013, 5, 21, 19, 58, 12), 0.0188698289358632, False, 'best']
['sbtb', 202562212, 'impression', '15', 240900476L, datetime.datetime(2013, 5, 21, 19, 58, 12), 0.0204318252768461, False, 'best']
['sbtb', 202562212, 'impression', '7', 240896561L, datetime.datetime(2013, 5, 21, 19, 58, 12), 0.0414522543677081, False, 'best']
['sbtb', 202562212, 'impression', '18', 240895661L, datetime.datetime(2013, 5, 21, 19, 58, 12), 0.0114158336914751, False, 'best']
['sbtb', 202562212, 'impression', '4', 240904556L, datetime.datetime(2013, 5, 21, 19, 58, 12), 0.0717901156351259, False, 'best']
['sbtb', 202562212, 'impression', '9', 240895906L, datetime.datetime(2013, 5, 21, 19, 58, 12), 0.0400118846971314, False, 'best']
['sbtb', 202562212, 'impression', '20', 240897552L, datetime.datetime(2013, 5, 21, 19, 58, 12), 0.0330474580841558, False, 'best']
['sbtb', 202562212, 'impression', '8', 240895843L, datetime.datetime(2013, 5, 21, 19, 58, 12), 0.0410939241513044, False, 'best']
['sbtb', 202562212, 'impression', '13', 240896052L, datetime.datetime(2013, 5, 21, 19, 58, 12), 0.0353875415031731, False, 'best']
['sbtb', 202562212, 'impression', '19', 240898331L, datetime.datetime(2013, 5, 21, 19, 58, 12), 0.0107832689899206, False, 'best']
['sbtb', 202562212, 'impression', '10', 240897383L, datetime.datetime(2013, 5, 21, 19, 58, 12), 0.0375326071185242, False, 'best']
['sbtb', 202562212, 'view_full_application_via_name', '20', 240897552L, datetime.datetime(2013, 5, 21, 19, 58, 24), 0.0330474580841558, False, 'best']
['sbtb', 202562212, 'impression', '17', 240897245L, datetime.datetime(2013, 5, 21, 19, 58, 59), 0.0157779504592569, False, 'best']
['sbtb', 202562212, 'impression', '12', 240900831L, datetime.datetime(2013, 5, 21, 19, 58, 59), 0.0356871778606422, False, 'best']
['sbtb', 202562212, 'impression', '13', 240896052L, datetime.datetime(2013, 5, 21, 19, 58, 59), 0.0353875415031731, False, 'best']
['sbtb', 202562212, 'impression', '8', 240895843L, datetime.datetime(2013, 5, 21, 19, 58, 59), 0.0410939241513044, False, 'best']
['sbtb', 202562212, 'impression', '15', 240900476L, datetime.datetime(2013, 5, 21, 19, 58, 59), 0.0204318252768461, False, 'best']
['sbtb', 202562212, 'impression', '18', 240895661L, datetime.datetime(2013, 5, 21, 19, 58, 59), 0.0114158336914751, False, 'best']
['sbtb', 202562212, 'impression', '7', 240896561L, datetime.datetime(2013, 5, 21, 19, 58, 59), 0.0414522543677081, False, 'best']
['sbtb', 202562212, 'impression', '9', 240895906L, datetime.datetime(2013, 5, 21, 19, 58, 59), 0.0400118846971314, False, 'best']
['sbtb', 202562212, 'impression', '4', 240904556L, datetime.datetime(2013, 5, 21, 19, 58, 59), 0.0717901156351259, False, 'best']
['sbtb', 202562212, 'impression', '10', 240897383L, datetime.datetime(2013, 5, 21, 19, 58, 59), 0.0375326071185242, False, 'best']
['sbtb', 202562212, 'impression', '19', 240898331L, datetime.datetime(2013, 5, 21, 19, 58, 59), 0.0107832689899206, False, 'best']
['sbtb', 202562212, 'impression', '14', 240894589L, datetime.datetime(2013, 5, 21, 19, 58, 59), 0.0235126786838001, False, 'best']
['sbtb', 202562212, 'impression', '5', 240915963L, datetime.datetime(2013, 5, 21, 19, 58, 59), 0.0506895411082376, False, 'best']
['sbtb', 202562212, 'impression', '2', 240924892L, datetime.datetime(2013, 5, 21, 19, 58, 59), 0.0848138488307753, True, 'best']
['sbtb', 202562212, 'impression', '3', 240896264L, datetime.datetime(2013, 5, 21, 19, 58, 59), 0.073307236271323, False, 'best']
['sbtb', 202562212, 'impression', '16', 240922202L, datetime.datetime(2013, 5, 21, 19, 58, 59), 0.0188698289358632, False, 'best']
['sbtb', 202562212, 'impression', '6', 240915118L, datetime.datetime(2013, 5, 21, 19, 58, 59), 0.0460656510656627, False, 'best']
['sbtb', 202562212, 'impression', '20', 240898147L, datetime.datetime(2013, 5, 21, 19, 58, 59), 0.0172017475786437, False, 'best']
['sbtb', 202562212, 'impression', '11', 240895070L, datetime.datetime(2013, 5, 21, 19, 58, 59), 0.0367507767260196, False, 'best']
['sbtb', 202562212, 'impression', '1', 240911312L, datetime.datetime(2013, 5, 21, 19, 58, 59), 0.816943118239462, False, 'best']
['sbtb', 202562212, 'view_full_application_via_name', '7', 240896561L, datetime.datetime(2013, 5, 21, 19, 59, 2), 0.0414522543677081, False, 'best']
['sbtb', 202562212, 'impression', '8', 240900476L, datetime.datetime(2013, 5, 21, 20, 4, 18), 0.0204318252768461, False, 'best']
['sbtb', 202562212, 'impression', '11', 240895661L, datetime.datetime(2013, 5, 21, 20, 4, 18), 0.0114158336914751, False, 'best']
['sbtb', 202562212, 'impression', '4', 240904556L, datetime.datetime(2013, 5, 21, 20, 4, 18), 0.0717901156351259, False, 'best']
['sbtb', 202562212, 'impression', '12', 240898331L, datetime.datetime(2013, 5, 21, 20, 4, 18), 0.0107832689899206, False, 'best']
['sbtb', 202562212, 'impression', '2', 240924892L, datetime.datetime(2013, 5, 21, 20, 4, 18), 0.0848138488307753, True, 'best']
['sbtb', 202562212, 'impression', '13', 240898147L, datetime.datetime(2013, 5, 21, 20, 4, 18), 0.0172017475786437, False, 'best']
['sbtb', 202562212, 'impression', '3', 240896264L, datetime.datetime(2013, 5, 21, 20, 4, 18), 0.073307236271323, False, 'best']
['sbtb', 202562212, 'impression', '7', 240894589L, datetime.datetime(2013, 5, 21, 20, 4, 18), 0.0235126786838001, False, 'best']
['sbtb', 202562212, 'impression', '6', 240915118L, datetime.datetime(2013, 5, 21, 20, 4, 18), 0.0460656510656627, False, 'best']
['sbtb', 202562212, 'impression', '5', 240915963L, datetime.datetime(2013, 5, 21, 20, 4, 18), 0.0506895411082376, False, 'best']
['sbtb', 202562212, 'impression', '9', 240922202L, datetime.datetime(2013, 5, 21, 20, 4, 18), 0.0188698289358632, False, 'best']
['sbtb', 202562212, 'impression', '1', 240911312L, datetime.datetime(2013, 5, 21, 20, 4, 18), 0.816943118239462, False, 'best']
['sbtb', 202562212, 'impression', '10', 240897245L, datetime.datetime(2013, 5, 21, 20, 4, 18), 0.0157779504592569, False, 'best']
['sbtb', 202562212, 'view_full_application_via_name', '13', 240898147L, datetime.datetime(2013, 5, 21, 20, 4, 24), 0.0172017475786437, False, 'best']
['sbtb', 202562212, 'impression', '7', 240894589L, datetime.datetime(2013, 5, 21, 20, 8, 2), 0.0235126786838001, False, 'best']
['sbtb', 202562212, 'impression', '5', 240915963L, datetime.datetime(2013, 5, 21, 20, 8, 2), 0.0506895411082376, False, 'best']
['sbtb', 202562212, 'impression', '3', 240896264L, datetime.datetime(2013, 5, 21, 20, 8, 2), 0.073307236271323, False, 'best']
['sbtb', 202562212, 'impression', '6', 240915118L, datetime.datetime(2013, 5, 21, 20, 8, 2), 0.0460656510656627, False, 'best']
['sbtb', 202562212, 'impression', '2', 240924892L, datetime.datetime(2013, 5, 21, 20, 8, 2), 0.0848138488307753, True, 'best']
['sbtb', 202562212, 'impression', '1', 240911312L, datetime.datetime(2013, 5, 21, 20, 8, 2), 0.816943118239462, False, 'best']
['sbtb', 202562212, 'impression', '4', 240904556L, datetime.datetime(2013, 5, 21, 20, 8, 2), 0.0717901156351259, False, 'best']
['sbtb', 202562212, 'impression', '1', 240911312L, datetime.datetime(2013, 5, 21, 20, 19, 39), 0.816943118239462, False, 'best']
['sbtb', 202562212, 'impression', '2', 240924892L, datetime.datetime(2013, 5, 21, 20, 19, 39), 0.0848138488307753, True, 'best']
['sbtb', 202562212, 'impression', '5', 240915963L, datetime.datetime(2013, 5, 21, 20, 19, 39), 0.0506895411082376, False, 'best']
['sbtb', 202562212, 'impression', '6', 240915118L, datetime.datetime(2013, 5, 21, 20, 19, 39), 0.0460656510656627, False, 'best']
['sbtb', 202562212, 'impression', '7', 240894589L, datetime.datetime(2013, 5, 21, 20, 19, 39), 0.0235126786838001, False, 'best']
['sbtb', 202562212, 'impression', '3', 240896264L, datetime.datetime(2013, 5, 21, 20, 19, 39), 0.073307236271323, False, 'best']
['sbtb', 202562212, 'impression', '4', 240904556L, datetime.datetime(2013, 5, 21, 20, 19, 39), 0.0717901156351259, False, 'best']
['sbtb', 202562212, 'impression', '8', 240900476L, datetime.datetime(2013, 5, 21, 20, 19, 39), 0.0204318252768461, False, 'best']
['sbtb', 202562212, 'impression', '3', 240896264L, datetime.datetime(2013, 5, 21, 20, 22, 35), 0.073307236271323, False, 'best']
['sbtb', 202562212, 'impression', '2', 240924892L, datetime.datetime(2013, 5, 21, 20, 22, 35), 0.0848138488307753, True, 'best']
['sbtb', 202562212, 'impression', '5', 240915963L, datetime.datetime(2013, 5, 21, 20, 22, 35), 0.0506895411082376, False, 'best']
['sbtb', 202562212, 'impression', '6', 240915118L, datetime.datetime(2013, 5, 21, 20, 22, 35), 0.0460656510656627, False, 'best']
['sbtb', 202562212, 'impression', '7', 240894589L, datetime.datetime(2013, 5, 21, 20, 22, 35), 0.0235126786838001, False, 'best']
['sbtb', 202562212, 'impression', '8', 240900476L, datetime.datetime(2013, 5, 21, 20, 22, 35), 0.0204318252768461, False, 'best']
['sbtb', 202562212, 'impression', '4', 240904556L, datetime.datetime(2013, 5, 21, 20, 22, 35), 0.0717901156351259, False, 'best']
['sbtb', 202562212, 'impression', '1', 240911312L, datetime.datetime(2013, 5, 21, 20, 22, 35), 0.816943118239462, False, 'best']
['sbtb', 202562212, 'view_full_application_via_name', '8', 240900476L, datetime.datetime(2013, 5, 21, 20, 22, 38), 0.0204318252768461, False, 'best']
['sbtb', 202562212, 'impression', '1', 240911312L, datetime.datetime(2013, 5, 21, 20, 23, 3), 0.816943118239462, False, 'best']
['sbtb', 202562212, 'impression', '8', 240900476L, datetime.datetime(2013, 5, 21, 20, 23, 3), 0.0204318252768461, False, 'best']
['sbtb', 202562212, 'impression', '4', 240904556L, datetime.datetime(2013, 5, 21, 20, 23, 3), 0.0717901156351259, False, 'best']
['sbtb', 202562212, 'impression', '6', 240915118L, datetime.datetime(2013, 5, 21, 20, 23, 3), 0.0460656510656627, False, 'best']
['sbtb', 202562212, 'impression', '3', 240896264L, datetime.datetime(2013, 5, 21, 20, 23, 3), 0.073307236271323, False, 'best']
['sbtb', 202562212, 'impression', '2', 240924892L, datetime.datetime(2013, 5, 21, 20, 23, 3), 0.0848138488307753, True, 'best']
['sbtb', 202562212, 'impression', '7', 240894589L, datetime.datetime(2013, 5, 21, 20, 23, 3), 0.0235126786838001, False, 'best']
['sbtb', 202562212, 'impression', '5', 240915963L, datetime.datetime(2013, 5, 21, 20, 23, 3), 0.0506895411082376, False, 'best']
['sbtb', 202562212, 'impression', '3', 240896264L, datetime.datetime(2013, 5, 21, 20, 30, 1), 0.073307236271323, False, 'best']
['sbtb', 202562212, 'impression', '7', 240894589L, datetime.datetime(2013, 5, 21, 20, 30, 1), 0.0235126786838001, False, 'best']
['sbtb', 202562212, 'impression', '2', 240924892L, datetime.datetime(2013, 5, 21, 20, 30, 1), 0.0848138488307753, True, 'best']
['sbtb', 202562212, 'impression', '6', 240915118L, datetime.datetime(2013, 5, 21, 20, 30, 1), 0.0460656510656627, False, 'best']
['sbtb', 202562212, 'impression', '5', 240915963L, datetime.datetime(2013, 5, 21, 20, 30, 1), 0.0506895411082376, False, 'best']
['sbtb', 202562212, 'impression', '8', 240900476L, datetime.datetime(2013, 5, 21, 20, 30, 1), 0.0204318252768461, False, 'best']
['sbtb', 202562212, 'impression', '4', 240904556L, datetime.datetime(2013, 5, 21, 20, 30, 1), 0.0717901156351259, False, 'best']
['sbtb', 202562212, 'impression', '1', 240911312L, datetime.datetime(2013, 5, 21, 20, 30, 1), 0.816943118239462, False, 'best']
['sbtb', 202562212, 'view_full_application_via_name', '4', 240904556L, datetime.datetime(2013, 5, 21, 20, 30, 2), 0.0717901156351259, False, 'best']
['sbtb', 202562212, 'impression', '8', 240900476L, datetime.datetime(2013, 5, 21, 20, 30, 9), 0.0204318252768461, False, 'best']
['sbtb', 202562212, 'impression', '4', 240904556L, datetime.datetime(2013, 5, 21, 20, 30, 9), 0.0717901156351259, False, 'best']
['sbtb', 202562212, 'impression', '1', 240911312L, datetime.datetime(2013, 5, 21, 20, 30, 9), 0.816943118239462, False, 'best']
['sbtb', 202562212, 'impression', '5', 240915963L, datetime.datetime(2013, 5, 21, 20, 30, 9), 0.0506895411082376, False, 'best']
['sbtb', 202562212, 'impression', '3', 240896264L, datetime.datetime(2013, 5, 21, 20, 30, 9), 0.073307236271323, False, 'best']
['sbtb', 202562212, 'impression', '2', 240924892L, datetime.datetime(2013, 5, 21, 20, 30, 9), 0.0848138488307753, True, 'best']
['sbtb', 202562212, 'impression', '7', 240894589L, datetime.datetime(2013, 5, 21, 20, 30, 9), 0.0235126786838001, False, 'best']
['sbtb', 202562212, 'impression', '6', 240915118L, datetime.datetime(2013, 5, 21, 20, 30, 9), 0.0460656510656627, False, 'best']
['sbtb', 202562212, 'view_full_application_via_name', '4', 240904556L, datetime.datetime(2013, 5, 21, 20, 30, 18), 0.0717901156351259, False, 'best']

['sbtb', 202562212, 'impression', '1', 240911312L, datetime.datetime(2013, 5, 21, 21, 14, 4), 0.816943118239462, False, 'best']
['sbtb', 202562212, 'impression', '7', 240894589L, datetime.datetime(2013, 5, 21, 21, 14, 4), 0.0235126786838001, False, 'best']
['sbtb', 202562212, 'impression', '2', 240924892L, datetime.datetime(2013, 5, 21, 21, 14, 4), 0.0848138488307753, True, 'best']
['sbtb', 202562212, 'impression', '3', 240896264L, datetime.datetime(2013, 5, 21, 21, 14, 4), 0.073307236271323, False, 'best']
['sbtb', 202562212, 'impression', '5', 240915963L, datetime.datetime(2013, 5, 21, 21, 14, 4), 0.0506895411082376, False, 'best']
['sbtb', 202562212, 'impression', '6', 240915118L, datetime.datetime(2013, 5, 21, 21, 14, 4), 0.0460656510656627, False, 'best']
['sbtb', 202562212, 'impression', '4', 240904556L, datetime.datetime(2013, 5, 21, 21, 14, 4), 0.0717901156351259, False, 'best']

['sbtb', 202562212, 'impression', '1', 240911312L, datetime.datetime(2013, 5, 21, 21, 44, 24), 0.816943118239462, False, 'best']
['sbtb', 202562212, 'impression', '5', 240904556L, datetime.datetime(2013, 5, 21, 21, 44, 24), 0.0717901156351259, False, 'best']
['sbtb', 202562212, 'impression', '4', 240896264L, datetime.datetime(2013, 5, 21, 21, 44, 24), 0.073307236271323, False, 'best']
['sbtb', 202562212, 'impression', '6', 240915963L, datetime.datetime(2013, 5, 21, 21, 44, 24), 0.0506895411082376, False, 'best']
['sbtb', 202562212, 'impression', '8', 240894589L, datetime.datetime(2013, 5, 21, 21, 44, 24), 0.0235126786838001, False, 'best']
['sbtb', 202562212, 'impression', '3', 240924892L, datetime.datetime(2013, 5, 21, 21, 44, 24), 0.0848138488307753, True, 'best']
['sbtb', 202562212, 'impression', '7', 240915118L, datetime.datetime(2013, 5, 21, 21, 44, 24), 0.0460656510656627, False, 'best']
['sbtb', 202562212, 'impression', '2', 240962568L, datetime.datetime(2013, 5, 21, 21, 44, 24), 0.0949858929862236, False, 'best']
['sbtb', 202562212, 'view_full_application_via_name', '2', 240962568L, datetime.datetime(2013, 5, 21, 21, 44, 26), 0.0949858929862236, False, 'best']
['sbtb', 202562212, 'impression', '3', 240896264L, datetime.datetime(2013, 5, 21, 21, 45, 57), 0.073307236271323, False, 'best']
['sbtb', 202562212, 'impression', '5', 240915963L, datetime.datetime(2013, 5, 21, 21, 45, 57), 0.0506895411082376, False, 'best']
['sbtb', 202562212, 'impression', '6', 240915118L, datetime.datetime(2013, 5, 21, 21, 45, 57), 0.0460656510656627, False, 'best']
['sbtb', 202562212, 'impression', '7', 240894589L, datetime.datetime(2013, 5, 21, 21, 45, 57), 0.0235126786838001, False, 'best']
['sbtb', 202562212, 'impression', '2', 240924892L, datetime.datetime(2013, 5, 21, 21, 45, 57), 0.0848138488307753, True, 'best']
['sbtb', 202562212, 'impression', '4', 240904556L, datetime.datetime(2013, 5, 21, 21, 45, 57), 0.0717901156351259, False, 'best']
['sbtb', 202562212, 'impression', '1', 240911312L, datetime.datetime(2013, 5, 21, 21, 45, 57), 0.816943118239462, False, 'best']
['sbtb', 202562212, 'view_full_application_via_name', '1', 240911312L, datetime.datetime(2013, 5, 21, 21, 46, 4), 0.816943118239462, False, 'best']
['sbtb', 202562212, 'impression', '4', 240904556L, datetime.datetime(2013, 5, 21, 21, 47, 3), 0.0717901156351259, False, 'best']
['sbtb', 202562212, 'impression', '6', 240915118L, datetime.datetime(2013, 5, 21, 21, 47, 3), 0.0460656510656627, False, 'best']
['sbtb', 202562212, 'impression', '3', 240896264L, datetime.datetime(2013, 5, 21, 21, 47, 3), 0.073307236271323, False, 'best']
['sbtb', 202562212, 'impression', '5', 240915963L, datetime.datetime(2013, 5, 21, 21, 47, 3), 0.0506895411082376, False, 'best']
['sbtb', 202562212, 'impression', '2', 240924892L, datetime.datetime(2013, 5, 21, 21, 47, 3), 0.0848138488307753, True, 'best']
['sbtb', 202562212, 'impression', '7', 240894589L, datetime.datetime(2013, 5, 21, 21, 47, 3), 0.0235126786838001, False, 'best']
['sbtb', 202562212, 'impression', '1', 240911312L, datetime.datetime(2013, 5, 21, 21, 47, 3), 0.816943118239462, False, 'best']

['sbtb', 202562212, 'impression', '4', 240904556L, datetime.datetime(2013, 5, 21, 23, 8, 9), 0.0717901156351259, False, 'best']
['sbtb', 202562212, 'impression', '1', 240911312L, datetime.datetime(2013, 5, 21, 23, 8, 9), 0.816943118239462, False, 'best']
['sbtb', 202562212, 'impression', '6', 240915118L, datetime.datetime(2013, 5, 21, 23, 8, 9), 0.0460656510656627, False, 'best']
['sbtb', 202562212, 'impression', '7', 240894589L, datetime.datetime(2013, 5, 21, 23, 8, 9), 0.0235126786838001, False, 'best']
['sbtb', 202562212, 'impression', '2', 240924892L, datetime.datetime(2013, 5, 21, 23, 8, 9), 0.0848138488307753, True, 'best']
['sbtb', 202562212, 'impression', '3', 240896264L, datetime.datetime(2013, 5, 21, 23, 8, 9), 0.073307236271323, False, 'best']
['sbtb', 202562212, 'impression', '5', 240915963L, datetime.datetime(2013, 5, 21, 23, 8, 9), 0.0506895411082376, False, 'best']
['sbtb', 202562212, 'impression', '1', 240911312L, datetime.datetime(2013, 5, 21, 23, 12, 44), 0.816943118239462, False, 'best']
['sbtb', 202562212, 'impression', '6', 240915118L, datetime.datetime(2013, 5, 21, 23, 12, 44), 0.0460656510656627, False, 'best']
['sbtb', 202562212, 'impression', '5', 240915963L, datetime.datetime(2013, 5, 21, 23, 12, 44), 0.0506895411082376, False, 'best']
['sbtb', 202562212, 'impression', '7', 240894589L, datetime.datetime(2013, 5, 21, 23, 12, 44), 0.0235126786838001, False, 'best']
['sbtb', 202562212, 'impression', '2', 240924892L, datetime.datetime(2013, 5, 21, 23, 12, 44), 0.0848138488307753, True, 'best']
['sbtb', 202562212, 'impression', '3', 240896264L, datetime.datetime(2013, 5, 21, 23, 12, 44), 0.073307236271323, False, 'best']
['sbtb', 202562212, 'impression', '4', 240904556L, datetime.datetime(2013, 5, 21, 23, 12, 44), 0.0717901156351259, False, 'best']
['sbtb', 202562212, 'impression', '2', 240924892L, datetime.datetime(2013, 5, 21, 23, 17, 40), 0.0848138488307753, True, 'best']
['sbtb', 202562212, 'impression', '6', 240915118L, datetime.datetime(2013, 5, 21, 23, 17, 40), 0.0460656510656627, False, 'best']
['sbtb', 202562212, 'impression', '7', 240894589L, datetime.datetime(2013, 5, 21, 23, 17, 40), 0.0235126786838001, False, 'best']
['sbtb', 202562212, 'impression', '5', 240915963L, datetime.datetime(2013, 5, 21, 23, 17, 40), 0.0506895411082376, False, 'best']
['sbtb', 202562212, 'impression', '3', 240896264L, datetime.datetime(2013, 5, 21, 23, 17, 40), 0.073307236271323, False, 'best']
['sbtb', 202562212, 'impression', '1', 240911312L, datetime.datetime(2013, 5, 21, 23, 17, 40), 0.816943118239462, False, 'best']
['sbtb', 202562212, 'impression', '4', 240904556L, datetime.datetime(2013, 5, 21, 23, 17, 40), 0.0717901156351259, False, 'best']
['sbtb', 202562212, 'view_full_application_via_name', '5', 240915963L, datetime.datetime(2013, 5, 21, 23, 17, 47), 0.0506895411082376, False, 'best']
['sbtb', 202562212, 'impression', '7', 240894589L, datetime.datetime(2013, 5, 21, 23, 18, 37), 0.0235126786838001, False, 'best']
['sbtb', 202562212, 'impression', '5', 240915963L, datetime.datetime(2013, 5, 21, 23, 18, 37), 0.0506895411082376, False, 'best']
['sbtb', 202562212, 'impression', '2', 240924892L, datetime.datetime(2013, 5, 21, 23, 18, 37), 0.0848138488307753, True, 'best']
['sbtb', 202562212, 'impression', '3', 240896264L, datetime.datetime(2013, 5, 21, 23, 18, 37), 0.073307236271323, False, 'best']
['sbtb', 202562212, 'impression', '6', 240915118L, datetime.datetime(2013, 5, 21, 23, 18, 37), 0.0460656510656627, False, 'best']
['sbtb', 202562212, 'impression', '1', 240911312L, datetime.datetime(2013, 5, 21, 23, 18, 37), 0.816943118239462, False, 'best']
['sbtb', 202562212, 'impression', '4', 240904556L, datetime.datetime(2013, 5, 21, 23, 18, 37), 0.0717901156351259, False, 'best']
['sbtb', 202562212, 'impression', '3', 240896264L, datetime.datetime(2013, 5, 21, 23, 18, 41), 0.073307236271323, False, 'best']
['sbtb', 202562212, 'impression', '3', 240896264L, datetime.datetime(2013, 5, 21, 23, 18, 42), 0.073307236271323, False, 'best']
['sbtb', 202562212, 'impression', '4', 240904556L, datetime.datetime(2013, 5, 21, 23, 18, 43), 0.0717901156351259, False, 'best']
['sbtb', 202562212, 'impression', '5', 240915963L, datetime.datetime(2013, 5, 21, 23, 18, 44), 0.0506895411082376, False, 'best']
['sbtb', 202562212, 'view_full_application_via_name', '6', 240915118L, datetime.datetime(2013, 5, 21, 23, 18, 48), 0.0460656510656627, False, 'best']
['sbtb', 202562212, 'impression', '2', 240924892L, datetime.datetime(2013, 5, 21, 23, 20, 17), 0.0848138488307753, True, 'best']
['sbtb', 202562212, 'impression', '5', 240915118L, datetime.datetime(2013, 5, 21, 23, 20, 17), 0.0460656510656627, False, 'best']
['sbtb', 202562212, 'impression', '3', 240896264L, datetime.datetime(2013, 5, 21, 23, 20, 17), 0.073307236271323, False, 'best']
['sbtb', 202562212, 'impression', '6', 240894589L, datetime.datetime(2013, 5, 21, 23, 20, 17), 0.0235126786838001, False, 'best']
['sbtb', 202562212, 'impression', '4', 240904556L, datetime.datetime(2013, 5, 21, 23, 20, 17), 0.0717901156351259, False, 'best']
['sbtb', 202562212, 'impression', '1', 240911312L, datetime.datetime(2013, 5, 21, 23, 20, 17), 0.816943118239462, False, 'best']
['sbtb', 202562212, 'view_full_application_via_name', '2', 240924892L, datetime.datetime(2013, 5, 21, 23, 20, 23), 0.0848138488307753, True, 'best']
['sbtb', 202562212, 'impression', '4', 240904556L, datetime.datetime(2013, 5, 21, 23, 29, 20), 0.0717901156351259, False, 'best']
['sbtb', 202562212, 'impression', '1', 240911312L, datetime.datetime(2013, 5, 21, 23, 29, 20), 0.816943118239462, False, 'best']
['sbtb', 202562212, 'impression', '5', 240915118L, datetime.datetime(2013, 5, 21, 23, 29, 20), 0.0460656510656627, False, 'best']
['sbtb', 202562212, 'impression', '6', 240894589L, datetime.datetime(2013, 5, 21, 23, 29, 20), 0.0235126786838001, False, 'best']
['sbtb', 202562212, 'impression', '2', 240924892L, datetime.datetime(2013, 5, 21, 23, 29, 20), 0.0848138488307753, True, 'best']
['sbtb', 202562212, 'impression', '3', 240896264L, datetime.datetime(2013, 5, 21, 23, 29, 20), 0.073307236271323, False, 'best']
['sbtb', 202562212, 'impression', '4', 240904556L, datetime.datetime(2013, 5, 21, 23, 29, 23), 0.0717901156351259, False, 'best']
['sbtb', 202562212, 'impression', '3', 240904556L, datetime.datetime(2013, 5, 21, 23, 29, 29), 0.0717901156351259, False, 'best']
['sbtb', 202562212, 'impression', '4', 240915118L, datetime.datetime(2013, 5, 21, 23, 29, 29), 0.0460656510656627, False, 'best']
['sbtb', 202562212, 'impression', '5', 240894589L, datetime.datetime(2013, 5, 21, 23, 29, 29), 0.0235126786838001, False, 'best']
['sbtb', 202562212, 'impression', '1', 240924892L, datetime.datetime(2013, 5, 21, 23, 29, 29), 0.0848138488307753, True, 'best']
['sbtb', 202562212, 'impression', '2', 240896264L, datetime.datetime(2013, 5, 21, 23, 29, 29), 0.073307236271323, False, 'best']
['sbtb', 202562212, 'impression', '5', 240915118L, datetime.datetime(2013, 5, 21, 23, 29, 32), 0.0460656510656627, False, 'best']
['sbtb', 202562212, 'impression', '2', 240924892L, datetime.datetime(2013, 5, 21, 23, 29, 32), 0.0848138488307753, True, 'best']
['sbtb', 202562212, 'impression', '3', 240896264L, datetime.datetime(2013, 5, 21, 23, 29, 32), 0.073307236271323, False, 'best']
['sbtb', 202562212, 'impression', '6', 240894589L, datetime.datetime(2013, 5, 21, 23, 29, 32), 0.0235126786838001, False, 'best']
['sbtb', 202562212, 'impression', '4', 240904556L, datetime.datetime(2013, 5, 21, 23, 29, 32), 0.0717901156351259, False, 'best']
['sbtb', 202562212, 'impression', '1', 240911312L, datetime.datetime(2013, 5, 21, 23, 29, 32), 0.816943118239462, False, 'best']
['sbtb', 202562212, 'view_full_application_via_name', '3', 240896264L, datetime.datetime(2013, 5, 21, 23, 29, 36), 0.073307236271323, False, 'best']
['sbtb', 202562212, 'impression', '2', 240924892L, datetime.datetime(2013, 5, 21, 23, 30, 3), 0.0848138488307753, True, 'best']
['sbtb', 202562212, 'impression', '3', 240896264L, datetime.datetime(2013, 5, 21, 23, 30, 3), 0.073307236271323, False, 'best']
['sbtb', 202562212, 'impression', '5', 240915118L, datetime.datetime(2013, 5, 21, 23, 30, 3), 0.0460656510656627, False, 'best']
['sbtb', 202562212, 'impression', '6', 240894589L, datetime.datetime(2013, 5, 21, 23, 30, 3), 0.0235126786838001, False, 'best']
['sbtb', 202562212, 'impression', '1', 240911312L, datetime.datetime(2013, 5, 21, 23, 30, 3), 0.816943118239462, False, 'best']
['sbtb', 202562212, 'impression', '4', 240904556L, datetime.datetime(2013, 5, 21, 23, 30, 3), 0.0717901156351259, False, 'best']
['sbtb', 202562212, 'impression', '4', 240904556L, datetime.datetime(2013, 5, 21, 23, 30, 37), 0.0717901156351259, False, 'best']
['sbtb', 202562212, 'impression', '1', 240911312L, datetime.datetime(2013, 5, 21, 23, 30, 37), 0.816943118239462, False, 'best']
['sbtb', 202562212, 'impression', '2', 240924892L, datetime.datetime(2013, 5, 21, 23, 30, 37), 0.0848138488307753, True, 'best']
['sbtb', 202562212, 'impression', '3', 240896264L, datetime.datetime(2013, 5, 21, 23, 30, 37), 0.073307236271323, False, 'best']
['sbtb', 202562212, 'impression', '6', 240894589L, datetime.datetime(2013, 5, 21, 23, 30, 37), 0.0235126786838001, False, 'best']
['sbtb', 202562212, 'impression', '5', 240915118L, datetime.datetime(2013, 5, 21, 23, 30, 37), 0.0460656510656627, False, 'best']
['sbtb', 202562212, 'impression', '1', 240911312L, datetime.datetime(2013, 5, 21, 23, 31, 13), 0.816943118239462, False, 'best']
['sbtb', 202562212, 'impression', '5', 240915118L, datetime.datetime(2013, 5, 21, 23, 31, 13), 0.0460656510656627, False, 'best']
['sbtb', 202562212, 'impression', '2', 240924892L, datetime.datetime(2013, 5, 21, 23, 31, 13), 0.0848138488307753, True, 'best']
['sbtb', 202562212, 'impression', '3', 240896264L, datetime.datetime(2013, 5, 21, 23, 31, 13), 0.073307236271323, False, 'best']
['sbtb', 202562212, 'impression', '6', 240894589L, datetime.datetime(2013, 5, 21, 23, 31, 13), 0.0235126786838001, False, 'best']
['sbtb', 202562212, 'impression', '4', 240904556L, datetime.datetime(2013, 5, 21, 23, 31, 13), 0.0717901156351259, False, 'best']
['sbtb', 202562212, 'expand_tile', '1', 240911312L, datetime.datetime(2013, 5, 21, 23, 31, 15), 0.816943118239462, False, 'best']
['sbtb', 202562212, 'view_full_application_via_name', '1', 240911312L, datetime.datetime(2013, 5, 21, 23, 31, 16), 0.816943118239462, False, 'best']
['sbtb', 202562212, 'impression', '1', 240911312L, datetime.datetime(2013, 5, 21, 23, 35, 49), 0.816943118239462, False, 'best']
['sbtb', 202562212, 'impression', '4', 240904556L, datetime.datetime(2013, 5, 21, 23, 35, 49), 0.0717901156351259, False, 'best']
['sbtb', 202562212, 'impression', '3', 240896264L, datetime.datetime(2013, 5, 21, 23, 35, 49), 0.073307236271323, False, 'best']
['sbtb', 202562212, 'impression', '5', 240915118L, datetime.datetime(2013, 5, 21, 23, 35, 49), 0.0460656510656627, False, 'best']
['sbtb', 202562212, 'impression', '6', 240894589L, datetime.datetime(2013, 5, 21, 23, 35, 49), 0.0235126786838001, False, 'best']
['sbtb', 202562212, 'impression', '2', 240924892L, datetime.datetime(2013, 5, 21, 23, 35, 49), 0.0848138488307753, True, 'best']
['sbtb', 202562212, 'view_full_application_via_name', '4', 240904556L, datetime.datetime(2013, 5, 21, 23, 35, 52), 0.0717901156351259, False, 'best']
['sbtb', 202562212, 'impression', '4', 240904556L, datetime.datetime(2013, 5, 21, 23, 39, 17), 0.0717901156351259, False, 'best']
['sbtb', 202562212, 'impression', '2', 240924892L, datetime.datetime(2013, 5, 21, 23, 39, 17), 0.0848138488307753, True, 'best']
['sbtb', 202562212, 'impression', '6', 240894589L, datetime.datetime(2013, 5, 21, 23, 39, 17), 0.0235126786838001, False, 'best']
['sbtb', 202562212, 'impression', '5', 240915118L, datetime.datetime(2013, 5, 21, 23, 39, 17), 0.0460656510656627, False, 'best']
['sbtb', 202562212, 'impression', '3', 240896264L, datetime.datetime(2013, 5, 21, 23, 39, 17), 0.073307236271323, False, 'best']
['sbtb', 202562212, 'impression', '1', 240911312L, datetime.datetime(2013, 5, 21, 23, 39, 17), 0.816943118239462, False, 'best']
['sbtb', 202562212, 'impression', '3', 240896264L, datetime.datetime(2013, 5, 21, 23, 39, 25), 0.073307236271323, False, 'best']
['sbtb', 202562212, 'impression', '3', 240896264L, datetime.datetime(2013, 5, 21, 23, 39, 25), 0.073307236271323, False, 'best']
['sbtb', 202562212, 'impression', '6', 240894589L, datetime.datetime(2013, 5, 21, 23, 39, 27), 0.0235126786838001, False, 'best']
['sbtb', 202562212, 'view_full_application_via_name', '2', 240924892L, datetime.datetime(2013, 5, 21, 23, 39, 36), 0.0848138488307753, True, 'best']
['sbtb', 202562212, 'impression', '3', 240904556L, datetime.datetime(2013, 5, 21, 23, 49, 52), 0.0717901156351259, False, 'best']
['sbtb', 202562212, 'impression', '2', 240924892L, datetime.datetime(2013, 5, 21, 23, 49, 52), 0.0848138488307753, True, 'best']
['sbtb', 202562212, 'impression', '5', 240894589L, datetime.datetime(2013, 5, 21, 23, 49, 52), 0.0235126786838001, False, 'best']
['sbtb', 202562212, 'impression', '4', 240915118L, datetime.datetime(2013, 5, 21, 23, 49, 52), 0.0460656510656627, False, 'best']
['sbtb', 202562212, 'impression', '1', 240911312L, datetime.datetime(2013, 5, 21, 23, 49, 52), 0.816943118239462, False, 'best']

['sbtb', 202562212, 'impression', '2', 240924892L, datetime.datetime(2013, 5, 22, 1, 27, 11), 0.0848138488307753, True, 'best']
['sbtb', 202562212, 'impression', '4', 240915118L, datetime.datetime(2013, 5, 22, 1, 27, 11), 0.0460656510656627, False, 'best']
['sbtb', 202562212, 'impression', '5', 240894589L, datetime.datetime(2013, 5, 22, 1, 27, 11), 0.0235126786838001, False, 'best']
['sbtb', 202562212, 'impression', '3', 240904556L, datetime.datetime(2013, 5, 22, 1, 27, 11), 0.0717901156351259, False, 'best']
['sbtb', 202562212, 'impression', '1', 240911312L, datetime.datetime(2013, 5, 22, 1, 27, 11), 0.816943118239462, False, 'best']
['sbtb', 202562212, 'expand_tile', '2', 240924892L, datetime.datetime(2013, 5, 22, 1, 36, 16), 0.0848138488307753, True, 'best']

['sbtb', 202562212, 'impression', '3', 240904556L, datetime.datetime(2013, 5, 22, 3, 52, 16), 0.0717901156351259, False, 'best']
['sbtb', 202562212, 'impression', '1', 240911312L, datetime.datetime(2013, 5, 22, 3, 52, 16), 0.816943118239462, False, 'best']
['sbtb', 202562212, 'impression', '2', 240924892L, datetime.datetime(2013, 5, 22, 3, 52, 16), 0.0848138488307753, True, 'best']
['sbtb', 202562212, 'impression', '4', 240915118L, datetime.datetime(2013, 5, 22, 3, 52, 16), 0.0460656510656627, False, 'best']
['sbtb', 202562212, 'impression', '5', 240894589L, datetime.datetime(2013, 5, 22, 3, 52, 16), 0.0235126786838001, False, 'best']
['sbtb', 202562212, 'impression', '1', 240911312L, datetime.datetime(2013, 5, 22, 3, 54, 59), 0.816943118239462, False, 'best']
['sbtb', 202562212, 'impression', '2', 240924892L, datetime.datetime(2013, 5, 22, 3, 54, 59), 0.0848138488307753, True, 'best']
['sbtb', 202562212, 'impression', '5', 240894589L, datetime.datetime(2013, 5, 22, 3, 54, 59), 0.0235126786838001, False, 'best']
['sbtb', 202562212, 'impression', '4', 240915118L, datetime.datetime(2013, 5, 22, 3, 54, 59), 0.0460656510656627, False, 'best']
['sbtb', 202562212, 'impression', '3', 240904556L, datetime.datetime(2013, 5, 22, 3, 54, 59), 0.0717901156351259, False, 'best']
['sbtb', 202562212, 'impression', '2', 240924892L, datetime.datetime(2013, 5, 22, 3, 57, 46), 0.0848138488307753, True, 'best']
['sbtb', 202562212, 'impression', '5', 240894589L, datetime.datetime(2013, 5, 22, 3, 57, 46), 0.0235126786838001, False, 'best']
['sbtb', 202562212, 'impression', '4', 240915118L, datetime.datetime(2013, 5, 22, 3, 57, 46), 0.0460656510656627, False, 'best']
['sbtb', 202562212, 'impression', '1', 240911312L, datetime.datetime(2013, 5, 22, 3, 57, 46), 0.816943118239462, False, 'best']
['sbtb', 202562212, 'impression', '3', 240904556L, datetime.datetime(2013, 5, 22, 3, 57, 46), 0.0717901156351259, False, 'best']
['sbtb', 202562212, 'view_full_application_via_name', '2', 240924892L, datetime.datetime(2013, 5, 22, 3, 57, 49), 0.0848138488307753, True, 'best']
['sbtb', 202562212, 'impression', '4', 240915118L, datetime.datetime(2013, 5, 22, 4, 5, 59), 0.0460656510656627, False, 'best']
['sbtb', 202562212, 'impression', '2', 240924892L, datetime.datetime(2013, 5, 22, 4, 5, 59), 0.0848138488307753, True, 'best']
['sbtb', 202562212, 'impression', '5', 240894589L, datetime.datetime(2013, 5, 22, 4, 5, 59), 0.0235126786838001, False, 'best']
['sbtb', 202562212, 'impression', '3', 240904556L, datetime.datetime(2013, 5, 22, 4, 5, 59), 0.0717901156351259, False, 'best']
['sbtb', 202562212, 'impression', '1', 240911312L, datetime.datetime(2013, 5, 22, 4, 5, 59), 0.816943118239462, False, 'best']
['sbtb', 202562212, 'impression', '2', 240924892L, datetime.datetime(2013, 5, 22, 4, 6, 13), 0.0848138488307753, True, 'best']
['sbtb', 202562212, 'impression', '5', 240894589L, datetime.datetime(2013, 5, 22, 4, 6, 13), 0.0235126786838001, False, 'best']
['sbtb', 202562212, 'impression', '4', 240915118L, datetime.datetime(2013, 5, 22, 4, 6, 13), 0.0460656510656627, False, 'best']
['sbtb', 202562212, 'impression', '1', 240911312L, datetime.datetime(2013, 5, 22, 4, 6, 13), 0.816943118239462, False, 'best']
['sbtb', 202562212, 'impression', '3', 240904556L, datetime.datetime(2013, 5, 22, 4, 6, 13), 0.0717901156351259, False, 'best']
['sbtb', 202562212, 'impression', '4', 240915118L, datetime.datetime(2013, 5, 22, 4, 8, 42), 0.0460656510656627, False, 'best']
['sbtb', 202562212, 'impression', '2', 240924892L, datetime.datetime(2013, 5, 22, 4, 8, 42), 0.0848138488307753, True, 'best']
['sbtb', 202562212, 'impression', '5', 240894589L, datetime.datetime(2013, 5, 22, 4, 8, 42), 0.0235126786838001, False, 'best']
['sbtb', 202562212, 'impression', '1', 240911312L, datetime.datetime(2013, 5, 22, 4, 8, 42), 0.816943118239462, False, 'best']
['sbtb', 202562212, 'impression', '3', 240904556L, datetime.datetime(2013, 5, 22, 4, 8, 42), 0.0717901156351259, False, 'best']
['sbtb', 202562212, 'view_full_application_via_message', '2', 240924892L, datetime.datetime(2013, 5, 22, 4, 9, 18), 0.0848138488307753, True, 'best']
['sbtb', 202562212, 'view_full_application_via_name', '2', 240924892L, datetime.datetime(2013, 5, 22, 4, 9, 20), 0.0848138488307753, True, 'best']

['sbtb', 202562212, 'impression', '4', 240894589L, datetime.datetime(2013, 5, 22, 4, 48, 22), 0.0235126786838001, False, 'best']
['sbtb', 202562212, 'impression', '3', 240915118L, datetime.datetime(2013, 5, 22, 4, 48, 22), 0.0460656510656627, False, 'best']
['sbtb', 202562212, 'impression', '2', 240904556L, datetime.datetime(2013, 5, 22, 4, 48, 22), 0.0717901156351259, False, 'best']
['sbtb', 202562212, 'impression', '1', 240911312L, datetime.datetime(2013, 5, 22, 4, 48, 22), 0.816943118239462, False, 'best']
['sbtb', 202562212, 'view_full_application_via_name', '2', 240904556L, datetime.datetime(2013, 5, 22, 4, 48, 25), 0.0717901156351259, False, 'best']

['sbtb', 202562212, 'impression', '3', 240904556L, datetime.datetime(2013, 5, 22, 5, 44), 0.0717901156351259, False, 'best']
['sbtb', 202562212, 'impression', '5', 240894589L, datetime.datetime(2013, 5, 22, 5, 44), 0.0235126786838001, False, 'best']
['sbtb', 202562212, 'impression', '4', 240915118L, datetime.datetime(2013, 5, 22, 5, 44), 0.0460656510656627, False, 'best']
['sbtb', 202562212, 'impression', '2', 240983145L, datetime.datetime(2013, 5, 22, 5, 44), 0.0914480353366847, False, 'best']
['sbtb', 202562212, 'impression', '1', 240911312L, datetime.datetime(2013, 5, 22, 5, 44), 0.816943118239462, False, 'best']
['sbtb', 202562212, 'expand_tile', '2', 240983145L, datetime.datetime(2013, 5, 22, 5, 44, 19), 0.0914480353366847, False, 'best']
['sbtb', 202562212, 'collapse_tile', '2', 240983145L, datetime.datetime(2013, 5, 22, 5, 44, 22), 0.0914480353366847, False, 'best']
['sbtb', 202562212, 'expand_tile', '2', 240983145L, datetime.datetime(2013, 5, 22, 5, 44, 24), 0.0914480353366847, False, 'best']
['sbtb', 202562212, 'view_full_application_via_name', '2', 240983145L, datetime.datetime(2013, 5, 22, 5, 44, 27), 0.0914480353366847, False, 'best']

['sbtb', 202562212, 'impression', '3', 240983145L, datetime.datetime(2013, 5, 23, 13, 50, 21), 0.0914480353366847, False, 'best']
['sbtb', 202562212, 'impression', '4', 240915118L, datetime.datetime(2013, 5, 23, 13, 50, 21), 0.0460656510656627, False, 'best']
['sbtb', 202562212, 'impression', '1', 240911312L, datetime.datetime(2013, 5, 23, 13, 50, 21), 0.816943118239462, False, 'best']
['sbtb', 202562212, 'impression', '2', 241036493L, datetime.datetime(2013, 5, 23, 13, 50, 21), 0.15047695901349, False, 'best']

