['scottmacea', 202550938, 'impression', '7', 240653317L, datetime.datetime(2013, 5, 17, 19, 34, 26), 0.312979278724356, False, 'time']
['scottmacea', 202550938, 'impression', '20', 240652692L, datetime.datetime(2013, 5, 17, 19, 34, 26), 0.224912568483777, False, 'time']
['scottmacea', 202550938, 'impression', '10', 240653086L, datetime.datetime(2013, 5, 17, 19, 34, 26), 0.0576655237713669, False, 'time']
['scottmacea', 202550938, 'impression', '19', 240652724L, datetime.datetime(2013, 5, 17, 19, 34, 26), 0.0441036878987792, False, 'time']
['scottmacea', 202550938, 'impression', '18', 240652805L, datetime.datetime(2013, 5, 17, 19, 34, 26), 0.123517990488164, False, 'time']
['scottmacea', 202550938, 'impression', '16', 240652868L, datetime.datetime(2013, 5, 17, 19, 34, 26), 0.155010714928309, False, 'time']
['scottmacea', 202550938, 'impression', '17', 240652860L, datetime.datetime(2013, 5, 17, 19, 34, 26), 0.0237565078784444, False, 'time']
['scottmacea', 202550938, 'impression', '1', 240653840L, datetime.datetime(2013, 5, 17, 19, 34, 26), 0.0340232265768852, False, 'time']
['scottmacea', 202550938, 'impression', '4', 240653653L, datetime.datetime(2013, 5, 17, 19, 34, 26), 0.113843041065179, False, 'time']
['scottmacea', 202550938, 'impression', '13', 240652952L, datetime.datetime(2013, 5, 17, 19, 34, 26), 0.0840319564758249, False, 'time']
['scottmacea', 202550938, 'impression', '6', 240653492L, datetime.datetime(2013, 5, 17, 19, 34, 26), 0.0480738942053835, False, 'time']
['scottmacea', 202550938, 'impression', '11', 240653010L, datetime.datetime(2013, 5, 17, 19, 34, 26), 0.191034311753, False, 'time']
['scottmacea', 202550938, 'impression', '8', 240653189L, datetime.datetime(2013, 5, 17, 19, 34, 26), 0.120629047963688, False, 'time']
['scottmacea', 202550938, 'impression', '14', 240652882L, datetime.datetime(2013, 5, 17, 19, 34, 26), 0.0372127181415268, False, 'time']
['scottmacea', 202550938, 'impression', '5', 240653561L, datetime.datetime(2013, 5, 17, 19, 34, 26), 0.178042948902462, False, 'time']
['scottmacea', 202550938, 'impression', '9', 240653112L, datetime.datetime(2013, 5, 17, 19, 34, 26), 0.0530416457187257, False, 'time']
['scottmacea', 202550938, 'impression', '3', 240653723L, datetime.datetime(2013, 5, 17, 19, 34, 26), 0.063649379185052, False, 'time']
['scottmacea', 202550938, 'impression', '12', 240652966L, datetime.datetime(2013, 5, 17, 19, 34, 26), 0.0792492607995459, False, 'time']
['scottmacea', 202550938, 'impression', '2', 240653787L, datetime.datetime(2013, 5, 17, 19, 34, 26), 0.0920281512792048, False, 'time']
['scottmacea', 202550938, 'impression', '15', 240652878L, datetime.datetime(2013, 5, 17, 19, 34, 26), 0.0177188799463926, False, 'time']
['scottmacea', 202550938, 'expand_tile', '1', 240653840L, datetime.datetime(2013, 5, 17, 19, 34, 56), 0.0340232265768852, False, 'time']
['scottmacea', 202550938, 'expand_tile', '2', 240653787L, datetime.datetime(2013, 5, 17, 19, 35, 16), 0.0920281512792048, False, 'time']
['scottmacea', 202550938, 'expand_tile', '3', 240653723L, datetime.datetime(2013, 5, 17, 19, 35, 25), 0.063649379185052, False, 'time']
['scottmacea', 202550938, 'expand_tile', '4', 240653653L, datetime.datetime(2013, 5, 17, 19, 35, 27), 0.113843041065179, False, 'time']
['scottmacea', 202550938, 'expand_tile', '5', 240653561L, datetime.datetime(2013, 5, 17, 19, 35, 31), 0.178042948902462, False, 'time']
['scottmacea', 202550938, 'expand_tile', '6', 240653492L, datetime.datetime(2013, 5, 17, 19, 35, 39), 0.0480738942053835, False, 'time']
['scottmacea', 202550938, 'expand_tile', '7', 240653317L, datetime.datetime(2013, 5, 17, 19, 35, 43), 0.312979278724356, False, 'time']
['scottmacea', 202550938, 'expand_tile', '8', 240653189L, datetime.datetime(2013, 5, 17, 19, 35, 51), 0.120629047963688, False, 'time']
['scottmacea', 202550938, 'expand_tile', '9', 240653112L, datetime.datetime(2013, 5, 17, 19, 35, 53), 0.0530416457187257, False, 'time']
['scottmacea', 202550938, 'expand_tile', '10', 240653086L, datetime.datetime(2013, 5, 17, 19, 35, 56), 0.0576655237713669, False, 'time']
['scottmacea', 202550938, 'expand_tile', '11', 240653010L, datetime.datetime(2013, 5, 17, 19, 35, 57), 0.191034311753, False, 'time']
['scottmacea', 202550938, 'collapse_tile', '11', 240653010L, datetime.datetime(2013, 5, 17, 19, 36, 41), 0.191034311753, False, 'time']
['scottmacea', 202550938, 'expand_tile', '12', 240652966L, datetime.datetime(2013, 5, 17, 19, 36, 42), 0.0792492607995459, False, 'time']
['scottmacea', 202550938, 'expand_tile', '11', 240653010L, datetime.datetime(2013, 5, 17, 19, 36, 43), 0.191034311753, False, 'time']
['scottmacea', 202550938, 'expand_tile', '13', 240652952L, datetime.datetime(2013, 5, 17, 19, 36, 48), 0.0840319564758249, False, 'time']
['scottmacea', 202550938, 'expand_tile', '14', 240652882L, datetime.datetime(2013, 5, 17, 19, 36, 51), 0.0372127181415268, False, 'time']
['scottmacea', 202550938, 'expand_tile', '15', 240652878L, datetime.datetime(2013, 5, 17, 19, 36, 53), 0.0177188799463926, False, 'time']
['scottmacea', 202550938, 'expand_tile', '16', 240652868L, datetime.datetime(2013, 5, 17, 19, 36, 55), 0.155010714928309, False, 'time']
['scottmacea', 202550938, 'expand_tile', '17', 240652860L, datetime.datetime(2013, 5, 17, 19, 36, 57), 0.0237565078784444, False, 'time']
['scottmacea', 202550938, 'expand_tile', '18', 240652805L, datetime.datetime(2013, 5, 17, 19, 36, 58), 0.123517990488164, False, 'time']
['scottmacea', 202550938, 'expand_tile', '19', 240652724L, datetime.datetime(2013, 5, 17, 19, 36, 59), 0.0441036878987792, False, 'time']
['scottmacea', 202550938, 'expand_tile', '20', 240652692L, datetime.datetime(2013, 5, 17, 19, 37, 1), 0.224912568483777, False, 'time']
['scottmacea', 202550938, 'impression', '1', 240653840L, datetime.datetime(2013, 5, 17, 19, 38, 31), 0.0340232265768852, False, 'time']
['scottmacea', 202550938, 'impression', '1', 240653840L, datetime.datetime(2013, 5, 17, 19, 38, 52), 0.0340232265768852, False, 'time']
['scottmacea', 202550938, 'expand_tile', '1', 240653840L, datetime.datetime(2013, 5, 17, 19, 38, 52), 0.0340232265768852, False, 'time']
['scottmacea', 202550938, 'impression', '2', 240653787L, datetime.datetime(2013, 5, 17, 19, 38, 52), 0.0920281512792048, False, 'time']
['scottmacea', 202550938, 'impression', '2', 240653787L, datetime.datetime(2013, 5, 17, 19, 39, 16), 0.0920281512792048, False, 'time']
['scottmacea', 202550938, 'expand_tile', '2', 240653787L, datetime.datetime(2013, 5, 17, 19, 39, 17), 0.0920281512792048, False, 'time']
['scottmacea', 202550938, 'impression', '3', 240653723L, datetime.datetime(2013, 5, 17, 19, 39, 17), 0.063649379185052, False, 'time']
['scottmacea', 202550938, 'impression', '2', 240653787L, datetime.datetime(2013, 5, 17, 19, 39, 17), 0.0920281512792048, False, 'time']
['scottmacea', 202550938, 'impression', '3', 240653723L, datetime.datetime(2013, 5, 17, 19, 39, 45), 0.063649379185052, False, 'time']
['scottmacea', 202550938, 'impression', '3', 240653723L, datetime.datetime(2013, 5, 17, 19, 39, 46), 0.063649379185052, False, 'time']
['scottmacea', 202550938, 'expand_tile', '3', 240653723L, datetime.datetime(2013, 5, 17, 19, 39, 46), 0.063649379185052, False, 'time']
['scottmacea', 202550938, 'impression', '4', 240653653L, datetime.datetime(2013, 5, 17, 19, 39, 46), 0.113843041065179, False, 'time']
['scottmacea', 202550938, 'impression', '4', 240653653L, datetime.datetime(2013, 5, 17, 19, 40, 19), 0.113843041065179, False, 'time']
['scottmacea', 202550938, 'impression', '4', 240653653L, datetime.datetime(2013, 5, 17, 19, 40, 19), 0.113843041065179, False, 'time']
['scottmacea', 202550938, 'expand_tile', '4', 240653653L, datetime.datetime(2013, 5, 17, 19, 40, 20), 0.113843041065179, False, 'time']
['scottmacea', 202550938, 'impression', '5', 240653561L, datetime.datetime(2013, 5, 17, 19, 40, 20), 0.178042948902462, False, 'time']
['scottmacea', 202550938, 'shortlist', '5', 240653561L, datetime.datetime(2013, 5, 17, 19, 42, 15), 0.178042948902462, False, 'time']
['scottmacea', 202550938, 'expand_tile', '5', 240653561L, datetime.datetime(2013, 5, 17, 19, 42, 15), 0.178042948902462, False, 'time']
['scottmacea', 202550938, 'impression', '6', 240653492L, datetime.datetime(2013, 5, 17, 19, 42, 16), 0.0480738942053835, False, 'time']
['scottmacea', 202550938, 'impression', None, 240653561L, datetime.datetime(2013, 5, 17, 19, 42, 20), 0.178042948902462, False, 'time']
['scottmacea', 202550938, 'impression', '5', 240653561L, datetime.datetime(2013, 5, 17, 19, 42, 20), 0.178042948902462, False, 'time']
['scottmacea', 202550938, 'impression', '6', 240653492L, datetime.datetime(2013, 5, 17, 19, 42, 22), 0.0480738942053835, False, 'time']
['scottmacea', 202550938, 'impression', '7', 240653317L, datetime.datetime(2013, 5, 17, 19, 42, 24), 0.312979278724356, False, 'time']
['scottmacea', 202550938, 'impression', '6', 240653492L, datetime.datetime(2013, 5, 17, 19, 42, 24), 0.0480738942053835, False, 'time']
['scottmacea', 202550938, 'expand_tile', '6', 240653492L, datetime.datetime(2013, 5, 17, 19, 42, 24), 0.0480738942053835, False, 'time']
['scottmacea', 202550938, 'impression', '7', 240653317L, datetime.datetime(2013, 5, 17, 19, 42, 52), 0.312979278724356, False, 'time']
['scottmacea', 202550938, 'impression', '7', 240653317L, datetime.datetime(2013, 5, 17, 19, 42, 52), 0.312979278724356, False, 'time']
['scottmacea', 202550938, 'expand_tile', '7', 240653317L, datetime.datetime(2013, 5, 17, 19, 42, 53), 0.312979278724356, False, 'time']
['scottmacea', 202550938, 'impression', '8', 240653189L, datetime.datetime(2013, 5, 17, 19, 44, 5), 0.120629047963688, False, 'time']
['scottmacea', 202550938, 'expand_tile', '8', 240653189L, datetime.datetime(2013, 5, 17, 19, 44, 7), 0.120629047963688, False, 'time']
['scottmacea', 202550938, 'shortlist', '9', 240653112L, datetime.datetime(2013, 5, 17, 19, 45, 27), 0.0530416457187257, False, 'time']
['scottmacea', 202550938, 'expand_tile', '9', 240653112L, datetime.datetime(2013, 5, 17, 19, 45, 27), 0.0530416457187257, False, 'time']
['scottmacea', 202550938, 'impression', '10', 240653086L, datetime.datetime(2013, 5, 17, 19, 46, 9), 0.0576655237713669, False, 'time']
['scottmacea', 202550938, 'impression', '10', 240653086L, datetime.datetime(2013, 5, 17, 19, 46, 9), 0.0576655237713669, False, 'time']
['scottmacea', 202550938, 'expand_tile', '10', 240653086L, datetime.datetime(2013, 5, 17, 19, 46, 10), 0.0576655237713669, False, 'time']
['scottmacea', 202550938, 'impression', '11', 240653010L, datetime.datetime(2013, 5, 17, 19, 46, 44), 0.191034311753, False, 'time']
['scottmacea', 202550938, 'expand_tile', '11', 240653010L, datetime.datetime(2013, 5, 17, 19, 46, 50), 0.191034311753, False, 'time']
['scottmacea', 202550938, 'impression', '12', 240652966L, datetime.datetime(2013, 5, 17, 19, 47, 5), 0.0792492607995459, False, 'time']
['scottmacea', 202550938, 'impression', '12', 240652966L, datetime.datetime(2013, 5, 17, 19, 47, 5), 0.0792492607995459, False, 'time']
['scottmacea', 202550938, 'expand_tile', '12', 240652966L, datetime.datetime(2013, 5, 17, 19, 47, 6), 0.0792492607995459, False, 'time']
['scottmacea', 202550938, 'expand_tile', '13', 240652952L, datetime.datetime(2013, 5, 17, 19, 47, 52), 0.0840319564758249, False, 'time']
['scottmacea', 202550938, 'shortlist', '13', 240652952L, datetime.datetime(2013, 5, 17, 19, 47, 52), 0.0840319564758249, False, 'time']
['scottmacea', 202550938, 'expand_tile', '14', 240652882L, datetime.datetime(2013, 5, 17, 19, 48, 11), 0.0372127181415268, False, 'time']
['scottmacea', 202550938, 'impression', '14', 240652882L, datetime.datetime(2013, 5, 17, 19, 48, 11), 0.0372127181415268, False, 'time']
['scottmacea', 202550938, 'impression', '14', 240652882L, datetime.datetime(2013, 5, 17, 19, 48, 11), 0.0372127181415268, False, 'time']
['scottmacea', 202550938, 'impression', '16', 240652868L, datetime.datetime(2013, 5, 17, 19, 48, 31), 0.155010714928309, False, 'time']
['scottmacea', 202550938, 'impression', '15', 240652878L, datetime.datetime(2013, 5, 17, 19, 48, 31), 0.0177188799463926, False, 'time']
['scottmacea', 202550938, 'impression', '15', 240652878L, datetime.datetime(2013, 5, 17, 19, 48, 31), 0.0177188799463926, False, 'time']
['scottmacea', 202550938, 'expand_tile', '15', 240652878L, datetime.datetime(2013, 5, 17, 19, 48, 32), 0.0177188799463926, False, 'time']
['scottmacea', 202550938, 'expand_tile', '16', 240652868L, datetime.datetime(2013, 5, 17, 19, 49, 26), 0.155010714928309, False, 'time']
['scottmacea', 202550938, 'shortlist', '16', 240652868L, datetime.datetime(2013, 5, 17, 19, 49, 26), 0.155010714928309, False, 'time']
['scottmacea', 202550938, 'send_message', '17', 240652860L, datetime.datetime(2013, 5, 17, 19, 51, 42), 0.0237565078784444, False, 'time']
['scottmacea', 202550938, 'expand_tile', '17', 240652860L, datetime.datetime(2013, 5, 17, 19, 52, 26), 0.0237565078784444, False, 'time']
['scottmacea', 202550938, 'impression', None, 240652860L, datetime.datetime(2013, 5, 17, 19, 52, 29), 0.0237565078784444, False, 'time']
['scottmacea', 202550938, 'impression', '17', 240652860L, datetime.datetime(2013, 5, 17, 19, 52, 29), 0.0237565078784444, False, 'time']
['scottmacea', 202550938, 'impression', None, 240652860L, datetime.datetime(2013, 5, 17, 19, 52, 29), 0.0237565078784444, False, 'time']
['scottmacea', 202550938, 'impression', '17', 240652860L, datetime.datetime(2013, 5, 17, 19, 52, 29), 0.0237565078784444, False, 'time']
['scottmacea', 202550938, 'expand_tile', '17', 240652860L, datetime.datetime(2013, 5, 17, 19, 52, 30), 0.0237565078784444, False, 'time']
['scottmacea', 202550938, 'expand_tile', '17', 240652860L, datetime.datetime(2013, 5, 17, 19, 52, 30), 0.0237565078784444, False, 'time']
['scottmacea', 202550938, 'impression', '18', 240652805L, datetime.datetime(2013, 5, 17, 19, 52, 30), 0.123517990488164, False, 'time']
['scottmacea', 202550938, 'impression', '18', 240652805L, datetime.datetime(2013, 5, 17, 19, 52, 48), 0.123517990488164, False, 'time']
['scottmacea', 202550938, 'impression', '18', 240652805L, datetime.datetime(2013, 5, 17, 19, 52, 48), 0.123517990488164, False, 'time']
['scottmacea', 202550938, 'expand_tile', '18', 240652805L, datetime.datetime(2013, 5, 17, 19, 52, 49), 0.123517990488164, False, 'time']
['scottmacea', 202550938, 'impression', '19', 240652724L, datetime.datetime(2013, 5, 17, 19, 53, 34), 0.0441036878987792, False, 'time']
['scottmacea', 202550938, 'impression', '19', 240652724L, datetime.datetime(2013, 5, 17, 19, 53, 34), 0.0441036878987792, False, 'time']
['scottmacea', 202550938, 'expand_tile', '19', 240652724L, datetime.datetime(2013, 5, 17, 19, 53, 35), 0.0441036878987792, False, 'time']
['scottmacea', 202550938, 'impression', '20', 240652692L, datetime.datetime(2013, 5, 17, 19, 54, 35), 0.224912568483777, False, 'time']
['scottmacea', 202550938, 'shortlist', '20', 240652692L, datetime.datetime(2013, 5, 17, 19, 54, 35), 0.224912568483777, False, 'time']
['scottmacea', 202550938, 'expand_tile', '20', 240652692L, datetime.datetime(2013, 5, 17, 19, 54, 35), 0.224912568483777, False, 'time']
['scottmacea', 202550938, 'impression', '1', 240654893L, datetime.datetime(2013, 5, 17, 19, 54, 50), 0.081531324130288, False, 'time']
['scottmacea', 202550938, 'impression', '2', 240654688L, datetime.datetime(2013, 5, 17, 19, 54, 50), 0.112345400760161, False, 'time']
['scottmacea', 202550938, 'impression', '3', 240654349L, datetime.datetime(2013, 5, 17, 19, 54, 50), 0.116898951137757, False, 'time']
['scottmacea', 202550938, 'impression', '7', 240653903L, datetime.datetime(2013, 5, 17, 19, 54, 50), 0.219958057450453, False, 'time']
['scottmacea', 202550938, 'impression', '8', 240653561L, datetime.datetime(2013, 5, 17, 19, 54, 50), 0.178042948902462, False, 'time']
['scottmacea', 202550938, 'impression', '9', 240653112L, datetime.datetime(2013, 5, 17, 19, 54, 50), 0.0530416457187257, False, 'time']
['scottmacea', 202550938, 'impression', '5', 240654311L, datetime.datetime(2013, 5, 17, 19, 54, 50), 0.110849892991976, False, 'time']
['scottmacea', 202550938, 'impression', '10', 240652952L, datetime.datetime(2013, 5, 17, 19, 54, 50), 0.0840319564758249, False, 'time']
['scottmacea', 202550938, 'impression', '6', 240654060L, datetime.datetime(2013, 5, 17, 19, 54, 50), 0.044369291798996, False, 'time']
['scottmacea', 202550938, 'impression', '4', 240654328L, datetime.datetime(2013, 5, 17, 19, 54, 50), 0.268850917461229, False, 'time']
['scottmacea', 202550938, 'impression', '11', 240652868L, datetime.datetime(2013, 5, 17, 19, 54, 50), 0.155010714928309, False, 'time']
['scottmacea', 202550938, 'impression', '12', 240652860L, datetime.datetime(2013, 5, 17, 19, 54, 50), 0.0237565078784444, False, 'time']
['scottmacea', 202550938, 'impression', '13', 240652692L, datetime.datetime(2013, 5, 17, 19, 54, 50), 0.224912568483777, False, 'time']
['scottmacea', 202550938, 'impression', '2', 240654688L, datetime.datetime(2013, 5, 17, 19, 54, 51), 0.112345400760161, False, 'time']
['scottmacea', 202550938, 'expand_tile', '1', 240654893L, datetime.datetime(2013, 5, 17, 19, 54, 55), 0.081531324130288, False, 'time']
['scottmacea', 202550938, 'impression', '1', 240654893L, datetime.datetime(2013, 5, 17, 19, 55, 29), 0.081531324130288, False, 'time']
['scottmacea', 202550938, 'impression', '1', 240654893L, datetime.datetime(2013, 5, 17, 19, 55, 30), 0.081531324130288, False, 'time']
['scottmacea', 202550938, 'expand_tile', '1', 240654893L, datetime.datetime(2013, 5, 17, 19, 55, 30), 0.081531324130288, False, 'time']
['scottmacea', 202550938, 'impression', '2', 240654688L, datetime.datetime(2013, 5, 17, 19, 55, 30), 0.112345400760161, False, 'time']
['scottmacea', 202550938, 'impression', '2', 240654688L, datetime.datetime(2013, 5, 17, 19, 55, 47), 0.112345400760161, False, 'time']
['scottmacea', 202550938, 'impression', '2', 240654688L, datetime.datetime(2013, 5, 17, 19, 55, 47), 0.112345400760161, False, 'time']
['scottmacea', 202550938, 'expand_tile', '3', 240654349L, datetime.datetime(2013, 5, 17, 19, 55, 49), 0.116898951137757, False, 'time']
['scottmacea', 202550938, 'impression', '3', 240654349L, datetime.datetime(2013, 5, 17, 19, 56, 20), 0.116898951137757, False, 'time']
['scottmacea', 202550938, 'expand_tile', '3', 240654349L, datetime.datetime(2013, 5, 17, 19, 56, 21), 0.116898951137757, False, 'time']
['scottmacea', 202550938, 'impression', '3', 240654349L, datetime.datetime(2013, 5, 17, 19, 56, 21), 0.116898951137757, False, 'time']
['scottmacea', 202550938, 'impression', '4', 240654328L, datetime.datetime(2013, 5, 17, 19, 56, 21), 0.268850917461229, False, 'time']
['scottmacea', 202550938, 'expand_tile', '4', 240654328L, datetime.datetime(2013, 5, 17, 19, 56, 23), 0.268850917461229, False, 'time']
['scottmacea', 202550938, 'impression', '4', 240654328L, datetime.datetime(2013, 5, 17, 19, 57, 6), 0.268850917461229, False, 'time']
['scottmacea', 202550938, 'impression', '4', 240654328L, datetime.datetime(2013, 5, 17, 19, 57, 6), 0.268850917461229, False, 'time']
['scottmacea', 202550938, 'expand_tile', '4', 240654328L, datetime.datetime(2013, 5, 17, 19, 57, 7), 0.268850917461229, False, 'time']
['scottmacea', 202550938, 'expand_tile', '5', 240654311L, datetime.datetime(2013, 5, 17, 19, 57, 10), 0.110849892991976, False, 'time']
['scottmacea', 202550938, 'impression', '5', 240654311L, datetime.datetime(2013, 5, 17, 19, 57, 54), 0.110849892991976, False, 'time']
['scottmacea', 202550938, 'impression', '5', 240654311L, datetime.datetime(2013, 5, 17, 19, 57, 54), 0.110849892991976, False, 'time']
['scottmacea', 202550938, 'impression', '6', 240654060L, datetime.datetime(2013, 5, 17, 19, 57, 55), 0.044369291798996, False, 'time']
['scottmacea', 202550938, 'expand_tile', '5', 240654311L, datetime.datetime(2013, 5, 17, 19, 57, 55), 0.110849892991976, False, 'time']
['scottmacea', 202550938, 'expand_tile', '6', 240654060L, datetime.datetime(2013, 5, 17, 19, 57, 56), 0.044369291798996, False, 'time']
['scottmacea', 202550938, 'impression', '6', 240654060L, datetime.datetime(2013, 5, 17, 19, 58, 58), 0.044369291798996, False, 'time']
['scottmacea', 202550938, 'impression', '6', 240654060L, datetime.datetime(2013, 5, 17, 19, 58, 59), 0.044369291798996, False, 'time']
['scottmacea', 202550938, 'expand_tile', '6', 240654060L, datetime.datetime(2013, 5, 17, 19, 58, 59), 0.044369291798996, False, 'time']
['scottmacea', 202550938, 'expand_tile', '7', 240653903L, datetime.datetime(2013, 5, 17, 19, 59), 0.219958057450453, False, 'time']
['scottmacea', 202550938, 'collapse_tile', '7', 240653903L, datetime.datetime(2013, 5, 17, 19, 59, 5), 0.219958057450453, False, 'time']
['scottmacea', 202550938, 'expand_tile', '7', 240653903L, datetime.datetime(2013, 5, 17, 19, 59, 7), 0.219958057450453, False, 'time']
['scottmacea', 202550938, 'collapse_tile', '7', 240653903L, datetime.datetime(2013, 5, 17, 19, 59, 9), 0.219958057450453, False, 'time']
['scottmacea', 202550938, 'expand_tile', '7', 240653903L, datetime.datetime(2013, 5, 17, 19, 59, 11), 0.219958057450453, False, 'time']
['scottmacea', 202550938, 'shortlist', '7', 240653903L, datetime.datetime(2013, 5, 17, 20, 0, 6), 0.219958057450453, False, 'time']
['scottmacea', 202550938, 'expand_tile', '7', 240653903L, datetime.datetime(2013, 5, 17, 20, 0, 6), 0.219958057450453, False, 'time']
['scottmacea', 202550938, 'impression', '6', 240652868L, datetime.datetime(2013, 5, 17, 20, 0, 17), 0.155010714928309, False, 'time']
['scottmacea', 202550938, 'impression', '7', 240652860L, datetime.datetime(2013, 5, 17, 20, 0, 17), 0.0237565078784444, False, 'time']
['scottmacea', 202550938, 'impression', '8', 240652692L, datetime.datetime(2013, 5, 17, 20, 0, 17), 0.224912568483777, False, 'time']
['scottmacea', 202550938, 'impression', '5', 240652952L, datetime.datetime(2013, 5, 17, 20, 0, 17), 0.0840319564758249, False, 'time']
['scottmacea', 202550938, 'impression', '2', 240653903L, datetime.datetime(2013, 5, 17, 20, 0, 17), 0.219958057450453, False, 'time']
['scottmacea', 202550938, 'impression', '4', 240653112L, datetime.datetime(2013, 5, 17, 20, 0, 17), 0.0530416457187257, False, 'time']
['scottmacea', 202550938, 'impression', '3', 240653561L, datetime.datetime(2013, 5, 17, 20, 0, 17), 0.178042948902462, False, 'time']
['scottmacea', 202550938, 'impression', '1', 240655236L, datetime.datetime(2013, 5, 17, 20, 0, 17), 0.221705061939086, False, 'time']
['scottmacea', 202550938, 'expand_tile', '1', 240655236L, datetime.datetime(2013, 5, 17, 20, 0, 21), 0.221705061939086, False, 'time']
['scottmacea', 202550938, 'impression', '1', 240655236L, datetime.datetime(2013, 5, 17, 20, 0, 47), 0.221705061939086, False, 'time']
['scottmacea', 202550938, 'impression', '1', 240655236L, datetime.datetime(2013, 5, 17, 20, 0, 47), 0.221705061939086, False, 'time']
['scottmacea', 202550938, 'expand_tile', '1', 240655236L, datetime.datetime(2013, 5, 17, 20, 0, 47), 0.221705061939086, False, 'time']
['scottmacea', 202550938, 'impression', '4', 240652952L, datetime.datetime(2013, 5, 17, 20, 0, 51), 0.0840319564758249, False, 'time']
['scottmacea', 202550938, 'impression', '1', 240653903L, datetime.datetime(2013, 5, 17, 20, 0, 51), 0.219958057450453, False, 'time']
['scottmacea', 202550938, 'impression', '2', 240653561L, datetime.datetime(2013, 5, 17, 20, 0, 51), 0.178042948902462, False, 'time']
['scottmacea', 202550938, 'impression', '3', 240653112L, datetime.datetime(2013, 5, 17, 20, 0, 51), 0.0530416457187257, False, 'time']
['scottmacea', 202550938, 'impression', '7', 240652692L, datetime.datetime(2013, 5, 17, 20, 0, 51), 0.224912568483777, False, 'time']
['scottmacea', 202550938, 'impression', '6', 240652860L, datetime.datetime(2013, 5, 17, 20, 0, 51), 0.0237565078784444, False, 'time']
['scottmacea', 202550938, 'impression', '5', 240652868L, datetime.datetime(2013, 5, 17, 20, 0, 51), 0.155010714928309, False, 'time']

['scottmacea', 202550938, 'impression', '14', 240652952L, datetime.datetime(2013, 5, 17, 21, 15, 26), 0.0840319564758249, False, 'time']
['scottmacea', 202550938, 'impression', '4', 240656653L, datetime.datetime(2013, 5, 17, 21, 15, 26), 0.0532021812097757, False, 'time']
['scottmacea', 202550938, 'impression', '1', 240658399L, datetime.datetime(2013, 5, 17, 21, 15, 26), 0.0342948602137688, False, 'time']
['scottmacea', 202550938, 'impression', '7', 240656375L, datetime.datetime(2013, 5, 17, 21, 15, 26), 0.05780613393068, False, 'time']
['scottmacea', 202550938, 'impression', '3', 240657095L, datetime.datetime(2013, 5, 17, 21, 15, 26), 0.0287625946991043, False, 'time']
['scottmacea', 202550938, 'impression', '8', 240656083L, datetime.datetime(2013, 5, 17, 21, 15, 26), 0.0379851211895566, False, 'time']
['scottmacea', 202550938, 'impression', '6', 240656569L, datetime.datetime(2013, 5, 17, 21, 15, 26), 0.0555205388206887, False, 'time']
['scottmacea', 202550938, 'impression', '9', 240656009L, datetime.datetime(2013, 5, 17, 21, 15, 26), 0.0129533147685431, False, 'time']
['scottmacea', 202550938, 'impression', '5', 240656587L, datetime.datetime(2013, 5, 17, 21, 15, 26), 0.0708273064842643, False, 'time']
['scottmacea', 202550938, 'impression', '17', 240652692L, datetime.datetime(2013, 5, 17, 21, 15, 26), 0.224912568483777, False, 'time']
['scottmacea', 202550938, 'impression', '2', 240657098L, datetime.datetime(2013, 5, 17, 21, 15, 26), 0.0862184884978678, False, 'time']
['scottmacea', 202550938, 'impression', '10', 240655570L, datetime.datetime(2013, 5, 17, 21, 15, 26), 0.0638148766696486, False, 'time']
['scottmacea', 202550938, 'impression', '16', 240652860L, datetime.datetime(2013, 5, 17, 21, 15, 26), 0.0237565078784444, False, 'time']
['scottmacea', 202550938, 'impression', '15', 240652868L, datetime.datetime(2013, 5, 17, 21, 15, 26), 0.155010714928309, False, 'time']
['scottmacea', 202550938, 'impression', '11', 240653903L, datetime.datetime(2013, 5, 17, 21, 15, 26), 0.219958057450453, False, 'time']
['scottmacea', 202550938, 'impression', '12', 240653561L, datetime.datetime(2013, 5, 17, 21, 15, 26), 0.178042948902462, False, 'time']
['scottmacea', 202550938, 'impression', '13', 240653112L, datetime.datetime(2013, 5, 17, 21, 15, 26), 0.0530416457187257, False, 'time']
['scottmacea', 202550938, 'expand_tile', '1', 240658399L, datetime.datetime(2013, 5, 17, 21, 15, 29), 0.0342948602137688, False, 'time']
['scottmacea', 202550938, 'impression', '1', 240658399L, datetime.datetime(2013, 5, 17, 21, 15, 31), 0.0342948602137688, False, 'time']
['scottmacea', 202550938, 'impression', '1', 240658399L, datetime.datetime(2013, 5, 17, 21, 15, 33), 0.0342948602137688, False, 'time']
['scottmacea', 202550938, 'expand_tile', '1', 240658399L, datetime.datetime(2013, 5, 17, 21, 15, 34), 0.0342948602137688, False, 'time']
['scottmacea', 202550938, 'impression', '2', 240657098L, datetime.datetime(2013, 5, 17, 21, 15, 34), 0.0862184884978678, False, 'time']
['scottmacea', 202550938, 'expand_tile', '2', 240657098L, datetime.datetime(2013, 5, 17, 21, 15, 37), 0.0862184884978678, False, 'time']
['scottmacea', 202550938, 'expand_tile', '2', 240657098L, datetime.datetime(2013, 5, 17, 21, 16, 15), 0.0862184884978678, False, 'time']
['scottmacea', 202550938, 'shortlist', '2', 240657098L, datetime.datetime(2013, 5, 17, 21, 16, 15), 0.0862184884978678, False, 'time']
['scottmacea', 202550938, 'expand_tile', '3', 240657095L, datetime.datetime(2013, 5, 17, 21, 16, 17), 0.0287625946991043, False, 'time']
['scottmacea', 202550938, 'impression', '3', 240657095L, datetime.datetime(2013, 5, 17, 21, 16, 37), 0.0287625946991043, False, 'time']
['scottmacea', 202550938, 'expand_tile', '3', 240657095L, datetime.datetime(2013, 5, 17, 21, 16, 40), 0.0287625946991043, False, 'time']
['scottmacea', 202550938, 'expand_tile', '4', 240656653L, datetime.datetime(2013, 5, 17, 21, 16, 43), 0.0532021812097757, False, 'time']
['scottmacea', 202550938, 'impression', '4', 240656653L, datetime.datetime(2013, 5, 17, 21, 17, 3), 0.0532021812097757, False, 'time']
['scottmacea', 202550938, 'impression', '4', 240656653L, datetime.datetime(2013, 5, 17, 21, 17, 3), 0.0532021812097757, False, 'time']
['scottmacea', 202550938, 'expand_tile', '4', 240656653L, datetime.datetime(2013, 5, 17, 21, 17, 4), 0.0532021812097757, False, 'time']
['scottmacea', 202550938, 'expand_tile', '5', 240656587L, datetime.datetime(2013, 5, 17, 21, 17, 5), 0.0708273064842643, False, 'time']
['scottmacea', 202550938, 'impression', '5', 240656587L, datetime.datetime(2013, 5, 17, 21, 17, 14), 0.0708273064842643, False, 'time']
['scottmacea', 202550938, 'expand_tile', '5', 240656587L, datetime.datetime(2013, 5, 17, 21, 17, 15), 0.0708273064842643, False, 'time']
['scottmacea', 202550938, 'impression', '5', 240656587L, datetime.datetime(2013, 5, 17, 21, 17, 15), 0.0708273064842643, False, 'time']
['scottmacea', 202550938, 'expand_tile', '6', 240656569L, datetime.datetime(2013, 5, 17, 21, 17, 17), 0.0555205388206887, False, 'time']
['scottmacea', 202550938, 'shortlist', '6', 240656569L, datetime.datetime(2013, 5, 17, 21, 18, 16), 0.0555205388206887, False, 'time']
['scottmacea', 202550938, 'expand_tile', '6', 240656569L, datetime.datetime(2013, 5, 17, 21, 18, 16), 0.0555205388206887, False, 'time']
['scottmacea', 202550938, 'expand_tile', '7', 240656375L, datetime.datetime(2013, 5, 17, 21, 18, 19), 0.05780613393068, False, 'time']
['scottmacea', 202550938, 'impression', '7', 240656375L, datetime.datetime(2013, 5, 17, 21, 18, 34), 0.05780613393068, False, 'time']
['scottmacea', 202550938, 'expand_tile', '7', 240656375L, datetime.datetime(2013, 5, 17, 21, 18, 35), 0.05780613393068, False, 'time']
['scottmacea', 202550938, 'impression', '7', 240656375L, datetime.datetime(2013, 5, 17, 21, 18, 35), 0.05780613393068, False, 'time']
['scottmacea', 202550938, 'impression', '8', 240656083L, datetime.datetime(2013, 5, 17, 21, 18, 35), 0.0379851211895566, False, 'time']
['scottmacea', 202550938, 'expand_tile', '8', 240656083L, datetime.datetime(2013, 5, 17, 21, 18, 37), 0.0379851211895566, False, 'time']
['scottmacea', 202550938, 'impression', '8', 240656083L, datetime.datetime(2013, 5, 17, 21, 19, 7), 0.0379851211895566, False, 'time']
['scottmacea', 202550938, 'expand_tile', '8', 240656083L, datetime.datetime(2013, 5, 17, 21, 19, 7), 0.0379851211895566, False, 'time']
['scottmacea', 202550938, 'impression', '8', 240656083L, datetime.datetime(2013, 5, 17, 21, 19, 7), 0.0379851211895566, False, 'time']
['scottmacea', 202550938, 'expand_tile', '9', 240656009L, datetime.datetime(2013, 5, 17, 21, 19, 12), 0.0129533147685431, False, 'time']
['scottmacea', 202550938, 'impression', '9', 240656009L, datetime.datetime(2013, 5, 17, 21, 19, 31), 0.0129533147685431, False, 'time']
['scottmacea', 202550938, 'impression', '9', 240656009L, datetime.datetime(2013, 5, 17, 21, 19, 32), 0.0129533147685431, False, 'time']
['scottmacea', 202550938, 'expand_tile', '9', 240656009L, datetime.datetime(2013, 5, 17, 21, 19, 32), 0.0129533147685431, False, 'time']
['scottmacea', 202550938, 'impression', '10', 240655570L, datetime.datetime(2013, 5, 17, 21, 19, 32), 0.0638148766696486, False, 'time']
['scottmacea', 202550938, 'expand_tile', '10', 240655570L, datetime.datetime(2013, 5, 17, 21, 19, 33), 0.0638148766696486, False, 'time']
['scottmacea', 202550938, 'impression', '10', 240655570L, datetime.datetime(2013, 5, 17, 21, 20, 1), 0.0638148766696486, False, 'time']
['scottmacea', 202550938, 'impression', '10', 240655570L, datetime.datetime(2013, 5, 17, 21, 20, 2), 0.0638148766696486, False, 'time']
['scottmacea', 202550938, 'impression', '11', 240653903L, datetime.datetime(2013, 5, 17, 21, 20, 2), 0.219958057450453, False, 'time']
['scottmacea', 202550938, 'impression', '13', 240653112L, datetime.datetime(2013, 5, 17, 21, 20, 3), 0.0530416457187257, False, 'time']
['scottmacea', 202550938, 'expand_tile', '10', 240655570L, datetime.datetime(2013, 5, 17, 21, 20, 3), 0.0638148766696486, False, 'time']
['scottmacea', 202550938, 'impression', '16', 240652860L, datetime.datetime(2013, 5, 17, 21, 20, 8), 0.0237565078784444, False, 'time']
['scottmacea', 202550938, 'impression', '15', 240652868L, datetime.datetime(2013, 5, 17, 21, 20, 13), 0.155010714928309, False, 'time']

['scottmacea', 202550938, 'impression', '8', 240652952L, datetime.datetime(2013, 5, 17, 23, 20, 43), 0.0840319564758249, False, 'time']
['scottmacea', 202550938, 'impression', '4', 240656569L, datetime.datetime(2013, 5, 17, 23, 20, 43), 0.0555205388206887, False, 'time']
['scottmacea', 202550938, 'impression', '2', 240659548L, datetime.datetime(2013, 5, 17, 23, 20, 43), 0.0738990810236849, False, 'time']
['scottmacea', 202550938, 'impression', '1', 240661301L, datetime.datetime(2013, 5, 17, 23, 20, 43), 0.0570107554793815, False, 'time']
['scottmacea', 202550938, 'impression', '3', 240657098L, datetime.datetime(2013, 5, 17, 23, 20, 43), 0.0862184884978678, False, 'time']
['scottmacea', 202550938, 'impression', '9', 240652868L, datetime.datetime(2013, 5, 17, 23, 20, 43), 0.155010714928309, False, 'time']
['scottmacea', 202550938, 'impression', '10', 240652692L, datetime.datetime(2013, 5, 17, 23, 20, 43), 0.224912568483777, False, 'time']
['scottmacea', 202550938, 'impression', '5', 240653903L, datetime.datetime(2013, 5, 17, 23, 20, 43), 0.219958057450453, False, 'time']
['scottmacea', 202550938, 'impression', '6', 240653561L, datetime.datetime(2013, 5, 17, 23, 20, 43), 0.178042948902462, False, 'time']
['scottmacea', 202550938, 'impression', '7', 240653112L, datetime.datetime(2013, 5, 17, 23, 20, 43), 0.0530416457187257, False, 'time']
['scottmacea', 202550938, 'expand_tile', '1', 240661301L, datetime.datetime(2013, 5, 17, 23, 20, 46), 0.0570107554793815, False, 'time']
['scottmacea', 202550938, 'impression', '9', 240652868L, datetime.datetime(2013, 5, 17, 23, 21, 14), 0.155010714928309, False, 'time']
['scottmacea', 202550938, 'impression', '10', 240652692L, datetime.datetime(2013, 5, 17, 23, 21, 14), 0.224912568483777, False, 'time']
['scottmacea', 202550938, 'impression', '2', 240659548L, datetime.datetime(2013, 5, 17, 23, 21, 14), 0.0738990810236849, False, 'time']
['scottmacea', 202550938, 'impression', '3', 240657098L, datetime.datetime(2013, 5, 17, 23, 21, 14), 0.0862184884978678, False, 'time']
['scottmacea', 202550938, 'impression', '1', 240661301L, datetime.datetime(2013, 5, 17, 23, 21, 14), 0.0570107554793815, False, 'time']
['scottmacea', 202550938, 'impression', '4', 240656569L, datetime.datetime(2013, 5, 17, 23, 21, 14), 0.0555205388206887, False, 'time']
['scottmacea', 202550938, 'impression', '7', 240653112L, datetime.datetime(2013, 5, 17, 23, 21, 14), 0.0530416457187257, False, 'time']
['scottmacea', 202550938, 'impression', '5', 240653903L, datetime.datetime(2013, 5, 17, 23, 21, 14), 0.219958057450453, False, 'time']
['scottmacea', 202550938, 'impression', '6', 240653561L, datetime.datetime(2013, 5, 17, 23, 21, 14), 0.178042948902462, False, 'time']
['scottmacea', 202550938, 'impression', '8', 240652952L, datetime.datetime(2013, 5, 17, 23, 21, 14), 0.0840319564758249, False, 'time']
['scottmacea', 202550938, 'impression', '1', 240661301L, datetime.datetime(2013, 5, 17, 23, 21, 15), 0.0570107554793815, False, 'time']
['scottmacea', 202550938, 'impression', '1', 240661301L, datetime.datetime(2013, 5, 17, 23, 21, 16), 0.0570107554793815, False, 'time']
['scottmacea', 202550938, 'impression', '2', 240659548L, datetime.datetime(2013, 5, 17, 23, 21, 17), 0.0738990810236849, False, 'time']
['scottmacea', 202550938, 'expand_tile', '2', 240659548L, datetime.datetime(2013, 5, 17, 23, 21, 19), 0.0738990810236849, False, 'time']
['scottmacea', 202550938, 'impression', '7', 240653112L, datetime.datetime(2013, 5, 17, 23, 31, 49), 0.0530416457187257, False, 'time']
['scottmacea', 202550938, 'impression', '6', 240653561L, datetime.datetime(2013, 5, 17, 23, 31, 49), 0.178042948902462, False, 'time']
['scottmacea', 202550938, 'impression', '5', 240653903L, datetime.datetime(2013, 5, 17, 23, 31, 49), 0.219958057450453, False, 'time']
['scottmacea', 202550938, 'impression', '10', 240652692L, datetime.datetime(2013, 5, 17, 23, 31, 49), 0.224912568483777, False, 'time']
['scottmacea', 202550938, 'impression', '1', 240662174L, datetime.datetime(2013, 5, 17, 23, 31, 49), 0.159313551672416, False, 'time']
['scottmacea', 202550938, 'impression', '3', 240657098L, datetime.datetime(2013, 5, 17, 23, 31, 49), 0.0862184884978678, False, 'time']
['scottmacea', 202550938, 'impression', '2', 240659548L, datetime.datetime(2013, 5, 17, 23, 31, 49), 0.0738990810236849, False, 'time']
['scottmacea', 202550938, 'impression', '9', 240652868L, datetime.datetime(2013, 5, 17, 23, 31, 49), 0.155010714928309, False, 'time']
['scottmacea', 202550938, 'impression', '4', 240656569L, datetime.datetime(2013, 5, 17, 23, 31, 49), 0.0555205388206887, False, 'time']
['scottmacea', 202550938, 'impression', '8', 240652952L, datetime.datetime(2013, 5, 17, 23, 31, 49), 0.0840319564758249, False, 'time']
['scottmacea', 202550938, 'expand_tile', '1', 240662174L, datetime.datetime(2013, 5, 17, 23, 31, 50), 0.159313551672416, False, 'time']
['scottmacea', 202550938, 'impression', '1', 240662174L, datetime.datetime(2013, 5, 17, 23, 34, 29), 0.159313551672416, False, 'time']
['scottmacea', 202550938, 'impression', '2', 240659548L, datetime.datetime(2013, 5, 17, 23, 34, 31), 0.0738990810236849, False, 'time']
['scottmacea', 202550938, 'expand_tile', '1', 240662174L, datetime.datetime(2013, 5, 17, 23, 34, 31), 0.159313551672416, False, 'time']
['scottmacea', 202550938, 'impression', '1', 240662174L, datetime.datetime(2013, 5, 17, 23, 34, 31), 0.159313551672416, False, 'time']
['scottmacea', 202550938, 'impression', '2', 240657098L, datetime.datetime(2013, 5, 17, 23, 34, 36), 0.0862184884978678, False, 'time']
['scottmacea', 202550938, 'impression', '1', 240659548L, datetime.datetime(2013, 5, 17, 23, 34, 36), 0.0738990810236849, False, 'time']
['scottmacea', 202550938, 'impression', '5', 240653561L, datetime.datetime(2013, 5, 17, 23, 34, 36), 0.178042948902462, False, 'time']
['scottmacea', 202550938, 'impression', '4', 240653903L, datetime.datetime(2013, 5, 17, 23, 34, 36), 0.219958057450453, False, 'time']
['scottmacea', 202550938, 'impression', '6', 240653112L, datetime.datetime(2013, 5, 17, 23, 34, 36), 0.0530416457187257, False, 'time']
['scottmacea', 202550938, 'impression', '3', 240656569L, datetime.datetime(2013, 5, 17, 23, 34, 36), 0.0555205388206887, False, 'time']
['scottmacea', 202550938, 'impression', '8', 240652868L, datetime.datetime(2013, 5, 17, 23, 34, 36), 0.155010714928309, False, 'time']
['scottmacea', 202550938, 'impression', '7', 240652952L, datetime.datetime(2013, 5, 17, 23, 34, 36), 0.0840319564758249, False, 'time']
['scottmacea', 202550938, 'impression', '9', 240652692L, datetime.datetime(2013, 5, 17, 23, 34, 36), 0.224912568483777, False, 'time']
['scottmacea', 202550938, 'impression', '1', 240659548L, datetime.datetime(2013, 5, 17, 23, 34, 40), 0.0738990810236849, False, 'time']
['scottmacea', 202550938, 'impression', '1', 240659548L, datetime.datetime(2013, 5, 17, 23, 34, 41), 0.0738990810236849, False, 'time']
['scottmacea', 202550938, 'impression', '2', 240657098L, datetime.datetime(2013, 5, 17, 23, 34, 42), 0.0862184884978678, False, 'time']
['scottmacea', 202550938, 'expand_tile', '8', 240652868L, datetime.datetime(2013, 5, 17, 23, 43, 20), 0.155010714928309, False, 'time']

['scottmacea', 202550938, 'impression', '1', 240657098L, datetime.datetime(2013, 5, 18, 0, 29), 0.0862184884978678, False, 'time']
['scottmacea', 202550938, 'impression', '4', 240653561L, datetime.datetime(2013, 5, 18, 0, 29), 0.178042948902462, False, 'time']
['scottmacea', 202550938, 'impression', '3', 240653903L, datetime.datetime(2013, 5, 18, 0, 29), 0.219958057450453, False, 'time']
['scottmacea', 202550938, 'impression', '5', 240653112L, datetime.datetime(2013, 5, 18, 0, 29), 0.0530416457187257, False, 'time']
['scottmacea', 202550938, 'impression', '6', 240652692L, datetime.datetime(2013, 5, 18, 0, 29), 0.224912568483777, False, 'time']
['scottmacea', 202550938, 'impression', '2', 240656569L, datetime.datetime(2013, 5, 18, 0, 29), 0.0555205388206887, False, 'time']

['scottmacea', 202550938, 'impression', '1', 240771055L, datetime.datetime(2013, 5, 24, 22, 56, 2), 0.0781856227083897, False, 'time']
['scottmacea', 202550938, 'impression', '4', 240709968L, datetime.datetime(2013, 5, 24, 22, 56, 2), 0.0788597576464217, False, 'time']
['scottmacea', 202550938, 'impression', '11', 240665554L, datetime.datetime(2013, 5, 24, 22, 56, 2), 0.336313120936598, False, 'time']
['scottmacea', 202550938, 'impression', '12', 240657098L, datetime.datetime(2013, 5, 24, 22, 56, 2), 0.0862184884978678, False, 'time']
['scottmacea', 202550938, 'impression', '10', 240669376L, datetime.datetime(2013, 5, 24, 22, 56, 2), 0.0860053040639725, False, 'time']
['scottmacea', 202550938, 'impression', '5', 240701740L, datetime.datetime(2013, 5, 24, 22, 56, 2), 0.125496007425277, False, 'time']
['scottmacea', 202550938, 'impression', '17', 240652692L, datetime.datetime(2013, 5, 24, 22, 56, 2), 0.224912568483777, False, 'time']
['scottmacea', 202550938, 'impression', '2', 240726289L, datetime.datetime(2013, 5, 24, 22, 56, 2), 0.0771572078878466, False, 'time']
['scottmacea', 202550938, 'impression', '9', 240676768L, datetime.datetime(2013, 5, 24, 22, 56, 2), 0.136822630696638, False, 'time']
['scottmacea', 202550938, 'impression', '13', 240656569L, datetime.datetime(2013, 5, 24, 22, 56, 2), 0.0555205388206887, False, 'time']
['scottmacea', 202550938, 'impression', '3', 240719581L, datetime.datetime(2013, 5, 24, 22, 56, 2), 0.285958640339582, False, 'time']
['scottmacea', 202550938, 'impression', '7', 240689069L, datetime.datetime(2013, 5, 24, 22, 56, 2), 0.122227847109238, False, 'time']
['scottmacea', 202550938, 'impression', '6', 240697982L, datetime.datetime(2013, 5, 24, 22, 56, 2), 0.567267146223455, False, 'time']
['scottmacea', 202550938, 'impression', '15', 240653561L, datetime.datetime(2013, 5, 24, 22, 56, 2), 0.178042948902462, False, 'time']
['scottmacea', 202550938, 'impression', '16', 240653112L, datetime.datetime(2013, 5, 24, 22, 56, 2), 0.0530416457187257, False, 'time']
['scottmacea', 202550938, 'impression', '8', 240677330L, datetime.datetime(2013, 5, 24, 22, 56, 2), 0.102075473240459, False, 'time']
['scottmacea', 202550938, 'impression', '14', 240653903L, datetime.datetime(2013, 5, 24, 22, 56, 2), 0.219958057450453, False, 'time']
['scottmacea', 202550938, 'expand_tile', '1', 240771055L, datetime.datetime(2013, 5, 24, 22, 56, 7), 0.0781856227083897, False, 'time']
['scottmacea', 202550938, 'view_full_application_via_name', '1', 240771055L, datetime.datetime(2013, 5, 24, 22, 56, 10), 0.0781856227083897, False, 'time']
['scottmacea', 202550938, 'impression', '7', 240689069L, datetime.datetime(2013, 5, 24, 22, 57, 37), 0.122227847109238, False, 'time']
['scottmacea', 202550938, 'impression', '6', 240697982L, datetime.datetime(2013, 5, 24, 22, 57, 37), 0.567267146223455, False, 'time']
['scottmacea', 202550938, 'impression', '10', 240669376L, datetime.datetime(2013, 5, 24, 22, 57, 37), 0.0860053040639725, False, 'time']
['scottmacea', 202550938, 'impression', '2', 240726289L, datetime.datetime(2013, 5, 24, 22, 57, 37), 0.0771572078878466, False, 'time']
['scottmacea', 202550938, 'impression', '5', 240701740L, datetime.datetime(2013, 5, 24, 22, 57, 37), 0.125496007425277, False, 'time']
['scottmacea', 202550938, 'impression', '17', 240652692L, datetime.datetime(2013, 5, 24, 22, 57, 37), 0.224912568483777, False, 'time']
['scottmacea', 202550938, 'impression', '3', 240719581L, datetime.datetime(2013, 5, 24, 22, 57, 37), 0.285958640339582, False, 'time']
['scottmacea', 202550938, 'impression', '13', 240656569L, datetime.datetime(2013, 5, 24, 22, 57, 37), 0.0555205388206887, False, 'time']
['scottmacea', 202550938, 'impression', '9', 240676768L, datetime.datetime(2013, 5, 24, 22, 57, 37), 0.136822630696638, False, 'time']
['scottmacea', 202550938, 'impression', '12', 240657098L, datetime.datetime(2013, 5, 24, 22, 57, 37), 0.0862184884978678, False, 'time']
['scottmacea', 202550938, 'impression', '11', 240665554L, datetime.datetime(2013, 5, 24, 22, 57, 37), 0.336313120936598, False, 'time']
['scottmacea', 202550938, 'impression', '1', 240771055L, datetime.datetime(2013, 5, 24, 22, 57, 37), 0.0781856227083897, False, 'time']
['scottmacea', 202550938, 'impression', '4', 240709968L, datetime.datetime(2013, 5, 24, 22, 57, 37), 0.0788597576464217, False, 'time']
['scottmacea', 202550938, 'impression', '16', 240653112L, datetime.datetime(2013, 5, 24, 22, 57, 37), 0.0530416457187257, False, 'time']
['scottmacea', 202550938, 'impression', '15', 240653561L, datetime.datetime(2013, 5, 24, 22, 57, 37), 0.178042948902462, False, 'time']
['scottmacea', 202550938, 'impression', '14', 240653903L, datetime.datetime(2013, 5, 24, 22, 57, 37), 0.219958057450453, False, 'time']
['scottmacea', 202550938, 'impression', '8', 240677330L, datetime.datetime(2013, 5, 24, 22, 57, 37), 0.102075473240459, False, 'time']
['scottmacea', 202550938, 'shortlist', '1', 240771055L, datetime.datetime(2013, 5, 24, 22, 57, 39), 0.0781856227083897, False, 'time']
['scottmacea', 202550938, 'view_full_application_via_name', '2', 240726289L, datetime.datetime(2013, 5, 24, 22, 57, 45), 0.0771572078878466, False, 'time']
['scottmacea', 202550938, 'impression', '15', 240653561L, datetime.datetime(2013, 5, 24, 22, 57, 59), 0.178042948902462, False, 'time']
['scottmacea', 202550938, 'impression', '8', 240677330L, datetime.datetime(2013, 5, 24, 22, 57, 59), 0.102075473240459, False, 'time']
['scottmacea', 202550938, 'impression', '16', 240653112L, datetime.datetime(2013, 5, 24, 22, 57, 59), 0.0530416457187257, False, 'time']
['scottmacea', 202550938, 'impression', '14', 240653903L, datetime.datetime(2013, 5, 24, 22, 57, 59), 0.219958057450453, False, 'time']
['scottmacea', 202550938, 'impression', '6', 240697982L, datetime.datetime(2013, 5, 24, 22, 57, 59), 0.567267146223455, False, 'time']
['scottmacea', 202550938, 'impression', '7', 240689069L, datetime.datetime(2013, 5, 24, 22, 57, 59), 0.122227847109238, False, 'time']
['scottmacea', 202550938, 'impression', '3', 240719581L, datetime.datetime(2013, 5, 24, 22, 57, 59), 0.285958640339582, False, 'time']
['scottmacea', 202550938, 'impression', '9', 240676768L, datetime.datetime(2013, 5, 24, 22, 57, 59), 0.136822630696638, False, 'time']
['scottmacea', 202550938, 'impression', '13', 240656569L, datetime.datetime(2013, 5, 24, 22, 57, 59), 0.0555205388206887, False, 'time']
['scottmacea', 202550938, 'impression', '17', 240652692L, datetime.datetime(2013, 5, 24, 22, 57, 59), 0.224912568483777, False, 'time']
['scottmacea', 202550938, 'impression', '5', 240701740L, datetime.datetime(2013, 5, 24, 22, 57, 59), 0.125496007425277, False, 'time']
['scottmacea', 202550938, 'impression', '2', 240726289L, datetime.datetime(2013, 5, 24, 22, 57, 59), 0.0771572078878466, False, 'time']
['scottmacea', 202550938, 'impression', '10', 240669376L, datetime.datetime(2013, 5, 24, 22, 57, 59), 0.0860053040639725, False, 'time']
['scottmacea', 202550938, 'impression', '1', 240771055L, datetime.datetime(2013, 5, 24, 22, 57, 59), 0.0781856227083897, False, 'time']
['scottmacea', 202550938, 'impression', '4', 240709968L, datetime.datetime(2013, 5, 24, 22, 57, 59), 0.0788597576464217, False, 'time']
['scottmacea', 202550938, 'impression', '11', 240665554L, datetime.datetime(2013, 5, 24, 22, 57, 59), 0.336313120936598, False, 'time']
['scottmacea', 202550938, 'impression', '12', 240657098L, datetime.datetime(2013, 5, 24, 22, 57, 59), 0.0862184884978678, False, 'time']
['scottmacea', 202550938, 'impression', '3', 240719581L, datetime.datetime(2013, 5, 24, 22, 58, 1), 0.285958640339582, False, 'time']
['scottmacea', 202550938, 'impression', '2', 240726289L, datetime.datetime(2013, 5, 24, 22, 58, 1), 0.0771572078878466, False, 'time']
['scottmacea', 202550938, 'impression', '2', 240726289L, datetime.datetime(2013, 5, 24, 22, 58, 1), 0.0771572078878466, False, 'time']
['scottmacea', 202550938, 'expand_tile', '3', 240719581L, datetime.datetime(2013, 5, 24, 22, 58, 8), 0.285958640339582, False, 'time']
['scottmacea', 202550938, 'expand_tile', '4', 240709968L, datetime.datetime(2013, 5, 24, 22, 58, 12), 0.0788597576464217, False, 'time']
['scottmacea', 202550938, 'expand_tile', '5', 240701740L, datetime.datetime(2013, 5, 24, 22, 58, 14), 0.125496007425277, False, 'time']
['scottmacea', 202550938, 'expand_tile', '6', 240697982L, datetime.datetime(2013, 5, 24, 22, 58, 15), 0.567267146223455, False, 'time']
['scottmacea', 202550938, 'expand_tile', '7', 240689069L, datetime.datetime(2013, 5, 24, 22, 58, 17), 0.122227847109238, False, 'time']
['scottmacea', 202550938, 'expand_tile', '8', 240677330L, datetime.datetime(2013, 5, 24, 22, 58, 23), 0.102075473240459, False, 'time']
['scottmacea', 202550938, 'view_full_application_via_name', '8', 240677330L, datetime.datetime(2013, 5, 24, 22, 58, 28), 0.102075473240459, False, 'time']
['scottmacea', 202550938, 'impression', '10', 240665554L, datetime.datetime(2013, 5, 24, 22, 58, 44), 0.336313120936598, False, 'time']
['scottmacea', 202550938, 'impression', '1', 240771055L, datetime.datetime(2013, 5, 24, 22, 58, 44), 0.0781856227083897, False, 'time']
['scottmacea', 202550938, 'impression', '3', 240709968L, datetime.datetime(2013, 5, 24, 22, 58, 44), 0.0788597576464217, False, 'time']
['scottmacea', 202550938, 'impression', '14', 240653561L, datetime.datetime(2013, 5, 24, 22, 58, 44), 0.178042948902462, False, 'time']
['scottmacea', 202550938, 'impression', '7', 240677330L, datetime.datetime(2013, 5, 24, 22, 58, 44), 0.102075473240459, False, 'time']
['scottmacea', 202550938, 'impression', '15', 240653112L, datetime.datetime(2013, 5, 24, 22, 58, 44), 0.0530416457187257, False, 'time']
['scottmacea', 202550938, 'impression', '13', 240653903L, datetime.datetime(2013, 5, 24, 22, 58, 44), 0.219958057450453, False, 'time']
['scottmacea', 202550938, 'impression', '2', 240719581L, datetime.datetime(2013, 5, 24, 22, 58, 44), 0.285958640339582, False, 'time']
['scottmacea', 202550938, 'impression', '5', 240697982L, datetime.datetime(2013, 5, 24, 22, 58, 44), 0.567267146223455, False, 'time']
['scottmacea', 202550938, 'impression', '6', 240689069L, datetime.datetime(2013, 5, 24, 22, 58, 44), 0.122227847109238, False, 'time']
['scottmacea', 202550938, 'impression', '4', 240701740L, datetime.datetime(2013, 5, 24, 22, 58, 44), 0.125496007425277, False, 'time']
['scottmacea', 202550938, 'impression', '16', 240652692L, datetime.datetime(2013, 5, 24, 22, 58, 44), 0.224912568483777, False, 'time']
['scottmacea', 202550938, 'impression', '12', 240656569L, datetime.datetime(2013, 5, 24, 22, 58, 44), 0.0555205388206887, False, 'time']
['scottmacea', 202550938, 'impression', '8', 240676768L, datetime.datetime(2013, 5, 24, 22, 58, 44), 0.136822630696638, False, 'time']
['scottmacea', 202550938, 'impression', '9', 240669376L, datetime.datetime(2013, 5, 24, 22, 58, 44), 0.0860053040639725, False, 'time']
['scottmacea', 202550938, 'impression', '11', 240657098L, datetime.datetime(2013, 5, 24, 22, 58, 44), 0.0862184884978678, False, 'time']
['scottmacea', 202550938, 'impression', '7', 240677330L, datetime.datetime(2013, 5, 24, 22, 58, 48), 0.102075473240459, False, 'time']
['scottmacea', 202550938, 'impression', '7', 240677330L, datetime.datetime(2013, 5, 24, 22, 58, 48), 0.102075473240459, False, 'time']
['scottmacea', 202550938, 'expand_tile', '9', 240669376L, datetime.datetime(2013, 5, 24, 22, 59), 0.0860053040639725, False, 'time']
['scottmacea', 202550938, 'view_full_application_via_name', '9', 240669376L, datetime.datetime(2013, 5, 24, 22, 59, 16), 0.0860053040639725, False, 'time']
['scottmacea', 202550938, 'impression', '8', 240676768L, datetime.datetime(2013, 5, 24, 22, 59, 16), 0.136822630696638, False, 'time']

