['seedcms', 202541662, 'impression', '2', 240465949L, datetime.datetime(2013, 5, 15, 15, 51, 12), 0.236624131576479, False, 'best']
['seedcms', 202541662, 'impression', '1', 240465915L, datetime.datetime(2013, 5, 15, 15, 51, 12), 0.215508627241691, False, 'best']
['seedcms', 202541662, 'view_full_application_via_name', '1', 240465915L, datetime.datetime(2013, 5, 15, 15, 51, 24), 0.215508627241691, False, 'best']
['seedcms', 202541662, 'impression', '1', 240465915L, datetime.datetime(2013, 5, 15, 15, 52, 27), 0.215508627241691, False, 'best']
['seedcms', 202541662, 'impression', '2', 240465949L, datetime.datetime(2013, 5, 15, 15, 52, 27), 0.236624131576479, False, 'best']
['seedcms', 202541662, 'view_full_application_via_name', '2', 240465949L, datetime.datetime(2013, 5, 15, 15, 52, 29), 0.236624131576479, False, 'best']
['seedcms', 202541662, 'impression', '3', 240466171L, datetime.datetime(2013, 5, 15, 15, 59, 25), 0.307833362081622, False, 'best']
['seedcms', 202541662, 'impression', '5', 240466360L, datetime.datetime(2013, 5, 15, 15, 59, 25), 0.121738711495155, False, 'best']
['seedcms', 202541662, 'impression', '1', 240465915L, datetime.datetime(2013, 5, 15, 15, 59, 25), 0.215508627241691, False, 'best']
['seedcms', 202541662, 'impression', '4', 240466174L, datetime.datetime(2013, 5, 15, 15, 59, 25), 0.294719914460428, False, 'best']
['seedcms', 202541662, 'impression', '2', 240465949L, datetime.datetime(2013, 5, 15, 15, 59, 25), 0.236624131576479, False, 'best']
['seedcms', 202541662, 'impression', '6', 240466378L, datetime.datetime(2013, 5, 15, 15, 59, 25), 0.139664872744875, False, 'best']
['seedcms', 202541662, 'expand_tile', '1', 240465915L, datetime.datetime(2013, 5, 15, 15, 59, 54), 0.215508627241691, False, 'best']
['seedcms', 202541662, 'view_full_application_via_name', '1', 240465915L, datetime.datetime(2013, 5, 15, 15, 59, 57), 0.215508627241691, False, 'best']
['seedcms', 202541662, 'impression', '4', 240466174L, datetime.datetime(2013, 5, 15, 16, 1, 58), 0.294719914460428, False, 'best']
['seedcms', 202541662, 'impression', '1', 240465915L, datetime.datetime(2013, 5, 15, 16, 1, 58), 0.215508627241691, False, 'best']
['seedcms', 202541662, 'impression', '7', 240466438L, datetime.datetime(2013, 5, 15, 16, 1, 58), 0.157688429874483, False, 'best']
['seedcms', 202541662, 'impression', '5', 240466360L, datetime.datetime(2013, 5, 15, 16, 1, 58), 0.121738711495155, False, 'best']
['seedcms', 202541662, 'impression', '3', 240466171L, datetime.datetime(2013, 5, 15, 16, 1, 58), 0.307833362081622, False, 'best']
['seedcms', 202541662, 'impression', '8', 240466742L, datetime.datetime(2013, 5, 15, 16, 1, 58), 0.163552994211938, False, 'best']
['seedcms', 202541662, 'impression', '9', 240466883L, datetime.datetime(2013, 5, 15, 16, 1, 58), 0.274870884418981, False, 'best']
['seedcms', 202541662, 'impression', '6', 240466378L, datetime.datetime(2013, 5, 15, 16, 1, 58), 0.139664872744875, False, 'best']
['seedcms', 202541662, 'impression', '2', 240465949L, datetime.datetime(2013, 5, 15, 16, 1, 58), 0.236624131576479, False, 'best']
['seedcms', 202541662, 'shortlist', '1', 240465915L, datetime.datetime(2013, 5, 15, 16, 2, 3), 0.215508627241691, False, 'best']
['seedcms', 202541662, 'impression', '9', 240466883L, datetime.datetime(2013, 5, 15, 16, 3, 54), 0.274870884418981, False, 'best']
['seedcms', 202541662, 'impression', '5', 240466360L, datetime.datetime(2013, 5, 15, 16, 3, 54), 0.121738711495155, False, 'best']
['seedcms', 202541662, 'impression', '3', 240466171L, datetime.datetime(2013, 5, 15, 16, 3, 54), 0.307833362081622, False, 'best']
['seedcms', 202541662, 'impression', '8', 240466742L, datetime.datetime(2013, 5, 15, 16, 3, 54), 0.163552994211938, False, 'best']
['seedcms', 202541662, 'impression', '7', 240466438L, datetime.datetime(2013, 5, 15, 16, 3, 54), 0.157688429874483, False, 'best']
['seedcms', 202541662, 'impression', '1', 240465915L, datetime.datetime(2013, 5, 15, 16, 3, 54), 0.215508627241691, False, 'best']
['seedcms', 202541662, 'impression', '4', 240466174L, datetime.datetime(2013, 5, 15, 16, 3, 54), 0.294719914460428, False, 'best']
['seedcms', 202541662, 'impression', '2', 240465949L, datetime.datetime(2013, 5, 15, 16, 3, 54), 0.236624131576479, False, 'best']
['seedcms', 202541662, 'impression', '6', 240466378L, datetime.datetime(2013, 5, 15, 16, 3, 54), 0.139664872744875, False, 'best']

['seedcms', 202541662, 'impression', '3', 240466171L, datetime.datetime(2013, 5, 15, 16, 50), 0.307833362081622, False, 'best']
['seedcms', 202541662, 'impression', '13', 240468083L, datetime.datetime(2013, 5, 15, 16, 50), 0.2055243119361, False, 'best']
['seedcms', 202541662, 'impression', '5', 240466360L, datetime.datetime(2013, 5, 15, 16, 50), 0.121738711495155, False, 'best']
['seedcms', 202541662, 'impression', '17', 240469239L, datetime.datetime(2013, 5, 15, 16, 50), 0.249784187519397, False, 'best']
['seedcms', 202541662, 'impression', '16', 240469194L, datetime.datetime(2013, 5, 15, 16, 50), 0.0995069023105771, False, 'best']
['seedcms', 202541662, 'impression', '4', 240466174L, datetime.datetime(2013, 5, 15, 16, 50), 0.294719914460428, False, 'best']
['seedcms', 202541662, 'impression', '1', 240465915L, datetime.datetime(2013, 5, 15, 16, 50), 0.215508627241691, False, 'best']
['seedcms', 202541662, 'impression', '15', 240468636L, datetime.datetime(2013, 5, 15, 16, 50), 0.67694806364907, False, 'best']
['seedcms', 202541662, 'impression', '18', 240469467L, datetime.datetime(2013, 5, 15, 16, 50), 0.0827570210885827, False, 'best']
['seedcms', 202541662, 'impression', '7', 240466438L, datetime.datetime(2013, 5, 15, 16, 50), 0.157688429874483, False, 'best']
['seedcms', 202541662, 'impression', '19', 240469507L, datetime.datetime(2013, 5, 15, 16, 50), 0.361450112458759, False, 'best']
['seedcms', 202541662, 'impression', '10', 240467029L, datetime.datetime(2013, 5, 15, 16, 50), 0.164835436693758, False, 'best']
['seedcms', 202541662, 'impression', '11', 240467302L, datetime.datetime(2013, 5, 15, 16, 50), 0.319906496241042, False, 'best']
['seedcms', 202541662, 'impression', '2', 240465949L, datetime.datetime(2013, 5, 15, 16, 50), 0.236624131576479, False, 'best']
['seedcms', 202541662, 'impression', '6', 240466378L, datetime.datetime(2013, 5, 15, 16, 50), 0.139664872744875, False, 'best']
['seedcms', 202541662, 'impression', '14', 240468603L, datetime.datetime(2013, 5, 15, 16, 50), 0.191312091157255, False, 'best']
['seedcms', 202541662, 'impression', '9', 240466883L, datetime.datetime(2013, 5, 15, 16, 50), 0.274870884418981, False, 'best']
['seedcms', 202541662, 'impression', '12', 240467409L, datetime.datetime(2013, 5, 15, 16, 50), 0.258316218091476, False, 'best']
['seedcms', 202541662, 'impression', '20', 240469863L, datetime.datetime(2013, 5, 15, 16, 50), 0.171906603250086, False, 'best']
['seedcms', 202541662, 'impression', '8', 240466742L, datetime.datetime(2013, 5, 15, 16, 50), 0.163552994211938, False, 'best']
['seedcms', 202541662, 'view_full_application_via_name', '19', 240469507L, datetime.datetime(2013, 5, 15, 16, 50, 45), 0.361450112458759, False, 'best']

['seedcms', 202541662, 'impression', '8', 240466742L, datetime.datetime(2013, 5, 15, 18, 27, 45), 0.163552994211938, False, 'best']
['seedcms', 202541662, 'impression', '10', 240467029L, datetime.datetime(2013, 5, 15, 18, 27, 45), 0.164835436693758, False, 'best']
['seedcms', 202541662, 'impression', '19', 240469507L, datetime.datetime(2013, 5, 15, 18, 27, 45), 0.361450112458759, False, 'best']
['seedcms', 202541662, 'impression', '13', 240468083L, datetime.datetime(2013, 5, 15, 18, 27, 45), 0.2055243119361, False, 'best']
['seedcms', 202541662, 'impression', '5', 240466360L, datetime.datetime(2013, 5, 15, 18, 27, 45), 0.121738711495155, False, 'best']
['seedcms', 202541662, 'impression', '17', 240469239L, datetime.datetime(2013, 5, 15, 18, 27, 45), 0.249784187519397, False, 'best']
['seedcms', 202541662, 'impression', '3', 240466171L, datetime.datetime(2013, 5, 15, 18, 27, 45), 0.307833362081622, False, 'best']
['seedcms', 202541662, 'impression', '11', 240467302L, datetime.datetime(2013, 5, 15, 18, 27, 45), 0.319906496241042, False, 'best']
['seedcms', 202541662, 'impression', '14', 240468603L, datetime.datetime(2013, 5, 15, 18, 27, 45), 0.191312091157255, False, 'best']
['seedcms', 202541662, 'impression', '2', 240465949L, datetime.datetime(2013, 5, 15, 18, 27, 45), 0.236624131576479, False, 'best']
['seedcms', 202541662, 'impression', '6', 240466378L, datetime.datetime(2013, 5, 15, 18, 27, 45), 0.139664872744875, False, 'best']
['seedcms', 202541662, 'impression', '16', 240469194L, datetime.datetime(2013, 5, 15, 18, 27, 45), 0.0995069023105771, False, 'best']
['seedcms', 202541662, 'impression', '4', 240466174L, datetime.datetime(2013, 5, 15, 18, 27, 45), 0.294719914460428, False, 'best']
['seedcms', 202541662, 'impression', '1', 240465915L, datetime.datetime(2013, 5, 15, 18, 27, 45), 0.215508627241691, False, 'best']
['seedcms', 202541662, 'impression', '15', 240468636L, datetime.datetime(2013, 5, 15, 18, 27, 45), 0.67694806364907, False, 'best']
['seedcms', 202541662, 'impression', '18', 240469467L, datetime.datetime(2013, 5, 15, 18, 27, 45), 0.0827570210885827, False, 'best']
['seedcms', 202541662, 'impression', '7', 240466438L, datetime.datetime(2013, 5, 15, 18, 27, 45), 0.157688429874483, False, 'best']
['seedcms', 202541662, 'impression', '9', 240466883L, datetime.datetime(2013, 5, 15, 18, 27, 45), 0.274870884418981, False, 'best']
['seedcms', 202541662, 'impression', '20', 240469863L, datetime.datetime(2013, 5, 15, 18, 27, 45), 0.171906603250086, False, 'best']
['seedcms', 202541662, 'impression', '12', 240467409L, datetime.datetime(2013, 5, 15, 18, 27, 45), 0.258316218091476, False, 'best']

['seedcms', 202541662, 'impression', '12', 240467409L, datetime.datetime(2013, 5, 15, 20, 42, 27), 0.258316218091476, False, 'best']
['seedcms', 202541662, 'impression', '20', 240469863L, datetime.datetime(2013, 5, 15, 20, 42, 27), 0.171906603250086, False, 'best']
['seedcms', 202541662, 'impression', '9', 240466883L, datetime.datetime(2013, 5, 15, 20, 42, 27), 0.274870884418981, False, 'best']
['seedcms', 202541662, 'impression', '5', 240466360L, datetime.datetime(2013, 5, 15, 20, 42, 27), 0.121738711495155, False, 'best']
['seedcms', 202541662, 'impression', '17', 240469239L, datetime.datetime(2013, 5, 15, 20, 42, 27), 0.249784187519397, False, 'best']
['seedcms', 202541662, 'impression', '3', 240466171L, datetime.datetime(2013, 5, 15, 20, 42, 27), 0.307833362081622, False, 'best']
['seedcms', 202541662, 'impression', '13', 240468083L, datetime.datetime(2013, 5, 15, 20, 42, 27), 0.2055243119361, False, 'best']
['seedcms', 202541662, 'impression', '18', 240469467L, datetime.datetime(2013, 5, 15, 20, 42, 27), 0.0827570210885827, False, 'best']
['seedcms', 202541662, 'impression', '7', 240466438L, datetime.datetime(2013, 5, 15, 20, 42, 27), 0.157688429874483, False, 'best']
['seedcms', 202541662, 'impression', '8', 240466742L, datetime.datetime(2013, 5, 15, 20, 42, 27), 0.163552994211938, False, 'best']
['seedcms', 202541662, 'impression', '15', 240468636L, datetime.datetime(2013, 5, 15, 20, 42, 27), 0.67694806364907, False, 'best']
['seedcms', 202541662, 'impression', '1', 240465915L, datetime.datetime(2013, 5, 15, 20, 42, 27), 0.215508627241691, False, 'best']
['seedcms', 202541662, 'impression', '4', 240466174L, datetime.datetime(2013, 5, 15, 20, 42, 27), 0.294719914460428, False, 'best']
['seedcms', 202541662, 'impression', '16', 240469194L, datetime.datetime(2013, 5, 15, 20, 42, 27), 0.0995069023105771, False, 'best']
['seedcms', 202541662, 'impression', '19', 240469507L, datetime.datetime(2013, 5, 15, 20, 42, 27), 0.361450112458759, False, 'best']
['seedcms', 202541662, 'impression', '10', 240467029L, datetime.datetime(2013, 5, 15, 20, 42, 27), 0.164835436693758, False, 'best']
['seedcms', 202541662, 'impression', '2', 240465949L, datetime.datetime(2013, 5, 15, 20, 42, 27), 0.236624131576479, False, 'best']
['seedcms', 202541662, 'impression', '11', 240467302L, datetime.datetime(2013, 5, 15, 20, 42, 27), 0.319906496241042, False, 'best']
['seedcms', 202541662, 'impression', '14', 240468603L, datetime.datetime(2013, 5, 15, 20, 42, 27), 0.191312091157255, False, 'best']
['seedcms', 202541662, 'impression', '6', 240466378L, datetime.datetime(2013, 5, 15, 20, 42, 27), 0.139664872744875, False, 'best']

['seedcms', 202541662, 'impression', '12', 240467409L, datetime.datetime(2013, 5, 15, 21, 32, 55), 0.258316218091476, False, 'best']
['seedcms', 202541662, 'impression', '20', 240469863L, datetime.datetime(2013, 5, 15, 21, 32, 55), 0.171906603250086, False, 'best']
['seedcms', 202541662, 'impression', '9', 240466883L, datetime.datetime(2013, 5, 15, 21, 32, 55), 0.274870884418981, False, 'best']
['seedcms', 202541662, 'impression', '14', 240468603L, datetime.datetime(2013, 5, 15, 21, 32, 55), 0.191312091157255, False, 'best']
['seedcms', 202541662, 'impression', '6', 240466378L, datetime.datetime(2013, 5, 15, 21, 32, 55), 0.139664872744875, False, 'best']
['seedcms', 202541662, 'impression', '2', 240465949L, datetime.datetime(2013, 5, 15, 21, 32, 55), 0.236624131576479, False, 'best']
['seedcms', 202541662, 'impression', '11', 240467302L, datetime.datetime(2013, 5, 15, 21, 32, 55), 0.319906496241042, False, 'best']
['seedcms', 202541662, 'impression', '7', 240466438L, datetime.datetime(2013, 5, 15, 21, 32, 55), 0.157688429874483, False, 'best']
['seedcms', 202541662, 'impression', '18', 240469467L, datetime.datetime(2013, 5, 15, 21, 32, 55), 0.0827570210885827, False, 'best']
['seedcms', 202541662, 'impression', '19', 240469507L, datetime.datetime(2013, 5, 15, 21, 32, 55), 0.361450112458759, False, 'best']
['seedcms', 202541662, 'impression', '10', 240467029L, datetime.datetime(2013, 5, 15, 21, 32, 55), 0.164835436693758, False, 'best']
['seedcms', 202541662, 'impression', '8', 240466742L, datetime.datetime(2013, 5, 15, 21, 32, 55), 0.163552994211938, False, 'best']
['seedcms', 202541662, 'impression', '15', 240468636L, datetime.datetime(2013, 5, 15, 21, 32, 55), 0.67694806364907, False, 'best']
['seedcms', 202541662, 'impression', '16', 240469194L, datetime.datetime(2013, 5, 15, 21, 32, 55), 0.0995069023105771, False, 'best']
['seedcms', 202541662, 'impression', '1', 240465915L, datetime.datetime(2013, 5, 15, 21, 32, 55), 0.215508627241691, False, 'best']
['seedcms', 202541662, 'impression', '4', 240466174L, datetime.datetime(2013, 5, 15, 21, 32, 55), 0.294719914460428, False, 'best']
['seedcms', 202541662, 'impression', '3', 240466171L, datetime.datetime(2013, 5, 15, 21, 32, 55), 0.307833362081622, False, 'best']
['seedcms', 202541662, 'impression', '17', 240469239L, datetime.datetime(2013, 5, 15, 21, 32, 55), 0.249784187519397, False, 'best']
['seedcms', 202541662, 'impression', '13', 240468083L, datetime.datetime(2013, 5, 15, 21, 32, 55), 0.2055243119361, False, 'best']
['seedcms', 202541662, 'impression', '5', 240466360L, datetime.datetime(2013, 5, 15, 21, 32, 55), 0.121738711495155, False, 'best']
['seedcms', 202541662, 'view_full_application_via_name', '1', 240465915L, datetime.datetime(2013, 5, 15, 21, 32, 58), 0.215508627241691, False, 'best']
['seedcms', 202541662, 'impression', '20', 240469863L, datetime.datetime(2013, 5, 15, 21, 33, 24), 0.171906603250086, False, 'best']
['seedcms', 202541662, 'impression', '9', 240466883L, datetime.datetime(2013, 5, 15, 21, 33, 24), 0.274870884418981, False, 'best']
['seedcms', 202541662, 'impression', '12', 240467409L, datetime.datetime(2013, 5, 15, 21, 33, 24), 0.258316218091476, False, 'best']
['seedcms', 202541662, 'impression', '14', 240468603L, datetime.datetime(2013, 5, 15, 21, 33, 24), 0.191312091157255, False, 'best']
['seedcms', 202541662, 'impression', '2', 240465949L, datetime.datetime(2013, 5, 15, 21, 33, 24), 0.236624131576479, False, 'best']
['seedcms', 202541662, 'impression', '11', 240467302L, datetime.datetime(2013, 5, 15, 21, 33, 24), 0.319906496241042, False, 'best']
['seedcms', 202541662, 'impression', '6', 240466378L, datetime.datetime(2013, 5, 15, 21, 33, 24), 0.139664872744875, False, 'best']
['seedcms', 202541662, 'impression', '8', 240466742L, datetime.datetime(2013, 5, 15, 21, 33, 24), 0.163552994211938, False, 'best']
['seedcms', 202541662, 'impression', '7', 240466438L, datetime.datetime(2013, 5, 15, 21, 33, 24), 0.157688429874483, False, 'best']
['seedcms', 202541662, 'impression', '18', 240469467L, datetime.datetime(2013, 5, 15, 21, 33, 24), 0.0827570210885827, False, 'best']
['seedcms', 202541662, 'impression', '1', 240465915L, datetime.datetime(2013, 5, 15, 21, 33, 24), 0.215508627241691, False, 'best']
['seedcms', 202541662, 'impression', '16', 240469194L, datetime.datetime(2013, 5, 15, 21, 33, 24), 0.0995069023105771, False, 'best']
['seedcms', 202541662, 'impression', '15', 240468636L, datetime.datetime(2013, 5, 15, 21, 33, 24), 0.67694806364907, False, 'best']
['seedcms', 202541662, 'impression', '4', 240466174L, datetime.datetime(2013, 5, 15, 21, 33, 24), 0.294719914460428, False, 'best']
['seedcms', 202541662, 'impression', '13', 240468083L, datetime.datetime(2013, 5, 15, 21, 33, 24), 0.2055243119361, False, 'best']
['seedcms', 202541662, 'impression', '17', 240469239L, datetime.datetime(2013, 5, 15, 21, 33, 24), 0.249784187519397, False, 'best']
['seedcms', 202541662, 'impression', '5', 240466360L, datetime.datetime(2013, 5, 15, 21, 33, 24), 0.121738711495155, False, 'best']
['seedcms', 202541662, 'impression', '3', 240466171L, datetime.datetime(2013, 5, 15, 21, 33, 24), 0.307833362081622, False, 'best']
['seedcms', 202541662, 'impression', '10', 240467029L, datetime.datetime(2013, 5, 15, 21, 33, 24), 0.164835436693758, False, 'best']
['seedcms', 202541662, 'impression', '19', 240469507L, datetime.datetime(2013, 5, 15, 21, 33, 24), 0.361450112458759, False, 'best']
['seedcms', 202541662, 'view_full_application_via_message', '1', 240465915L, datetime.datetime(2013, 5, 15, 21, 33, 29), 0.215508627241691, False, 'best']

['seedcms', 202541662, 'impression', '3', 240470407L, datetime.datetime(2013, 5, 16, 18, 30, 42), 0.464406650621391, False, 'best']
['seedcms', 202541662, 'impression', '1', 240468636L, datetime.datetime(2013, 5, 16, 18, 30, 42), 0.67694806364907, False, 'best']
['seedcms', 202541662, 'impression', '14', 240465915L, datetime.datetime(2013, 5, 16, 18, 30, 42), 0.215508627241691, False, 'best']
['seedcms', 202541662, 'impression', '8', 240466174L, datetime.datetime(2013, 5, 16, 18, 30, 42), 0.294719914460428, False, 'best']
['seedcms', 202541662, 'impression', '16', 240470126L, datetime.datetime(2013, 5, 16, 18, 30, 42), 0.191660992805744, False, 'best']
['seedcms', 202541662, 'impression', '6', 240467302L, datetime.datetime(2013, 5, 16, 18, 30, 42), 0.319906496241042, False, 'best']
['seedcms', 202541662, 'impression', '17', 240468603L, datetime.datetime(2013, 5, 16, 18, 30, 42), 0.191312091157255, False, 'best']
['seedcms', 202541662, 'impression', '2', 240472699L, datetime.datetime(2013, 5, 16, 18, 30, 42), 0.46692955961161, False, 'best']
['seedcms', 202541662, 'impression', '13', 240465949L, datetime.datetime(2013, 5, 16, 18, 30, 42), 0.236624131576479, False, 'best']
['seedcms', 202541662, 'impression', '7', 240466171L, datetime.datetime(2013, 5, 16, 18, 30, 42), 0.307833362081622, False, 'best']
['seedcms', 202541662, 'impression', '15', 240468083L, datetime.datetime(2013, 5, 16, 18, 30, 42), 0.2055243119361, False, 'best']
['seedcms', 202541662, 'impression', '12', 240469239L, datetime.datetime(2013, 5, 16, 18, 30, 42), 0.249784187519397, False, 'best']
['seedcms', 202541662, 'impression', '10', 240472103L, datetime.datetime(2013, 5, 16, 18, 30, 42), 0.278608642515857, False, 'best']
['seedcms', 202541662, 'impression', '20', 240466742L, datetime.datetime(2013, 5, 16, 18, 30, 42), 0.163552994211938, False, 'best']
['seedcms', 202541662, 'impression', '11', 240467409L, datetime.datetime(2013, 5, 16, 18, 30, 42), 0.258316218091476, False, 'best']
['seedcms', 202541662, 'impression', '18', 240469863L, datetime.datetime(2013, 5, 16, 18, 30, 42), 0.171906603250086, False, 'best']
['seedcms', 202541662, 'impression', '19', 240467029L, datetime.datetime(2013, 5, 16, 18, 30, 42), 0.164835436693758, False, 'best']
['seedcms', 202541662, 'impression', '9', 240471920L, datetime.datetime(2013, 5, 16, 18, 30, 42), 0.290792644721349, False, 'best']
['seedcms', 202541662, 'impression', '5', 240469507L, datetime.datetime(2013, 5, 16, 18, 30, 42), 0.361450112458759, False, 'best']
['seedcms', 202541662, 'impression', '4', 240472571L, datetime.datetime(2013, 5, 16, 18, 30, 42), 0.464202287759725, False, 'best']
['seedcms', 202541662, 'impression', '6', 240467302L, datetime.datetime(2013, 5, 16, 18, 39, 26), 0.319906496241042, False, 'best']
['seedcms', 202541662, 'impression', '13', 240465949L, datetime.datetime(2013, 5, 16, 18, 39, 26), 0.236624131576479, False, 'best']
['seedcms', 202541662, 'impression', '2', 240472699L, datetime.datetime(2013, 5, 16, 18, 39, 26), 0.46692955961161, False, 'best']
['seedcms', 202541662, 'impression', '17', 240468603L, datetime.datetime(2013, 5, 16, 18, 39, 26), 0.191312091157255, False, 'best']
['seedcms', 202541662, 'impression', '15', 240468083L, datetime.datetime(2013, 5, 16, 18, 39, 26), 0.2055243119361, False, 'best']
['seedcms', 202541662, 'impression', '7', 240466171L, datetime.datetime(2013, 5, 16, 18, 39, 26), 0.307833362081622, False, 'best']
['seedcms', 202541662, 'impression', '12', 240469239L, datetime.datetime(2013, 5, 16, 18, 39, 26), 0.249784187519397, False, 'best']
['seedcms', 202541662, 'impression', '20', 240466742L, datetime.datetime(2013, 5, 16, 18, 39, 26), 0.163552994211938, False, 'best']
['seedcms', 202541662, 'impression', '10', 240472103L, datetime.datetime(2013, 5, 16, 18, 39, 26), 0.278608642515857, False, 'best']
['seedcms', 202541662, 'impression', '3', 240470407L, datetime.datetime(2013, 5, 16, 18, 39, 26), 0.464406650621391, False, 'best']
['seedcms', 202541662, 'impression', '9', 240471920L, datetime.datetime(2013, 5, 16, 18, 39, 26), 0.290792644721349, False, 'best']
['seedcms', 202541662, 'impression', '19', 240467029L, datetime.datetime(2013, 5, 16, 18, 39, 26), 0.164835436693758, False, 'best']
['seedcms', 202541662, 'impression', '5', 240469507L, datetime.datetime(2013, 5, 16, 18, 39, 26), 0.361450112458759, False, 'best']
['seedcms', 202541662, 'impression', '4', 240472571L, datetime.datetime(2013, 5, 16, 18, 39, 26), 0.464202287759725, False, 'best']
['seedcms', 202541662, 'impression', '18', 240469863L, datetime.datetime(2013, 5, 16, 18, 39, 26), 0.171906603250086, False, 'best']
['seedcms', 202541662, 'impression', '11', 240467409L, datetime.datetime(2013, 5, 16, 18, 39, 26), 0.258316218091476, False, 'best']
['seedcms', 202541662, 'impression', '1', 240468636L, datetime.datetime(2013, 5, 16, 18, 39, 26), 0.67694806364907, False, 'best']
['seedcms', 202541662, 'impression', '14', 240465915L, datetime.datetime(2013, 5, 16, 18, 39, 26), 0.215508627241691, False, 'best']
['seedcms', 202541662, 'impression', '16', 240470126L, datetime.datetime(2013, 5, 16, 18, 39, 26), 0.191660992805744, False, 'best']
['seedcms', 202541662, 'impression', '8', 240466174L, datetime.datetime(2013, 5, 16, 18, 39, 26), 0.294719914460428, False, 'best']
['seedcms', 202541662, 'impression', '3', 240470407L, datetime.datetime(2013, 5, 16, 18, 53, 56), 0.464406650621391, False, 'best']
['seedcms', 202541662, 'impression', '11', 240467409L, datetime.datetime(2013, 5, 16, 18, 53, 56), 0.258316218091476, False, 'best']
['seedcms', 202541662, 'impression', '18', 240469863L, datetime.datetime(2013, 5, 16, 18, 53, 56), 0.171906603250086, False, 'best']
['seedcms', 202541662, 'impression', '7', 240466171L, datetime.datetime(2013, 5, 16, 18, 53, 56), 0.307833362081622, False, 'best']
['seedcms', 202541662, 'impression', '12', 240469239L, datetime.datetime(2013, 5, 16, 18, 53, 56), 0.249784187519397, False, 'best']
['seedcms', 202541662, 'impression', '15', 240468083L, datetime.datetime(2013, 5, 16, 18, 53, 56), 0.2055243119361, False, 'best']
['seedcms', 202541662, 'impression', '20', 240466742L, datetime.datetime(2013, 5, 16, 18, 53, 56), 0.163552994211938, False, 'best']
['seedcms', 202541662, 'impression', '10', 240472103L, datetime.datetime(2013, 5, 16, 18, 53, 56), 0.278608642515857, False, 'best']
['seedcms', 202541662, 'impression', '6', 240467302L, datetime.datetime(2013, 5, 16, 18, 53, 56), 0.319906496241042, False, 'best']
['seedcms', 202541662, 'impression', '17', 240468603L, datetime.datetime(2013, 5, 16, 18, 53, 56), 0.191312091157255, False, 'best']
['seedcms', 202541662, 'impression', '13', 240465949L, datetime.datetime(2013, 5, 16, 18, 53, 56), 0.236624131576479, False, 'best']
['seedcms', 202541662, 'impression', '2', 240472699L, datetime.datetime(2013, 5, 16, 18, 53, 56), 0.46692955961161, False, 'best']
['seedcms', 202541662, 'impression', '9', 240471920L, datetime.datetime(2013, 5, 16, 18, 53, 56), 0.290792644721349, False, 'best']
['seedcms', 202541662, 'impression', '19', 240467029L, datetime.datetime(2013, 5, 16, 18, 53, 56), 0.164835436693758, False, 'best']
['seedcms', 202541662, 'impression', '5', 240469507L, datetime.datetime(2013, 5, 16, 18, 53, 56), 0.361450112458759, False, 'best']
['seedcms', 202541662, 'impression', '1', 240468636L, datetime.datetime(2013, 5, 16, 18, 53, 56), 0.67694806364907, False, 'best']
['seedcms', 202541662, 'impression', '16', 240470126L, datetime.datetime(2013, 5, 16, 18, 53, 56), 0.191660992805744, False, 'best']
['seedcms', 202541662, 'impression', '8', 240466174L, datetime.datetime(2013, 5, 16, 18, 53, 56), 0.294719914460428, False, 'best']
['seedcms', 202541662, 'impression', '14', 240465915L, datetime.datetime(2013, 5, 16, 18, 53, 56), 0.215508627241691, False, 'best']
['seedcms', 202541662, 'impression', '4', 240472571L, datetime.datetime(2013, 5, 16, 18, 53, 56), 0.464202287759725, False, 'best']
['seedcms', 202541662, 'impression', '11', 240467409L, datetime.datetime(2013, 5, 16, 18, 59), 0.258316218091476, False, 'best']
['seedcms', 202541662, 'impression', '18', 240469863L, datetime.datetime(2013, 5, 16, 18, 59), 0.171906603250086, False, 'best']
['seedcms', 202541662, 'impression', '3', 240470407L, datetime.datetime(2013, 5, 16, 18, 59), 0.464406650621391, False, 'best']
['seedcms', 202541662, 'impression', '5', 240469507L, datetime.datetime(2013, 5, 16, 18, 59), 0.361450112458759, False, 'best']
['seedcms', 202541662, 'impression', '9', 240471920L, datetime.datetime(2013, 5, 16, 18, 59), 0.290792644721349, False, 'best']
['seedcms', 202541662, 'impression', '19', 240467029L, datetime.datetime(2013, 5, 16, 18, 59), 0.164835436693758, False, 'best']
['seedcms', 202541662, 'impression', '6', 240467302L, datetime.datetime(2013, 5, 16, 18, 59), 0.319906496241042, False, 'best']
['seedcms', 202541662, 'impression', '17', 240468603L, datetime.datetime(2013, 5, 16, 18, 59), 0.191312091157255, False, 'best']
['seedcms', 202541662, 'impression', '2', 240472699L, datetime.datetime(2013, 5, 16, 18, 59), 0.46692955961161, False, 'best']
['seedcms', 202541662, 'impression', '13', 240465949L, datetime.datetime(2013, 5, 16, 18, 59), 0.236624131576479, False, 'best']
['seedcms', 202541662, 'impression', '20', 240466742L, datetime.datetime(2013, 5, 16, 18, 59), 0.163552994211938, False, 'best']
['seedcms', 202541662, 'impression', '10', 240472103L, datetime.datetime(2013, 5, 16, 18, 59), 0.278608642515857, False, 'best']
['seedcms', 202541662, 'impression', '1', 240468636L, datetime.datetime(2013, 5, 16, 18, 59), 0.67694806364907, False, 'best']
['seedcms', 202541662, 'impression', '8', 240466174L, datetime.datetime(2013, 5, 16, 18, 59), 0.294719914460428, False, 'best']
['seedcms', 202541662, 'impression', '16', 240470126L, datetime.datetime(2013, 5, 16, 18, 59), 0.191660992805744, False, 'best']
['seedcms', 202541662, 'impression', '14', 240465915L, datetime.datetime(2013, 5, 16, 18, 59), 0.215508627241691, False, 'best']
['seedcms', 202541662, 'impression', '7', 240466171L, datetime.datetime(2013, 5, 16, 18, 59), 0.307833362081622, False, 'best']
['seedcms', 202541662, 'impression', '12', 240469239L, datetime.datetime(2013, 5, 16, 18, 59), 0.249784187519397, False, 'best']
['seedcms', 202541662, 'impression', '15', 240468083L, datetime.datetime(2013, 5, 16, 18, 59), 0.2055243119361, False, 'best']
['seedcms', 202541662, 'impression', '4', 240472571L, datetime.datetime(2013, 5, 16, 18, 59), 0.464202287759725, False, 'best']

['seedcms', 202541662, 'impression', '20', 240468603L, datetime.datetime(2013, 5, 16, 20, 30, 29), 0.191312091157255, False, 'best']
['seedcms', 202541662, 'impression', '2', 240472699L, datetime.datetime(2013, 5, 16, 20, 30, 29), 0.46692955961161, False, 'best']
['seedcms', 202541662, 'impression', '8', 240467302L, datetime.datetime(2013, 5, 16, 20, 30, 29), 0.319906496241042, False, 'best']
['seedcms', 202541662, 'impression', '15', 240465949L, datetime.datetime(2013, 5, 16, 20, 30, 29), 0.236624131576479, False, 'best']
['seedcms', 202541662, 'impression', '14', 240469239L, datetime.datetime(2013, 5, 16, 20, 30, 29), 0.249784187519397, False, 'best']
['seedcms', 202541662, 'impression', '17', 240468083L, datetime.datetime(2013, 5, 16, 20, 30, 29), 0.2055243119361, False, 'best']
['seedcms', 202541662, 'impression', '9', 240466171L, datetime.datetime(2013, 5, 16, 20, 30, 29), 0.307833362081622, False, 'best']
['seedcms', 202541662, 'impression', '13', 240467409L, datetime.datetime(2013, 5, 16, 20, 30, 29), 0.258316218091476, False, 'best']
['seedcms', 202541662, 'impression', '18', 240475967L, datetime.datetime(2013, 5, 16, 20, 30, 29), 0.192333725601079, False, 'best']
['seedcms', 202541662, 'impression', '4', 240472571L, datetime.datetime(2013, 5, 16, 20, 30, 29), 0.464202287759725, False, 'best']
['seedcms', 202541662, 'impression', '7', 240469507L, datetime.datetime(2013, 5, 16, 20, 30, 29), 0.361450112458759, False, 'best']
['seedcms', 202541662, 'impression', '11', 240471920L, datetime.datetime(2013, 5, 16, 20, 30, 29), 0.290792644721349, False, 'best']
['seedcms', 202541662, 'impression', '6', 240474510L, datetime.datetime(2013, 5, 16, 20, 30, 29), 0.381301905081472, False, 'best']
['seedcms', 202541662, 'impression', '12', 240472103L, datetime.datetime(2013, 5, 16, 20, 30, 29), 0.278608642515857, False, 'best']
['seedcms', 202541662, 'impression', '5', 240473266L, datetime.datetime(2013, 5, 16, 20, 30, 29), 0.39919289498749, False, 'best']
['seedcms', 202541662, 'impression', '1', 240468636L, datetime.datetime(2013, 5, 16, 20, 30, 29), 0.67694806364907, False, 'best']
['seedcms', 202541662, 'impression', '19', 240470126L, datetime.datetime(2013, 5, 16, 20, 30, 29), 0.191660992805744, False, 'best']
['seedcms', 202541662, 'impression', '16', 240465915L, datetime.datetime(2013, 5, 16, 20, 30, 29), 0.215508627241691, False, 'best']
['seedcms', 202541662, 'impression', '10', 240466174L, datetime.datetime(2013, 5, 16, 20, 30, 29), 0.294719914460428, False, 'best']
['seedcms', 202541662, 'impression', '3', 240470407L, datetime.datetime(2013, 5, 16, 20, 30, 29), 0.464406650621391, False, 'best']

['seedcms', 202541662, 'impression', '20', 240475967L, datetime.datetime(2013, 5, 17, 0, 10, 2), 0.192333725601079, False, 'best']
['seedcms', 202541662, 'impression', '14', 240467409L, datetime.datetime(2013, 5, 17, 0, 10, 2), 0.258316218091476, False, 'best']
['seedcms', 202541662, 'impression', '16', 240465949L, datetime.datetime(2013, 5, 17, 0, 10, 2), 0.236624131576479, False, 'best']
['seedcms', 202541662, 'impression', '9', 240467302L, datetime.datetime(2013, 5, 17, 0, 10, 2), 0.319906496241042, False, 'best']
['seedcms', 202541662, 'impression', '7', 240480562L, datetime.datetime(2013, 5, 17, 0, 10, 2), 0.374725341815982, False, 'best']
['seedcms', 202541662, 'impression', '2', 240472699L, datetime.datetime(2013, 5, 17, 0, 10, 2), 0.46692955961161, False, 'best']
['seedcms', 202541662, 'impression', '12', 240471920L, datetime.datetime(2013, 5, 17, 0, 10, 2), 0.290792644721349, False, 'best']
['seedcms', 202541662, 'impression', '6', 240474510L, datetime.datetime(2013, 5, 17, 0, 10, 2), 0.381301905081472, False, 'best']
['seedcms', 202541662, 'impression', '8', 240469507L, datetime.datetime(2013, 5, 17, 0, 10, 2), 0.361450112458759, False, 'best']
['seedcms', 202541662, 'impression', '11', 240466174L, datetime.datetime(2013, 5, 17, 0, 10, 2), 0.294719914460428, False, 'best']
['seedcms', 202541662, 'impression', '1', 240468636L, datetime.datetime(2013, 5, 17, 0, 10, 2), 0.67694806364907, False, 'best']
['seedcms', 202541662, 'impression', '17', 240465915L, datetime.datetime(2013, 5, 17, 0, 10, 2), 0.215508627241691, False, 'best']
['seedcms', 202541662, 'impression', '5', 240473266L, datetime.datetime(2013, 5, 17, 0, 10, 2), 0.39919289498749, False, 'best']
['seedcms', 202541662, 'impression', '19', 240468083L, datetime.datetime(2013, 5, 17, 0, 10, 2), 0.2055243119361, False, 'best']
['seedcms', 202541662, 'impression', '10', 240466171L, datetime.datetime(2013, 5, 17, 0, 10, 2), 0.307833362081622, False, 'best']
['seedcms', 202541662, 'impression', '15', 240469239L, datetime.datetime(2013, 5, 17, 0, 10, 2), 0.249784187519397, False, 'best']
['seedcms', 202541662, 'impression', '4', 240472571L, datetime.datetime(2013, 5, 17, 0, 10, 2), 0.464202287759725, False, 'best']
['seedcms', 202541662, 'impression', '13', 240472103L, datetime.datetime(2013, 5, 17, 0, 10, 2), 0.278608642515857, False, 'best']
['seedcms', 202541662, 'impression', '3', 240470407L, datetime.datetime(2013, 5, 17, 0, 10, 2), 0.464406650621391, False, 'best']
['seedcms', 202541662, 'impression', '18', 240484791L, datetime.datetime(2013, 5, 17, 0, 10, 2), 0.206287054776888, False, 'best']

['seedcms', 202541662, 'impression', '13', 240472103L, datetime.datetime(2013, 5, 17, 15, 56, 35), 0.278608642515857, False, 'best']
['seedcms', 202541662, 'impression', '2', 240472699L, datetime.datetime(2013, 5, 17, 15, 56, 35), 0.46692955961161, False, 'best']
['seedcms', 202541662, 'impression', '7', 240480562L, datetime.datetime(2013, 5, 17, 15, 56, 35), 0.374725341815982, False, 'best']
['seedcms', 202541662, 'impression', '16', 240465949L, datetime.datetime(2013, 5, 17, 15, 56, 35), 0.236624131576479, False, 'best']
['seedcms', 202541662, 'impression', '9', 240467302L, datetime.datetime(2013, 5, 17, 15, 56, 35), 0.319906496241042, False, 'best']
['seedcms', 202541662, 'impression', '18', 240484791L, datetime.datetime(2013, 5, 17, 15, 56, 35), 0.206287054776888, False, 'best']
['seedcms', 202541662, 'impression', '3', 240470407L, datetime.datetime(2013, 5, 17, 15, 56, 35), 0.464406650621391, False, 'best']
['seedcms', 202541662, 'impression', '19', 240475967L, datetime.datetime(2013, 5, 17, 15, 56, 35), 0.192333725601079, False, 'best']
['seedcms', 202541662, 'impression', '14', 240467409L, datetime.datetime(2013, 5, 17, 15, 56, 35), 0.258316218091476, False, 'best']
['seedcms', 202541662, 'impression', '4', 240472571L, datetime.datetime(2013, 5, 17, 15, 56, 35), 0.464202287759725, False, 'best']
['seedcms', 202541662, 'impression', '5', 240473266L, datetime.datetime(2013, 5, 17, 15, 56, 35), 0.39919289498749, False, 'best']
['seedcms', 202541662, 'impression', '17', 240465915L, datetime.datetime(2013, 5, 17, 15, 56, 35), 0.215508627241691, False, 'best']
['seedcms', 202541662, 'impression', '20', 240470126L, datetime.datetime(2013, 5, 17, 15, 56, 35), 0.191660992805744, False, 'best']
['seedcms', 202541662, 'impression', '11', 240466174L, datetime.datetime(2013, 5, 17, 15, 56, 35), 0.294719914460428, False, 'best']
['seedcms', 202541662, 'impression', '1', 240468636L, datetime.datetime(2013, 5, 17, 15, 56, 35), 0.67694806364907, False, 'best']
['seedcms', 202541662, 'impression', '12', 240471920L, datetime.datetime(2013, 5, 17, 15, 56, 35), 0.290792644721349, False, 'best']
['seedcms', 202541662, 'impression', '6', 240474510L, datetime.datetime(2013, 5, 17, 15, 56, 35), 0.381301905081472, False, 'best']
['seedcms', 202541662, 'impression', '8', 240469507L, datetime.datetime(2013, 5, 17, 15, 56, 35), 0.361450112458759, False, 'best']
['seedcms', 202541662, 'impression', '15', 240469239L, datetime.datetime(2013, 5, 17, 15, 56, 35), 0.249784187519397, False, 'best']
['seedcms', 202541662, 'impression', '10', 240466171L, datetime.datetime(2013, 5, 17, 15, 56, 35), 0.307833362081622, False, 'best']

['seedcms', 202541662, 'impression', '14', 240465949L, datetime.datetime(2013, 5, 22, 15, 20, 59), 0.236624131576479, False, 'best']
['seedcms', 202541662, 'impression', '18', 240468603L, datetime.datetime(2013, 5, 22, 15, 20, 59), 0.191312091157255, False, 'best']
['seedcms', 202541662, 'impression', '6', 240480562L, datetime.datetime(2013, 5, 22, 15, 20, 59), 0.374725341815982, False, 'best']
['seedcms', 202541662, 'impression', '8', 240466171L, datetime.datetime(2013, 5, 22, 15, 20, 59), 0.307833362081622, False, 'best']
['seedcms', 202541662, 'impression', '13', 240469239L, datetime.datetime(2013, 5, 22, 15, 20, 59), 0.249784187519397, False, 'best']
['seedcms', 202541662, 'impression', '5', 240474510L, datetime.datetime(2013, 5, 22, 15, 20, 59), 0.381301905081472, False, 'best']
['seedcms', 202541662, 'impression', '7', 240469507L, datetime.datetime(2013, 5, 22, 15, 20, 59), 0.361450112458759, False, 'best']
['seedcms', 202541662, 'impression', '20', 240467029L, datetime.datetime(2013, 5, 22, 15, 20, 59), 0.164835436693758, False, 'best']
['seedcms', 202541662, 'impression', '10', 240471920L, datetime.datetime(2013, 5, 22, 15, 20, 59), 0.290792644721349, False, 'best']
['seedcms', 202541662, 'impression', '11', 240472103L, datetime.datetime(2013, 5, 22, 15, 20, 59), 0.278608642515857, False, 'best']
['seedcms', 202541662, 'impression', '3', 240472571L, datetime.datetime(2013, 5, 22, 15, 20, 59), 0.464202287759725, False, 'best']
['seedcms', 202541662, 'impression', '2', 240470407L, datetime.datetime(2013, 5, 22, 15, 20, 59), 0.464406650621391, False, 'best']
['seedcms', 202541662, 'impression', '16', 240475967L, datetime.datetime(2013, 5, 22, 15, 20, 59), 0.192333725601079, False, 'best']
['seedcms', 202541662, 'impression', '19', 240469863L, datetime.datetime(2013, 5, 22, 15, 20, 59), 0.171906603250086, False, 'best']
['seedcms', 202541662, 'impression', '12', 240467409L, datetime.datetime(2013, 5, 22, 15, 20, 59), 0.258316218091476, False, 'best']
['seedcms', 202541662, 'impression', '9', 240466174L, datetime.datetime(2013, 5, 22, 15, 20, 59), 0.294719914460428, False, 'best']
['seedcms', 202541662, 'impression', '1', 240468636L, datetime.datetime(2013, 5, 22, 15, 20, 59), 0.67694806364907, False, 'best']
['seedcms', 202541662, 'impression', '17', 240470126L, datetime.datetime(2013, 5, 22, 15, 20, 59), 0.191660992805744, False, 'best']
['seedcms', 202541662, 'impression', '15', 240465915L, datetime.datetime(2013, 5, 22, 15, 20, 59), 0.215508627241691, False, 'best']
['seedcms', 202541662, 'impression', '4', 240473266L, datetime.datetime(2013, 5, 22, 15, 20, 59), 0.39919289498749, False, 'best']

