['stonned', 202556377, 'impression', '1', 240796698L, datetime.datetime(2013, 5, 20, 5, 28, 12), 0.270031915270987, False, 'best']
['stonned', 202556377, 'impression', '1', 240796698L, datetime.datetime(2013, 5, 20, 5, 28, 12), 0.270031915270987, False, 'best']
['stonned', 202556377, 'expand_tile', '1', 240796698L, datetime.datetime(2013, 5, 20, 5, 28, 18), 0.270031915270987, False, 'best']
['stonned', 202556377, 'view_full_application', '1', 240796698L, datetime.datetime(2013, 5, 20, 5, 28, 25), 0.270031915270987, False, 'best']
['stonned', 202556377, 'impression', '1', 240796698L, datetime.datetime(2013, 5, 20, 5, 31, 26), 0.270031915270987, False, 'best']
['stonned', 202556377, 'impression', '1', 240796698L, datetime.datetime(2013, 5, 20, 5, 31, 44), 0.270031915270987, False, 'best']
['stonned', 202556377, 'shortlist', '1', 240796698L, datetime.datetime(2013, 5, 20, 5, 31, 53), 0.270031915270987, False, 'best']

['stonned', 202556377, 'impression', '2', 240815448L, datetime.datetime(2013, 5, 20, 11, 16, 14), 0.163960830333141, False, 'best']
['stonned', 202556377, 'impression', '1', 240796698L, datetime.datetime(2013, 5, 20, 11, 16, 14), 0.270031915270987, False, 'best']
['stonned', 202556377, 'impression', '1', 240796698L, datetime.datetime(2013, 5, 20, 11, 16, 18), 0.270031915270987, False, 'best']
['stonned', 202556377, 'unshortlist', '1', 240796698L, datetime.datetime(2013, 5, 20, 11, 16, 22), 0.270031915270987, False, 'best']
['stonned', 202556377, 'expand_tile', '2', 240815448L, datetime.datetime(2013, 5, 20, 11, 16, 30), 0.163960830333141, False, 'best']
['stonned', 202556377, 'send_message', '2', 240815448L, datetime.datetime(2013, 5, 20, 11, 16, 33), 0.163960830333141, False, 'best']
['stonned', 202556377, 'expand_tile', '2', 240815448L, datetime.datetime(2013, 5, 20, 11, 18, 10), 0.163960830333141, False, 'best']
['stonned', 202556377, 'collapse_tile', '2', 240815448L, datetime.datetime(2013, 5, 20, 11, 18, 21), 0.163960830333141, False, 'best']
['stonned', 202556377, 'view_full_application_via_name', '2', 240815448L, datetime.datetime(2013, 5, 20, 11, 18, 30), 0.163960830333141, False, 'best']

['stonned', 202556377, 'impression', '1', 240796698L, datetime.datetime(2013, 5, 20, 12, 0, 45), 0.270031915270987, False, 'best']
['stonned', 202556377, 'impression', '2', 240815448L, datetime.datetime(2013, 5, 20, 12, 0, 45), 0.163960830333141, False, 'best']
['stonned', 202556377, 'impression', '1', 240796698L, datetime.datetime(2013, 5, 20, 12, 0, 47), 0.270031915270987, False, 'best']
['stonned', 202556377, 'shortlist', '2', 240815448L, datetime.datetime(2013, 5, 20, 12, 0, 49), 0.163960830333141, False, 'best']
['stonned', 202556377, 'view_full_application_via_message', '2', 240815448L, datetime.datetime(2013, 5, 20, 12, 0, 51), 0.163960830333141, False, 'best']

