['swellnomore', 202574386, 'impression', '2', 241139753L, datetime.datetime(2013, 5, 23, 20, 48, 30), 0.0545015224278575, False, 'time']
['swellnomore', 202574386, 'impression', '3', 241139395L, datetime.datetime(2013, 5, 23, 20, 48, 30), 0.00976633364145343, False, 'time']
['swellnomore', 202574386, 'impression', '1', 241140714L, datetime.datetime(2013, 5, 23, 20, 48, 30), 0.0157332935486998, False, 'time']
['swellnomore', 202574386, 'impression', '4', 241139258L, datetime.datetime(2013, 5, 23, 20, 48, 30), 0.0122394139705421, False, 'time']
['swellnomore', 202574386, 'impression', '2', 241139753L, datetime.datetime(2013, 5, 23, 20, 48, 38), 0.0545015224278575, False, 'time']
['swellnomore', 202574386, 'expand_tile', '1', 241140714L, datetime.datetime(2013, 5, 23, 20, 48, 39), 0.0157332935486998, False, 'time']
['swellnomore', 202574386, 'collapse_tile', '1', 241140714L, datetime.datetime(2013, 5, 23, 20, 48, 51), 0.0157332935486998, False, 'time']
['swellnomore', 202574386, 'expand_tile', '1', 241140714L, datetime.datetime(2013, 5, 23, 20, 48, 53), 0.0157332935486998, False, 'time']

['swellnomore', 202574386, 'impression', '1', 241145016L, datetime.datetime(2013, 5, 23, 23, 20, 21), 0.0397105072218294, False, 'time']
['swellnomore', 202574386, 'impression', '6', 241139258L, datetime.datetime(2013, 5, 23, 23, 20, 21), 0.0122394139705421, False, 'time']
['swellnomore', 202574386, 'impression', '2', 241143890L, datetime.datetime(2013, 5, 23, 23, 20, 21), 0.00966597462048816, False, 'time']
['swellnomore', 202574386, 'impression', '5', 241139395L, datetime.datetime(2013, 5, 23, 23, 20, 21), 0.00976633364145343, False, 'time']
['swellnomore', 202574386, 'impression', '4', 241139753L, datetime.datetime(2013, 5, 23, 23, 20, 21), 0.0545015224278575, False, 'time']
['swellnomore', 202574386, 'impression', '3', 241140714L, datetime.datetime(2013, 5, 23, 23, 20, 21), 0.0157332935486998, False, 'time']
['swellnomore', 202574386, 'expand_tile', '1', 241145016L, datetime.datetime(2013, 5, 23, 23, 20, 47), 0.0397105072218294, False, 'time']
['swellnomore', 202574386, 'view_full_application', '1', 241145016L, datetime.datetime(2013, 5, 23, 23, 20, 49), 0.0397105072218294, False, 'time']

['swellnomore', 202574386, 'impression', '4', 241139753L, datetime.datetime(2013, 5, 24, 0, 11, 29), 0.0545015224278575, False, 'time']
['swellnomore', 202574386, 'impression', '5', 241139395L, datetime.datetime(2013, 5, 24, 0, 11, 29), 0.00976633364145343, False, 'time']
['swellnomore', 202574386, 'impression', '2', 241143890L, datetime.datetime(2013, 5, 24, 0, 11, 29), 0.00966597462048816, False, 'time']
['swellnomore', 202574386, 'impression', '6', 241139258L, datetime.datetime(2013, 5, 24, 0, 11, 29), 0.0122394139705421, False, 'time']
['swellnomore', 202574386, 'impression', '1', 241145016L, datetime.datetime(2013, 5, 24, 0, 11, 29), 0.0397105072218294, False, 'time']
['swellnomore', 202574386, 'impression', '3', 241140714L, datetime.datetime(2013, 5, 24, 0, 11, 29), 0.0157332935486998, False, 'time']
['swellnomore', 202574386, 'view_full_application_via_name', '3', 241140714L, datetime.datetime(2013, 5, 24, 0, 11, 43), 0.0157332935486998, False, 'time']

['swellnomore', 202574386, 'impression', '14', 241140714L, datetime.datetime(2013, 5, 24, 16, 31, 44), 0.0157332935486998, False, 'time']
['swellnomore', 202574386, 'impression', '17', 241139258L, datetime.datetime(2013, 5, 24, 16, 31, 44), 0.0122394139705421, False, 'time']
['swellnomore', 202574386, 'impression', '12', 241145016L, datetime.datetime(2013, 5, 24, 16, 31, 44), 0.0397105072218294, False, 'time']
['swellnomore', 202574386, 'impression', '3', 241194085L, datetime.datetime(2013, 5, 24, 16, 31, 44), 0.0761468214300455, False, 'time']
['swellnomore', 202574386, 'impression', '4', 241192659L, datetime.datetime(2013, 5, 24, 16, 31, 44), 0.0394088709652486, False, 'time']
['swellnomore', 202574386, 'impression', '6', 241180703L, datetime.datetime(2013, 5, 24, 16, 31, 44), 0.12496604620456, False, 'time']
['swellnomore', 202574386, 'impression', '5', 241184137L, datetime.datetime(2013, 5, 24, 16, 31, 44), 0.0314478498001251, False, 'time']
['swellnomore', 202574386, 'impression', '9', 241166172L, datetime.datetime(2013, 5, 24, 16, 31, 44), 0.0472214689231732, False, 'time']
['swellnomore', 202574386, 'impression', '11', 241155101L, datetime.datetime(2013, 5, 24, 16, 31, 44), 0.0245670660668733, False, 'time']
['swellnomore', 202574386, 'impression', '15', 241139753L, datetime.datetime(2013, 5, 24, 16, 31, 44), 0.0545015224278575, False, 'time']
['swellnomore', 202574386, 'impression', '16', 241139395L, datetime.datetime(2013, 5, 24, 16, 31, 44), 0.00976633364145343, False, 'time']
['swellnomore', 202574386, 'impression', '10', 241162090L, datetime.datetime(2013, 5, 24, 16, 31, 44), 0.0241956312552889, False, 'time']
['swellnomore', 202574386, 'impression', '13', 241143890L, datetime.datetime(2013, 5, 24, 16, 31, 44), 0.00966597462048816, False, 'time']
['swellnomore', 202574386, 'impression', '8', 241170375L, datetime.datetime(2013, 5, 24, 16, 31, 44), 0.0356595369778499, False, 'time']
['swellnomore', 202574386, 'impression', '2', 241195474L, datetime.datetime(2013, 5, 24, 16, 31, 44), 0.0384483776978142, False, 'time']
['swellnomore', 202574386, 'impression', '7', 241174332L, datetime.datetime(2013, 5, 24, 16, 31, 44), 0.0821391928671846, False, 'time']
['swellnomore', 202574386, 'impression', '1', 241198679L, datetime.datetime(2013, 5, 24, 16, 31, 44), 0.019465144773416, False, 'time']
['swellnomore', 202574386, 'expand_tile', '1', 241198679L, datetime.datetime(2013, 5, 24, 16, 31, 55), 0.019465144773416, False, 'time']
['swellnomore', 202574386, 'collapse_tile', '1', 241198679L, datetime.datetime(2013, 5, 24, 16, 32, 4), 0.019465144773416, False, 'time']
['swellnomore', 202574386, 'expand_tile', '1', 241198679L, datetime.datetime(2013, 5, 24, 16, 32, 6), 0.019465144773416, False, 'time']
['swellnomore', 202574386, 'collapse_tile', '1', 241198679L, datetime.datetime(2013, 5, 24, 16, 32, 9), 0.019465144773416, False, 'time']
['swellnomore', 202574386, 'expand_tile', '1', 241198679L, datetime.datetime(2013, 5, 24, 16, 32, 10), 0.019465144773416, False, 'time']
['swellnomore', 202574386, 'impression', '6', 241180703L, datetime.datetime(2013, 5, 24, 16, 51, 39), 0.12496604620456, False, 'time']
['swellnomore', 202574386, 'impression', '9', 241166172L, datetime.datetime(2013, 5, 24, 16, 51, 39), 0.0472214689231732, False, 'time']
['swellnomore', 202574386, 'impression', '5', 241184137L, datetime.datetime(2013, 5, 24, 16, 51, 39), 0.0314478498001251, False, 'time']
['swellnomore', 202574386, 'impression', '14', 241140714L, datetime.datetime(2013, 5, 24, 16, 51, 39), 0.0157332935486998, False, 'time']
['swellnomore', 202574386, 'impression', '10', 241162090L, datetime.datetime(2013, 5, 24, 16, 51, 39), 0.0241956312552889, False, 'time']
['swellnomore', 202574386, 'impression', '16', 241139395L, datetime.datetime(2013, 5, 24, 16, 51, 39), 0.00976633364145343, False, 'time']
['swellnomore', 202574386, 'impression', '11', 241155101L, datetime.datetime(2013, 5, 24, 16, 51, 39), 0.0245670660668733, False, 'time']
['swellnomore', 202574386, 'impression', '15', 241139753L, datetime.datetime(2013, 5, 24, 16, 51, 39), 0.0545015224278575, False, 'time']
['swellnomore', 202574386, 'impression', '4', 241192659L, datetime.datetime(2013, 5, 24, 16, 51, 39), 0.0394088709652486, False, 'time']
['swellnomore', 202574386, 'impression', '3', 241194085L, datetime.datetime(2013, 5, 24, 16, 51, 39), 0.0761468214300455, False, 'time']
['swellnomore', 202574386, 'impression', '12', 241145016L, datetime.datetime(2013, 5, 24, 16, 51, 39), 0.0397105072218294, False, 'time']
['swellnomore', 202574386, 'impression', '17', 241139258L, datetime.datetime(2013, 5, 24, 16, 51, 39), 0.0122394139705421, False, 'time']
['swellnomore', 202574386, 'impression', '2', 241195474L, datetime.datetime(2013, 5, 24, 16, 51, 39), 0.0384483776978142, False, 'time']
['swellnomore', 202574386, 'impression', '13', 241143890L, datetime.datetime(2013, 5, 24, 16, 51, 39), 0.00966597462048816, False, 'time']
['swellnomore', 202574386, 'impression', '7', 241174332L, datetime.datetime(2013, 5, 24, 16, 51, 39), 0.0821391928671846, False, 'time']
['swellnomore', 202574386, 'impression', '1', 241198679L, datetime.datetime(2013, 5, 24, 16, 51, 39), 0.019465144773416, False, 'time']
['swellnomore', 202574386, 'impression', '8', 241170375L, datetime.datetime(2013, 5, 24, 16, 51, 39), 0.0356595369778499, False, 'time']

['swellnomore', 202574386, 'impression', '1', 241198679L, datetime.datetime(2013, 5, 24, 20, 9, 10), 0.019465144773416, False, 'time']
['swellnomore', 202574386, 'impression', '1', 241198679L, datetime.datetime(2013, 5, 24, 20, 9, 12), 0.019465144773416, False, 'time']
['swellnomore', 202574386, 'impression', '2', 241195474L, datetime.datetime(2013, 5, 24, 20, 9, 13), 0.0384483776978142, False, 'time']
['swellnomore', 202574386, 'expand_tile', '1', 241198679L, datetime.datetime(2013, 5, 24, 20, 9, 13), 0.019465144773416, False, 'time']
['swellnomore', 202574386, 'view_full_application_via_name', '2', 241195474L, datetime.datetime(2013, 5, 24, 20, 9, 16), 0.0384483776978142, False, 'time']
['swellnomore', 202574386, 'impression', '2', 241195474L, datetime.datetime(2013, 5, 24, 20, 9, 43), 0.0384483776978142, False, 'time']
['swellnomore', 202574386, 'impression', '8', 241170375L, datetime.datetime(2013, 5, 24, 20, 9, 43), 0.0356595369778499, False, 'time']
['swellnomore', 202574386, 'impression', '13', 241143890L, datetime.datetime(2013, 5, 24, 20, 9, 43), 0.00966597462048816, False, 'time']
['swellnomore', 202574386, 'impression', '1', 241198679L, datetime.datetime(2013, 5, 24, 20, 9, 43), 0.019465144773416, False, 'time']
['swellnomore', 202574386, 'impression', '7', 241174332L, datetime.datetime(2013, 5, 24, 20, 9, 43), 0.0821391928671846, False, 'time']
['swellnomore', 202574386, 'impression', '12', 241145016L, datetime.datetime(2013, 5, 24, 20, 9, 43), 0.0397105072218294, False, 'time']
['swellnomore', 202574386, 'impression', '17', 241139258L, datetime.datetime(2013, 5, 24, 20, 9, 43), 0.0122394139705421, False, 'time']
['swellnomore', 202574386, 'impression', '5', 241184137L, datetime.datetime(2013, 5, 24, 20, 9, 43), 0.0314478498001251, False, 'time']
['swellnomore', 202574386, 'impression', '9', 241166172L, datetime.datetime(2013, 5, 24, 20, 9, 43), 0.0472214689231732, False, 'time']
['swellnomore', 202574386, 'impression', '15', 241139753L, datetime.datetime(2013, 5, 24, 20, 9, 43), 0.0545015224278575, False, 'time']
['swellnomore', 202574386, 'impression', '16', 241139395L, datetime.datetime(2013, 5, 24, 20, 9, 43), 0.00976633364145343, False, 'time']
['swellnomore', 202574386, 'impression', '11', 241155101L, datetime.datetime(2013, 5, 24, 20, 9, 43), 0.0245670660668733, False, 'time']
['swellnomore', 202574386, 'impression', '14', 241140714L, datetime.datetime(2013, 5, 24, 20, 9, 43), 0.0157332935486998, False, 'time']
['swellnomore', 202574386, 'impression', '6', 241180703L, datetime.datetime(2013, 5, 24, 20, 9, 43), 0.12496604620456, False, 'time']
['swellnomore', 202574386, 'impression', '10', 241162090L, datetime.datetime(2013, 5, 24, 20, 9, 43), 0.0241956312552889, False, 'time']
['swellnomore', 202574386, 'impression', '3', 241194085L, datetime.datetime(2013, 5, 24, 20, 9, 43), 0.0761468214300455, False, 'time']
['swellnomore', 202574386, 'impression', '4', 241192659L, datetime.datetime(2013, 5, 24, 20, 9, 43), 0.0394088709652486, False, 'time']
['swellnomore', 202574386, 'expand_tile', '2', 241195474L, datetime.datetime(2013, 5, 24, 20, 9, 49), 0.0384483776978142, False, 'time']
['swellnomore', 202574386, 'view_full_application', '2', 241195474L, datetime.datetime(2013, 5, 24, 20, 9, 58), 0.0384483776978142, False, 'time']
['swellnomore', 202574386, 'impression', '14', 241139753L, datetime.datetime(2013, 5, 24, 20, 12, 16), 0.0545015224278575, False, 'time']
['swellnomore', 202574386, 'impression', '15', 241139395L, datetime.datetime(2013, 5, 24, 20, 12, 16), 0.00976633364145343, False, 'time']
['swellnomore', 202574386, 'impression', '10', 241155101L, datetime.datetime(2013, 5, 24, 20, 12, 16), 0.0245670660668733, False, 'time']
['swellnomore', 202574386, 'impression', '5', 241180703L, datetime.datetime(2013, 5, 24, 20, 12, 16), 0.12496604620456, False, 'time']
['swellnomore', 202574386, 'impression', '11', 241145016L, datetime.datetime(2013, 5, 24, 20, 12, 16), 0.0397105072218294, False, 'time']
['swellnomore', 202574386, 'impression', '16', 241139258L, datetime.datetime(2013, 5, 24, 20, 12, 16), 0.0122394139705421, False, 'time']
['swellnomore', 202574386, 'impression', '7', 241170375L, datetime.datetime(2013, 5, 24, 20, 12, 16), 0.0356595369778499, False, 'time']
['swellnomore', 202574386, 'impression', '12', 241143890L, datetime.datetime(2013, 5, 24, 20, 12, 16), 0.00966597462048816, False, 'time']
['swellnomore', 202574386, 'impression', '6', 241174332L, datetime.datetime(2013, 5, 24, 20, 12, 16), 0.0821391928671846, False, 'time']
['swellnomore', 202574386, 'impression', '1', 241198679L, datetime.datetime(2013, 5, 24, 20, 12, 16), 0.019465144773416, False, 'time']
['swellnomore', 202574386, 'impression', '2', 241194085L, datetime.datetime(2013, 5, 24, 20, 12, 16), 0.0761468214300455, False, 'time']
['swellnomore', 202574386, 'impression', '3', 241192659L, datetime.datetime(2013, 5, 24, 20, 12, 16), 0.0394088709652486, False, 'time']
['swellnomore', 202574386, 'impression', '13', 241140714L, datetime.datetime(2013, 5, 24, 20, 12, 16), 0.0157332935486998, False, 'time']
['swellnomore', 202574386, 'impression', '9', 241162090L, datetime.datetime(2013, 5, 24, 20, 12, 16), 0.0241956312552889, False, 'time']
['swellnomore', 202574386, 'impression', '8', 241166172L, datetime.datetime(2013, 5, 24, 20, 12, 16), 0.0472214689231732, False, 'time']
['swellnomore', 202574386, 'impression', '4', 241184137L, datetime.datetime(2013, 5, 24, 20, 12, 16), 0.0314478498001251, False, 'time']
['swellnomore', 202574386, 'impression', '2', 241194085L, datetime.datetime(2013, 5, 24, 20, 12, 28), 0.0761468214300455, False, 'time']
['swellnomore', 202574386, 'impression', '2', 241194085L, datetime.datetime(2013, 5, 24, 20, 12, 30), 0.0761468214300455, False, 'time']
['swellnomore', 202574386, 'impression', '3', 241192659L, datetime.datetime(2013, 5, 24, 20, 12, 31), 0.0394088709652486, False, 'time']
['swellnomore', 202574386, 'expand_tile', '3', 241192659L, datetime.datetime(2013, 5, 24, 20, 12, 35), 0.0394088709652486, False, 'time']
['swellnomore', 202574386, 'impression', '3', 241192659L, datetime.datetime(2013, 5, 24, 20, 16, 13), 0.0394088709652486, False, 'time']
['swellnomore', 202574386, 'expand_tile', '3', 241192659L, datetime.datetime(2013, 5, 24, 20, 16, 17), 0.0394088709652486, False, 'time']
['swellnomore', 202574386, 'expand_tile', '4', 241184137L, datetime.datetime(2013, 5, 24, 20, 16, 20), 0.0314478498001251, False, 'time']
['swellnomore', 202574386, 'shortlist', '4', 241184137L, datetime.datetime(2013, 5, 24, 20, 17, 45), 0.0314478498001251, False, 'time']
['swellnomore', 202574386, 'expand_tile', '4', 241184137L, datetime.datetime(2013, 5, 24, 20, 17, 45), 0.0314478498001251, False, 'time']
['swellnomore', 202574386, 'expand_tile', '1', 241198679L, datetime.datetime(2013, 5, 24, 20, 17, 52), 0.019465144773416, False, 'time']
['swellnomore', 202574386, 'unhide', '1', 241198679L, datetime.datetime(2013, 5, 24, 20, 18, 28), 0.019465144773416, False, 'time']
['swellnomore', 202574386, 'expand_tile', '1', 241198679L, datetime.datetime(2013, 5, 24, 20, 18, 29), 0.019465144773416, False, 'time']
['swellnomore', 202574386, 'impression', None, 241184137L, datetime.datetime(2013, 5, 24, 20, 18, 30), 0.0314478498001251, False, 'time']
['swellnomore', 202574386, 'impression', '4', 241184137L, datetime.datetime(2013, 5, 24, 20, 18, 30), 0.0314478498001251, False, 'time']
['swellnomore', 202574386, 'impression', '5', 241180703L, datetime.datetime(2013, 5, 24, 20, 18, 34), 0.12496604620456, False, 'time']
['swellnomore', 202574386, 'expand_tile', '6', 241174332L, datetime.datetime(2013, 5, 24, 20, 18, 42), 0.0821391928671846, False, 'time']
['swellnomore', 202574386, 'view_full_application', '6', 241174332L, datetime.datetime(2013, 5, 24, 20, 19, 9), 0.0821391928671846, False, 'time']
['swellnomore', 202574386, 'impression', '9', 241143890L, datetime.datetime(2013, 5, 24, 20, 20, 13), 0.00966597462048816, False, 'time']
['swellnomore', 202574386, 'impression', '1', 241198679L, datetime.datetime(2013, 5, 24, 20, 20, 13), 0.019465144773416, False, 'time']
['swellnomore', 202574386, 'impression', '4', 241170375L, datetime.datetime(2013, 5, 24, 20, 20, 13), 0.0356595369778499, False, 'time']
['swellnomore', 202574386, 'impression', '3', 241174332L, datetime.datetime(2013, 5, 24, 20, 20, 13), 0.0821391928671846, False, 'time']
['swellnomore', 202574386, 'impression', '2', 241184137L, datetime.datetime(2013, 5, 24, 20, 20, 13), 0.0314478498001251, False, 'time']
['swellnomore', 202574386, 'impression', '5', 241166172L, datetime.datetime(2013, 5, 24, 20, 20, 13), 0.0472214689231732, False, 'time']
['swellnomore', 202574386, 'impression', '10', 241140714L, datetime.datetime(2013, 5, 24, 20, 20, 13), 0.0157332935486998, False, 'time']
['swellnomore', 202574386, 'impression', '6', 241162090L, datetime.datetime(2013, 5, 24, 20, 20, 13), 0.0241956312552889, False, 'time']
['swellnomore', 202574386, 'impression', '8', 241145016L, datetime.datetime(2013, 5, 24, 20, 20, 13), 0.0397105072218294, False, 'time']
['swellnomore', 202574386, 'impression', '13', 241139258L, datetime.datetime(2013, 5, 24, 20, 20, 13), 0.0122394139705421, False, 'time']
['swellnomore', 202574386, 'impression', '7', 241155101L, datetime.datetime(2013, 5, 24, 20, 20, 13), 0.0245670660668733, False, 'time']
['swellnomore', 202574386, 'impression', '11', 241139753L, datetime.datetime(2013, 5, 24, 20, 20, 13), 0.0545015224278575, False, 'time']
['swellnomore', 202574386, 'impression', '12', 241139395L, datetime.datetime(2013, 5, 24, 20, 20, 13), 0.00976633364145343, False, 'time']
['swellnomore', 202574386, 'impression', '3', 241174332L, datetime.datetime(2013, 5, 24, 20, 20, 14), 0.0821391928671846, False, 'time']
['swellnomore', 202574386, 'expand_tile', '4', 241170375L, datetime.datetime(2013, 5, 24, 20, 20, 20), 0.0356595369778499, False, 'time']
['swellnomore', 202574386, 'expand_tile', '4', 241170375L, datetime.datetime(2013, 5, 24, 20, 25, 30), 0.0356595369778499, False, 'time']
['swellnomore', 202574386, 'shortlist', '4', 241170375L, datetime.datetime(2013, 5, 24, 20, 25, 30), 0.0356595369778499, False, 'time']
['swellnomore', 202574386, 'impression', '1', 241198679L, datetime.datetime(2013, 5, 24, 20, 25, 33), 0.019465144773416, False, 'time']
['swellnomore', 202574386, 'expand_tile', '5', 241166172L, datetime.datetime(2013, 5, 24, 20, 25, 42), 0.0472214689231732, False, 'time']
['swellnomore', 202574386, 'shortlist', '5', 241166172L, datetime.datetime(2013, 5, 24, 20, 34, 17), 0.0472214689231732, False, 'time']
['swellnomore', 202574386, 'expand_tile', '5', 241166172L, datetime.datetime(2013, 5, 24, 20, 34, 17), 0.0472214689231732, False, 'time']
['swellnomore', 202574386, 'expand_tile', '6', 241162090L, datetime.datetime(2013, 5, 24, 20, 34, 22), 0.0241956312552889, False, 'time']
['swellnomore', 202574386, 'expand_tile', '7', 241155101L, datetime.datetime(2013, 5, 24, 20, 37, 30), 0.0245670660668733, False, 'time']
['swellnomore', 202574386, 'impression', '6', 241162090L, datetime.datetime(2013, 5, 24, 20, 42, 20), 0.0241956312552889, False, 'time']
['swellnomore', 202574386, 'expand_tile', '6', 241162090L, datetime.datetime(2013, 5, 24, 20, 42, 23), 0.0241956312552889, False, 'time']
['swellnomore', 202574386, 'shortlist', '7', 241155101L, datetime.datetime(2013, 5, 24, 20, 43, 1), 0.0245670660668733, False, 'time']
['swellnomore', 202574386, 'expand_tile', '7', 241155101L, datetime.datetime(2013, 5, 24, 20, 43, 1), 0.0245670660668733, False, 'time']
['swellnomore', 202574386, 'expand_tile', '8', 241145016L, datetime.datetime(2013, 5, 24, 20, 43, 7), 0.0397105072218294, False, 'time']
['swellnomore', 202574386, 'impression', '8', 241145016L, datetime.datetime(2013, 5, 24, 20, 43, 33), 0.0397105072218294, False, 'time']
['swellnomore', 202574386, 'expand_tile', '8', 241145016L, datetime.datetime(2013, 5, 24, 20, 43, 37), 0.0397105072218294, False, 'time']
['swellnomore', 202574386, 'expand_tile', '9', 241143890L, datetime.datetime(2013, 5, 24, 20, 43, 40), 0.00966597462048816, False, 'time']
['swellnomore', 202574386, 'collapse_tile', '9', 241143890L, datetime.datetime(2013, 5, 24, 20, 44, 1), 0.00966597462048816, False, 'time']
['swellnomore', 202574386, 'expand_tile', '9', 241143890L, datetime.datetime(2013, 5, 24, 20, 44, 3), 0.00966597462048816, False, 'time']
['swellnomore', 202574386, 'collapse_tile', '9', 241143890L, datetime.datetime(2013, 5, 24, 20, 44, 6), 0.00966597462048816, False, 'time']
['swellnomore', 202574386, 'expand_tile', '9', 241143890L, datetime.datetime(2013, 5, 24, 20, 44, 8), 0.00966597462048816, False, 'time']
['swellnomore', 202574386, 'expand_tile', '10', 241140714L, datetime.datetime(2013, 5, 24, 20, 44, 27), 0.0157332935486998, False, 'time']
['swellnomore', 202574386, 'impression', '10', 241140714L, datetime.datetime(2013, 5, 24, 20, 44, 59), 0.0157332935486998, False, 'time']
['swellnomore', 202574386, 'expand_tile', '10', 241140714L, datetime.datetime(2013, 5, 24, 20, 45, 4), 0.0157332935486998, False, 'time']
['swellnomore', 202574386, 'impression', '11', 241139753L, datetime.datetime(2013, 5, 24, 20, 45, 5), 0.0545015224278575, False, 'time']
['swellnomore', 202574386, 'expand_tile', '11', 241139753L, datetime.datetime(2013, 5, 24, 20, 45, 7), 0.0545015224278575, False, 'time']
['swellnomore', 202574386, 'impression', '11', 241139753L, datetime.datetime(2013, 5, 24, 20, 45, 46), 0.0545015224278575, False, 'time']
['swellnomore', 202574386, 'impression', '11', 241139753L, datetime.datetime(2013, 5, 24, 20, 45, 47), 0.0545015224278575, False, 'time']
['swellnomore', 202574386, 'expand_tile', '11', 241139753L, datetime.datetime(2013, 5, 24, 20, 45, 56), 0.0545015224278575, False, 'time']
['swellnomore', 202574386, 'expand_tile', '12', 241139395L, datetime.datetime(2013, 5, 24, 20, 45, 59), 0.00976633364145343, False, 'time']
['swellnomore', 202574386, 'impression', '12', 241139395L, datetime.datetime(2013, 5, 24, 20, 46, 49), 0.00976633364145343, False, 'time']
['swellnomore', 202574386, 'expand_tile', '12', 241139395L, datetime.datetime(2013, 5, 24, 20, 46, 51), 0.00976633364145343, False, 'time']
['swellnomore', 202574386, 'expand_tile', '13', 241139258L, datetime.datetime(2013, 5, 24, 20, 46, 54), 0.0122394139705421, False, 'time']
['swellnomore', 202574386, 'impression', '9', 241143890L, datetime.datetime(2013, 5, 24, 20, 52, 15), 0.00966597462048816, False, 'time']
['swellnomore', 202574386, 'expand_tile', '9', 241143890L, datetime.datetime(2013, 5, 24, 20, 52, 18), 0.00966597462048816, False, 'time']

['swellnomore', 202574386, 'expand_tile', '2', 241184137L, datetime.datetime(2013, 5, 24, 21, 39, 27), 0.0314478498001251, False, 'time']
['swellnomore', 202574386, 'view_full_application', '2', 241184137L, datetime.datetime(2013, 5, 24, 21, 40, 9), 0.0314478498001251, False, 'time']
['swellnomore', 202574386, 'impression', '2', 241170375L, datetime.datetime(2013, 5, 24, 21, 42, 14), 0.0356595369778499, False, 'time']
['swellnomore', 202574386, 'impression', '3', 241166172L, datetime.datetime(2013, 5, 24, 21, 42, 14), 0.0472214689231732, False, 'time']
['swellnomore', 202574386, 'impression', '1', 241184137L, datetime.datetime(2013, 5, 24, 21, 42, 14), 0.0314478498001251, False, 'time']
['swellnomore', 202574386, 'impression', '5', 241139258L, datetime.datetime(2013, 5, 24, 21, 42, 14), 0.0122394139705421, False, 'time']
['swellnomore', 202574386, 'impression', '4', 241155101L, datetime.datetime(2013, 5, 24, 21, 42, 14), 0.0245670660668733, False, 'time']
['swellnomore', 202574386, 'expand_tile', '2', 241170375L, datetime.datetime(2013, 5, 24, 21, 42, 16), 0.0356595369778499, False, 'time']
['swellnomore', 202574386, 'collapse_tile', '2', 241170375L, datetime.datetime(2013, 5, 24, 21, 42, 47), 0.0356595369778499, False, 'time']
['swellnomore', 202574386, 'expand_tile', '2', 241170375L, datetime.datetime(2013, 5, 24, 21, 42, 47), 0.0356595369778499, False, 'time']
['swellnomore', 202574386, 'send_message', '2', 241170375L, datetime.datetime(2013, 5, 24, 21, 42, 49), 0.0356595369778499, False, 'time']
['swellnomore', 202574386, 'expand_tile', '1', 241184137L, datetime.datetime(2013, 5, 24, 21, 42, 57), 0.0314478498001251, False, 'time']
['swellnomore', 202574386, 'view_full_application', '1', 241184137L, datetime.datetime(2013, 5, 24, 21, 42, 59), 0.0314478498001251, False, 'time']
['swellnomore', 202574386, 'impression', '5', 241139258L, datetime.datetime(2013, 5, 24, 21, 43, 12), 0.0122394139705421, False, 'time']
['swellnomore', 202574386, 'impression', '1', 241184137L, datetime.datetime(2013, 5, 24, 21, 43, 12), 0.0314478498001251, False, 'time']
['swellnomore', 202574386, 'impression', '3', 241166172L, datetime.datetime(2013, 5, 24, 21, 43, 12), 0.0472214689231732, False, 'time']
['swellnomore', 202574386, 'impression', '4', 241155101L, datetime.datetime(2013, 5, 24, 21, 43, 12), 0.0245670660668733, False, 'time']
['swellnomore', 202574386, 'impression', '2', 241170375L, datetime.datetime(2013, 5, 24, 21, 43, 12), 0.0356595369778499, False, 'time']
['swellnomore', 202574386, 'expand_tile', '2', 241170375L, datetime.datetime(2013, 5, 24, 21, 43, 13), 0.0356595369778499, False, 'time']
['swellnomore', 202574386, 'send_message', '2', 241170375L, datetime.datetime(2013, 5, 24, 21, 43, 16), 0.0356595369778499, False, 'time']
['swellnomore', 202574386, 'expand_tile', '2', 241170375L, datetime.datetime(2013, 5, 24, 21, 43, 20), 0.0356595369778499, False, 'time']
['swellnomore', 202574386, 'expand_tile', '3', 241166172L, datetime.datetime(2013, 5, 24, 21, 43, 23), 0.0472214689231732, False, 'time']
['swellnomore', 202574386, 'impression', '1', 241184137L, datetime.datetime(2013, 5, 24, 21, 44, 33), 0.0314478498001251, False, 'time']
['swellnomore', 202574386, 'send_message', '2', 241170375L, datetime.datetime(2013, 5, 24, 21, 46, 13), 0.0356595369778499, False, 'time']
['swellnomore', 202574386, 'expand_tile', '2', 241170375L, datetime.datetime(2013, 5, 24, 21, 46, 29), 0.0356595369778499, False, 'time']
['swellnomore', 202574386, 'view_full_application', '2', 241170375L, datetime.datetime(2013, 5, 24, 21, 46, 46), 0.0356595369778499, False, 'time']
['swellnomore', 202574386, 'impression', '4', 241155101L, datetime.datetime(2013, 5, 24, 21, 48, 24), 0.0245670660668733, False, 'time']
['swellnomore', 202574386, 'impression', '2', 241170375L, datetime.datetime(2013, 5, 24, 21, 48, 24), 0.0356595369778499, False, 'time']
['swellnomore', 202574386, 'impression', '5', 241139258L, datetime.datetime(2013, 5, 24, 21, 48, 24), 0.0122394139705421, False, 'time']
['swellnomore', 202574386, 'impression', '3', 241166172L, datetime.datetime(2013, 5, 24, 21, 48, 24), 0.0472214689231732, False, 'time']
['swellnomore', 202574386, 'impression', '1', 241184137L, datetime.datetime(2013, 5, 24, 21, 48, 24), 0.0314478498001251, False, 'time']
['swellnomore', 202574386, 'expand_tile', '3', 241166172L, datetime.datetime(2013, 5, 24, 21, 48, 32), 0.0472214689231732, False, 'time']
['swellnomore', 202574386, 'expand_tile', '4', 241155101L, datetime.datetime(2013, 5, 24, 21, 48, 36), 0.0245670660668733, False, 'time']
['swellnomore', 202574386, 'send_message', '4', 241155101L, datetime.datetime(2013, 5, 24, 21, 48, 59), 0.0245670660668733, False, 'time']
['swellnomore', 202574386, 'expand_tile', '4', 241155101L, datetime.datetime(2013, 5, 24, 21, 49, 23), 0.0245670660668733, False, 'time']
['swellnomore', 202574386, 'expand_tile', '5', 241139258L, datetime.datetime(2013, 5, 24, 21, 49, 25), 0.0122394139705421, False, 'time']
['swellnomore', 202574386, 'send_message', '5', 241139258L, datetime.datetime(2013, 5, 24, 21, 49, 50), 0.0122394139705421, False, 'time']
['swellnomore', 202574386, 'expand_tile', '5', 241139258L, datetime.datetime(2013, 5, 24, 21, 49, 55), 0.0122394139705421, False, 'time']
['swellnomore', 202574386, 'impression', '2', 241170375L, datetime.datetime(2013, 5, 24, 21, 50, 11), 0.0356595369778499, False, 'time']
['swellnomore', 202574386, 'impression', '5', 241139258L, datetime.datetime(2013, 5, 24, 21, 50, 11), 0.0122394139705421, False, 'time']
['swellnomore', 202574386, 'impression', '4', 241155101L, datetime.datetime(2013, 5, 24, 21, 50, 11), 0.0245670660668733, False, 'time']
['swellnomore', 202574386, 'impression', '1', 241184137L, datetime.datetime(2013, 5, 24, 21, 50, 11), 0.0314478498001251, False, 'time']
['swellnomore', 202574386, 'impression', '3', 241166172L, datetime.datetime(2013, 5, 24, 21, 50, 11), 0.0472214689231732, False, 'time']

['swellnomore', 202574386, 'impression', '2', 241170375L, datetime.datetime(2013, 5, 24, 23, 42, 14), 0.0356595369778499, False, 'time']
['swellnomore', 202574386, 'impression', '4', 241155101L, datetime.datetime(2013, 5, 24, 23, 42, 14), 0.0245670660668733, False, 'time']
['swellnomore', 202574386, 'impression', '5', 241139258L, datetime.datetime(2013, 5, 24, 23, 42, 14), 0.0122394139705421, False, 'time']
['swellnomore', 202574386, 'impression', '1', 241184137L, datetime.datetime(2013, 5, 24, 23, 42, 14), 0.0314478498001251, False, 'time']
['swellnomore', 202574386, 'impression', '3', 241166172L, datetime.datetime(2013, 5, 24, 23, 42, 14), 0.0472214689231732, False, 'time']

['swellnomore', 202574386, 'impression', '3', 241166172L, datetime.datetime(2013, 5, 25, 3, 5, 41), 0.0472214689231732, False, 'time']
['swellnomore', 202574386, 'impression', '1', 241184137L, datetime.datetime(2013, 5, 25, 3, 5, 41), 0.0314478498001251, False, 'time']
['swellnomore', 202574386, 'impression', '4', 241155101L, datetime.datetime(2013, 5, 25, 3, 5, 41), 0.0245670660668733, False, 'time']
['swellnomore', 202574386, 'impression', '5', 241139258L, datetime.datetime(2013, 5, 25, 3, 5, 41), 0.0122394139705421, False, 'time']
['swellnomore', 202574386, 'impression', '2', 241170375L, datetime.datetime(2013, 5, 25, 3, 5, 41), 0.0356595369778499, False, 'time']
['swellnomore', 202574386, 'expand_tile', '1', 241184137L, datetime.datetime(2013, 5, 25, 3, 5, 49), 0.0314478498001251, False, 'time']
['swellnomore', 202574386, 'expand_tile', '3', 241166172L, datetime.datetime(2013, 5, 25, 3, 6, 1), 0.0472214689231732, False, 'time']
['swellnomore', 202574386, 'expand_tile', '4', 241155101L, datetime.datetime(2013, 5, 25, 3, 7, 25), 0.0245670660668733, False, 'time']
['swellnomore', 202574386, 'expand_tile', '5', 241139258L, datetime.datetime(2013, 5, 25, 3, 8, 22), 0.0122394139705421, False, 'time']
['swellnomore', 202574386, 'collapse_tile', '5', 241139258L, datetime.datetime(2013, 5, 25, 3, 10, 35), 0.0122394139705421, False, 'time']
['swellnomore', 202574386, 'expand_tile', '5', 241139258L, datetime.datetime(2013, 5, 25, 3, 10, 39), 0.0122394139705421, False, 'time']
['swellnomore', 202574386, 'collapse_tile', '3', 241166172L, datetime.datetime(2013, 5, 25, 3, 11, 34), 0.0472214689231732, False, 'time']
['swellnomore', 202574386, 'collapse_tile', '1', 241184137L, datetime.datetime(2013, 5, 25, 3, 11, 57), 0.0314478498001251, False, 'time']
['swellnomore', 202574386, 'expand_tile', '1', 241184137L, datetime.datetime(2013, 5, 25, 3, 11, 58), 0.0314478498001251, False, 'time']
['swellnomore', 202574386, 'expand_tile', '2', 241170375L, datetime.datetime(2013, 5, 25, 3, 12, 17), 0.0356595369778499, False, 'time']
['swellnomore', 202574386, 'expand_tile', '3', 241166172L, datetime.datetime(2013, 5, 25, 3, 12, 40), 0.0472214689231732, False, 'time']
['swellnomore', 202574386, 'view_full_application', '5', 241139258L, datetime.datetime(2013, 5, 25, 3, 15, 28), 0.0122394139705421, False, 'time']

['swellnomore', 202574386, 'impression', '6', 241139258L, datetime.datetime(2013, 5, 27, 20, 43, 37), 0.0122394139705421, False, 'time']
['swellnomore', 202574386, 'impression', '5', 241155101L, datetime.datetime(2013, 5, 27, 20, 43, 37), 0.0245670660668733, False, 'time']
['swellnomore', 202574386, 'impression', '3', 241170375L, datetime.datetime(2013, 5, 27, 20, 43, 37), 0.0356595369778499, False, 'time']
['swellnomore', 202574386, 'impression', '4', 241166172L, datetime.datetime(2013, 5, 27, 20, 43, 37), 0.0472214689231732, False, 'time']
['swellnomore', 202574386, 'impression', '1', 241258904L, datetime.datetime(2013, 5, 27, 20, 43, 37), 0.0183118536608734, False, 'time']
['swellnomore', 202574386, 'impression', '2', 241184137L, datetime.datetime(2013, 5, 27, 20, 43, 37), 0.0314478498001251, False, 'time']
['swellnomore', 202574386, 'impression', '4', 241166172L, datetime.datetime(2013, 5, 27, 20, 43, 40), 0.0472214689231732, False, 'time']
['swellnomore', 202574386, 'impression', '3', 241170375L, datetime.datetime(2013, 5, 27, 20, 43, 41), 0.0356595369778499, False, 'time']
['swellnomore', 202574386, 'expand_tile', '1', 241258904L, datetime.datetime(2013, 5, 27, 20, 43, 52), 0.0183118536608734, False, 'time']

['swellnomore', 202574386, 'impression', '1', 241258904L, datetime.datetime(2013, 5, 27, 23, 15, 19), 0.0183118536608734, False, 'time']
['swellnomore', 202574386, 'expand_tile', '1', 241258904L, datetime.datetime(2013, 5, 27, 23, 15, 23), 0.0183118536608734, False, 'time']
['swellnomore', 202574386, 'expand_tile', '2', 241184137L, datetime.datetime(2013, 5, 27, 23, 15, 30), 0.0314478498001251, False, 'time']
['swellnomore', 202574386, 'expand_tile', '4', 241166172L, datetime.datetime(2013, 5, 27, 23, 15, 50), 0.0472214689231732, False, 'time']
['swellnomore', 202574386, 'send_message', '4', 241166172L, datetime.datetime(2013, 5, 27, 23, 16, 24), 0.0472214689231732, False, 'time']
['swellnomore', 202574386, 'expand_tile', '5', 241155101L, datetime.datetime(2013, 5, 27, 23, 16, 31), 0.0245670660668733, False, 'time']
['swellnomore', 202574386, 'expand_tile', '6', 241139258L, datetime.datetime(2013, 5, 27, 23, 17, 11), 0.0122394139705421, False, 'time']

['swellnomore', 202574386, 'impression', '3', 241155101L, datetime.datetime(2013, 5, 28, 23, 10, 28), 0.0245670660668733, False, 'time']
['swellnomore', 202574386, 'impression', '4', 241139258L, datetime.datetime(2013, 5, 28, 23, 10, 28), 0.0122394139705421, False, 'time']
['swellnomore', 202574386, 'impression', '2', 241166172L, datetime.datetime(2013, 5, 28, 23, 10, 28), 0.0472214689231732, False, 'time']
['swellnomore', 202574386, 'impression', '1', 241184137L, datetime.datetime(2013, 5, 28, 23, 10, 28), 0.0314478498001251, False, 'time']
['swellnomore', 202574386, 'expand_tile', '1', 241184137L, datetime.datetime(2013, 5, 28, 23, 10, 36), 0.0314478498001251, False, 'time']
['swellnomore', 202574386, 'impression', '3', 241139258L, datetime.datetime(2013, 5, 28, 23, 34, 34), 0.0122394139705421, False, 'time']
['swellnomore', 202574386, 'impression', '1', 241184137L, datetime.datetime(2013, 5, 28, 23, 34, 34), 0.0314478498001251, False, 'time']
['swellnomore', 202574386, 'impression', '2', 241166172L, datetime.datetime(2013, 5, 28, 23, 34, 34), 0.0472214689231732, False, 'time']
['swellnomore', 202574386, 'expand_tile', '2', 241166172L, datetime.datetime(2013, 5, 28, 23, 34, 40), 0.0472214689231732, False, 'time']
['swellnomore', 202574386, 'view_full_application', '2', 241166172L, datetime.datetime(2013, 5, 28, 23, 34, 43), 0.0472214689231732, False, 'time']

