['tapdance', 202553000, 'impression', '2', 240701811L, datetime.datetime(2013, 5, 18, 12, 45, 33), 0.00500768807423113, False, 'time']
['tapdance', 202553000, 'impression', '1', 240702009L, datetime.datetime(2013, 5, 18, 12, 45, 33), 0.0190270699220532, False, 'time']
['tapdance', 202553000, 'impression', '1', 240702947L, datetime.datetime(2013, 5, 18, 12, 55, 13), 0.0560896560115339, False, 'time']
['tapdance', 202553000, 'impression', '3', 240701811L, datetime.datetime(2013, 5, 18, 12, 55, 13), 0.00500768807423113, False, 'time']
['tapdance', 202553000, 'impression', '2', 240702009L, datetime.datetime(2013, 5, 18, 12, 55, 13), 0.0190270699220532, False, 'time']
['tapdance', 202553000, 'impression', '3', 240701811L, datetime.datetime(2013, 5, 18, 12, 55, 17), 0.00500768807423113, False, 'time']
['tapdance', 202553000, 'impression', '2', 240702947L, datetime.datetime(2013, 5, 18, 13, 11, 24), 0.0560896560115339, False, 'time']
['tapdance', 202553000, 'impression', '1', 240703353L, datetime.datetime(2013, 5, 18, 13, 11, 24), 0.0150081184850569, False, 'time']
['tapdance', 202553000, 'impression', '4', 240701811L, datetime.datetime(2013, 5, 18, 13, 11, 24), 0.00500768807423113, False, 'time']
['tapdance', 202553000, 'impression', '3', 240702009L, datetime.datetime(2013, 5, 18, 13, 11, 24), 0.0190270699220532, False, 'time']
['tapdance', 202553000, 'impression', '2', 240704538L, datetime.datetime(2013, 5, 18, 13, 32, 29), 0.0989776669347951, False, 'time']
['tapdance', 202553000, 'impression', '1', 240704586L, datetime.datetime(2013, 5, 18, 13, 32, 29), 0.109639047129486, False, 'time']
['tapdance', 202553000, 'impression', '6', 240701811L, datetime.datetime(2013, 5, 18, 13, 32, 29), 0.00500768807423113, False, 'time']
['tapdance', 202553000, 'impression', '3', 240703353L, datetime.datetime(2013, 5, 18, 13, 32, 29), 0.0150081184850569, False, 'time']
['tapdance', 202553000, 'impression', '4', 240702947L, datetime.datetime(2013, 5, 18, 13, 32, 29), 0.0560896560115339, False, 'time']
['tapdance', 202553000, 'impression', '5', 240702009L, datetime.datetime(2013, 5, 18, 13, 32, 29), 0.0190270699220532, False, 'time']
['tapdance', 202553000, 'impression', '5', 240702009L, datetime.datetime(2013, 5, 18, 13, 43, 20), 0.0190270699220532, False, 'time']
['tapdance', 202553000, 'impression', '6', 240701811L, datetime.datetime(2013, 5, 18, 13, 43, 20), 0.00500768807423113, False, 'time']
['tapdance', 202553000, 'impression', '3', 240703353L, datetime.datetime(2013, 5, 18, 13, 43, 20), 0.0150081184850569, False, 'time']
['tapdance', 202553000, 'impression', '4', 240702947L, datetime.datetime(2013, 5, 18, 13, 43, 20), 0.0560896560115339, False, 'time']
['tapdance', 202553000, 'impression', '1', 240704586L, datetime.datetime(2013, 5, 18, 13, 43, 20), 0.109639047129486, False, 'time']
['tapdance', 202553000, 'impression', '2', 240704538L, datetime.datetime(2013, 5, 18, 13, 43, 20), 0.0989776669347951, False, 'time']
['tapdance', 202553000, 'impression', '2', 240704538L, datetime.datetime(2013, 5, 18, 13, 46, 55), 0.0989776669347951, False, 'time']
['tapdance', 202553000, 'impression', '1', 240704586L, datetime.datetime(2013, 5, 18, 13, 46, 55), 0.109639047129486, False, 'time']
['tapdance', 202553000, 'impression', '5', 240702009L, datetime.datetime(2013, 5, 18, 13, 46, 55), 0.0190270699220532, False, 'time']
['tapdance', 202553000, 'impression', '4', 240702947L, datetime.datetime(2013, 5, 18, 13, 46, 55), 0.0560896560115339, False, 'time']
['tapdance', 202553000, 'impression', '6', 240701811L, datetime.datetime(2013, 5, 18, 13, 46, 55), 0.00500768807423113, False, 'time']
['tapdance', 202553000, 'impression', '3', 240703353L, datetime.datetime(2013, 5, 18, 13, 46, 55), 0.0150081184850569, False, 'time']
['tapdance', 202553000, 'expand_tile', '1', 240704586L, datetime.datetime(2013, 5, 18, 13, 47), 0.109639047129486, False, 'time']
['tapdance', 202553000, 'expand_tile', '2', 240704538L, datetime.datetime(2013, 5, 18, 13, 47, 37), 0.0989776669347951, False, 'time']
['tapdance', 202553000, 'impression', '3', 240703353L, datetime.datetime(2013, 5, 18, 13, 47, 46), 0.0150081184850569, False, 'time']
['tapdance', 202553000, 'expand_tile', '3', 240703353L, datetime.datetime(2013, 5, 18, 13, 47, 47), 0.0150081184850569, False, 'time']
['tapdance', 202553000, 'impression', '5', 240702009L, datetime.datetime(2013, 5, 18, 13, 48, 3), 0.0190270699220532, False, 'time']
['tapdance', 202553000, 'expand_tile', '4', 240702947L, datetime.datetime(2013, 5, 18, 13, 48, 4), 0.0560896560115339, False, 'time']
['tapdance', 202553000, 'expand_tile', '5', 240702009L, datetime.datetime(2013, 5, 18, 13, 48, 30), 0.0190270699220532, False, 'time']
['tapdance', 202553000, 'expand_tile', '6', 240701811L, datetime.datetime(2013, 5, 18, 13, 48, 50), 0.00500768807423113, False, 'time']
['tapdance', 202553000, 'view_full_application', '1', 240704586L, datetime.datetime(2013, 5, 18, 13, 50, 3), 0.109639047129486, False, 'time']
['tapdance', 202553000, 'impression', '6', 240701811L, datetime.datetime(2013, 5, 18, 13, 54, 35), 0.00500768807423113, False, 'time']
['tapdance', 202553000, 'impression', '3', 240703353L, datetime.datetime(2013, 5, 18, 13, 54, 35), 0.0150081184850569, False, 'time']
['tapdance', 202553000, 'impression', '4', 240702947L, datetime.datetime(2013, 5, 18, 13, 54, 35), 0.0560896560115339, False, 'time']
['tapdance', 202553000, 'impression', '5', 240702009L, datetime.datetime(2013, 5, 18, 13, 54, 35), 0.0190270699220532, False, 'time']
['tapdance', 202553000, 'impression', '2', 240704538L, datetime.datetime(2013, 5, 18, 13, 54, 35), 0.0989776669347951, False, 'time']
['tapdance', 202553000, 'impression', '1', 240704586L, datetime.datetime(2013, 5, 18, 13, 54, 35), 0.109639047129486, False, 'time']
['tapdance', 202553000, 'expand_tile', '4', 240702947L, datetime.datetime(2013, 5, 18, 13, 54, 50), 0.0560896560115339, False, 'time']
['tapdance', 202553000, 'view_full_application', '4', 240702947L, datetime.datetime(2013, 5, 18, 13, 54, 53), 0.0560896560115339, False, 'time']
['tapdance', 202553000, 'impression', '4', 240702947L, datetime.datetime(2013, 5, 18, 14, 18, 17), 0.0560896560115339, False, 'time']
['tapdance', 202553000, 'impression', '5', 240702009L, datetime.datetime(2013, 5, 18, 14, 18, 17), 0.0190270699220532, False, 'time']
['tapdance', 202553000, 'impression', '2', 240704538L, datetime.datetime(2013, 5, 18, 14, 18, 17), 0.0989776669347951, False, 'time']
['tapdance', 202553000, 'impression', '1', 240704586L, datetime.datetime(2013, 5, 18, 14, 18, 17), 0.109639047129486, False, 'time']
['tapdance', 202553000, 'impression', '6', 240701811L, datetime.datetime(2013, 5, 18, 14, 18, 17), 0.00500768807423113, False, 'time']
['tapdance', 202553000, 'impression', '3', 240703353L, datetime.datetime(2013, 5, 18, 14, 18, 17), 0.0150081184850569, False, 'time']

['tapdance', 202553000, 'impression', '4', 240704538L, datetime.datetime(2013, 5, 18, 15, 50, 50), 0.0989776669347951, False, 'time']
['tapdance', 202553000, 'impression', '2', 240710583L, datetime.datetime(2013, 5, 18, 15, 50, 50), 0.0349111701498908, False, 'time']
['tapdance', 202553000, 'impression', '3', 240704586L, datetime.datetime(2013, 5, 18, 15, 50, 50), 0.109639047129486, False, 'time']
['tapdance', 202553000, 'impression', '6', 240702947L, datetime.datetime(2013, 5, 18, 15, 50, 50), 0.0560896560115339, False, 'time']
['tapdance', 202553000, 'impression', '5', 240703353L, datetime.datetime(2013, 5, 18, 15, 50, 50), 0.0150081184850569, False, 'time']
['tapdance', 202553000, 'impression', '8', 240701811L, datetime.datetime(2013, 5, 18, 15, 50, 50), 0.00500768807423113, False, 'time']
['tapdance', 202553000, 'impression', '1', 240711612L, datetime.datetime(2013, 5, 18, 15, 50, 50), 0.0300467502315945, False, 'time']
['tapdance', 202553000, 'impression', '7', 240702009L, datetime.datetime(2013, 5, 18, 15, 50, 50), 0.0190270699220532, False, 'time']
['tapdance', 202553000, 'expand_tile', '1', 240711612L, datetime.datetime(2013, 5, 18, 15, 51, 1), 0.0300467502315945, False, 'time']
['tapdance', 202553000, 'view_full_application', '1', 240711612L, datetime.datetime(2013, 5, 18, 15, 51, 31), 0.0300467502315945, False, 'time']
['tapdance', 202553000, 'impression', '1', 240711612L, datetime.datetime(2013, 5, 18, 15, 52, 14), 0.0300467502315945, False, 'time']
['tapdance', 202553000, 'impression', '7', 240702009L, datetime.datetime(2013, 5, 18, 15, 52, 14), 0.0190270699220532, False, 'time']
['tapdance', 202553000, 'impression', '5', 240703353L, datetime.datetime(2013, 5, 18, 15, 52, 14), 0.0150081184850569, False, 'time']
['tapdance', 202553000, 'impression', '8', 240701811L, datetime.datetime(2013, 5, 18, 15, 52, 14), 0.00500768807423113, False, 'time']
['tapdance', 202553000, 'impression', '6', 240702947L, datetime.datetime(2013, 5, 18, 15, 52, 14), 0.0560896560115339, False, 'time']
['tapdance', 202553000, 'impression', '2', 240710583L, datetime.datetime(2013, 5, 18, 15, 52, 14), 0.0349111701498908, False, 'time']
['tapdance', 202553000, 'impression', '4', 240704538L, datetime.datetime(2013, 5, 18, 15, 52, 14), 0.0989776669347951, False, 'time']
['tapdance', 202553000, 'impression', '3', 240704586L, datetime.datetime(2013, 5, 18, 15, 52, 14), 0.109639047129486, False, 'time']
['tapdance', 202553000, 'view_full_application_via_name', '2', 240710583L, datetime.datetime(2013, 5, 18, 15, 52, 28), 0.0349111701498908, False, 'time']

['tapdance', 202553000, 'impression', '8', 240702009L, datetime.datetime(2013, 5, 18, 17, 10, 29), 0.0190270699220532, False, 'time']
['tapdance', 202553000, 'impression', '1', 240715392L, datetime.datetime(2013, 5, 18, 17, 10, 29), 0.0752068579403339, False, 'time']
['tapdance', 202553000, 'impression', '9', 240701811L, datetime.datetime(2013, 5, 18, 17, 10, 29), 0.00500768807423113, False, 'time']
['tapdance', 202553000, 'impression', '6', 240703353L, datetime.datetime(2013, 5, 18, 17, 10, 29), 0.0150081184850569, False, 'time']
['tapdance', 202553000, 'impression', '7', 240702947L, datetime.datetime(2013, 5, 18, 17, 10, 29), 0.0560896560115339, False, 'time']
['tapdance', 202553000, 'impression', '5', 240704538L, datetime.datetime(2013, 5, 18, 17, 10, 29), 0.0989776669347951, False, 'time']
['tapdance', 202553000, 'impression', '4', 240704586L, datetime.datetime(2013, 5, 18, 17, 10, 29), 0.109639047129486, False, 'time']
['tapdance', 202553000, 'impression', '3', 240710583L, datetime.datetime(2013, 5, 18, 17, 10, 29), 0.0349111701498908, False, 'time']
['tapdance', 202553000, 'impression', '2', 240711612L, datetime.datetime(2013, 5, 18, 17, 10, 29), 0.0300467502315945, False, 'time']
['tapdance', 202553000, 'expand_tile', '1', 240715392L, datetime.datetime(2013, 5, 18, 17, 10, 42), 0.0752068579403339, False, 'time']
['tapdance', 202553000, 'view_full_application', '1', 240715392L, datetime.datetime(2013, 5, 18, 17, 10, 53), 0.0752068579403339, False, 'time']

['tapdance', 202553000, 'impression', '4', 240728384L, datetime.datetime(2013, 5, 19, 8, 14, 33), 0.100759945324346, False, 'time']
['tapdance', 202553000, 'impression', '1', 240742151L, datetime.datetime(2013, 5, 19, 8, 14, 33), 0.03632160115783, False, 'time']
['tapdance', 202553000, 'impression', '8', 240704586L, datetime.datetime(2013, 5, 19, 8, 14, 33), 0.109639047129486, False, 'time']
['tapdance', 202553000, 'impression', '9', 240704538L, datetime.datetime(2013, 5, 19, 8, 14, 33), 0.0989776669347951, False, 'time']
['tapdance', 202553000, 'impression', '7', 240710583L, datetime.datetime(2013, 5, 19, 8, 14, 33), 0.0349111701498908, False, 'time']
['tapdance', 202553000, 'impression', '10', 240703353L, datetime.datetime(2013, 5, 19, 8, 14, 33), 0.0150081184850569, False, 'time']
['tapdance', 202553000, 'impression', '2', 240739301L, datetime.datetime(2013, 5, 19, 8, 14, 33), 0.0226598027721891, False, 'time']
['tapdance', 202553000, 'impression', '3', 240733698L, datetime.datetime(2013, 5, 19, 8, 14, 33), 0.0409857763272987, False, 'time']
['tapdance', 202553000, 'impression', '6', 240711612L, datetime.datetime(2013, 5, 19, 8, 14, 33), 0.0300467502315945, False, 'time']
['tapdance', 202553000, 'impression', '5', 240715392L, datetime.datetime(2013, 5, 19, 8, 14, 33), 0.0752068579403339, False, 'time']
['tapdance', 202553000, 'impression', '12', 240702009L, datetime.datetime(2013, 5, 19, 8, 14, 33), 0.0190270699220532, False, 'time']
['tapdance', 202553000, 'impression', '11', 240702947L, datetime.datetime(2013, 5, 19, 8, 14, 33), 0.0560896560115339, False, 'time']
['tapdance', 202553000, 'expand_tile', '1', 240742151L, datetime.datetime(2013, 5, 19, 8, 14, 47), 0.03632160115783, False, 'time']
['tapdance', 202553000, 'impression', '6', 240711612L, datetime.datetime(2013, 5, 19, 8, 16, 15), 0.0300467502315945, False, 'time']
['tapdance', 202553000, 'impression', '3', 240733698L, datetime.datetime(2013, 5, 19, 8, 16, 15), 0.0409857763272987, False, 'time']
['tapdance', 202553000, 'impression', '2', 240739301L, datetime.datetime(2013, 5, 19, 8, 16, 15), 0.0226598027721891, False, 'time']
['tapdance', 202553000, 'impression', '12', 240702009L, datetime.datetime(2013, 5, 19, 8, 16, 15), 0.0190270699220532, False, 'time']
['tapdance', 202553000, 'impression', '5', 240715392L, datetime.datetime(2013, 5, 19, 8, 16, 15), 0.0752068579403339, False, 'time']
['tapdance', 202553000, 'impression', '11', 240702947L, datetime.datetime(2013, 5, 19, 8, 16, 15), 0.0560896560115339, False, 'time']
['tapdance', 202553000, 'impression', '4', 240728384L, datetime.datetime(2013, 5, 19, 8, 16, 15), 0.100759945324346, False, 'time']
['tapdance', 202553000, 'impression', '10', 240703353L, datetime.datetime(2013, 5, 19, 8, 16, 15), 0.0150081184850569, False, 'time']
['tapdance', 202553000, 'impression', '7', 240710583L, datetime.datetime(2013, 5, 19, 8, 16, 15), 0.0349111701498908, False, 'time']
['tapdance', 202553000, 'impression', '8', 240704586L, datetime.datetime(2013, 5, 19, 8, 16, 15), 0.109639047129486, False, 'time']
['tapdance', 202553000, 'impression', '9', 240704538L, datetime.datetime(2013, 5, 19, 8, 16, 15), 0.0989776669347951, False, 'time']
['tapdance', 202553000, 'impression', '1', 240742151L, datetime.datetime(2013, 5, 19, 8, 16, 15), 0.03632160115783, False, 'time']

['tapdance', 202553000, 'impression', '2', 240739301L, datetime.datetime(2013, 5, 19, 9, 3, 41), 0.0226598027721891, False, 'time']
['tapdance', 202553000, 'expand_tile', '3', 240733698L, datetime.datetime(2013, 5, 19, 9, 3, 42), 0.0409857763272987, False, 'time']
['tapdance', 202553000, 'view_full_application', '3', 240733698L, datetime.datetime(2013, 5, 19, 9, 4, 18), 0.0409857763272987, False, 'time']
['tapdance', 202553000, 'impression', '10', 240703353L, datetime.datetime(2013, 5, 19, 9, 6, 52), 0.0150081184850569, False, 'time']
['tapdance', 202553000, 'impression', '2', 240739301L, datetime.datetime(2013, 5, 19, 9, 6, 52), 0.0226598027721891, False, 'time']
['tapdance', 202553000, 'impression', '9', 240704538L, datetime.datetime(2013, 5, 19, 9, 6, 52), 0.0989776669347951, False, 'time']
['tapdance', 202553000, 'impression', '8', 240704586L, datetime.datetime(2013, 5, 19, 9, 6, 52), 0.109639047129486, False, 'time']
['tapdance', 202553000, 'impression', '7', 240710583L, datetime.datetime(2013, 5, 19, 9, 6, 52), 0.0349111701498908, False, 'time']
['tapdance', 202553000, 'impression', '4', 240728384L, datetime.datetime(2013, 5, 19, 9, 6, 52), 0.100759945324346, False, 'time']
['tapdance', 202553000, 'impression', '6', 240711612L, datetime.datetime(2013, 5, 19, 9, 6, 52), 0.0300467502315945, False, 'time']
['tapdance', 202553000, 'impression', '3', 240733698L, datetime.datetime(2013, 5, 19, 9, 6, 52), 0.0409857763272987, False, 'time']
['tapdance', 202553000, 'impression', '1', 240742151L, datetime.datetime(2013, 5, 19, 9, 6, 52), 0.03632160115783, False, 'time']
['tapdance', 202553000, 'impression', '5', 240715392L, datetime.datetime(2013, 5, 19, 9, 6, 52), 0.0752068579403339, False, 'time']
['tapdance', 202553000, 'impression', '12', 240702009L, datetime.datetime(2013, 5, 19, 9, 6, 52), 0.0190270699220532, False, 'time']
['tapdance', 202553000, 'impression', '11', 240702947L, datetime.datetime(2013, 5, 19, 9, 6, 52), 0.0560896560115339, False, 'time']
['tapdance', 202553000, 'impression', '11', 240702947L, datetime.datetime(2013, 5, 19, 9, 7, 9), 0.0560896560115339, False, 'time']
['tapdance', 202553000, 'expand_tile', '11', 240702947L, datetime.datetime(2013, 5, 19, 9, 7, 11), 0.0560896560115339, False, 'time']
['tapdance', 202553000, 'collapse_tile', '11', 240702947L, datetime.datetime(2013, 5, 19, 9, 7, 22), 0.0560896560115339, False, 'time']
['tapdance', 202553000, 'expand_tile', '11', 240702947L, datetime.datetime(2013, 5, 19, 9, 7, 24), 0.0560896560115339, False, 'time']
['tapdance', 202553000, 'view_full_application', '11', 240702947L, datetime.datetime(2013, 5, 19, 9, 7, 32), 0.0560896560115339, False, 'time']

['tapdance', 202553000, 'impression', '10', 240703353L, datetime.datetime(2013, 5, 19, 10, 12, 37), 0.0150081184850569, False, 'time']
['tapdance', 202553000, 'impression', '1', 240742151L, datetime.datetime(2013, 5, 19, 10, 12, 37), 0.03632160115783, False, 'time']
['tapdance', 202553000, 'impression', '4', 240728384L, datetime.datetime(2013, 5, 19, 10, 12, 37), 0.100759945324346, False, 'time']
['tapdance', 202553000, 'impression', '12', 240702009L, datetime.datetime(2013, 5, 19, 10, 12, 37), 0.0190270699220532, False, 'time']
['tapdance', 202553000, 'impression', '5', 240715392L, datetime.datetime(2013, 5, 19, 10, 12, 37), 0.0752068579403339, False, 'time']
['tapdance', 202553000, 'impression', '8', 240704586L, datetime.datetime(2013, 5, 19, 10, 12, 37), 0.109639047129486, False, 'time']
['tapdance', 202553000, 'impression', '7', 240710583L, datetime.datetime(2013, 5, 19, 10, 12, 37), 0.0349111701498908, False, 'time']
['tapdance', 202553000, 'impression', '9', 240704538L, datetime.datetime(2013, 5, 19, 10, 12, 37), 0.0989776669347951, False, 'time']
['tapdance', 202553000, 'impression', '2', 240739301L, datetime.datetime(2013, 5, 19, 10, 12, 37), 0.0226598027721891, False, 'time']
['tapdance', 202553000, 'impression', '6', 240711612L, datetime.datetime(2013, 5, 19, 10, 12, 37), 0.0300467502315945, False, 'time']
['tapdance', 202553000, 'impression', '3', 240733698L, datetime.datetime(2013, 5, 19, 10, 12, 37), 0.0409857763272987, False, 'time']
['tapdance', 202553000, 'impression', '11', 240702947L, datetime.datetime(2013, 5, 19, 10, 12, 37), 0.0560896560115339, False, 'time']
['tapdance', 202553000, 'impression', '2', 240739301L, datetime.datetime(2013, 5, 19, 10, 16, 30), 0.0226598027721891, False, 'time']
['tapdance', 202553000, 'impression', '4', 240728384L, datetime.datetime(2013, 5, 19, 10, 16, 30), 0.100759945324346, False, 'time']
['tapdance', 202553000, 'impression', '1', 240742151L, datetime.datetime(2013, 5, 19, 10, 16, 30), 0.03632160115783, False, 'time']
['tapdance', 202553000, 'impression', '5', 240715392L, datetime.datetime(2013, 5, 19, 10, 16, 30), 0.0752068579403339, False, 'time']
['tapdance', 202553000, 'impression', '12', 240702009L, datetime.datetime(2013, 5, 19, 10, 16, 30), 0.0190270699220532, False, 'time']
['tapdance', 202553000, 'impression', '11', 240702947L, datetime.datetime(2013, 5, 19, 10, 16, 30), 0.0560896560115339, False, 'time']
['tapdance', 202553000, 'impression', '10', 240703353L, datetime.datetime(2013, 5, 19, 10, 16, 30), 0.0150081184850569, False, 'time']
['tapdance', 202553000, 'impression', '9', 240704538L, datetime.datetime(2013, 5, 19, 10, 16, 30), 0.0989776669347951, False, 'time']
['tapdance', 202553000, 'impression', '7', 240710583L, datetime.datetime(2013, 5, 19, 10, 16, 30), 0.0349111701498908, False, 'time']
['tapdance', 202553000, 'impression', '8', 240704586L, datetime.datetime(2013, 5, 19, 10, 16, 30), 0.109639047129486, False, 'time']
['tapdance', 202553000, 'impression', '6', 240711612L, datetime.datetime(2013, 5, 19, 10, 16, 30), 0.0300467502315945, False, 'time']
['tapdance', 202553000, 'impression', '3', 240733698L, datetime.datetime(2013, 5, 19, 10, 16, 30), 0.0409857763272987, False, 'time']
['tapdance', 202553000, 'impression', '6', 240733698L, datetime.datetime(2013, 5, 19, 10, 16, 57), 0.0409857763272987, False, 'best']
['tapdance', 202553000, 'impression', '9', 240711612L, datetime.datetime(2013, 5, 19, 10, 16, 57), 0.0300467502315945, False, 'best']
['tapdance', 202553000, 'impression', '10', 240739301L, datetime.datetime(2013, 5, 19, 10, 16, 57), 0.0226598027721891, False, 'best']
['tapdance', 202553000, 'impression', '5', 240702947L, datetime.datetime(2013, 5, 19, 10, 16, 57), 0.0560896560115339, False, 'best']
['tapdance', 202553000, 'impression', '8', 240710583L, datetime.datetime(2013, 5, 19, 10, 16, 57), 0.0349111701498908, False, 'best']
['tapdance', 202553000, 'impression', '3', 240704538L, datetime.datetime(2013, 5, 19, 10, 16, 57), 0.0989776669347951, False, 'best']
['tapdance', 202553000, 'impression', '1', 240704586L, datetime.datetime(2013, 5, 19, 10, 16, 57), 0.109639047129486, False, 'best']
['tapdance', 202553000, 'impression', '7', 240742151L, datetime.datetime(2013, 5, 19, 10, 16, 57), 0.03632160115783, False, 'best']
['tapdance', 202553000, 'impression', '2', 240728384L, datetime.datetime(2013, 5, 19, 10, 16, 57), 0.100759945324346, False, 'best']
['tapdance', 202553000, 'impression', '12', 240703353L, datetime.datetime(2013, 5, 19, 10, 16, 57), 0.0150081184850569, False, 'best']
['tapdance', 202553000, 'impression', '11', 240702009L, datetime.datetime(2013, 5, 19, 10, 16, 57), 0.0190270699220532, False, 'best']
['tapdance', 202553000, 'impression', '4', 240715392L, datetime.datetime(2013, 5, 19, 10, 16, 57), 0.0752068579403339, False, 'best']
['tapdance', 202553000, 'expand_tile', '2', 240728384L, datetime.datetime(2013, 5, 19, 10, 17, 36), 0.100759945324346, False, 'best']
['tapdance', 202553000, 'view_full_application', '2', 240728384L, datetime.datetime(2013, 5, 19, 10, 18, 16), 0.100759945324346, False, 'best']
['tapdance', 202553000, 'impression', '2', 240739301L, datetime.datetime(2013, 5, 19, 10, 20, 19), 0.0226598027721891, False, 'time']
['tapdance', 202553000, 'impression', '7', 240710583L, datetime.datetime(2013, 5, 19, 10, 20, 19), 0.0349111701498908, False, 'time']
['tapdance', 202553000, 'impression', '9', 240704538L, datetime.datetime(2013, 5, 19, 10, 20, 19), 0.0989776669347951, False, 'time']
['tapdance', 202553000, 'impression', '8', 240704586L, datetime.datetime(2013, 5, 19, 10, 20, 19), 0.109639047129486, False, 'time']
['tapdance', 202553000, 'impression', '6', 240711612L, datetime.datetime(2013, 5, 19, 10, 20, 19), 0.0300467502315945, False, 'time']
['tapdance', 202553000, 'impression', '3', 240733698L, datetime.datetime(2013, 5, 19, 10, 20, 19), 0.0409857763272987, False, 'time']
['tapdance', 202553000, 'impression', '10', 240703353L, datetime.datetime(2013, 5, 19, 10, 20, 19), 0.0150081184850569, False, 'time']
['tapdance', 202553000, 'impression', '11', 240702947L, datetime.datetime(2013, 5, 19, 10, 20, 19), 0.0560896560115339, False, 'time']
['tapdance', 202553000, 'impression', '12', 240702009L, datetime.datetime(2013, 5, 19, 10, 20, 19), 0.0190270699220532, False, 'time']
['tapdance', 202553000, 'impression', '5', 240715392L, datetime.datetime(2013, 5, 19, 10, 20, 19), 0.0752068579403339, False, 'time']
['tapdance', 202553000, 'impression', '1', 240742151L, datetime.datetime(2013, 5, 19, 10, 20, 19), 0.03632160115783, False, 'time']
['tapdance', 202553000, 'impression', '4', 240728384L, datetime.datetime(2013, 5, 19, 10, 20, 19), 0.100759945324346, False, 'time']

['tapdance', 202553000, 'impression', '4', 240728384L, datetime.datetime(2013, 5, 19, 12, 39, 8), 0.100759945324346, False, 'time']
['tapdance', 202553000, 'impression', '2', 240739301L, datetime.datetime(2013, 5, 19, 12, 39, 8), 0.0226598027721891, False, 'time']
['tapdance', 202553000, 'impression', '10', 240703353L, datetime.datetime(2013, 5, 19, 12, 39, 8), 0.0150081184850569, False, 'time']
['tapdance', 202553000, 'impression', '7', 240710583L, datetime.datetime(2013, 5, 19, 12, 39, 8), 0.0349111701498908, False, 'time']
['tapdance', 202553000, 'impression', '9', 240704538L, datetime.datetime(2013, 5, 19, 12, 39, 8), 0.0989776669347951, False, 'time']
['tapdance', 202553000, 'impression', '8', 240704586L, datetime.datetime(2013, 5, 19, 12, 39, 8), 0.109639047129486, False, 'time']
['tapdance', 202553000, 'impression', '11', 240702947L, datetime.datetime(2013, 5, 19, 12, 39, 8), 0.0560896560115339, False, 'time']
['tapdance', 202553000, 'impression', '1', 240742151L, datetime.datetime(2013, 5, 19, 12, 39, 8), 0.03632160115783, False, 'time']
['tapdance', 202553000, 'impression', '12', 240702009L, datetime.datetime(2013, 5, 19, 12, 39, 8), 0.0190270699220532, False, 'time']
['tapdance', 202553000, 'impression', '5', 240715392L, datetime.datetime(2013, 5, 19, 12, 39, 8), 0.0752068579403339, False, 'time']
['tapdance', 202553000, 'impression', '6', 240711612L, datetime.datetime(2013, 5, 19, 12, 39, 8), 0.0300467502315945, False, 'time']
['tapdance', 202553000, 'impression', '3', 240733698L, datetime.datetime(2013, 5, 19, 12, 39, 8), 0.0409857763272987, False, 'time']

['tapdance', 202553000, 'impression', '9', 240704586L, datetime.datetime(2013, 5, 19, 16, 25, 16), 0.109639047129486, False, 'time']
['tapdance', 202553000, 'impression', '8', 240710583L, datetime.datetime(2013, 5, 19, 16, 25, 16), 0.0349111701498908, False, 'time']
['tapdance', 202553000, 'impression', '10', 240704538L, datetime.datetime(2013, 5, 19, 16, 25, 16), 0.0989776669347951, False, 'time']
['tapdance', 202553000, 'impression', '7', 240711612L, datetime.datetime(2013, 5, 19, 16, 25, 16), 0.0300467502315945, False, 'time']
['tapdance', 202553000, 'impression', '4', 240733698L, datetime.datetime(2013, 5, 19, 16, 25, 16), 0.0409857763272987, False, 'time']
['tapdance', 202553000, 'impression', '12', 240702947L, datetime.datetime(2013, 5, 19, 16, 25, 16), 0.0560896560115339, False, 'time']
['tapdance', 202553000, 'impression', '1', 240762901L, datetime.datetime(2013, 5, 19, 16, 25, 16), 0.0907983334606283, False, 'time']
['tapdance', 202553000, 'impression', '3', 240739301L, datetime.datetime(2013, 5, 19, 16, 25, 16), 0.0226598027721891, False, 'time']
['tapdance', 202553000, 'impression', '2', 240742151L, datetime.datetime(2013, 5, 19, 16, 25, 16), 0.03632160115783, False, 'time']
['tapdance', 202553000, 'impression', '5', 240728384L, datetime.datetime(2013, 5, 19, 16, 25, 16), 0.100759945324346, False, 'time']
['tapdance', 202553000, 'impression', '11', 240703353L, datetime.datetime(2013, 5, 19, 16, 25, 16), 0.0150081184850569, False, 'time']
['tapdance', 202553000, 'impression', '6', 240715392L, datetime.datetime(2013, 5, 19, 16, 25, 16), 0.0752068579403339, False, 'time']
['tapdance', 202553000, 'impression', '13', 240702009L, datetime.datetime(2013, 5, 19, 16, 25, 16), 0.0190270699220532, False, 'time']
['tapdance', 202553000, 'expand_tile', '1', 240762901L, datetime.datetime(2013, 5, 19, 16, 25, 28), 0.0907983334606283, False, 'time']
['tapdance', 202553000, 'impression', '1', 240762901L, datetime.datetime(2013, 5, 19, 16, 26, 11), 0.0907983334606283, False, 'time']
['tapdance', 202553000, 'view_full_application', '1', 240762901L, datetime.datetime(2013, 5, 19, 16, 26, 21), 0.0907983334606283, False, 'time']
['tapdance', 202553000, 'impression', '4', 240733698L, datetime.datetime(2013, 5, 19, 16, 27, 26), 0.0409857763272987, False, 'time']
['tapdance', 202553000, 'impression', '7', 240711612L, datetime.datetime(2013, 5, 19, 16, 27, 26), 0.0300467502315945, False, 'time']
['tapdance', 202553000, 'impression', '5', 240728384L, datetime.datetime(2013, 5, 19, 16, 27, 26), 0.100759945324346, False, 'time']
['tapdance', 202553000, 'impression', '6', 240715392L, datetime.datetime(2013, 5, 19, 16, 27, 26), 0.0752068579403339, False, 'time']
['tapdance', 202553000, 'impression', '13', 240702009L, datetime.datetime(2013, 5, 19, 16, 27, 26), 0.0190270699220532, False, 'time']
['tapdance', 202553000, 'impression', '1', 240762901L, datetime.datetime(2013, 5, 19, 16, 27, 26), 0.0907983334606283, False, 'time']
['tapdance', 202553000, 'impression', '12', 240702947L, datetime.datetime(2013, 5, 19, 16, 27, 26), 0.0560896560115339, False, 'time']
['tapdance', 202553000, 'impression', '3', 240739301L, datetime.datetime(2013, 5, 19, 16, 27, 26), 0.0226598027721891, False, 'time']
['tapdance', 202553000, 'impression', '11', 240703353L, datetime.datetime(2013, 5, 19, 16, 27, 26), 0.0150081184850569, False, 'time']
['tapdance', 202553000, 'impression', '2', 240742151L, datetime.datetime(2013, 5, 19, 16, 27, 26), 0.03632160115783, False, 'time']
['tapdance', 202553000, 'impression', '8', 240710583L, datetime.datetime(2013, 5, 19, 16, 27, 26), 0.0349111701498908, False, 'time']
['tapdance', 202553000, 'impression', '9', 240704586L, datetime.datetime(2013, 5, 19, 16, 27, 26), 0.109639047129486, False, 'time']
['tapdance', 202553000, 'impression', '10', 240704538L, datetime.datetime(2013, 5, 19, 16, 27, 26), 0.0989776669347951, False, 'time']

['tapdance', 202553000, 'impression', '1', 240762901L, datetime.datetime(2013, 5, 19, 17, 45, 59), 0.0907983334606283, False, 'time']
['tapdance', 202553000, 'impression', '13', 240702947L, datetime.datetime(2013, 5, 19, 17, 46, 11), 0.0560896560115339, False, 'time']
['tapdance', 202553000, 'impression', '2', 240762901L, datetime.datetime(2013, 5, 19, 17, 46, 11), 0.0907983334606283, False, 'time']
['tapdance', 202553000, 'impression', '4', 240739301L, datetime.datetime(2013, 5, 19, 17, 46, 11), 0.0226598027721891, False, 'time']
['tapdance', 202553000, 'impression', '14', 240702009L, datetime.datetime(2013, 5, 19, 17, 46, 11), 0.0190270699220532, False, 'time']
['tapdance', 202553000, 'impression', '1', 240769019L, datetime.datetime(2013, 5, 19, 17, 46, 11), 0.102185681145705, False, 'time']
['tapdance', 202553000, 'impression', '7', 240715392L, datetime.datetime(2013, 5, 19, 17, 46, 11), 0.0752068579403339, False, 'time']
['tapdance', 202553000, 'impression', '6', 240728384L, datetime.datetime(2013, 5, 19, 17, 46, 11), 0.100759945324346, False, 'time']
['tapdance', 202553000, 'impression', '5', 240733698L, datetime.datetime(2013, 5, 19, 17, 46, 11), 0.0409857763272987, False, 'time']
['tapdance', 202553000, 'impression', '8', 240711612L, datetime.datetime(2013, 5, 19, 17, 46, 11), 0.0300467502315945, False, 'time']
['tapdance', 202553000, 'impression', '12', 240703353L, datetime.datetime(2013, 5, 19, 17, 46, 11), 0.0150081184850569, False, 'time']
['tapdance', 202553000, 'impression', '3', 240742151L, datetime.datetime(2013, 5, 19, 17, 46, 11), 0.03632160115783, False, 'time']
['tapdance', 202553000, 'impression', '10', 240704586L, datetime.datetime(2013, 5, 19, 17, 46, 11), 0.109639047129486, False, 'time']
['tapdance', 202553000, 'impression', '11', 240704538L, datetime.datetime(2013, 5, 19, 17, 46, 11), 0.0989776669347951, False, 'time']
['tapdance', 202553000, 'impression', '9', 240710583L, datetime.datetime(2013, 5, 19, 17, 46, 11), 0.0349111701498908, False, 'time']
['tapdance', 202553000, 'expand_tile', '1', 240769019L, datetime.datetime(2013, 5, 19, 17, 46, 36), 0.102185681145705, False, 'time']
['tapdance', 202553000, 'view_full_application', '1', 240769019L, datetime.datetime(2013, 5, 19, 17, 46, 46), 0.102185681145705, False, 'time']
['tapdance', 202553000, 'impression', '10', 240704586L, datetime.datetime(2013, 5, 19, 17, 47, 43), 0.109639047129486, False, 'time']
['tapdance', 202553000, 'impression', '9', 240710583L, datetime.datetime(2013, 5, 19, 17, 47, 43), 0.0349111701498908, False, 'time']
['tapdance', 202553000, 'impression', '11', 240704538L, datetime.datetime(2013, 5, 19, 17, 47, 43), 0.0989776669347951, False, 'time']
['tapdance', 202553000, 'impression', '4', 240739301L, datetime.datetime(2013, 5, 19, 17, 47, 43), 0.0226598027721891, False, 'time']
['tapdance', 202553000, 'impression', '7', 240715392L, datetime.datetime(2013, 5, 19, 17, 47, 43), 0.0752068579403339, False, 'time']
['tapdance', 202553000, 'impression', '14', 240702009L, datetime.datetime(2013, 5, 19, 17, 47, 43), 0.0190270699220532, False, 'time']
['tapdance', 202553000, 'impression', '1', 240769019L, datetime.datetime(2013, 5, 19, 17, 47, 43), 0.102185681145705, False, 'time']
['tapdance', 202553000, 'impression', '13', 240702947L, datetime.datetime(2013, 5, 19, 17, 47, 43), 0.0560896560115339, False, 'time']
['tapdance', 202553000, 'impression', '2', 240762901L, datetime.datetime(2013, 5, 19, 17, 47, 43), 0.0907983334606283, False, 'time']
['tapdance', 202553000, 'impression', '12', 240703353L, datetime.datetime(2013, 5, 19, 17, 47, 43), 0.0150081184850569, False, 'time']
['tapdance', 202553000, 'impression', '3', 240742151L, datetime.datetime(2013, 5, 19, 17, 47, 43), 0.03632160115783, False, 'time']
['tapdance', 202553000, 'impression', '8', 240711612L, datetime.datetime(2013, 5, 19, 17, 47, 43), 0.0300467502315945, False, 'time']
['tapdance', 202553000, 'impression', '5', 240733698L, datetime.datetime(2013, 5, 19, 17, 47, 43), 0.0409857763272987, False, 'time']
['tapdance', 202553000, 'impression', '6', 240728384L, datetime.datetime(2013, 5, 19, 17, 47, 43), 0.100759945324346, False, 'time']

['tapdance', 202553000, 'impression', '9', 240715392L, datetime.datetime(2013, 5, 20, 10, 22, 23), 0.0752068579403339, False, 'time']
['tapdance', 202553000, 'impression', '15', 240702009L, datetime.datetime(2013, 5, 20, 10, 22, 23), 0.0190270699220532, False, 'time']
['tapdance', 202553000, 'impression', '3', 240769019L, datetime.datetime(2013, 5, 20, 10, 22, 23), 0.102185681145705, False, 'time']
['tapdance', 202553000, 'impression', '4', 240762901L, datetime.datetime(2013, 5, 20, 10, 22, 23), 0.0907983334606283, False, 'time']
['tapdance', 202553000, 'impression', '6', 240739301L, datetime.datetime(2013, 5, 20, 10, 22, 23), 0.0226598027721891, False, 'time']
['tapdance', 202553000, 'impression', '12', 240704586L, datetime.datetime(2013, 5, 20, 10, 22, 23), 0.109639047129486, False, 'time']
['tapdance', 202553000, 'impression', '11', 240710583L, datetime.datetime(2013, 5, 20, 10, 22, 23), 0.0349111701498908, False, 'time']
['tapdance', 202553000, 'impression', '13', 240704538L, datetime.datetime(2013, 5, 20, 10, 22, 23), 0.0989776669347951, False, 'time']
['tapdance', 202553000, 'impression', '8', 240728384L, datetime.datetime(2013, 5, 20, 10, 22, 23), 0.100759945324346, False, 'time']
['tapdance', 202553000, 'impression', '2', 240804040L, datetime.datetime(2013, 5, 20, 10, 22, 23), 0.028606771754627, False, 'time']
['tapdance', 202553000, 'impression', '10', 240711612L, datetime.datetime(2013, 5, 20, 10, 22, 23), 0.0300467502315945, False, 'time']
['tapdance', 202553000, 'impression', '7', 240733698L, datetime.datetime(2013, 5, 20, 10, 22, 23), 0.0409857763272987, False, 'time']
['tapdance', 202553000, 'impression', '1', 240818839L, datetime.datetime(2013, 5, 20, 10, 22, 23), 0.100774898342251, False, 'time']
['tapdance', 202553000, 'impression', '5', 240742151L, datetime.datetime(2013, 5, 20, 10, 22, 23), 0.03632160115783, False, 'time']
['tapdance', 202553000, 'impression', '14', 240703353L, datetime.datetime(2013, 5, 20, 10, 22, 23), 0.0150081184850569, False, 'time']
['tapdance', 202553000, 'impression', '13', 240704538L, datetime.datetime(2013, 5, 20, 10, 24, 39), 0.0989776669347951, False, 'time']
['tapdance', 202553000, 'impression', '12', 240704586L, datetime.datetime(2013, 5, 20, 10, 24, 39), 0.109639047129486, False, 'time']
['tapdance', 202553000, 'impression', '11', 240710583L, datetime.datetime(2013, 5, 20, 10, 24, 39), 0.0349111701498908, False, 'time']
['tapdance', 202553000, 'impression', '4', 240762901L, datetime.datetime(2013, 5, 20, 10, 24, 39), 0.0907983334606283, False, 'time']
['tapdance', 202553000, 'impression', '6', 240739301L, datetime.datetime(2013, 5, 20, 10, 24, 39), 0.0226598027721891, False, 'time']
['tapdance', 202553000, 'impression', '14', 240703353L, datetime.datetime(2013, 5, 20, 10, 24, 39), 0.0150081184850569, False, 'time']
['tapdance', 202553000, 'impression', '10', 240711612L, datetime.datetime(2013, 5, 20, 10, 24, 39), 0.0300467502315945, False, 'time']
['tapdance', 202553000, 'impression', '7', 240733698L, datetime.datetime(2013, 5, 20, 10, 24, 39), 0.0409857763272987, False, 'time']
['tapdance', 202553000, 'impression', '2', 240804040L, datetime.datetime(2013, 5, 20, 10, 24, 39), 0.028606771754627, False, 'time']
['tapdance', 202553000, 'impression', '8', 240728384L, datetime.datetime(2013, 5, 20, 10, 24, 39), 0.100759945324346, False, 'time']
['tapdance', 202553000, 'impression', '1', 240818839L, datetime.datetime(2013, 5, 20, 10, 24, 39), 0.100774898342251, False, 'time']
['tapdance', 202553000, 'impression', '5', 240742151L, datetime.datetime(2013, 5, 20, 10, 24, 39), 0.03632160115783, False, 'time']
['tapdance', 202553000, 'impression', '3', 240769019L, datetime.datetime(2013, 5, 20, 10, 24, 39), 0.102185681145705, False, 'time']
['tapdance', 202553000, 'impression', '9', 240715392L, datetime.datetime(2013, 5, 20, 10, 24, 39), 0.0752068579403339, False, 'time']
['tapdance', 202553000, 'impression', '15', 240702009L, datetime.datetime(2013, 5, 20, 10, 24, 39), 0.0190270699220532, False, 'time']
['tapdance', 202553000, 'expand_tile', '1', 240818839L, datetime.datetime(2013, 5, 20, 10, 30, 52), 0.100774898342251, False, 'time']
['tapdance', 202553000, 'view_full_application', '1', 240818839L, datetime.datetime(2013, 5, 20, 10, 30, 54), 0.100774898342251, False, 'time']
['tapdance', 202553000, 'impression', '6', 240739301L, datetime.datetime(2013, 5, 20, 10, 32, 21), 0.0226598027721891, False, 'time']
['tapdance', 202553000, 'impression', '11', 240710583L, datetime.datetime(2013, 5, 20, 10, 32, 21), 0.0349111701498908, False, 'time']
['tapdance', 202553000, 'impression', '13', 240704538L, datetime.datetime(2013, 5, 20, 10, 32, 21), 0.0989776669347951, False, 'time']
['tapdance', 202553000, 'impression', '12', 240704586L, datetime.datetime(2013, 5, 20, 10, 32, 21), 0.109639047129486, False, 'time']
['tapdance', 202553000, 'impression', '1', 240818839L, datetime.datetime(2013, 5, 20, 10, 32, 21), 0.100774898342251, False, 'time']
['tapdance', 202553000, 'impression', '5', 240742151L, datetime.datetime(2013, 5, 20, 10, 32, 21), 0.03632160115783, False, 'time']
['tapdance', 202553000, 'impression', '10', 240711612L, datetime.datetime(2013, 5, 20, 10, 32, 21), 0.0300467502315945, False, 'time']
['tapdance', 202553000, 'impression', '7', 240733698L, datetime.datetime(2013, 5, 20, 10, 32, 21), 0.0409857763272987, False, 'time']
['tapdance', 202553000, 'impression', '3', 240769019L, datetime.datetime(2013, 5, 20, 10, 32, 21), 0.102185681145705, False, 'time']
['tapdance', 202553000, 'impression', '15', 240702009L, datetime.datetime(2013, 5, 20, 10, 32, 21), 0.0190270699220532, False, 'time']
['tapdance', 202553000, 'impression', '9', 240715392L, datetime.datetime(2013, 5, 20, 10, 32, 21), 0.0752068579403339, False, 'time']
['tapdance', 202553000, 'impression', '14', 240703353L, datetime.datetime(2013, 5, 20, 10, 32, 21), 0.0150081184850569, False, 'time']
['tapdance', 202553000, 'impression', '4', 240762901L, datetime.datetime(2013, 5, 20, 10, 32, 21), 0.0907983334606283, False, 'time']
['tapdance', 202553000, 'impression', '8', 240728384L, datetime.datetime(2013, 5, 20, 10, 32, 21), 0.100759945324346, False, 'time']
['tapdance', 202553000, 'impression', '2', 240804040L, datetime.datetime(2013, 5, 20, 10, 32, 21), 0.028606771754627, False, 'time']

['tapdance', 202553000, 'impression', '4', 240762901L, datetime.datetime(2013, 5, 20, 11, 33, 2), 0.0907983334606283, False, 'time']
['tapdance', 202553000, 'impression', '7', 240733698L, datetime.datetime(2013, 5, 20, 11, 33, 2), 0.0409857763272987, False, 'time']
['tapdance', 202553000, 'impression', '10', 240711612L, datetime.datetime(2013, 5, 20, 11, 33, 2), 0.0300467502315945, False, 'time']
['tapdance', 202553000, 'impression', '2', 240804040L, datetime.datetime(2013, 5, 20, 11, 33, 2), 0.028606771754627, False, 'time']
['tapdance', 202553000, 'impression', '8', 240728384L, datetime.datetime(2013, 5, 20, 11, 33, 2), 0.100759945324346, False, 'time']
['tapdance', 202553000, 'impression', '11', 240710583L, datetime.datetime(2013, 5, 20, 11, 33, 2), 0.0349111701498908, False, 'time']
['tapdance', 202553000, 'impression', '13', 240704538L, datetime.datetime(2013, 5, 20, 11, 33, 2), 0.0989776669347951, False, 'time']
['tapdance', 202553000, 'impression', '12', 240704586L, datetime.datetime(2013, 5, 20, 11, 33, 2), 0.109639047129486, False, 'time']
['tapdance', 202553000, 'impression', '15', 240702009L, datetime.datetime(2013, 5, 20, 11, 33, 2), 0.0190270699220532, False, 'time']
['tapdance', 202553000, 'impression', '3', 240769019L, datetime.datetime(2013, 5, 20, 11, 33, 2), 0.102185681145705, False, 'time']
['tapdance', 202553000, 'impression', '9', 240715392L, datetime.datetime(2013, 5, 20, 11, 33, 2), 0.0752068579403339, False, 'time']
['tapdance', 202553000, 'impression', '1', 240818839L, datetime.datetime(2013, 5, 20, 11, 33, 2), 0.100774898342251, False, 'time']
['tapdance', 202553000, 'impression', '5', 240742151L, datetime.datetime(2013, 5, 20, 11, 33, 2), 0.03632160115783, False, 'time']
['tapdance', 202553000, 'impression', '14', 240703353L, datetime.datetime(2013, 5, 20, 11, 33, 2), 0.0150081184850569, False, 'time']
['tapdance', 202553000, 'impression', '6', 240739301L, datetime.datetime(2013, 5, 20, 11, 33, 2), 0.0226598027721891, False, 'time']

['tapdance', 202553000, 'impression', '15', 240702009L, datetime.datetime(2013, 5, 20, 15, 11, 14), 0.0190270699220532, False, 'time']
['tapdance', 202553000, 'impression', '3', 240769019L, datetime.datetime(2013, 5, 20, 15, 11, 14), 0.102185681145705, False, 'time']
['tapdance', 202553000, 'impression', '9', 240715392L, datetime.datetime(2013, 5, 20, 15, 11, 14), 0.0752068579403339, False, 'time']
['tapdance', 202553000, 'impression', '8', 240728384L, datetime.datetime(2013, 5, 20, 15, 11, 14), 0.100759945324346, False, 'time']
['tapdance', 202553000, 'impression', '2', 240804040L, datetime.datetime(2013, 5, 20, 15, 11, 14), 0.028606771754627, False, 'time']
['tapdance', 202553000, 'impression', '14', 240703353L, datetime.datetime(2013, 5, 20, 15, 11, 14), 0.0150081184850569, False, 'time']
['tapdance', 202553000, 'impression', '10', 240711612L, datetime.datetime(2013, 5, 20, 15, 11, 14), 0.0300467502315945, False, 'time']
['tapdance', 202553000, 'impression', '7', 240733698L, datetime.datetime(2013, 5, 20, 15, 11, 14), 0.0409857763272987, False, 'time']
['tapdance', 202553000, 'impression', '6', 240739301L, datetime.datetime(2013, 5, 20, 15, 11, 14), 0.0226598027721891, False, 'time']
['tapdance', 202553000, 'impression', '12', 240704586L, datetime.datetime(2013, 5, 20, 15, 11, 14), 0.109639047129486, False, 'time']
['tapdance', 202553000, 'impression', '13', 240704538L, datetime.datetime(2013, 5, 20, 15, 11, 14), 0.0989776669347951, False, 'time']
['tapdance', 202553000, 'impression', '11', 240710583L, datetime.datetime(2013, 5, 20, 15, 11, 14), 0.0349111701498908, False, 'time']
['tapdance', 202553000, 'impression', '1', 240818839L, datetime.datetime(2013, 5, 20, 15, 11, 14), 0.100774898342251, False, 'time']
['tapdance', 202553000, 'impression', '5', 240742151L, datetime.datetime(2013, 5, 20, 15, 11, 14), 0.03632160115783, False, 'time']
['tapdance', 202553000, 'impression', '4', 240762901L, datetime.datetime(2013, 5, 20, 15, 11, 14), 0.0907983334606283, False, 'time']
['tapdance', 202553000, 'expand_tile', '2', 240804040L, datetime.datetime(2013, 5, 20, 15, 11, 27), 0.028606771754627, False, 'time']

['tapdance', 202553000, 'impression', '11', 240710583L, datetime.datetime(2013, 5, 20, 20, 17, 47), 0.0349111701498908, False, 'time']
['tapdance', 202553000, 'impression', '13', 240704538L, datetime.datetime(2013, 5, 20, 20, 17, 47), 0.0989776669347951, False, 'time']
['tapdance', 202553000, 'impression', '12', 240704586L, datetime.datetime(2013, 5, 20, 20, 17, 47), 0.109639047129486, False, 'time']
['tapdance', 202553000, 'impression', '1', 240818839L, datetime.datetime(2013, 5, 20, 20, 17, 47), 0.100774898342251, False, 'time']
['tapdance', 202553000, 'impression', '5', 240742151L, datetime.datetime(2013, 5, 20, 20, 17, 47), 0.03632160115783, False, 'time']
['tapdance', 202553000, 'impression', '4', 240762901L, datetime.datetime(2013, 5, 20, 20, 17, 47), 0.0907983334606283, False, 'time']
['tapdance', 202553000, 'impression', '10', 240711612L, datetime.datetime(2013, 5, 20, 20, 17, 47), 0.0300467502315945, False, 'time']
['tapdance', 202553000, 'impression', '7', 240733698L, datetime.datetime(2013, 5, 20, 20, 17, 47), 0.0409857763272987, False, 'time']
['tapdance', 202553000, 'impression', '8', 240728384L, datetime.datetime(2013, 5, 20, 20, 17, 47), 0.100759945324346, False, 'time']
['tapdance', 202553000, 'impression', '2', 240804040L, datetime.datetime(2013, 5, 20, 20, 17, 47), 0.028606771754627, False, 'time']
['tapdance', 202553000, 'impression', '9', 240715392L, datetime.datetime(2013, 5, 20, 20, 17, 47), 0.0752068579403339, False, 'time']
['tapdance', 202553000, 'impression', '15', 240702009L, datetime.datetime(2013, 5, 20, 20, 17, 47), 0.0190270699220532, False, 'time']
['tapdance', 202553000, 'impression', '3', 240769019L, datetime.datetime(2013, 5, 20, 20, 17, 47), 0.102185681145705, False, 'time']
['tapdance', 202553000, 'impression', '14', 240703353L, datetime.datetime(2013, 5, 20, 20, 17, 47), 0.0150081184850569, False, 'time']
['tapdance', 202553000, 'impression', '6', 240739301L, datetime.datetime(2013, 5, 20, 20, 17, 47), 0.0226598027721891, False, 'time']

