['taylorlaurent', 202588174, 'impression', '1', 241445088L, datetime.datetime(2013, 5, 29, 3, 12, 5), 0.0880785323501161, False, 'time']
['taylorlaurent', 202588174, 'impression', '3', 241444849L, datetime.datetime(2013, 5, 29, 3, 12, 5), 0.239782772118948, False, 'time']
['taylorlaurent', 202588174, 'impression', '2', 241445017L, datetime.datetime(2013, 5, 29, 3, 12, 5), 0.108909477536279, False, 'time']
['taylorlaurent', 202588174, 'impression', '5', 241444623L, datetime.datetime(2013, 5, 29, 3, 12, 5), 0.096034965909921, False, 'time']
['taylorlaurent', 202588174, 'impression', '4', 241444847L, datetime.datetime(2013, 5, 29, 3, 12, 5), 0.164431198826801, False, 'time']
['taylorlaurent', 202588174, 'view_full_application_via_name', '1', 241445088L, datetime.datetime(2013, 5, 29, 3, 12, 12), 0.0880785323501161, False, 'time']
['taylorlaurent', 202588174, 'impression', '1', 241447306L, datetime.datetime(2013, 5, 29, 3, 29, 25), 0.0983926314139875, False, 'time']
['taylorlaurent', 202588174, 'impression', '3', 241445017L, datetime.datetime(2013, 5, 29, 3, 29, 25), 0.108909477536279, False, 'time']
['taylorlaurent', 202588174, 'impression', '2', 241445088L, datetime.datetime(2013, 5, 29, 3, 29, 25), 0.0880785323501161, False, 'time']
['taylorlaurent', 202588174, 'impression', '4', 241444849L, datetime.datetime(2013, 5, 29, 3, 29, 25), 0.239782772118948, False, 'time']
['taylorlaurent', 202588174, 'impression', '5', 241444847L, datetime.datetime(2013, 5, 29, 3, 29, 25), 0.164431198826801, False, 'time']
['taylorlaurent', 202588174, 'impression', '6', 241444623L, datetime.datetime(2013, 5, 29, 3, 29, 25), 0.096034965909921, False, 'time']
['taylorlaurent', 202588174, 'view_full_application_via_name', '2', 241445088L, datetime.datetime(2013, 5, 29, 3, 29, 31), 0.0880785323501161, False, 'time']
['taylorlaurent', 202588174, 'impression', '1', 241447306L, datetime.datetime(2013, 5, 29, 3, 35, 6), 0.0983926314139875, False, 'time']
['taylorlaurent', 202588174, 'impression', '4', 241444849L, datetime.datetime(2013, 5, 29, 3, 35, 6), 0.239782772118948, False, 'time']
['taylorlaurent', 202588174, 'impression', '2', 241445088L, datetime.datetime(2013, 5, 29, 3, 35, 6), 0.0880785323501161, False, 'time']
['taylorlaurent', 202588174, 'impression', '6', 241444623L, datetime.datetime(2013, 5, 29, 3, 35, 6), 0.096034965909921, False, 'time']
['taylorlaurent', 202588174, 'impression', '5', 241444847L, datetime.datetime(2013, 5, 29, 3, 35, 6), 0.164431198826801, False, 'time']
['taylorlaurent', 202588174, 'impression', '3', 241445017L, datetime.datetime(2013, 5, 29, 3, 35, 6), 0.108909477536279, False, 'time']
['taylorlaurent', 202588174, 'view_full_application_via_message', '2', 241445088L, datetime.datetime(2013, 5, 29, 3, 35, 10), 0.0880785323501161, False, 'time']
['taylorlaurent', 202588174, 'impression', '2', 241445088L, datetime.datetime(2013, 5, 29, 3, 35, 27), 0.0880785323501161, False, 'time']
['taylorlaurent', 202588174, 'impression', '4', 241444849L, datetime.datetime(2013, 5, 29, 3, 35, 27), 0.239782772118948, False, 'time']
['taylorlaurent', 202588174, 'impression', '3', 241445017L, datetime.datetime(2013, 5, 29, 3, 35, 27), 0.108909477536279, False, 'time']
['taylorlaurent', 202588174, 'impression', '5', 241444847L, datetime.datetime(2013, 5, 29, 3, 35, 27), 0.164431198826801, False, 'time']
['taylorlaurent', 202588174, 'impression', '6', 241444623L, datetime.datetime(2013, 5, 29, 3, 35, 27), 0.096034965909921, False, 'time']
['taylorlaurent', 202588174, 'impression', '1', 241447306L, datetime.datetime(2013, 5, 29, 3, 35, 27), 0.0983926314139875, False, 'time']
['taylorlaurent', 202588174, 'view_full_application_via_name', '5', 241444847L, datetime.datetime(2013, 5, 29, 3, 35, 33), 0.164431198826801, False, 'time']
['taylorlaurent', 202588174, 'impression', '2', 241445088L, datetime.datetime(2013, 5, 29, 3, 35, 41), 0.0880785323501161, False, 'time']
['taylorlaurent', 202588174, 'impression', '4', 241444849L, datetime.datetime(2013, 5, 29, 3, 35, 41), 0.239782772118948, False, 'time']
['taylorlaurent', 202588174, 'impression', '5', 241444847L, datetime.datetime(2013, 5, 29, 3, 35, 41), 0.164431198826801, False, 'time']
['taylorlaurent', 202588174, 'impression', '6', 241444623L, datetime.datetime(2013, 5, 29, 3, 35, 41), 0.096034965909921, False, 'time']
['taylorlaurent', 202588174, 'impression', '1', 241447306L, datetime.datetime(2013, 5, 29, 3, 35, 41), 0.0983926314139875, False, 'time']
['taylorlaurent', 202588174, 'impression', '3', 241445017L, datetime.datetime(2013, 5, 29, 3, 35, 41), 0.108909477536279, False, 'time']
['taylorlaurent', 202588174, 'view_full_application_via_name', '3', 241445017L, datetime.datetime(2013, 5, 29, 3, 35, 42), 0.108909477536279, False, 'time']
['taylorlaurent', 202588174, 'impression', '6', 241444623L, datetime.datetime(2013, 5, 29, 3, 36, 47), 0.096034965909921, False, 'time']
['taylorlaurent', 202588174, 'impression', '5', 241444847L, datetime.datetime(2013, 5, 29, 3, 36, 47), 0.164431198826801, False, 'time']
['taylorlaurent', 202588174, 'impression', '3', 241445017L, datetime.datetime(2013, 5, 29, 3, 36, 47), 0.108909477536279, False, 'time']
['taylorlaurent', 202588174, 'impression', '1', 241447306L, datetime.datetime(2013, 5, 29, 3, 36, 47), 0.0983926314139875, False, 'time']
['taylorlaurent', 202588174, 'impression', '4', 241444849L, datetime.datetime(2013, 5, 29, 3, 36, 47), 0.239782772118948, False, 'time']
['taylorlaurent', 202588174, 'impression', '2', 241445088L, datetime.datetime(2013, 5, 29, 3, 36, 47), 0.0880785323501161, False, 'time']
['taylorlaurent', 202588174, 'view_full_application_via_name', '1', 241447306L, datetime.datetime(2013, 5, 29, 3, 36, 50), 0.0983926314139875, False, 'time']
['taylorlaurent', 202588174, 'impression', '2', 241445088L, datetime.datetime(2013, 5, 29, 3, 37, 11), 0.0880785323501161, False, 'time']
['taylorlaurent', 202588174, 'impression', '4', 241444849L, datetime.datetime(2013, 5, 29, 3, 37, 11), 0.239782772118948, False, 'time']
['taylorlaurent', 202588174, 'impression', '6', 241444623L, datetime.datetime(2013, 5, 29, 3, 37, 11), 0.096034965909921, False, 'time']
['taylorlaurent', 202588174, 'impression', '5', 241444847L, datetime.datetime(2013, 5, 29, 3, 37, 11), 0.164431198826801, False, 'time']
['taylorlaurent', 202588174, 'impression', '1', 241447306L, datetime.datetime(2013, 5, 29, 3, 37, 11), 0.0983926314139875, False, 'time']
['taylorlaurent', 202588174, 'impression', '3', 241445017L, datetime.datetime(2013, 5, 29, 3, 37, 11), 0.108909477536279, False, 'time']

