['ticketyboo', 202545572, 'impression', '6', 240545412L, datetime.datetime(2013, 5, 16, 15, 8, 47), 0.452617072000404, False, 'time']
['ticketyboo', 202545572, 'impression', '1', 240546504L, datetime.datetime(2013, 5, 16, 15, 8, 47), 0.29770981466523, False, 'time']
['ticketyboo', 202545572, 'impression', '5', 240545480L, datetime.datetime(2013, 5, 16, 15, 8, 47), 0.424577931146764, False, 'time']
['ticketyboo', 202545572, 'impression', '3', 240545813L, datetime.datetime(2013, 5, 16, 15, 8, 47), 0.354828089944462, False, 'time']
['ticketyboo', 202545572, 'impression', '4', 240545533L, datetime.datetime(2013, 5, 16, 15, 8, 47), 0.281761306689726, False, 'time']
['ticketyboo', 202545572, 'impression', '2', 240546164L, datetime.datetime(2013, 5, 16, 15, 8, 47), 0.0427903730385999, False, 'time']
['ticketyboo', 202545572, 'impression', '5', 240545480L, datetime.datetime(2013, 5, 16, 15, 22, 18), 0.424577931146764, False, 'time']
['ticketyboo', 202545572, 'impression', '1', 240546504L, datetime.datetime(2013, 5, 16, 15, 22, 18), 0.29770981466523, False, 'time']
['ticketyboo', 202545572, 'impression', '6', 240545412L, datetime.datetime(2013, 5, 16, 15, 22, 18), 0.452617072000404, False, 'time']
['ticketyboo', 202545572, 'impression', '4', 240545533L, datetime.datetime(2013, 5, 16, 15, 22, 18), 0.281761306689726, False, 'time']
['ticketyboo', 202545572, 'impression', '2', 240546164L, datetime.datetime(2013, 5, 16, 15, 22, 18), 0.0427903730385999, False, 'time']
['ticketyboo', 202545572, 'impression', '3', 240545813L, datetime.datetime(2013, 5, 16, 15, 22, 18), 0.354828089944462, False, 'time']
['ticketyboo', 202545572, 'expand_tile', '1', 240546504L, datetime.datetime(2013, 5, 16, 15, 22, 21), 0.29770981466523, False, 'time']
['ticketyboo', 202545572, 'expand_tile', '2', 240546164L, datetime.datetime(2013, 5, 16, 15, 22, 31), 0.0427903730385999, False, 'time']
['ticketyboo', 202545572, 'collapse_tile', '2', 240546164L, datetime.datetime(2013, 5, 16, 15, 23, 14), 0.0427903730385999, False, 'time']
['ticketyboo', 202545572, 'expand_tile', '2', 240546164L, datetime.datetime(2013, 5, 16, 15, 23, 16), 0.0427903730385999, False, 'time']
['ticketyboo', 202545572, 'view_full_application', '2', 240546164L, datetime.datetime(2013, 5, 16, 15, 23, 25), 0.0427903730385999, False, 'time']
['ticketyboo', 202545572, 'impression', '4', 240545533L, datetime.datetime(2013, 5, 16, 15, 24, 40), 0.281761306689726, False, 'time']
['ticketyboo', 202545572, 'impression', '2', 240546164L, datetime.datetime(2013, 5, 16, 15, 24, 40), 0.0427903730385999, False, 'time']
['ticketyboo', 202545572, 'impression', '1', 240546504L, datetime.datetime(2013, 5, 16, 15, 24, 40), 0.29770981466523, False, 'time']
['ticketyboo', 202545572, 'impression', '6', 240545412L, datetime.datetime(2013, 5, 16, 15, 24, 40), 0.452617072000404, False, 'time']
['ticketyboo', 202545572, 'impression', '5', 240545480L, datetime.datetime(2013, 5, 16, 15, 24, 40), 0.424577931146764, False, 'time']
['ticketyboo', 202545572, 'impression', '3', 240545813L, datetime.datetime(2013, 5, 16, 15, 24, 40), 0.354828089944462, False, 'time']
['ticketyboo', 202545572, 'expand_tile', '1', 240546504L, datetime.datetime(2013, 5, 16, 15, 24, 50), 0.29770981466523, False, 'time']
['ticketyboo', 202545572, 'collapse_tile', '1', 240546504L, datetime.datetime(2013, 5, 16, 15, 24, 52), 0.29770981466523, False, 'time']
['ticketyboo', 202545572, 'expand_tile', '3', 240545813L, datetime.datetime(2013, 5, 16, 15, 24, 56), 0.354828089944462, False, 'time']
['ticketyboo', 202545572, 'expand_tile', '5', 240545480L, datetime.datetime(2013, 5, 16, 15, 25, 44), 0.424577931146764, False, 'time']
['ticketyboo', 202545572, 'view_full_application', '5', 240545480L, datetime.datetime(2013, 5, 16, 15, 25, 48), 0.424577931146764, False, 'time']
['ticketyboo', 202545572, 'impression', '5', 240545480L, datetime.datetime(2013, 5, 16, 15, 27, 8), 0.424577931146764, False, 'time']
['ticketyboo', 202545572, 'impression', '3', 240545813L, datetime.datetime(2013, 5, 16, 15, 27, 8), 0.354828089944462, False, 'time']
['ticketyboo', 202545572, 'impression', '6', 240545412L, datetime.datetime(2013, 5, 16, 15, 27, 8), 0.452617072000404, False, 'time']
['ticketyboo', 202545572, 'impression', '1', 240546504L, datetime.datetime(2013, 5, 16, 15, 27, 8), 0.29770981466523, False, 'time']
['ticketyboo', 202545572, 'impression', '4', 240545533L, datetime.datetime(2013, 5, 16, 15, 27, 8), 0.281761306689726, False, 'time']
['ticketyboo', 202545572, 'impression', '2', 240546164L, datetime.datetime(2013, 5, 16, 15, 27, 8), 0.0427903730385999, False, 'time']
['ticketyboo', 202545572, 'expand_tile', '6', 240545412L, datetime.datetime(2013, 5, 16, 15, 27, 14), 0.452617072000404, False, 'time']
['ticketyboo', 202545572, 'collapse_tile', '6', 240545412L, datetime.datetime(2013, 5, 16, 15, 27, 23), 0.452617072000404, False, 'time']
['ticketyboo', 202545572, 'expand_tile', '6', 240545412L, datetime.datetime(2013, 5, 16, 15, 27, 24), 0.452617072000404, False, 'time']
['ticketyboo', 202545572, 'view_full_application', '6', 240545412L, datetime.datetime(2013, 5, 16, 15, 27, 27), 0.452617072000404, False, 'time']
['ticketyboo', 202545572, 'impression', '1', 240546504L, datetime.datetime(2013, 5, 16, 15, 37, 2), 0.29770981466523, False, 'time']
['ticketyboo', 202545572, 'impression', '6', 240545412L, datetime.datetime(2013, 5, 16, 15, 37, 2), 0.452617072000404, False, 'time']
['ticketyboo', 202545572, 'impression', '3', 240545813L, datetime.datetime(2013, 5, 16, 15, 37, 2), 0.354828089944462, False, 'time']
['ticketyboo', 202545572, 'impression', '5', 240545480L, datetime.datetime(2013, 5, 16, 15, 37, 2), 0.424577931146764, False, 'time']
['ticketyboo', 202545572, 'impression', '4', 240545533L, datetime.datetime(2013, 5, 16, 15, 37, 2), 0.281761306689726, False, 'time']
['ticketyboo', 202545572, 'impression', '2', 240546164L, datetime.datetime(2013, 5, 16, 15, 37, 2), 0.0427903730385999, False, 'time']
['ticketyboo', 202545572, 'expand_tile', '4', 240545533L, datetime.datetime(2013, 5, 16, 15, 37, 53), 0.281761306689726, False, 'time']
['ticketyboo', 202545572, 'view_full_application', '4', 240545533L, datetime.datetime(2013, 5, 16, 15, 38, 21), 0.281761306689726, False, 'time']

['ticketyboo', 202545572, 'impression', '8', 240545533L, datetime.datetime(2013, 5, 18, 9, 44, 15), 0.281761306689726, False, 'time']
['ticketyboo', 202545572, 'impression', '3', 240564668L, datetime.datetime(2013, 5, 18, 9, 44, 15), 0.690912604291501, False, 'time']
['ticketyboo', 202545572, 'impression', '6', 240546164L, datetime.datetime(2013, 5, 18, 9, 44, 15), 0.0427903730385999, False, 'time']
['ticketyboo', 202545572, 'impression', '7', 240545813L, datetime.datetime(2013, 5, 18, 9, 44, 15), 0.354828089944462, False, 'time']
['ticketyboo', 202545572, 'impression', '2', 240640907L, datetime.datetime(2013, 5, 18, 9, 44, 15), 0.44189238963907, False, 'time']
['ticketyboo', 202545572, 'impression', '4', 240553197L, datetime.datetime(2013, 5, 18, 9, 44, 15), 0.430688697441805, True, 'time']
['ticketyboo', 202545572, 'impression', '10', 240545412L, datetime.datetime(2013, 5, 18, 9, 44, 15), 0.452617072000404, False, 'time']
['ticketyboo', 202545572, 'impression', '5', 240546504L, datetime.datetime(2013, 5, 18, 9, 44, 15), 0.29770981466523, False, 'time']
['ticketyboo', 202545572, 'impression', '9', 240545480L, datetime.datetime(2013, 5, 18, 9, 44, 15), 0.424577931146764, False, 'time']
['ticketyboo', 202545572, 'impression', '1', 240674004L, datetime.datetime(2013, 5, 18, 9, 44, 15), 0.328909634089898, True, 'time']
['ticketyboo', 202545572, 'expand_tile', '4', 240553197L, datetime.datetime(2013, 5, 18, 9, 44, 41), 0.430688697441805, True, 'time']
['ticketyboo', 202545572, 'view_full_application', '4', 240553197L, datetime.datetime(2013, 5, 18, 9, 44, 45), 0.430688697441805, True, 'time']
['ticketyboo', 202545572, 'impression', '10', 240545412L, datetime.datetime(2013, 5, 18, 9, 46, 19), 0.452617072000404, False, 'time']
['ticketyboo', 202545572, 'impression', '5', 240546504L, datetime.datetime(2013, 5, 18, 9, 46, 19), 0.29770981466523, False, 'time']
['ticketyboo', 202545572, 'impression', '6', 240546164L, datetime.datetime(2013, 5, 18, 9, 46, 19), 0.0427903730385999, False, 'time']
['ticketyboo', 202545572, 'impression', '8', 240545533L, datetime.datetime(2013, 5, 18, 9, 46, 19), 0.281761306689726, False, 'time']
['ticketyboo', 202545572, 'impression', '3', 240564668L, datetime.datetime(2013, 5, 18, 9, 46, 19), 0.690912604291501, False, 'time']
['ticketyboo', 202545572, 'impression', '7', 240545813L, datetime.datetime(2013, 5, 18, 9, 46, 19), 0.354828089944462, False, 'time']
['ticketyboo', 202545572, 'impression', '4', 240553197L, datetime.datetime(2013, 5, 18, 9, 46, 19), 0.430688697441805, True, 'time']
['ticketyboo', 202545572, 'impression', '1', 240674004L, datetime.datetime(2013, 5, 18, 9, 46, 19), 0.328909634089898, True, 'time']
['ticketyboo', 202545572, 'impression', '9', 240545480L, datetime.datetime(2013, 5, 18, 9, 46, 19), 0.424577931146764, False, 'time']
['ticketyboo', 202545572, 'impression', '2', 240640907L, datetime.datetime(2013, 5, 18, 9, 46, 19), 0.44189238963907, False, 'time']
['ticketyboo', 202545572, 'expand_tile', '4', 240553197L, datetime.datetime(2013, 5, 18, 9, 46, 22), 0.430688697441805, True, 'time']
['ticketyboo', 202545572, 'expand_tile', '4', 240553197L, datetime.datetime(2013, 5, 18, 9, 46, 32), 0.430688697441805, True, 'time']
['ticketyboo', 202545572, 'shortlist', '4', 240553197L, datetime.datetime(2013, 5, 18, 9, 46, 32), 0.430688697441805, True, 'time']
['ticketyboo', 202545572, 'expand_tile', '10', 240545412L, datetime.datetime(2013, 5, 18, 9, 46, 46), 0.452617072000404, False, 'time']
['ticketyboo', 202545572, 'view_full_application', '10', 240545412L, datetime.datetime(2013, 5, 18, 9, 46, 52), 0.452617072000404, False, 'time']
['ticketyboo', 202545572, 'impression', '4', 240553197L, datetime.datetime(2013, 5, 18, 9, 47, 24), 0.430688697441805, True, 'time']
['ticketyboo', 202545572, 'impression', '8', 240545533L, datetime.datetime(2013, 5, 18, 9, 47, 24), 0.281761306689726, False, 'time']
['ticketyboo', 202545572, 'impression', '6', 240546164L, datetime.datetime(2013, 5, 18, 9, 47, 24), 0.0427903730385999, False, 'time']
['ticketyboo', 202545572, 'impression', '3', 240564668L, datetime.datetime(2013, 5, 18, 9, 47, 24), 0.690912604291501, False, 'time']
['ticketyboo', 202545572, 'impression', '5', 240546504L, datetime.datetime(2013, 5, 18, 9, 47, 24), 0.29770981466523, False, 'time']
['ticketyboo', 202545572, 'impression', '10', 240545412L, datetime.datetime(2013, 5, 18, 9, 47, 24), 0.452617072000404, False, 'time']
['ticketyboo', 202545572, 'impression', '2', 240640907L, datetime.datetime(2013, 5, 18, 9, 47, 24), 0.44189238963907, False, 'time']
['ticketyboo', 202545572, 'impression', '9', 240545480L, datetime.datetime(2013, 5, 18, 9, 47, 24), 0.424577931146764, False, 'time']
['ticketyboo', 202545572, 'impression', '1', 240674004L, datetime.datetime(2013, 5, 18, 9, 47, 24), 0.328909634089898, True, 'time']
['ticketyboo', 202545572, 'impression', '7', 240545813L, datetime.datetime(2013, 5, 18, 9, 47, 24), 0.354828089944462, False, 'time']
['ticketyboo', 202545572, 'expand_tile', '9', 240545480L, datetime.datetime(2013, 5, 18, 9, 47, 30), 0.424577931146764, False, 'time']
['ticketyboo', 202545572, 'shortlist', '10', 240545412L, datetime.datetime(2013, 5, 18, 9, 47, 30), 0.452617072000404, False, 'time']
['ticketyboo', 202545572, 'collapse_tile', '9', 240545480L, datetime.datetime(2013, 5, 18, 9, 47, 47), 0.424577931146764, False, 'time']
['ticketyboo', 202545572, 'expand_tile', '9', 240545480L, datetime.datetime(2013, 5, 18, 9, 47, 49), 0.424577931146764, False, 'time']
['ticketyboo', 202545572, 'view_full_application', '9', 240545480L, datetime.datetime(2013, 5, 18, 9, 47, 51), 0.424577931146764, False, 'time']
['ticketyboo', 202545572, 'impression', '7', 240545813L, datetime.datetime(2013, 5, 18, 9, 49, 15), 0.354828089944462, False, 'time']
['ticketyboo', 202545572, 'impression', '4', 240553197L, datetime.datetime(2013, 5, 18, 9, 49, 15), 0.430688697441805, True, 'time']
['ticketyboo', 202545572, 'impression', '2', 240640907L, datetime.datetime(2013, 5, 18, 9, 49, 15), 0.44189238963907, False, 'time']
['ticketyboo', 202545572, 'impression', '9', 240545412L, datetime.datetime(2013, 5, 18, 9, 49, 15), 0.452617072000404, False, 'time']
['ticketyboo', 202545572, 'impression', '5', 240546504L, datetime.datetime(2013, 5, 18, 9, 49, 15), 0.29770981466523, False, 'time']
['ticketyboo', 202545572, 'impression', '8', 240545533L, datetime.datetime(2013, 5, 18, 9, 49, 15), 0.281761306689726, False, 'time']
['ticketyboo', 202545572, 'impression', '6', 240546164L, datetime.datetime(2013, 5, 18, 9, 49, 15), 0.0427903730385999, False, 'time']
['ticketyboo', 202545572, 'impression', '3', 240564668L, datetime.datetime(2013, 5, 18, 9, 49, 15), 0.690912604291501, False, 'time']
['ticketyboo', 202545572, 'impression', '1', 240674004L, datetime.datetime(2013, 5, 18, 9, 49, 15), 0.328909634089898, True, 'time']
['ticketyboo', 202545572, 'expand_tile', '3', 240564668L, datetime.datetime(2013, 5, 18, 9, 49, 36), 0.690912604291501, False, 'time']
['ticketyboo', 202545572, 'view_full_application', '3', 240564668L, datetime.datetime(2013, 5, 18, 9, 49, 40), 0.690912604291501, False, 'time']
['ticketyboo', 202545572, 'impression', '2', 240640907L, datetime.datetime(2013, 5, 18, 9, 57, 1), 0.44189238963907, False, 'time']
['ticketyboo', 202545572, 'impression', '1', 240674004L, datetime.datetime(2013, 5, 18, 9, 57, 1), 0.328909634089898, True, 'time']
['ticketyboo', 202545572, 'impression', '7', 240545813L, datetime.datetime(2013, 5, 18, 9, 57, 1), 0.354828089944462, False, 'time']
['ticketyboo', 202545572, 'impression', '9', 240545412L, datetime.datetime(2013, 5, 18, 9, 57, 1), 0.452617072000404, False, 'time']
['ticketyboo', 202545572, 'impression', '5', 240546504L, datetime.datetime(2013, 5, 18, 9, 57, 1), 0.29770981466523, False, 'time']
['ticketyboo', 202545572, 'impression', '4', 240553197L, datetime.datetime(2013, 5, 18, 9, 57, 1), 0.430688697441805, True, 'time']
['ticketyboo', 202545572, 'impression', '8', 240545533L, datetime.datetime(2013, 5, 18, 9, 57, 1), 0.281761306689726, False, 'time']
['ticketyboo', 202545572, 'impression', '6', 240546164L, datetime.datetime(2013, 5, 18, 9, 57, 1), 0.0427903730385999, False, 'time']
['ticketyboo', 202545572, 'impression', '3', 240564668L, datetime.datetime(2013, 5, 18, 9, 57, 1), 0.690912604291501, False, 'time']
['ticketyboo', 202545572, 'shortlist', '3', 240564668L, datetime.datetime(2013, 5, 18, 9, 57, 6), 0.690912604291501, False, 'time']
['ticketyboo', 202545572, 'expand_tile', '2', 240640907L, datetime.datetime(2013, 5, 18, 9, 57, 11), 0.44189238963907, False, 'time']
['ticketyboo', 202545572, 'collapse_tile', '2', 240640907L, datetime.datetime(2013, 5, 18, 9, 57, 28), 0.44189238963907, False, 'time']
['ticketyboo', 202545572, 'expand_tile', '2', 240640907L, datetime.datetime(2013, 5, 18, 9, 57, 29), 0.44189238963907, False, 'time']
['ticketyboo', 202545572, 'view_full_application', '2', 240640907L, datetime.datetime(2013, 5, 18, 9, 57, 31), 0.44189238963907, False, 'time']
['ticketyboo', 202545572, 'impression', '2', 240640907L, datetime.datetime(2013, 5, 18, 9, 58, 57), 0.44189238963907, False, 'time']
['ticketyboo', 202545572, 'impression', '4', 240553197L, datetime.datetime(2013, 5, 18, 9, 58, 57), 0.430688697441805, True, 'time']
['ticketyboo', 202545572, 'impression', '1', 240674004L, datetime.datetime(2013, 5, 18, 9, 58, 57), 0.328909634089898, True, 'time']
['ticketyboo', 202545572, 'impression', '9', 240545412L, datetime.datetime(2013, 5, 18, 9, 58, 57), 0.452617072000404, False, 'time']
['ticketyboo', 202545572, 'impression', '5', 240546504L, datetime.datetime(2013, 5, 18, 9, 58, 57), 0.29770981466523, False, 'time']
['ticketyboo', 202545572, 'impression', '7', 240545813L, datetime.datetime(2013, 5, 18, 9, 58, 57), 0.354828089944462, False, 'time']
['ticketyboo', 202545572, 'impression', '8', 240545533L, datetime.datetime(2013, 5, 18, 9, 58, 57), 0.281761306689726, False, 'time']
['ticketyboo', 202545572, 'impression', '6', 240546164L, datetime.datetime(2013, 5, 18, 9, 58, 57), 0.0427903730385999, False, 'time']
['ticketyboo', 202545572, 'impression', '3', 240564668L, datetime.datetime(2013, 5, 18, 9, 58, 57), 0.690912604291501, False, 'time']
['ticketyboo', 202545572, 'impression', '2', 240640907L, datetime.datetime(2013, 5, 18, 9, 59), 0.44189238963907, False, 'time']
['ticketyboo', 202545572, 'impression', '2', 240640907L, datetime.datetime(2013, 5, 18, 9, 59, 25), 0.44189238963907, False, 'time']
['ticketyboo', 202545572, 'impression', '4', 240553197L, datetime.datetime(2013, 5, 18, 9, 59, 52), 0.430688697441805, True, 'time']
['ticketyboo', 202545572, 'impression', '2', 240640907L, datetime.datetime(2013, 5, 18, 9, 59, 52), 0.44189238963907, False, 'time']
['ticketyboo', 202545572, 'impression', '5', 240546504L, datetime.datetime(2013, 5, 18, 9, 59, 52), 0.29770981466523, False, 'time']
['ticketyboo', 202545572, 'impression', '9', 240545412L, datetime.datetime(2013, 5, 18, 9, 59, 52), 0.452617072000404, False, 'time']
['ticketyboo', 202545572, 'impression', '7', 240545813L, datetime.datetime(2013, 5, 18, 9, 59, 52), 0.354828089944462, False, 'time']
['ticketyboo', 202545572, 'impression', '1', 240674004L, datetime.datetime(2013, 5, 18, 9, 59, 52), 0.328909634089898, True, 'time']
['ticketyboo', 202545572, 'impression', '3', 240564668L, datetime.datetime(2013, 5, 18, 9, 59, 52), 0.690912604291501, False, 'time']
['ticketyboo', 202545572, 'impression', '8', 240545533L, datetime.datetime(2013, 5, 18, 9, 59, 52), 0.281761306689726, False, 'time']
['ticketyboo', 202545572, 'impression', '6', 240546164L, datetime.datetime(2013, 5, 18, 9, 59, 52), 0.0427903730385999, False, 'time']
['ticketyboo', 202545572, 'expand_tile', '2', 240640907L, datetime.datetime(2013, 5, 18, 10, 0, 1), 0.44189238963907, False, 'time']
['ticketyboo', 202545572, 'view_full_application', '2', 240640907L, datetime.datetime(2013, 5, 18, 10, 0, 3), 0.44189238963907, False, 'time']
['ticketyboo', 202545572, 'impression', '6', 240545813L, datetime.datetime(2013, 5, 18, 10, 0, 32), 0.354828089944462, False, 'time']
['ticketyboo', 202545572, 'impression', '3', 240553197L, datetime.datetime(2013, 5, 18, 10, 0, 32), 0.430688697441805, True, 'time']
['ticketyboo', 202545572, 'impression', '1', 240674004L, datetime.datetime(2013, 5, 18, 10, 0, 32), 0.328909634089898, True, 'time']
['ticketyboo', 202545572, 'impression', '5', 240546164L, datetime.datetime(2013, 5, 18, 10, 0, 32), 0.0427903730385999, False, 'time']
['ticketyboo', 202545572, 'impression', '2', 240564668L, datetime.datetime(2013, 5, 18, 10, 0, 32), 0.690912604291501, False, 'time']
['ticketyboo', 202545572, 'impression', '7', 240545533L, datetime.datetime(2013, 5, 18, 10, 0, 32), 0.281761306689726, False, 'time']
['ticketyboo', 202545572, 'impression', '4', 240546504L, datetime.datetime(2013, 5, 18, 10, 0, 32), 0.29770981466523, False, 'time']
['ticketyboo', 202545572, 'impression', '8', 240545412L, datetime.datetime(2013, 5, 18, 10, 0, 32), 0.452617072000404, False, 'time']
['ticketyboo', 202545572, 'expand_tile', '1', 240674004L, datetime.datetime(2013, 5, 18, 10, 0, 46), 0.328909634089898, True, 'time']
['ticketyboo', 202545572, 'view_full_application', '1', 240674004L, datetime.datetime(2013, 5, 18, 10, 1, 17), 0.328909634089898, True, 'time']

['ticketyboo', 202545572, 'impression', '1', 240710696L, datetime.datetime(2013, 5, 20, 14, 57, 54), 0.16555612880869, False, 'time']
['ticketyboo', 202545572, 'impression', '5', 240545412L, datetime.datetime(2013, 5, 20, 14, 57, 54), 0.452617072000404, False, 'time']
['ticketyboo', 202545572, 'impression', '4', 240553197L, datetime.datetime(2013, 5, 20, 14, 57, 54), 0.430688697441805, True, 'time']
['ticketyboo', 202545572, 'impression', '2', 240674004L, datetime.datetime(2013, 5, 20, 14, 57, 54), 0.328909634089898, True, 'time']
['ticketyboo', 202545572, 'impression', '3', 240564668L, datetime.datetime(2013, 5, 20, 14, 57, 54), 0.690912604291501, False, 'time']
['ticketyboo', 202545572, 'view_full_application_via_name', '3', 240564668L, datetime.datetime(2013, 5, 20, 14, 58, 5), 0.690912604291501, False, 'time']
['ticketyboo', 202545572, 'impression', '3', 240564668L, datetime.datetime(2013, 5, 20, 15, 8, 16), 0.690912604291501, False, 'time']
['ticketyboo', 202545572, 'impression', '2', 240674004L, datetime.datetime(2013, 5, 20, 15, 8, 16), 0.328909634089898, True, 'time']
['ticketyboo', 202545572, 'impression', '1', 240710696L, datetime.datetime(2013, 5, 20, 15, 8, 16), 0.16555612880869, False, 'time']
['ticketyboo', 202545572, 'impression', '5', 240545412L, datetime.datetime(2013, 5, 20, 15, 8, 16), 0.452617072000404, False, 'time']
['ticketyboo', 202545572, 'impression', '4', 240553197L, datetime.datetime(2013, 5, 20, 15, 8, 16), 0.430688697441805, True, 'time']
['ticketyboo', 202545572, 'view_full_application_via_name', '4', 240553197L, datetime.datetime(2013, 5, 20, 15, 8, 24), 0.430688697441805, True, 'time']
['ticketyboo', 202545572, 'impression', '4', 240553197L, datetime.datetime(2013, 5, 20, 15, 8, 43), 0.430688697441805, True, 'time']
['ticketyboo', 202545572, 'impression', '5', 240545412L, datetime.datetime(2013, 5, 20, 15, 8, 43), 0.452617072000404, False, 'time']
['ticketyboo', 202545572, 'impression', '1', 240710696L, datetime.datetime(2013, 5, 20, 15, 8, 43), 0.16555612880869, False, 'time']
['ticketyboo', 202545572, 'impression', '3', 240564668L, datetime.datetime(2013, 5, 20, 15, 8, 43), 0.690912604291501, False, 'time']
['ticketyboo', 202545572, 'impression', '2', 240674004L, datetime.datetime(2013, 5, 20, 15, 8, 43), 0.328909634089898, True, 'time']
['ticketyboo', 202545572, 'impression', '2', 240674004L, datetime.datetime(2013, 5, 20, 15, 8, 53), 0.328909634089898, True, 'time']
['ticketyboo', 202545572, 'impression', '4', 240553197L, datetime.datetime(2013, 5, 20, 15, 9, 24), 0.430688697441805, True, 'time']
['ticketyboo', 202545572, 'impression', '3', 240564668L, datetime.datetime(2013, 5, 20, 15, 9, 24), 0.690912604291501, False, 'time']
['ticketyboo', 202545572, 'impression', '2', 240674004L, datetime.datetime(2013, 5, 20, 15, 9, 24), 0.328909634089898, True, 'time']
['ticketyboo', 202545572, 'impression', '5', 240545412L, datetime.datetime(2013, 5, 20, 15, 9, 24), 0.452617072000404, False, 'time']
['ticketyboo', 202545572, 'impression', '1', 240710696L, datetime.datetime(2013, 5, 20, 15, 9, 24), 0.16555612880869, False, 'time']
['ticketyboo', 202545572, 'expand_tile', '2', 240674004L, datetime.datetime(2013, 5, 20, 15, 9, 45), 0.328909634089898, True, 'time']
['ticketyboo', 202545572, 'send_message', '2', 240674004L, datetime.datetime(2013, 5, 20, 15, 9, 49), 0.328909634089898, True, 'time']
['ticketyboo', 202545572, 'expand_tile', '2', 240674004L, datetime.datetime(2013, 5, 20, 15, 9, 56), 0.328909634089898, True, 'time']
['ticketyboo', 202545572, 'expand_tile', '5', 240545412L, datetime.datetime(2013, 5, 20, 15, 10, 5), 0.452617072000404, False, 'time']
['ticketyboo', 202545572, 'view_full_application', '5', 240545412L, datetime.datetime(2013, 5, 20, 15, 10, 13), 0.452617072000404, False, 'time']
['ticketyboo', 202545572, 'impression', '2', 240564668L, datetime.datetime(2013, 5, 20, 15, 18, 57), 0.690912604291501, False, 'time']
['ticketyboo', 202545572, 'impression', '3', 240553197L, datetime.datetime(2013, 5, 20, 15, 18, 57), 0.430688697441805, True, 'time']
['ticketyboo', 202545572, 'impression', '1', 240674004L, datetime.datetime(2013, 5, 20, 15, 18, 57), 0.328909634089898, True, 'time']
['ticketyboo', 202545572, 'impression', '1', 240674004L, datetime.datetime(2013, 5, 20, 15, 25, 37), 0.328909634089898, True, 'time']
['ticketyboo', 202545572, 'impression', '2', 240564668L, datetime.datetime(2013, 5, 20, 15, 25, 37), 0.690912604291501, False, 'time']
['ticketyboo', 202545572, 'impression', '3', 240553197L, datetime.datetime(2013, 5, 20, 15, 25, 37), 0.430688697441805, True, 'time']
['ticketyboo', 202545572, 'impression', '1', 240674004L, datetime.datetime(2013, 5, 20, 15, 26), 0.328909634089898, True, 'time']
['ticketyboo', 202545572, 'shortlist', '1', 240674004L, datetime.datetime(2013, 5, 20, 15, 26, 2), 0.328909634089898, True, 'time']

['ticketyboo', 202545572, 'impression', '1', 240674004L, datetime.datetime(2013, 5, 20, 17, 5, 3), 0.328909634089898, True, 'time']
['ticketyboo', 202545572, 'impression', '2', 240564668L, datetime.datetime(2013, 5, 20, 17, 5, 3), 0.690912604291501, False, 'time']
['ticketyboo', 202545572, 'impression', '3', 240553197L, datetime.datetime(2013, 5, 20, 17, 5, 3), 0.430688697441805, True, 'time']

['ticketyboo', 202545572, 'impression', '3', 240553197L, datetime.datetime(2013, 5, 20, 23, 6, 4), 0.430688697441805, True, 'time']
['ticketyboo', 202545572, 'impression', '1', 240674004L, datetime.datetime(2013, 5, 20, 23, 6, 4), 0.328909634089898, True, 'time']
['ticketyboo', 202545572, 'impression', '2', 240564668L, datetime.datetime(2013, 5, 20, 23, 6, 4), 0.690912604291501, False, 'time']
['ticketyboo', 202545572, 'view_full_application_via_name', '1', 240674004L, datetime.datetime(2013, 5, 20, 23, 6, 47), 0.328909634089898, True, 'time']
['ticketyboo', 202545572, 'impression', '3', 240553197L, datetime.datetime(2013, 5, 20, 23, 8, 40), 0.430688697441805, True, 'time']
['ticketyboo', 202545572, 'impression', '2', 240564668L, datetime.datetime(2013, 5, 20, 23, 8, 40), 0.690912604291501, False, 'time']
['ticketyboo', 202545572, 'impression', '1', 240674004L, datetime.datetime(2013, 5, 20, 23, 8, 40), 0.328909634089898, True, 'time']
['ticketyboo', 202545572, 'view_full_application_via_name', '3', 240553197L, datetime.datetime(2013, 5, 20, 23, 8, 49), 0.430688697441805, True, 'time']
['ticketyboo', 202545572, 'impression', '3', 240553197L, datetime.datetime(2013, 5, 20, 23, 9, 55), 0.430688697441805, True, 'time']
['ticketyboo', 202545572, 'impression', '2', 240564668L, datetime.datetime(2013, 5, 20, 23, 9, 55), 0.690912604291501, False, 'time']
['ticketyboo', 202545572, 'impression', '1', 240674004L, datetime.datetime(2013, 5, 20, 23, 9, 55), 0.328909634089898, True, 'time']
['ticketyboo', 202545572, 'view_full_application_via_name', '3', 240553197L, datetime.datetime(2013, 5, 20, 23, 10, 4), 0.430688697441805, True, 'time']
['ticketyboo', 202545572, 'impression', '3', 240553197L, datetime.datetime(2013, 5, 20, 23, 27, 21), 0.430688697441805, True, 'time']
['ticketyboo', 202545572, 'impression', '1', 240674004L, datetime.datetime(2013, 5, 20, 23, 27, 21), 0.328909634089898, True, 'time']
['ticketyboo', 202545572, 'impression', '2', 240564668L, datetime.datetime(2013, 5, 20, 23, 27, 21), 0.690912604291501, False, 'time']
['ticketyboo', 202545572, 'view_full_application_via_name', '1', 240674004L, datetime.datetime(2013, 5, 20, 23, 27, 27), 0.328909634089898, True, 'time']
['ticketyboo', 202545572, 'impression', '1', 240674004L, datetime.datetime(2013, 5, 20, 23, 32, 33), 0.328909634089898, True, 'time']
['ticketyboo', 202545572, 'impression', '3', 240553197L, datetime.datetime(2013, 5, 20, 23, 32, 33), 0.430688697441805, True, 'time']
['ticketyboo', 202545572, 'impression', '2', 240564668L, datetime.datetime(2013, 5, 20, 23, 32, 33), 0.690912604291501, False, 'time']
['ticketyboo', 202545572, 'view_full_application_via_name', '1', 240674004L, datetime.datetime(2013, 5, 20, 23, 32, 38), 0.328909634089898, True, 'time']

['ticketyboo', 202545572, 'impression', '1', 240564668L, datetime.datetime(2013, 5, 21, 10, 55, 45), 0.690912604291501, False, 'time']
['ticketyboo', 202545572, 'impression', '1', 240564668L, datetime.datetime(2013, 5, 21, 10, 57, 8), 0.690912604291501, False, 'time']

