['timlorrainej', 202562424, 'impression', '1', 240907636L, datetime.datetime(2013, 5, 21, 8, 44, 44), 0.0242598536799209, False, 'time']
['timlorrainej', 202562424, 'impression', '2', 240906534L, datetime.datetime(2013, 5, 21, 8, 44, 44), 0.241948460402404, False, 'time']
['timlorrainej', 202562424, 'impression', '3', 240905657L, datetime.datetime(2013, 5, 21, 8, 44, 44), 0.0763474962523902, False, 'time']
['timlorrainej', 202562424, 'expand_tile', '3', 240905657L, datetime.datetime(2013, 5, 21, 8, 44, 50), 0.0763474962523902, False, 'time']
['timlorrainej', 202562424, 'send_message', '3', 240905657L, datetime.datetime(2013, 5, 21, 8, 44, 54), 0.0763474962523902, False, 'time']
['timlorrainej', 202562424, 'expand_tile', '3', 240905657L, datetime.datetime(2013, 5, 21, 8, 45, 22), 0.0763474962523902, False, 'time']
['timlorrainej', 202562424, 'impression', '4', 240905657L, datetime.datetime(2013, 5, 21, 8, 49, 1), 0.0763474962523902, False, 'time']
['timlorrainej', 202562424, 'impression', '2', 240907636L, datetime.datetime(2013, 5, 21, 8, 49, 1), 0.0242598536799209, False, 'time']
['timlorrainej', 202562424, 'impression', '3', 240906534L, datetime.datetime(2013, 5, 21, 8, 49, 1), 0.241948460402404, False, 'time']
['timlorrainej', 202562424, 'impression', '1', 240908726L, datetime.datetime(2013, 5, 21, 8, 49, 1), 0.079684676192689, False, 'time']
['timlorrainej', 202562424, 'view_full_application_via_name', '1', 240908726L, datetime.datetime(2013, 5, 21, 8, 49, 10), 0.079684676192689, False, 'time']
['timlorrainej', 202562424, 'impression', '2', 240907636L, datetime.datetime(2013, 5, 21, 8, 49, 42), 0.0242598536799209, False, 'time']
['timlorrainej', 202562424, 'impression', '4', 240905657L, datetime.datetime(2013, 5, 21, 8, 49, 42), 0.0763474962523902, False, 'time']
['timlorrainej', 202562424, 'impression', '3', 240906534L, datetime.datetime(2013, 5, 21, 8, 49, 42), 0.241948460402404, False, 'time']
['timlorrainej', 202562424, 'impression', '1', 240908726L, datetime.datetime(2013, 5, 21, 8, 49, 42), 0.079684676192689, False, 'time']
['timlorrainej', 202562424, 'impression', '1', 240909963L, datetime.datetime(2013, 5, 21, 9, 0, 32), 0.0591478008082896, False, 'time']
['timlorrainej', 202562424, 'impression', '2', 240908726L, datetime.datetime(2013, 5, 21, 9, 0, 32), 0.079684676192689, False, 'time']
['timlorrainej', 202562424, 'impression', '4', 240906534L, datetime.datetime(2013, 5, 21, 9, 0, 32), 0.241948460402404, False, 'time']
['timlorrainej', 202562424, 'impression', '3', 240907636L, datetime.datetime(2013, 5, 21, 9, 0, 32), 0.0242598536799209, False, 'time']
['timlorrainej', 202562424, 'impression', '5', 240905657L, datetime.datetime(2013, 5, 21, 9, 0, 32), 0.0763474962523902, False, 'time']
['timlorrainej', 202562424, 'view_full_application_via_name', '1', 240909963L, datetime.datetime(2013, 5, 21, 9, 0, 39), 0.0591478008082896, False, 'time']
['timlorrainej', 202562424, 'impression', '5', 240905657L, datetime.datetime(2013, 5, 21, 9, 11, 13), 0.0763474962523902, False, 'time']
['timlorrainej', 202562424, 'impression', '3', 240907636L, datetime.datetime(2013, 5, 21, 9, 11, 13), 0.0242598536799209, False, 'time']
['timlorrainej', 202562424, 'impression', '4', 240906534L, datetime.datetime(2013, 5, 21, 9, 11, 13), 0.241948460402404, False, 'time']
['timlorrainej', 202562424, 'impression', '1', 240909963L, datetime.datetime(2013, 5, 21, 9, 11, 13), 0.0591478008082896, False, 'time']
['timlorrainej', 202562424, 'impression', '2', 240908726L, datetime.datetime(2013, 5, 21, 9, 11, 13), 0.079684676192689, False, 'time']

['timlorrainej', 202562424, 'impression', '7', 240905657L, datetime.datetime(2013, 5, 22, 0, 53, 28), 0.0763474962523902, False, 'time']
['timlorrainej', 202562424, 'impression', '2', 240933383L, datetime.datetime(2013, 5, 22, 0, 53, 28), 0.0591886154640358, False, 'time']
['timlorrainej', 202562424, 'impression', '1', 240939708L, datetime.datetime(2013, 5, 22, 0, 53, 28), 0.212523181086334, True, 'time']
['timlorrainej', 202562424, 'impression', '3', 240909963L, datetime.datetime(2013, 5, 22, 0, 53, 28), 0.0591478008082896, False, 'time']
['timlorrainej', 202562424, 'impression', '6', 240906534L, datetime.datetime(2013, 5, 22, 0, 53, 28), 0.241948460402404, False, 'time']
['timlorrainej', 202562424, 'impression', '4', 240908726L, datetime.datetime(2013, 5, 22, 0, 53, 28), 0.079684676192689, False, 'time']
['timlorrainej', 202562424, 'impression', '5', 240907636L, datetime.datetime(2013, 5, 22, 0, 53, 28), 0.0242598536799209, False, 'time']
['timlorrainej', 202562424, 'view_full_application_via_name', '1', 240939708L, datetime.datetime(2013, 5, 22, 0, 53, 40), 0.212523181086334, True, 'time']
['timlorrainej', 202562424, 'impression', '2', 240933383L, datetime.datetime(2013, 5, 22, 0, 55, 19), 0.0591886154640358, False, 'time']
['timlorrainej', 202562424, 'impression', '6', 240906534L, datetime.datetime(2013, 5, 22, 0, 55, 19), 0.241948460402404, False, 'time']
['timlorrainej', 202562424, 'impression', '4', 240908726L, datetime.datetime(2013, 5, 22, 0, 55, 19), 0.079684676192689, False, 'time']
['timlorrainej', 202562424, 'impression', '3', 240909963L, datetime.datetime(2013, 5, 22, 0, 55, 19), 0.0591478008082896, False, 'time']
['timlorrainej', 202562424, 'impression', '1', 240939708L, datetime.datetime(2013, 5, 22, 0, 55, 19), 0.212523181086334, True, 'time']
['timlorrainej', 202562424, 'impression', '5', 240907636L, datetime.datetime(2013, 5, 22, 0, 55, 19), 0.0242598536799209, False, 'time']
['timlorrainej', 202562424, 'impression', '7', 240905657L, datetime.datetime(2013, 5, 22, 0, 55, 19), 0.0763474962523902, False, 'time']
['timlorrainej', 202562424, 'view_full_application_via_name', '2', 240933383L, datetime.datetime(2013, 5, 22, 0, 55, 25), 0.0591886154640358, False, 'time']
['timlorrainej', 202562424, 'impression', '2', 240933383L, datetime.datetime(2013, 5, 22, 0, 56, 44), 0.0591886154640358, False, 'time']
['timlorrainej', 202562424, 'impression', '7', 240905657L, datetime.datetime(2013, 5, 22, 0, 56, 44), 0.0763474962523902, False, 'time']
['timlorrainej', 202562424, 'impression', '1', 240939708L, datetime.datetime(2013, 5, 22, 0, 56, 44), 0.212523181086334, True, 'time']
['timlorrainej', 202562424, 'impression', '6', 240906534L, datetime.datetime(2013, 5, 22, 0, 56, 44), 0.241948460402404, False, 'time']
['timlorrainej', 202562424, 'impression', '3', 240909963L, datetime.datetime(2013, 5, 22, 0, 56, 44), 0.0591478008082896, False, 'time']
['timlorrainej', 202562424, 'impression', '4', 240908726L, datetime.datetime(2013, 5, 22, 0, 56, 44), 0.079684676192689, False, 'time']
['timlorrainej', 202562424, 'impression', '5', 240907636L, datetime.datetime(2013, 5, 22, 0, 56, 44), 0.0242598536799209, False, 'time']
['timlorrainej', 202562424, 'view_full_application_via_name', '2', 240933383L, datetime.datetime(2013, 5, 22, 0, 56, 53), 0.0591886154640358, False, 'time']
['timlorrainej', 202562424, 'impression', '3', 240909963L, datetime.datetime(2013, 5, 22, 0, 57, 17), 0.0591478008082896, False, 'time']
['timlorrainej', 202562424, 'impression', '6', 240906534L, datetime.datetime(2013, 5, 22, 0, 57, 17), 0.241948460402404, False, 'time']
['timlorrainej', 202562424, 'impression', '1', 240939708L, datetime.datetime(2013, 5, 22, 0, 57, 17), 0.212523181086334, True, 'time']
['timlorrainej', 202562424, 'impression', '4', 240908726L, datetime.datetime(2013, 5, 22, 0, 57, 17), 0.079684676192689, False, 'time']
['timlorrainej', 202562424, 'impression', '5', 240907636L, datetime.datetime(2013, 5, 22, 0, 57, 17), 0.0242598536799209, False, 'time']
['timlorrainej', 202562424, 'impression', '2', 240933383L, datetime.datetime(2013, 5, 22, 0, 57, 17), 0.0591886154640358, False, 'time']
['timlorrainej', 202562424, 'impression', '7', 240905657L, datetime.datetime(2013, 5, 22, 0, 57, 17), 0.0763474962523902, False, 'time']
['timlorrainej', 202562424, 'view_full_application_via_name', '1', 240939708L, datetime.datetime(2013, 5, 22, 0, 57, 19), 0.212523181086334, True, 'time']
['timlorrainej', 202562424, 'impression', '7', 240905657L, datetime.datetime(2013, 5, 22, 1, 2, 36), 0.0763474962523902, False, 'time']
['timlorrainej', 202562424, 'impression', '5', 240907636L, datetime.datetime(2013, 5, 22, 1, 2, 36), 0.0242598536799209, False, 'time']
['timlorrainej', 202562424, 'impression', '2', 240933383L, datetime.datetime(2013, 5, 22, 1, 2, 36), 0.0591886154640358, False, 'time']
['timlorrainej', 202562424, 'impression', '1', 240939708L, datetime.datetime(2013, 5, 22, 1, 2, 36), 0.212523181086334, True, 'time']
['timlorrainej', 202562424, 'impression', '3', 240909963L, datetime.datetime(2013, 5, 22, 1, 2, 36), 0.0591478008082896, False, 'time']
['timlorrainej', 202562424, 'impression', '4', 240908726L, datetime.datetime(2013, 5, 22, 1, 2, 36), 0.079684676192689, False, 'time']
['timlorrainej', 202562424, 'impression', '6', 240906534L, datetime.datetime(2013, 5, 22, 1, 2, 36), 0.241948460402404, False, 'time']
['timlorrainej', 202562424, 'shortlist', '1', 240939708L, datetime.datetime(2013, 5, 22, 1, 2, 40), 0.212523181086334, True, 'time']
['timlorrainej', 202562424, 'shortlist', '7', 240905657L, datetime.datetime(2013, 5, 22, 1, 2, 50), 0.0763474962523902, False, 'time']
['timlorrainej', 202562424, 'impression', '7', 240905657L, datetime.datetime(2013, 5, 22, 1, 3, 37), 0.0763474962523902, False, 'time']
['timlorrainej', 202562424, 'impression', '5', 240907636L, datetime.datetime(2013, 5, 22, 1, 3, 37), 0.0242598536799209, False, 'time']
['timlorrainej', 202562424, 'impression', '6', 240906534L, datetime.datetime(2013, 5, 22, 1, 3, 37), 0.241948460402404, False, 'time']
['timlorrainej', 202562424, 'impression', '1', 240939708L, datetime.datetime(2013, 5, 22, 1, 3, 37), 0.212523181086334, True, 'time']
['timlorrainej', 202562424, 'impression', '3', 240909963L, datetime.datetime(2013, 5, 22, 1, 3, 37), 0.0591478008082896, False, 'time']
['timlorrainej', 202562424, 'impression', '4', 240908726L, datetime.datetime(2013, 5, 22, 1, 3, 37), 0.079684676192689, False, 'time']
['timlorrainej', 202562424, 'impression', '2', 240933383L, datetime.datetime(2013, 5, 22, 1, 3, 37), 0.0591886154640358, False, 'time']

['timlorrainej', 202562424, 'impression', '2', 240933383L, datetime.datetime(2013, 5, 22, 3, 45, 9), 0.0591886154640358, False, 'time']
['timlorrainej', 202562424, 'impression', '5', 240907636L, datetime.datetime(2013, 5, 22, 3, 45, 9), 0.0242598536799209, False, 'time']
['timlorrainej', 202562424, 'impression', '7', 240905657L, datetime.datetime(2013, 5, 22, 3, 45, 9), 0.0763474962523902, False, 'time']
['timlorrainej', 202562424, 'impression', '4', 240908726L, datetime.datetime(2013, 5, 22, 3, 45, 9), 0.079684676192689, False, 'time']
['timlorrainej', 202562424, 'impression', '6', 240906534L, datetime.datetime(2013, 5, 22, 3, 45, 9), 0.241948460402404, False, 'time']
['timlorrainej', 202562424, 'impression', '1', 240939708L, datetime.datetime(2013, 5, 22, 3, 45, 9), 0.212523181086334, True, 'time']
['timlorrainej', 202562424, 'impression', '3', 240909963L, datetime.datetime(2013, 5, 22, 3, 45, 9), 0.0591478008082896, False, 'time']
['timlorrainej', 202562424, 'view_full_application_via_name', '1', 240939708L, datetime.datetime(2013, 5, 22, 4, 11, 44), 0.212523181086334, True, 'time']
['timlorrainej', 202562424, 'impression', '2', 240933383L, datetime.datetime(2013, 5, 22, 4, 15, 18), 0.0591886154640358, False, 'time']
['timlorrainej', 202562424, 'impression', '7', 240905657L, datetime.datetime(2013, 5, 22, 4, 15, 18), 0.0763474962523902, False, 'time']
['timlorrainej', 202562424, 'impression', '5', 240907636L, datetime.datetime(2013, 5, 22, 4, 15, 18), 0.0242598536799209, False, 'time']
['timlorrainej', 202562424, 'impression', '1', 240939708L, datetime.datetime(2013, 5, 22, 4, 15, 18), 0.212523181086334, True, 'time']
['timlorrainej', 202562424, 'impression', '3', 240909963L, datetime.datetime(2013, 5, 22, 4, 15, 18), 0.0591478008082896, False, 'time']
['timlorrainej', 202562424, 'impression', '4', 240908726L, datetime.datetime(2013, 5, 22, 4, 15, 18), 0.079684676192689, False, 'time']
['timlorrainej', 202562424, 'impression', '6', 240906534L, datetime.datetime(2013, 5, 22, 4, 15, 18), 0.241948460402404, False, 'time']
['timlorrainej', 202562424, 'view_full_application_via_name', '1', 240939708L, datetime.datetime(2013, 5, 22, 4, 15, 21), 0.212523181086334, True, 'time']

['timlorrainej', 202562424, 'impression', '7', 240905657L, datetime.datetime(2013, 5, 22, 7, 53, 16), 0.0763474962523902, False, 'time']
['timlorrainej', 202562424, 'impression', '5', 240907636L, datetime.datetime(2013, 5, 22, 7, 53, 16), 0.0242598536799209, False, 'time']
['timlorrainej', 202562424, 'impression', '2', 240933383L, datetime.datetime(2013, 5, 22, 7, 53, 16), 0.0591886154640358, False, 'time']
['timlorrainej', 202562424, 'impression', '4', 240908726L, datetime.datetime(2013, 5, 22, 7, 53, 16), 0.079684676192689, False, 'time']
['timlorrainej', 202562424, 'impression', '1', 240939708L, datetime.datetime(2013, 5, 22, 7, 53, 16), 0.212523181086334, True, 'time']
['timlorrainej', 202562424, 'impression', '6', 240906534L, datetime.datetime(2013, 5, 22, 7, 53, 16), 0.241948460402404, False, 'time']
['timlorrainej', 202562424, 'impression', '3', 240909963L, datetime.datetime(2013, 5, 22, 7, 53, 16), 0.0591478008082896, False, 'time']
['timlorrainej', 202562424, 'view_full_application_via_name', '1', 240939708L, datetime.datetime(2013, 5, 22, 7, 53, 39), 0.212523181086334, True, 'time']
['timlorrainej', 202562424, 'impression', '5', 240907636L, datetime.datetime(2013, 5, 22, 7, 59, 28), 0.0242598536799209, False, 'time']
['timlorrainej', 202562424, 'impression', '2', 240933383L, datetime.datetime(2013, 5, 22, 7, 59, 28), 0.0591886154640358, False, 'time']
['timlorrainej', 202562424, 'impression', '3', 240909963L, datetime.datetime(2013, 5, 22, 7, 59, 28), 0.0591478008082896, False, 'time']
['timlorrainej', 202562424, 'impression', '1', 240939708L, datetime.datetime(2013, 5, 22, 7, 59, 28), 0.212523181086334, True, 'time']
['timlorrainej', 202562424, 'impression', '4', 240908726L, datetime.datetime(2013, 5, 22, 7, 59, 28), 0.079684676192689, False, 'time']
['timlorrainej', 202562424, 'impression', '6', 240906534L, datetime.datetime(2013, 5, 22, 7, 59, 28), 0.241948460402404, False, 'time']
['timlorrainej', 202562424, 'impression', '7', 240905657L, datetime.datetime(2013, 5, 22, 7, 59, 28), 0.0763474962523902, False, 'time']

['timlorrainej', 202562424, 'impression', '5', 240907636L, datetime.datetime(2013, 5, 23, 1, 36, 13), 0.0242598536799209, False, 'time']
['timlorrainej', 202562424, 'impression', '2', 240933383L, datetime.datetime(2013, 5, 23, 1, 36, 13), 0.0591886154640358, False, 'time']
['timlorrainej', 202562424, 'impression', '4', 240908726L, datetime.datetime(2013, 5, 23, 1, 36, 13), 0.079684676192689, False, 'time']
['timlorrainej', 202562424, 'impression', '6', 240906534L, datetime.datetime(2013, 5, 23, 1, 36, 13), 0.241948460402404, False, 'time']
['timlorrainej', 202562424, 'impression', '3', 240909963L, datetime.datetime(2013, 5, 23, 1, 36, 13), 0.0591478008082896, False, 'time']
['timlorrainej', 202562424, 'impression', '1', 240939708L, datetime.datetime(2013, 5, 23, 1, 36, 13), 0.212523181086334, True, 'time']
['timlorrainej', 202562424, 'impression', '7', 240905657L, datetime.datetime(2013, 5, 23, 1, 36, 13), 0.0763474962523902, False, 'time']

['timlorrainej', 202562424, 'impression', '5', 240907636L, datetime.datetime(2013, 5, 24, 2, 0, 10), 0.0242598536799209, False, 'time']
['timlorrainej', 202562424, 'impression', '2', 240933383L, datetime.datetime(2013, 5, 24, 2, 0, 10), 0.0591886154640358, False, 'time']
['timlorrainej', 202562424, 'impression', '4', 240908726L, datetime.datetime(2013, 5, 24, 2, 0, 10), 0.079684676192689, False, 'time']
['timlorrainej', 202562424, 'impression', '6', 240906534L, datetime.datetime(2013, 5, 24, 2, 0, 10), 0.241948460402404, False, 'time']
['timlorrainej', 202562424, 'impression', '3', 240909963L, datetime.datetime(2013, 5, 24, 2, 0, 10), 0.0591478008082896, False, 'time']
['timlorrainej', 202562424, 'impression', '1', 240939708L, datetime.datetime(2013, 5, 24, 2, 0, 10), 0.212523181086334, True, 'time']
['timlorrainej', 202562424, 'impression', '7', 240905657L, datetime.datetime(2013, 5, 24, 2, 0, 10), 0.0763474962523902, False, 'time']
['timlorrainej', 202562424, 'impression', '2', 240933383L, datetime.datetime(2013, 5, 24, 2, 0, 24), 0.0591886154640358, False, 'time']
['timlorrainej', 202562424, 'impression', '5', 240907636L, datetime.datetime(2013, 5, 24, 2, 0, 24), 0.0242598536799209, False, 'time']
['timlorrainej', 202562424, 'impression', '1', 240939708L, datetime.datetime(2013, 5, 24, 2, 0, 24), 0.212523181086334, True, 'time']
['timlorrainej', 202562424, 'impression', '6', 240906534L, datetime.datetime(2013, 5, 24, 2, 0, 24), 0.241948460402404, False, 'time']
['timlorrainej', 202562424, 'impression', '4', 240908726L, datetime.datetime(2013, 5, 24, 2, 0, 24), 0.079684676192689, False, 'time']
['timlorrainej', 202562424, 'impression', '3', 240909963L, datetime.datetime(2013, 5, 24, 2, 0, 24), 0.0591478008082896, False, 'time']
['timlorrainej', 202562424, 'impression', '7', 240905657L, datetime.datetime(2013, 5, 24, 2, 0, 24), 0.0763474962523902, False, 'time']

