['vince32', 202546163, 'impression', '1', 240555411L, datetime.datetime(2013, 5, 16, 16, 24, 35), 0.262667126594446, False, 'best']
['vince32', 202546163, 'expand_tile', '1', 240555411L, datetime.datetime(2013, 5, 16, 16, 24, 44), 0.262667126594446, False, 'best']
['vince32', 202546163, 'impression', '6', 240557655L, datetime.datetime(2013, 5, 16, 16, 45, 41), 0.185093002374651, False, 'best']
['vince32', 202546163, 'impression', '2', 240556586L, datetime.datetime(2013, 5, 16, 16, 45, 41), 0.346290236218142, False, 'best']
['vince32', 202546163, 'impression', '3', 240556799L, datetime.datetime(2013, 5, 16, 16, 45, 41), 0.198294837361447, False, 'best']
['vince32', 202546163, 'impression', '5', 240557165L, datetime.datetime(2013, 5, 16, 16, 45, 41), 0.273190836432179, False, 'best']
['vince32', 202546163, 'impression', '4', 240556897L, datetime.datetime(2013, 5, 16, 16, 45, 41), 0.479204895647282, False, 'best']
['vince32', 202546163, 'impression', '1', 240555411L, datetime.datetime(2013, 5, 16, 16, 45, 41), 0.262667126594446, False, 'best']
['vince32', 202546163, 'hide', '6', 240557655L, datetime.datetime(2013, 5, 16, 16, 46, 7), 0.185093002374651, False, 'best']
['vince32', 202546163, 'view_full_application_via_name', '5', 240557165L, datetime.datetime(2013, 5, 16, 16, 46, 19), 0.273190836432179, False, 'best']
['vince32', 202546163, 'impression', '1', 240555411L, datetime.datetime(2013, 5, 16, 16, 46, 44), 0.262667126594446, False, 'best']
['vince32', 202546163, 'impression', '4', 240556897L, datetime.datetime(2013, 5, 16, 16, 46, 44), 0.479204895647282, False, 'best']
['vince32', 202546163, 'impression', '3', 240556799L, datetime.datetime(2013, 5, 16, 16, 46, 44), 0.198294837361447, False, 'best']
['vince32', 202546163, 'impression', '5', 240557165L, datetime.datetime(2013, 5, 16, 16, 46, 44), 0.273190836432179, False, 'best']
['vince32', 202546163, 'impression', '2', 240556586L, datetime.datetime(2013, 5, 16, 16, 46, 44), 0.346290236218142, False, 'best']
['vince32', 202546163, 'view_full_application_via_name', '4', 240556897L, datetime.datetime(2013, 5, 16, 16, 46, 54), 0.479204895647282, False, 'best']
['vince32', 202546163, 'impression', '4', 240556897L, datetime.datetime(2013, 5, 16, 16, 52, 57), 0.479204895647282, False, 'best']
['vince32', 202546163, 'impression', '1', 240555411L, datetime.datetime(2013, 5, 16, 16, 52, 57), 0.262667126594446, False, 'best']
['vince32', 202546163, 'impression', '2', 240556586L, datetime.datetime(2013, 5, 16, 16, 52, 57), 0.346290236218142, False, 'best']
['vince32', 202546163, 'impression', '5', 240557165L, datetime.datetime(2013, 5, 16, 16, 52, 57), 0.273190836432179, False, 'best']
['vince32', 202546163, 'impression', '3', 240556799L, datetime.datetime(2013, 5, 16, 16, 52, 57), 0.198294837361447, False, 'best']
['vince32', 202546163, 'expand_tile', '2', 240556586L, datetime.datetime(2013, 5, 16, 16, 53, 9), 0.346290236218142, False, 'best']

['vince32', 202546163, 'impression', '1', 240555411L, datetime.datetime(2013, 5, 16, 17, 56, 7), 0.262667126594446, False, 'best']
['vince32', 202546163, 'impression', '4', 240556897L, datetime.datetime(2013, 5, 16, 17, 56, 7), 0.479204895647282, False, 'best']
['vince32', 202546163, 'impression', '8', 240561320L, datetime.datetime(2013, 5, 16, 17, 56, 7), 0.450109116572568, False, 'best']
['vince32', 202546163, 'impression', '7', 240558751L, datetime.datetime(2013, 5, 16, 17, 56, 7), 0.195571729496881, False, 'best']
['vince32', 202546163, 'impression', '3', 240556799L, datetime.datetime(2013, 5, 16, 17, 56, 7), 0.198294837361447, False, 'best']
['vince32', 202546163, 'impression', '5', 240557165L, datetime.datetime(2013, 5, 16, 17, 56, 7), 0.273190836432179, False, 'best']
['vince32', 202546163, 'impression', '10', 240562257L, datetime.datetime(2013, 5, 16, 17, 56, 7), 0.279955290728948, False, 'best']
['vince32', 202546163, 'impression', '6', 240558386L, datetime.datetime(2013, 5, 16, 17, 56, 7), 0.211670624519727, False, 'best']
['vince32', 202546163, 'impression', '2', 240556586L, datetime.datetime(2013, 5, 16, 17, 56, 7), 0.346290236218142, False, 'best']
['vince32', 202546163, 'impression', '9', 240562022L, datetime.datetime(2013, 5, 16, 17, 56, 7), 0.443207594497138, False, 'best']
['vince32', 202546163, 'hide', '6', 240558386L, datetime.datetime(2013, 5, 16, 17, 59, 1), 0.211670624519727, False, 'best']
['vince32', 202546163, 'hide', '7', 240558751L, datetime.datetime(2013, 5, 16, 17, 59, 3), 0.195571729496881, False, 'best']
['vince32', 202546163, 'expand_tile', '8', 240561320L, datetime.datetime(2013, 5, 16, 17, 59, 7), 0.450109116572568, False, 'best']
['vince32', 202546163, 'view_full_application_via_name', '8', 240561320L, datetime.datetime(2013, 5, 16, 17, 59, 30), 0.450109116572568, False, 'best']
['vince32', 202546163, 'impression', '7', 240562022L, datetime.datetime(2013, 5, 16, 18, 2, 14), 0.443207594497138, False, 'best']
['vince32', 202546163, 'impression', '2', 240556586L, datetime.datetime(2013, 5, 16, 18, 2, 14), 0.346290236218142, False, 'best']
['vince32', 202546163, 'impression', '5', 240557165L, datetime.datetime(2013, 5, 16, 18, 2, 14), 0.273190836432179, False, 'best']
['vince32', 202546163, 'impression', '3', 240556799L, datetime.datetime(2013, 5, 16, 18, 2, 14), 0.198294837361447, False, 'best']
['vince32', 202546163, 'impression', '8', 240562257L, datetime.datetime(2013, 5, 16, 18, 2, 14), 0.279955290728948, False, 'best']
['vince32', 202546163, 'impression', '4', 240556897L, datetime.datetime(2013, 5, 16, 18, 2, 14), 0.479204895647282, False, 'best']
['vince32', 202546163, 'impression', '6', 240561320L, datetime.datetime(2013, 5, 16, 18, 2, 14), 0.450109116572568, False, 'best']
['vince32', 202546163, 'impression', '1', 240555411L, datetime.datetime(2013, 5, 16, 18, 2, 14), 0.262667126594446, False, 'best']
['vince32', 202546163, 'hide', '1', 240555411L, datetime.datetime(2013, 5, 16, 18, 2, 18), 0.262667126594446, False, 'best']
['vince32', 202546163, 'hide', '2', 240556586L, datetime.datetime(2013, 5, 16, 18, 2, 20), 0.346290236218142, False, 'best']
['vince32', 202546163, 'expand_tile', '3', 240556799L, datetime.datetime(2013, 5, 16, 18, 2, 23), 0.198294837361447, False, 'best']
['vince32', 202546163, 'hide', '3', 240556799L, datetime.datetime(2013, 5, 16, 18, 2, 35), 0.198294837361447, False, 'best']
['vince32', 202546163, 'expand_tile', '3', 240556799L, datetime.datetime(2013, 5, 16, 18, 2, 36), 0.198294837361447, False, 'best']
['vince32', 202546163, 'hide', '5', 240557165L, datetime.datetime(2013, 5, 16, 18, 2, 39), 0.273190836432179, False, 'best']
['vince32', 202546163, 'hide', '7', 240562022L, datetime.datetime(2013, 5, 16, 18, 2, 43), 0.443207594497138, False, 'best']
['vince32', 202546163, 'hide', '8', 240562257L, datetime.datetime(2013, 5, 16, 18, 2, 44), 0.279955290728948, False, 'best']
['vince32', 202546163, 'impression', '2', 240561320L, datetime.datetime(2013, 5, 16, 18, 10, 5), 0.450109116572568, False, 'best']
['vince32', 202546163, 'impression', '1', 240556897L, datetime.datetime(2013, 5, 16, 18, 10, 5), 0.479204895647282, False, 'best']

['vince32', 202546163, 'impression', '3', 240566153L, datetime.datetime(2013, 5, 16, 18, 41, 45), 0.277332543048608, False, 'best']
['vince32', 202546163, 'impression', '1', 240556897L, datetime.datetime(2013, 5, 16, 18, 41, 45), 0.479204895647282, False, 'best']
['vince32', 202546163, 'impression', '2', 240561320L, datetime.datetime(2013, 5, 16, 18, 41, 45), 0.450109116572568, False, 'best']
['vince32', 202546163, 'view_full_application_via_name', '3', 240566153L, datetime.datetime(2013, 5, 16, 18, 41, 53), 0.277332543048608, False, 'best']

['vince32', 202546163, 'impression', '3', 240566153L, datetime.datetime(2013, 5, 16, 21, 52, 31), 0.277332543048608, False, 'best']
['vince32', 202546163, 'impression', '4', 240567469L, datetime.datetime(2013, 5, 16, 21, 52, 31), 0.399767444293596, False, 'best']
['vince32', 202546163, 'impression', '5', 240568361L, datetime.datetime(2013, 5, 16, 21, 52, 31), 0.525612961645543, False, 'best']
['vince32', 202546163, 'impression', '2', 240561320L, datetime.datetime(2013, 5, 16, 21, 52, 31), 0.450109116572568, False, 'best']
['vince32', 202546163, 'impression', '8', 240573544L, datetime.datetime(2013, 5, 16, 21, 52, 31), 0.468676621305317, False, 'best']
['vince32', 202546163, 'impression', '1', 240556897L, datetime.datetime(2013, 5, 16, 21, 52, 31), 0.479204895647282, False, 'best']
['vince32', 202546163, 'impression', '6', 240570501L, datetime.datetime(2013, 5, 16, 21, 52, 31), 0.315170405392125, False, 'best']
['vince32', 202546163, 'impression', '7', 240572908L, datetime.datetime(2013, 5, 16, 21, 52, 31), 0.376145406069356, False, 'best']
['vince32', 202546163, 'hide', '3', 240566153L, datetime.datetime(2013, 5, 16, 21, 52, 47), 0.277332543048608, False, 'best']
['vince32', 202546163, 'view_full_application_via_name', '4', 240567469L, datetime.datetime(2013, 5, 16, 21, 52, 52), 0.399767444293596, False, 'best']
['vince32', 202546163, 'impression', '5', 240570501L, datetime.datetime(2013, 5, 16, 22, 7, 51), 0.315170405392125, False, 'best']
['vince32', 202546163, 'impression', '7', 240573544L, datetime.datetime(2013, 5, 16, 22, 7, 51), 0.468676621305317, False, 'best']
['vince32', 202546163, 'impression', '2', 240561320L, datetime.datetime(2013, 5, 16, 22, 7, 51), 0.450109116572568, False, 'best']
['vince32', 202546163, 'impression', '1', 240556897L, datetime.datetime(2013, 5, 16, 22, 7, 51), 0.479204895647282, False, 'best']
['vince32', 202546163, 'impression', '3', 240567469L, datetime.datetime(2013, 5, 16, 22, 7, 51), 0.399767444293596, False, 'best']
['vince32', 202546163, 'impression', '4', 240568361L, datetime.datetime(2013, 5, 16, 22, 7, 51), 0.525612961645543, False, 'best']
['vince32', 202546163, 'impression', '6', 240572908L, datetime.datetime(2013, 5, 16, 22, 7, 51), 0.376145406069356, False, 'best']
['vince32', 202546163, 'hide', '4', 240568361L, datetime.datetime(2013, 5, 16, 22, 8, 2), 0.525612961645543, False, 'best']
['vince32', 202546163, 'view_full_application_via_name', '5', 240570501L, datetime.datetime(2013, 5, 16, 22, 8, 7), 0.315170405392125, False, 'best']
['vince32', 202546163, 'impression', '2', 240561320L, datetime.datetime(2013, 5, 16, 22, 32, 50), 0.450109116572568, False, 'best']
['vince32', 202546163, 'impression', '1', 240556897L, datetime.datetime(2013, 5, 16, 22, 32, 50), 0.479204895647282, False, 'best']
['vince32', 202546163, 'impression', '6', 240573544L, datetime.datetime(2013, 5, 16, 22, 32, 50), 0.468676621305317, False, 'best']
['vince32', 202546163, 'impression', '5', 240572908L, datetime.datetime(2013, 5, 16, 22, 32, 50), 0.376145406069356, False, 'best']
['vince32', 202546163, 'impression', '3', 240567469L, datetime.datetime(2013, 5, 16, 22, 32, 50), 0.399767444293596, False, 'best']
['vince32', 202546163, 'impression', '4', 240570501L, datetime.datetime(2013, 5, 16, 22, 32, 50), 0.315170405392125, False, 'best']
['vince32', 202546163, 'hide', '5', 240572908L, datetime.datetime(2013, 5, 16, 22, 32, 56), 0.376145406069356, False, 'best']
['vince32', 202546163, 'expand_tile', '6', 240573544L, datetime.datetime(2013, 5, 16, 22, 33, 1), 0.468676621305317, False, 'best']
['vince32', 202546163, 'hide', '6', 240573544L, datetime.datetime(2013, 5, 16, 22, 33, 16), 0.468676621305317, False, 'best']
['vince32', 202546163, 'expand_tile', '6', 240573544L, datetime.datetime(2013, 5, 16, 22, 33, 16), 0.468676621305317, False, 'best']

['vince32', 202546163, 'impression', '6', 240583460L, datetime.datetime(2013, 5, 17, 0, 50, 58), 0.338390462471844, False, 'best']
['vince32', 202546163, 'impression', '3', 240567469L, datetime.datetime(2013, 5, 17, 0, 50, 58), 0.399767444293596, False, 'best']
['vince32', 202546163, 'impression', '2', 240561320L, datetime.datetime(2013, 5, 17, 0, 50, 58), 0.450109116572568, False, 'best']
['vince32', 202546163, 'impression', '1', 240556897L, datetime.datetime(2013, 5, 17, 0, 50, 58), 0.479204895647282, False, 'best']
['vince32', 202546163, 'impression', '4', 240570501L, datetime.datetime(2013, 5, 17, 0, 50, 58), 0.315170405392125, False, 'best']
['vince32', 202546163, 'impression', '5', 240582766L, datetime.datetime(2013, 5, 17, 0, 50, 58), 0.0863991406864176, False, 'best']
['vince32', 202546163, 'view_full_application_via_name', '2', 240561320L, datetime.datetime(2013, 5, 17, 0, 51), 0.450109116572568, False, 'best']

['vince32', 202546163, 'impression', '4', 240570501L, datetime.datetime(2013, 5, 17, 3, 55, 26), 0.315170405392125, False, 'best']
['vince32', 202546163, 'impression', '3', 240567469L, datetime.datetime(2013, 5, 17, 3, 55, 26), 0.399767444293596, False, 'best']
['vince32', 202546163, 'impression', '5', 240582766L, datetime.datetime(2013, 5, 17, 3, 55, 26), 0.0863991406864176, False, 'best']
['vince32', 202546163, 'impression', '7', 240586941L, datetime.datetime(2013, 5, 17, 3, 55, 26), 0.103320108082439, False, 'best']
['vince32', 202546163, 'impression', '1', 240556897L, datetime.datetime(2013, 5, 17, 3, 55, 26), 0.479204895647282, False, 'best']
['vince32', 202546163, 'impression', '2', 240561320L, datetime.datetime(2013, 5, 17, 3, 55, 26), 0.450109116572568, False, 'best']
['vince32', 202546163, 'impression', '6', 240583460L, datetime.datetime(2013, 5, 17, 3, 55, 26), 0.338390462471844, False, 'best']
['vince32', 202546163, 'expand_tile', '4', 240570501L, datetime.datetime(2013, 5, 17, 3, 55, 41), 0.315170405392125, False, 'best']
['vince32', 202546163, 'impression', '4', 240570501L, datetime.datetime(2013, 5, 17, 3, 58, 1), 0.315170405392125, False, 'best']
['vince32', 202546163, 'impression', '1', 240556897L, datetime.datetime(2013, 5, 17, 3, 58, 1), 0.479204895647282, False, 'best']
['vince32', 202546163, 'impression', '2', 240561320L, datetime.datetime(2013, 5, 17, 3, 58, 1), 0.450109116572568, False, 'best']
['vince32', 202546163, 'impression', '7', 240586941L, datetime.datetime(2013, 5, 17, 3, 58, 1), 0.103320108082439, False, 'best']
['vince32', 202546163, 'impression', '6', 240583460L, datetime.datetime(2013, 5, 17, 3, 58, 1), 0.338390462471844, False, 'best']
['vince32', 202546163, 'impression', '5', 240582766L, datetime.datetime(2013, 5, 17, 3, 58, 1), 0.0863991406864176, False, 'best']
['vince32', 202546163, 'impression', '3', 240567469L, datetime.datetime(2013, 5, 17, 3, 58, 1), 0.399767444293596, False, 'best']
['vince32', 202546163, 'hide', '5', 240582766L, datetime.datetime(2013, 5, 17, 3, 58, 4), 0.0863991406864176, False, 'best']
['vince32', 202546163, 'hide', '6', 240583460L, datetime.datetime(2013, 5, 17, 3, 58, 6), 0.338390462471844, False, 'best']
['vince32', 202546163, 'expand_tile', '7', 240586941L, datetime.datetime(2013, 5, 17, 3, 58, 17), 0.103320108082439, False, 'best']
['vince32', 202546163, 'view_full_application_via_name', '7', 240586941L, datetime.datetime(2013, 5, 17, 3, 58, 47), 0.103320108082439, False, 'best']
['vince32', 202546163, 'impression', '2', 240561320L, datetime.datetime(2013, 5, 17, 3, 59, 25), 0.450109116572568, False, 'best']
['vince32', 202546163, 'impression', '5', 240586941L, datetime.datetime(2013, 5, 17, 3, 59, 25), 0.103320108082439, False, 'best']
['vince32', 202546163, 'impression', '1', 240556897L, datetime.datetime(2013, 5, 17, 3, 59, 25), 0.479204895647282, False, 'best']
['vince32', 202546163, 'impression', '4', 240570501L, datetime.datetime(2013, 5, 17, 3, 59, 25), 0.315170405392125, False, 'best']
['vince32', 202546163, 'impression', '3', 240567469L, datetime.datetime(2013, 5, 17, 3, 59, 25), 0.399767444293596, False, 'best']
['vince32', 202546163, 'hide', '5', 240586941L, datetime.datetime(2013, 5, 17, 3, 59, 28), 0.103320108082439, False, 'best']

['vince32', 202546163, 'impression', '3', 240567469L, datetime.datetime(2013, 5, 22, 13, 44, 28), 0.399767444293596, False, 'best']
['vince32', 202546163, 'impression', '2', 240561320L, datetime.datetime(2013, 5, 22, 13, 44, 28), 0.450109116572568, False, 'best']
['vince32', 202546163, 'impression', '1', 240556897L, datetime.datetime(2013, 5, 22, 13, 44, 28), 0.479204895647282, False, 'best']
['vince32', 202546163, 'impression', '4', 240570501L, datetime.datetime(2013, 5, 22, 13, 44, 28), 0.315170405392125, False, 'best']

['vince32', 202546163, 'impression', '4', 240570501L, datetime.datetime(2013, 5, 22, 20, 53, 8), 0.315170405392125, False, 'best']
['vince32', 202546163, 'impression', '2', 240561320L, datetime.datetime(2013, 5, 22, 20, 53, 8), 0.450109116572568, False, 'best']
['vince32', 202546163, 'impression', '1', 240556897L, datetime.datetime(2013, 5, 22, 20, 53, 8), 0.479204895647282, False, 'best']
['vince32', 202546163, 'impression', '3', 240567469L, datetime.datetime(2013, 5, 22, 20, 53, 8), 0.399767444293596, False, 'best']

['vince32', 202546163, 'impression', '5', 241055423L, datetime.datetime(2013, 5, 23, 0, 16, 39), 0.259927445382832, False, 'best']
['vince32', 202546163, 'impression', '3', 240570501L, datetime.datetime(2013, 5, 23, 0, 16, 39), 0.315170405392125, False, 'best']
['vince32', 202546163, 'impression', '1', 240556897L, datetime.datetime(2013, 5, 23, 0, 16, 39), 0.479204895647282, False, 'best']
['vince32', 202546163, 'impression', '4', 241055496L, datetime.datetime(2013, 5, 23, 0, 16, 39), 0.293775437418636, False, 'best']
['vince32', 202546163, 'impression', '2', 240567469L, datetime.datetime(2013, 5, 23, 0, 16, 39), 0.399767444293596, False, 'best']

