['vj-kumar', 202582601, 'impression', '1', 241320374L, datetime.datetime(2013, 5, 26, 10, 11, 56), 0.074433928221965, False, 'best']
['vj-kumar', 202582601, 'impression', '2', 241320561L, datetime.datetime(2013, 5, 26, 10, 11, 56), 0.0118575292659005, False, 'best']
['vj-kumar', 202582601, 'view_full_application_via_name', '2', 241320561L, datetime.datetime(2013, 5, 26, 10, 12, 6), 0.0118575292659005, False, 'best']
['vj-kumar', 202582601, 'impression', '2', 241320561L, datetime.datetime(2013, 5, 26, 10, 14, 58), 0.0118575292659005, False, 'best']
['vj-kumar', 202582601, 'impression', '1', 241320374L, datetime.datetime(2013, 5, 26, 10, 14, 58), 0.074433928221965, False, 'best']
['vj-kumar', 202582601, 'expand_tile', '1', 241320374L, datetime.datetime(2013, 5, 26, 10, 15, 15), 0.074433928221965, False, 'best']
['vj-kumar', 202582601, 'view_full_application', '1', 241320374L, datetime.datetime(2013, 5, 26, 10, 15, 35), 0.074433928221965, False, 'best']

['vj-kumar', 202582601, 'impression', '1', 241320374L, datetime.datetime(2013, 5, 26, 11, 13, 25), 0.074433928221965, False, 'best']
['vj-kumar', 202582601, 'impression', '2', 241321904L, datetime.datetime(2013, 5, 26, 11, 13, 25), 0.0257871291265672, False, 'best']
['vj-kumar', 202582601, 'impression', '3', 241320561L, datetime.datetime(2013, 5, 26, 11, 13, 25), 0.0118575292659005, False, 'best']

['vj-kumar', 202582601, 'impression', '5', 241326736L, datetime.datetime(2013, 5, 26, 14, 19, 31), 0.0083247104308545, False, 'best']
['vj-kumar', 202582601, 'impression', '2', 241320374L, datetime.datetime(2013, 5, 26, 14, 19, 31), 0.074433928221965, False, 'best']
['vj-kumar', 202582601, 'impression', '3', 241321904L, datetime.datetime(2013, 5, 26, 14, 19, 31), 0.0257871291265672, False, 'best']
['vj-kumar', 202582601, 'impression', '4', 241320561L, datetime.datetime(2013, 5, 26, 14, 19, 31), 0.0118575292659005, False, 'best']
['vj-kumar', 202582601, 'impression', '1', 241325360L, datetime.datetime(2013, 5, 26, 14, 19, 31), 0.108957840221559, False, 'best']
['vj-kumar', 202582601, 'expand_tile', '1', 241325360L, datetime.datetime(2013, 5, 26, 14, 19, 42), 0.108957840221559, False, 'best']
['vj-kumar', 202582601, 'expand_tile', '1', 241325360L, datetime.datetime(2013, 5, 26, 14, 19, 52), 0.108957840221559, False, 'best']
['vj-kumar', 202582601, 'collapse_tile', '1', 241325360L, datetime.datetime(2013, 5, 26, 14, 19, 54), 0.108957840221559, False, 'best']
['vj-kumar', 202582601, 'expand_tile', '1', 241325360L, datetime.datetime(2013, 5, 26, 14, 19, 55), 0.108957840221559, False, 'best']
['vj-kumar', 202582601, 'collapse_tile', '1', 241325360L, datetime.datetime(2013, 5, 26, 14, 19, 57), 0.108957840221559, False, 'best']
['vj-kumar', 202582601, 'expand_tile', '1', 241325360L, datetime.datetime(2013, 5, 26, 14, 19, 58), 0.108957840221559, False, 'best']
['vj-kumar', 202582601, 'view_full_application', '1', 241325360L, datetime.datetime(2013, 5, 26, 14, 20, 1), 0.108957840221559, False, 'best']
['vj-kumar', 202582601, 'impression', '2', 241321904L, datetime.datetime(2013, 5, 26, 14, 26, 28), 0.0257871291265672, False, 'best']
['vj-kumar', 202582601, 'impression', '1', 241320374L, datetime.datetime(2013, 5, 26, 14, 26, 28), 0.074433928221965, False, 'best']
['vj-kumar', 202582601, 'impression', '3', 241320561L, datetime.datetime(2013, 5, 26, 14, 26, 28), 0.0118575292659005, False, 'best']
['vj-kumar', 202582601, 'impression', '4', 241326736L, datetime.datetime(2013, 5, 26, 14, 26, 28), 0.0083247104308545, False, 'best']
['vj-kumar', 202582601, 'expand_tile', '1', 241320374L, datetime.datetime(2013, 5, 26, 14, 26, 47), 0.074433928221965, False, 'best']
['vj-kumar', 202582601, 'view_full_application', '1', 241320374L, datetime.datetime(2013, 5, 26, 14, 27, 12), 0.074433928221965, False, 'best']
['vj-kumar', 202582601, 'impression', '4', 241326736L, datetime.datetime(2013, 5, 26, 14, 41, 24), 0.0083247104308545, False, 'best']
['vj-kumar', 202582601, 'impression', '3', 241320561L, datetime.datetime(2013, 5, 26, 14, 41, 24), 0.0118575292659005, False, 'best']
['vj-kumar', 202582601, 'impression', '1', 241320374L, datetime.datetime(2013, 5, 26, 14, 41, 24), 0.074433928221965, False, 'best']
['vj-kumar', 202582601, 'impression', '2', 241321904L, datetime.datetime(2013, 5, 26, 14, 41, 24), 0.0257871291265672, False, 'best']

['vj-kumar', 202582601, 'impression', '4', 241320561L, datetime.datetime(2013, 5, 26, 17, 35, 37), 0.0118575292659005, False, 'best']
['vj-kumar', 202582601, 'impression', '2', 241320374L, datetime.datetime(2013, 5, 26, 17, 35, 37), 0.074433928221965, False, 'best']
['vj-kumar', 202582601, 'impression', '3', 241321904L, datetime.datetime(2013, 5, 26, 17, 35, 37), 0.0257871291265672, False, 'best']
['vj-kumar', 202582601, 'impression', '1', 241335019L, datetime.datetime(2013, 5, 26, 17, 35, 37), 0.0844370178809951, False, 'best']
['vj-kumar', 202582601, 'impression', '5', 241326736L, datetime.datetime(2013, 5, 26, 17, 35, 37), 0.0083247104308545, False, 'best']
['vj-kumar', 202582601, 'expand_tile', '1', 241335019L, datetime.datetime(2013, 5, 26, 17, 35, 51), 0.0844370178809951, False, 'best']
['vj-kumar', 202582601, 'view_full_application', '1', 241335019L, datetime.datetime(2013, 5, 26, 17, 36, 22), 0.0844370178809951, False, 'best']
['vj-kumar', 202582601, 'impression', '4', 241320561L, datetime.datetime(2013, 5, 26, 17, 39, 51), 0.0118575292659005, False, 'best']
['vj-kumar', 202582601, 'impression', '5', 241326736L, datetime.datetime(2013, 5, 26, 17, 39, 51), 0.0083247104308545, False, 'best']
['vj-kumar', 202582601, 'impression', '1', 241335019L, datetime.datetime(2013, 5, 26, 17, 39, 51), 0.0844370178809951, False, 'best']
['vj-kumar', 202582601, 'impression', '3', 241321904L, datetime.datetime(2013, 5, 26, 17, 39, 51), 0.0257871291265672, False, 'best']
['vj-kumar', 202582601, 'impression', '2', 241320374L, datetime.datetime(2013, 5, 26, 17, 39, 51), 0.074433928221965, False, 'best']
['vj-kumar', 202582601, 'expand_tile', '1', 241335019L, datetime.datetime(2013, 5, 26, 17, 39, 58), 0.0844370178809951, False, 'best']

['vj-kumar', 202582601, 'impression', '1', 241335019L, datetime.datetime(2013, 5, 27, 3, 27, 32), 0.0844370178809951, False, 'best']
['vj-kumar', 202582601, 'impression', '3', 241321904L, datetime.datetime(2013, 5, 27, 3, 27, 32), 0.0257871291265672, False, 'best']
['vj-kumar', 202582601, 'impression', '2', 241320374L, datetime.datetime(2013, 5, 27, 3, 27, 32), 0.074433928221965, False, 'best']
['vj-kumar', 202582601, 'impression', '4', 241320561L, datetime.datetime(2013, 5, 27, 3, 27, 32), 0.0118575292659005, False, 'best']
['vj-kumar', 202582601, 'impression', '5', 241326736L, datetime.datetime(2013, 5, 27, 3, 27, 32), 0.0083247104308545, False, 'best']
['vj-kumar', 202582601, 'impression', '4', 241320561L, datetime.datetime(2013, 5, 27, 3, 29, 43), 0.0118575292659005, False, 'best']
['vj-kumar', 202582601, 'impression', '1', 241335019L, datetime.datetime(2013, 5, 27, 3, 29, 43), 0.0844370178809951, False, 'best']
['vj-kumar', 202582601, 'impression', '3', 241321904L, datetime.datetime(2013, 5, 27, 3, 29, 43), 0.0257871291265672, False, 'best']
['vj-kumar', 202582601, 'impression', '2', 241320374L, datetime.datetime(2013, 5, 27, 3, 29, 43), 0.074433928221965, False, 'best']
['vj-kumar', 202582601, 'impression', '5', 241326736L, datetime.datetime(2013, 5, 27, 3, 29, 43), 0.0083247104308545, False, 'best']
['vj-kumar', 202582601, 'impression', '1', 241335019L, datetime.datetime(2013, 5, 27, 3, 31, 35), 0.0844370178809951, False, 'best']
['vj-kumar', 202582601, 'impression', '5', 241326736L, datetime.datetime(2013, 5, 27, 3, 31, 35), 0.0083247104308545, False, 'best']
['vj-kumar', 202582601, 'impression', '4', 241320561L, datetime.datetime(2013, 5, 27, 3, 31, 35), 0.0118575292659005, False, 'best']
['vj-kumar', 202582601, 'impression', '2', 241320374L, datetime.datetime(2013, 5, 27, 3, 31, 35), 0.074433928221965, False, 'best']
['vj-kumar', 202582601, 'impression', '3', 241321904L, datetime.datetime(2013, 5, 27, 3, 31, 35), 0.0257871291265672, False, 'best']

['vj-kumar', 202582601, 'impression', '1', 241335019L, datetime.datetime(2013, 5, 27, 16, 21, 19), 0.0844370178809951, False, 'best']
['vj-kumar', 202582601, 'impression', '4', 241326736L, datetime.datetime(2013, 5, 27, 16, 21, 19), 0.0083247104308545, False, 'best']
['vj-kumar', 202582601, 'impression', '3', 241320561L, datetime.datetime(2013, 5, 27, 16, 21, 19), 0.0118575292659005, False, 'best']
['vj-kumar', 202582601, 'impression', '2', 241321904L, datetime.datetime(2013, 5, 27, 16, 21, 19), 0.0257871291265672, False, 'best']
['vj-kumar', 202582601, 'impression', '3', 241320561L, datetime.datetime(2013, 5, 27, 16, 30), 0.0118575292659005, False, 'best']
['vj-kumar', 202582601, 'impression', '4', 241326736L, datetime.datetime(2013, 5, 27, 16, 30), 0.0083247104308545, False, 'best']
['vj-kumar', 202582601, 'impression', '2', 241321904L, datetime.datetime(2013, 5, 27, 16, 30), 0.0257871291265672, False, 'best']
['vj-kumar', 202582601, 'impression', '1', 241335019L, datetime.datetime(2013, 5, 27, 16, 30), 0.0844370178809951, False, 'best']

