['wirtdevelopments', 202581057, 'impression', '6', 241285238L, datetime.datetime(2013, 5, 25, 17, 48, 47), 0.116174029346308, False, 'time']
['wirtdevelopments', 202581057, 'impression', '4', 241285499L, datetime.datetime(2013, 5, 25, 17, 48, 47), 0.0504747389573753, False, 'time']
['wirtdevelopments', 202581057, 'impression', '3', 241285875L, datetime.datetime(2013, 5, 25, 17, 48, 47), 0.0191197265756755, False, 'time']
['wirtdevelopments', 202581057, 'impression', '1', 241286169L, datetime.datetime(2013, 5, 25, 17, 48, 47), 0.0367726823206158, False, 'time']
['wirtdevelopments', 202581057, 'impression', '5', 241285293L, datetime.datetime(2013, 5, 25, 17, 48, 47), 0.0571927845898511, True, 'time']
['wirtdevelopments', 202581057, 'impression', '2', 241286147L, datetime.datetime(2013, 5, 25, 17, 48, 47), 0.0210310864319736, False, 'time']
['wirtdevelopments', 202581057, 'impression', '4', 241286147L, datetime.datetime(2013, 5, 25, 17, 56, 22), 0.0210310864319736, False, 'time']
['wirtdevelopments', 202581057, 'impression', '6', 241285499L, datetime.datetime(2013, 5, 25, 17, 56, 22), 0.0504747389573753, False, 'time']
['wirtdevelopments', 202581057, 'impression', '5', 241285875L, datetime.datetime(2013, 5, 25, 17, 56, 22), 0.0191197265756755, False, 'time']
['wirtdevelopments', 202581057, 'impression', '3', 241286169L, datetime.datetime(2013, 5, 25, 17, 56, 22), 0.0367726823206158, False, 'time']
['wirtdevelopments', 202581057, 'impression', '7', 241285293L, datetime.datetime(2013, 5, 25, 17, 56, 22), 0.0571927845898511, True, 'time']
['wirtdevelopments', 202581057, 'impression', '2', 241286752L, datetime.datetime(2013, 5, 25, 17, 56, 22), 0.0613901437211855, False, 'time']
['wirtdevelopments', 202581057, 'impression', '8', 241285238L, datetime.datetime(2013, 5, 25, 17, 56, 22), 0.116174029346308, False, 'time']
['wirtdevelopments', 202581057, 'impression', '1', 241286770L, datetime.datetime(2013, 5, 25, 17, 56, 22), 0.0434239643080436, False, 'time']
['wirtdevelopments', 202581057, 'expand_tile', '1', 241286770L, datetime.datetime(2013, 5, 25, 17, 56, 46), 0.0434239643080436, False, 'time']
['wirtdevelopments', 202581057, 'collapse_tile', '1', 241286770L, datetime.datetime(2013, 5, 25, 17, 56, 56), 0.0434239643080436, False, 'time']
['wirtdevelopments', 202581057, 'expand_tile', '1', 241286770L, datetime.datetime(2013, 5, 25, 17, 56, 58), 0.0434239643080436, False, 'time']
['wirtdevelopments', 202581057, 'collapse_tile', '1', 241286770L, datetime.datetime(2013, 5, 25, 17, 57), 0.0434239643080436, False, 'time']
['wirtdevelopments', 202581057, 'view_full_application_via_name', '1', 241286770L, datetime.datetime(2013, 5, 25, 17, 57, 1), 0.0434239643080436, False, 'time']
['wirtdevelopments', 202581057, 'impression', '8', 241285238L, datetime.datetime(2013, 5, 25, 17, 58, 38), 0.116174029346308, False, 'time']
['wirtdevelopments', 202581057, 'impression', '2', 241286752L, datetime.datetime(2013, 5, 25, 17, 58, 38), 0.0613901437211855, False, 'time']
['wirtdevelopments', 202581057, 'impression', '6', 241285499L, datetime.datetime(2013, 5, 25, 17, 58, 38), 0.0504747389573753, False, 'time']
['wirtdevelopments', 202581057, 'impression', '3', 241286169L, datetime.datetime(2013, 5, 25, 17, 58, 38), 0.0367726823206158, False, 'time']
['wirtdevelopments', 202581057, 'impression', '7', 241285293L, datetime.datetime(2013, 5, 25, 17, 58, 38), 0.0571927845898511, True, 'time']
['wirtdevelopments', 202581057, 'impression', '5', 241285875L, datetime.datetime(2013, 5, 25, 17, 58, 38), 0.0191197265756755, False, 'time']
['wirtdevelopments', 202581057, 'impression', '1', 241286770L, datetime.datetime(2013, 5, 25, 17, 58, 38), 0.0434239643080436, False, 'time']
['wirtdevelopments', 202581057, 'impression', '4', 241286147L, datetime.datetime(2013, 5, 25, 17, 58, 38), 0.0210310864319736, False, 'time']
['wirtdevelopments', 202581057, 'view_full_application_via_name', '2', 241286752L, datetime.datetime(2013, 5, 25, 17, 58, 42), 0.0613901437211855, False, 'time']
['wirtdevelopments', 202581057, 'impression', '1', 241286770L, datetime.datetime(2013, 5, 25, 17, 58, 51), 0.0434239643080436, False, 'time']
['wirtdevelopments', 202581057, 'impression', '2', 241286752L, datetime.datetime(2013, 5, 25, 17, 58, 51), 0.0613901437211855, False, 'time']
['wirtdevelopments', 202581057, 'impression', '8', 241285238L, datetime.datetime(2013, 5, 25, 17, 58, 51), 0.116174029346308, False, 'time']
['wirtdevelopments', 202581057, 'impression', '4', 241286147L, datetime.datetime(2013, 5, 25, 17, 58, 51), 0.0210310864319736, False, 'time']
['wirtdevelopments', 202581057, 'impression', '7', 241285293L, datetime.datetime(2013, 5, 25, 17, 58, 51), 0.0571927845898511, True, 'time']
['wirtdevelopments', 202581057, 'impression', '3', 241286169L, datetime.datetime(2013, 5, 25, 17, 58, 51), 0.0367726823206158, False, 'time']
['wirtdevelopments', 202581057, 'impression', '5', 241285875L, datetime.datetime(2013, 5, 25, 17, 58, 51), 0.0191197265756755, False, 'time']
['wirtdevelopments', 202581057, 'impression', '6', 241285499L, datetime.datetime(2013, 5, 25, 17, 58, 51), 0.0504747389573753, False, 'time']
['wirtdevelopments', 202581057, 'expand_tile', '2', 241286752L, datetime.datetime(2013, 5, 25, 17, 58, 52), 0.0613901437211855, False, 'time']
['wirtdevelopments', 202581057, 'view_full_application_via_name', '3', 241286169L, datetime.datetime(2013, 5, 25, 17, 59), 0.0367726823206158, False, 'time']
['wirtdevelopments', 202581057, 'impression', '4', 241286147L, datetime.datetime(2013, 5, 25, 18, 1, 3), 0.0210310864319736, False, 'time']
['wirtdevelopments', 202581057, 'impression', '6', 241285499L, datetime.datetime(2013, 5, 25, 18, 1, 3), 0.0504747389573753, False, 'time']
['wirtdevelopments', 202581057, 'impression', '1', 241286770L, datetime.datetime(2013, 5, 25, 18, 1, 3), 0.0434239643080436, False, 'time']
['wirtdevelopments', 202581057, 'impression', '3', 241286169L, datetime.datetime(2013, 5, 25, 18, 1, 3), 0.0367726823206158, False, 'time']
['wirtdevelopments', 202581057, 'impression', '5', 241285875L, datetime.datetime(2013, 5, 25, 18, 1, 3), 0.0191197265756755, False, 'time']
['wirtdevelopments', 202581057, 'impression', '7', 241285293L, datetime.datetime(2013, 5, 25, 18, 1, 3), 0.0571927845898511, True, 'time']
['wirtdevelopments', 202581057, 'impression', '8', 241285238L, datetime.datetime(2013, 5, 25, 18, 1, 3), 0.116174029346308, False, 'time']
['wirtdevelopments', 202581057, 'impression', '2', 241286752L, datetime.datetime(2013, 5, 25, 18, 1, 3), 0.0613901437211855, False, 'time']
['wirtdevelopments', 202581057, 'view_full_application_via_name', '5', 241285875L, datetime.datetime(2013, 5, 25, 18, 1, 10), 0.0191197265756755, False, 'time']
['wirtdevelopments', 202581057, 'impression', '3', 241286169L, datetime.datetime(2013, 5, 25, 18, 3, 39), 0.0367726823206158, False, 'time']
['wirtdevelopments', 202581057, 'impression', '7', 241285293L, datetime.datetime(2013, 5, 25, 18, 3, 39), 0.0571927845898511, True, 'time']
['wirtdevelopments', 202581057, 'impression', '5', 241285875L, datetime.datetime(2013, 5, 25, 18, 3, 39), 0.0191197265756755, False, 'time']
['wirtdevelopments', 202581057, 'impression', '6', 241285499L, datetime.datetime(2013, 5, 25, 18, 3, 39), 0.0504747389573753, False, 'time']
['wirtdevelopments', 202581057, 'impression', '1', 241286770L, datetime.datetime(2013, 5, 25, 18, 3, 39), 0.0434239643080436, False, 'time']
['wirtdevelopments', 202581057, 'impression', '4', 241286147L, datetime.datetime(2013, 5, 25, 18, 3, 39), 0.0210310864319736, False, 'time']
['wirtdevelopments', 202581057, 'impression', '8', 241285238L, datetime.datetime(2013, 5, 25, 18, 3, 39), 0.116174029346308, False, 'time']
['wirtdevelopments', 202581057, 'impression', '2', 241286752L, datetime.datetime(2013, 5, 25, 18, 3, 39), 0.0613901437211855, False, 'time']
['wirtdevelopments', 202581057, 'view_full_application_via_name', '6', 241285499L, datetime.datetime(2013, 5, 25, 18, 3, 55), 0.0504747389573753, False, 'time']

['wirtdevelopments', 202581057, 'impression', '8', 241286147L, datetime.datetime(2013, 5, 25, 20, 50, 48), 0.0210310864319736, False, 'time']
['wirtdevelopments', 202581057, 'impression', '3', 241288255L, datetime.datetime(2013, 5, 25, 20, 50, 48), 0.0285564877126164, False, 'time']
['wirtdevelopments', 202581057, 'impression', '6', 241286752L, datetime.datetime(2013, 5, 25, 20, 50, 48), 0.0613901437211855, False, 'time']
['wirtdevelopments', 202581057, 'impression', '12', 241285238L, datetime.datetime(2013, 5, 25, 20, 50, 48), 0.116174029346308, False, 'time']
['wirtdevelopments', 202581057, 'impression', '7', 241286169L, datetime.datetime(2013, 5, 25, 20, 50, 48), 0.0367726823206158, False, 'time']
['wirtdevelopments', 202581057, 'impression', '9', 241285875L, datetime.datetime(2013, 5, 25, 20, 50, 48), 0.0191197265756755, False, 'time']
['wirtdevelopments', 202581057, 'impression', '11', 241285293L, datetime.datetime(2013, 5, 25, 20, 50, 48), 0.0571927845898511, True, 'time']
['wirtdevelopments', 202581057, 'impression', '5', 241286770L, datetime.datetime(2013, 5, 25, 20, 50, 48), 0.0434239643080436, False, 'time']
['wirtdevelopments', 202581057, 'impression', '2', 241288828L, datetime.datetime(2013, 5, 25, 20, 50, 48), 0.0542846441997988, False, 'time']
['wirtdevelopments', 202581057, 'impression', '1', 241288967L, datetime.datetime(2013, 5, 25, 20, 50, 48), 0.0193511303607314, False, 'time']
['wirtdevelopments', 202581057, 'impression', '10', 241285499L, datetime.datetime(2013, 5, 25, 20, 50, 48), 0.0504747389573753, False, 'time']
['wirtdevelopments', 202581057, 'impression', '4', 241287722L, datetime.datetime(2013, 5, 25, 20, 50, 48), 0.113534907884929, False, 'time']

['wirtdevelopments', 202581057, 'impression', '2', 241296077L, datetime.datetime(2013, 5, 26, 0, 9, 19), 0.0355457247592173, False, 'time']
['wirtdevelopments', 202581057, 'impression', '5', 241288255L, datetime.datetime(2013, 5, 26, 0, 9, 19), 0.0285564877126164, False, 'time']
['wirtdevelopments', 202581057, 'impression', '10', 241286147L, datetime.datetime(2013, 5, 26, 0, 9, 19), 0.0210310864319736, False, 'time']
['wirtdevelopments', 202581057, 'impression', '3', 241288967L, datetime.datetime(2013, 5, 26, 0, 9, 19), 0.0193511303607314, False, 'time']
['wirtdevelopments', 202581057, 'impression', '4', 241288828L, datetime.datetime(2013, 5, 26, 0, 9, 19), 0.0542846441997988, False, 'time']
['wirtdevelopments', 202581057, 'impression', '1', 241297546L, datetime.datetime(2013, 5, 26, 0, 9, 19), 0.0298950332508439, False, 'time']
['wirtdevelopments', 202581057, 'impression', '7', 241286770L, datetime.datetime(2013, 5, 26, 0, 9, 19), 0.0434239643080436, False, 'time']
['wirtdevelopments', 202581057, 'impression', '9', 241286169L, datetime.datetime(2013, 5, 26, 0, 9, 19), 0.0367726823206158, False, 'time']
['wirtdevelopments', 202581057, 'impression', '13', 241285293L, datetime.datetime(2013, 5, 26, 0, 9, 19), 0.0571927845898511, True, 'time']
['wirtdevelopments', 202581057, 'impression', '11', 241285875L, datetime.datetime(2013, 5, 26, 0, 9, 19), 0.0191197265756755, False, 'time']
['wirtdevelopments', 202581057, 'impression', '8', 241286752L, datetime.datetime(2013, 5, 26, 0, 9, 19), 0.0613901437211855, False, 'time']
['wirtdevelopments', 202581057, 'impression', '14', 241285238L, datetime.datetime(2013, 5, 26, 0, 9, 19), 0.116174029346308, False, 'time']
['wirtdevelopments', 202581057, 'impression', '12', 241285499L, datetime.datetime(2013, 5, 26, 0, 9, 19), 0.0504747389573753, False, 'time']
['wirtdevelopments', 202581057, 'impression', '6', 241287722L, datetime.datetime(2013, 5, 26, 0, 9, 19), 0.113534907884929, False, 'time']
['wirtdevelopments', 202581057, 'view_full_application_via_name', '1', 241297546L, datetime.datetime(2013, 5, 26, 0, 9, 47), 0.0298950332508439, False, 'time']
['wirtdevelopments', 202581057, 'impression', '4', 241288828L, datetime.datetime(2013, 5, 26, 0, 10, 20), 0.0542846441997988, False, 'time']
['wirtdevelopments', 202581057, 'impression', '3', 241288967L, datetime.datetime(2013, 5, 26, 0, 10, 20), 0.0193511303607314, False, 'time']
['wirtdevelopments', 202581057, 'impression', '1', 241297546L, datetime.datetime(2013, 5, 26, 0, 10, 20), 0.0298950332508439, False, 'time']
['wirtdevelopments', 202581057, 'impression', '7', 241286770L, datetime.datetime(2013, 5, 26, 0, 10, 20), 0.0434239643080436, False, 'time']
['wirtdevelopments', 202581057, 'impression', '10', 241286147L, datetime.datetime(2013, 5, 26, 0, 10, 20), 0.0210310864319736, False, 'time']
['wirtdevelopments', 202581057, 'impression', '12', 241285499L, datetime.datetime(2013, 5, 26, 0, 10, 20), 0.0504747389573753, False, 'time']
['wirtdevelopments', 202581057, 'impression', '6', 241287722L, datetime.datetime(2013, 5, 26, 0, 10, 20), 0.113534907884929, False, 'time']
['wirtdevelopments', 202581057, 'impression', '5', 241288255L, datetime.datetime(2013, 5, 26, 0, 10, 20), 0.0285564877126164, False, 'time']
['wirtdevelopments', 202581057, 'impression', '2', 241296077L, datetime.datetime(2013, 5, 26, 0, 10, 20), 0.0355457247592173, False, 'time']
['wirtdevelopments', 202581057, 'impression', '13', 241285293L, datetime.datetime(2013, 5, 26, 0, 10, 20), 0.0571927845898511, True, 'time']
['wirtdevelopments', 202581057, 'impression', '9', 241286169L, datetime.datetime(2013, 5, 26, 0, 10, 20), 0.0367726823206158, False, 'time']
['wirtdevelopments', 202581057, 'impression', '11', 241285875L, datetime.datetime(2013, 5, 26, 0, 10, 20), 0.0191197265756755, False, 'time']
['wirtdevelopments', 202581057, 'impression', '14', 241285238L, datetime.datetime(2013, 5, 26, 0, 10, 20), 0.116174029346308, False, 'time']
['wirtdevelopments', 202581057, 'impression', '8', 241286752L, datetime.datetime(2013, 5, 26, 0, 10, 20), 0.0613901437211855, False, 'time']
['wirtdevelopments', 202581057, 'view_full_application_via_name', '3', 241288967L, datetime.datetime(2013, 5, 26, 0, 10, 28), 0.0193511303607314, False, 'time']
['wirtdevelopments', 202581057, 'impression', '7', 241286770L, datetime.datetime(2013, 5, 26, 0, 11), 0.0434239643080436, False, 'time']
['wirtdevelopments', 202581057, 'impression', '12', 241285499L, datetime.datetime(2013, 5, 26, 0, 11), 0.0504747389573753, False, 'time']
['wirtdevelopments', 202581057, 'impression', '6', 241287722L, datetime.datetime(2013, 5, 26, 0, 11), 0.113534907884929, False, 'time']
['wirtdevelopments', 202581057, 'impression', '3', 241288967L, datetime.datetime(2013, 5, 26, 0, 11), 0.0193511303607314, False, 'time']
['wirtdevelopments', 202581057, 'impression', '4', 241288828L, datetime.datetime(2013, 5, 26, 0, 11), 0.0542846441997988, False, 'time']
['wirtdevelopments', 202581057, 'impression', '1', 241297546L, datetime.datetime(2013, 5, 26, 0, 11), 0.0298950332508439, False, 'time']
['wirtdevelopments', 202581057, 'impression', '10', 241286147L, datetime.datetime(2013, 5, 26, 0, 11), 0.0210310864319736, False, 'time']
['wirtdevelopments', 202581057, 'impression', '5', 241288255L, datetime.datetime(2013, 5, 26, 0, 11), 0.0285564877126164, False, 'time']
['wirtdevelopments', 202581057, 'impression', '2', 241296077L, datetime.datetime(2013, 5, 26, 0, 11), 0.0355457247592173, False, 'time']
['wirtdevelopments', 202581057, 'impression', '9', 241286169L, datetime.datetime(2013, 5, 26, 0, 11), 0.0367726823206158, False, 'time']
['wirtdevelopments', 202581057, 'impression', '11', 241285875L, datetime.datetime(2013, 5, 26, 0, 11), 0.0191197265756755, False, 'time']
['wirtdevelopments', 202581057, 'impression', '13', 241285293L, datetime.datetime(2013, 5, 26, 0, 11), 0.0571927845898511, True, 'time']
['wirtdevelopments', 202581057, 'impression', '8', 241286752L, datetime.datetime(2013, 5, 26, 0, 11), 0.0613901437211855, False, 'time']
['wirtdevelopments', 202581057, 'impression', '14', 241285238L, datetime.datetime(2013, 5, 26, 0, 11), 0.116174029346308, False, 'time']
['wirtdevelopments', 202581057, 'view_full_application_via_name', '5', 241288255L, datetime.datetime(2013, 5, 26, 0, 11, 12), 0.0285564877126164, False, 'time']
['wirtdevelopments', 202581057, 'impression', '12', 241285499L, datetime.datetime(2013, 5, 26, 0, 12, 42), 0.0504747389573753, False, 'time']
['wirtdevelopments', 202581057, 'impression', '6', 241287722L, datetime.datetime(2013, 5, 26, 0, 12, 42), 0.113534907884929, False, 'time']
['wirtdevelopments', 202581057, 'impression', '5', 241288255L, datetime.datetime(2013, 5, 26, 0, 12, 42), 0.0285564877126164, False, 'time']
['wirtdevelopments', 202581057, 'impression', '2', 241296077L, datetime.datetime(2013, 5, 26, 0, 12, 42), 0.0355457247592173, False, 'time']
['wirtdevelopments', 202581057, 'impression', '7', 241286770L, datetime.datetime(2013, 5, 26, 0, 12, 42), 0.0434239643080436, False, 'time']
['wirtdevelopments', 202581057, 'impression', '8', 241286752L, datetime.datetime(2013, 5, 26, 0, 12, 42), 0.0613901437211855, False, 'time']
['wirtdevelopments', 202581057, 'impression', '14', 241285238L, datetime.datetime(2013, 5, 26, 0, 12, 42), 0.116174029346308, False, 'time']
['wirtdevelopments', 202581057, 'impression', '13', 241285293L, datetime.datetime(2013, 5, 26, 0, 12, 42), 0.0571927845898511, True, 'time']
['wirtdevelopments', 202581057, 'impression', '9', 241286169L, datetime.datetime(2013, 5, 26, 0, 12, 42), 0.0367726823206158, False, 'time']
['wirtdevelopments', 202581057, 'impression', '11', 241285875L, datetime.datetime(2013, 5, 26, 0, 12, 42), 0.0191197265756755, False, 'time']
['wirtdevelopments', 202581057, 'impression', '4', 241288828L, datetime.datetime(2013, 5, 26, 0, 12, 42), 0.0542846441997988, False, 'time']
['wirtdevelopments', 202581057, 'impression', '1', 241297546L, datetime.datetime(2013, 5, 26, 0, 12, 42), 0.0298950332508439, False, 'time']
['wirtdevelopments', 202581057, 'impression', '3', 241288967L, datetime.datetime(2013, 5, 26, 0, 12, 42), 0.0193511303607314, False, 'time']
['wirtdevelopments', 202581057, 'impression', '10', 241286147L, datetime.datetime(2013, 5, 26, 0, 12, 42), 0.0210310864319736, False, 'time']
['wirtdevelopments', 202581057, 'view_full_application_via_name', '14', 241285238L, datetime.datetime(2013, 5, 26, 0, 13), 0.116174029346308, False, 'time']
['wirtdevelopments', 202581057, 'impression', '13', 241285293L, datetime.datetime(2013, 5, 26, 0, 15), 0.0571927845898511, True, 'time']
['wirtdevelopments', 202581057, 'impression', '11', 241285875L, datetime.datetime(2013, 5, 26, 0, 15), 0.0191197265756755, False, 'time']
['wirtdevelopments', 202581057, 'impression', '9', 241286169L, datetime.datetime(2013, 5, 26, 0, 15), 0.0367726823206158, False, 'time']
['wirtdevelopments', 202581057, 'impression', '10', 241286147L, datetime.datetime(2013, 5, 26, 0, 15), 0.0210310864319736, False, 'time']
['wirtdevelopments', 202581057, 'impression', '14', 241285238L, datetime.datetime(2013, 5, 26, 0, 15), 0.116174029346308, False, 'time']
['wirtdevelopments', 202581057, 'impression', '8', 241286752L, datetime.datetime(2013, 5, 26, 0, 15), 0.0613901437211855, False, 'time']
['wirtdevelopments', 202581057, 'impression', '6', 241287722L, datetime.datetime(2013, 5, 26, 0, 15), 0.113534907884929, False, 'time']
['wirtdevelopments', 202581057, 'impression', '12', 241285499L, datetime.datetime(2013, 5, 26, 0, 15), 0.0504747389573753, False, 'time']
['wirtdevelopments', 202581057, 'impression', '4', 241288828L, datetime.datetime(2013, 5, 26, 0, 15), 0.0542846441997988, False, 'time']
['wirtdevelopments', 202581057, 'impression', '1', 241297546L, datetime.datetime(2013, 5, 26, 0, 15), 0.0298950332508439, False, 'time']
['wirtdevelopments', 202581057, 'impression', '3', 241288967L, datetime.datetime(2013, 5, 26, 0, 15), 0.0193511303607314, False, 'time']
['wirtdevelopments', 202581057, 'impression', '7', 241286770L, datetime.datetime(2013, 5, 26, 0, 15), 0.0434239643080436, False, 'time']
['wirtdevelopments', 202581057, 'impression', '5', 241288255L, datetime.datetime(2013, 5, 26, 0, 15), 0.0285564877126164, False, 'time']
['wirtdevelopments', 202581057, 'impression', '2', 241296077L, datetime.datetime(2013, 5, 26, 0, 15), 0.0355457247592173, False, 'time']
['wirtdevelopments', 202581057, 'view_full_application_via_name', '8', 241286752L, datetime.datetime(2013, 5, 26, 0, 15, 43), 0.0613901437211855, False, 'time']
['wirtdevelopments', 202581057, 'impression', '8', 241286752L, datetime.datetime(2013, 5, 26, 0, 15, 53), 0.0613901437211855, False, 'time']
['wirtdevelopments', 202581057, 'impression', '14', 241285238L, datetime.datetime(2013, 5, 26, 0, 15, 53), 0.116174029346308, False, 'time']
['wirtdevelopments', 202581057, 'impression', '12', 241285499L, datetime.datetime(2013, 5, 26, 0, 15, 53), 0.0504747389573753, False, 'time']
['wirtdevelopments', 202581057, 'impression', '6', 241287722L, datetime.datetime(2013, 5, 26, 0, 15, 53), 0.113534907884929, False, 'time']
['wirtdevelopments', 202581057, 'impression', '7', 241286770L, datetime.datetime(2013, 5, 26, 0, 15, 53), 0.0434239643080436, False, 'time']
['wirtdevelopments', 202581057, 'impression', '13', 241285293L, datetime.datetime(2013, 5, 26, 0, 15, 53), 0.0571927845898511, True, 'time']
['wirtdevelopments', 202581057, 'impression', '11', 241285875L, datetime.datetime(2013, 5, 26, 0, 15, 53), 0.0191197265756755, False, 'time']
['wirtdevelopments', 202581057, 'impression', '9', 241286169L, datetime.datetime(2013, 5, 26, 0, 15, 53), 0.0367726823206158, False, 'time']
['wirtdevelopments', 202581057, 'impression', '1', 241297546L, datetime.datetime(2013, 5, 26, 0, 15, 53), 0.0298950332508439, False, 'time']
['wirtdevelopments', 202581057, 'impression', '4', 241288828L, datetime.datetime(2013, 5, 26, 0, 15, 53), 0.0542846441997988, False, 'time']
['wirtdevelopments', 202581057, 'impression', '3', 241288967L, datetime.datetime(2013, 5, 26, 0, 15, 53), 0.0193511303607314, False, 'time']
['wirtdevelopments', 202581057, 'impression', '10', 241286147L, datetime.datetime(2013, 5, 26, 0, 15, 53), 0.0210310864319736, False, 'time']
['wirtdevelopments', 202581057, 'impression', '2', 241296077L, datetime.datetime(2013, 5, 26, 0, 15, 53), 0.0355457247592173, False, 'time']
['wirtdevelopments', 202581057, 'impression', '5', 241288255L, datetime.datetime(2013, 5, 26, 0, 15, 53), 0.0285564877126164, False, 'time']
['wirtdevelopments', 202581057, 'view_full_application_via_name', '8', 241286752L, datetime.datetime(2013, 5, 26, 0, 15, 58), 0.0613901437211855, False, 'time']
['wirtdevelopments', 202581057, 'impression', '14', 241285238L, datetime.datetime(2013, 5, 26, 0, 16, 13), 0.116174029346308, False, 'time']
['wirtdevelopments', 202581057, 'impression', '8', 241286752L, datetime.datetime(2013, 5, 26, 0, 16, 13), 0.0613901437211855, False, 'time']
['wirtdevelopments', 202581057, 'impression', '2', 241296077L, datetime.datetime(2013, 5, 26, 0, 16, 13), 0.0355457247592173, False, 'time']
['wirtdevelopments', 202581057, 'impression', '5', 241288255L, datetime.datetime(2013, 5, 26, 0, 16, 13), 0.0285564877126164, False, 'time']
['wirtdevelopments', 202581057, 'impression', '4', 241288828L, datetime.datetime(2013, 5, 26, 0, 16, 13), 0.0542846441997988, False, 'time']
['wirtdevelopments', 202581057, 'impression', '1', 241297546L, datetime.datetime(2013, 5, 26, 0, 16, 13), 0.0298950332508439, False, 'time']
['wirtdevelopments', 202581057, 'impression', '3', 241288967L, datetime.datetime(2013, 5, 26, 0, 16, 13), 0.0193511303607314, False, 'time']
['wirtdevelopments', 202581057, 'impression', '10', 241286147L, datetime.datetime(2013, 5, 26, 0, 16, 13), 0.0210310864319736, False, 'time']
['wirtdevelopments', 202581057, 'impression', '7', 241286770L, datetime.datetime(2013, 5, 26, 0, 16, 13), 0.0434239643080436, False, 'time']
['wirtdevelopments', 202581057, 'impression', '12', 241285499L, datetime.datetime(2013, 5, 26, 0, 16, 13), 0.0504747389573753, False, 'time']
['wirtdevelopments', 202581057, 'impression', '6', 241287722L, datetime.datetime(2013, 5, 26, 0, 16, 13), 0.113534907884929, False, 'time']
['wirtdevelopments', 202581057, 'impression', '11', 241285875L, datetime.datetime(2013, 5, 26, 0, 16, 13), 0.0191197265756755, False, 'time']
['wirtdevelopments', 202581057, 'impression', '13', 241285293L, datetime.datetime(2013, 5, 26, 0, 16, 13), 0.0571927845898511, True, 'time']
['wirtdevelopments', 202581057, 'impression', '9', 241286169L, datetime.datetime(2013, 5, 26, 0, 16, 13), 0.0367726823206158, False, 'time']
['wirtdevelopments', 202581057, 'view_full_application_via_name', '7', 241286770L, datetime.datetime(2013, 5, 26, 0, 16, 17), 0.0434239643080436, False, 'time']

['wirtdevelopments', 202581057, 'impression', '4', 241288828L, datetime.datetime(2013, 5, 26, 4, 14, 39), 0.0542846441997988, False, 'time']
['wirtdevelopments', 202581057, 'impression', '1', 241297546L, datetime.datetime(2013, 5, 26, 4, 14, 39), 0.0298950332508439, False, 'time']
['wirtdevelopments', 202581057, 'impression', '3', 241288967L, datetime.datetime(2013, 5, 26, 4, 14, 39), 0.0193511303607314, False, 'time']
['wirtdevelopments', 202581057, 'impression', '5', 241288255L, datetime.datetime(2013, 5, 26, 4, 14, 39), 0.0285564877126164, False, 'time']
['wirtdevelopments', 202581057, 'impression', '2', 241296077L, datetime.datetime(2013, 5, 26, 4, 14, 39), 0.0355457247592173, False, 'time']
['wirtdevelopments', 202581057, 'impression', '14', 241285238L, datetime.datetime(2013, 5, 26, 4, 14, 39), 0.116174029346308, False, 'time']
['wirtdevelopments', 202581057, 'impression', '8', 241286752L, datetime.datetime(2013, 5, 26, 4, 14, 39), 0.0613901437211855, False, 'time']
['wirtdevelopments', 202581057, 'impression', '12', 241285499L, datetime.datetime(2013, 5, 26, 4, 14, 39), 0.0504747389573753, False, 'time']
['wirtdevelopments', 202581057, 'impression', '6', 241287722L, datetime.datetime(2013, 5, 26, 4, 14, 39), 0.113534907884929, False, 'time']
['wirtdevelopments', 202581057, 'impression', '10', 241286147L, datetime.datetime(2013, 5, 26, 4, 14, 39), 0.0210310864319736, False, 'time']
['wirtdevelopments', 202581057, 'impression', '7', 241286770L, datetime.datetime(2013, 5, 26, 4, 14, 39), 0.0434239643080436, False, 'time']
['wirtdevelopments', 202581057, 'impression', '13', 241285293L, datetime.datetime(2013, 5, 26, 4, 14, 39), 0.0571927845898511, True, 'time']
['wirtdevelopments', 202581057, 'impression', '11', 241285875L, datetime.datetime(2013, 5, 26, 4, 14, 39), 0.0191197265756755, False, 'time']
['wirtdevelopments', 202581057, 'impression', '9', 241286169L, datetime.datetime(2013, 5, 26, 4, 14, 39), 0.0367726823206158, False, 'time']
['wirtdevelopments', 202581057, 'view_full_application_via_name', '2', 241296077L, datetime.datetime(2013, 5, 26, 4, 15, 2), 0.0355457247592173, False, 'time']
['wirtdevelopments', 202581057, 'impression', '10', 241286147L, datetime.datetime(2013, 5, 26, 4, 17, 35), 0.0210310864319736, False, 'time']
['wirtdevelopments', 202581057, 'impression', '13', 241285293L, datetime.datetime(2013, 5, 26, 4, 17, 35), 0.0571927845898511, True, 'time']
['wirtdevelopments', 202581057, 'impression', '11', 241285875L, datetime.datetime(2013, 5, 26, 4, 17, 35), 0.0191197265756755, False, 'time']
['wirtdevelopments', 202581057, 'impression', '9', 241286169L, datetime.datetime(2013, 5, 26, 4, 17, 35), 0.0367726823206158, False, 'time']
['wirtdevelopments', 202581057, 'impression', '4', 241288828L, datetime.datetime(2013, 5, 26, 4, 17, 35), 0.0542846441997988, False, 'time']
['wirtdevelopments', 202581057, 'impression', '1', 241297546L, datetime.datetime(2013, 5, 26, 4, 17, 35), 0.0298950332508439, False, 'time']
['wirtdevelopments', 202581057, 'impression', '3', 241288967L, datetime.datetime(2013, 5, 26, 4, 17, 35), 0.0193511303607314, False, 'time']
['wirtdevelopments', 202581057, 'impression', '12', 241285499L, datetime.datetime(2013, 5, 26, 4, 17, 35), 0.0504747389573753, False, 'time']
['wirtdevelopments', 202581057, 'impression', '6', 241287722L, datetime.datetime(2013, 5, 26, 4, 17, 35), 0.113534907884929, False, 'time']
['wirtdevelopments', 202581057, 'impression', '7', 241286770L, datetime.datetime(2013, 5, 26, 4, 17, 35), 0.0434239643080436, False, 'time']
['wirtdevelopments', 202581057, 'impression', '5', 241288255L, datetime.datetime(2013, 5, 26, 4, 17, 35), 0.0285564877126164, False, 'time']
['wirtdevelopments', 202581057, 'impression', '2', 241296077L, datetime.datetime(2013, 5, 26, 4, 17, 35), 0.0355457247592173, False, 'time']
['wirtdevelopments', 202581057, 'impression', '8', 241286752L, datetime.datetime(2013, 5, 26, 4, 17, 35), 0.0613901437211855, False, 'time']
['wirtdevelopments', 202581057, 'impression', '14', 241285238L, datetime.datetime(2013, 5, 26, 4, 17, 35), 0.116174029346308, False, 'time']
['wirtdevelopments', 202581057, 'impression', '2', 241296077L, datetime.datetime(2013, 5, 26, 4, 17, 40), 0.0355457247592173, False, 'time']
['wirtdevelopments', 202581057, 'view_full_application_via_name', '3', 241288967L, datetime.datetime(2013, 5, 26, 4, 18), 0.0193511303607314, False, 'time']
['wirtdevelopments', 202581057, 'impression', '8', 241286752L, datetime.datetime(2013, 5, 26, 4, 18, 46), 0.0613901437211855, False, 'time']
['wirtdevelopments', 202581057, 'impression', '14', 241285238L, datetime.datetime(2013, 5, 26, 4, 18, 46), 0.116174029346308, False, 'time']
['wirtdevelopments', 202581057, 'impression', '5', 241288255L, datetime.datetime(2013, 5, 26, 4, 18, 46), 0.0285564877126164, False, 'time']
['wirtdevelopments', 202581057, 'impression', '2', 241296077L, datetime.datetime(2013, 5, 26, 4, 18, 46), 0.0355457247592173, False, 'time']
['wirtdevelopments', 202581057, 'impression', '10', 241286147L, datetime.datetime(2013, 5, 26, 4, 18, 46), 0.0210310864319736, False, 'time']
['wirtdevelopments', 202581057, 'impression', '3', 241288967L, datetime.datetime(2013, 5, 26, 4, 18, 46), 0.0193511303607314, False, 'time']
['wirtdevelopments', 202581057, 'impression', '1', 241297546L, datetime.datetime(2013, 5, 26, 4, 18, 46), 0.0298950332508439, False, 'time']
['wirtdevelopments', 202581057, 'impression', '4', 241288828L, datetime.datetime(2013, 5, 26, 4, 18, 46), 0.0542846441997988, False, 'time']
['wirtdevelopments', 202581057, 'impression', '13', 241285293L, datetime.datetime(2013, 5, 26, 4, 18, 46), 0.0571927845898511, True, 'time']
['wirtdevelopments', 202581057, 'impression', '11', 241285875L, datetime.datetime(2013, 5, 26, 4, 18, 46), 0.0191197265756755, False, 'time']
['wirtdevelopments', 202581057, 'impression', '9', 241286169L, datetime.datetime(2013, 5, 26, 4, 18, 46), 0.0367726823206158, False, 'time']
['wirtdevelopments', 202581057, 'impression', '12', 241285499L, datetime.datetime(2013, 5, 26, 4, 18, 46), 0.0504747389573753, False, 'time']
['wirtdevelopments', 202581057, 'impression', '6', 241287722L, datetime.datetime(2013, 5, 26, 4, 18, 46), 0.113534907884929, False, 'time']
['wirtdevelopments', 202581057, 'impression', '7', 241286770L, datetime.datetime(2013, 5, 26, 4, 18, 46), 0.0434239643080436, False, 'time']
['wirtdevelopments', 202581057, 'view_full_application_via_name', '10', 241286147L, datetime.datetime(2013, 5, 26, 4, 19, 7), 0.0210310864319736, False, 'time']
['wirtdevelopments', 202581057, 'impression', '10', 241286147L, datetime.datetime(2013, 5, 26, 4, 19, 14), 0.0210310864319736, False, 'time']
['wirtdevelopments', 202581057, 'impression', '7', 241286770L, datetime.datetime(2013, 5, 26, 4, 19, 14), 0.0434239643080436, False, 'time']
['wirtdevelopments', 202581057, 'impression', '14', 241285238L, datetime.datetime(2013, 5, 26, 4, 19, 14), 0.116174029346308, False, 'time']
['wirtdevelopments', 202581057, 'impression', '8', 241286752L, datetime.datetime(2013, 5, 26, 4, 19, 14), 0.0613901437211855, False, 'time']
['wirtdevelopments', 202581057, 'impression', '5', 241288255L, datetime.datetime(2013, 5, 26, 4, 19, 14), 0.0285564877126164, False, 'time']
['wirtdevelopments', 202581057, 'impression', '2', 241296077L, datetime.datetime(2013, 5, 26, 4, 19, 14), 0.0355457247592173, False, 'time']
['wirtdevelopments', 202581057, 'impression', '6', 241287722L, datetime.datetime(2013, 5, 26, 4, 19, 14), 0.113534907884929, False, 'time']
['wirtdevelopments', 202581057, 'impression', '12', 241285499L, datetime.datetime(2013, 5, 26, 4, 19, 14), 0.0504747389573753, False, 'time']
['wirtdevelopments', 202581057, 'impression', '9', 241286169L, datetime.datetime(2013, 5, 26, 4, 19, 14), 0.0367726823206158, False, 'time']
['wirtdevelopments', 202581057, 'impression', '11', 241285875L, datetime.datetime(2013, 5, 26, 4, 19, 14), 0.0191197265756755, False, 'time']
['wirtdevelopments', 202581057, 'impression', '13', 241285293L, datetime.datetime(2013, 5, 26, 4, 19, 14), 0.0571927845898511, True, 'time']
['wirtdevelopments', 202581057, 'impression', '4', 241288828L, datetime.datetime(2013, 5, 26, 4, 19, 14), 0.0542846441997988, False, 'time']
['wirtdevelopments', 202581057, 'impression', '1', 241297546L, datetime.datetime(2013, 5, 26, 4, 19, 14), 0.0298950332508439, False, 'time']
['wirtdevelopments', 202581057, 'impression', '3', 241288967L, datetime.datetime(2013, 5, 26, 4, 19, 14), 0.0193511303607314, False, 'time']
['wirtdevelopments', 202581057, 'expand_tile', '10', 241286147L, datetime.datetime(2013, 5, 26, 4, 19, 15), 0.0210310864319736, False, 'time']
['wirtdevelopments', 202581057, 'collapse_tile', '10', 241286147L, datetime.datetime(2013, 5, 26, 4, 19, 24), 0.0210310864319736, False, 'time']
['wirtdevelopments', 202581057, 'view_full_application_via_name', '10', 241286147L, datetime.datetime(2013, 5, 26, 4, 19, 27), 0.0210310864319736, False, 'time']
['wirtdevelopments', 202581057, 'impression', '10', 241286147L, datetime.datetime(2013, 5, 26, 4, 21, 17), 0.0210310864319736, False, 'time']
['wirtdevelopments', 202581057, 'impression', '14', 241285238L, datetime.datetime(2013, 5, 26, 4, 21, 17), 0.116174029346308, False, 'time']
['wirtdevelopments', 202581057, 'impression', '8', 241286752L, datetime.datetime(2013, 5, 26, 4, 21, 17), 0.0613901437211855, False, 'time']
['wirtdevelopments', 202581057, 'impression', '7', 241286770L, datetime.datetime(2013, 5, 26, 4, 21, 17), 0.0434239643080436, False, 'time']
['wirtdevelopments', 202581057, 'impression', '2', 241296077L, datetime.datetime(2013, 5, 26, 4, 21, 17), 0.0355457247592173, False, 'time']
['wirtdevelopments', 202581057, 'impression', '5', 241288255L, datetime.datetime(2013, 5, 26, 4, 21, 17), 0.0285564877126164, False, 'time']
['wirtdevelopments', 202581057, 'impression', '9', 241286169L, datetime.datetime(2013, 5, 26, 4, 21, 17), 0.0367726823206158, False, 'time']
['wirtdevelopments', 202581057, 'impression', '11', 241285875L, datetime.datetime(2013, 5, 26, 4, 21, 17), 0.0191197265756755, False, 'time']
['wirtdevelopments', 202581057, 'impression', '13', 241285293L, datetime.datetime(2013, 5, 26, 4, 21, 17), 0.0571927845898511, True, 'time']
['wirtdevelopments', 202581057, 'impression', '6', 241287722L, datetime.datetime(2013, 5, 26, 4, 21, 17), 0.113534907884929, False, 'time']
['wirtdevelopments', 202581057, 'impression', '12', 241285499L, datetime.datetime(2013, 5, 26, 4, 21, 17), 0.0504747389573753, False, 'time']
['wirtdevelopments', 202581057, 'impression', '1', 241297546L, datetime.datetime(2013, 5, 26, 4, 21, 17), 0.0298950332508439, False, 'time']
['wirtdevelopments', 202581057, 'impression', '3', 241288967L, datetime.datetime(2013, 5, 26, 4, 21, 17), 0.0193511303607314, False, 'time']
['wirtdevelopments', 202581057, 'impression', '4', 241288828L, datetime.datetime(2013, 5, 26, 4, 21, 17), 0.0542846441997988, False, 'time']
['wirtdevelopments', 202581057, 'impression', '10', 241286147L, datetime.datetime(2013, 5, 26, 4, 21, 27), 0.0210310864319736, False, 'time']
['wirtdevelopments', 202581057, 'impression', '11', 241285875L, datetime.datetime(2013, 5, 26, 4, 21, 28), 0.0191197265756755, False, 'time']
['wirtdevelopments', 202581057, 'impression', '4', 241288828L, datetime.datetime(2013, 5, 26, 4, 21, 30), 0.0542846441997988, False, 'time']
['wirtdevelopments', 202581057, 'impression', '3', 241288967L, datetime.datetime(2013, 5, 26, 4, 21, 30), 0.0193511303607314, False, 'time']
['wirtdevelopments', 202581057, 'impression', '2', 241296077L, datetime.datetime(2013, 5, 26, 4, 21, 32), 0.0355457247592173, False, 'time']
['wirtdevelopments', 202581057, 'impression', '3', 241288967L, datetime.datetime(2013, 5, 26, 4, 21, 33), 0.0193511303607314, False, 'time']
['wirtdevelopments', 202581057, 'view_full_application_via_name', '13', 241285293L, datetime.datetime(2013, 5, 26, 4, 21, 52), 0.0571927845898511, True, 'time']
['wirtdevelopments', 202581057, 'impression', '3', 241288828L, datetime.datetime(2013, 5, 26, 4, 24, 22), 0.0542846441997988, False, 'time']
['wirtdevelopments', 202581057, 'impression', '2', 241288967L, datetime.datetime(2013, 5, 26, 4, 24, 22), 0.0193511303607314, False, 'time']
['wirtdevelopments', 202581057, 'impression', '1', 241297546L, datetime.datetime(2013, 5, 26, 4, 24, 22), 0.0298950332508439, False, 'time']
['wirtdevelopments', 202581057, 'impression', '8', 241286169L, datetime.datetime(2013, 5, 26, 4, 24, 22), 0.0367726823206158, False, 'time']
['wirtdevelopments', 202581057, 'impression', '9', 241285875L, datetime.datetime(2013, 5, 26, 4, 24, 22), 0.0191197265756755, False, 'time']
['wirtdevelopments', 202581057, 'impression', '11', 241285293L, datetime.datetime(2013, 5, 26, 4, 24, 22), 0.0571927845898511, True, 'time']
['wirtdevelopments', 202581057, 'impression', '6', 241286770L, datetime.datetime(2013, 5, 26, 4, 24, 22), 0.0434239643080436, False, 'time']
['wirtdevelopments', 202581057, 'impression', '4', 241288255L, datetime.datetime(2013, 5, 26, 4, 24, 22), 0.0285564877126164, False, 'time']
['wirtdevelopments', 202581057, 'impression', '7', 241286752L, datetime.datetime(2013, 5, 26, 4, 24, 22), 0.0613901437211855, False, 'time']
['wirtdevelopments', 202581057, 'impression', '12', 241285238L, datetime.datetime(2013, 5, 26, 4, 24, 22), 0.116174029346308, False, 'time']
['wirtdevelopments', 202581057, 'impression', '10', 241285499L, datetime.datetime(2013, 5, 26, 4, 24, 22), 0.0504747389573753, False, 'time']
['wirtdevelopments', 202581057, 'impression', '5', 241287722L, datetime.datetime(2013, 5, 26, 4, 24, 22), 0.113534907884929, False, 'time']
['wirtdevelopments', 202581057, 'impression', '4', 241288255L, datetime.datetime(2013, 5, 26, 4, 25, 1), 0.0285564877126164, False, 'time']
['wirtdevelopments', 202581057, 'impression', '8', 241286169L, datetime.datetime(2013, 5, 26, 4, 25, 1), 0.0367726823206158, False, 'time']
['wirtdevelopments', 202581057, 'impression', '11', 241285293L, datetime.datetime(2013, 5, 26, 4, 25, 1), 0.0571927845898511, True, 'time']
['wirtdevelopments', 202581057, 'impression', '9', 241285875L, datetime.datetime(2013, 5, 26, 4, 25, 1), 0.0191197265756755, False, 'time']
['wirtdevelopments', 202581057, 'impression', '1', 241297546L, datetime.datetime(2013, 5, 26, 4, 25, 1), 0.0298950332508439, False, 'time']
['wirtdevelopments', 202581057, 'impression', '2', 241288967L, datetime.datetime(2013, 5, 26, 4, 25, 1), 0.0193511303607314, False, 'time']
['wirtdevelopments', 202581057, 'impression', '3', 241288828L, datetime.datetime(2013, 5, 26, 4, 25, 1), 0.0542846441997988, False, 'time']
['wirtdevelopments', 202581057, 'impression', '7', 241286752L, datetime.datetime(2013, 5, 26, 4, 25, 1), 0.0613901437211855, False, 'time']
['wirtdevelopments', 202581057, 'impression', '12', 241285238L, datetime.datetime(2013, 5, 26, 4, 25, 1), 0.116174029346308, False, 'time']
['wirtdevelopments', 202581057, 'impression', '6', 241286770L, datetime.datetime(2013, 5, 26, 4, 25, 1), 0.0434239643080436, False, 'time']
['wirtdevelopments', 202581057, 'impression', '10', 241285499L, datetime.datetime(2013, 5, 26, 4, 25, 1), 0.0504747389573753, False, 'time']
['wirtdevelopments', 202581057, 'impression', '5', 241287722L, datetime.datetime(2013, 5, 26, 4, 25, 1), 0.113534907884929, False, 'time']
['wirtdevelopments', 202581057, 'view_full_application_via_name', '11', 241285293L, datetime.datetime(2013, 5, 26, 4, 25, 5), 0.0571927845898511, True, 'time']

['wirtdevelopments', 202581057, 'impression', '9', 241286752L, datetime.datetime(2013, 5, 26, 13, 1, 57), 0.0613901437211855, False, 'time']
['wirtdevelopments', 202581057, 'impression', '14', 241285238L, datetime.datetime(2013, 5, 26, 13, 1, 57), 0.116174029346308, False, 'time']
['wirtdevelopments', 202581057, 'impression', '6', 241288255L, datetime.datetime(2013, 5, 26, 13, 1, 57), 0.0285564877126164, False, 'time']
['wirtdevelopments', 202581057, 'impression', '13', 241285293L, datetime.datetime(2013, 5, 26, 13, 1, 57), 0.0571927845898511, True, 'time']
['wirtdevelopments', 202581057, 'impression', '10', 241286169L, datetime.datetime(2013, 5, 26, 13, 1, 57), 0.0367726823206158, False, 'time']
['wirtdevelopments', 202581057, 'impression', '11', 241285875L, datetime.datetime(2013, 5, 26, 13, 1, 57), 0.0191197265756755, False, 'time']
['wirtdevelopments', 202581057, 'impression', '8', 241286770L, datetime.datetime(2013, 5, 26, 13, 1, 57), 0.0434239643080436, False, 'time']
['wirtdevelopments', 202581057, 'impression', '5', 241288828L, datetime.datetime(2013, 5, 26, 13, 1, 57), 0.0542846441997988, False, 'time']
['wirtdevelopments', 202581057, 'impression', '1', 241325514L, datetime.datetime(2013, 5, 26, 13, 1, 57), 0.0490607178505074, False, 'time']
['wirtdevelopments', 202581057, 'impression', '3', 241297546L, datetime.datetime(2013, 5, 26, 13, 1, 57), 0.0298950332508439, False, 'time']
['wirtdevelopments', 202581057, 'impression', '2', 241312789L, datetime.datetime(2013, 5, 26, 13, 1, 57), 0.04321470261043, False, 'time']
['wirtdevelopments', 202581057, 'impression', '4', 241288967L, datetime.datetime(2013, 5, 26, 13, 1, 57), 0.0193511303607314, False, 'time']
['wirtdevelopments', 202581057, 'impression', '12', 241285499L, datetime.datetime(2013, 5, 26, 13, 1, 57), 0.0504747389573753, False, 'time']
['wirtdevelopments', 202581057, 'impression', '7', 241287722L, datetime.datetime(2013, 5, 26, 13, 1, 57), 0.113534907884929, False, 'time']
['wirtdevelopments', 202581057, 'view_full_application_via_name', '13', 241285293L, datetime.datetime(2013, 5, 26, 13, 2, 1), 0.0571927845898511, True, 'time']
['wirtdevelopments', 202581057, 'impression', '9', 241286752L, datetime.datetime(2013, 5, 26, 13, 8, 44), 0.0613901437211855, False, 'time']
['wirtdevelopments', 202581057, 'impression', '14', 241285238L, datetime.datetime(2013, 5, 26, 13, 8, 44), 0.116174029346308, False, 'time']
['wirtdevelopments', 202581057, 'impression', '1', 241325514L, datetime.datetime(2013, 5, 26, 13, 8, 44), 0.0490607178505074, False, 'time']
['wirtdevelopments', 202581057, 'impression', '4', 241288967L, datetime.datetime(2013, 5, 26, 13, 8, 44), 0.0193511303607314, False, 'time']
['wirtdevelopments', 202581057, 'impression', '5', 241288828L, datetime.datetime(2013, 5, 26, 13, 8, 44), 0.0542846441997988, False, 'time']
['wirtdevelopments', 202581057, 'impression', '3', 241297546L, datetime.datetime(2013, 5, 26, 13, 8, 44), 0.0298950332508439, False, 'time']
['wirtdevelopments', 202581057, 'impression', '2', 241312789L, datetime.datetime(2013, 5, 26, 13, 8, 44), 0.04321470261043, False, 'time']
['wirtdevelopments', 202581057, 'impression', '6', 241288255L, datetime.datetime(2013, 5, 26, 13, 8, 44), 0.0285564877126164, False, 'time']
['wirtdevelopments', 202581057, 'impression', '10', 241286169L, datetime.datetime(2013, 5, 26, 13, 8, 44), 0.0367726823206158, False, 'time']
['wirtdevelopments', 202581057, 'impression', '13', 241285293L, datetime.datetime(2013, 5, 26, 13, 8, 44), 0.0571927845898511, True, 'time']
['wirtdevelopments', 202581057, 'impression', '11', 241285875L, datetime.datetime(2013, 5, 26, 13, 8, 44), 0.0191197265756755, False, 'time']
['wirtdevelopments', 202581057, 'impression', '8', 241286770L, datetime.datetime(2013, 5, 26, 13, 8, 44), 0.0434239643080436, False, 'time']
['wirtdevelopments', 202581057, 'impression', '12', 241285499L, datetime.datetime(2013, 5, 26, 13, 8, 44), 0.0504747389573753, False, 'time']
['wirtdevelopments', 202581057, 'impression', '7', 241287722L, datetime.datetime(2013, 5, 26, 13, 8, 44), 0.113534907884929, False, 'time']
['wirtdevelopments', 202581057, 'view_full_application_via_name', '13', 241285293L, datetime.datetime(2013, 5, 26, 13, 8, 49), 0.0571927845898511, True, 'time']
['wirtdevelopments', 202581057, 'impression', '8', 241286770L, datetime.datetime(2013, 5, 26, 13, 32, 26), 0.0434239643080436, False, 'time']
['wirtdevelopments', 202581057, 'impression', '13', 241285238L, datetime.datetime(2013, 5, 26, 13, 32, 26), 0.116174029346308, False, 'time']
['wirtdevelopments', 202581057, 'impression', '9', 241286752L, datetime.datetime(2013, 5, 26, 13, 32, 26), 0.0613901437211855, False, 'time']
['wirtdevelopments', 202581057, 'impression', '12', 241285499L, datetime.datetime(2013, 5, 26, 13, 32, 26), 0.0504747389573753, False, 'time']
['wirtdevelopments', 202581057, 'impression', '7', 241287722L, datetime.datetime(2013, 5, 26, 13, 32, 26), 0.113534907884929, False, 'time']
['wirtdevelopments', 202581057, 'impression', '6', 241288255L, datetime.datetime(2013, 5, 26, 13, 32, 26), 0.0285564877126164, False, 'time']
['wirtdevelopments', 202581057, 'impression', '4', 241288967L, datetime.datetime(2013, 5, 26, 13, 32, 26), 0.0193511303607314, False, 'time']
['wirtdevelopments', 202581057, 'impression', '2', 241312789L, datetime.datetime(2013, 5, 26, 13, 32, 26), 0.04321470261043, False, 'time']
['wirtdevelopments', 202581057, 'impression', '1', 241325514L, datetime.datetime(2013, 5, 26, 13, 32, 26), 0.0490607178505074, False, 'time']
['wirtdevelopments', 202581057, 'impression', '5', 241288828L, datetime.datetime(2013, 5, 26, 13, 32, 26), 0.0542846441997988, False, 'time']
['wirtdevelopments', 202581057, 'impression', '3', 241297546L, datetime.datetime(2013, 5, 26, 13, 32, 26), 0.0298950332508439, False, 'time']
['wirtdevelopments', 202581057, 'impression', '10', 241286169L, datetime.datetime(2013, 5, 26, 13, 32, 26), 0.0367726823206158, False, 'time']
['wirtdevelopments', 202581057, 'impression', '11', 241285875L, datetime.datetime(2013, 5, 26, 13, 32, 26), 0.0191197265756755, False, 'time']
['wirtdevelopments', 202581057, 'impression', '10', 241286169L, datetime.datetime(2013, 5, 26, 13, 35, 17), 0.0367726823206158, False, 'time']
['wirtdevelopments', 202581057, 'impression', '11', 241285875L, datetime.datetime(2013, 5, 26, 13, 35, 17), 0.0191197265756755, False, 'time']
['wirtdevelopments', 202581057, 'impression', '9', 241286752L, datetime.datetime(2013, 5, 26, 13, 35, 17), 0.0613901437211855, False, 'time']
['wirtdevelopments', 202581057, 'impression', '13', 241285238L, datetime.datetime(2013, 5, 26, 13, 35, 17), 0.116174029346308, False, 'time']
['wirtdevelopments', 202581057, 'impression', '7', 241287722L, datetime.datetime(2013, 5, 26, 13, 35, 17), 0.113534907884929, False, 'time']
['wirtdevelopments', 202581057, 'impression', '12', 241285499L, datetime.datetime(2013, 5, 26, 13, 35, 17), 0.0504747389573753, False, 'time']
['wirtdevelopments', 202581057, 'impression', '8', 241286770L, datetime.datetime(2013, 5, 26, 13, 35, 17), 0.0434239643080436, False, 'time']
['wirtdevelopments', 202581057, 'impression', '5', 241288828L, datetime.datetime(2013, 5, 26, 13, 35, 17), 0.0542846441997988, False, 'time']
['wirtdevelopments', 202581057, 'impression', '2', 241312789L, datetime.datetime(2013, 5, 26, 13, 35, 17), 0.04321470261043, False, 'time']
['wirtdevelopments', 202581057, 'impression', '4', 241288967L, datetime.datetime(2013, 5, 26, 13, 35, 17), 0.0193511303607314, False, 'time']
['wirtdevelopments', 202581057, 'impression', '1', 241325514L, datetime.datetime(2013, 5, 26, 13, 35, 17), 0.0490607178505074, False, 'time']
['wirtdevelopments', 202581057, 'impression', '3', 241297546L, datetime.datetime(2013, 5, 26, 13, 35, 17), 0.0298950332508439, False, 'time']
['wirtdevelopments', 202581057, 'impression', '6', 241288255L, datetime.datetime(2013, 5, 26, 13, 35, 17), 0.0285564877126164, False, 'time']
['wirtdevelopments', 202581057, 'impression', '8', 241286770L, datetime.datetime(2013, 5, 26, 13, 49, 50), 0.0434239643080436, False, 'time']
['wirtdevelopments', 202581057, 'impression', '6', 241288255L, datetime.datetime(2013, 5, 26, 13, 49, 50), 0.0285564877126164, False, 'time']
['wirtdevelopments', 202581057, 'impression', '9', 241286752L, datetime.datetime(2013, 5, 26, 13, 49, 50), 0.0613901437211855, False, 'time']
['wirtdevelopments', 202581057, 'impression', '13', 241285238L, datetime.datetime(2013, 5, 26, 13, 49, 50), 0.116174029346308, False, 'time']
['wirtdevelopments', 202581057, 'impression', '4', 241288967L, datetime.datetime(2013, 5, 26, 13, 49, 50), 0.0193511303607314, False, 'time']
['wirtdevelopments', 202581057, 'impression', '5', 241288828L, datetime.datetime(2013, 5, 26, 13, 49, 50), 0.0542846441997988, False, 'time']
['wirtdevelopments', 202581057, 'impression', '2', 241312789L, datetime.datetime(2013, 5, 26, 13, 49, 50), 0.04321470261043, False, 'time']
['wirtdevelopments', 202581057, 'impression', '1', 241325514L, datetime.datetime(2013, 5, 26, 13, 49, 50), 0.0490607178505074, False, 'time']
['wirtdevelopments', 202581057, 'impression', '3', 241297546L, datetime.datetime(2013, 5, 26, 13, 49, 50), 0.0298950332508439, False, 'time']
['wirtdevelopments', 202581057, 'impression', '10', 241286169L, datetime.datetime(2013, 5, 26, 13, 49, 50), 0.0367726823206158, False, 'time']
['wirtdevelopments', 202581057, 'impression', '11', 241285875L, datetime.datetime(2013, 5, 26, 13, 49, 50), 0.0191197265756755, False, 'time']
['wirtdevelopments', 202581057, 'impression', '12', 241285499L, datetime.datetime(2013, 5, 26, 13, 49, 50), 0.0504747389573753, False, 'time']
['wirtdevelopments', 202581057, 'impression', '7', 241287722L, datetime.datetime(2013, 5, 26, 13, 49, 50), 0.113534907884929, False, 'time']

['wirtdevelopments', 202581057, 'impression', '6', 241288255L, datetime.datetime(2013, 5, 26, 14, 28, 23), 0.0285564877126164, False, 'time']
['wirtdevelopments', 202581057, 'impression', '2', 241312789L, datetime.datetime(2013, 5, 26, 14, 28, 23), 0.04321470261043, False, 'time']
['wirtdevelopments', 202581057, 'impression', '5', 241288828L, datetime.datetime(2013, 5, 26, 14, 28, 23), 0.0542846441997988, False, 'time']
['wirtdevelopments', 202581057, 'impression', '1', 241325514L, datetime.datetime(2013, 5, 26, 14, 28, 23), 0.0490607178505074, False, 'time']
['wirtdevelopments', 202581057, 'impression', '3', 241297546L, datetime.datetime(2013, 5, 26, 14, 28, 23), 0.0298950332508439, False, 'time']
['wirtdevelopments', 202581057, 'impression', '4', 241288967L, datetime.datetime(2013, 5, 26, 14, 28, 23), 0.0193511303607314, False, 'time']
['wirtdevelopments', 202581057, 'impression', '8', 241286770L, datetime.datetime(2013, 5, 26, 14, 28, 23), 0.0434239643080436, False, 'time']
['wirtdevelopments', 202581057, 'impression', '12', 241285499L, datetime.datetime(2013, 5, 26, 14, 28, 23), 0.0504747389573753, False, 'time']
['wirtdevelopments', 202581057, 'impression', '7', 241287722L, datetime.datetime(2013, 5, 26, 14, 28, 23), 0.113534907884929, False, 'time']
['wirtdevelopments', 202581057, 'impression', '13', 241285238L, datetime.datetime(2013, 5, 26, 14, 28, 23), 0.116174029346308, False, 'time']
['wirtdevelopments', 202581057, 'impression', '9', 241286752L, datetime.datetime(2013, 5, 26, 14, 28, 23), 0.0613901437211855, False, 'time']
['wirtdevelopments', 202581057, 'impression', '11', 241285875L, datetime.datetime(2013, 5, 26, 14, 28, 23), 0.0191197265756755, False, 'time']
['wirtdevelopments', 202581057, 'impression', '10', 241286169L, datetime.datetime(2013, 5, 26, 14, 28, 23), 0.0367726823206158, False, 'time']

['wirtdevelopments', 202581057, 'impression', '10', 241286169L, datetime.datetime(2013, 5, 26, 15, 5, 38), 0.0367726823206158, False, 'time']
['wirtdevelopments', 202581057, 'impression', '11', 241285875L, datetime.datetime(2013, 5, 26, 15, 5, 38), 0.0191197265756755, False, 'time']
['wirtdevelopments', 202581057, 'impression', '7', 241287722L, datetime.datetime(2013, 5, 26, 15, 5, 38), 0.113534907884929, False, 'time']
['wirtdevelopments', 202581057, 'impression', '12', 241285499L, datetime.datetime(2013, 5, 26, 15, 5, 38), 0.0504747389573753, False, 'time']
['wirtdevelopments', 202581057, 'impression', '6', 241288255L, datetime.datetime(2013, 5, 26, 15, 5, 38), 0.0285564877126164, False, 'time']
['wirtdevelopments', 202581057, 'impression', '9', 241286752L, datetime.datetime(2013, 5, 26, 15, 5, 38), 0.0613901437211855, False, 'time']
['wirtdevelopments', 202581057, 'impression', '13', 241285238L, datetime.datetime(2013, 5, 26, 15, 5, 38), 0.116174029346308, False, 'time']
['wirtdevelopments', 202581057, 'impression', '2', 241312789L, datetime.datetime(2013, 5, 26, 15, 5, 38), 0.04321470261043, False, 'time']
['wirtdevelopments', 202581057, 'impression', '1', 241325514L, datetime.datetime(2013, 5, 26, 15, 5, 38), 0.0490607178505074, False, 'time']
['wirtdevelopments', 202581057, 'impression', '3', 241297546L, datetime.datetime(2013, 5, 26, 15, 5, 38), 0.0298950332508439, False, 'time']
['wirtdevelopments', 202581057, 'impression', '4', 241288967L, datetime.datetime(2013, 5, 26, 15, 5, 38), 0.0193511303607314, False, 'time']
['wirtdevelopments', 202581057, 'impression', '5', 241288828L, datetime.datetime(2013, 5, 26, 15, 5, 38), 0.0542846441997988, False, 'time']
['wirtdevelopments', 202581057, 'impression', '8', 241286770L, datetime.datetime(2013, 5, 26, 15, 5, 38), 0.0434239643080436, False, 'time']
['wirtdevelopments', 202581057, 'impression', '10', 241286169L, datetime.datetime(2013, 5, 26, 15, 6), 0.0367726823206158, False, 'time']
['wirtdevelopments', 202581057, 'impression', '11', 241285875L, datetime.datetime(2013, 5, 26, 15, 6), 0.0191197265756755, False, 'time']
['wirtdevelopments', 202581057, 'impression', '12', 241285499L, datetime.datetime(2013, 5, 26, 15, 6), 0.0504747389573753, False, 'time']
['wirtdevelopments', 202581057, 'impression', '7', 241287722L, datetime.datetime(2013, 5, 26, 15, 6), 0.113534907884929, False, 'time']
['wirtdevelopments', 202581057, 'impression', '8', 241286770L, datetime.datetime(2013, 5, 26, 15, 6), 0.0434239643080436, False, 'time']
['wirtdevelopments', 202581057, 'impression', '6', 241288255L, datetime.datetime(2013, 5, 26, 15, 6), 0.0285564877126164, False, 'time']
['wirtdevelopments', 202581057, 'impression', '13', 241285238L, datetime.datetime(2013, 5, 26, 15, 6), 0.116174029346308, False, 'time']
['wirtdevelopments', 202581057, 'impression', '9', 241286752L, datetime.datetime(2013, 5, 26, 15, 6), 0.0613901437211855, False, 'time']
['wirtdevelopments', 202581057, 'impression', '4', 241288967L, datetime.datetime(2013, 5, 26, 15, 6), 0.0193511303607314, False, 'time']
['wirtdevelopments', 202581057, 'impression', '3', 241297546L, datetime.datetime(2013, 5, 26, 15, 6), 0.0298950332508439, False, 'time']
['wirtdevelopments', 202581057, 'impression', '2', 241312789L, datetime.datetime(2013, 5, 26, 15, 6), 0.04321470261043, False, 'time']
['wirtdevelopments', 202581057, 'impression', '1', 241325514L, datetime.datetime(2013, 5, 26, 15, 6), 0.0490607178505074, False, 'time']
['wirtdevelopments', 202581057, 'impression', '5', 241288828L, datetime.datetime(2013, 5, 26, 15, 6), 0.0542846441997988, False, 'time']

