['ymbproperties', 202585503, 'impression', '6', 241387284L, datetime.datetime(2013, 5, 27, 9, 41, 54), 0.197037661664009, False, 'time']
['ymbproperties', 202585503, 'impression', '5', 241387374L, datetime.datetime(2013, 5, 27, 9, 41, 54), 0.124058508986101, False, 'time']
['ymbproperties', 202585503, 'impression', '8', 241386386L, datetime.datetime(2013, 5, 27, 9, 41, 54), 0.2034512433446, False, 'time']
['ymbproperties', 202585503, 'impression', '1', 241388189L, datetime.datetime(2013, 5, 27, 9, 41, 54), 0.224016632612568, False, 'time']
['ymbproperties', 202585503, 'impression', '3', 241387567L, datetime.datetime(2013, 5, 27, 9, 41, 54), 0.11787921229836, False, 'time']
['ymbproperties', 202585503, 'impression', '7', 241386507L, datetime.datetime(2013, 5, 27, 9, 41, 54), 0.137651138266265, False, 'time']
['ymbproperties', 202585503, 'impression', '4', 241387385L, datetime.datetime(2013, 5, 27, 9, 41, 54), 0.0694515929195448, False, 'time']
['ymbproperties', 202585503, 'impression', '2', 241388040L, datetime.datetime(2013, 5, 27, 9, 41, 54), 0.137023151153635, False, 'time']
['ymbproperties', 202585503, 'expand_tile', '8', 241386386L, datetime.datetime(2013, 5, 27, 9, 42, 9), 0.2034512433446, False, 'time']
['ymbproperties', 202585503, 'view_full_application', '8', 241386386L, datetime.datetime(2013, 5, 27, 9, 42, 12), 0.2034512433446, False, 'time']
['ymbproperties', 202585503, 'impression', '3', 241387567L, datetime.datetime(2013, 5, 27, 9, 43, 40), 0.11787921229836, False, 'time']
['ymbproperties', 202585503, 'impression', '7', 241386507L, datetime.datetime(2013, 5, 27, 9, 43, 40), 0.137651138266265, False, 'time']
['ymbproperties', 202585503, 'impression', '5', 241387374L, datetime.datetime(2013, 5, 27, 9, 43, 40), 0.124058508986101, False, 'time']
['ymbproperties', 202585503, 'impression', '1', 241388189L, datetime.datetime(2013, 5, 27, 9, 43, 40), 0.224016632612568, False, 'time']
['ymbproperties', 202585503, 'impression', '8', 241386386L, datetime.datetime(2013, 5, 27, 9, 43, 40), 0.2034512433446, False, 'time']
['ymbproperties', 202585503, 'impression', '4', 241387385L, datetime.datetime(2013, 5, 27, 9, 43, 40), 0.0694515929195448, False, 'time']
['ymbproperties', 202585503, 'impression', '2', 241388040L, datetime.datetime(2013, 5, 27, 9, 43, 40), 0.137023151153635, False, 'time']
['ymbproperties', 202585503, 'impression', '6', 241387284L, datetime.datetime(2013, 5, 27, 9, 43, 40), 0.197037661664009, False, 'time']
['ymbproperties', 202585503, 'shortlist', '8', 241386386L, datetime.datetime(2013, 5, 27, 9, 43, 43), 0.2034512433446, False, 'time']
['ymbproperties', 202585503, 'expand_tile', '7', 241386507L, datetime.datetime(2013, 5, 27, 9, 43, 47), 0.137651138266265, False, 'time']
['ymbproperties', 202585503, 'collapse_tile', '7', 241386507L, datetime.datetime(2013, 5, 27, 9, 43, 48), 0.137651138266265, False, 'time']
['ymbproperties', 202585503, 'expand_tile', '7', 241386507L, datetime.datetime(2013, 5, 27, 9, 43, 49), 0.137651138266265, False, 'time']
['ymbproperties', 202585503, 'view_full_application', '7', 241386507L, datetime.datetime(2013, 5, 27, 9, 43, 51), 0.137651138266265, False, 'time']
['ymbproperties', 202585503, 'impression', '2', 241388040L, datetime.datetime(2013, 5, 27, 9, 43, 58), 0.137023151153635, False, 'time']
['ymbproperties', 202585503, 'impression', '4', 241387385L, datetime.datetime(2013, 5, 27, 9, 43, 58), 0.0694515929195448, False, 'time']
['ymbproperties', 202585503, 'impression', '5', 241387374L, datetime.datetime(2013, 5, 27, 9, 43, 58), 0.124058508986101, False, 'time']
['ymbproperties', 202585503, 'impression', '1', 241388189L, datetime.datetime(2013, 5, 27, 9, 43, 58), 0.224016632612568, False, 'time']
['ymbproperties', 202585503, 'impression', '8', 241386386L, datetime.datetime(2013, 5, 27, 9, 43, 58), 0.2034512433446, False, 'time']
['ymbproperties', 202585503, 'impression', '6', 241387284L, datetime.datetime(2013, 5, 27, 9, 43, 58), 0.197037661664009, False, 'time']
['ymbproperties', 202585503, 'impression', '7', 241386507L, datetime.datetime(2013, 5, 27, 9, 43, 58), 0.137651138266265, False, 'time']
['ymbproperties', 202585503, 'impression', '3', 241387567L, datetime.datetime(2013, 5, 27, 9, 43, 58), 0.11787921229836, False, 'time']
['ymbproperties', 202585503, 'hide', '7', 241386507L, datetime.datetime(2013, 5, 27, 9, 44), 0.137651138266265, False, 'time']
['ymbproperties', 202585503, 'view_full_application_via_name', '6', 241387284L, datetime.datetime(2013, 5, 27, 9, 44, 2), 0.197037661664009, False, 'time']
['ymbproperties', 202585503, 'impression', '6', 241387284L, datetime.datetime(2013, 5, 27, 9, 44, 12), 0.197037661664009, False, 'time']
['ymbproperties', 202585503, 'impression', '1', 241388189L, datetime.datetime(2013, 5, 27, 9, 44, 12), 0.224016632612568, False, 'time']
['ymbproperties', 202585503, 'impression', '5', 241387374L, datetime.datetime(2013, 5, 27, 9, 44, 12), 0.124058508986101, False, 'time']
['ymbproperties', 202585503, 'impression', '7', 241386386L, datetime.datetime(2013, 5, 27, 9, 44, 12), 0.2034512433446, False, 'time']
['ymbproperties', 202585503, 'impression', '3', 241387567L, datetime.datetime(2013, 5, 27, 9, 44, 12), 0.11787921229836, False, 'time']
['ymbproperties', 202585503, 'impression', '2', 241388040L, datetime.datetime(2013, 5, 27, 9, 44, 12), 0.137023151153635, False, 'time']
['ymbproperties', 202585503, 'impression', '4', 241387385L, datetime.datetime(2013, 5, 27, 9, 44, 12), 0.0694515929195448, False, 'time']
['ymbproperties', 202585503, 'hide', '6', 241387284L, datetime.datetime(2013, 5, 27, 9, 44, 14), 0.197037661664009, False, 'time']
['ymbproperties', 202585503, 'view_full_application_via_name', '5', 241387374L, datetime.datetime(2013, 5, 27, 9, 44, 17), 0.124058508986101, False, 'time']
['ymbproperties', 202585503, 'impression', '2', 241388040L, datetime.datetime(2013, 5, 27, 9, 44, 48), 0.137023151153635, False, 'time']
['ymbproperties', 202585503, 'impression', '5', 241387374L, datetime.datetime(2013, 5, 27, 9, 44, 48), 0.124058508986101, False, 'time']
['ymbproperties', 202585503, 'impression', '1', 241388189L, datetime.datetime(2013, 5, 27, 9, 44, 48), 0.224016632612568, False, 'time']
['ymbproperties', 202585503, 'impression', '6', 241386386L, datetime.datetime(2013, 5, 27, 9, 44, 48), 0.2034512433446, False, 'time']
['ymbproperties', 202585503, 'impression', '3', 241387567L, datetime.datetime(2013, 5, 27, 9, 44, 48), 0.11787921229836, False, 'time']
['ymbproperties', 202585503, 'impression', '4', 241387385L, datetime.datetime(2013, 5, 27, 9, 44, 48), 0.0694515929195448, False, 'time']
['ymbproperties', 202585503, 'hide', '5', 241387374L, datetime.datetime(2013, 5, 27, 9, 44, 51), 0.124058508986101, False, 'time']
['ymbproperties', 202585503, 'expand_tile', '4', 241387385L, datetime.datetime(2013, 5, 27, 9, 44, 52), 0.0694515929195448, False, 'time']
['ymbproperties', 202585503, 'view_full_application_via_name', '4', 241387385L, datetime.datetime(2013, 5, 27, 9, 45, 10), 0.0694515929195448, False, 'time']
['ymbproperties', 202585503, 'impression', '4', 241387567L, datetime.datetime(2013, 5, 27, 9, 46, 23), 0.11787921229836, False, 'time']
['ymbproperties', 202585503, 'impression', '3', 241388040L, datetime.datetime(2013, 5, 27, 9, 46, 23), 0.137023151153635, False, 'time']
['ymbproperties', 202585503, 'impression', '6', 241386386L, datetime.datetime(2013, 5, 27, 9, 46, 23), 0.2034512433446, False, 'time']
['ymbproperties', 202585503, 'impression', '2', 241388189L, datetime.datetime(2013, 5, 27, 9, 46, 23), 0.224016632612568, False, 'time']
['ymbproperties', 202585503, 'impression', '1', 241388333L, datetime.datetime(2013, 5, 27, 9, 46, 23), 0.0990823012572392, False, 'time']
['ymbproperties', 202585503, 'impression', '5', 241387385L, datetime.datetime(2013, 5, 27, 9, 46, 23), 0.0694515929195448, False, 'time']
['ymbproperties', 202585503, 'shortlist', '5', 241387385L, datetime.datetime(2013, 5, 27, 9, 46, 25), 0.0694515929195448, False, 'time']
['ymbproperties', 202585503, 'expand_tile', '4', 241387567L, datetime.datetime(2013, 5, 27, 9, 46, 27), 0.11787921229836, False, 'time']
['ymbproperties', 202585503, 'view_full_application_via_name', '4', 241387567L, datetime.datetime(2013, 5, 27, 9, 46, 33), 0.11787921229836, False, 'time']
['ymbproperties', 202585503, 'impression', '3', 241388040L, datetime.datetime(2013, 5, 27, 9, 47, 48), 0.137023151153635, False, 'time']
['ymbproperties', 202585503, 'impression', '6', 241386386L, datetime.datetime(2013, 5, 27, 9, 47, 48), 0.2034512433446, False, 'time']
['ymbproperties', 202585503, 'impression', '2', 241388189L, datetime.datetime(2013, 5, 27, 9, 47, 48), 0.224016632612568, False, 'time']
['ymbproperties', 202585503, 'impression', '4', 241387567L, datetime.datetime(2013, 5, 27, 9, 47, 48), 0.11787921229836, False, 'time']
['ymbproperties', 202585503, 'impression', '1', 241388333L, datetime.datetime(2013, 5, 27, 9, 47, 48), 0.0990823012572392, False, 'time']
['ymbproperties', 202585503, 'impression', '5', 241387385L, datetime.datetime(2013, 5, 27, 9, 47, 48), 0.0694515929195448, False, 'time']
['ymbproperties', 202585503, 'shortlist', '4', 241387567L, datetime.datetime(2013, 5, 27, 9, 47, 50), 0.11787921229836, False, 'time']
['ymbproperties', 202585503, 'expand_tile', '3', 241388040L, datetime.datetime(2013, 5, 27, 9, 47, 51), 0.137023151153635, False, 'time']
['ymbproperties', 202585503, 'view_full_application_via_name', '3', 241388040L, datetime.datetime(2013, 5, 27, 9, 48), 0.137023151153635, False, 'time']
['ymbproperties', 202585503, 'impression', '2', 241388189L, datetime.datetime(2013, 5, 27, 9, 53, 29), 0.224016632612568, False, 'time']
['ymbproperties', 202585503, 'impression', '6', 241386386L, datetime.datetime(2013, 5, 27, 9, 53, 29), 0.2034512433446, False, 'time']
['ymbproperties', 202585503, 'impression', '3', 241388040L, datetime.datetime(2013, 5, 27, 9, 53, 29), 0.137023151153635, False, 'time']
['ymbproperties', 202585503, 'impression', '1', 241388333L, datetime.datetime(2013, 5, 27, 9, 53, 29), 0.0990823012572392, False, 'time']
['ymbproperties', 202585503, 'impression', '5', 241387385L, datetime.datetime(2013, 5, 27, 9, 53, 29), 0.0694515929195448, False, 'time']
['ymbproperties', 202585503, 'impression', '4', 241387567L, datetime.datetime(2013, 5, 27, 9, 53, 29), 0.11787921229836, False, 'time']
['ymbproperties', 202585503, 'hide', '3', 241388040L, datetime.datetime(2013, 5, 27, 9, 53, 30), 0.137023151153635, False, 'time']
['ymbproperties', 202585503, 'expand_tile', '2', 241388189L, datetime.datetime(2013, 5, 27, 9, 53, 34), 0.224016632612568, False, 'time']
['ymbproperties', 202585503, 'view_full_application_via_name', '2', 241388189L, datetime.datetime(2013, 5, 27, 9, 53, 48), 0.224016632612568, False, 'time']
['ymbproperties', 202585503, 'impression', '2', 241389141L, datetime.datetime(2013, 5, 27, 9, 58, 34), 0.0908042231751996, False, 'time']
['ymbproperties', 202585503, 'impression', '5', 241387567L, datetime.datetime(2013, 5, 27, 9, 58, 34), 0.11787921229836, False, 'time']
['ymbproperties', 202585503, 'impression', '3', 241388333L, datetime.datetime(2013, 5, 27, 9, 58, 34), 0.0990823012572392, False, 'time']
['ymbproperties', 202585503, 'impression', '6', 241387385L, datetime.datetime(2013, 5, 27, 9, 58, 34), 0.0694515929195448, False, 'time']
['ymbproperties', 202585503, 'impression', '1', 241389412L, datetime.datetime(2013, 5, 27, 9, 58, 34), 0.0539513460327263, False, 'time']
['ymbproperties', 202585503, 'impression', '7', 241386386L, datetime.datetime(2013, 5, 27, 9, 58, 34), 0.2034512433446, False, 'time']
['ymbproperties', 202585503, 'impression', '4', 241388189L, datetime.datetime(2013, 5, 27, 9, 58, 34), 0.224016632612568, False, 'time']
['ymbproperties', 202585503, 'shortlist', '4', 241388189L, datetime.datetime(2013, 5, 27, 9, 58, 39), 0.224016632612568, False, 'time']
['ymbproperties', 202585503, 'expand_tile', '3', 241388333L, datetime.datetime(2013, 5, 27, 9, 58, 42), 0.0990823012572392, False, 'time']
['ymbproperties', 202585503, 'expand_tile', '3', 241388333L, datetime.datetime(2013, 5, 27, 9, 58, 53), 0.0990823012572392, False, 'time']
['ymbproperties', 202585503, 'hide', '3', 241388333L, datetime.datetime(2013, 5, 27, 9, 58, 53), 0.0990823012572392, False, 'time']
['ymbproperties', 202585503, 'expand_tile', '2', 241389141L, datetime.datetime(2013, 5, 27, 9, 58, 54), 0.0908042231751996, False, 'time']
['ymbproperties', 202585503, 'expand_tile', '2', 241389141L, datetime.datetime(2013, 5, 27, 9, 58, 58), 0.0908042231751996, False, 'time']
['ymbproperties', 202585503, 'hide', '2', 241389141L, datetime.datetime(2013, 5, 27, 9, 58, 58), 0.0908042231751996, False, 'time']
['ymbproperties', 202585503, 'expand_tile', '1', 241389412L, datetime.datetime(2013, 5, 27, 9, 58, 59), 0.0539513460327263, False, 'time']
['ymbproperties', 202585503, 'collapse_tile', '1', 241389412L, datetime.datetime(2013, 5, 27, 9, 59, 20), 0.0539513460327263, False, 'time']
['ymbproperties', 202585503, 'expand_tile', '1', 241389412L, datetime.datetime(2013, 5, 27, 9, 59, 21), 0.0539513460327263, False, 'time']
['ymbproperties', 202585503, 'view_full_application', '1', 241389412L, datetime.datetime(2013, 5, 27, 9, 59, 22), 0.0539513460327263, False, 'time']
['ymbproperties', 202585503, 'view_full_application', '1', 241389412L, datetime.datetime(2013, 5, 27, 9, 59, 24), 0.0539513460327263, False, 'time']
['ymbproperties', 202585503, 'impression', '8', 241386386L, datetime.datetime(2013, 5, 27, 10, 4, 38), 0.2034512433446, False, 'time']
['ymbproperties', 202585503, 'impression', '5', 241388189L, datetime.datetime(2013, 5, 27, 10, 4, 38), 0.224016632612568, False, 'time']
['ymbproperties', 202585503, 'impression', '6', 241387567L, datetime.datetime(2013, 5, 27, 10, 4, 38), 0.11787921229836, False, 'time']
['ymbproperties', 202585503, 'impression', '3', 241389608L, datetime.datetime(2013, 5, 27, 10, 4, 38), 0.0611745093314909, False, 'time']
['ymbproperties', 202585503, 'impression', '7', 241387385L, datetime.datetime(2013, 5, 27, 10, 4, 38), 0.0694515929195448, False, 'time']
['ymbproperties', 202585503, 'impression', '4', 241389412L, datetime.datetime(2013, 5, 27, 10, 4, 38), 0.0539513460327263, False, 'time']
['ymbproperties', 202585503, 'impression', '1', 241389742L, datetime.datetime(2013, 5, 27, 10, 4, 38), 0.155829225208419, False, 'time']
['ymbproperties', 202585503, 'impression', '2', 241389714L, datetime.datetime(2013, 5, 27, 10, 4, 38), 0.138415885801447, False, 'time']
['ymbproperties', 202585503, 'expand_tile', '3', 241389608L, datetime.datetime(2013, 5, 27, 10, 4, 58), 0.0611745093314909, False, 'time']
['ymbproperties', 202585503, 'hide', '3', 241389608L, datetime.datetime(2013, 5, 27, 10, 5, 25), 0.0611745093314909, False, 'time']
['ymbproperties', 202585503, 'expand_tile', '3', 241389608L, datetime.datetime(2013, 5, 27, 10, 5, 25), 0.0611745093314909, False, 'time']
['ymbproperties', 202585503, 'expand_tile', '2', 241389714L, datetime.datetime(2013, 5, 27, 10, 5, 28), 0.138415885801447, False, 'time']
['ymbproperties', 202585503, 'hide', '2', 241389714L, datetime.datetime(2013, 5, 27, 10, 5, 39), 0.138415885801447, False, 'time']
['ymbproperties', 202585503, 'expand_tile', '2', 241389714L, datetime.datetime(2013, 5, 27, 10, 5, 39), 0.138415885801447, False, 'time']
['ymbproperties', 202585503, 'expand_tile', '1', 241389742L, datetime.datetime(2013, 5, 27, 10, 5, 42), 0.155829225208419, False, 'time']
['ymbproperties', 202585503, 'collapse_tile', '1', 241389742L, datetime.datetime(2013, 5, 27, 10, 6, 6), 0.155829225208419, False, 'time']
['ymbproperties', 202585503, 'expand_tile', '1', 241389742L, datetime.datetime(2013, 5, 27, 10, 6, 7), 0.155829225208419, False, 'time']
['ymbproperties', 202585503, 'view_full_application', '1', 241389742L, datetime.datetime(2013, 5, 27, 10, 6, 15), 0.155829225208419, False, 'time']
['ymbproperties', 202585503, 'impression', '4', 241387385L, datetime.datetime(2013, 5, 27, 10, 7, 37), 0.0694515929195448, False, 'time']
['ymbproperties', 202585503, 'impression', '2', 241388189L, datetime.datetime(2013, 5, 27, 10, 7, 37), 0.224016632612568, False, 'time']
['ymbproperties', 202585503, 'impression', '5', 241386386L, datetime.datetime(2013, 5, 27, 10, 7, 37), 0.2034512433446, False, 'time']
['ymbproperties', 202585503, 'impression', '3', 241387567L, datetime.datetime(2013, 5, 27, 10, 7, 37), 0.11787921229836, False, 'time']
['ymbproperties', 202585503, 'impression', '1', 241389742L, datetime.datetime(2013, 5, 27, 10, 7, 37), 0.155829225208419, False, 'time']
['ymbproperties', 202585503, 'shortlist', '1', 241389742L, datetime.datetime(2013, 5, 27, 10, 7, 39), 0.155829225208419, False, 'time']

['ymbproperties', 202585503, 'impression', '5', 241386386L, datetime.datetime(2013, 5, 27, 12, 16, 3), 0.2034512433446, False, 'time']
['ymbproperties', 202585503, 'impression', '3', 241388189L, datetime.datetime(2013, 5, 27, 12, 16, 3), 0.224016632612568, False, 'time']
['ymbproperties', 202585503, 'impression', '4', 241387567L, datetime.datetime(2013, 5, 27, 12, 16, 3), 0.11787921229836, False, 'time']
['ymbproperties', 202585503, 'impression', '2', 241389742L, datetime.datetime(2013, 5, 27, 12, 16, 3), 0.155829225208419, False, 'time']
['ymbproperties', 202585503, 'impression', '1', 241391326L, datetime.datetime(2013, 5, 27, 12, 16, 3), 0.110157032215926, False, 'time']
['ymbproperties', 202585503, 'expand_tile', '1', 241391326L, datetime.datetime(2013, 5, 27, 12, 16, 6), 0.110157032215926, False, 'time']
['ymbproperties', 202585503, 'view_full_application', '1', 241391326L, datetime.datetime(2013, 5, 27, 12, 16, 25), 0.110157032215926, False, 'time']
['ymbproperties', 202585503, 'impression', '2', 241389742L, datetime.datetime(2013, 5, 27, 12, 18, 11), 0.155829225208419, False, 'time']
['ymbproperties', 202585503, 'impression', '4', 241387567L, datetime.datetime(2013, 5, 27, 12, 18, 11), 0.11787921229836, False, 'time']
['ymbproperties', 202585503, 'impression', '3', 241388189L, datetime.datetime(2013, 5, 27, 12, 18, 11), 0.224016632612568, False, 'time']
['ymbproperties', 202585503, 'impression', '5', 241386386L, datetime.datetime(2013, 5, 27, 12, 18, 11), 0.2034512433446, False, 'time']
['ymbproperties', 202585503, 'impression', '1', 241391326L, datetime.datetime(2013, 5, 27, 12, 18, 11), 0.110157032215926, False, 'time']
['ymbproperties', 202585503, 'expand_tile', '3', 241388189L, datetime.datetime(2013, 5, 27, 12, 18, 17), 0.224016632612568, False, 'time']
['ymbproperties', 202585503, 'send_message', '3', 241388189L, datetime.datetime(2013, 5, 27, 12, 18, 21), 0.224016632612568, False, 'time']
['ymbproperties', 202585503, 'impression', '2', 241389742L, datetime.datetime(2013, 5, 27, 12, 18, 48), 0.155829225208419, False, 'time']
['ymbproperties', 202585503, 'impression', '1', 241391326L, datetime.datetime(2013, 5, 27, 12, 18, 48), 0.110157032215926, False, 'time']
['ymbproperties', 202585503, 'impression', '5', 241386386L, datetime.datetime(2013, 5, 27, 12, 18, 48), 0.2034512433446, False, 'time']
['ymbproperties', 202585503, 'impression', '3', 241388189L, datetime.datetime(2013, 5, 27, 12, 18, 48), 0.224016632612568, False, 'time']
['ymbproperties', 202585503, 'impression', '4', 241387567L, datetime.datetime(2013, 5, 27, 12, 18, 48), 0.11787921229836, False, 'time']
['ymbproperties', 202585503, 'expand_tile', '1', 241391326L, datetime.datetime(2013, 5, 27, 12, 18, 50), 0.110157032215926, False, 'time']
['ymbproperties', 202585503, 'send_message', '1', 241391326L, datetime.datetime(2013, 5, 27, 12, 18, 53), 0.110157032215926, False, 'time']
['ymbproperties', 202585503, 'expand_tile', '1', 241391326L, datetime.datetime(2013, 5, 27, 12, 19, 30), 0.110157032215926, False, 'time']
['ymbproperties', 202585503, 'hide', '2', 241389742L, datetime.datetime(2013, 5, 27, 12, 19, 34), 0.155829225208419, False, 'time']
['ymbproperties', 202585503, 'hide', '5', 241386386L, datetime.datetime(2013, 5, 27, 12, 19, 39), 0.2034512433446, False, 'time']
['ymbproperties', 202585503, 'impression', '2', 241388189L, datetime.datetime(2013, 5, 27, 12, 25, 47), 0.224016632612568, False, 'time']
['ymbproperties', 202585503, 'impression', '1', 241391326L, datetime.datetime(2013, 5, 27, 12, 25, 47), 0.110157032215926, False, 'time']
['ymbproperties', 202585503, 'impression', '3', 241387567L, datetime.datetime(2013, 5, 27, 12, 25, 47), 0.11787921229836, False, 'time']

['ymbproperties', 202585503, 'impression', '4', 241391326L, datetime.datetime(2013, 5, 27, 13, 20, 25), 0.110157032215926, False, 'time']
['ymbproperties', 202585503, 'impression', '5', 241388189L, datetime.datetime(2013, 5, 27, 13, 20, 25), 0.224016632612568, False, 'time']
['ymbproperties', 202585503, 'impression', '1', 241401575L, datetime.datetime(2013, 5, 27, 13, 20, 25), 0.0913151385078778, False, 'time']
['ymbproperties', 202585503, 'impression', '3', 241400029L, datetime.datetime(2013, 5, 27, 13, 20, 25), 0.0836462648922306, False, 'time']
['ymbproperties', 202585503, 'impression', '2', 241400063L, datetime.datetime(2013, 5, 27, 13, 20, 25), 0.179413023856342, False, 'time']
['ymbproperties', 202585503, 'impression', '6', 241387567L, datetime.datetime(2013, 5, 27, 13, 20, 25), 0.11787921229836, False, 'time']
['ymbproperties', 202585503, 'expand_tile', '2', 241400063L, datetime.datetime(2013, 5, 27, 13, 20, 32), 0.179413023856342, False, 'time']
['ymbproperties', 202585503, 'expand_tile', '2', 241400063L, datetime.datetime(2013, 5, 27, 13, 20, 38), 0.179413023856342, False, 'time']

['ymbproperties', 202585503, 'impression', '9', 241388189L, datetime.datetime(2013, 5, 27, 15, 9, 50), 0.224016632612568, False, 'time']
['ymbproperties', 202585503, 'impression', '1', 241405023L, datetime.datetime(2013, 5, 27, 15, 9, 50), 0.178345032507551, False, 'time']
['ymbproperties', 202585503, 'impression', '10', 241387567L, datetime.datetime(2013, 5, 27, 15, 9, 50), 0.11787921229836, False, 'time']
['ymbproperties', 202585503, 'impression', '6', 241400063L, datetime.datetime(2013, 5, 27, 15, 9, 50), 0.179413023856342, False, 'time']
['ymbproperties', 202585503, 'impression', '3', 241402861L, datetime.datetime(2013, 5, 27, 15, 9, 50), 0.0986535178890685, False, 'time']
['ymbproperties', 202585503, 'impression', '8', 241391326L, datetime.datetime(2013, 5, 27, 15, 9, 50), 0.110157032215926, False, 'time']
['ymbproperties', 202585503, 'impression', '7', 241400029L, datetime.datetime(2013, 5, 27, 15, 9, 50), 0.0836462648922306, False, 'time']
['ymbproperties', 202585503, 'impression', '5', 241401575L, datetime.datetime(2013, 5, 27, 15, 9, 50), 0.0913151385078778, False, 'time']
['ymbproperties', 202585503, 'impression', '2', 241402913L, datetime.datetime(2013, 5, 27, 15, 9, 50), 0.10665543061954, False, 'time']
['ymbproperties', 202585503, 'impression', '4', 241401986L, datetime.datetime(2013, 5, 27, 15, 9, 50), 0.0830572250255025, False, 'time']
['ymbproperties', 202585503, 'expand_tile', '4', 241401986L, datetime.datetime(2013, 5, 27, 15, 10, 13), 0.0830572250255025, False, 'time']
['ymbproperties', 202585503, 'collapse_tile', '4', 241401986L, datetime.datetime(2013, 5, 27, 15, 11, 20), 0.0830572250255025, False, 'time']
['ymbproperties', 202585503, 'expand_tile', '4', 241401986L, datetime.datetime(2013, 5, 27, 15, 11, 22), 0.0830572250255025, False, 'time']
['ymbproperties', 202585503, 'view_full_application_via_name', '4', 241401986L, datetime.datetime(2013, 5, 27, 15, 11, 23), 0.0830572250255025, False, 'time']
['ymbproperties', 202585503, 'impression', '1', 241408079L, datetime.datetime(2013, 5, 27, 15, 12, 17), 0.0972459541560013, False, 'time']
['ymbproperties', 202585503, 'impression', '11', 241387567L, datetime.datetime(2013, 5, 27, 15, 12, 17), 0.11787921229836, False, 'time']
['ymbproperties', 202585503, 'impression', '7', 241400063L, datetime.datetime(2013, 5, 27, 15, 12, 17), 0.179413023856342, False, 'time']
['ymbproperties', 202585503, 'impression', '3', 241402913L, datetime.datetime(2013, 5, 27, 15, 12, 17), 0.10665543061954, False, 'time']
['ymbproperties', 202585503, 'impression', '6', 241401575L, datetime.datetime(2013, 5, 27, 15, 12, 17), 0.0913151385078778, False, 'time']
['ymbproperties', 202585503, 'impression', '8', 241400029L, datetime.datetime(2013, 5, 27, 15, 12, 17), 0.0836462648922306, False, 'time']
['ymbproperties', 202585503, 'impression', '9', 241391326L, datetime.datetime(2013, 5, 27, 15, 12, 17), 0.110157032215926, False, 'time']
['ymbproperties', 202585503, 'impression', '4', 241402861L, datetime.datetime(2013, 5, 27, 15, 12, 17), 0.0986535178890685, False, 'time']
['ymbproperties', 202585503, 'impression', '5', 241401986L, datetime.datetime(2013, 5, 27, 15, 12, 17), 0.0830572250255025, False, 'time']
['ymbproperties', 202585503, 'impression', '2', 241405023L, datetime.datetime(2013, 5, 27, 15, 12, 17), 0.178345032507551, False, 'time']
['ymbproperties', 202585503, 'impression', '10', 241388189L, datetime.datetime(2013, 5, 27, 15, 12, 17), 0.224016632612568, False, 'time']
['ymbproperties', 202585503, 'hide', '6', 241401575L, datetime.datetime(2013, 5, 27, 15, 12, 22), 0.0913151385078778, False, 'time']
['ymbproperties', 202585503, 'hide', '7', 241400063L, datetime.datetime(2013, 5, 27, 15, 12, 29), 0.179413023856342, False, 'time']
['ymbproperties', 202585503, 'hide', '8', 241400029L, datetime.datetime(2013, 5, 27, 15, 12, 37), 0.0836462648922306, False, 'time']
['ymbproperties', 202585503, 'expand_tile', '9', 241391326L, datetime.datetime(2013, 5, 27, 15, 12, 46), 0.110157032215926, False, 'time']
['ymbproperties', 202585503, 'expand_tile', '1', 241408079L, datetime.datetime(2013, 5, 27, 15, 13, 9), 0.0972459541560013, False, 'time']
['ymbproperties', 202585503, 'expand_tile', '1', 241408079L, datetime.datetime(2013, 5, 27, 15, 13, 19), 0.0972459541560013, False, 'time']
['ymbproperties', 202585503, 'hide', '1', 241408079L, datetime.datetime(2013, 5, 27, 15, 13, 19), 0.0972459541560013, False, 'time']
['ymbproperties', 202585503, 'expand_tile', '2', 241405023L, datetime.datetime(2013, 5, 27, 15, 13, 27), 0.178345032507551, False, 'time']
['ymbproperties', 202585503, 'collapse_tile', '2', 241405023L, datetime.datetime(2013, 5, 27, 15, 13, 56), 0.178345032507551, False, 'time']
['ymbproperties', 202585503, 'expand_tile', '3', 241402913L, datetime.datetime(2013, 5, 27, 15, 13, 59), 0.10665543061954, False, 'time']
['ymbproperties', 202585503, 'hide', '3', 241402913L, datetime.datetime(2013, 5, 27, 15, 14, 4), 0.10665543061954, False, 'time']
['ymbproperties', 202585503, 'expand_tile', '3', 241402913L, datetime.datetime(2013, 5, 27, 15, 14, 5), 0.10665543061954, False, 'time']
['ymbproperties', 202585503, 'expand_tile', '5', 241401986L, datetime.datetime(2013, 5, 27, 15, 14, 13), 0.0830572250255025, False, 'time']
['ymbproperties', 202585503, 'expand_tile', '5', 241401986L, datetime.datetime(2013, 5, 27, 15, 14, 18), 0.0830572250255025, False, 'time']
['ymbproperties', 202585503, 'hide', '5', 241401986L, datetime.datetime(2013, 5, 27, 15, 14, 18), 0.0830572250255025, False, 'time']
['ymbproperties', 202585503, 'expand_tile', '4', 241402861L, datetime.datetime(2013, 5, 27, 15, 14, 21), 0.0986535178890685, False, 'time']
['ymbproperties', 202585503, 'expand_tile', '4', 241402861L, datetime.datetime(2013, 5, 27, 15, 14, 28), 0.0986535178890685, False, 'time']
['ymbproperties', 202585503, 'hide', '4', 241402861L, datetime.datetime(2013, 5, 27, 15, 14, 28), 0.0986535178890685, False, 'time']
['ymbproperties', 202585503, 'view_full_application_via_message', '9', 241391326L, datetime.datetime(2013, 5, 27, 15, 14, 43), 0.110157032215926, False, 'time']
['ymbproperties', 202585503, 'view_full_application_via_message', '9', 241391326L, datetime.datetime(2013, 5, 27, 15, 14, 47), 0.110157032215926, False, 'time']
['ymbproperties', 202585503, 'impression', '2', 241391326L, datetime.datetime(2013, 5, 27, 15, 26, 46), 0.110157032215926, False, 'time']
['ymbproperties', 202585503, 'impression', '4', 241387567L, datetime.datetime(2013, 5, 27, 15, 26, 46), 0.11787921229836, False, 'time']
['ymbproperties', 202585503, 'impression', '1', 241405023L, datetime.datetime(2013, 5, 27, 15, 26, 46), 0.178345032507551, False, 'time']
['ymbproperties', 202585503, 'impression', '3', 241388189L, datetime.datetime(2013, 5, 27, 15, 26, 46), 0.224016632612568, False, 'time']

['ymbproperties', 202585503, 'impression', '5', 241387567L, datetime.datetime(2013, 5, 27, 17, 1, 49), 0.11787921229836, False, 'time']
['ymbproperties', 202585503, 'impression', '3', 241391326L, datetime.datetime(2013, 5, 27, 17, 1, 49), 0.110157032215926, False, 'time']
['ymbproperties', 202585503, 'impression', '4', 241388189L, datetime.datetime(2013, 5, 27, 17, 1, 49), 0.224016632612568, False, 'time']
['ymbproperties', 202585503, 'impression', '2', 241405023L, datetime.datetime(2013, 5, 27, 17, 1, 49), 0.178345032507551, False, 'time']
['ymbproperties', 202585503, 'impression', '1', 241414108L, datetime.datetime(2013, 5, 27, 17, 1, 49), 0.148172575212627, False, 'time']
['ymbproperties', 202585503, 'impression', '1', 241414108L, datetime.datetime(2013, 5, 27, 17, 2), 0.148172575212627, False, 'time']
['ymbproperties', 202585503, 'impression', '4', 241388189L, datetime.datetime(2013, 5, 27, 17, 2), 0.224016632612568, False, 'time']
['ymbproperties', 202585503, 'impression', '2', 241405023L, datetime.datetime(2013, 5, 27, 17, 2), 0.178345032507551, False, 'time']
['ymbproperties', 202585503, 'impression', '3', 241391326L, datetime.datetime(2013, 5, 27, 17, 2), 0.110157032215926, False, 'time']
['ymbproperties', 202585503, 'impression', '5', 241387567L, datetime.datetime(2013, 5, 27, 17, 2), 0.11787921229836, False, 'time']

['ymbproperties', 202585503, 'impression', '3', 241405023L, datetime.datetime(2013, 5, 27, 17, 33, 33), 0.178345032507551, False, 'time']
['ymbproperties', 202585503, 'impression', '5', 241388189L, datetime.datetime(2013, 5, 27, 17, 33, 33), 0.224016632612568, False, 'time']
['ymbproperties', 202585503, 'impression', '1', 241417914L, datetime.datetime(2013, 5, 27, 17, 33, 33), 0.118105543450678, False, 'time']
['ymbproperties', 202585503, 'impression', '4', 241391326L, datetime.datetime(2013, 5, 27, 17, 33, 33), 0.110157032215926, False, 'time']
['ymbproperties', 202585503, 'impression', '2', 241414108L, datetime.datetime(2013, 5, 27, 17, 33, 33), 0.148172575212627, False, 'time']
['ymbproperties', 202585503, 'impression', '6', 241387567L, datetime.datetime(2013, 5, 27, 17, 33, 33), 0.11787921229836, False, 'time']
['ymbproperties', 202585503, 'expand_tile', '1', 241417914L, datetime.datetime(2013, 5, 27, 17, 33, 39), 0.118105543450678, False, 'time']
['ymbproperties', 202585503, 'hide', '1', 241417914L, datetime.datetime(2013, 5, 27, 17, 33, 45), 0.118105543450678, False, 'time']
['ymbproperties', 202585503, 'expand_tile', '1', 241417914L, datetime.datetime(2013, 5, 27, 17, 33, 45), 0.118105543450678, False, 'time']
['ymbproperties', 202585503, 'expand_tile', '2', 241414108L, datetime.datetime(2013, 5, 27, 17, 33, 48), 0.148172575212627, False, 'time']
['ymbproperties', 202585503, 'expand_tile', '2', 241414108L, datetime.datetime(2013, 5, 27, 17, 33, 52), 0.148172575212627, False, 'time']
['ymbproperties', 202585503, 'hide', '2', 241414108L, datetime.datetime(2013, 5, 27, 17, 33, 52), 0.148172575212627, False, 'time']

['ymbproperties', 202585503, 'impression', '4', 241387567L, datetime.datetime(2013, 5, 27, 18, 9, 39), 0.11787921229836, False, 'time']
['ymbproperties', 202585503, 'impression', '2', 241391326L, datetime.datetime(2013, 5, 27, 18, 9, 39), 0.110157032215926, False, 'time']
['ymbproperties', 202585503, 'impression', '1', 241405023L, datetime.datetime(2013, 5, 27, 18, 9, 39), 0.178345032507551, False, 'time']
['ymbproperties', 202585503, 'impression', '3', 241388189L, datetime.datetime(2013, 5, 27, 18, 9, 39), 0.224016632612568, False, 'time']

['ymbproperties', 202585503, 'impression', '4', 241387567L, datetime.datetime(2013, 5, 27, 19, 7, 20), 0.11787921229836, False, 'time']
['ymbproperties', 202585503, 'impression', '2', 241391326L, datetime.datetime(2013, 5, 27, 19, 7, 20), 0.110157032215926, False, 'time']
['ymbproperties', 202585503, 'impression', '1', 241405023L, datetime.datetime(2013, 5, 27, 19, 7, 20), 0.178345032507551, False, 'time']
['ymbproperties', 202585503, 'impression', '3', 241388189L, datetime.datetime(2013, 5, 27, 19, 7, 20), 0.224016632612568, False, 'time']
['ymbproperties', 202585503, 'expand_tile', '1', 241405023L, datetime.datetime(2013, 5, 27, 19, 7, 23), 0.178345032507551, False, 'time']

['ymbproperties', 202585503, 'impression', '5', 241387567L, datetime.datetime(2013, 5, 27, 20, 32, 18), 0.11787921229836, False, 'time']
['ymbproperties', 202585503, 'impression', '3', 241391326L, datetime.datetime(2013, 5, 27, 20, 32, 18), 0.110157032215926, False, 'time']
['ymbproperties', 202585503, 'impression', '2', 241405023L, datetime.datetime(2013, 5, 27, 20, 32, 18), 0.178345032507551, False, 'time']
['ymbproperties', 202585503, 'impression', '4', 241388189L, datetime.datetime(2013, 5, 27, 20, 32, 18), 0.224016632612568, False, 'time']
['ymbproperties', 202585503, 'impression', '1', 241428057L, datetime.datetime(2013, 5, 27, 20, 32, 18), 0.065041393353464, False, 'time']
['ymbproperties', 202585503, 'hide', '1', 241428057L, datetime.datetime(2013, 5, 27, 20, 32, 28), 0.065041393353464, False, 'time']

['ymbproperties', 202585503, 'impression', '2', 241391326L, datetime.datetime(2013, 5, 27, 21, 55, 8), 0.110157032215926, False, 'time']
['ymbproperties', 202585503, 'impression', '4', 241387567L, datetime.datetime(2013, 5, 27, 21, 55, 8), 0.11787921229836, False, 'time']
['ymbproperties', 202585503, 'impression', '1', 241405023L, datetime.datetime(2013, 5, 27, 21, 55, 8), 0.178345032507551, False, 'time']
['ymbproperties', 202585503, 'impression', '3', 241388189L, datetime.datetime(2013, 5, 27, 21, 55, 8), 0.224016632612568, False, 'time']
['ymbproperties', 202585503, 'shortlist', '2', 241391326L, datetime.datetime(2013, 5, 27, 21, 55, 12), 0.110157032215926, False, 'time']
['ymbproperties', 202585503, 'hide', '1', 241405023L, datetime.datetime(2013, 5, 27, 21, 55, 18), 0.178345032507551, False, 'time']
['ymbproperties', 202585503, 'expand_tile', '4', 241387567L, datetime.datetime(2013, 5, 27, 21, 55, 25), 0.11787921229836, False, 'time']
['ymbproperties', 202585503, 'view_full_application_via_message', '2', 241391326L, datetime.datetime(2013, 5, 27, 21, 55, 36), 0.110157032215926, False, 'time']
['ymbproperties', 202585503, 'impression', '1', 241391326L, datetime.datetime(2013, 5, 27, 21, 55, 50), 0.110157032215926, False, 'time']
['ymbproperties', 202585503, 'impression', '3', 241387567L, datetime.datetime(2013, 5, 27, 21, 55, 50), 0.11787921229836, False, 'time']
['ymbproperties', 202585503, 'impression', '2', 241388189L, datetime.datetime(2013, 5, 27, 21, 55, 50), 0.224016632612568, False, 'time']
['ymbproperties', 202585503, 'view_full_application_via_name', '3', 241387567L, datetime.datetime(2013, 5, 27, 21, 55, 52), 0.11787921229836, False, 'time']
['ymbproperties', 202585503, 'impression', '2', 241388189L, datetime.datetime(2013, 5, 27, 21, 57, 12), 0.224016632612568, False, 'time']
['ymbproperties', 202585503, 'impression', '1', 241391326L, datetime.datetime(2013, 5, 27, 21, 57, 12), 0.110157032215926, False, 'time']
['ymbproperties', 202585503, 'impression', '3', 241387567L, datetime.datetime(2013, 5, 27, 21, 57, 12), 0.11787921229836, False, 'time']
['ymbproperties', 202585503, 'view_full_application_via_name', '1', 241391326L, datetime.datetime(2013, 5, 27, 21, 57, 24), 0.110157032215926, False, 'time']
['ymbproperties', 202585503, 'impression', '2', 241388189L, datetime.datetime(2013, 5, 27, 22, 13, 17), 0.224016632612568, False, 'time']
['ymbproperties', 202585503, 'impression', '3', 241387567L, datetime.datetime(2013, 5, 27, 22, 13, 17), 0.11787921229836, False, 'time']
['ymbproperties', 202585503, 'impression', '1', 241391326L, datetime.datetime(2013, 5, 27, 22, 13, 17), 0.110157032215926, False, 'time']
['ymbproperties', 202585503, 'impression', '3', 241387567L, datetime.datetime(2013, 5, 27, 22, 19, 27), 0.11787921229836, False, 'time']
['ymbproperties', 202585503, 'impression', '2', 241388189L, datetime.datetime(2013, 5, 27, 22, 19, 27), 0.224016632612568, False, 'time']
['ymbproperties', 202585503, 'impression', '1', 241391326L, datetime.datetime(2013, 5, 27, 22, 19, 27), 0.110157032215926, False, 'time']
['ymbproperties', 202585503, 'expand_tile', '1', 241391326L, datetime.datetime(2013, 5, 27, 22, 19, 48), 0.110157032215926, False, 'time']
['ymbproperties', 202585503, 'collapse_tile', '1', 241391326L, datetime.datetime(2013, 5, 27, 22, 19, 50), 0.110157032215926, False, 'time']
['ymbproperties', 202585503, 'view_full_application_via_message', '1', 241391326L, datetime.datetime(2013, 5, 27, 22, 20, 15), 0.110157032215926, False, 'time']
['ymbproperties', 202585503, 'impression', '1', 241391326L, datetime.datetime(2013, 5, 27, 22, 20, 22), 0.110157032215926, False, 'time']
['ymbproperties', 202585503, 'impression', '2', 241388189L, datetime.datetime(2013, 5, 27, 22, 20, 22), 0.224016632612568, False, 'time']
['ymbproperties', 202585503, 'impression', '3', 241387567L, datetime.datetime(2013, 5, 27, 22, 20, 22), 0.11787921229836, False, 'time']
['ymbproperties', 202585503, 'impression', '3', 241387567L, datetime.datetime(2013, 5, 27, 22, 23, 8), 0.11787921229836, False, 'time']
['ymbproperties', 202585503, 'impression', '2', 241388189L, datetime.datetime(2013, 5, 27, 22, 23, 8), 0.224016632612568, False, 'time']
['ymbproperties', 202585503, 'impression', '1', 241391326L, datetime.datetime(2013, 5, 27, 22, 23, 8), 0.110157032215926, False, 'time']
['ymbproperties', 202585503, 'impression', '3', 241387567L, datetime.datetime(2013, 5, 27, 22, 24, 17), 0.11787921229836, False, 'time']
['ymbproperties', 202585503, 'impression', '1', 241391326L, datetime.datetime(2013, 5, 27, 22, 24, 17), 0.110157032215926, False, 'time']
['ymbproperties', 202585503, 'impression', '2', 241388189L, datetime.datetime(2013, 5, 27, 22, 24, 17), 0.224016632612568, False, 'time']

['ymbproperties', 202585503, 'impression', '4', 241387567L, datetime.datetime(2013, 5, 28, 12, 9, 58), 0.11787921229836, False, 'time']
['ymbproperties', 202585503, 'impression', '1', 241481777L, datetime.datetime(2013, 5, 28, 12, 9, 58), 0.119847771956161, False, 'time']
['ymbproperties', 202585503, 'impression', '3', 241388189L, datetime.datetime(2013, 5, 28, 12, 9, 58), 0.224016632612568, False, 'time']
['ymbproperties', 202585503, 'impression', '2', 241391326L, datetime.datetime(2013, 5, 28, 12, 9, 58), 0.110157032215926, False, 'time']
['ymbproperties', 202585503, 'impression', '4', 241387567L, datetime.datetime(2013, 5, 28, 12, 14, 52), 0.11787921229836, False, 'time']
['ymbproperties', 202585503, 'impression', '1', 241481777L, datetime.datetime(2013, 5, 28, 12, 14, 52), 0.119847771956161, False, 'time']
['ymbproperties', 202585503, 'impression', '3', 241388189L, datetime.datetime(2013, 5, 28, 12, 14, 52), 0.224016632612568, False, 'time']
['ymbproperties', 202585503, 'impression', '2', 241391326L, datetime.datetime(2013, 5, 28, 12, 14, 52), 0.110157032215926, False, 'time']

['ymbproperties', 202585503, 'impression', '3', 241481777L, datetime.datetime(2013, 5, 28, 16, 44, 54), 0.119847771956161, False, 'time']
['ymbproperties', 202585503, 'impression', '6', 241387567L, datetime.datetime(2013, 5, 28, 16, 44, 54), 0.11787921229836, False, 'time']
['ymbproperties', 202585503, 'impression', '1', 241502535L, datetime.datetime(2013, 5, 28, 16, 44, 54), 0.153943988394374, False, 'time']
['ymbproperties', 202585503, 'impression', '2', 241484985L, datetime.datetime(2013, 5, 28, 16, 44, 54), 0.274864378479115, False, 'time']
['ymbproperties', 202585503, 'impression', '4', 241391326L, datetime.datetime(2013, 5, 28, 16, 44, 54), 0.110157032215926, False, 'time']
['ymbproperties', 202585503, 'impression', '5', 241388189L, datetime.datetime(2013, 5, 28, 16, 44, 54), 0.224016632612568, False, 'time']
['ymbproperties', 202585503, 'expand_tile', '1', 241502535L, datetime.datetime(2013, 5, 28, 16, 45, 50), 0.153943988394374, False, 'time']
['ymbproperties', 202585503, 'expand_tile', '2', 241484985L, datetime.datetime(2013, 5, 28, 16, 46, 8), 0.274864378479115, False, 'time']
['ymbproperties', 202585503, 'view_full_application', '2', 241484985L, datetime.datetime(2013, 5, 28, 16, 46, 20), 0.274864378479115, False, 'time']
['ymbproperties', 202585503, 'impression', '4', 241391326L, datetime.datetime(2013, 5, 28, 16, 46, 47), 0.110157032215926, False, 'time']
['ymbproperties', 202585503, 'impression', '3', 241481777L, datetime.datetime(2013, 5, 28, 16, 46, 47), 0.119847771956161, False, 'time']
['ymbproperties', 202585503, 'impression', '5', 241388189L, datetime.datetime(2013, 5, 28, 16, 46, 47), 0.224016632612568, False, 'time']
['ymbproperties', 202585503, 'impression', '2', 241484985L, datetime.datetime(2013, 5, 28, 16, 46, 47), 0.274864378479115, False, 'time']
['ymbproperties', 202585503, 'impression', '1', 241502535L, datetime.datetime(2013, 5, 28, 16, 46, 47), 0.153943988394374, False, 'time']
['ymbproperties', 202585503, 'impression', '6', 241387567L, datetime.datetime(2013, 5, 28, 16, 46, 47), 0.11787921229836, False, 'time']
['ymbproperties', 202585503, 'hide', '2', 241484985L, datetime.datetime(2013, 5, 28, 16, 46, 50), 0.274864378479115, False, 'time']
['ymbproperties', 202585503, 'hide', '1', 241502535L, datetime.datetime(2013, 5, 28, 16, 46, 51), 0.153943988394374, False, 'time']
['ymbproperties', 202585503, 'hide', '3', 241481777L, datetime.datetime(2013, 5, 28, 16, 46, 53), 0.119847771956161, False, 'time']

